2024-11-23 12:05:47,086 - INFO - Starting.
2024-11-23 12:05:47,087 - INFO - Loading Data.
2024-11-23 12:07:03,039 - INFO - Data loaded in 0.0 hours 1.0 minutes.
2024-11-23 12:07:03,081 - INFO - Training Started.
2024-11-23 12:07:25,101 - INFO - Epoch [1/100], Batch [0/7]
 Dt Loss: 0.0859
 Goal Loss: 49.3240, MIE Loss: 48.5933
 MSE Loss R: 0.0042, BCE Loss G: 0.7264
2024-11-23 12:08:00,629 - INFO - Epoch [1/100] completed. Average Goal Loss: 10.9833
2024-11-23 12:08:00,629 - INFO - Epoch [1/100] completed. Average Action Loss: 0.0807
2024-11-23 12:08:00,629 - INFO - ===================================================================================
2024-11-23 12:09:07,879 - INFO - Epoch [1/100]
Action Validation Loss: 0.0695 
 Goal Validation Loss: 0.4112 
 MIE Validation Loss: 0.0747 
 MSE R Validation Loss: 0.0463 
 BCE G Validation Loss: 0.2902
2024-11-23 12:09:07,880 - INFO - ===================================================================================
2024-11-23 12:09:07,880 - INFO - Completed in 0h 2m
2024-11-23 12:11:53,141 - INFO - 1 Test Returns: 54.6
2024-11-23 12:11:53,168 - INFO - Model checkpoint saved at training_output/20241123_120545/models/epoch_1.pth
2024-11-23 12:12:14,881 - INFO - Epoch [2/100], Batch [0/7]
 Dt Loss: 0.0706
 Goal Loss: 0.3448, MIE Loss: 0.0637
 MSE Loss R: 0.0404, BCE Loss G: 0.2407
2024-11-23 12:12:49,759 - INFO - Epoch [2/100] completed. Average Goal Loss: 0.1887
2024-11-23 12:12:49,760 - INFO - Epoch [2/100] completed. Average Action Loss: 0.0585
2024-11-23 12:12:49,760 - INFO - ===================================================================================
2024-11-23 12:14:02,602 - INFO - Epoch [2/100]
Action Validation Loss: 0.0494 
 Goal Validation Loss: 0.1702 
 MIE Validation Loss: 0.0053 
 MSE R Validation Loss: 0.0478 
 BCE G Validation Loss: 0.1170
2024-11-23 12:14:02,602 - INFO - ===================================================================================
2024-11-23 12:14:02,602 - INFO - Completed in 0h 6m
2024-11-23 12:16:49,575 - INFO - 2 Test Returns: 52.4
2024-11-23 12:16:49,602 - INFO - Model checkpoint saved at training_output/20241123_120545/models/epoch_2.pth
2024-11-23 12:17:13,308 - INFO - Epoch [3/100], Batch [0/7]
 Dt Loss: 0.0502
 Goal Loss: 0.1236, MIE Loss: 0.0058
 MSE Loss R: 0.0096, BCE Loss G: 0.1082
2024-11-23 12:17:48,187 - INFO - Epoch [3/100] completed. Average Goal Loss: 0.1496
2024-11-23 12:17:48,188 - INFO - Epoch [3/100] completed. Average Action Loss: 0.0470
2024-11-23 12:17:48,188 - INFO - ===================================================================================
2024-11-23 12:18:54,777 - INFO - Epoch [3/100]
Action Validation Loss: 0.0432 
 Goal Validation Loss: 0.1606 
 MIE Validation Loss: 0.0034 
 MSE R Validation Loss: 0.0439 
 BCE G Validation Loss: 0.1133
2024-11-23 12:18:54,777 - INFO - ===================================================================================
2024-11-23 12:18:54,778 - INFO - Completed in 0h 11m
2024-11-23 12:19:16,978 - INFO - Epoch [4/100], Batch [0/7]
 Dt Loss: 0.0440
 Goal Loss: 0.1217, MIE Loss: 0.0028
 MSE Loss R: 0.0138, BCE Loss G: 0.1051
2024-11-23 12:19:52,655 - INFO - Epoch [4/100] completed. Average Goal Loss: 0.1580
2024-11-23 12:19:52,655 - INFO - Epoch [4/100] completed. Average Action Loss: 0.0418
2024-11-23 12:19:52,655 - INFO - ===================================================================================
2024-11-23 12:20:59,440 - INFO - Epoch [4/100]
Action Validation Loss: 0.0379 
 Goal Validation Loss: 0.1642 
 MIE Validation Loss: 0.0019 
 MSE R Validation Loss: 0.0493 
 BCE G Validation Loss: 0.1130
2024-11-23 12:20:59,440 - INFO - ===================================================================================
2024-11-23 12:20:59,441 - INFO - Completed in 0h 13m
2024-11-23 12:23:51,144 - INFO - 4 Test Returns: 52.4
2024-11-23 12:23:51,172 - INFO - Model checkpoint saved at training_output/20241123_120545/models/epoch_4.pth
2024-11-23 12:24:13,180 - INFO - Epoch [5/100], Batch [0/7]
 Dt Loss: 0.0392
 Goal Loss: 0.1162, MIE Loss: 0.0036
 MSE Loss R: 0.0093, BCE Loss G: 0.1033
2024-11-23 12:24:49,669 - INFO - Epoch [5/100] completed. Average Goal Loss: 0.1385
2024-11-23 12:24:49,670 - INFO - Epoch [5/100] completed. Average Action Loss: 0.0370
2024-11-23 12:24:49,670 - INFO - ===================================================================================
2024-11-23 12:25:56,204 - INFO - Epoch [5/100]
Action Validation Loss: 0.0342 
 Goal Validation Loss: 0.1653 
 MIE Validation Loss: 0.0013 
 MSE R Validation Loss: 0.0511 
 BCE G Validation Loss: 0.1130
2024-11-23 12:25:56,205 - INFO - ===================================================================================
2024-11-23 12:25:56,205 - INFO - Completed in 0h 18m
2024-11-23 12:26:17,647 - INFO - Epoch [6/100], Batch [0/7]
 Dt Loss: 0.0352
 Goal Loss: 0.1037, MIE Loss: 0.0008
 MSE Loss R: 0.0063, BCE Loss G: 0.0966
2024-11-23 12:26:53,027 - INFO - Epoch [6/100] completed. Average Goal Loss: 0.1368
2024-11-23 12:26:53,027 - INFO - Epoch [6/100] completed. Average Action Loss: 0.0342
2024-11-23 12:26:53,028 - INFO - ===================================================================================
2024-11-23 12:28:08,669 - INFO - Epoch [6/100]
Action Validation Loss: 0.0313 
 Goal Validation Loss: 0.1632 
 MIE Validation Loss: 0.0012 
 MSE R Validation Loss: 0.0497 
 BCE G Validation Loss: 0.1123
2024-11-23 12:28:08,669 - INFO - ===================================================================================
2024-11-23 12:28:08,669 - INFO - Completed in 0h 21m
2024-11-23 12:30:53,239 - INFO - 6 Test Returns: 57.0
2024-11-23 12:30:53,267 - INFO - Model checkpoint saved at training_output/20241123_120545/models/epoch_6.pth
2024-11-23 12:31:16,891 - INFO - Epoch [7/100], Batch [0/7]
 Dt Loss: 0.0326
 Goal Loss: 0.1070, MIE Loss: 0.0027
 MSE Loss R: 0.0072, BCE Loss G: 0.0971
2024-11-23 12:31:51,565 - INFO - Epoch [7/100] completed. Average Goal Loss: 0.1602
2024-11-23 12:31:51,565 - INFO - Epoch [7/100] completed. Average Action Loss: 0.0319
2024-11-23 12:31:51,565 - INFO - ===================================================================================
2024-11-23 12:33:03,170 - INFO - Epoch [7/100]
Action Validation Loss: 0.0294 
 Goal Validation Loss: 0.1586 
 MIE Validation Loss: 0.0021 
 MSE R Validation Loss: 0.0448 
 BCE G Validation Loss: 0.1116
2024-11-23 12:33:03,170 - INFO - ===================================================================================
2024-11-23 12:33:03,170 - INFO - Completed in 0h 26m
2024-11-23 12:33:26,087 - INFO - Epoch [8/100], Batch [0/7]
 Dt Loss: 0.0309
 Goal Loss: 0.1616, MIE Loss: 0.0027
 MSE Loss R: 0.0399, BCE Loss G: 0.1190
2024-11-23 12:34:02,594 - INFO - Epoch [8/100] completed. Average Goal Loss: 0.1731
2024-11-23 12:34:02,594 - INFO - Epoch [8/100] completed. Average Action Loss: 0.0302
2024-11-23 12:34:02,594 - INFO - ===================================================================================
2024-11-23 12:35:16,076 - INFO - Epoch [8/100]
Action Validation Loss: 0.0280 
 Goal Validation Loss: 0.1569 
 MIE Validation Loss: 0.0015 
 MSE R Validation Loss: 0.0439 
 BCE G Validation Loss: 0.1116
2024-11-23 12:35:16,077 - INFO - ===================================================================================
2024-11-23 12:35:16,077 - INFO - Completed in 0h 28m
2024-11-23 12:38:02,191 - INFO - 8 Test Returns: 54.8
2024-11-23 12:38:02,218 - INFO - Model checkpoint saved at training_output/20241123_120545/models/epoch_8.pth
2024-11-23 12:38:24,782 - INFO - Epoch [9/100], Batch [0/7]
 Dt Loss: 0.0292
 Goal Loss: 0.1488, MIE Loss: 0.0037
 MSE Loss R: 0.0284, BCE Loss G: 0.1167
2024-11-23 12:39:02,032 - INFO - Epoch [9/100] completed. Average Goal Loss: 0.1418
2024-11-23 12:39:02,032 - INFO - Epoch [9/100] completed. Average Action Loss: 0.0290
2024-11-23 12:39:02,033 - INFO - ===================================================================================
2024-11-23 12:40:15,162 - INFO - Epoch [9/100]
Action Validation Loss: 0.0270 
 Goal Validation Loss: 0.1602 
 MIE Validation Loss: 0.0013 
 MSE R Validation Loss: 0.0468 
 BCE G Validation Loss: 0.1121
2024-11-23 12:40:15,162 - INFO - ===================================================================================
2024-11-23 12:40:15,162 - INFO - Completed in 0h 33m
2024-11-23 12:40:36,883 - INFO - Epoch [10/100], Batch [0/7]
 Dt Loss: 0.0286
 Goal Loss: 0.1312, MIE Loss: 0.0021
 MSE Loss R: 0.0224, BCE Loss G: 0.1068
2024-11-23 12:41:13,367 - INFO - Epoch [10/100] completed. Average Goal Loss: 0.1639
2024-11-23 12:41:13,367 - INFO - Epoch [10/100] completed. Average Action Loss: 0.0282
2024-11-23 12:41:13,368 - INFO - ===================================================================================
2024-11-23 12:42:22,105 - INFO - Epoch [10/100]
Action Validation Loss: 0.0263 
 Goal Validation Loss: 0.1572 
 MIE Validation Loss: 0.0013 
 MSE R Validation Loss: 0.0445 
 BCE G Validation Loss: 0.1114
2024-11-23 12:42:22,105 - INFO - ===================================================================================
2024-11-23 12:42:22,105 - INFO - Completed in 0h 35m
2024-11-23 12:45:38,654 - INFO - 10 Test Returns: 56.4
2024-11-23 12:45:38,686 - INFO - Model checkpoint saved at training_output/20241123_120545/models/epoch_10.pth
2024-11-23 12:46:00,505 - INFO - Epoch [11/100], Batch [0/7]
 Dt Loss: 0.0274
 Goal Loss: 0.1314, MIE Loss: 0.0066
 MSE Loss R: 0.0251, BCE Loss G: 0.0997
2024-11-23 12:46:37,949 - INFO - Epoch [11/100] completed. Average Goal Loss: 0.1503
2024-11-23 12:46:37,950 - INFO - Epoch [11/100] completed. Average Action Loss: 0.0274
2024-11-23 12:46:37,950 - INFO - ===================================================================================
2024-11-23 12:47:52,428 - INFO - Epoch [11/100]
Action Validation Loss: 0.0255 
 Goal Validation Loss: 0.1574 
 MIE Validation Loss: 0.0022 
 MSE R Validation Loss: 0.0440 
 BCE G Validation Loss: 0.1112
2024-11-23 12:47:52,429 - INFO - ===================================================================================
2024-11-23 12:47:52,429 - INFO - Completed in 0h 40m
2024-11-23 12:48:14,541 - INFO - Epoch [12/100], Batch [0/7]
 Dt Loss: 0.0269
 Goal Loss: 0.1222, MIE Loss: 0.0008
 MSE Loss R: 0.0203, BCE Loss G: 0.1011
2024-11-23 12:48:50,563 - INFO - Epoch [12/100] completed. Average Goal Loss: 0.1433
2024-11-23 12:48:50,564 - INFO - Epoch [12/100] completed. Average Action Loss: 0.0267
2024-11-23 12:48:50,564 - INFO - ===================================================================================
2024-11-23 12:49:58,710 - INFO - Epoch [12/100]
Action Validation Loss: 0.0251 
 Goal Validation Loss: 0.1612 
 MIE Validation Loss: 0.0039 
 MSE R Validation Loss: 0.0457 
 BCE G Validation Loss: 0.1115
2024-11-23 12:49:58,710 - INFO - ===================================================================================
2024-11-23 12:49:58,710 - INFO - Completed in 0h 42m
2024-11-23 12:52:43,783 - INFO - 12 Test Returns: 55.8
2024-11-23 12:52:43,810 - INFO - Model checkpoint saved at training_output/20241123_120545/models/epoch_12.pth
2024-11-23 12:53:05,664 - INFO - Epoch [13/100], Batch [0/7]
 Dt Loss: 0.0265
 Goal Loss: 0.1443, MIE Loss: 0.0017
 MSE Loss R: 0.0277, BCE Loss G: 0.1149
2024-11-23 12:53:40,668 - INFO - Epoch [13/100] completed. Average Goal Loss: 0.1617
2024-11-23 12:53:40,668 - INFO - Epoch [13/100] completed. Average Action Loss: 0.0261
2024-11-23 12:53:40,668 - INFO - ===================================================================================
2024-11-23 12:54:57,089 - INFO - Epoch [13/100]
Action Validation Loss: 0.0245 
 Goal Validation Loss: 0.1576 
 MIE Validation Loss: 0.0020 
 MSE R Validation Loss: 0.0441 
 BCE G Validation Loss: 0.1116
2024-11-23 12:54:57,090 - INFO - ===================================================================================
2024-11-23 12:54:57,090 - INFO - Completed in 0h 47m
2024-11-23 12:55:20,289 - INFO - Epoch [14/100], Batch [0/7]
 Dt Loss: 0.0256
 Goal Loss: 0.1181, MIE Loss: 0.0015
 MSE Loss R: 0.0173, BCE Loss G: 0.0993
2024-11-23 12:55:56,084 - INFO - Epoch [14/100] completed. Average Goal Loss: 0.1584
2024-11-23 12:55:56,084 - INFO - Epoch [14/100] completed. Average Action Loss: 0.0257
2024-11-23 12:55:56,084 - INFO - ===================================================================================
2024-11-23 12:57:12,993 - INFO - Epoch [14/100]
Action Validation Loss: 0.0242 
 Goal Validation Loss: 0.1583 
 MIE Validation Loss: 0.0010 
 MSE R Validation Loss: 0.0460 
 BCE G Validation Loss: 0.1113
2024-11-23 12:57:12,993 - INFO - ===================================================================================
2024-11-23 12:57:12,994 - INFO - Completed in 0h 50m
2024-11-23 12:59:58,126 - INFO - 14 Test Returns: 52.6
2024-11-23 12:59:58,155 - INFO - Model checkpoint saved at training_output/20241123_120545/models/epoch_14.pth
2024-11-23 13:00:21,866 - INFO - Epoch [15/100], Batch [0/7]
 Dt Loss: 0.0251
 Goal Loss: 0.1301, MIE Loss: 0.0009
 MSE Loss R: 0.0315, BCE Loss G: 0.0977
2024-11-23 13:00:57,691 - INFO - Epoch [15/100] completed. Average Goal Loss: 0.1898
2024-11-23 13:00:57,691 - INFO - Epoch [15/100] completed. Average Action Loss: 0.0251
2024-11-23 13:00:57,692 - INFO - ===================================================================================
2024-11-23 13:02:06,262 - INFO - Epoch [15/100]
Action Validation Loss: 0.0235 
 Goal Validation Loss: 0.1594 
 MIE Validation Loss: 0.0004 
 MSE R Validation Loss: 0.0475 
 BCE G Validation Loss: 0.1114
2024-11-23 13:02:06,262 - INFO - ===================================================================================
2024-11-23 13:02:06,262 - INFO - Completed in 0h 55m
2024-11-23 13:02:28,847 - INFO - Epoch [16/100], Batch [0/7]
 Dt Loss: 0.0250
 Goal Loss: 0.1435, MIE Loss: 0.0052
 MSE Loss R: 0.0414, BCE Loss G: 0.0969
2024-11-23 13:03:04,168 - INFO - Epoch [16/100] completed. Average Goal Loss: 0.1720
2024-11-23 13:03:04,169 - INFO - Epoch [16/100] completed. Average Action Loss: 0.0247
2024-11-23 13:03:04,169 - INFO - ===================================================================================
2024-11-23 13:04:14,676 - INFO - Epoch [16/100]
Action Validation Loss: 0.0227 
 Goal Validation Loss: 0.1616 
 MIE Validation Loss: 0.0006 
 MSE R Validation Loss: 0.0493 
 BCE G Validation Loss: 0.1118
2024-11-23 13:04:14,676 - INFO - ===================================================================================
2024-11-23 13:04:14,676 - INFO - Completed in 0h 57m
2024-11-23 13:06:58,879 - INFO - 16 Test Returns: 53.6
2024-11-23 13:06:58,913 - INFO - Model checkpoint saved at training_output/20241123_120545/models/epoch_16.pth
2024-11-23 13:07:21,237 - INFO - Epoch [17/100], Batch [0/7]
 Dt Loss: 0.0242
 Goal Loss: 0.1416, MIE Loss: 0.0021
 MSE Loss R: 0.0330, BCE Loss G: 0.1064
2024-11-23 13:07:56,920 - INFO - Epoch [17/100] completed. Average Goal Loss: 0.1229
2024-11-23 13:07:56,921 - INFO - Epoch [17/100] completed. Average Action Loss: 0.0244
2024-11-23 13:07:56,921 - INFO - ===================================================================================
2024-11-23 13:09:09,143 - INFO - Epoch [17/100]
Action Validation Loss: 0.0226 
 Goal Validation Loss: 0.1604 
 MIE Validation Loss: 0.0002 
 MSE R Validation Loss: 0.0484 
 BCE G Validation Loss: 0.1119
2024-11-23 13:09:09,144 - INFO - ===================================================================================
2024-11-23 13:09:09,144 - INFO - Completed in 1h 2m
2024-11-23 13:09:31,404 - INFO - Epoch [18/100], Batch [0/7]
 Dt Loss: 0.0239
 Goal Loss: 0.1189, MIE Loss: 0.0019
 MSE Loss R: 0.0121, BCE Loss G: 0.1050
2024-11-23 13:10:09,538 - INFO - Epoch [18/100] completed. Average Goal Loss: 0.1345
2024-11-23 13:10:09,539 - INFO - Epoch [18/100] completed. Average Action Loss: 0.0238
2024-11-23 13:10:09,539 - INFO - ===================================================================================
2024-11-23 13:11:22,217 - INFO - Epoch [18/100]
Action Validation Loss: 0.0220 
 Goal Validation Loss: 0.1557 
 MIE Validation Loss: 0.0004 
 MSE R Validation Loss: 0.0442 
 BCE G Validation Loss: 0.1112
2024-11-23 13:11:22,218 - INFO - ===================================================================================
2024-11-23 13:11:22,218 - INFO - Completed in 1h 4m
2024-11-23 13:14:12,308 - INFO - 18 Test Returns: 54.4
2024-11-23 13:14:12,336 - INFO - Model checkpoint saved at training_output/20241123_120545/models/epoch_18.pth
2024-11-23 13:14:35,054 - INFO - Epoch [19/100], Batch [0/7]
 Dt Loss: 0.0234
 Goal Loss: 0.3147, MIE Loss: 0.0101
 MSE Loss R: 0.1631, BCE Loss G: 0.1414
2024-11-23 13:15:09,980 - INFO - Epoch [19/100] completed. Average Goal Loss: 0.1775
2024-11-23 13:15:09,980 - INFO - Epoch [19/100] completed. Average Action Loss: 0.0233
2024-11-23 13:15:09,980 - INFO - ===================================================================================
2024-11-23 13:16:20,040 - INFO - Epoch [19/100]
Action Validation Loss: 0.0215 
 Goal Validation Loss: 0.1605 
 MIE Validation Loss: 0.0046 
 MSE R Validation Loss: 0.0448 
 BCE G Validation Loss: 0.1111
2024-11-23 13:16:20,040 - INFO - ===================================================================================
2024-11-23 13:16:20,040 - INFO - Completed in 1h 9m
2024-11-23 13:16:42,769 - INFO - Epoch [20/100], Batch [0/7]
 Dt Loss: 0.0231
 Goal Loss: 0.1251, MIE Loss: 0.0020
 MSE Loss R: 0.0164, BCE Loss G: 0.1066
2024-11-23 13:17:20,873 - INFO - Epoch [20/100] completed. Average Goal Loss: 0.1353
2024-11-23 13:17:20,874 - INFO - Epoch [20/100] completed. Average Action Loss: 0.0230
2024-11-23 13:17:20,874 - INFO - ===================================================================================
2024-11-23 13:18:33,905 - INFO - Epoch [20/100]
Action Validation Loss: 0.0214 
 Goal Validation Loss: 0.1593 
 MIE Validation Loss: 0.0041 
 MSE R Validation Loss: 0.0444 
 BCE G Validation Loss: 0.1109
2024-11-23 13:18:33,906 - INFO - ===================================================================================
2024-11-23 13:18:33,906 - INFO - Completed in 1h 11m
2024-11-23 13:21:30,573 - INFO - 20 Test Returns: 56.4
2024-11-23 13:21:30,603 - INFO - Model checkpoint saved at training_output/20241123_120545/models/epoch_20.pth
2024-11-23 13:21:53,811 - INFO - Epoch [21/100], Batch [0/7]
 Dt Loss: 0.0230
 Goal Loss: 0.1927, MIE Loss: 0.0034
 MSE Loss R: 0.0634, BCE Loss G: 0.1259
2024-11-23 13:22:29,868 - INFO - Epoch [21/100] completed. Average Goal Loss: 0.1484
2024-11-23 13:22:29,868 - INFO - Epoch [21/100] completed. Average Action Loss: 0.0228
2024-11-23 13:22:29,868 - INFO - ===================================================================================
2024-11-23 13:23:51,282 - INFO - Epoch [21/100]
Action Validation Loss: 0.0207 
 Goal Validation Loss: 0.1584 
 MIE Validation Loss: 0.0023 
 MSE R Validation Loss: 0.0440 
 BCE G Validation Loss: 0.1120
2024-11-23 13:23:51,283 - INFO - ===================================================================================
2024-11-23 13:23:51,283 - INFO - Completed in 1h 16m
2024-11-23 13:24:15,698 - INFO - Epoch [22/100], Batch [0/7]
 Dt Loss: 0.0224
 Goal Loss: 0.1265, MIE Loss: 0.0027
 MSE Loss R: 0.0151, BCE Loss G: 0.1087
2024-11-23 13:24:49,765 - INFO - Epoch [22/100] completed. Average Goal Loss: 0.1790
2024-11-23 13:24:49,766 - INFO - Epoch [22/100] completed. Average Action Loss: 0.0222
2024-11-23 13:24:49,766 - INFO - ===================================================================================
2024-11-23 13:26:02,877 - INFO - Epoch [22/100]
Action Validation Loss: 0.0202 
 Goal Validation Loss: 0.1600 
 MIE Validation Loss: 0.0044 
 MSE R Validation Loss: 0.0443 
 BCE G Validation Loss: 0.1113
2024-11-23 13:26:02,877 - INFO - ===================================================================================
2024-11-23 13:26:02,878 - INFO - Completed in 1h 18m
2024-11-23 13:28:57,158 - INFO - 22 Test Returns: 55.4
2024-11-23 13:28:57,187 - INFO - Model checkpoint saved at training_output/20241123_120545/models/epoch_22.pth
2024-11-23 13:29:21,859 - INFO - Epoch [23/100], Batch [0/7]
 Dt Loss: 0.0216
 Goal Loss: 0.1292, MIE Loss: 0.0046
 MSE Loss R: 0.0283, BCE Loss G: 0.0963
2024-11-23 13:29:57,151 - INFO - Epoch [23/100] completed. Average Goal Loss: 0.1502
2024-11-23 13:29:57,152 - INFO - Epoch [23/100] completed. Average Action Loss: 0.0215
2024-11-23 13:29:57,152 - INFO - ===================================================================================
2024-11-23 13:31:12,756 - INFO - Epoch [23/100]
Action Validation Loss: 0.0198 
 Goal Validation Loss: 0.1565 
 MIE Validation Loss: 0.0011 
 MSE R Validation Loss: 0.0439 
 BCE G Validation Loss: 0.1115
2024-11-23 13:31:12,756 - INFO - ===================================================================================
2024-11-23 13:31:12,756 - INFO - Completed in 1h 24m
2024-11-23 13:31:35,557 - INFO - Epoch [24/100], Batch [0/7]
 Dt Loss: 0.0215
 Goal Loss: 0.1205, MIE Loss: 0.0004
 MSE Loss R: 0.0157, BCE Loss G: 0.1044
2024-11-23 13:32:11,009 - INFO - Epoch [24/100] completed. Average Goal Loss: 0.1672
2024-11-23 13:32:11,010 - INFO - Epoch [24/100] completed. Average Action Loss: 0.0213
2024-11-23 13:32:11,010 - INFO - ===================================================================================
2024-11-23 13:33:27,270 - INFO - Epoch [24/100]
Action Validation Loss: 0.0194 
 Goal Validation Loss: 0.1592 
 MIE Validation Loss: 0.0006 
 MSE R Validation Loss: 0.0473 
 BCE G Validation Loss: 0.1113
2024-11-23 13:33:27,270 - INFO - ===================================================================================
2024-11-23 13:33:27,270 - INFO - Completed in 1h 26m
2024-11-23 13:36:38,712 - INFO - 24 Test Returns: 54.6
2024-11-23 13:36:38,742 - INFO - Model checkpoint saved at training_output/20241123_120545/models/epoch_24.pth
2024-11-23 13:37:02,512 - INFO - Epoch [25/100], Batch [0/7]
 Dt Loss: 0.0208
 Goal Loss: 0.1373, MIE Loss: 0.0002
 MSE Loss R: 0.0400, BCE Loss G: 0.0971
2024-11-23 13:37:37,041 - INFO - Epoch [25/100] completed. Average Goal Loss: 0.1316
2024-11-23 13:37:37,042 - INFO - Epoch [25/100] completed. Average Action Loss: 0.0208
2024-11-23 13:37:37,042 - INFO - ===================================================================================
2024-11-23 13:38:50,147 - INFO - Epoch [25/100]
Action Validation Loss: 0.0193 
 Goal Validation Loss: 0.1569 
 MIE Validation Loss: 0.0003 
 MSE R Validation Loss: 0.0456 
 BCE G Validation Loss: 0.1111
2024-11-23 13:38:50,148 - INFO - ===================================================================================
2024-11-23 13:38:50,148 - INFO - Completed in 1h 31m
2024-11-23 13:39:13,129 - INFO - Epoch [26/100], Batch [0/7]
 Dt Loss: 0.0206
 Goal Loss: 0.1280, MIE Loss: 0.0007
 MSE Loss R: 0.0178, BCE Loss G: 0.1095
2024-11-23 13:39:49,138 - INFO - Epoch [26/100] completed. Average Goal Loss: 0.1118
2024-11-23 13:39:49,138 - INFO - Epoch [26/100] completed. Average Action Loss: 0.0208
2024-11-23 13:39:49,138 - INFO - ===================================================================================
2024-11-23 13:41:03,124 - INFO - Epoch [26/100]
Action Validation Loss: 0.0186 
 Goal Validation Loss: 0.1691 
 MIE Validation Loss: 0.0015 
 MSE R Validation Loss: 0.0547 
 BCE G Validation Loss: 0.1129
2024-11-23 13:41:03,124 - INFO - ===================================================================================
2024-11-23 13:41:03,125 - INFO - Completed in 1h 34m
2024-11-23 13:43:58,387 - INFO - 26 Test Returns: 59.0
2024-11-23 13:43:58,413 - INFO - Model checkpoint saved at training_output/20241123_120545/models/epoch_26.pth
2024-11-23 13:44:21,892 - INFO - Epoch [27/100], Batch [0/7]
 Dt Loss: 0.0204
 Goal Loss: 0.1531, MIE Loss: 0.0010
 MSE Loss R: 0.0374, BCE Loss G: 0.1147
2024-11-23 13:44:57,759 - INFO - Epoch [27/100] completed. Average Goal Loss: 0.1223
2024-11-23 13:44:57,759 - INFO - Epoch [27/100] completed. Average Action Loss: 0.0202
2024-11-23 13:44:57,759 - INFO - ===================================================================================
2024-11-23 13:46:11,703 - INFO - Epoch [27/100]
Action Validation Loss: 0.0181 
 Goal Validation Loss: 0.1636 
 MIE Validation Loss: 0.0007 
 MSE R Validation Loss: 0.0509 
 BCE G Validation Loss: 0.1120
2024-11-23 13:46:11,704 - INFO - ===================================================================================
2024-11-23 13:46:11,704 - INFO - Completed in 1h 39m
2024-11-23 13:46:35,160 - INFO - Epoch [28/100], Batch [0/7]
 Dt Loss: 0.0199
 Goal Loss: 0.1072, MIE Loss: 0.0005
 MSE Loss R: 0.0074, BCE Loss G: 0.0994
2024-11-23 13:47:14,338 - INFO - Epoch [28/100] completed. Average Goal Loss: 0.1569
2024-11-23 13:47:14,338 - INFO - Epoch [28/100] completed. Average Action Loss: 0.0197
2024-11-23 13:47:14,339 - INFO - ===================================================================================
2024-11-23 13:48:26,372 - INFO - Epoch [28/100]
Action Validation Loss: 0.0179 
 Goal Validation Loss: 0.1560 
 MIE Validation Loss: 0.0003 
 MSE R Validation Loss: 0.0444 
 BCE G Validation Loss: 0.1113
2024-11-23 13:48:26,372 - INFO - ===================================================================================
2024-11-23 13:48:26,373 - INFO - Completed in 1h 41m
2024-11-23 13:51:19,547 - INFO - 28 Test Returns: 55.6
2024-11-23 13:51:19,575 - INFO - Model checkpoint saved at training_output/20241123_120545/models/epoch_28.pth
2024-11-23 13:51:42,710 - INFO - Epoch [29/100], Batch [0/7]
 Dt Loss: 0.0196
 Goal Loss: 0.2398, MIE Loss: 0.0011
 MSE Loss R: 0.1018, BCE Loss G: 0.1369
2024-11-23 13:52:18,976 - INFO - Epoch [29/100] completed. Average Goal Loss: 0.1453
2024-11-23 13:52:18,976 - INFO - Epoch [29/100] completed. Average Action Loss: 0.0195
2024-11-23 13:52:18,976 - INFO - ===================================================================================
2024-11-23 13:53:37,462 - INFO - Epoch [29/100]
Action Validation Loss: 0.0174 
 Goal Validation Loss: 0.1565 
 MIE Validation Loss: 0.0002 
 MSE R Validation Loss: 0.0453 
 BCE G Validation Loss: 0.1111
2024-11-23 13:53:37,462 - INFO - ===================================================================================
2024-11-23 13:53:37,462 - INFO - Completed in 1h 46m
2024-11-23 13:54:03,016 - INFO - Epoch [30/100], Batch [0/7]
 Dt Loss: 0.0194
 Goal Loss: 0.3089, MIE Loss: 0.0033
 MSE Loss R: 0.1638, BCE Loss G: 0.1418
2024-11-23 13:54:39,981 - INFO - Epoch [30/100] completed. Average Goal Loss: 0.1707
2024-11-23 13:54:39,982 - INFO - Epoch [30/100] completed. Average Action Loss: 0.0191
2024-11-23 13:54:39,982 - INFO - ===================================================================================
2024-11-23 13:55:55,498 - INFO - Epoch [30/100]
Action Validation Loss: 0.0170 
 Goal Validation Loss: 0.1600 
 MIE Validation Loss: 0.0025 
 MSE R Validation Loss: 0.0453 
 BCE G Validation Loss: 0.1122
2024-11-23 13:55:55,498 - INFO - ===================================================================================
2024-11-23 13:55:55,499 - INFO - Completed in 1h 48m
2024-11-23 13:58:39,128 - INFO - 30 Test Returns: 56.6
2024-11-23 13:58:39,156 - INFO - Model checkpoint saved at training_output/20241123_120545/models/epoch_30.pth
2024-11-23 13:59:05,040 - INFO - Epoch [31/100], Batch [0/7]
 Dt Loss: 0.0191
 Goal Loss: 0.1112, MIE Loss: 0.0017
 MSE Loss R: 0.0140, BCE Loss G: 0.0955
2024-11-23 13:59:40,510 - INFO - Epoch [31/100] completed. Average Goal Loss: 0.1659
2024-11-23 13:59:40,510 - INFO - Epoch [31/100] completed. Average Action Loss: 0.0187
2024-11-23 13:59:40,511 - INFO - ===================================================================================
2024-11-23 14:00:59,893 - INFO - Epoch [31/100]
Action Validation Loss: 0.0168 
 Goal Validation Loss: 0.1586 
 MIE Validation Loss: 0.0001 
 MSE R Validation Loss: 0.0468 
 BCE G Validation Loss: 0.1118
2024-11-23 14:00:59,894 - INFO - ===================================================================================
2024-11-23 14:00:59,894 - INFO - Completed in 1h 53m
2024-11-23 14:01:25,300 - INFO - Epoch [32/100], Batch [0/7]
 Dt Loss: 0.0189
 Goal Loss: 0.1359, MIE Loss: 0.0001
 MSE Loss R: 0.0329, BCE Loss G: 0.1028
2024-11-23 14:02:01,373 - INFO - Epoch [32/100] completed. Average Goal Loss: 0.1578
2024-11-23 14:02:01,374 - INFO - Epoch [32/100] completed. Average Action Loss: 0.0185
2024-11-23 14:02:01,374 - INFO - ===================================================================================
2024-11-23 14:03:22,538 - INFO - Epoch [32/100]
Action Validation Loss: 0.0161 
 Goal Validation Loss: 0.1616 
 MIE Validation Loss: 0.0022 
 MSE R Validation Loss: 0.0471 
 BCE G Validation Loss: 0.1123
2024-11-23 14:03:22,538 - INFO - ===================================================================================
2024-11-23 14:03:22,538 - INFO - Completed in 1h 56m
2024-11-23 14:06:02,545 - INFO - 32 Test Returns: 59.4
2024-11-23 14:06:02,571 - INFO - Model checkpoint saved at training_output/20241123_120545/models/epoch_32.pth
2024-11-23 14:06:27,132 - INFO - Epoch [33/100], Batch [0/7]
 Dt Loss: 0.0183
 Goal Loss: 0.1317, MIE Loss: 0.0007
 MSE Loss R: 0.0231, BCE Loss G: 0.1079
2024-11-23 14:07:02,557 - INFO - Epoch [33/100] completed. Average Goal Loss: 0.1291
2024-11-23 14:07:02,558 - INFO - Epoch [33/100] completed. Average Action Loss: 0.0180
2024-11-23 14:07:02,558 - INFO - ===================================================================================
2024-11-23 14:08:16,658 - INFO - Epoch [33/100]
Action Validation Loss: 0.0157 
 Goal Validation Loss: 0.1573 
 MIE Validation Loss: 0.0001 
 MSE R Validation Loss: 0.0460 
 BCE G Validation Loss: 0.1112
2024-11-23 14:08:16,658 - INFO - ===================================================================================
2024-11-23 14:08:16,658 - INFO - Completed in 2h 1m
2024-11-23 14:08:42,192 - INFO - Epoch [34/100], Batch [0/7]
 Dt Loss: 0.0176
 Goal Loss: 0.1464, MIE Loss: 0.0014
 MSE Loss R: 0.0304, BCE Loss G: 0.1146
2024-11-23 14:09:16,778 - INFO - Epoch [34/100] completed. Average Goal Loss: 0.1219
2024-11-23 14:09:16,778 - INFO - Epoch [34/100] completed. Average Action Loss: 0.0178
2024-11-23 14:09:16,778 - INFO - ===================================================================================
2024-11-23 14:10:32,211 - INFO - Epoch [34/100]
Action Validation Loss: 0.0158 
 Goal Validation Loss: 0.1632 
 MIE Validation Loss: 0.0013 
 MSE R Validation Loss: 0.0496 
 BCE G Validation Loss: 0.1123
2024-11-23 14:10:32,212 - INFO - ===================================================================================
2024-11-23 14:10:32,212 - INFO - Completed in 2h 3m
2024-11-23 14:13:52,762 - INFO - 34 Test Returns: 54.0
2024-11-23 14:13:52,790 - INFO - Model checkpoint saved at training_output/20241123_120545/models/epoch_34.pth
2024-11-23 14:14:17,900 - INFO - Epoch [35/100], Batch [0/7]
 Dt Loss: 0.0177
 Goal Loss: 0.2314, MIE Loss: 0.0018
 MSE Loss R: 0.0977, BCE Loss G: 0.1320
2024-11-23 14:14:53,949 - INFO - Epoch [35/100] completed. Average Goal Loss: 0.1429
2024-11-23 14:14:53,949 - INFO - Epoch [35/100] completed. Average Action Loss: 0.0176
2024-11-23 14:14:53,949 - INFO - ===================================================================================
2024-11-23 14:16:09,005 - INFO - Epoch [35/100]
Action Validation Loss: 0.0155 
 Goal Validation Loss: 0.1565 
 MIE Validation Loss: 0.0001 
 MSE R Validation Loss: 0.0454 
 BCE G Validation Loss: 0.1110
2024-11-23 14:16:09,006 - INFO - ===================================================================================
2024-11-23 14:16:09,006 - INFO - Completed in 2h 9m
2024-11-23 14:16:32,816 - INFO - Epoch [36/100], Batch [0/7]
 Dt Loss: 0.0175
 Goal Loss: 0.1507, MIE Loss: 0.0012
 MSE Loss R: 0.0335, BCE Loss G: 0.1160
2024-11-23 14:17:09,179 - INFO - Epoch [36/100] completed. Average Goal Loss: 0.1365
2024-11-23 14:17:09,179 - INFO - Epoch [36/100] completed. Average Action Loss: 0.0172
2024-11-23 14:17:09,179 - INFO - ===================================================================================
2024-11-23 14:18:19,854 - INFO - Epoch [36/100]
Action Validation Loss: 0.0147 
 Goal Validation Loss: 0.1602 
 MIE Validation Loss: 0.0008 
 MSE R Validation Loss: 0.0468 
 BCE G Validation Loss: 0.1126
2024-11-23 14:18:19,854 - INFO - ===================================================================================
2024-11-23 14:18:19,854 - INFO - Completed in 2h 11m
2024-11-23 14:21:04,013 - INFO - 36 Test Returns: 60.6
2024-11-23 14:21:04,039 - INFO - Model checkpoint saved at training_output/20241123_120545/models/epoch_36.pth
2024-11-23 14:21:27,253 - INFO - Epoch [37/100], Batch [0/7]
 Dt Loss: 0.0168
 Goal Loss: 0.1242, MIE Loss: 0.0004
 MSE Loss R: 0.0153, BCE Loss G: 0.1085
2024-11-23 14:22:03,309 - INFO - Epoch [37/100] completed. Average Goal Loss: 0.1365
2024-11-23 14:22:03,310 - INFO - Epoch [37/100] completed. Average Action Loss: 0.0168
2024-11-23 14:22:03,310 - INFO - ===================================================================================
2024-11-23 14:23:14,432 - INFO - Epoch [37/100]
Action Validation Loss: 0.0144 
 Goal Validation Loss: 0.1580 
 MIE Validation Loss: 0.0010 
 MSE R Validation Loss: 0.0456 
 BCE G Validation Loss: 0.1114
2024-11-23 14:23:14,432 - INFO - ===================================================================================
2024-11-23 14:23:14,432 - INFO - Completed in 2h 16m
2024-11-23 14:23:38,507 - INFO - Epoch [38/100], Batch [0/7]
 Dt Loss: 0.0167
 Goal Loss: 0.1126, MIE Loss: 0.0006
 MSE Loss R: 0.0129, BCE Loss G: 0.0990
2024-11-23 14:24:15,578 - INFO - Epoch [38/100] completed. Average Goal Loss: 0.1532
2024-11-23 14:24:15,579 - INFO - Epoch [38/100] completed. Average Action Loss: 0.0167
2024-11-23 14:24:15,579 - INFO - ===================================================================================
2024-11-23 14:25:26,091 - INFO - Epoch [38/100]
Action Validation Loss: 0.0140 
 Goal Validation Loss: 0.1575 
 MIE Validation Loss: 0.0009 
 MSE R Validation Loss: 0.0439 
 BCE G Validation Loss: 0.1127
2024-11-23 14:25:26,091 - INFO - ===================================================================================
2024-11-23 14:25:26,092 - INFO - Completed in 2h 18m
2024-11-23 14:28:17,627 - INFO - 38 Test Returns: 62.8
2024-11-23 14:28:17,657 - INFO - Model checkpoint saved at training_output/20241123_120545/models/epoch_38.pth
2024-11-23 14:28:40,846 - INFO - Epoch [39/100], Batch [0/7]
 Dt Loss: 0.0163
 Goal Loss: 0.1317, MIE Loss: 0.0012
 MSE Loss R: 0.0299, BCE Loss G: 0.1006
2024-11-23 14:29:16,526 - INFO - Epoch [39/100] completed. Average Goal Loss: 0.1209
2024-11-23 14:29:16,527 - INFO - Epoch [39/100] completed. Average Action Loss: 0.0163
2024-11-23 14:29:16,527 - INFO - ===================================================================================
2024-11-23 14:30:31,341 - INFO - Epoch [39/100]
Action Validation Loss: 0.0139 
 Goal Validation Loss: 0.1595 
 MIE Validation Loss: 0.0010 
 MSE R Validation Loss: 0.0472 
 BCE G Validation Loss: 0.1113
2024-11-23 14:30:31,341 - INFO - ===================================================================================
2024-11-23 14:30:31,342 - INFO - Completed in 2h 23m
2024-11-23 14:30:55,408 - INFO - Epoch [40/100], Batch [0/7]
 Dt Loss: 0.0160
 Goal Loss: 0.1077, MIE Loss: 0.0007
 MSE Loss R: 0.0121, BCE Loss G: 0.0950
2024-11-23 14:31:32,498 - INFO - Epoch [40/100] completed. Average Goal Loss: 0.1445
2024-11-23 14:31:32,499 - INFO - Epoch [40/100] completed. Average Action Loss: 0.0159
2024-11-23 14:31:32,499 - INFO - ===================================================================================
2024-11-23 14:32:48,740 - INFO - Epoch [40/100]
Action Validation Loss: 0.0134 
 Goal Validation Loss: 0.1554 
 MIE Validation Loss: 0.0004 
 MSE R Validation Loss: 0.0439 
 BCE G Validation Loss: 0.1110
2024-11-23 14:32:48,740 - INFO - ===================================================================================
2024-11-23 14:32:48,740 - INFO - Completed in 2h 25m
2024-11-23 14:35:34,821 - INFO - 40 Test Returns: 60.8
2024-11-23 14:35:34,848 - INFO - Model checkpoint saved at training_output/20241123_120545/models/epoch_40.pth
2024-11-23 14:36:00,482 - INFO - Epoch [41/100], Batch [0/7]
 Dt Loss: 0.0159
 Goal Loss: 0.2763, MIE Loss: 0.0028
 MSE Loss R: 0.1338, BCE Loss G: 0.1397
2024-11-23 14:36:33,727 - INFO - Epoch [41/100] completed. Average Goal Loss: 0.1722
2024-11-23 14:36:33,727 - INFO - Epoch [41/100] completed. Average Action Loss: 0.0159
2024-11-23 14:36:33,727 - INFO - ===================================================================================
2024-11-23 14:37:52,796 - INFO - Epoch [41/100]
Action Validation Loss: 0.0138 
 Goal Validation Loss: 0.1571 
 MIE Validation Loss: 0.0000 
 MSE R Validation Loss: 0.0454 
 BCE G Validation Loss: 0.1117
2024-11-23 14:37:52,796 - INFO - ===================================================================================
2024-11-23 14:37:52,797 - INFO - Completed in 2h 30m
2024-11-23 14:38:17,082 - INFO - Epoch [42/100], Batch [0/7]
 Dt Loss: 0.0159
 Goal Loss: 0.1279, MIE Loss: 0.0002
 MSE Loss R: 0.0180, BCE Loss G: 0.1097
2024-11-23 14:38:50,833 - INFO - Epoch [42/100] completed. Average Goal Loss: 0.1713
2024-11-23 14:38:50,834 - INFO - Epoch [42/100] completed. Average Action Loss: 0.0157
2024-11-23 14:38:50,834 - INFO - ===================================================================================
2024-11-23 14:40:07,176 - INFO - Epoch [42/100]
Action Validation Loss: 0.0134 
 Goal Validation Loss: 0.1567 
 MIE Validation Loss: 0.0014 
 MSE R Validation Loss: 0.0443 
 BCE G Validation Loss: 0.1110
2024-11-23 14:40:07,177 - INFO - ===================================================================================
2024-11-23 14:40:07,177 - INFO - Completed in 2h 33m
2024-11-23 14:42:56,227 - INFO - 42 Test Returns: 56.8
2024-11-23 14:42:56,255 - INFO - Model checkpoint saved at training_output/20241123_120545/models/epoch_42.pth
2024-11-23 14:43:22,484 - INFO - Epoch [43/100], Batch [0/7]
 Dt Loss: 0.0155
 Goal Loss: 0.2755, MIE Loss: 0.0025
 MSE Loss R: 0.1334, BCE Loss G: 0.1395
2024-11-23 14:43:56,337 - INFO - Epoch [43/100] completed. Average Goal Loss: 0.1806
2024-11-23 14:43:56,338 - INFO - Epoch [43/100] completed. Average Action Loss: 0.0154
2024-11-23 14:43:56,338 - INFO - ===================================================================================
2024-11-23 14:45:12,396 - INFO - Epoch [43/100]
Action Validation Loss: 0.0130 
 Goal Validation Loss: 0.1579 
 MIE Validation Loss: 0.0004 
 MSE R Validation Loss: 0.0463 
 BCE G Validation Loss: 0.1112
2024-11-23 14:45:12,396 - INFO - ===================================================================================
2024-11-23 14:45:12,397 - INFO - Completed in 2h 38m
2024-11-23 14:45:37,378 - INFO - Epoch [44/100], Batch [0/7]
 Dt Loss: 0.0156
 Goal Loss: 0.1330, MIE Loss: 0.0003
 MSE Loss R: 0.0294, BCE Loss G: 0.1034
2024-11-23 14:46:10,389 - INFO - Epoch [44/100] completed. Average Goal Loss: 0.1597
2024-11-23 14:46:10,389 - INFO - Epoch [44/100] completed. Average Action Loss: 0.0152
2024-11-23 14:46:10,389 - INFO - ===================================================================================
2024-11-23 14:47:19,723 - INFO - Epoch [44/100]
Action Validation Loss: 0.0129 
 Goal Validation Loss: 0.1550 
 MIE Validation Loss: 0.0002 
 MSE R Validation Loss: 0.0439 
 BCE G Validation Loss: 0.1109
2024-11-23 14:47:19,724 - INFO - ===================================================================================
2024-11-23 14:47:19,724 - INFO - Completed in 2h 40m
2024-11-23 14:50:06,103 - INFO - 44 Test Returns: 53.8
2024-11-23 14:50:06,129 - INFO - Model checkpoint saved at training_output/20241123_120545/models/epoch_44.pth
2024-11-23 14:50:40,953 - INFO - Epoch [45/100], Batch [0/7]
 Dt Loss: 0.0149
 Goal Loss: 0.1205, MIE Loss: 0.0002
 MSE Loss R: 0.0149, BCE Loss G: 0.1055
2024-11-23 14:51:14,953 - INFO - Epoch [45/100] completed. Average Goal Loss: 0.1394
2024-11-23 14:51:14,954 - INFO - Epoch [45/100] completed. Average Action Loss: 0.0149
2024-11-23 14:51:14,954 - INFO - ===================================================================================
2024-11-23 14:52:23,295 - INFO - Epoch [45/100]
Action Validation Loss: 0.0125 
 Goal Validation Loss: 0.1572 
 MIE Validation Loss: 0.0002 
 MSE R Validation Loss: 0.0456 
 BCE G Validation Loss: 0.1114
2024-11-23 14:52:23,296 - INFO - ===================================================================================
2024-11-23 14:52:23,296 - INFO - Completed in 2h 45m
2024-11-23 14:52:46,445 - INFO - Epoch [46/100], Batch [0/7]
 Dt Loss: 0.0149
 Goal Loss: 0.1540, MIE Loss: 0.0001
 MSE Loss R: 0.0367, BCE Loss G: 0.1173
2024-11-23 14:53:20,759 - INFO - Epoch [46/100] completed. Average Goal Loss: 0.1537
2024-11-23 14:53:20,759 - INFO - Epoch [46/100] completed. Average Action Loss: 0.0148
2024-11-23 14:53:20,759 - INFO - ===================================================================================
2024-11-23 14:54:27,260 - INFO - Epoch [46/100]
Action Validation Loss: 0.0124 
 Goal Validation Loss: 0.1621 
 MIE Validation Loss: 0.0016 
 MSE R Validation Loss: 0.0458 
 BCE G Validation Loss: 0.1147
2024-11-23 14:54:27,260 - INFO - ===================================================================================
2024-11-23 14:54:27,261 - INFO - Completed in 2h 47m
2024-11-23 14:57:15,169 - INFO - 46 Test Returns: 56.6
2024-11-23 14:57:15,197 - INFO - Model checkpoint saved at training_output/20241123_120545/models/epoch_46.pth
2024-11-23 14:57:43,558 - INFO - Epoch [47/100], Batch [0/7]
 Dt Loss: 0.0146
 Goal Loss: 0.1342, MIE Loss: 0.0005
 MSE Loss R: 0.0228, BCE Loss G: 0.1109
2024-11-23 14:58:17,464 - INFO - Epoch [47/100] completed. Average Goal Loss: 0.1326
2024-11-23 14:58:17,465 - INFO - Epoch [47/100] completed. Average Action Loss: 0.0147
2024-11-23 14:58:17,465 - INFO - ===================================================================================
2024-11-23 14:59:23,376 - INFO - Epoch [47/100]
Action Validation Loss: 0.0123 
 Goal Validation Loss: 0.1573 
 MIE Validation Loss: 0.0004 
 MSE R Validation Loss: 0.0453 
 BCE G Validation Loss: 0.1116
2024-11-23 14:59:23,376 - INFO - ===================================================================================
2024-11-23 14:59:23,376 - INFO - Completed in 2h 52m
2024-11-23 14:59:52,826 - INFO - Epoch [48/100], Batch [0/7]
 Dt Loss: 0.0147
 Goal Loss: 0.1126, MIE Loss: 0.0004
 MSE Loss R: 0.0141, BCE Loss G: 0.0982
2024-11-23 15:00:26,633 - INFO - Epoch [48/100] completed. Average Goal Loss: 0.1683
2024-11-23 15:00:26,635 - INFO - Epoch [48/100] completed. Average Action Loss: 0.0145
2024-11-23 15:00:26,635 - INFO - ===================================================================================
2024-11-23 15:01:36,515 - INFO - Epoch [48/100]
Action Validation Loss: 0.0119 
 Goal Validation Loss: 0.1559 
 MIE Validation Loss: 0.0005 
 MSE R Validation Loss: 0.0441 
 BCE G Validation Loss: 0.1113
2024-11-23 15:01:36,515 - INFO - ===================================================================================
2024-11-23 15:01:36,515 - INFO - Completed in 2h 54m
2024-11-23 15:04:21,222 - INFO - 48 Test Returns: 57.6
2024-11-23 15:04:21,249 - INFO - Model checkpoint saved at training_output/20241123_120545/models/epoch_48.pth
2024-11-23 15:04:43,280 - INFO - Epoch [49/100], Batch [0/7]
 Dt Loss: 0.0143
 Goal Loss: 0.1239, MIE Loss: 0.0003
 MSE Loss R: 0.0150, BCE Loss G: 0.1087
2024-11-23 15:05:17,021 - INFO - Epoch [49/100] completed. Average Goal Loss: 0.1148
2024-11-23 15:05:17,022 - INFO - Epoch [49/100] completed. Average Action Loss: 0.0143
2024-11-23 15:05:17,022 - INFO - ===================================================================================
2024-11-23 15:06:25,064 - INFO - Epoch [49/100]
Action Validation Loss: 0.0119 
 Goal Validation Loss: 0.1635 
 MIE Validation Loss: 0.0010 
 MSE R Validation Loss: 0.0507 
 BCE G Validation Loss: 0.1118
2024-11-23 15:06:25,064 - INFO - ===================================================================================
2024-11-23 15:06:25,064 - INFO - Completed in 2h 59m
2024-11-23 15:06:45,995 - INFO - Epoch [50/100], Batch [0/7]
 Dt Loss: 0.0143
 Goal Loss: 0.1366, MIE Loss: 0.0004
 MSE Loss R: 0.0256, BCE Loss G: 0.1105
2024-11-23 15:07:19,816 - INFO - Epoch [50/100] completed. Average Goal Loss: 0.1434
2024-11-23 15:07:19,817 - INFO - Epoch [50/100] completed. Average Action Loss: 0.0142
2024-11-23 15:07:19,817 - INFO - ===================================================================================
2024-11-23 15:08:32,755 - INFO - Epoch [50/100]
Action Validation Loss: 0.0118 
 Goal Validation Loss: 0.1586 
 MIE Validation Loss: 0.0010 
 MSE R Validation Loss: 0.0456 
 BCE G Validation Loss: 0.1119
2024-11-23 15:08:32,755 - INFO - ===================================================================================
2024-11-23 15:08:32,756 - INFO - Completed in 3h 1m
2024-11-23 15:11:18,710 - INFO - 50 Test Returns: 58.2
2024-11-23 15:11:18,736 - INFO - Model checkpoint saved at training_output/20241123_120545/models/epoch_50.pth
2024-11-23 15:11:40,466 - INFO - Epoch [51/100], Batch [0/7]
 Dt Loss: 0.0143
 Goal Loss: 0.3003, MIE Loss: 0.0008
 MSE Loss R: 0.1561, BCE Loss G: 0.1435
2024-11-23 15:12:14,312 - INFO - Epoch [51/100] completed. Average Goal Loss: 0.1460
2024-11-23 15:12:14,313 - INFO - Epoch [51/100] completed. Average Action Loss: 0.0140
2024-11-23 15:12:14,313 - INFO - ===================================================================================
2024-11-23 15:13:25,143 - INFO - Epoch [51/100]
Action Validation Loss: 0.0114 
 Goal Validation Loss: 0.1611 
 MIE Validation Loss: 0.0007 
 MSE R Validation Loss: 0.0483 
 BCE G Validation Loss: 0.1122
2024-11-23 15:13:25,143 - INFO - ===================================================================================
2024-11-23 15:13:25,144 - INFO - Completed in 3h 6m
2024-11-23 15:13:54,290 - INFO - Epoch [52/100], Batch [0/7]
 Dt Loss: 0.0139
 Goal Loss: 0.3409, MIE Loss: 0.0006
 MSE Loss R: 0.1934, BCE Loss G: 0.1469
2024-11-23 15:14:28,242 - INFO - Epoch [52/100] completed. Average Goal Loss: 0.1873
2024-11-23 15:14:28,242 - INFO - Epoch [52/100] completed. Average Action Loss: 0.0138
2024-11-23 15:14:28,243 - INFO - ===================================================================================
2024-11-23 15:15:45,687 - INFO - Epoch [52/100]
Action Validation Loss: 0.0112 
 Goal Validation Loss: 0.1556 
 MIE Validation Loss: 0.0005 
 MSE R Validation Loss: 0.0440 
 BCE G Validation Loss: 0.1111
2024-11-23 15:15:45,687 - INFO - ===================================================================================
2024-11-23 15:15:45,687 - INFO - Completed in 3h 8m
2024-11-23 15:18:57,034 - INFO - 52 Test Returns: 59.2
2024-11-23 15:18:57,061 - INFO - Model checkpoint saved at training_output/20241123_120545/models/epoch_52.pth
2024-11-23 15:19:25,971 - INFO - Epoch [53/100], Batch [0/7]
 Dt Loss: 0.0138
 Goal Loss: 0.1231, MIE Loss: 0.0006
 MSE Loss R: 0.0184, BCE Loss G: 0.1041
2024-11-23 15:20:00,650 - INFO - Epoch [53/100] completed. Average Goal Loss: 0.1309
2024-11-23 15:20:00,650 - INFO - Epoch [53/100] completed. Average Action Loss: 0.0137
2024-11-23 15:20:00,651 - INFO - ===================================================================================
2024-11-23 15:21:13,655 - INFO - Epoch [53/100]
Action Validation Loss: 0.0113 
 Goal Validation Loss: 0.1615 
 MIE Validation Loss: 0.0002 
 MSE R Validation Loss: 0.0486 
 BCE G Validation Loss: 0.1127
2024-11-23 15:21:13,655 - INFO - ===================================================================================
2024-11-23 15:21:13,686 - INFO - Completed in 3h 14m
2024-11-23 15:21:39,480 - INFO - Epoch [54/100], Batch [0/7]
 Dt Loss: 0.0135
 Goal Loss: 0.1065, MIE Loss: 0.0002
 MSE Loss R: 0.0086, BCE Loss G: 0.0977
2024-11-23 15:22:17,446 - INFO - Epoch [54/100] completed. Average Goal Loss: 0.1508
2024-11-23 15:22:17,446 - INFO - Epoch [54/100] completed. Average Action Loss: 0.0135
2024-11-23 15:22:17,446 - INFO - ===================================================================================
2024-11-23 15:23:26,188 - INFO - Epoch [54/100]
Action Validation Loss: 0.0112 
 Goal Validation Loss: 0.1564 
 MIE Validation Loss: 0.0002 
 MSE R Validation Loss: 0.0446 
 BCE G Validation Loss: 0.1116
2024-11-23 15:23:26,189 - INFO - ===================================================================================
2024-11-23 15:23:26,189 - INFO - Completed in 3h 16m
2024-11-23 15:26:15,324 - INFO - 54 Test Returns: 55.4
2024-11-23 15:26:15,352 - INFO - Model checkpoint saved at training_output/20241123_120545/models/epoch_54.pth
2024-11-23 15:26:39,046 - INFO - Epoch [55/100], Batch [0/7]
 Dt Loss: 0.0135
 Goal Loss: 0.1255, MIE Loss: 0.0001
 MSE Loss R: 0.0158, BCE Loss G: 0.1096
2024-11-23 15:27:15,973 - INFO - Epoch [55/100] completed. Average Goal Loss: 0.1401
2024-11-23 15:27:15,974 - INFO - Epoch [55/100] completed. Average Action Loss: 0.0133
2024-11-23 15:27:15,974 - INFO - ===================================================================================
2024-11-23 15:28:25,308 - INFO - Epoch [55/100]
Action Validation Loss: 0.0109 
 Goal Validation Loss: 0.1557 
 MIE Validation Loss: 0.0002 
 MSE R Validation Loss: 0.0445 
 BCE G Validation Loss: 0.1110
2024-11-23 15:28:25,308 - INFO - ===================================================================================
2024-11-23 15:28:25,309 - INFO - Completed in 3h 21m
2024-11-23 15:28:49,913 - INFO - Epoch [56/100], Batch [0/7]
 Dt Loss: 0.0132
 Goal Loss: 0.1160, MIE Loss: 0.0010
 MSE Loss R: 0.0166, BCE Loss G: 0.0984
2024-11-23 15:29:25,466 - INFO - Epoch [56/100] completed. Average Goal Loss: 0.1416
2024-11-23 15:29:25,467 - INFO - Epoch [56/100] completed. Average Action Loss: 0.0133
2024-11-23 15:29:25,467 - INFO - ===================================================================================
2024-11-23 15:30:39,259 - INFO - Epoch [56/100]
Action Validation Loss: 0.0109 
 Goal Validation Loss: 0.1583 
 MIE Validation Loss: 0.0003 
 MSE R Validation Loss: 0.0458 
 BCE G Validation Loss: 0.1121
2024-11-23 15:30:39,259 - INFO - ===================================================================================
2024-11-23 15:30:39,259 - INFO - Completed in 3h 23m
2024-11-23 15:33:49,869 - INFO - 56 Test Returns: 59.4
2024-11-23 15:33:49,898 - INFO - Model checkpoint saved at training_output/20241123_120545/models/epoch_56.pth
2024-11-23 15:34:13,914 - INFO - Epoch [57/100], Batch [0/7]
 Dt Loss: 0.0133
 Goal Loss: 0.1168, MIE Loss: 0.0005
 MSE Loss R: 0.0164, BCE Loss G: 0.0999
2024-11-23 15:34:49,340 - INFO - Epoch [57/100] completed. Average Goal Loss: 0.1427
2024-11-23 15:34:49,341 - INFO - Epoch [57/100] completed. Average Action Loss: 0.0133
2024-11-23 15:34:49,341 - INFO - ===================================================================================
2024-11-23 15:35:58,454 - INFO - Epoch [57/100]
Action Validation Loss: 0.0108 
 Goal Validation Loss: 0.1574 
 MIE Validation Loss: 0.0008 
 MSE R Validation Loss: 0.0454 
 BCE G Validation Loss: 0.1113
2024-11-23 15:35:58,455 - INFO - ===================================================================================
2024-11-23 15:35:58,455 - INFO - Completed in 3h 28m
2024-11-23 15:36:21,175 - INFO - Epoch [58/100], Batch [0/7]
 Dt Loss: 0.0132
 Goal Loss: 0.1135, MIE Loss: 0.0009
 MSE Loss R: 0.0147, BCE Loss G: 0.0979
2024-11-23 15:36:56,724 - INFO - Epoch [58/100] completed. Average Goal Loss: 0.1448
2024-11-23 15:36:56,724 - INFO - Epoch [58/100] completed. Average Action Loss: 0.0130
2024-11-23 15:36:56,724 - INFO - ===================================================================================
2024-11-23 15:38:12,545 - INFO - Epoch [58/100]
Action Validation Loss: 0.0106 
 Goal Validation Loss: 0.1557 
 MIE Validation Loss: 0.0004 
 MSE R Validation Loss: 0.0439 
 BCE G Validation Loss: 0.1114
2024-11-23 15:38:12,545 - INFO - ===================================================================================
2024-11-23 15:38:12,546 - INFO - Completed in 3h 31m
2024-11-23 15:40:55,746 - INFO - 58 Test Returns: 57.8
2024-11-23 15:40:55,772 - INFO - Model checkpoint saved at training_output/20241123_120545/models/epoch_58.pth
2024-11-23 15:41:18,673 - INFO - Epoch [59/100], Batch [0/7]
 Dt Loss: 0.0128
 Goal Loss: 0.1248, MIE Loss: 0.0009
 MSE Loss R: 0.0203, BCE Loss G: 0.1037
2024-11-23 15:41:53,633 - INFO - Epoch [59/100] completed. Average Goal Loss: 0.1244
2024-11-23 15:41:53,633 - INFO - Epoch [59/100] completed. Average Action Loss: 0.0129
2024-11-23 15:41:53,634 - INFO - ===================================================================================
2024-11-23 15:43:08,190 - INFO - Epoch [59/100]
Action Validation Loss: 0.0104 
 Goal Validation Loss: 0.1568 
 MIE Validation Loss: 0.0003 
 MSE R Validation Loss: 0.0451 
 BCE G Validation Loss: 0.1114
2024-11-23 15:43:08,190 - INFO - ===================================================================================
2024-11-23 15:43:08,190 - INFO - Completed in 3h 36m
2024-11-23 15:43:31,310 - INFO - Epoch [60/100], Batch [0/7]
 Dt Loss: 0.0128
 Goal Loss: 0.1558, MIE Loss: 0.0010
 MSE Loss R: 0.0370, BCE Loss G: 0.1178
2024-11-23 15:44:06,815 - INFO - Epoch [60/100] completed. Average Goal Loss: 0.1456
2024-11-23 15:44:06,815 - INFO - Epoch [60/100] completed. Average Action Loss: 0.0128
2024-11-23 15:44:06,816 - INFO - ===================================================================================
2024-11-23 15:45:18,579 - INFO - Epoch [60/100]
Action Validation Loss: 0.0106 
 Goal Validation Loss: 0.1549 
 MIE Validation Loss: 0.0001 
 MSE R Validation Loss: 0.0439 
 BCE G Validation Loss: 0.1109
2024-11-23 15:45:18,580 - INFO - ===================================================================================
2024-11-23 15:45:18,580 - INFO - Completed in 3h 38m
2024-11-23 15:48:15,912 - INFO - 60 Test Returns: 54.8
2024-11-23 15:48:15,941 - INFO - Model checkpoint saved at training_output/20241123_120545/models/epoch_60.pth
2024-11-23 15:48:39,002 - INFO - Epoch [61/100], Batch [0/7]
 Dt Loss: 0.0128
 Goal Loss: 0.1408, MIE Loss: 0.0004
 MSE Loss R: 0.0256, BCE Loss G: 0.1148
2024-11-23 15:49:14,485 - INFO - Epoch [61/100] completed. Average Goal Loss: 0.1578
2024-11-23 15:49:14,486 - INFO - Epoch [61/100] completed. Average Action Loss: 0.0127
2024-11-23 15:49:14,486 - INFO - ===================================================================================
2024-11-23 15:50:32,226 - INFO - Epoch [61/100]
Action Validation Loss: 0.0104 
 Goal Validation Loss: 0.1570 
 MIE Validation Loss: 0.0004 
 MSE R Validation Loss: 0.0440 
 BCE G Validation Loss: 0.1127
2024-11-23 15:50:32,226 - INFO - ===================================================================================
2024-11-23 15:50:32,226 - INFO - Completed in 3h 43m
2024-11-23 15:50:56,468 - INFO - Epoch [62/100], Batch [0/7]
 Dt Loss: 0.0127
 Goal Loss: 0.1703, MIE Loss: 0.0002
 MSE Loss R: 0.0465, BCE Loss G: 0.1236
2024-11-23 15:51:30,810 - INFO - Epoch [62/100] completed. Average Goal Loss: 0.1640
2024-11-23 15:51:30,811 - INFO - Epoch [62/100] completed. Average Action Loss: 0.0126
2024-11-23 15:51:30,811 - INFO - ===================================================================================
2024-11-23 15:52:44,849 - INFO - Epoch [62/100]
Action Validation Loss: 0.0104 
 Goal Validation Loss: 0.1554 
 MIE Validation Loss: 0.0001 
 MSE R Validation Loss: 0.0444 
 BCE G Validation Loss: 0.1110
2024-11-23 15:52:44,849 - INFO - ===================================================================================
2024-11-23 15:52:44,849 - INFO - Completed in 3h 45m
2024-11-23 15:55:27,140 - INFO - 62 Test Returns: 56.6
2024-11-23 15:55:27,166 - INFO - Model checkpoint saved at training_output/20241123_120545/models/epoch_62.pth
2024-11-23 15:55:51,007 - INFO - Epoch [63/100], Batch [0/7]
 Dt Loss: 0.0128
 Goal Loss: 0.1238, MIE Loss: 0.0004
 MSE Loss R: 0.0170, BCE Loss G: 0.1065
2024-11-23 15:56:25,279 - INFO - Epoch [63/100] completed. Average Goal Loss: 0.1728
2024-11-23 15:56:25,279 - INFO - Epoch [63/100] completed. Average Action Loss: 0.0126
2024-11-23 15:56:25,279 - INFO - ===================================================================================
2024-11-23 15:57:38,278 - INFO - Epoch [63/100]
Action Validation Loss: 0.0100 
 Goal Validation Loss: 0.1574 
 MIE Validation Loss: 0.0017 
 MSE R Validation Loss: 0.0439 
 BCE G Validation Loss: 0.1117
2024-11-23 15:57:38,278 - INFO - ===================================================================================
2024-11-23 15:57:38,278 - INFO - Completed in 3h 50m
2024-11-23 15:58:03,150 - INFO - Epoch [64/100], Batch [0/7]
 Dt Loss: 0.0123
 Goal Loss: 0.1215, MIE Loss: 0.0013
 MSE Loss R: 0.0219, BCE Loss G: 0.0983
2024-11-23 15:58:37,466 - INFO - Epoch [64/100] completed. Average Goal Loss: 0.1314
2024-11-23 15:58:37,467 - INFO - Epoch [64/100] completed. Average Action Loss: 0.0124
2024-11-23 15:58:37,467 - INFO - ===================================================================================
2024-11-23 15:59:53,711 - INFO - Epoch [64/100]
Action Validation Loss: 0.0102 
 Goal Validation Loss: 0.1570 
 MIE Validation Loss: 0.0008 
 MSE R Validation Loss: 0.0446 
 BCE G Validation Loss: 0.1117
2024-11-23 15:59:53,711 - INFO - ===================================================================================
2024-11-23 15:59:53,712 - INFO - Completed in 3h 52m
2024-11-23 16:02:50,486 - INFO - 64 Test Returns: 55.6
2024-11-23 16:02:50,512 - INFO - Model checkpoint saved at training_output/20241123_120545/models/epoch_64.pth
2024-11-23 16:03:13,633 - INFO - Epoch [65/100], Batch [0/7]
 Dt Loss: 0.0126
 Goal Loss: 0.2208, MIE Loss: 0.0013
 MSE Loss R: 0.0868, BCE Loss G: 0.1327
2024-11-23 16:03:48,798 - INFO - Epoch [65/100] completed. Average Goal Loss: 0.1553
2024-11-23 16:03:48,798 - INFO - Epoch [65/100] completed. Average Action Loss: 0.0123
2024-11-23 16:03:48,798 - INFO - ===================================================================================
2024-11-23 16:05:02,932 - INFO - Epoch [65/100]
Action Validation Loss: 0.0099 
 Goal Validation Loss: 0.1553 
 MIE Validation Loss: 0.0003 
 MSE R Validation Loss: 0.0440 
 BCE G Validation Loss: 0.1110
2024-11-23 16:05:02,932 - INFO - ===================================================================================
2024-11-23 16:05:02,933 - INFO - Completed in 3h 57m
2024-11-23 16:05:28,047 - INFO - Epoch [66/100], Batch [0/7]
 Dt Loss: 0.0122
 Goal Loss: 0.1249, MIE Loss: 0.0009
 MSE Loss R: 0.0160, BCE Loss G: 0.1080
2024-11-23 16:06:02,751 - INFO - Epoch [66/100] completed. Average Goal Loss: 0.1576
2024-11-23 16:06:02,752 - INFO - Epoch [66/100] completed. Average Action Loss: 0.0123
2024-11-23 16:06:02,752 - INFO - ===================================================================================
2024-11-23 16:07:17,189 - INFO - Epoch [66/100]
Action Validation Loss: 0.0097 
 Goal Validation Loss: 0.1563 
 MIE Validation Loss: 0.0002 
 MSE R Validation Loss: 0.0448 
 BCE G Validation Loss: 0.1113
2024-11-23 16:07:17,189 - INFO - ===================================================================================
2024-11-23 16:07:17,189 - INFO - Completed in 4h 0m
2024-11-23 16:10:01,991 - INFO - 66 Test Returns: 55.8
2024-11-23 16:10:02,017 - INFO - Model checkpoint saved at training_output/20241123_120545/models/epoch_66.pth
2024-11-23 16:10:27,482 - INFO - Epoch [67/100], Batch [0/7]
 Dt Loss: 0.0121
 Goal Loss: 0.1302, MIE Loss: 0.0012
 MSE Loss R: 0.0323, BCE Loss G: 0.0967
2024-11-23 16:11:03,404 - INFO - Epoch [67/100] completed. Average Goal Loss: 0.1359
2024-11-23 16:11:03,404 - INFO - Epoch [67/100] completed. Average Action Loss: 0.0122
2024-11-23 16:11:03,404 - INFO - ===================================================================================
2024-11-23 16:12:18,541 - INFO - Epoch [67/100]
Action Validation Loss: 0.0099 
 Goal Validation Loss: 0.1598 
 MIE Validation Loss: 0.0000 
 MSE R Validation Loss: 0.0476 
 BCE G Validation Loss: 0.1122
2024-11-23 16:12:18,541 - INFO - ===================================================================================
2024-11-23 16:12:18,541 - INFO - Completed in 4h 5m
2024-11-23 16:12:45,102 - INFO - Epoch [68/100], Batch [0/7]
 Dt Loss: 0.0121
 Goal Loss: 0.2452, MIE Loss: 0.0007
 MSE Loss R: 0.1085, BCE Loss G: 0.1359
2024-11-23 16:13:23,143 - INFO - Epoch [68/100] completed. Average Goal Loss: 0.1853
2024-11-23 16:13:23,143 - INFO - Epoch [68/100] completed. Average Action Loss: 0.0121
2024-11-23 16:13:23,143 - INFO - ===================================================================================
2024-11-23 16:14:39,986 - INFO - Epoch [68/100]
Action Validation Loss: 0.0096 
 Goal Validation Loss: 0.1551 
 MIE Validation Loss: 0.0002 
 MSE R Validation Loss: 0.0440 
 BCE G Validation Loss: 0.1110
2024-11-23 16:14:39,987 - INFO - ===================================================================================
2024-11-23 16:14:39,987 - INFO - Completed in 4h 7m
2024-11-23 16:17:23,845 - INFO - 68 Test Returns: 57.8
2024-11-23 16:17:23,872 - INFO - Model checkpoint saved at training_output/20241123_120545/models/epoch_68.pth
2024-11-23 16:17:48,517 - INFO - Epoch [69/100], Batch [0/7]
 Dt Loss: 0.0120
 Goal Loss: 0.1503, MIE Loss: 0.0005
 MSE Loss R: 0.0312, BCE Loss G: 0.1185
2024-11-23 16:18:22,751 - INFO - Epoch [69/100] completed. Average Goal Loss: 0.1570
2024-11-23 16:18:22,751 - INFO - Epoch [69/100] completed. Average Action Loss: 0.0119
2024-11-23 16:18:22,751 - INFO - ===================================================================================
2024-11-23 16:19:39,178 - INFO - Epoch [69/100]
Action Validation Loss: 0.0095 
 Goal Validation Loss: 0.1556 
 MIE Validation Loss: 0.0004 
 MSE R Validation Loss: 0.0439 
 BCE G Validation Loss: 0.1113
2024-11-23 16:19:39,179 - INFO - ===================================================================================
2024-11-23 16:19:39,179 - INFO - Completed in 4h 12m
2024-11-23 16:20:02,899 - INFO - Epoch [70/100], Batch [0/7]
 Dt Loss: 0.0120
 Goal Loss: 0.1195, MIE Loss: 0.0008
 MSE Loss R: 0.0147, BCE Loss G: 0.1041
2024-11-23 16:20:38,505 - INFO - Epoch [70/100] completed. Average Goal Loss: 0.1566
2024-11-23 16:20:38,506 - INFO - Epoch [70/100] completed. Average Action Loss: 0.0119
2024-11-23 16:20:38,506 - INFO - ===================================================================================
2024-11-23 16:21:51,174 - INFO - Epoch [70/100]
Action Validation Loss: 0.0095 
 Goal Validation Loss: 0.1555 
 MIE Validation Loss: 0.0002 
 MSE R Validation Loss: 0.0443 
 BCE G Validation Loss: 0.1111
2024-11-23 16:21:51,174 - INFO - ===================================================================================
2024-11-23 16:21:51,174 - INFO - Completed in 4h 14m
2024-11-23 16:24:36,117 - INFO - 70 Test Returns: 60.2
2024-11-23 16:24:36,143 - INFO - Model checkpoint saved at training_output/20241123_120545/models/epoch_70.pth
2024-11-23 16:25:00,073 - INFO - Epoch [71/100], Batch [0/7]
 Dt Loss: 0.0117
 Goal Loss: 0.1170, MIE Loss: 0.0002
 MSE Loss R: 0.0158, BCE Loss G: 0.1010
2024-11-23 16:25:34,558 - INFO - Epoch [71/100] completed. Average Goal Loss: 0.1324
2024-11-23 16:25:34,558 - INFO - Epoch [71/100] completed. Average Action Loss: 0.0118
2024-11-23 16:25:34,559 - INFO - ===================================================================================
2024-11-23 16:26:46,478 - INFO - Epoch [71/100]
Action Validation Loss: 0.0094 
 Goal Validation Loss: 0.1566 
 MIE Validation Loss: 0.0002 
 MSE R Validation Loss: 0.0445 
 BCE G Validation Loss: 0.1118
2024-11-23 16:26:46,479 - INFO - ===================================================================================
2024-11-23 16:26:46,479 - INFO - Completed in 4h 19m
2024-11-23 16:27:10,195 - INFO - Epoch [72/100], Batch [0/7]
 Dt Loss: 0.0115
 Goal Loss: 0.1442, MIE Loss: 0.0002
 MSE Loss R: 0.0283, BCE Loss G: 0.1157
2024-11-23 16:27:45,166 - INFO - Epoch [72/100] completed. Average Goal Loss: 0.1538
2024-11-23 16:27:45,166 - INFO - Epoch [72/100] completed. Average Action Loss: 0.0117
2024-11-23 16:27:45,166 - INFO - ===================================================================================
2024-11-23 16:29:03,555 - INFO - Epoch [72/100]
Action Validation Loss: 0.0093 
 Goal Validation Loss: 0.1582 
 MIE Validation Loss: 0.0007 
 MSE R Validation Loss: 0.0461 
 BCE G Validation Loss: 0.1114
2024-11-23 16:29:03,555 - INFO - ===================================================================================
2024-11-23 16:29:03,556 - INFO - Completed in 4h 22m
2024-11-23 16:31:57,436 - INFO - 72 Test Returns: 55.0
2024-11-23 16:31:57,463 - INFO - Model checkpoint saved at training_output/20241123_120545/models/epoch_72.pth
2024-11-23 16:32:23,425 - INFO - Epoch [73/100], Batch [0/7]
 Dt Loss: 0.0116
 Goal Loss: 0.1297, MIE Loss: 0.0015
 MSE Loss R: 0.0224, BCE Loss G: 0.1058
2024-11-23 16:32:57,577 - INFO - Epoch [73/100] completed. Average Goal Loss: 0.1316
2024-11-23 16:32:57,578 - INFO - Epoch [73/100] completed. Average Action Loss: 0.0117
2024-11-23 16:32:57,578 - INFO - ===================================================================================
2024-11-23 16:34:10,588 - INFO - Epoch [73/100]
Action Validation Loss: 0.0096 
 Goal Validation Loss: 0.1554 
 MIE Validation Loss: 0.0001 
 MSE R Validation Loss: 0.0439 
 BCE G Validation Loss: 0.1114
2024-11-23 16:34:10,588 - INFO - ===================================================================================
2024-11-23 16:34:10,588 - INFO - Completed in 4h 27m
2024-11-23 16:34:35,102 - INFO - Epoch [74/100], Batch [0/7]
 Dt Loss: 0.0122
 Goal Loss: 0.1204, MIE Loss: 0.0001
 MSE Loss R: 0.0181, BCE Loss G: 0.1022
2024-11-23 16:35:10,443 - INFO - Epoch [74/100] completed. Average Goal Loss: 0.1569
2024-11-23 16:35:10,444 - INFO - Epoch [74/100] completed. Average Action Loss: 0.0121
2024-11-23 16:35:10,444 - INFO - ===================================================================================
2024-11-23 16:36:25,619 - INFO - Epoch [74/100]
Action Validation Loss: 0.0094 
 Goal Validation Loss: 0.1562 
 MIE Validation Loss: 0.0006 
 MSE R Validation Loss: 0.0440 
 BCE G Validation Loss: 0.1116
2024-11-23 16:36:25,619 - INFO - ===================================================================================
2024-11-23 16:36:25,619 - INFO - Completed in 4h 29m
2024-11-23 16:39:08,288 - INFO - 74 Test Returns: 59.4
2024-11-23 16:39:08,314 - INFO - Model checkpoint saved at training_output/20241123_120545/models/epoch_74.pth
2024-11-23 16:39:32,663 - INFO - Epoch [75/100], Batch [0/7]
 Dt Loss: 0.0118
 Goal Loss: 0.1291, MIE Loss: 0.0007
 MSE Loss R: 0.0279, BCE Loss G: 0.1005
2024-11-23 16:40:07,514 - INFO - Epoch [75/100] completed. Average Goal Loss: 0.1470
2024-11-23 16:40:07,514 - INFO - Epoch [75/100] completed. Average Action Loss: 0.0117
2024-11-23 16:40:07,514 - INFO - ===================================================================================
2024-11-23 16:41:20,297 - INFO - Epoch [75/100]
Action Validation Loss: 0.0092 
 Goal Validation Loss: 0.1583 
 MIE Validation Loss: 0.0008 
 MSE R Validation Loss: 0.0439 
 BCE G Validation Loss: 0.1137
2024-11-23 16:41:20,298 - INFO - ===================================================================================
2024-11-23 16:41:20,298 - INFO - Completed in 4h 34m
2024-11-23 16:41:44,268 - INFO - Epoch [76/100], Batch [0/7]
 Dt Loss: 0.0115
 Goal Loss: 0.2064, MIE Loss: 0.0005
 MSE Loss R: 0.0763, BCE Loss G: 0.1295
2024-11-23 16:42:18,300 - INFO - Epoch [76/100] completed. Average Goal Loss: 0.1597
2024-11-23 16:42:18,300 - INFO - Epoch [76/100] completed. Average Action Loss: 0.0115
2024-11-23 16:42:18,300 - INFO - ===================================================================================
2024-11-23 16:43:33,705 - INFO - Epoch [76/100]
Action Validation Loss: 0.0091 
 Goal Validation Loss: 0.1556 
 MIE Validation Loss: 0.0008 
 MSE R Validation Loss: 0.0439 
 BCE G Validation Loss: 0.1109
2024-11-23 16:43:33,705 - INFO - ===================================================================================
2024-11-23 16:43:33,706 - INFO - Completed in 4h 36m
2024-11-23 16:46:20,670 - INFO - 76 Test Returns: 59.2
2024-11-23 16:46:20,699 - INFO - Model checkpoint saved at training_output/20241123_120545/models/epoch_76.pth
2024-11-23 16:46:44,902 - INFO - Epoch [77/100], Batch [0/7]
 Dt Loss: 0.0114
 Goal Loss: 0.1191, MIE Loss: 0.0003
 MSE Loss R: 0.0155, BCE Loss G: 0.1033
2024-11-23 16:47:19,912 - INFO - Epoch [77/100] completed. Average Goal Loss: 0.1428
2024-11-23 16:47:19,912 - INFO - Epoch [77/100] completed. Average Action Loss: 0.0114
2024-11-23 16:47:19,912 - INFO - ===================================================================================
2024-11-23 16:48:35,574 - INFO - Epoch [77/100]
Action Validation Loss: 0.0089 
 Goal Validation Loss: 0.1565 
 MIE Validation Loss: 0.0004 
 MSE R Validation Loss: 0.0439 
 BCE G Validation Loss: 0.1122
2024-11-23 16:48:35,575 - INFO - ===================================================================================
2024-11-23 16:48:35,575 - INFO - Completed in 4h 41m
2024-11-23 16:48:59,750 - INFO - Epoch [78/100], Batch [0/7]
 Dt Loss: 0.0112
 Goal Loss: 0.1244, MIE Loss: 0.0005
 MSE Loss R: 0.0159, BCE Loss G: 0.1080
2024-11-23 16:49:34,202 - INFO - Epoch [78/100] completed. Average Goal Loss: 0.1545
2024-11-23 16:49:34,203 - INFO - Epoch [78/100] completed. Average Action Loss: 0.0113
2024-11-23 16:49:34,203 - INFO - ===================================================================================
2024-11-23 16:50:52,583 - INFO - Epoch [78/100]
Action Validation Loss: 0.0090 
 Goal Validation Loss: 0.1561 
 MIE Validation Loss: 0.0005 
 MSE R Validation Loss: 0.0443 
 BCE G Validation Loss: 0.1112
2024-11-23 16:50:52,585 - INFO - ===================================================================================
2024-11-23 16:50:52,586 - INFO - Completed in 4h 43m
2024-11-23 16:53:38,209 - INFO - 78 Test Returns: 58.6
2024-11-23 16:53:38,236 - INFO - Model checkpoint saved at training_output/20241123_120545/models/epoch_78.pth
2024-11-23 16:54:03,288 - INFO - Epoch [79/100], Batch [0/7]
 Dt Loss: 0.0116
 Goal Loss: 0.2618, MIE Loss: 0.0007
 MSE Loss R: 0.1220, BCE Loss G: 0.1391
2024-11-23 16:54:39,182 - INFO - Epoch [79/100] completed. Average Goal Loss: 0.1529
2024-11-23 16:54:39,183 - INFO - Epoch [79/100] completed. Average Action Loss: 0.0113
2024-11-23 16:54:39,183 - INFO - ===================================================================================
2024-11-23 16:55:54,081 - INFO - Epoch [79/100]
Action Validation Loss: 0.0088 
 Goal Validation Loss: 0.1567 
 MIE Validation Loss: 0.0010 
 MSE R Validation Loss: 0.0443 
 BCE G Validation Loss: 0.1114
2024-11-23 16:55:54,082 - INFO - ===================================================================================
2024-11-23 16:55:54,082 - INFO - Completed in 4h 48m
2024-11-23 16:56:19,297 - INFO - Epoch [80/100], Batch [0/7]
 Dt Loss: 0.0113
 Goal Loss: 0.1152, MIE Loss: 0.0007
 MSE Loss R: 0.0191, BCE Loss G: 0.0955
2024-11-23 16:56:53,689 - INFO - Epoch [80/100] completed. Average Goal Loss: 0.1117
2024-11-23 16:56:53,690 - INFO - Epoch [80/100] completed. Average Action Loss: 0.0112
2024-11-23 16:56:53,690 - INFO - ===================================================================================
2024-11-23 16:58:11,251 - INFO - Epoch [80/100]
Action Validation Loss: 0.0088 
 Goal Validation Loss: 0.1650 
 MIE Validation Loss: 0.0007 
 MSE R Validation Loss: 0.0515 
 BCE G Validation Loss: 0.1127
2024-11-23 16:58:11,251 - INFO - ===================================================================================
2024-11-23 16:58:11,252 - INFO - Completed in 4h 51m
2024-11-23 17:01:00,140 - INFO - 80 Test Returns: 53.0
2024-11-23 17:01:00,172 - INFO - Model checkpoint saved at training_output/20241123_120545/models/epoch_80.pth
2024-11-23 17:01:25,998 - INFO - Epoch [81/100], Batch [0/7]
 Dt Loss: 0.0111
 Goal Loss: 0.1031, MIE Loss: 0.0007
 MSE Loss R: 0.0067, BCE Loss G: 0.0957
2024-11-23 17:02:03,541 - INFO - Epoch [81/100] completed. Average Goal Loss: 0.1231
2024-11-23 17:02:03,542 - INFO - Epoch [81/100] completed. Average Action Loss: 0.0112
2024-11-23 17:02:03,542 - INFO - ===================================================================================
2024-11-23 17:03:15,953 - INFO - Epoch [81/100]
Action Validation Loss: 0.0088 
 Goal Validation Loss: 0.1592 
 MIE Validation Loss: 0.0007 
 MSE R Validation Loss: 0.0476 
 BCE G Validation Loss: 0.1110
2024-11-23 17:03:15,954 - INFO - ===================================================================================
2024-11-23 17:03:15,954 - INFO - Completed in 4h 56m
2024-11-23 17:03:56,565 - INFO - Epoch [82/100], Batch [0/7]
 Dt Loss: 0.0111
 Goal Loss: 0.2264, MIE Loss: 0.0007
 MSE Loss R: 0.0962, BCE Loss G: 0.1295
2024-11-23 17:04:30,655 - INFO - Epoch [82/100] completed. Average Goal Loss: 0.1638
2024-11-23 17:04:30,655 - INFO - Epoch [82/100] completed. Average Action Loss: 0.0110
2024-11-23 17:04:30,655 - INFO - ===================================================================================
2024-11-23 17:05:45,009 - INFO - Epoch [82/100]
Action Validation Loss: 0.0086 
 Goal Validation Loss: 0.1628 
 MIE Validation Loss: 0.0002 
 MSE R Validation Loss: 0.0500 
 BCE G Validation Loss: 0.1127
2024-11-23 17:05:45,009 - INFO - ===================================================================================
2024-11-23 17:05:45,010 - INFO - Completed in 4h 58m
2024-11-23 17:08:33,146 - INFO - 82 Test Returns: 56.6
2024-11-23 17:08:33,173 - INFO - Model checkpoint saved at training_output/20241123_120545/models/epoch_82.pth
2024-11-23 17:08:56,343 - INFO - Epoch [83/100], Batch [0/7]
 Dt Loss: 0.0110
 Goal Loss: 0.1418, MIE Loss: 0.0001
 MSE Loss R: 0.0241, BCE Loss G: 0.1176
2024-11-23 17:09:30,297 - INFO - Epoch [83/100] completed. Average Goal Loss: 0.1342
2024-11-23 17:09:30,297 - INFO - Epoch [83/100] completed. Average Action Loss: 0.0110
2024-11-23 17:09:30,297 - INFO - ===================================================================================
2024-11-23 17:10:44,578 - INFO - Epoch [83/100]
Action Validation Loss: 0.0088 
 Goal Validation Loss: 0.1586 
 MIE Validation Loss: 0.0002 
 MSE R Validation Loss: 0.0464 
 BCE G Validation Loss: 0.1120
2024-11-23 17:10:44,579 - INFO - ===================================================================================
2024-11-23 17:10:44,579 - INFO - Completed in 5h 3m
2024-11-23 17:11:07,644 - INFO - Epoch [84/100], Batch [0/7]
 Dt Loss: 0.0111
 Goal Loss: 0.1088, MIE Loss: 0.0004
 MSE Loss R: 0.0121, BCE Loss G: 0.0963
2024-11-23 17:11:43,451 - INFO - Epoch [84/100] completed. Average Goal Loss: 0.1208
2024-11-23 17:11:43,452 - INFO - Epoch [84/100] completed. Average Action Loss: 0.0110
2024-11-23 17:11:43,452 - INFO - ===================================================================================
2024-11-23 17:12:58,666 - INFO - Epoch [84/100]
Action Validation Loss: 0.0086 
 Goal Validation Loss: 0.1625 
 MIE Validation Loss: 0.0008 
 MSE R Validation Loss: 0.0497 
 BCE G Validation Loss: 0.1120
2024-11-23 17:12:58,667 - INFO - ===================================================================================
2024-11-23 17:12:58,667 - INFO - Completed in 5h 5m
2024-11-23 17:15:44,259 - INFO - 84 Test Returns: 58.2
2024-11-23 17:15:44,286 - INFO - Model checkpoint saved at training_output/20241123_120545/models/epoch_84.pth
2024-11-23 17:16:07,914 - INFO - Epoch [85/100], Batch [0/7]
 Dt Loss: 0.0110
 Goal Loss: 0.1269, MIE Loss: 0.0006
 MSE Loss R: 0.0180, BCE Loss G: 0.1083
2024-11-23 17:16:41,895 - INFO - Epoch [85/100] completed. Average Goal Loss: 0.1479
2024-11-23 17:16:41,895 - INFO - Epoch [85/100] completed. Average Action Loss: 0.0110
2024-11-23 17:16:41,895 - INFO - ===================================================================================
2024-11-23 17:17:56,268 - INFO - Epoch [85/100]
Action Validation Loss: 0.0085 
 Goal Validation Loss: 0.1565 
 MIE Validation Loss: 0.0003 
 MSE R Validation Loss: 0.0446 
 BCE G Validation Loss: 0.1116
2024-11-23 17:17:56,268 - INFO - ===================================================================================
2024-11-23 17:17:56,269 - INFO - Completed in 5h 10m
2024-11-23 17:18:19,665 - INFO - Epoch [86/100], Batch [0/7]
 Dt Loss: 0.0108
 Goal Loss: 0.1286, MIE Loss: 0.0003
 MSE Loss R: 0.0182, BCE Loss G: 0.1102
2024-11-23 17:18:52,888 - INFO - Epoch [86/100] completed. Average Goal Loss: 0.1559
2024-11-23 17:18:52,889 - INFO - Epoch [86/100] completed. Average Action Loss: 0.0110
2024-11-23 17:18:52,889 - INFO - ===================================================================================
2024-11-23 17:20:08,856 - INFO - Epoch [86/100]
Action Validation Loss: 0.0086 
 Goal Validation Loss: 0.1573 
 MIE Validation Loss: 0.0011 
 MSE R Validation Loss: 0.0444 
 BCE G Validation Loss: 0.1119
2024-11-23 17:20:08,856 - INFO - ===================================================================================
2024-11-23 17:20:08,856 - INFO - Completed in 5h 13m
2024-11-23 17:22:55,195 - INFO - 86 Test Returns: 55.8
2024-11-23 17:22:55,221 - INFO - Model checkpoint saved at training_output/20241123_120545/models/epoch_86.pth
2024-11-23 17:23:19,180 - INFO - Epoch [87/100], Batch [0/7]
 Dt Loss: 0.0111
 Goal Loss: 0.1147, MIE Loss: 0.0006
 MSE Loss R: 0.0159, BCE Loss G: 0.0983
2024-11-23 17:23:56,845 - INFO - Epoch [87/100] completed. Average Goal Loss: 0.1131
2024-11-23 17:23:56,846 - INFO - Epoch [87/100] completed. Average Action Loss: 0.0109
2024-11-23 17:23:56,846 - INFO - ===================================================================================
2024-11-23 17:25:13,555 - INFO - Epoch [87/100]
Action Validation Loss: 0.0085 
 Goal Validation Loss: 0.1626 
 MIE Validation Loss: 0.0000 
 MSE R Validation Loss: 0.0508 
 BCE G Validation Loss: 0.1118
2024-11-23 17:25:13,556 - INFO - ===================================================================================
2024-11-23 17:25:13,582 - INFO - Completed in 5h 18m
2024-11-23 17:25:37,209 - INFO - Epoch [88/100], Batch [0/7]
 Dt Loss: 0.0111
 Goal Loss: 0.2497, MIE Loss: 0.0005
 MSE Loss R: 0.1156, BCE Loss G: 0.1336
2024-11-23 17:26:10,683 - INFO - Epoch [88/100] completed. Average Goal Loss: 0.1578
2024-11-23 17:26:10,684 - INFO - Epoch [88/100] completed. Average Action Loss: 0.0109
2024-11-23 17:26:10,684 - INFO - ===================================================================================
2024-11-23 17:27:24,438 - INFO - Epoch [88/100]
Action Validation Loss: 0.0085 
 Goal Validation Loss: 0.1566 
 MIE Validation Loss: 0.0001 
 MSE R Validation Loss: 0.0443 
 BCE G Validation Loss: 0.1122
2024-11-23 17:27:24,438 - INFO - ===================================================================================
2024-11-23 17:27:24,438 - INFO - Completed in 5h 20m
2024-11-23 17:30:05,024 - INFO - 88 Test Returns: 60.0
2024-11-23 17:30:05,051 - INFO - Model checkpoint saved at training_output/20241123_120545/models/epoch_88.pth
2024-11-23 17:30:28,058 - INFO - Epoch [89/100], Batch [0/7]
 Dt Loss: 0.0107
 Goal Loss: 0.1202, MIE Loss: 0.0002
 MSE Loss R: 0.0149, BCE Loss G: 0.1050
2024-11-23 17:31:01,339 - INFO - Epoch [89/100] completed. Average Goal Loss: 0.1404
2024-11-23 17:31:01,344 - INFO - Epoch [89/100] completed. Average Action Loss: 0.0107
2024-11-23 17:31:01,344 - INFO - ===================================================================================
2024-11-23 17:32:14,516 - INFO - Epoch [89/100]
Action Validation Loss: 0.0083 
 Goal Validation Loss: 0.1563 
 MIE Validation Loss: 0.0003 
 MSE R Validation Loss: 0.0449 
 BCE G Validation Loss: 0.1111
2024-11-23 17:32:14,517 - INFO - ===================================================================================
2024-11-23 17:32:14,517 - INFO - Completed in 5h 25m
2024-11-23 17:32:37,519 - INFO - Epoch [90/100], Batch [0/7]
 Dt Loss: 0.0107
 Goal Loss: 0.1262, MIE Loss: 0.0003
 MSE Loss R: 0.0237, BCE Loss G: 0.1022
2024-11-23 17:33:10,778 - INFO - Epoch [90/100] completed. Average Goal Loss: 0.1402
2024-11-23 17:33:10,779 - INFO - Epoch [90/100] completed. Average Action Loss: 0.0107
2024-11-23 17:33:10,779 - INFO - ===================================================================================
2024-11-23 17:34:25,377 - INFO - Epoch [90/100]
Action Validation Loss: 0.0084 
 Goal Validation Loss: 0.1564 
 MIE Validation Loss: 0.0002 
 MSE R Validation Loss: 0.0446 
 BCE G Validation Loss: 0.1115
2024-11-23 17:34:25,377 - INFO - ===================================================================================
2024-11-23 17:34:25,377 - INFO - Completed in 5h 27m
2024-11-23 17:37:28,167 - INFO - 90 Test Returns: 53.4
2024-11-23 17:37:28,193 - INFO - Model checkpoint saved at training_output/20241123_120545/models/epoch_90.pth
2024-11-23 17:37:53,435 - INFO - Epoch [91/100], Batch [0/7]
 Dt Loss: 0.0107
 Goal Loss: 0.1178, MIE Loss: 0.0003
 MSE Loss R: 0.0129, BCE Loss G: 0.1047
2024-11-23 17:38:28,428 - INFO - Epoch [91/100] completed. Average Goal Loss: 0.1216
2024-11-23 17:38:28,428 - INFO - Epoch [91/100] completed. Average Action Loss: 0.0106
2024-11-23 17:38:28,428 - INFO - ===================================================================================
2024-11-23 17:39:43,218 - INFO - Epoch [91/100]
Action Validation Loss: 0.0083 
 Goal Validation Loss: 0.1616 
 MIE Validation Loss: 0.0001 
 MSE R Validation Loss: 0.0497 
 BCE G Validation Loss: 0.1119
2024-11-23 17:39:43,218 - INFO - ===================================================================================
2024-11-23 17:39:43,218 - INFO - Completed in 5h 32m
2024-11-23 17:40:06,284 - INFO - Epoch [92/100], Batch [0/7]
 Dt Loss: 0.0105
 Goal Loss: 0.1072, MIE Loss: 0.0000
 MSE Loss R: 0.0080, BCE Loss G: 0.0992
2024-11-23 17:40:41,283 - INFO - Epoch [92/100] completed. Average Goal Loss: 0.1223
2024-11-23 17:40:41,283 - INFO - Epoch [92/100] completed. Average Action Loss: 0.0106
2024-11-23 17:40:41,283 - INFO - ===================================================================================
2024-11-23 17:41:53,565 - INFO - Epoch [92/100]
Action Validation Loss: 0.0082 
 Goal Validation Loss: 0.1589 
 MIE Validation Loss: 0.0005 
 MSE R Validation Loss: 0.0473 
 BCE G Validation Loss: 0.1110
2024-11-23 17:41:53,565 - INFO - ===================================================================================
2024-11-23 17:41:53,566 - INFO - Completed in 5h 34m
2024-11-23 17:44:38,641 - INFO - 92 Test Returns: 58.2
2024-11-23 17:44:38,668 - INFO - Model checkpoint saved at training_output/20241123_120545/models/epoch_92.pth
2024-11-23 17:45:07,537 - INFO - Epoch [93/100], Batch [0/7]
 Dt Loss: 0.0107
 Goal Loss: 0.1131, MIE Loss: 0.0003
 MSE Loss R: 0.0106, BCE Loss G: 0.1022
2024-11-23 17:45:41,473 - INFO - Epoch [93/100] completed. Average Goal Loss: 0.1236
2024-11-23 17:45:41,473 - INFO - Epoch [93/100] completed. Average Action Loss: 0.0106
2024-11-23 17:45:41,473 - INFO - ===================================================================================
2024-11-23 17:46:52,880 - INFO - Epoch [93/100]
Action Validation Loss: 0.0083 
 Goal Validation Loss: 0.1575 
 MIE Validation Loss: 0.0005 
 MSE R Validation Loss: 0.0458 
 BCE G Validation Loss: 0.1112
2024-11-23 17:46:52,880 - INFO - ===================================================================================
2024-11-23 17:46:52,881 - INFO - Completed in 5h 39m
2024-11-23 17:47:15,605 - INFO - Epoch [94/100], Batch [0/7]
 Dt Loss: 0.0106
 Goal Loss: 0.1125, MIE Loss: 0.0005
 MSE Loss R: 0.0160, BCE Loss G: 0.0960
2024-11-23 17:47:49,492 - INFO - Epoch [94/100] completed. Average Goal Loss: 0.1262
2024-11-23 17:47:49,492 - INFO - Epoch [94/100] completed. Average Action Loss: 0.0105
2024-11-23 17:47:49,493 - INFO - ===================================================================================
2024-11-23 17:48:59,506 - INFO - Epoch [94/100]
Action Validation Loss: 0.0080 
 Goal Validation Loss: 0.1580 
 MIE Validation Loss: 0.0004 
 MSE R Validation Loss: 0.0468 
 BCE G Validation Loss: 0.1109
2024-11-23 17:48:59,506 - INFO - ===================================================================================
2024-11-23 17:48:59,507 - INFO - Completed in 5h 41m
2024-11-23 17:51:49,811 - INFO - 94 Test Returns: 52.6
2024-11-23 17:51:49,838 - INFO - Model checkpoint saved at training_output/20241123_120545/models/epoch_94.pth
2024-11-23 17:52:14,803 - INFO - Epoch [95/100], Batch [0/7]
 Dt Loss: 0.0105
 Goal Loss: 0.1169, MIE Loss: 0.0005
 MSE Loss R: 0.0118, BCE Loss G: 0.1046
2024-11-23 17:52:48,675 - INFO - Epoch [95/100] completed. Average Goal Loss: 0.1541
2024-11-23 17:52:48,675 - INFO - Epoch [95/100] completed. Average Action Loss: 0.0105
2024-11-23 17:52:48,675 - INFO - ===================================================================================
2024-11-23 17:53:55,932 - INFO - Epoch [95/100]
Action Validation Loss: 0.0080 
 Goal Validation Loss: 0.1573 
 MIE Validation Loss: 0.0005 
 MSE R Validation Loss: 0.0451 
 BCE G Validation Loss: 0.1117
2024-11-23 17:53:55,933 - INFO - ===================================================================================
2024-11-23 17:53:55,933 - INFO - Completed in 5h 46m
2024-11-23 17:54:18,766 - INFO - Epoch [96/100], Batch [0/7]
 Dt Loss: 0.0104
 Goal Loss: 0.1236, MIE Loss: 0.0004
 MSE Loss R: 0.0149, BCE Loss G: 0.1082
2024-11-23 17:54:53,555 - INFO - Epoch [96/100] completed. Average Goal Loss: 0.1488
2024-11-23 17:54:53,556 - INFO - Epoch [96/100] completed. Average Action Loss: 0.0104
2024-11-23 17:54:53,556 - INFO - ===================================================================================
2024-11-23 17:56:01,036 - INFO - Epoch [96/100]
Action Validation Loss: 0.0079 
 Goal Validation Loss: 0.1554 
 MIE Validation Loss: 0.0001 
 MSE R Validation Loss: 0.0439 
 BCE G Validation Loss: 0.1114
2024-11-23 17:56:01,037 - INFO - ===================================================================================
2024-11-23 17:56:01,037 - INFO - Completed in 5h 48m
2024-11-23 17:58:49,145 - INFO - 96 Test Returns: 55.0
2024-11-23 17:58:49,171 - INFO - Model checkpoint saved at training_output/20241123_120545/models/epoch_96.pth
2024-11-23 17:59:11,214 - INFO - Epoch [97/100], Batch [0/7]
 Dt Loss: 0.0103
 Goal Loss: 0.2344, MIE Loss: 0.0005
 MSE Loss R: 0.0999, BCE Loss G: 0.1340
2024-11-23 17:59:44,395 - INFO - Epoch [97/100] completed. Average Goal Loss: 0.1522
2024-11-23 17:59:44,395 - INFO - Epoch [97/100] completed. Average Action Loss: 0.0104
2024-11-23 17:59:44,395 - INFO - ===================================================================================
2024-11-23 18:01:01,948 - INFO - Epoch [97/100]
Action Validation Loss: 0.0080 
 Goal Validation Loss: 0.1587 
 MIE Validation Loss: 0.0002 
 MSE R Validation Loss: 0.0463 
 BCE G Validation Loss: 0.1122
2024-11-23 18:01:01,949 - INFO - ===================================================================================
2024-11-23 18:01:01,949 - INFO - Completed in 5h 53m
2024-11-23 18:01:26,633 - INFO - Epoch [98/100], Batch [0/7]
 Dt Loss: 0.0102
 Goal Loss: 0.1127, MIE Loss: 0.0002
 MSE Loss R: 0.0107, BCE Loss G: 0.1018
2024-11-23 18:02:01,698 - INFO - Epoch [98/100] completed. Average Goal Loss: 0.1402
2024-11-23 18:02:01,698 - INFO - Epoch [98/100] completed. Average Action Loss: 0.0103
2024-11-23 18:02:01,698 - INFO - ===================================================================================
2024-11-23 18:03:16,825 - INFO - Epoch [98/100]
Action Validation Loss: 0.0080 
 Goal Validation Loss: 0.1592 
 MIE Validation Loss: 0.0003 
 MSE R Validation Loss: 0.0465 
 BCE G Validation Loss: 0.1124
2024-11-23 18:03:16,826 - INFO - ===================================================================================
2024-11-23 18:03:16,826 - INFO - Completed in 5h 56m
2024-11-23 18:06:01,107 - INFO - 98 Test Returns: 57.6
2024-11-23 18:06:01,133 - INFO - Model checkpoint saved at training_output/20241123_120545/models/epoch_98.pth
2024-11-23 18:06:23,524 - INFO - Epoch [99/100], Batch [0/7]
 Dt Loss: 0.0104
 Goal Loss: 0.1179, MIE Loss: 0.0003
 MSE Loss R: 0.0121, BCE Loss G: 0.1055
2024-11-23 18:06:57,371 - INFO - Epoch [99/100] completed. Average Goal Loss: 0.1480
2024-11-23 18:06:57,371 - INFO - Epoch [99/100] completed. Average Action Loss: 0.0105
2024-11-23 18:06:57,372 - INFO - ===================================================================================
2024-11-23 18:08:13,961 - INFO - Epoch [99/100]
Action Validation Loss: 0.0082 
 Goal Validation Loss: 0.1563 
 MIE Validation Loss: 0.0001 
 MSE R Validation Loss: 0.0448 
 BCE G Validation Loss: 0.1115
2024-11-23 18:08:13,962 - INFO - ===================================================================================
2024-11-23 18:08:13,962 - INFO - Completed in 6h 1m
2024-11-23 18:08:37,313 - INFO - Epoch [100/100], Batch [0/7]
 Dt Loss: 0.0106
 Goal Loss: 0.1168, MIE Loss: 0.0009
 MSE Loss R: 0.0122, BCE Loss G: 0.1037
2024-11-23 18:09:10,656 - INFO - Epoch [100/100] completed. Average Goal Loss: 0.1242
2024-11-23 18:09:10,656 - INFO - Epoch [100/100] completed. Average Action Loss: 0.0105
2024-11-23 18:09:10,656 - INFO - ===================================================================================
2024-11-23 18:10:27,523 - INFO - Epoch [100/100]
Action Validation Loss: 0.0080 
 Goal Validation Loss: 0.1582 
 MIE Validation Loss: 0.0003 
 MSE R Validation Loss: 0.0465 
 BCE G Validation Loss: 0.1114
2024-11-23 18:10:27,523 - INFO - ===================================================================================
2024-11-23 18:10:27,523 - INFO - Completed in 6h 3m
2024-11-23 18:13:15,104 - INFO - 100 Test Returns: 57.2
2024-11-23 18:13:15,132 - INFO - Model checkpoint saved at training_output/20241123_120545/models/epoch_100.pth
2024-11-23 18:13:15,640 - INFO - Training completed.
