2024-11-13 14:03:09,755 - INFO - Starting.
2024-11-13 14:03:09,756 - INFO - Loading Data.
2024-11-13 14:03:18,215 - INFO - Data loaded in 0.0 hours 0.0 minutes.
2024-11-13 14:03:18,222 - INFO - Training Started.
2024-11-13 14:03:29,386 - INFO - Epoch [1/5000], Batch [0/30]
 Dt Loss: 1.7365
 Goal Loss: 2.8857, MIE Loss R: 1.9999
 MSE Loss R: 0.7047, MSE Loss G: 0.1811
2024-11-13 14:04:58,967 - INFO - Epoch [1/5000], Batch [10/30]
 Dt Loss: 1.6859
 Goal Loss: 1.0507, MIE Loss R: 0.0003
 MSE Loss R: 0.9451, MSE Loss G: 0.1053
2024-11-13 14:06:27,621 - INFO - Epoch [1/5000], Batch [20/30]
 Dt Loss: 1.6001
 Goal Loss: 0.7584, MIE Loss R: 0.0001
 MSE Loss R: 0.6602, MSE Loss G: 0.0980
2024-11-13 14:07:40,925 - INFO - Epoch [1/5000] completed. Average Goal Loss: 1.5716
2024-11-13 14:07:40,925 - INFO - ===================================================================================
2024-11-13 14:07:54,313 - INFO - Epoch [1/5000], Goal Validation Loss: 1.6436 
 MIE Validation Loss: 0.0028 
 MSE R Validation Loss: 1.5174 
 MSE G Validation Loss: 0.1235
2024-11-13 14:07:54,313 - INFO - ===================================================================================
2024-11-13 14:07:54,313 - INFO - Completed in 0h 4m
2024-11-13 14:08:06,044 - INFO - Epoch [2/5000], Batch [0/30]
 Dt Loss: 1.4409
 Goal Loss: 0.8821, MIE Loss R: 0.0005
 MSE Loss R: 0.7765, MSE Loss G: 0.1051
