2024-11-15 07:23:38,465 - INFO - Starting.
2024-11-15 07:23:38,465 - INFO - Loading Data.
2024-11-15 07:23:46,910 - INFO - Data loaded in 0.0 hours 0.0 minutes.
2024-11-15 07:23:46,916 - INFO - Training Started.
2024-11-15 07:24:05,208 - INFO - Epoch [1/500], Batch [0/4]
 Dt Loss: 0.0575
 Goal Loss: 2.3019, MIE Loss: 2.0823
 MSE Loss R: 0.0473, MSE Loss G: 0.1723
2024-11-15 07:24:45,036 - INFO - Epoch [1/500] completed. Average Goal Loss: 0.7342
2024-11-15 07:24:45,037 - INFO - Epoch [1/500] completed. Average Action Loss: 0.0574
2024-11-15 07:24:45,037 - INFO - ===================================================================================
2024-11-15 07:24:59,237 - INFO - Epoch [1/500]
Action Validation Loss: 0.0569 
 Goal Validation Loss: 0.2683 
 MIE Validation Loss: 0.0018 
 MSE R Validation Loss: 0.1505 
 MSE G Validation Loss: 0.1161
2024-11-15 07:24:59,237 - INFO - ===================================================================================
2024-11-15 07:24:59,237 - INFO - Completed in 0h 1m
2024-11-15 07:25:19,063 - INFO - Epoch [2/500], Batch [0/4]
 Dt Loss: 0.0572
 Goal Loss: 0.1747, MIE Loss: 0.0008
 MSE Loss R: 0.0713, MSE Loss G: 0.1026
2024-11-15 07:26:02,231 - INFO - Epoch [2/500] completed. Average Goal Loss: 0.2493
2024-11-15 07:26:02,232 - INFO - Epoch [2/500] completed. Average Action Loss: 0.0569
2024-11-15 07:26:02,232 - INFO - ===================================================================================
2024-11-15 07:26:16,671 - INFO - Epoch [2/500]
Action Validation Loss: 0.0562 
 Goal Validation Loss: 0.2670 
 MIE Validation Loss: 0.0019 
 MSE R Validation Loss: 0.1517 
 MSE G Validation Loss: 0.1134
2024-11-15 07:26:16,671 - INFO - ===================================================================================
2024-11-15 07:26:16,671 - INFO - Completed in 0h 2m
2024-11-15 07:26:37,612 - INFO - Epoch [3/500], Batch [0/4]
 Dt Loss: 0.0566
 Goal Loss: 0.3773, MIE Loss: 0.0009
 MSE Loss R: 0.2574, MSE Loss G: 0.1190
2024-11-15 07:27:19,269 - INFO - Epoch [3/500] completed. Average Goal Loss: 0.3067
2024-11-15 07:27:19,270 - INFO - Epoch [3/500] completed. Average Action Loss: 0.0561
2024-11-15 07:27:19,270 - INFO - ===================================================================================
2024-11-15 07:27:34,023 - INFO - Epoch [3/500]
Action Validation Loss: 0.0552 
 Goal Validation Loss: 0.2852 
 MIE Validation Loss: 0.0119 
 MSE R Validation Loss: 0.1593 
 MSE G Validation Loss: 0.1140
2024-11-15 07:27:34,023 - INFO - ===================================================================================
2024-11-15 07:27:34,023 - INFO - Completed in 0h 3m
2024-11-15 07:27:54,844 - INFO - Epoch [4/500], Batch [0/4]
 Dt Loss: 0.0556
 Goal Loss: 0.1498, MIE Loss: 0.0046
 MSE Loss R: 0.0474, MSE Loss G: 0.0978
2024-11-15 07:28:35,542 - INFO - Epoch [4/500] completed. Average Goal Loss: 0.1752
2024-11-15 07:28:35,542 - INFO - Epoch [4/500] completed. Average Action Loss: 0.0551
2024-11-15 07:28:35,543 - INFO - ===================================================================================
2024-11-15 07:28:50,128 - INFO - Epoch [4/500]
Action Validation Loss: 0.0539 
 Goal Validation Loss: 0.2654 
 MIE Validation Loss: 0.0000 
 MSE R Validation Loss: 0.1522 
 MSE G Validation Loss: 0.1132
2024-11-15 07:28:50,128 - INFO - ===================================================================================
2024-11-15 07:28:50,128 - INFO - Completed in 0h 5m
2024-11-15 07:29:09,870 - INFO - Epoch [5/500], Batch [0/4]
 Dt Loss: 0.0544
 Goal Loss: 0.5168, MIE Loss: 0.0000
 MSE Loss R: 0.3793, MSE Loss G: 0.1374
2024-11-15 07:29:55,229 - INFO - Epoch [5/500] completed. Average Goal Loss: 0.3091
2024-11-15 07:29:55,230 - INFO - Epoch [5/500] completed. Average Action Loss: 0.0539
2024-11-15 07:29:55,230 - INFO - ===================================================================================
2024-11-15 07:30:10,001 - INFO - Epoch [5/500]
Action Validation Loss: 0.0525 
 Goal Validation Loss: 0.2639 
 MIE Validation Loss: 0.0000 
 MSE R Validation Loss: 0.1504 
 MSE G Validation Loss: 0.1135
2024-11-15 07:30:10,001 - INFO - ===================================================================================
2024-11-15 07:30:10,001 - INFO - Completed in 0h 6m
2024-11-15 07:30:28,635 - INFO - Epoch [6/500], Batch [0/4]
 Dt Loss: 0.0529
 Goal Loss: 0.1692, MIE Loss: 0.0000
 MSE Loss R: 0.0674, MSE Loss G: 0.1018
2024-11-15 07:31:09,367 - INFO - Epoch [6/500] completed. Average Goal Loss: 0.3213
2024-11-15 07:31:09,368 - INFO - Epoch [6/500] completed. Average Action Loss: 0.0524
2024-11-15 07:31:09,368 - INFO - ===================================================================================
2024-11-15 07:31:24,153 - INFO - Epoch [6/500]
Action Validation Loss: 0.0507 
 Goal Validation Loss: 0.2640 
 MIE Validation Loss: 0.0000 
 MSE R Validation Loss: 0.1515 
 MSE G Validation Loss: 0.1125
2024-11-15 07:31:24,154 - INFO - ===================================================================================
2024-11-15 07:31:24,154 - INFO - Completed in 0h 7m
2024-11-15 07:31:44,621 - INFO - Epoch [7/500], Batch [0/4]
 Dt Loss: 0.0511
 Goal Loss: 0.4108, MIE Loss: 0.0000
 MSE Loss R: 0.2895, MSE Loss G: 0.1213
2024-11-15 07:32:27,095 - INFO - Epoch [7/500] completed. Average Goal Loss: 0.3531
2024-11-15 07:32:27,096 - INFO - Epoch [7/500] completed. Average Action Loss: 0.0501
2024-11-15 07:32:27,096 - INFO - ===================================================================================
2024-11-15 07:32:42,380 - INFO - Epoch [7/500]
Action Validation Loss: 0.0472 
 Goal Validation Loss: 0.2627 
 MIE Validation Loss: 0.0000 
 MSE R Validation Loss: 0.1508 
 MSE G Validation Loss: 0.1119
2024-11-15 07:32:42,381 - INFO - ===================================================================================
2024-11-15 07:32:42,381 - INFO - Completed in 0h 8m
2024-11-15 07:33:02,988 - INFO - Epoch [8/500], Batch [0/4]
 Dt Loss: 0.0478
 Goal Loss: 0.2225, MIE Loss: 0.0000
 MSE Loss R: 0.1157, MSE Loss G: 0.1068
2024-11-15 07:33:44,899 - INFO - Epoch [8/500] completed. Average Goal Loss: 0.2555
2024-11-15 07:33:44,900 - INFO - Epoch [8/500] completed. Average Action Loss: 0.0450
2024-11-15 07:33:44,900 - INFO - ===================================================================================
2024-11-15 07:34:00,078 - INFO - Epoch [8/500]
Action Validation Loss: 0.0391 
 Goal Validation Loss: 0.2627 
 MIE Validation Loss: 0.0001 
 MSE R Validation Loss: 0.1510 
 MSE G Validation Loss: 0.1116
2024-11-15 07:34:00,078 - INFO - ===================================================================================
2024-11-15 07:34:00,078 - INFO - Completed in 0h 10m
2024-11-15 07:34:19,265 - INFO - Epoch [9/500], Batch [0/4]
 Dt Loss: 0.0396
 Goal Loss: 0.1665, MIE Loss: 0.0000
 MSE Loss R: 0.0655, MSE Loss G: 0.1010
2024-11-15 07:35:02,718 - INFO - Epoch [9/500] completed. Average Goal Loss: 0.2970
2024-11-15 07:35:02,719 - INFO - Epoch [9/500] completed. Average Action Loss: 0.0365
2024-11-15 07:35:02,719 - INFO - ===================================================================================
2024-11-15 07:35:18,016 - INFO - Epoch [9/500]
Action Validation Loss: 0.0314 
 Goal Validation Loss: 0.2638 
 MIE Validation Loss: 0.0000 
 MSE R Validation Loss: 0.1514 
 MSE G Validation Loss: 0.1124
2024-11-15 07:35:18,017 - INFO - ===================================================================================
2024-11-15 07:35:18,017 - INFO - Completed in 0h 11m
