2024-11-21 11:08:41,782 - INFO - Starting.
2024-11-21 11:08:41,782 - INFO - Loading Data.
2024-11-21 11:08:51,514 - INFO - Data loaded in 0.0 hours 0.0 minutes.
2024-11-21 11:08:51,521 - INFO - Training Started.
2024-11-21 11:08:56,144 - INFO - Epoch [1/100], Batch [0/4]
 Dt Loss: 0.0847
 Goal Loss: 59.0976, MIE Loss: 58.3501
 MSE Loss R: 0.0143, BCE Loss G: 0.7332
2024-11-21 11:09:01,986 - INFO - Epoch [1/100] completed. Average Goal Loss: 36.2696
2024-11-21 11:09:01,986 - INFO - Epoch [1/100] completed. Average Action Loss: 0.0840
2024-11-21 11:09:01,986 - INFO - ===================================================================================
2024-11-21 11:09:13,501 - INFO - Epoch [1/100]
Action Validation Loss: 0.0817 
 Goal Validation Loss: 10.5235 
 MIE Validation Loss: 9.7349 
 MSE R Validation Loss: 0.0717 
 BCE G Validation Loss: 0.7168
2024-11-21 11:09:13,501 - INFO - ===================================================================================
2024-11-21 11:09:13,502 - INFO - Completed in 0h 0m
2024-11-21 11:12:23,959 - INFO - 1 Test Returns: 52.8
2024-11-21 11:12:23,995 - INFO - Model checkpoint saved at training_output/20241121_110840/models/epoch_1.pth
2024-11-21 11:12:29,219 - INFO - Epoch [2/100], Batch [0/4]
 Dt Loss: 0.0821
 Goal Loss: 6.9415, MIE Loss: 6.2193
 MSE Loss R: 0.0101, BCE Loss G: 0.7121
2024-11-21 11:12:34,561 - INFO - Epoch [2/100] completed. Average Goal Loss: 3.5416
2024-11-21 11:12:34,561 - INFO - Epoch [2/100] completed. Average Action Loss: 0.0811
2024-11-21 11:12:34,561 - INFO - ===================================================================================
2024-11-21 11:12:47,560 - INFO - Epoch [2/100]
Action Validation Loss: 0.0787 
 Goal Validation Loss: 1.0748 
 MIE Validation Loss: 0.3570 
 MSE R Validation Loss: 0.0608 
 BCE G Validation Loss: 0.6570
2024-11-21 11:12:47,561 - INFO - ===================================================================================
2024-11-21 11:12:47,561 - INFO - Completed in 0h 3m
2024-11-21 11:16:00,278 - INFO - 2 Test Returns: 56.2
2024-11-21 11:16:00,314 - INFO - Model checkpoint saved at training_output/20241121_110840/models/epoch_2.pth
2024-11-21 11:16:05,610 - INFO - Epoch [3/100], Batch [0/4]
 Dt Loss: 0.0794
 Goal Loss: 0.8730, MIE Loss: 0.2216
 MSE Loss R: 0.0063, BCE Loss G: 0.6451
2024-11-21 11:16:11,487 - INFO - Epoch [3/100] completed. Average Goal Loss: 0.7478
2024-11-21 11:16:11,487 - INFO - Epoch [3/100] completed. Average Action Loss: 0.0779
2024-11-21 11:16:11,487 - INFO - ===================================================================================
2024-11-21 11:16:24,494 - INFO - Epoch [3/100]
Action Validation Loss: 0.0736 
 Goal Validation Loss: 0.6610 
 MIE Validation Loss: 0.1062 
 MSE R Validation Loss: 0.0585 
 BCE G Validation Loss: 0.4963
2024-11-21 11:16:24,495 - INFO - ===================================================================================
2024-11-21 11:16:24,495 - INFO - Completed in 0h 7m
2024-11-21 11:16:29,927 - INFO - Epoch [4/100], Batch [0/4]
 Dt Loss: 0.0749
 Goal Loss: 0.9601, MIE Loss: 0.2882
 MSE Loss R: 0.1935, BCE Loss G: 0.4785
2024-11-21 11:16:35,546 - INFO - Epoch [4/100] completed. Average Goal Loss: 0.5573
2024-11-21 11:16:35,546 - INFO - Epoch [4/100] completed. Average Action Loss: 0.0713
2024-11-21 11:16:35,547 - INFO - ===================================================================================
2024-11-21 11:16:48,337 - INFO - Epoch [4/100]
Action Validation Loss: 0.0643 
 Goal Validation Loss: 0.3705 
 MIE Validation Loss: 0.0366 
 MSE R Validation Loss: 0.0519 
 BCE G Validation Loss: 0.2821
2024-11-21 11:16:48,337 - INFO - ===================================================================================
2024-11-21 11:16:48,338 - INFO - Completed in 0h 7m
2024-11-21 11:20:08,994 - INFO - 4 Test Returns: 48.8
2024-11-21 11:20:09,025 - INFO - Model checkpoint saved at training_output/20241121_110840/models/epoch_4.pth
2024-11-21 11:20:14,580 - INFO - Epoch [5/100], Batch [0/4]
 Dt Loss: 0.0643
 Goal Loss: 0.3388, MIE Loss: 0.0586
 MSE Loss R: 0.0155, BCE Loss G: 0.2647
2024-11-21 11:20:20,092 - INFO - Epoch [5/100] completed. Average Goal Loss: 0.2683
2024-11-21 11:20:20,092 - INFO - Epoch [5/100] completed. Average Action Loss: 0.0608
2024-11-21 11:20:20,092 - INFO - ===================================================================================
2024-11-21 11:20:32,924 - INFO - Epoch [5/100]
Action Validation Loss: 0.0541 
 Goal Validation Loss: 0.2393 
 MIE Validation Loss: 0.0227 
 MSE R Validation Loss: 0.0493 
 BCE G Validation Loss: 0.1673
2024-11-21 11:20:32,924 - INFO - ===================================================================================
2024-11-21 11:20:32,924 - INFO - Completed in 0h 11m
2024-11-21 11:20:38,502 - INFO - Epoch [6/100], Batch [0/4]
 Dt Loss: 0.0548
 Goal Loss: 0.1804, MIE Loss: 0.0172
 MSE Loss R: 0.0083, BCE Loss G: 0.1549
2024-11-21 11:20:43,998 - INFO - Epoch [6/100] completed. Average Goal Loss: 0.1702
2024-11-21 11:20:43,998 - INFO - Epoch [6/100] completed. Average Action Loss: 0.0524
2024-11-21 11:20:43,998 - INFO - ===================================================================================
2024-11-21 11:20:58,470 - INFO - Epoch [6/100]
Action Validation Loss: 0.0493 
 Goal Validation Loss: 0.1947 
 MIE Validation Loss: 0.0124 
 MSE R Validation Loss: 0.0512 
 BCE G Validation Loss: 0.1311
2024-11-21 11:20:58,470 - INFO - ===================================================================================
2024-11-21 11:20:58,471 - INFO - Completed in 0h 12m
2024-11-21 11:24:22,529 - INFO - 6 Test Returns: 58.0
2024-11-21 11:24:22,565 - INFO - Model checkpoint saved at training_output/20241121_110840/models/epoch_6.pth
2024-11-21 11:24:28,309 - INFO - Epoch [7/100], Batch [0/4]
 Dt Loss: 0.0503
 Goal Loss: 0.1337, MIE Loss: 0.0092
 MSE Loss R: 0.0068, BCE Loss G: 0.1178
2024-11-21 11:24:34,305 - INFO - Epoch [7/100] completed. Average Goal Loss: 0.2601
2024-11-21 11:24:34,306 - INFO - Epoch [7/100] completed. Average Action Loss: 0.0492
2024-11-21 11:24:34,306 - INFO - ===================================================================================
2024-11-21 11:24:49,034 - INFO - Epoch [7/100]
Action Validation Loss: 0.0462 
 Goal Validation Loss: 0.1980 
 MIE Validation Loss: 0.0271 
 MSE R Validation Loss: 0.0478 
 BCE G Validation Loss: 0.1231
2024-11-21 11:24:49,035 - INFO - ===================================================================================
2024-11-21 11:24:49,035 - INFO - Completed in 0h 15m
2024-11-21 11:24:54,507 - INFO - Epoch [8/100], Batch [0/4]
 Dt Loss: 0.0466
 Goal Loss: 0.1675, MIE Loss: 0.0095
 MSE Loss R: 0.0482, BCE Loss G: 0.1098
2024-11-21 11:25:00,481 - INFO - Epoch [8/100] completed. Average Goal Loss: 0.1956
2024-11-21 11:25:00,481 - INFO - Epoch [8/100] completed. Average Action Loss: 0.0460
2024-11-21 11:25:00,481 - INFO - ===================================================================================
2024-11-21 11:25:14,691 - INFO - Epoch [8/100]
Action Validation Loss: 0.0450 
 Goal Validation Loss: 0.1811 
 MIE Validation Loss: 0.0188 
 MSE R Validation Loss: 0.0452 
 BCE G Validation Loss: 0.1171
2024-11-21 11:25:14,691 - INFO - ===================================================================================
2024-11-21 11:25:14,692 - INFO - Completed in 0h 16m
2024-11-21 11:28:46,949 - INFO - 8 Test Returns: 53.4
2024-11-21 11:28:46,986 - INFO - Model checkpoint saved at training_output/20241121_110840/models/epoch_8.pth
2024-11-21 11:28:52,964 - INFO - Epoch [9/100], Batch [0/4]
 Dt Loss: 0.0457
 Goal Loss: 0.1437, MIE Loss: 0.0088
 MSE Loss R: 0.0191, BCE Loss G: 0.1157
2024-11-21 11:28:58,648 - INFO - Epoch [9/100] completed. Average Goal Loss: 0.1681
2024-11-21 11:28:58,648 - INFO - Epoch [9/100] completed. Average Action Loss: 0.0444
2024-11-21 11:28:58,648 - INFO - ===================================================================================
2024-11-21 11:29:12,164 - INFO - Epoch [9/100]
Action Validation Loss: 0.0419 
 Goal Validation Loss: 0.1638 
 MIE Validation Loss: 0.0040 
 MSE R Validation Loss: 0.0450 
 BCE G Validation Loss: 0.1148
2024-11-21 11:29:12,164 - INFO - ===================================================================================
2024-11-21 11:29:12,165 - INFO - Completed in 0h 20m
2024-11-21 11:29:17,221 - INFO - Epoch [10/100], Batch [0/4]
 Dt Loss: 0.0425
 Goal Loss: 0.2404, MIE Loss: 0.0115
 MSE Loss R: 0.0902, BCE Loss G: 0.1387
2024-11-21 11:29:22,723 - INFO - Epoch [10/100] completed. Average Goal Loss: 0.1774
2024-11-21 11:29:22,723 - INFO - Epoch [10/100] completed. Average Action Loss: 0.0412
2024-11-21 11:29:22,723 - INFO - ===================================================================================
2024-11-21 11:29:36,566 - INFO - Epoch [10/100]
Action Validation Loss: 0.0390 
 Goal Validation Loss: 0.1615 
 MIE Validation Loss: 0.0030 
 MSE R Validation Loss: 0.0450 
 BCE G Validation Loss: 0.1135
2024-11-21 11:29:36,567 - INFO - ===================================================================================
2024-11-21 11:29:36,567 - INFO - Completed in 0h 20m
2024-11-21 11:33:08,781 - INFO - 10 Test Returns: 52.6
2024-11-21 11:33:08,811 - INFO - Model checkpoint saved at training_output/20241121_110840/models/epoch_10.pth
2024-11-21 11:33:14,199 - INFO - Epoch [11/100], Batch [0/4]
 Dt Loss: 0.0397
 Goal Loss: 0.2384, MIE Loss: 0.0101
 MSE Loss R: 0.0894, BCE Loss G: 0.1388
2024-11-21 11:33:20,218 - INFO - Epoch [11/100] completed. Average Goal Loss: 0.1637
2024-11-21 11:33:20,219 - INFO - Epoch [11/100] completed. Average Action Loss: 0.0394
2024-11-21 11:33:20,219 - INFO - ===================================================================================
2024-11-21 11:33:34,060 - INFO - Epoch [11/100]
Action Validation Loss: 0.0362 
 Goal Validation Loss: 0.1594 
 MIE Validation Loss: 0.0021 
 MSE R Validation Loss: 0.0442 
 BCE G Validation Loss: 0.1130
2024-11-21 11:33:34,061 - INFO - ===================================================================================
2024-11-21 11:33:34,061 - INFO - Completed in 0h 24m
2024-11-21 11:33:39,656 - INFO - Epoch [12/100], Batch [0/4]
 Dt Loss: 0.0367
 Goal Loss: 0.1326, MIE Loss: 0.0052
 MSE Loss R: 0.0257, BCE Loss G: 0.1017
2024-11-21 11:33:45,652 - INFO - Epoch [12/100] completed. Average Goal Loss: 0.1190
2024-11-21 11:33:45,653 - INFO - Epoch [12/100] completed. Average Action Loss: 0.0367
2024-11-21 11:33:45,653 - INFO - ===================================================================================
2024-11-21 11:34:00,763 - INFO - Epoch [12/100]
Action Validation Loss: 0.0345 
 Goal Validation Loss: 0.1694 
 MIE Validation Loss: 0.0033 
 MSE R Validation Loss: 0.0529 
 BCE G Validation Loss: 0.1132
2024-11-21 11:34:00,763 - INFO - ===================================================================================
2024-11-21 11:34:00,764 - INFO - Completed in 0h 25m
2024-11-21 11:37:28,466 - INFO - 12 Test Returns: 54.2
2024-11-21 11:37:28,649 - INFO - Model checkpoint saved at training_output/20241121_110840/models/epoch_12.pth
2024-11-21 11:37:33,886 - INFO - Epoch [13/100], Batch [0/4]
 Dt Loss: 0.0363
 Goal Loss: 0.1125, MIE Loss: 0.0102
 MSE Loss R: 0.0054, BCE Loss G: 0.0969
2024-11-21 11:37:39,840 - INFO - Epoch [13/100] completed. Average Goal Loss: 0.1400
2024-11-21 11:37:39,841 - INFO - Epoch [13/100] completed. Average Action Loss: 0.0350
2024-11-21 11:37:39,841 - INFO - ===================================================================================
2024-11-21 11:37:53,664 - INFO - Epoch [13/100]
Action Validation Loss: 0.0328 
 Goal Validation Loss: 0.1635 
 MIE Validation Loss: 0.0031 
 MSE R Validation Loss: 0.0483 
 BCE G Validation Loss: 0.1122
2024-11-21 11:37:53,665 - INFO - ===================================================================================
2024-11-21 11:37:53,694 - INFO - Completed in 0h 29m
2024-11-21 11:37:58,987 - INFO - Epoch [14/100], Batch [0/4]
 Dt Loss: 0.0338
 Goal Loss: 0.1139, MIE Loss: 0.0021
 MSE Loss R: 0.0103, BCE Loss G: 0.1015
2024-11-21 11:38:05,282 - INFO - Epoch [14/100] completed. Average Goal Loss: 0.1324
2024-11-21 11:38:05,282 - INFO - Epoch [14/100] completed. Average Action Loss: 0.0329
2024-11-21 11:38:05,283 - INFO - ===================================================================================
2024-11-21 11:38:19,152 - INFO - Epoch [14/100]
Action Validation Loss: 0.0313 
 Goal Validation Loss: 0.1591 
 MIE Validation Loss: 0.0023 
 MSE R Validation Loss: 0.0449 
 BCE G Validation Loss: 0.1119
2024-11-21 11:38:19,152 - INFO - ===================================================================================
2024-11-21 11:38:19,152 - INFO - Completed in 0h 29m
2024-11-21 11:41:49,178 - INFO - 14 Test Returns: 60.6
2024-11-21 11:41:49,213 - INFO - Model checkpoint saved at training_output/20241121_110840/models/epoch_14.pth
2024-11-21 11:41:55,480 - INFO - Epoch [15/100], Batch [0/4]
 Dt Loss: 0.0321
 Goal Loss: 0.1569, MIE Loss: 0.0065
 MSE Loss R: 0.0325, BCE Loss G: 0.1179
2024-11-21 11:42:01,593 - INFO - Epoch [15/100] completed. Average Goal Loss: 0.1390
2024-11-21 11:42:01,593 - INFO - Epoch [15/100] completed. Average Action Loss: 0.0320
2024-11-21 11:42:01,593 - INFO - ===================================================================================
2024-11-21 11:42:15,212 - INFO - Epoch [15/100]
Action Validation Loss: 0.0302 
 Goal Validation Loss: 0.1589 
 MIE Validation Loss: 0.0013 
 MSE R Validation Loss: 0.0457 
 BCE G Validation Loss: 0.1119
2024-11-21 11:42:15,212 - INFO - ===================================================================================
2024-11-21 11:42:15,213 - INFO - Completed in 0h 33m
2024-11-21 11:42:20,403 - INFO - Epoch [16/100], Batch [0/4]
 Dt Loss: 0.0314
 Goal Loss: 0.1573, MIE Loss: 0.0059
 MSE Loss R: 0.0346, BCE Loss G: 0.1168
2024-11-21 11:42:26,198 - INFO - Epoch [16/100] completed. Average Goal Loss: 0.1792
2024-11-21 11:42:26,199 - INFO - Epoch [16/100] completed. Average Action Loss: 0.0315
2024-11-21 11:42:26,199 - INFO - ===================================================================================
2024-11-21 11:42:39,404 - INFO - Epoch [16/100]
Action Validation Loss: 0.0294 
 Goal Validation Loss: 0.1596 
 MIE Validation Loss: 0.0041 
 MSE R Validation Loss: 0.0440 
 BCE G Validation Loss: 0.1115
2024-11-21 11:42:39,405 - INFO - ===================================================================================
2024-11-21 11:42:39,405 - INFO - Completed in 0h 33m
