2024-12-06 07:00:25,970 - INFO - Starting.
2024-12-06 07:00:25,970 - INFO - Loading Data.
2024-12-06 07:01:30,204 - INFO - Data loaded in 0.0 hours 1.0 minutes.
2024-12-06 07:01:30,297 - INFO - Training Started.
2024-12-06 07:01:38,052 - INFO - Epoch [1/100], Batch [0/12]
 Dt Loss: 0.0726
 Goal Loss: 152.8498, MIE Loss: 38.0679
 MSE Loss R: 18.1677, BCE Loss G: 96.6142
2024-12-06 07:02:16,790 - INFO - Epoch [1/100], Batch [10/12]
 Dt Loss: 0.0600
 Goal Loss: 56.1417, MIE Loss: 0.9983
 MSE Loss R: 3.8667, BCE Loss G: 51.2767
2024-12-06 07:02:18,072 - INFO - Epoch [1/100] completed. Average Goal Loss: 79.3494
2024-12-06 07:02:18,072 - INFO - Epoch [1/100] completed. Average Action Loss: 0.0650
2024-12-06 07:02:18,072 - INFO - ===================================================================================
2024-12-06 07:02:32,160 - INFO - Epoch [1/100]
Action Validation Loss: 0.0582 
 Goal Validation Loss: 58.9612 
 MIE Validation Loss: 0.1544 
 MSE R Validation Loss: 8.5948 
 BCE G Validation Loss: 50.2119
2024-12-06 07:02:32,160 - INFO - ===================================================================================
2024-12-06 07:02:32,160 - INFO - Completed in 0h 1m
2024-12-06 07:03:31,120 - INFO - 1 Test Returns: 0.0
2024-12-06 07:03:31,122 - INFO - Model checkpoint saved at training_output/20241206_070023/models/epoch_1.pth
2024-12-06 07:03:36,858 - INFO - Epoch [2/100], Batch [0/12]
 Dt Loss: 0.0583
 Goal Loss: 53.6241, MIE Loss: 0.1317
 MSE Loss R: 3.8115, BCE Loss G: 49.6809
2024-12-06 07:04:09,476 - INFO - Epoch [2/100], Batch [10/12]
 Dt Loss: 0.0514
 Goal Loss: 31.5306, MIE Loss: 0.5702
 MSE Loss R: 3.8827, BCE Loss G: 27.0778
2024-12-06 07:04:10,847 - INFO - Epoch [2/100] completed. Average Goal Loss: 42.0295
2024-12-06 07:04:10,847 - INFO - Epoch [2/100] completed. Average Action Loss: 0.0540
2024-12-06 07:04:10,847 - INFO - ===================================================================================
2024-12-06 07:04:25,533 - INFO - Epoch [2/100]
Action Validation Loss: 0.0496 
 Goal Validation Loss: 34.4918 
 MIE Validation Loss: 0.1895 
 MSE R Validation Loss: 3.6782 
 BCE G Validation Loss: 30.6240
2024-12-06 07:04:25,534 - INFO - ===================================================================================
2024-12-06 07:04:25,534 - INFO - Completed in 0h 2m
2024-12-06 07:05:19,108 - INFO - 2 Test Returns: 0.0
2024-12-06 07:05:19,109 - INFO - Model checkpoint saved at training_output/20241206_070023/models/epoch_2.pth
2024-12-06 07:05:23,895 - INFO - Epoch [3/100], Batch [0/12]
 Dt Loss: 0.0503
 Goal Loss: 31.5521, MIE Loss: 0.1033
 MSE Loss R: 3.3351, BCE Loss G: 28.1136
2024-12-06 07:05:50,518 - INFO - Epoch [3/100], Batch [10/12]
 Dt Loss: 0.0472
 Goal Loss: 23.3649, MIE Loss: 0.0509
 MSE Loss R: 2.3012, BCE Loss G: 21.0128
2024-12-06 07:05:51,720 - INFO - Epoch [3/100] completed. Average Goal Loss: 27.8247
2024-12-06 07:05:51,720 - INFO - Epoch [3/100] completed. Average Action Loss: 0.0489
2024-12-06 07:05:51,720 - INFO - ===================================================================================
2024-12-06 07:06:05,485 - INFO - Epoch [3/100]
Action Validation Loss: 0.0458 
 Goal Validation Loss: 30.2365 
 MIE Validation Loss: 0.0375 
 MSE R Validation Loss: 4.3954 
 BCE G Validation Loss: 25.8036
2024-12-06 07:06:05,486 - INFO - ===================================================================================
2024-12-06 07:06:05,486 - INFO - Completed in 0h 4m
2024-12-06 07:06:10,290 - INFO - Epoch [4/100], Batch [0/12]
 Dt Loss: 0.0466
 Goal Loss: 22.6484, MIE Loss: 0.0259
 MSE Loss R: 2.6000, BCE Loss G: 20.0225
2024-12-06 07:06:41,324 - INFO - Epoch [4/100], Batch [10/12]
 Dt Loss: 0.0444
 Goal Loss: 26.5547, MIE Loss: 0.1111
 MSE Loss R: 4.5106, BCE Loss G: 21.9331
2024-12-06 07:06:42,853 - INFO - Epoch [4/100] completed. Average Goal Loss: 25.0056
2024-12-06 07:06:42,853 - INFO - Epoch [4/100] completed. Average Action Loss: 0.0454
2024-12-06 07:06:42,854 - INFO - ===================================================================================
2024-12-06 07:06:57,015 - INFO - Epoch [4/100]
Action Validation Loss: 0.0429 
 Goal Validation Loss: 30.3825 
 MIE Validation Loss: 0.1616 
 MSE R Validation Loss: 4.3064 
 BCE G Validation Loss: 25.9144
2024-12-06 07:06:57,016 - INFO - ===================================================================================
2024-12-06 07:06:57,016 - INFO - Completed in 0h 5m
2024-12-06 07:07:52,344 - INFO - 4 Test Returns: 0.0
2024-12-06 07:07:52,345 - INFO - Model checkpoint saved at training_output/20241206_070023/models/epoch_4.pth
2024-12-06 07:07:58,504 - INFO - Epoch [5/100], Batch [0/12]
 Dt Loss: 0.0441
 Goal Loss: 24.5495, MIE Loss: 0.0659
 MSE Loss R: 1.5406, BCE Loss G: 22.9429
2024-12-06 07:08:34,951 - INFO - Epoch [5/100], Batch [10/12]
 Dt Loss: 0.0426
 Goal Loss: 27.2874, MIE Loss: 0.0608
 MSE Loss R: 4.2140, BCE Loss G: 23.0126
2024-12-06 07:08:36,106 - INFO - Epoch [5/100] completed. Average Goal Loss: 26.0959
2024-12-06 07:08:36,106 - INFO - Epoch [5/100] completed. Average Action Loss: 0.0430
2024-12-06 07:08:36,106 - INFO - ===================================================================================
2024-12-06 07:08:47,715 - INFO - Epoch [5/100]
Action Validation Loss: 0.0415 
 Goal Validation Loss: 30.1075 
 MIE Validation Loss: 0.0812 
 MSE R Validation Loss: 3.8720 
 BCE G Validation Loss: 26.1543
2024-12-06 07:08:47,716 - INFO - ===================================================================================
2024-12-06 07:08:47,716 - INFO - Completed in 0h 7m
2024-12-06 07:08:52,140 - INFO - Epoch [6/100], Batch [0/12]
 Dt Loss: 0.0427
 Goal Loss: 26.3278, MIE Loss: 0.0356
 MSE Loss R: 3.8240, BCE Loss G: 22.4682
2024-12-06 07:09:22,158 - INFO - Epoch [6/100], Batch [10/12]
 Dt Loss: 0.0410
 Goal Loss: 29.3034, MIE Loss: 0.0432
 MSE Loss R: 4.1179, BCE Loss G: 25.1424
2024-12-06 07:09:23,869 - INFO - Epoch [6/100] completed. Average Goal Loss: 26.4346
2024-12-06 07:09:23,869 - INFO - Epoch [6/100] completed. Average Action Loss: 0.0416
2024-12-06 07:09:23,869 - INFO - ===================================================================================
2024-12-06 07:09:37,888 - INFO - Epoch [6/100]
Action Validation Loss: 0.0394 
 Goal Validation Loss: 29.3945 
 MIE Validation Loss: 0.0093 
 MSE R Validation Loss: 3.8144 
 BCE G Validation Loss: 25.5708
2024-12-06 07:09:37,888 - INFO - ===================================================================================
2024-12-06 07:09:37,889 - INFO - Completed in 0h 8m
2024-12-06 07:10:34,768 - INFO - 6 Test Returns: 0.045
2024-12-06 07:10:34,769 - INFO - Model checkpoint saved at training_output/20241206_070023/models/epoch_6.pth
2024-12-06 07:10:39,520 - INFO - Epoch [7/100], Batch [0/12]
 Dt Loss: 0.0408
 Goal Loss: 25.7515, MIE Loss: 0.0074
 MSE Loss R: 3.9709, BCE Loss G: 21.7732
2024-12-06 07:11:09,789 - INFO - Epoch [7/100], Batch [10/12]
 Dt Loss: 0.0399
 Goal Loss: 23.8531, MIE Loss: 0.0064
 MSE Loss R: 1.5481, BCE Loss G: 22.2986
2024-12-06 07:11:11,089 - INFO - Epoch [7/100] completed. Average Goal Loss: 24.8528
2024-12-06 07:11:11,089 - INFO - Epoch [7/100] completed. Average Action Loss: 0.0403
2024-12-06 07:11:11,089 - INFO - ===================================================================================
2024-12-06 07:11:26,651 - INFO - Epoch [7/100]
Action Validation Loss: 0.0378 
 Goal Validation Loss: 29.9998 
 MIE Validation Loss: 0.0304 
 MSE R Validation Loss: 4.4586 
 BCE G Validation Loss: 25.5108
2024-12-06 07:11:26,651 - INFO - ===================================================================================
2024-12-06 07:11:26,652 - INFO - Completed in 0h 9m
2024-12-06 07:11:32,023 - INFO - Epoch [8/100], Batch [0/12]
 Dt Loss: 0.0394
 Goal Loss: 22.8883, MIE Loss: 0.0163
 MSE Loss R: 1.5422, BCE Loss G: 21.3298
2024-12-06 07:12:00,584 - INFO - Epoch [8/100], Batch [10/12]
 Dt Loss: 0.0388
 Goal Loss: 24.5876, MIE Loss: 0.0041
 MSE Loss R: 1.4523, BCE Loss G: 23.1313
2024-12-06 07:12:02,177 - INFO - Epoch [8/100] completed. Average Goal Loss: 26.3123
2024-12-06 07:12:02,178 - INFO - Epoch [8/100] completed. Average Action Loss: 0.0393
2024-12-06 07:12:02,178 - INFO - ===================================================================================
2024-12-06 07:12:15,528 - INFO - Epoch [8/100]
Action Validation Loss: 0.0372 
 Goal Validation Loss: 29.4744 
 MIE Validation Loss: 0.0085 
 MSE R Validation Loss: 3.6527 
 BCE G Validation Loss: 25.8132
2024-12-06 07:12:15,529 - INFO - ===================================================================================
2024-12-06 07:12:15,529 - INFO - Completed in 0h 10m
2024-12-06 07:13:17,081 - INFO - 8 Test Returns: 0.0
2024-12-06 07:13:17,082 - INFO - Model checkpoint saved at training_output/20241206_070023/models/epoch_8.pth
2024-12-06 07:13:21,383 - INFO - Epoch [9/100], Batch [0/12]
 Dt Loss: 0.0387
 Goal Loss: 21.4246, MIE Loss: 0.0039
 MSE Loss R: 1.4238, BCE Loss G: 19.9968
2024-12-06 07:13:48,800 - INFO - Epoch [9/100], Batch [10/12]
 Dt Loss: 0.0383
 Goal Loss: 20.6537, MIE Loss: 0.0194
 MSE Loss R: 1.6116, BCE Loss G: 19.0228
2024-12-06 07:13:50,169 - INFO - Epoch [9/100] completed. Average Goal Loss: 25.2411
2024-12-06 07:13:50,170 - INFO - Epoch [9/100] completed. Average Action Loss: 0.0387
2024-12-06 07:13:50,170 - INFO - ===================================================================================
2024-12-06 07:14:02,962 - INFO - Epoch [9/100]
Action Validation Loss: 0.0372 
 Goal Validation Loss: 28.8454 
 MIE Validation Loss: 0.0065 
 MSE R Validation Loss: 3.9142 
 BCE G Validation Loss: 24.9247
2024-12-06 07:14:02,962 - INFO - ===================================================================================
2024-12-06 07:14:02,962 - INFO - Completed in 0h 12m
2024-12-06 07:14:07,375 - INFO - Epoch [10/100], Batch [0/12]
 Dt Loss: 0.0389
 Goal Loss: 21.1927, MIE Loss: 0.0249
 MSE Loss R: 1.9274, BCE Loss G: 19.2404
2024-12-06 07:14:38,672 - INFO - Epoch [10/100], Batch [10/12]
 Dt Loss: 0.0375
 Goal Loss: 22.2391, MIE Loss: 0.0095
 MSE Loss R: 2.0417, BCE Loss G: 20.1880
2024-12-06 07:14:39,927 - INFO - Epoch [10/100] completed. Average Goal Loss: 23.9970
2024-12-06 07:14:39,927 - INFO - Epoch [10/100] completed. Average Action Loss: 0.0384
2024-12-06 07:14:39,927 - INFO - ===================================================================================
2024-12-06 07:14:54,343 - INFO - Epoch [10/100]
Action Validation Loss: 0.0368 
 Goal Validation Loss: 30.2591 
 MIE Validation Loss: 0.0642 
 MSE R Validation Loss: 4.5541 
 BCE G Validation Loss: 25.6407
2024-12-06 07:14:54,343 - INFO - ===================================================================================
2024-12-06 07:14:54,344 - INFO - Completed in 0h 13m
2024-12-06 07:15:51,906 - INFO - 10 Test Returns: 0.0
2024-12-06 07:15:51,907 - INFO - Model checkpoint saved at training_output/20241206_070023/models/epoch_10.pth
2024-12-06 07:15:56,443 - INFO - Epoch [11/100], Batch [0/12]
 Dt Loss: 0.0379
 Goal Loss: 23.1632, MIE Loss: 0.0189
 MSE Loss R: 1.6909, BCE Loss G: 21.4534
2024-12-06 07:16:25,302 - INFO - Epoch [11/100], Batch [10/12]
 Dt Loss: 0.0371
 Goal Loss: 22.5383, MIE Loss: 0.0074
 MSE Loss R: 3.0867, BCE Loss G: 19.4442
2024-12-06 07:16:26,521 - INFO - Epoch [11/100] completed. Average Goal Loss: 25.3607
2024-12-06 07:16:26,521 - INFO - Epoch [11/100] completed. Average Action Loss: 0.0379
2024-12-06 07:16:26,521 - INFO - ===================================================================================
2024-12-06 07:16:38,496 - INFO - Epoch [11/100]
Action Validation Loss: 0.0350 
 Goal Validation Loss: 30.8998 
 MIE Validation Loss: 0.0109 
 MSE R Validation Loss: 3.8779 
 BCE G Validation Loss: 27.0109
2024-12-06 07:16:38,496 - INFO - ===================================================================================
2024-12-06 07:16:38,497 - INFO - Completed in 0h 15m
2024-12-06 07:16:43,204 - INFO - Epoch [12/100], Batch [0/12]
 Dt Loss: 0.0369
 Goal Loss: 21.1809, MIE Loss: 0.0368
 MSE Loss R: 1.5560, BCE Loss G: 19.5880
2024-12-06 07:17:11,867 - INFO - Epoch [12/100], Batch [10/12]
 Dt Loss: 0.0367
 Goal Loss: 25.6883, MIE Loss: 0.0016
 MSE Loss R: 2.9808, BCE Loss G: 22.7059
2024-12-06 07:17:13,080 - INFO - Epoch [12/100] completed. Average Goal Loss: 24.6235
2024-12-06 07:17:13,081 - INFO - Epoch [12/100] completed. Average Action Loss: 0.0374
2024-12-06 07:17:13,081 - INFO - ===================================================================================
2024-12-06 07:17:27,328 - INFO - Epoch [12/100]
Action Validation Loss: 0.0349 
 Goal Validation Loss: 28.9804 
 MIE Validation Loss: 0.0016 
 MSE R Validation Loss: 3.3105 
 BCE G Validation Loss: 25.6683
2024-12-06 07:17:27,329 - INFO - ===================================================================================
2024-12-06 07:17:27,330 - INFO - Completed in 0h 15m
2024-12-06 07:18:24,560 - INFO - 12 Test Returns: 0.0
2024-12-06 07:18:24,562 - INFO - Model checkpoint saved at training_output/20241206_070023/models/epoch_12.pth
2024-12-06 07:18:29,172 - INFO - Epoch [13/100], Batch [0/12]
 Dt Loss: 0.0366
 Goal Loss: 22.3472, MIE Loss: 0.0011
 MSE Loss R: 2.8838, BCE Loss G: 19.4623
2024-12-06 07:18:57,230 - INFO - Epoch [13/100], Batch [10/12]
 Dt Loss: 0.0363
 Goal Loss: 22.0093, MIE Loss: 0.0013
 MSE Loss R: 2.6957, BCE Loss G: 19.3123
2024-12-06 07:18:58,505 - INFO - Epoch [13/100] completed. Average Goal Loss: 23.2215
2024-12-06 07:18:58,506 - INFO - Epoch [13/100] completed. Average Action Loss: 0.0367
2024-12-06 07:18:58,506 - INFO - ===================================================================================
2024-12-06 07:19:10,825 - INFO - Epoch [13/100]
Action Validation Loss: 0.0343 
 Goal Validation Loss: 32.8642 
 MIE Validation Loss: 0.0081 
 MSE R Validation Loss: 4.7258 
 BCE G Validation Loss: 28.1303
2024-12-06 07:19:10,825 - INFO - ===================================================================================
2024-12-06 07:19:10,826 - INFO - Completed in 0h 17m
2024-12-06 07:19:15,255 - INFO - Epoch [14/100], Batch [0/12]
 Dt Loss: 0.0364
 Goal Loss: 22.1857, MIE Loss: 0.0016
 MSE Loss R: 2.5350, BCE Loss G: 19.6490
2024-12-06 07:19:43,850 - INFO - Epoch [14/100], Batch [10/12]
 Dt Loss: 0.0356
 Goal Loss: 23.0364, MIE Loss: 0.0013
 MSE Loss R: 3.5504, BCE Loss G: 19.4846
2024-12-06 07:19:45,138 - INFO - Epoch [14/100] completed. Average Goal Loss: 24.7881
2024-12-06 07:19:45,138 - INFO - Epoch [14/100] completed. Average Action Loss: 0.0360
2024-12-06 07:19:45,138 - INFO - ===================================================================================
2024-12-06 07:19:58,916 - INFO - Epoch [14/100]
Action Validation Loss: 0.0335 
 Goal Validation Loss: 28.3647 
 MIE Validation Loss: 0.0026 
 MSE R Validation Loss: 3.7802 
 BCE G Validation Loss: 24.5818
2024-12-06 07:19:58,916 - INFO - ===================================================================================
2024-12-06 07:19:58,917 - INFO - Completed in 0h 18m
2024-12-06 07:20:52,891 - INFO - 14 Test Returns: 0.0
2024-12-06 07:20:52,893 - INFO - Model checkpoint saved at training_output/20241206_070023/models/epoch_14.pth
2024-12-06 07:20:57,548 - INFO - Epoch [15/100], Batch [0/12]
 Dt Loss: 0.0357
 Goal Loss: 22.3744, MIE Loss: 0.0007
 MSE Loss R: 1.3917, BCE Loss G: 20.9820
2024-12-06 07:21:25,312 - INFO - Epoch [15/100], Batch [10/12]
 Dt Loss: 0.0347
 Goal Loss: 25.3058, MIE Loss: 0.0228
 MSE Loss R: 5.5848, BCE Loss G: 19.6982
2024-12-06 07:21:26,634 - INFO - Epoch [15/100] completed. Average Goal Loss: 24.9423
2024-12-06 07:21:26,635 - INFO - Epoch [15/100] completed. Average Action Loss: 0.0351
2024-12-06 07:21:26,635 - INFO - ===================================================================================
2024-12-06 07:21:39,171 - INFO - Epoch [15/100]
Action Validation Loss: 0.0327 
 Goal Validation Loss: 28.1290 
 MIE Validation Loss: 0.0031 
 MSE R Validation Loss: 3.6872 
 BCE G Validation Loss: 24.4386
2024-12-06 07:21:39,172 - INFO - ===================================================================================
2024-12-06 07:21:39,172 - INFO - Completed in 0h 20m
2024-12-06 07:21:43,563 - INFO - Epoch [16/100], Batch [0/12]
 Dt Loss: 0.0349
 Goal Loss: 21.6506, MIE Loss: 0.0010
 MSE Loss R: 1.9739, BCE Loss G: 19.6757
2024-12-06 07:22:12,520 - INFO - Epoch [16/100], Batch [10/12]
 Dt Loss: 0.0342
 Goal Loss: 37.0127, MIE Loss: 0.0023
 MSE Loss R: 12.5052, BCE Loss G: 24.5052
2024-12-06 07:22:13,791 - INFO - Epoch [16/100] completed. Average Goal Loss: 24.6677
2024-12-06 07:22:13,791 - INFO - Epoch [16/100] completed. Average Action Loss: 0.0344
2024-12-06 07:22:13,791 - INFO - ===================================================================================
2024-12-06 07:22:28,831 - INFO - Epoch [16/100]
Action Validation Loss: 0.0317 
 Goal Validation Loss: 28.6720 
 MIE Validation Loss: 0.0152 
 MSE R Validation Loss: 3.8674 
 BCE G Validation Loss: 24.7894
2024-12-06 07:22:28,831 - INFO - ===================================================================================
2024-12-06 07:22:28,835 - INFO - Completed in 0h 20m
2024-12-06 07:23:26,335 - INFO - 16 Test Returns: 0.0
2024-12-06 07:23:26,336 - INFO - Model checkpoint saved at training_output/20241206_070023/models/epoch_16.pth
2024-12-06 07:23:30,778 - INFO - Epoch [17/100], Batch [0/12]
 Dt Loss: 0.0342
 Goal Loss: 27.6063, MIE Loss: 0.0037
 MSE Loss R: 4.8795, BCE Loss G: 22.7231
2024-12-06 07:23:59,674 - INFO - Epoch [17/100], Batch [10/12]
 Dt Loss: 0.0335
 Goal Loss: 23.6486, MIE Loss: 0.0014
 MSE Loss R: 2.2980, BCE Loss G: 21.3492
2024-12-06 07:24:00,915 - INFO - Epoch [17/100] completed. Average Goal Loss: 24.6160
2024-12-06 07:24:00,916 - INFO - Epoch [17/100] completed. Average Action Loss: 0.0338
2024-12-06 07:24:00,916 - INFO - ===================================================================================
2024-12-06 07:24:13,280 - INFO - Epoch [17/100]
Action Validation Loss: 0.0311 
 Goal Validation Loss: 27.8516 
 MIE Validation Loss: 0.0029 
 MSE R Validation Loss: 3.3375 
 BCE G Validation Loss: 24.5112
2024-12-06 07:24:13,280 - INFO - ===================================================================================
2024-12-06 07:24:13,281 - INFO - Completed in 0h 22m
2024-12-06 07:24:17,832 - INFO - Epoch [18/100], Batch [0/12]
 Dt Loss: 0.0331
 Goal Loss: 20.6374, MIE Loss: 0.0016
 MSE Loss R: 2.0293, BCE Loss G: 18.6066
2024-12-06 07:24:46,207 - INFO - Epoch [18/100], Batch [10/12]
 Dt Loss: 0.0333
 Goal Loss: 22.4025, MIE Loss: 0.0005
 MSE Loss R: 1.3773, BCE Loss G: 21.0247
2024-12-06 07:24:47,437 - INFO - Epoch [18/100] completed. Average Goal Loss: 23.1373
2024-12-06 07:24:47,437 - INFO - Epoch [18/100] completed. Average Action Loss: 0.0334
2024-12-06 07:24:47,437 - INFO - ===================================================================================
2024-12-06 07:24:59,868 - INFO - Epoch [18/100]
Action Validation Loss: 0.0309 
 Goal Validation Loss: 28.2686 
 MIE Validation Loss: 0.0014 
 MSE R Validation Loss: 3.1743 
 BCE G Validation Loss: 25.0928
2024-12-06 07:24:59,869 - INFO - ===================================================================================
2024-12-06 07:24:59,870 - INFO - Completed in 0h 23m
2024-12-06 07:25:57,462 - INFO - 18 Test Returns: 0.0
2024-12-06 07:25:57,463 - INFO - Model checkpoint saved at training_output/20241206_070023/models/epoch_18.pth
2024-12-06 07:26:01,862 - INFO - Epoch [19/100], Batch [0/12]
 Dt Loss: 0.0334
 Goal Loss: 24.0396, MIE Loss: 0.0008
 MSE Loss R: 1.1978, BCE Loss G: 22.8409
2024-12-06 07:26:29,448 - INFO - Epoch [19/100], Batch [10/12]
 Dt Loss: 0.0328
 Goal Loss: 21.4004, MIE Loss: 0.0006
 MSE Loss R: 2.1510, BCE Loss G: 19.2487
2024-12-06 07:26:30,625 - INFO - Epoch [19/100] completed. Average Goal Loss: 23.3039
2024-12-06 07:26:30,625 - INFO - Epoch [19/100] completed. Average Action Loss: 0.0333
2024-12-06 07:26:30,626 - INFO - ===================================================================================
2024-12-06 07:26:41,677 - INFO - Epoch [19/100]
Action Validation Loss: 0.0308 
 Goal Validation Loss: 28.4833 
 MIE Validation Loss: 0.0019 
 MSE R Validation Loss: 3.5693 
 BCE G Validation Loss: 24.9121
2024-12-06 07:26:41,678 - INFO - ===================================================================================
2024-12-06 07:26:41,678 - INFO - Completed in 0h 25m
2024-12-06 07:26:46,293 - INFO - Epoch [20/100], Batch [0/12]
 Dt Loss: 0.0330
 Goal Loss: 26.3000, MIE Loss: 0.0007
 MSE Loss R: 3.8733, BCE Loss G: 22.4260
2024-12-06 07:27:15,194 - INFO - Epoch [20/100], Batch [10/12]
 Dt Loss: 0.0327
 Goal Loss: 20.6100, MIE Loss: 0.0097
 MSE Loss R: 1.5210, BCE Loss G: 19.0793
2024-12-06 07:27:16,375 - INFO - Epoch [20/100] completed. Average Goal Loss: 23.0706
2024-12-06 07:27:16,375 - INFO - Epoch [20/100] completed. Average Action Loss: 0.0334
2024-12-06 07:27:16,376 - INFO - ===================================================================================
2024-12-06 07:27:30,256 - INFO - Epoch [20/100]
Action Validation Loss: 0.0303 
 Goal Validation Loss: 29.6407 
 MIE Validation Loss: 0.3759 
 MSE R Validation Loss: 3.8657 
 BCE G Validation Loss: 25.3991
2024-12-06 07:27:30,256 - INFO - ===================================================================================
2024-12-06 07:27:30,257 - INFO - Completed in 0h 25m
2024-12-06 07:28:29,336 - INFO - 20 Test Returns: 0.0
2024-12-06 07:28:29,337 - INFO - Model checkpoint saved at training_output/20241206_070023/models/epoch_20.pth
2024-12-06 07:28:33,781 - INFO - Epoch [21/100], Batch [0/12]
 Dt Loss: 0.0329
 Goal Loss: 29.1800, MIE Loss: 0.0786
 MSE Loss R: 5.0575, BCE Loss G: 24.0440
2024-12-06 07:29:01,570 - INFO - Epoch [21/100], Batch [10/12]
 Dt Loss: 0.0325
 Goal Loss: 24.4764, MIE Loss: 0.0005
 MSE Loss R: 3.5799, BCE Loss G: 20.8960
2024-12-06 07:29:02,763 - INFO - Epoch [21/100] completed. Average Goal Loss: 23.4047
2024-12-06 07:29:02,764 - INFO - Epoch [21/100] completed. Average Action Loss: 0.0323
2024-12-06 07:29:02,764 - INFO - ===================================================================================
2024-12-06 07:29:16,042 - INFO - Epoch [21/100]
Action Validation Loss: 0.0304 
 Goal Validation Loss: 28.3714 
 MIE Validation Loss: 0.0014 
 MSE R Validation Loss: 3.9599 
 BCE G Validation Loss: 24.4101
2024-12-06 07:29:16,043 - INFO - ===================================================================================
2024-12-06 07:29:16,043 - INFO - Completed in 0h 27m
2024-12-06 07:29:20,657 - INFO - Epoch [22/100], Batch [0/12]
 Dt Loss: 0.0332
 Goal Loss: 20.7912, MIE Loss: 0.0006
 MSE Loss R: 1.8291, BCE Loss G: 18.9615
2024-12-06 07:29:50,374 - INFO - Epoch [22/100], Batch [10/12]
 Dt Loss: 0.0325
 Goal Loss: 22.1594, MIE Loss: 0.0004
 MSE Loss R: 2.8055, BCE Loss G: 19.3534
2024-12-06 07:29:51,654 - INFO - Epoch [22/100] completed. Average Goal Loss: 22.3075
2024-12-06 07:29:51,655 - INFO - Epoch [22/100] completed. Average Action Loss: 0.0323
2024-12-06 07:29:51,656 - INFO - ===================================================================================
2024-12-06 07:30:04,482 - INFO - Epoch [22/100]
Action Validation Loss: 0.0291 
 Goal Validation Loss: 27.3804 
 MIE Validation Loss: 0.0011 
 MSE R Validation Loss: 3.1939 
 BCE G Validation Loss: 24.1854
2024-12-06 07:30:04,482 - INFO - ===================================================================================
2024-12-06 07:30:04,483 - INFO - Completed in 0h 28m
2024-12-06 07:30:59,703 - INFO - 22 Test Returns: 0.0
2024-12-06 07:30:59,705 - INFO - Model checkpoint saved at training_output/20241206_070023/models/epoch_22.pth
2024-12-06 07:31:04,311 - INFO - Epoch [23/100], Batch [0/12]
 Dt Loss: 0.0318
 Goal Loss: 21.0926, MIE Loss: 0.0013
 MSE Loss R: 2.1768, BCE Loss G: 18.9146
2024-12-06 07:31:31,412 - INFO - Epoch [23/100], Batch [10/12]
 Dt Loss: 0.0310
 Goal Loss: 28.8731, MIE Loss: 0.0508
 MSE Loss R: 6.0754, BCE Loss G: 22.7470
2024-12-06 07:31:32,582 - INFO - Epoch [23/100] completed. Average Goal Loss: 23.7048
2024-12-06 07:31:32,583 - INFO - Epoch [23/100] completed. Average Action Loss: 0.0315
2024-12-06 07:31:32,583 - INFO - ===================================================================================
2024-12-06 07:31:45,833 - INFO - Epoch [23/100]
Action Validation Loss: 0.0293 
 Goal Validation Loss: 27.6146 
 MIE Validation Loss: 0.0078 
 MSE R Validation Loss: 3.4187 
 BCE G Validation Loss: 24.1881
2024-12-06 07:31:45,833 - INFO - ===================================================================================
2024-12-06 07:31:45,833 - INFO - Completed in 0h 30m
2024-12-06 07:31:50,722 - INFO - Epoch [24/100], Batch [0/12]
 Dt Loss: 0.0319
 Goal Loss: 20.2955, MIE Loss: 0.0021
 MSE Loss R: 1.7137, BCE Loss G: 18.5796
2024-12-06 07:32:17,894 - INFO - Epoch [24/100], Batch [10/12]
 Dt Loss: 0.0311
 Goal Loss: 25.7335, MIE Loss: 0.0002
 MSE Loss R: 1.6969, BCE Loss G: 24.0363
2024-12-06 07:32:19,123 - INFO - Epoch [24/100] completed. Average Goal Loss: 22.3781
2024-12-06 07:32:19,123 - INFO - Epoch [24/100] completed. Average Action Loss: 0.0314
2024-12-06 07:32:19,123 - INFO - ===================================================================================
2024-12-06 07:32:30,976 - INFO - Epoch [24/100]
Action Validation Loss: 0.0287 
 Goal Validation Loss: 28.5827 
 MIE Validation Loss: 0.0006 
 MSE R Validation Loss: 4.0290 
 BCE G Validation Loss: 24.5531
2024-12-06 07:32:30,976 - INFO - ===================================================================================
2024-12-06 07:32:30,977 - INFO - Completed in 0h 31m
2024-12-06 07:33:25,666 - INFO - 24 Test Returns: 0.0
2024-12-06 07:33:25,667 - INFO - Model checkpoint saved at training_output/20241206_070023/models/epoch_24.pth
2024-12-06 07:33:30,272 - INFO - Epoch [25/100], Batch [0/12]
 Dt Loss: 0.0313
 Goal Loss: 20.8974, MIE Loss: 0.0003
 MSE Loss R: 2.0398, BCE Loss G: 18.8574
2024-12-06 07:34:00,028 - INFO - Epoch [25/100], Batch [10/12]
 Dt Loss: 0.0309
 Goal Loss: 29.9936, MIE Loss: 0.0190
 MSE Loss R: 6.7441, BCE Loss G: 23.2305
2024-12-06 07:34:01,344 - INFO - Epoch [25/100] completed. Average Goal Loss: 23.0424
2024-12-06 07:34:01,344 - INFO - Epoch [25/100] completed. Average Action Loss: 0.0312
2024-12-06 07:34:01,344 - INFO - ===================================================================================
2024-12-06 07:34:14,707 - INFO - Epoch [25/100]
Action Validation Loss: 0.0290 
 Goal Validation Loss: 27.4442 
 MIE Validation Loss: 0.0012 
 MSE R Validation Loss: 3.2793 
 BCE G Validation Loss: 24.1637
2024-12-06 07:34:14,708 - INFO - ===================================================================================
2024-12-06 07:34:14,708 - INFO - Completed in 0h 32m
2024-12-06 07:34:19,185 - INFO - Epoch [26/100], Batch [0/12]
 Dt Loss: 0.0316
 Goal Loss: 22.0518, MIE Loss: 0.0007
 MSE Loss R: 2.7458, BCE Loss G: 19.3053
2024-12-06 07:34:48,023 - INFO - Epoch [26/100], Batch [10/12]
 Dt Loss: 0.0305
 Goal Loss: 22.6517, MIE Loss: 0.0007
 MSE Loss R: 2.9804, BCE Loss G: 19.6706
2024-12-06 07:34:49,619 - INFO - Epoch [26/100] completed. Average Goal Loss: 22.2921
2024-12-06 07:34:49,620 - INFO - Epoch [26/100] completed. Average Action Loss: 0.0312
2024-12-06 07:34:49,620 - INFO - ===================================================================================
2024-12-06 07:35:02,461 - INFO - Epoch [26/100]
Action Validation Loss: 0.0292 
 Goal Validation Loss: 27.4162 
 MIE Validation Loss: 0.0009 
 MSE R Validation Loss: 3.1483 
 BCE G Validation Loss: 24.2669
2024-12-06 07:35:02,461 - INFO - ===================================================================================
2024-12-06 07:35:02,462 - INFO - Completed in 0h 33m
2024-12-06 07:36:02,141 - INFO - 26 Test Returns: 0.0
2024-12-06 07:36:02,142 - INFO - Model checkpoint saved at training_output/20241206_070023/models/epoch_26.pth
2024-12-06 07:36:07,228 - INFO - Epoch [27/100], Batch [0/12]
 Dt Loss: 0.0317
 Goal Loss: 21.9756, MIE Loss: 0.0004
 MSE Loss R: 2.5758, BCE Loss G: 19.3994
2024-12-06 07:36:37,327 - INFO - Epoch [27/100], Batch [10/12]
 Dt Loss: 0.0301
 Goal Loss: 20.1670, MIE Loss: 0.0006
 MSE Loss R: 1.8269, BCE Loss G: 18.3395
2024-12-06 07:36:38,553 - INFO - Epoch [27/100] completed. Average Goal Loss: 22.2685
2024-12-06 07:36:38,554 - INFO - Epoch [27/100] completed. Average Action Loss: 0.0307
2024-12-06 07:36:38,554 - INFO - ===================================================================================
2024-12-06 07:36:51,737 - INFO - Epoch [27/100]
Action Validation Loss: 0.0273 
 Goal Validation Loss: 27.5615 
 MIE Validation Loss: 0.0013 
 MSE R Validation Loss: 3.3238 
 BCE G Validation Loss: 24.2364
2024-12-06 07:36:51,738 - INFO - ===================================================================================
2024-12-06 07:36:51,738 - INFO - Completed in 0h 35m
2024-12-06 07:36:57,034 - INFO - Epoch [28/100], Batch [0/12]
 Dt Loss: 0.0302
 Goal Loss: 22.5487, MIE Loss: 0.0109
 MSE Loss R: 1.5371, BCE Loss G: 21.0007
2024-12-06 07:37:23,680 - INFO - Epoch [28/100], Batch [10/12]
 Dt Loss: 0.0304
 Goal Loss: 27.8059, MIE Loss: 0.0036
 MSE Loss R: 4.4260, BCE Loss G: 23.3763
2024-12-06 07:37:24,968 - INFO - Epoch [28/100] completed. Average Goal Loss: 22.9175
2024-12-06 07:37:24,968 - INFO - Epoch [28/100] completed. Average Action Loss: 0.0300
2024-12-06 07:37:24,968 - INFO - ===================================================================================
2024-12-06 07:37:37,075 - INFO - Epoch [28/100]
Action Validation Loss: 0.0272 
 Goal Validation Loss: 27.3792 
 MIE Validation Loss: 0.0027 
 MSE R Validation Loss: 3.2221 
 BCE G Validation Loss: 24.1544
2024-12-06 07:37:37,075 - INFO - ===================================================================================
2024-12-06 07:37:37,075 - INFO - Completed in 0h 36m
2024-12-06 07:38:37,290 - INFO - 28 Test Returns: 0.0
2024-12-06 07:38:37,291 - INFO - Model checkpoint saved at training_output/20241206_070023/models/epoch_28.pth
2024-12-06 07:38:42,077 - INFO - Epoch [29/100], Batch [0/12]
 Dt Loss: 0.0300
 Goal Loss: 20.6558, MIE Loss: 0.0018
 MSE Loss R: 1.7120, BCE Loss G: 18.9420
2024-12-06 07:39:10,315 - INFO - Epoch [29/100], Batch [10/12]
 Dt Loss: 0.0294
 Goal Loss: 23.7842, MIE Loss: 0.0041
 MSE Loss R: 3.1699, BCE Loss G: 20.6102
2024-12-06 07:39:11,684 - INFO - Epoch [29/100] completed. Average Goal Loss: 21.9831
2024-12-06 07:39:11,684 - INFO - Epoch [29/100] completed. Average Action Loss: 0.0297
2024-12-06 07:39:11,684 - INFO - ===================================================================================
2024-12-06 07:39:25,545 - INFO - Epoch [29/100]
Action Validation Loss: 0.0262 
 Goal Validation Loss: 27.6162 
 MIE Validation Loss: 0.0031 
 MSE R Validation Loss: 3.3180 
 BCE G Validation Loss: 24.2951
2024-12-06 07:39:25,545 - INFO - ===================================================================================
2024-12-06 07:39:25,546 - INFO - Completed in 0h 37m
2024-12-06 07:39:30,215 - INFO - Epoch [30/100], Batch [0/12]
 Dt Loss: 0.0291
 Goal Loss: 24.4064, MIE Loss: 0.0059
 MSE Loss R: 1.5737, BCE Loss G: 22.8268
2024-12-06 07:40:00,366 - INFO - Epoch [30/100], Batch [10/12]
 Dt Loss: 0.0298
 Goal Loss: 25.7888, MIE Loss: 0.0001
 MSE Loss R: 2.3782, BCE Loss G: 23.4105
2024-12-06 07:40:02,052 - INFO - Epoch [30/100] completed. Average Goal Loss: 23.4696
2024-12-06 07:40:02,053 - INFO - Epoch [30/100] completed. Average Action Loss: 0.0292
2024-12-06 07:40:02,053 - INFO - ===================================================================================
2024-12-06 07:40:14,625 - INFO - Epoch [30/100]
Action Validation Loss: 0.0266 
 Goal Validation Loss: 27.8933 
 MIE Validation Loss: 0.0004 
 MSE R Validation Loss: 3.7110 
 BCE G Validation Loss: 24.1820
2024-12-06 07:40:14,625 - INFO - ===================================================================================
2024-12-06 07:40:14,626 - INFO - Completed in 0h 38m
2024-12-06 07:41:16,017 - INFO - 30 Test Returns: 0.0
2024-12-06 07:41:16,019 - INFO - Model checkpoint saved at training_output/20241206_070023/models/epoch_30.pth
2024-12-06 07:41:21,229 - INFO - Epoch [31/100], Batch [0/12]
 Dt Loss: 0.0297
 Goal Loss: 26.7513, MIE Loss: 0.0002
 MSE Loss R: 4.7752, BCE Loss G: 21.9759
2024-12-06 07:41:48,976 - INFO - Epoch [31/100], Batch [10/12]
 Dt Loss: 0.0292
 Goal Loss: 21.0411, MIE Loss: 0.0001
 MSE Loss R: 2.2475, BCE Loss G: 18.7935
2024-12-06 07:41:50,062 - INFO - Epoch [31/100] completed. Average Goal Loss: 22.3279
2024-12-06 07:41:50,062 - INFO - Epoch [31/100] completed. Average Action Loss: 0.0296
2024-12-06 07:41:50,062 - INFO - ===================================================================================
2024-12-06 07:42:03,688 - INFO - Epoch [31/100]
Action Validation Loss: 0.0261 
 Goal Validation Loss: 27.3377 
 MIE Validation Loss: 0.0007 
 MSE R Validation Loss: 3.2358 
 BCE G Validation Loss: 24.1011
2024-12-06 07:42:03,689 - INFO - ===================================================================================
2024-12-06 07:42:03,689 - INFO - Completed in 0h 40m
2024-12-06 07:42:08,881 - INFO - Epoch [32/100], Batch [0/12]
 Dt Loss: 0.0290
 Goal Loss: 24.6614, MIE Loss: 0.0003
 MSE Loss R: 1.6333, BCE Loss G: 23.0279
2024-12-06 07:42:39,549 - INFO - Epoch [32/100], Batch [10/12]
 Dt Loss: 0.0300
 Goal Loss: 20.4395, MIE Loss: 0.0150
 MSE Loss R: 1.6380, BCE Loss G: 18.7865
2024-12-06 07:42:40,675 - INFO - Epoch [32/100] completed. Average Goal Loss: 22.8254
2024-12-06 07:42:40,675 - INFO - Epoch [32/100] completed. Average Action Loss: 0.0297
2024-12-06 07:42:40,675 - INFO - ===================================================================================
2024-12-06 07:42:54,887 - INFO - Epoch [32/100]
Action Validation Loss: 0.0261 
 Goal Validation Loss: 28.7848 
 MIE Validation Loss: 0.1969 
 MSE R Validation Loss: 3.4499 
 BCE G Validation Loss: 25.1381
2024-12-06 07:42:54,887 - INFO - ===================================================================================
2024-12-06 07:42:54,888 - INFO - Completed in 0h 41m
2024-12-06 07:43:51,402 - INFO - 32 Test Returns: 0.0
2024-12-06 07:43:51,403 - INFO - Model checkpoint saved at training_output/20241206_070023/models/epoch_32.pth
2024-12-06 07:43:55,915 - INFO - Epoch [33/100], Batch [0/12]
 Dt Loss: 0.0289
 Goal Loss: 27.3566, MIE Loss: 0.0552
 MSE Loss R: 4.5215, BCE Loss G: 22.7799
2024-12-06 07:44:24,312 - INFO - Epoch [33/100], Batch [10/12]
 Dt Loss: 0.0289
 Goal Loss: 21.3291, MIE Loss: 0.0051
 MSE Loss R: 2.2316, BCE Loss G: 19.0924
2024-12-06 07:44:25,827 - INFO - Epoch [33/100] completed. Average Goal Loss: 22.6418
2024-12-06 07:44:25,827 - INFO - Epoch [33/100] completed. Average Action Loss: 0.0291
2024-12-06 07:44:25,827 - INFO - ===================================================================================
2024-12-06 07:44:40,324 - INFO - Epoch [33/100]
Action Validation Loss: 0.0260 
 Goal Validation Loss: 27.5220 
 MIE Validation Loss: 0.0019 
 MSE R Validation Loss: 3.1658 
 BCE G Validation Loss: 24.3544
2024-12-06 07:44:40,324 - INFO - ===================================================================================
2024-12-06 07:44:40,324 - INFO - Completed in 0h 43m
2024-12-06 07:44:44,954 - INFO - Epoch [34/100], Batch [0/12]
 Dt Loss: 0.0291
 Goal Loss: 23.0959, MIE Loss: 0.0006
 MSE Loss R: 3.0452, BCE Loss G: 20.0501
2024-12-06 07:45:13,334 - INFO - Epoch [34/100], Batch [10/12]
 Dt Loss: 0.0288
 Goal Loss: 21.7873, MIE Loss: 0.0042
 MSE Loss R: 1.6519, BCE Loss G: 20.1312
2024-12-06 07:45:14,438 - INFO - Epoch [34/100] completed. Average Goal Loss: 22.5727
2024-12-06 07:45:14,439 - INFO - Epoch [34/100] completed. Average Action Loss: 0.0292
2024-12-06 07:45:14,439 - INFO - ===================================================================================
2024-12-06 07:45:28,284 - INFO - Epoch [34/100]
Action Validation Loss: 0.0254 
 Goal Validation Loss: 28.2145 
 MIE Validation Loss: 0.0900 
 MSE R Validation Loss: 3.5335 
 BCE G Validation Loss: 24.5910
2024-12-06 07:45:28,284 - INFO - ===================================================================================
2024-12-06 07:45:28,285 - INFO - Completed in 0h 43m
2024-12-06 07:46:29,296 - INFO - 34 Test Returns: 0.0
2024-12-06 07:46:29,297 - INFO - Model checkpoint saved at training_output/20241206_070023/models/epoch_34.pth
2024-12-06 07:46:33,904 - INFO - Epoch [35/100], Batch [0/12]
 Dt Loss: 0.0285
 Goal Loss: 25.7280, MIE Loss: 0.0334
 MSE Loss R: 3.8760, BCE Loss G: 21.8186
2024-12-06 07:47:02,971 - INFO - Epoch [35/100], Batch [10/12]
 Dt Loss: 0.0290
 Goal Loss: 21.1802, MIE Loss: 0.0002
 MSE Loss R: 1.7122, BCE Loss G: 19.4677
2024-12-06 07:47:04,176 - INFO - Epoch [35/100] completed. Average Goal Loss: 22.5553
2024-12-06 07:47:04,176 - INFO - Epoch [35/100] completed. Average Action Loss: 0.0289
2024-12-06 07:47:04,176 - INFO - ===================================================================================
2024-12-06 07:47:16,401 - INFO - Epoch [35/100]
Action Validation Loss: 0.0257 
 Goal Validation Loss: 27.3355 
 MIE Validation Loss: 0.0006 
 MSE R Validation Loss: 3.1720 
 BCE G Validation Loss: 24.1628
2024-12-06 07:47:16,401 - INFO - ===================================================================================
2024-12-06 07:47:16,402 - INFO - Completed in 0h 45m
2024-12-06 07:47:21,135 - INFO - Epoch [36/100], Batch [0/12]
 Dt Loss: 0.0290
 Goal Loss: 20.2837, MIE Loss: 0.0004
 MSE Loss R: 1.9571, BCE Loss G: 18.3261
2024-12-06 07:47:51,041 - INFO - Epoch [36/100], Batch [10/12]
 Dt Loss: 0.0281
 Goal Loss: 22.3332, MIE Loss: 0.0004
 MSE Loss R: 2.6845, BCE Loss G: 19.6484
2024-12-06 07:47:52,364 - INFO - Epoch [36/100] completed. Average Goal Loss: 22.1695
2024-12-06 07:47:52,364 - INFO - Epoch [36/100] completed. Average Action Loss: 0.0283
2024-12-06 07:47:52,364 - INFO - ===================================================================================
2024-12-06 07:48:04,492 - INFO - Epoch [36/100]
Action Validation Loss: 0.0247 
 Goal Validation Loss: 27.4121 
 MIE Validation Loss: 0.0005 
 MSE R Validation Loss: 3.2273 
 BCE G Validation Loss: 24.1844
2024-12-06 07:48:04,492 - INFO - ===================================================================================
2024-12-06 07:48:04,492 - INFO - Completed in 0h 46m
2024-12-06 07:49:05,139 - INFO - 36 Test Returns: 0.0
2024-12-06 07:49:05,140 - INFO - Model checkpoint saved at training_output/20241206_070023/models/epoch_36.pth
2024-12-06 07:49:10,297 - INFO - Epoch [37/100], Batch [0/12]
 Dt Loss: 0.0281
 Goal Loss: 20.5283, MIE Loss: 0.0002
 MSE Loss R: 1.5882, BCE Loss G: 18.9398
2024-12-06 07:49:38,804 - INFO - Epoch [37/100], Batch [10/12]
 Dt Loss: 0.0279
 Goal Loss: 23.4533, MIE Loss: 0.0063
 MSE Loss R: 1.6307, BCE Loss G: 21.8163
2024-12-06 07:49:40,166 - INFO - Epoch [37/100] completed. Average Goal Loss: 22.4245
2024-12-06 07:49:40,166 - INFO - Epoch [37/100] completed. Average Action Loss: 0.0283
2024-12-06 07:49:40,166 - INFO - ===================================================================================
2024-12-06 07:49:52,614 - INFO - Epoch [37/100]
Action Validation Loss: 0.0254 
 Goal Validation Loss: 28.0923 
 MIE Validation Loss: 0.0023 
 MSE R Validation Loss: 3.4360 
 BCE G Validation Loss: 24.6541
2024-12-06 07:49:52,614 - INFO - ===================================================================================
2024-12-06 07:49:52,615 - INFO - Completed in 0h 48m
2024-12-06 07:49:57,923 - INFO - Epoch [38/100], Batch [0/12]
 Dt Loss: 0.0284
 Goal Loss: 22.5022, MIE Loss: 0.0034
 MSE Loss R: 1.5989, BCE Loss G: 20.8999
2024-12-06 07:50:26,424 - INFO - Epoch [38/100], Batch [10/12]
 Dt Loss: 0.0272
 Goal Loss: 20.5040, MIE Loss: 0.0001
 MSE Loss R: 1.9626, BCE Loss G: 18.5413
2024-12-06 07:50:27,627 - INFO - Epoch [38/100] completed. Average Goal Loss: 22.4965
2024-12-06 07:50:27,627 - INFO - Epoch [38/100] completed. Average Action Loss: 0.0279
2024-12-06 07:50:27,627 - INFO - ===================================================================================
2024-12-06 07:50:41,676 - INFO - Epoch [38/100]
Action Validation Loss: 0.0239 
 Goal Validation Loss: 27.2726 
 MIE Validation Loss: 0.0002 
 MSE R Validation Loss: 3.1809 
 BCE G Validation Loss: 24.0914
2024-12-06 07:50:41,677 - INFO - ===================================================================================
2024-12-06 07:50:41,677 - INFO - Completed in 0h 49m
