2024-11-23 04:12:45,026 - INFO - Starting.
2024-11-23 04:12:45,027 - INFO - Loading Data.
2024-11-23 04:16:02,617 - INFO - Data loaded in 0.0 hours 3.0 minutes.
2024-11-23 04:16:02,658 - INFO - Training Started.
2024-11-23 04:17:11,277 - INFO - Epoch [1/100], Batch [0/2]
 Dt Loss: 0.0895
 Goal Loss: 43.8652, MIE Loss: 42.9875
 MSE Loss R: 0.1473, BCE Loss G: 0.7303
2024-11-23 04:17:27,266 - INFO - Epoch [1/100] completed. Average Goal Loss: 29.3144
2024-11-23 04:17:27,266 - INFO - Epoch [1/100] completed. Average Action Loss: 0.0893
2024-11-23 04:17:27,266 - INFO - ===================================================================================
2024-11-23 04:18:47,338 - INFO - Epoch [1/100]
Action Validation Loss: 0.0885 
 Goal Validation Loss: 6.4702 
 MIE Validation Loss: 5.6917 
 MSE R Validation Loss: 0.0715 
 BCE G Validation Loss: 0.7070
2024-11-23 04:18:47,339 - INFO - ===================================================================================
2024-11-23 04:18:47,339 - INFO - Completed in 0h 2m
2024-11-23 04:21:21,566 - INFO - 1 Test Returns: 55.4
2024-11-23 04:21:21,597 - INFO - Model checkpoint saved at training_output/20241123_041243/models/epoch_1.pth
2024-11-23 04:22:32,179 - INFO - Epoch [2/100], Batch [0/2]
 Dt Loss: 0.0885
 Goal Loss: 4.5946, MIE Loss: 3.8430
 MSE Loss R: 0.0503, BCE Loss G: 0.7013
2024-11-23 04:22:50,128 - INFO - Epoch [2/100] completed. Average Goal Loss: 3.0825
2024-11-23 04:22:50,128 - INFO - Epoch [2/100] completed. Average Action Loss: 0.0880
2024-11-23 04:22:50,128 - INFO - ===================================================================================
2024-11-23 04:24:13,908 - INFO - Epoch [2/100]
Action Validation Loss: 0.0863 
 Goal Validation Loss: 1.2756 
 MIE Validation Loss: 0.5627 
 MSE R Validation Loss: 0.0606 
 BCE G Validation Loss: 0.6524
2024-11-23 04:24:13,908 - INFO - ===================================================================================
2024-11-23 04:24:13,909 - INFO - Completed in 0h 8m
2024-11-23 04:27:20,285 - INFO - 2 Test Returns: 54.4
2024-11-23 04:27:20,315 - INFO - Model checkpoint saved at training_output/20241123_041243/models/epoch_2.pth
2024-11-23 04:28:28,336 - INFO - Epoch [3/100], Batch [0/2]
 Dt Loss: 0.0864
 Goal Loss: 0.9758, MIE Loss: 0.3339
 MSE Loss R: 0.0282, BCE Loss G: 0.6137
2024-11-23 04:28:47,354 - INFO - Epoch [3/100] completed. Average Goal Loss: 0.7970
2024-11-23 04:28:47,355 - INFO - Epoch [3/100] completed. Average Action Loss: 0.0857
2024-11-23 04:28:47,355 - INFO - ===================================================================================
2024-11-23 04:30:12,289 - INFO - Epoch [3/100]
Action Validation Loss: 0.0834 
 Goal Validation Loss: 0.5805 
 MIE Validation Loss: 0.0906 
 MSE R Validation Loss: 0.0496 
 BCE G Validation Loss: 0.4402
2024-11-23 04:30:12,289 - INFO - ===================================================================================
2024-11-23 04:30:12,289 - INFO - Completed in 0h 14m
2024-11-23 04:31:16,746 - INFO - Epoch [4/100], Batch [0/2]
 Dt Loss: 0.0836
 Goal Loss: 0.4676, MIE Loss: 0.0823
 MSE Loss R: 0.0191, BCE Loss G: 0.3662
2024-11-23 04:31:36,982 - INFO - Epoch [4/100] completed. Average Goal Loss: 0.5177
2024-11-23 04:31:36,982 - INFO - Epoch [4/100] completed. Average Action Loss: 0.0830
2024-11-23 04:31:36,983 - INFO - ===================================================================================
2024-11-23 04:33:03,296 - INFO - Epoch [4/100]
Action Validation Loss: 0.0808 
 Goal Validation Loss: 0.3388 
 MIE Validation Loss: 0.0932 
 MSE R Validation Loss: 0.0460 
 BCE G Validation Loss: 0.1995
2024-11-23 04:33:03,296 - INFO - ===================================================================================
2024-11-23 04:33:03,297 - INFO - Completed in 0h 17m
2024-11-23 04:35:42,221 - INFO - 4 Test Returns: 56.0
2024-11-23 04:35:42,249 - INFO - Model checkpoint saved at training_output/20241123_041243/models/epoch_4.pth
2024-11-23 04:36:46,658 - INFO - Epoch [5/100], Batch [0/2]
 Dt Loss: 0.0812
 Goal Loss: 0.2534, MIE Loss: 0.0388
 MSE Loss R: 0.0443, BCE Loss G: 0.1704
2024-11-23 04:37:04,058 - INFO - Epoch [5/100] completed. Average Goal Loss: 0.2186
2024-11-23 04:37:04,058 - INFO - Epoch [5/100] completed. Average Action Loss: 0.0807
2024-11-23 04:37:04,059 - INFO - ===================================================================================
2024-11-23 04:38:31,598 - INFO - Epoch [5/100]
Action Validation Loss: 0.0788 
 Goal Validation Loss: 0.1993 
 MIE Validation Loss: 0.0211 
 MSE R Validation Loss: 0.0441 
 BCE G Validation Loss: 0.1341
2024-11-23 04:38:31,599 - INFO - ===================================================================================
2024-11-23 04:38:31,599 - INFO - Completed in 0h 22m
2024-11-23 04:39:52,877 - INFO - Epoch [6/100], Batch [0/2]
 Dt Loss: 0.0792
 Goal Loss: 0.1478, MIE Loss: 0.0137
 MSE Loss R: 0.0166, BCE Loss G: 0.1176
2024-11-23 04:40:13,566 - INFO - Epoch [6/100] completed. Average Goal Loss: 0.1406
2024-11-23 04:40:13,566 - INFO - Epoch [6/100] completed. Average Action Loss: 0.0787
2024-11-23 04:40:13,566 - INFO - ===================================================================================
2024-11-23 04:41:43,602 - INFO - Epoch [6/100]
Action Validation Loss: 0.0767 
 Goal Validation Loss: 0.1831 
 MIE Validation Loss: 0.0112 
 MSE R Validation Loss: 0.0510 
 BCE G Validation Loss: 0.1209
2024-11-23 04:41:43,602 - INFO - ===================================================================================
2024-11-23 04:41:43,602 - INFO - Completed in 0h 25m
2024-11-23 04:44:22,558 - INFO - 6 Test Returns: 51.4
2024-11-23 04:44:22,585 - INFO - Model checkpoint saved at training_output/20241123_041243/models/epoch_6.pth
2024-11-23 04:45:31,155 - INFO - Epoch [7/100], Batch [0/2]
 Dt Loss: 0.0772
 Goal Loss: 0.4171, MIE Loss: 0.0380
 MSE Loss R: 0.2271, BCE Loss G: 0.1519
2024-11-23 04:45:49,195 - INFO - Epoch [7/100] completed. Average Goal Loss: 0.3100
2024-11-23 04:45:49,195 - INFO - Epoch [7/100] completed. Average Action Loss: 0.0767
2024-11-23 04:45:49,195 - INFO - ===================================================================================
2024-11-23 04:47:19,765 - INFO - Epoch [7/100]
Action Validation Loss: 0.0745 
 Goal Validation Loss: 0.1812 
 MIE Validation Loss: 0.0153 
 MSE R Validation Loss: 0.0474 
 BCE G Validation Loss: 0.1185
2024-11-23 04:47:19,766 - INFO - ===================================================================================
2024-11-23 04:47:19,766 - INFO - Completed in 0h 31m
2024-11-23 04:48:38,200 - INFO - Epoch [8/100], Batch [0/2]
 Dt Loss: 0.0750
 Goal Loss: 0.2723, MIE Loss: 0.0170
 MSE Loss R: 0.1122, BCE Loss G: 0.1431
2024-11-23 04:48:56,983 - INFO - Epoch [8/100] completed. Average Goal Loss: 0.2334
2024-11-23 04:48:56,983 - INFO - Epoch [8/100] completed. Average Action Loss: 0.0743
2024-11-23 04:48:56,983 - INFO - ===================================================================================
2024-11-23 04:50:25,051 - INFO - Epoch [8/100]
Action Validation Loss: 0.0711 
 Goal Validation Loss: 0.1818 
 MIE Validation Loss: 0.0079 
 MSE R Validation Loss: 0.0570 
 BCE G Validation Loss: 0.1170
2024-11-23 04:50:25,051 - INFO - ===================================================================================
2024-11-23 04:50:25,052 - INFO - Completed in 0h 34m
2024-11-23 04:53:17,251 - INFO - 8 Test Returns: 52.6
2024-11-23 04:53:17,281 - INFO - Model checkpoint saved at training_output/20241123_041243/models/epoch_8.pth
2024-11-23 04:54:28,726 - INFO - Epoch [9/100], Batch [0/2]
 Dt Loss: 0.0719
 Goal Loss: 0.1652, MIE Loss: 0.0062
 MSE Loss R: 0.0533, BCE Loss G: 0.1057
2024-11-23 04:54:48,227 - INFO - Epoch [9/100] completed. Average Goal Loss: 0.2080
2024-11-23 04:54:48,227 - INFO - Epoch [9/100] completed. Average Action Loss: 0.0707
2024-11-23 04:54:48,227 - INFO - ===================================================================================
2024-11-23 04:56:16,763 - INFO - Epoch [9/100]
Action Validation Loss: 0.0661 
 Goal Validation Loss: 0.1747 
 MIE Validation Loss: 0.0123 
 MSE R Validation Loss: 0.0475 
 BCE G Validation Loss: 0.1149
2024-11-23 04:56:16,764 - INFO - ===================================================================================
2024-11-23 04:56:16,764 - INFO - Completed in 0h 40m
2024-11-23 04:57:26,523 - INFO - Epoch [10/100], Batch [0/2]
 Dt Loss: 0.0672
 Goal Loss: 0.2729, MIE Loss: 0.0113
 MSE Loss R: 0.1203, BCE Loss G: 0.1413
2024-11-23 04:57:46,371 - INFO - Epoch [10/100] completed. Average Goal Loss: 0.2369
2024-11-23 04:57:46,372 - INFO - Epoch [10/100] completed. Average Action Loss: 0.0661
2024-11-23 04:57:46,372 - INFO - ===================================================================================
2024-11-23 04:59:16,018 - INFO - Epoch [10/100]
Action Validation Loss: 0.0616 
 Goal Validation Loss: 0.1746 
 MIE Validation Loss: 0.0046 
 MSE R Validation Loss: 0.0548 
 BCE G Validation Loss: 0.1151
2024-11-23 04:59:16,019 - INFO - ===================================================================================
2024-11-23 04:59:16,019 - INFO - Completed in 0h 43m
2024-11-23 05:01:54,683 - INFO - 10 Test Returns: 55.2
2024-11-23 05:01:54,711 - INFO - Model checkpoint saved at training_output/20241123_041243/models/epoch_10.pth
2024-11-23 05:03:02,185 - INFO - Epoch [11/100], Batch [0/2]
 Dt Loss: 0.0626
 Goal Loss: 0.1450, MIE Loss: 0.0080
 MSE Loss R: 0.0202, BCE Loss G: 0.1168
2024-11-23 05:03:22,939 - INFO - Epoch [11/100] completed. Average Goal Loss: 0.1632
2024-11-23 05:03:22,940 - INFO - Epoch [11/100] completed. Average Action Loss: 0.0615
2024-11-23 05:03:22,940 - INFO - ===================================================================================
2024-11-23 05:04:48,925 - INFO - Epoch [11/100]
Action Validation Loss: 0.0579 
 Goal Validation Loss: 0.1706 
 MIE Validation Loss: 0.0053 
 MSE R Validation Loss: 0.0515 
 BCE G Validation Loss: 0.1138
2024-11-23 05:04:48,925 - INFO - ===================================================================================
2024-11-23 05:04:48,926 - INFO - Completed in 0h 48m
2024-11-23 05:05:55,480 - INFO - Epoch [12/100], Batch [0/2]
 Dt Loss: 0.0589
 Goal Loss: 0.1679, MIE Loss: 0.0057
 MSE Loss R: 0.0612, BCE Loss G: 0.1009
2024-11-23 05:06:13,995 - INFO - Epoch [12/100] completed. Average Goal Loss: 0.1509
2024-11-23 05:06:13,996 - INFO - Epoch [12/100] completed. Average Action Loss: 0.0581
2024-11-23 05:06:13,996 - INFO - ===================================================================================
2024-11-23 05:07:43,774 - INFO - Epoch [12/100]
Action Validation Loss: 0.0551 
 Goal Validation Loss: 0.1606 
 MIE Validation Loss: 0.0037 
 MSE R Validation Loss: 0.0442 
 BCE G Validation Loss: 0.1127
2024-11-23 05:07:43,774 - INFO - ===================================================================================
2024-11-23 05:07:43,775 - INFO - Completed in 0h 51m
2024-11-23 05:10:25,896 - INFO - 12 Test Returns: 50.6
2024-11-23 05:10:25,925 - INFO - Model checkpoint saved at training_output/20241123_041243/models/epoch_12.pth
2024-11-23 05:11:34,790 - INFO - Epoch [13/100], Batch [0/2]
 Dt Loss: 0.0559
 Goal Loss: 0.3000, MIE Loss: 0.0072
 MSE Loss R: 0.1476, BCE Loss G: 0.1453
2024-11-23 05:11:53,084 - INFO - Epoch [13/100] completed. Average Goal Loss: 0.2258
2024-11-23 05:11:53,085 - INFO - Epoch [13/100] completed. Average Action Loss: 0.0553
2024-11-23 05:11:53,085 - INFO - ===================================================================================
2024-11-23 05:13:26,611 - INFO - Epoch [13/100]
Action Validation Loss: 0.0527 
 Goal Validation Loss: 0.1648 
 MIE Validation Loss: 0.0036 
 MSE R Validation Loss: 0.0482 
 BCE G Validation Loss: 0.1130
2024-11-23 05:13:26,611 - INFO - ===================================================================================
2024-11-23 05:13:26,612 - INFO - Completed in 0h 57m
2024-11-23 05:14:38,524 - INFO - Epoch [14/100], Batch [0/2]
 Dt Loss: 0.0533
 Goal Loss: 0.1336, MIE Loss: 0.0032
 MSE Loss R: 0.0212, BCE Loss G: 0.1092
2024-11-23 05:14:57,144 - INFO - Epoch [14/100] completed. Average Goal Loss: 0.1575
2024-11-23 05:14:57,144 - INFO - Epoch [14/100] completed. Average Action Loss: 0.0530
2024-11-23 05:14:57,144 - INFO - ===================================================================================
2024-11-23 05:16:31,336 - INFO - Epoch [14/100]
Action Validation Loss: 0.0509 
 Goal Validation Loss: 0.1648 
 MIE Validation Loss: 0.0055 
 MSE R Validation Loss: 0.0466 
 BCE G Validation Loss: 0.1127
2024-11-23 05:16:31,336 - INFO - ===================================================================================
2024-11-23 05:16:31,336 - INFO - Completed in 1h 0m
2024-11-23 05:19:09,845 - INFO - 14 Test Returns: 53.2
2024-11-23 05:19:09,874 - INFO - Model checkpoint saved at training_output/20241123_041243/models/epoch_14.pth
2024-11-23 05:20:18,027 - INFO - Epoch [15/100], Batch [0/2]
 Dt Loss: 0.0516
 Goal Loss: 0.1361, MIE Loss: 0.0036
 MSE Loss R: 0.0256, BCE Loss G: 0.1068
2024-11-23 05:20:36,589 - INFO - Epoch [15/100] completed. Average Goal Loss: 0.1358
2024-11-23 05:20:36,590 - INFO - Epoch [15/100] completed. Average Action Loss: 0.0512
2024-11-23 05:20:36,590 - INFO - ===================================================================================
2024-11-23 05:22:14,711 - INFO - Epoch [15/100]
Action Validation Loss: 0.0492 
 Goal Validation Loss: 0.1584 
 MIE Validation Loss: 0.0024 
 MSE R Validation Loss: 0.0438 
 BCE G Validation Loss: 0.1122
2024-11-23 05:22:14,712 - INFO - ===================================================================================
2024-11-23 05:22:14,712 - INFO - Completed in 1h 6m
2024-11-23 05:23:24,406 - INFO - Epoch [16/100], Batch [0/2]
 Dt Loss: 0.0502
 Goal Loss: 0.1234, MIE Loss: 0.0019
 MSE Loss R: 0.0226, BCE Loss G: 0.0988
2024-11-23 05:23:43,828 - INFO - Epoch [16/100] completed. Average Goal Loss: 0.1627
2024-11-23 05:23:43,828 - INFO - Epoch [16/100] completed. Average Action Loss: 0.0500
2024-11-23 05:23:43,828 - INFO - ===================================================================================
2024-11-23 05:25:20,283 - INFO - Epoch [16/100]
Action Validation Loss: 0.0483 
 Goal Validation Loss: 0.1600 
 MIE Validation Loss: 0.0041 
 MSE R Validation Loss: 0.0439 
 BCE G Validation Loss: 0.1120
2024-11-23 05:25:20,284 - INFO - ===================================================================================
2024-11-23 05:25:20,284 - INFO - Completed in 1h 9m
2024-11-23 05:28:14,835 - INFO - 16 Test Returns: 53.2
2024-11-23 05:28:14,865 - INFO - Model checkpoint saved at training_output/20241123_041243/models/epoch_16.pth
2024-11-23 05:29:25,978 - INFO - Epoch [17/100], Batch [0/2]
 Dt Loss: 0.0491
 Goal Loss: 0.1245, MIE Loss: 0.0037
 MSE Loss R: 0.0175, BCE Loss G: 0.1033
2024-11-23 05:29:44,515 - INFO - Epoch [17/100] completed. Average Goal Loss: 0.1221
2024-11-23 05:29:44,516 - INFO - Epoch [17/100] completed. Average Action Loss: 0.0488
2024-11-23 05:29:44,516 - INFO - ===================================================================================
2024-11-23 05:31:15,613 - INFO - Epoch [17/100]
Action Validation Loss: 0.0469 
 Goal Validation Loss: 0.1600 
 MIE Validation Loss: 0.0031 
 MSE R Validation Loss: 0.0448 
 BCE G Validation Loss: 0.1121
2024-11-23 05:31:15,614 - INFO - ===================================================================================
2024-11-23 05:31:15,614 - INFO - Completed in 1h 15m
2024-11-23 05:32:24,631 - INFO - Epoch [18/100], Batch [0/2]
 Dt Loss: 0.0481
 Goal Loss: 0.1341, MIE Loss: 0.0035
 MSE Loss R: 0.0193, BCE Loss G: 0.1113
2024-11-23 05:32:44,855 - INFO - Epoch [18/100] completed. Average Goal Loss: 0.1270
2024-11-23 05:32:44,856 - INFO - Epoch [18/100] completed. Average Action Loss: 0.0477
2024-11-23 05:32:44,856 - INFO - ===================================================================================
2024-11-23 05:34:17,416 - INFO - Epoch [18/100]
Action Validation Loss: 0.0456 
 Goal Validation Loss: 0.1604 
 MIE Validation Loss: 0.0026 
 MSE R Validation Loss: 0.0458 
 BCE G Validation Loss: 0.1121
2024-11-23 05:34:17,416 - INFO - ===================================================================================
2024-11-23 05:34:17,416 - INFO - Completed in 1h 18m
2024-11-23 05:37:00,574 - INFO - 18 Test Returns: 56.4
2024-11-23 05:37:00,603 - INFO - Model checkpoint saved at training_output/20241123_041243/models/epoch_18.pth
2024-11-23 05:38:05,900 - INFO - Epoch [19/100], Batch [0/2]
 Dt Loss: 0.0468
 Goal Loss: 0.2991, MIE Loss: 0.0050
 MSE Loss R: 0.1498, BCE Loss G: 0.1443
2024-11-23 05:38:24,155 - INFO - Epoch [19/100] completed. Average Goal Loss: 0.2153
2024-11-23 05:38:24,155 - INFO - Epoch [19/100] completed. Average Action Loss: 0.0466
2024-11-23 05:38:24,155 - INFO - ===================================================================================
2024-11-23 05:39:59,392 - INFO - Epoch [19/100]
Action Validation Loss: 0.0449 
 Goal Validation Loss: 0.1575 
 MIE Validation Loss: 0.0020 
 MSE R Validation Loss: 0.0438 
 BCE G Validation Loss: 0.1117
2024-11-23 05:39:59,392 - INFO - ===================================================================================
2024-11-23 05:39:59,392 - INFO - Completed in 1h 23m
2024-11-23 05:41:06,616 - INFO - Epoch [20/100], Batch [0/2]
 Dt Loss: 0.0460
 Goal Loss: 0.1598, MIE Loss: 0.0036
 MSE Loss R: 0.0362, BCE Loss G: 0.1200
2024-11-23 05:41:25,914 - INFO - Epoch [20/100] completed. Average Goal Loss: 0.1893
2024-11-23 05:41:25,915 - INFO - Epoch [20/100] completed. Average Action Loss: 0.0457
2024-11-23 05:41:25,915 - INFO - ===================================================================================
2024-11-23 05:42:54,267 - INFO - Epoch [20/100]
Action Validation Loss: 0.0436 
 Goal Validation Loss: 0.1676 
 MIE Validation Loss: 0.0081 
 MSE R Validation Loss: 0.0468 
 BCE G Validation Loss: 0.1126
2024-11-23 05:42:54,268 - INFO - ===================================================================================
2024-11-23 05:42:54,268 - INFO - Completed in 1h 26m
2024-11-23 05:45:37,751 - INFO - 20 Test Returns: 54.6
2024-11-23 05:45:37,782 - INFO - Model checkpoint saved at training_output/20241123_041243/models/epoch_20.pth
2024-11-23 05:46:42,799 - INFO - Epoch [21/100], Batch [0/2]
 Dt Loss: 0.0447
 Goal Loss: 0.1494, MIE Loss: 0.0038
 MSE Loss R: 0.0425, BCE Loss G: 0.1031
2024-11-23 05:47:02,077 - INFO - Epoch [21/100] completed. Average Goal Loss: 0.2042
2024-11-23 05:47:02,077 - INFO - Epoch [21/100] completed. Average Action Loss: 0.0444
2024-11-23 05:47:02,078 - INFO - ===================================================================================
2024-11-23 05:48:35,871 - INFO - Epoch [21/100]
Action Validation Loss: 0.0422 
 Goal Validation Loss: 0.1655 
 MIE Validation Loss: 0.0036 
 MSE R Validation Loss: 0.0492 
 BCE G Validation Loss: 0.1128
2024-11-23 05:48:35,871 - INFO - ===================================================================================
2024-11-23 05:48:35,872 - INFO - Completed in 1h 32m
2024-11-23 05:49:41,896 - INFO - Epoch [22/100], Batch [0/2]
 Dt Loss: 0.0436
 Goal Loss: 0.1546, MIE Loss: 0.0026
 MSE Loss R: 0.0477, BCE Loss G: 0.1043
2024-11-23 05:50:00,590 - INFO - Epoch [22/100] completed. Average Goal Loss: 0.1437
2024-11-23 05:50:00,590 - INFO - Epoch [22/100] completed. Average Action Loss: 0.0434
2024-11-23 05:50:00,590 - INFO - ===================================================================================
2024-11-23 05:51:34,682 - INFO - Epoch [22/100]
Action Validation Loss: 0.0414 
 Goal Validation Loss: 0.1571 
 MIE Validation Loss: 0.0014 
 MSE R Validation Loss: 0.0441 
 BCE G Validation Loss: 0.1116
2024-11-23 05:51:34,683 - INFO - ===================================================================================
2024-11-23 05:51:34,683 - INFO - Completed in 1h 35m
2024-11-23 05:54:13,353 - INFO - 22 Test Returns: 54.8
2024-11-23 05:54:13,382 - INFO - Model checkpoint saved at training_output/20241123_041243/models/epoch_22.pth
2024-11-23 05:55:21,721 - INFO - Epoch [23/100], Batch [0/2]
 Dt Loss: 0.0426
 Goal Loss: 0.1241, MIE Loss: 0.0016
 MSE Loss R: 0.0157, BCE Loss G: 0.1068
2024-11-23 05:55:39,586 - INFO - Epoch [23/100] completed. Average Goal Loss: 0.2218
2024-11-23 05:55:39,586 - INFO - Epoch [23/100] completed. Average Action Loss: 0.0424
2024-11-23 05:55:39,587 - INFO - ===================================================================================
2024-11-23 05:57:20,800 - INFO - Epoch [23/100]
Action Validation Loss: 0.0404 
 Goal Validation Loss: 0.1632 
 MIE Validation Loss: 0.0040 
 MSE R Validation Loss: 0.0465 
 BCE G Validation Loss: 0.1127
2024-11-23 05:57:20,800 - INFO - ===================================================================================
2024-11-23 05:57:20,801 - INFO - Completed in 1h 41m
2024-11-23 05:58:27,897 - INFO - Epoch [24/100], Batch [0/2]
 Dt Loss: 0.0418
 Goal Loss: 0.2519, MIE Loss: 0.0029
 MSE Loss R: 0.1123, BCE Loss G: 0.1367
2024-11-23 05:58:45,849 - INFO - Epoch [24/100] completed. Average Goal Loss: 0.2021
2024-11-23 05:58:45,849 - INFO - Epoch [24/100] completed. Average Action Loss: 0.0416
2024-11-23 05:58:45,849 - INFO - ===================================================================================
2024-11-23 06:00:11,411 - INFO - Epoch [24/100]
Action Validation Loss: 0.0396 
 Goal Validation Loss: 0.1785 
 MIE Validation Loss: 0.0012 
 MSE R Validation Loss: 0.0630 
 BCE G Validation Loss: 0.1143
2024-11-23 06:00:11,411 - INFO - ===================================================================================
2024-11-23 06:00:11,413 - INFO - Completed in 1h 44m
2024-11-23 06:02:50,807 - INFO - 24 Test Returns: 51.0
2024-11-23 06:02:50,834 - INFO - Model checkpoint saved at training_output/20241123_041243/models/epoch_24.pth
2024-11-23 06:03:58,945 - INFO - Epoch [25/100], Batch [0/2]
 Dt Loss: 0.0408
 Goal Loss: 0.1762, MIE Loss: 0.0009
 MSE Loss R: 0.0720, BCE Loss G: 0.1032
2024-11-23 06:04:16,487 - INFO - Epoch [25/100] completed. Average Goal Loss: 0.1589
2024-11-23 06:04:16,487 - INFO - Epoch [25/100] completed. Average Action Loss: 0.0408
2024-11-23 06:04:16,487 - INFO - ===================================================================================
2024-11-23 06:05:54,789 - INFO - Epoch [25/100]
Action Validation Loss: 0.0388 
 Goal Validation Loss: 0.1767 
 MIE Validation Loss: 0.0210 
 MSE R Validation Loss: 0.0439 
 BCE G Validation Loss: 0.1117
2024-11-23 06:05:54,789 - INFO - ===================================================================================
2024-11-23 06:05:54,789 - INFO - Completed in 1h 49m
2024-11-23 06:07:21,783 - INFO - Epoch [26/100], Batch [0/2]
 Dt Loss: 0.0402
 Goal Loss: 0.3209, MIE Loss: 0.0089
 MSE Loss R: 0.1663, BCE Loss G: 0.1457
2024-11-23 06:07:42,851 - INFO - Epoch [26/100] completed. Average Goal Loss: 0.2298
2024-11-23 06:07:42,851 - INFO - Epoch [26/100] completed. Average Action Loss: 0.0400
2024-11-23 06:07:42,851 - INFO - ===================================================================================
2024-11-23 06:09:13,902 - INFO - Epoch [26/100]
Action Validation Loss: 0.0382 
 Goal Validation Loss: 0.1608 
 MIE Validation Loss: 0.0016 
 MSE R Validation Loss: 0.0472 
 BCE G Validation Loss: 0.1120
2024-11-23 06:09:13,903 - INFO - ===================================================================================
2024-11-23 06:09:13,903 - INFO - Completed in 1h 53m
2024-11-23 06:11:48,846 - INFO - 26 Test Returns: 54.4
2024-11-23 06:11:48,874 - INFO - Model checkpoint saved at training_output/20241123_041243/models/epoch_26.pth
2024-11-23 06:13:05,628 - INFO - Epoch [27/100], Batch [0/2]
 Dt Loss: 0.0394
 Goal Loss: 0.1376, MIE Loss: 0.0013
 MSE Loss R: 0.0209, BCE Loss G: 0.1154
2024-11-23 06:13:24,335 - INFO - Epoch [27/100] completed. Average Goal Loss: 0.1333
2024-11-23 06:13:24,335 - INFO - Epoch [27/100] completed. Average Action Loss: 0.0394
2024-11-23 06:13:24,335 - INFO - ===================================================================================
2024-11-23 06:14:53,312 - INFO - Epoch [27/100]
Action Validation Loss: 0.0374 
 Goal Validation Loss: 0.1581 
 MIE Validation Loss: 0.0006 
 MSE R Validation Loss: 0.0459 
 BCE G Validation Loss: 0.1116
2024-11-23 06:14:53,312 - INFO - ===================================================================================
2024-11-23 06:14:53,312 - INFO - Completed in 1h 58m
2024-11-23 06:15:59,406 - INFO - Epoch [28/100], Batch [0/2]
 Dt Loss: 0.0389
 Goal Loss: 0.1505, MIE Loss: 0.0054
 MSE Loss R: 0.0268, BCE Loss G: 0.1183
2024-11-23 06:16:22,292 - INFO - Epoch [28/100] completed. Average Goal Loss: 0.1417
2024-11-23 06:16:22,292 - INFO - Epoch [28/100] completed. Average Action Loss: 0.0387
2024-11-23 06:16:22,293 - INFO - ===================================================================================
2024-11-23 06:17:44,610 - INFO - Epoch [28/100]
Action Validation Loss: 0.0367 
 Goal Validation Loss: 0.1591 
 MIE Validation Loss: 0.0007 
 MSE R Validation Loss: 0.0465 
 BCE G Validation Loss: 0.1119
2024-11-23 06:17:44,611 - INFO - ===================================================================================
2024-11-23 06:17:44,611 - INFO - Completed in 2h 1m
2024-11-23 06:20:21,557 - INFO - 28 Test Returns: 53.4
2024-11-23 06:20:21,584 - INFO - Model checkpoint saved at training_output/20241123_041243/models/epoch_28.pth
2024-11-23 06:21:29,922 - INFO - Epoch [29/100], Batch [0/2]
 Dt Loss: 0.0381
 Goal Loss: 0.2605, MIE Loss: 0.0021
 MSE Loss R: 0.1177, BCE Loss G: 0.1408
2024-11-23 06:21:49,776 - INFO - Epoch [29/100] completed. Average Goal Loss: 0.2014
2024-11-23 06:21:49,777 - INFO - Epoch [29/100] completed. Average Action Loss: 0.0379
2024-11-23 06:21:49,777 - INFO - ===================================================================================
2024-11-23 06:23:13,547 - INFO - Epoch [29/100]
Action Validation Loss: 0.0360 
 Goal Validation Loss: 0.1731 
 MIE Validation Loss: 0.0013 
 MSE R Validation Loss: 0.0581 
 BCE G Validation Loss: 0.1137
2024-11-23 06:23:13,548 - INFO - ===================================================================================
2024-11-23 06:23:13,548 - INFO - Completed in 2h 7m
2024-11-23 06:24:20,325 - INFO - Epoch [30/100], Batch [0/2]
 Dt Loss: 0.0376
 Goal Loss: 0.1558, MIE Loss: 0.0014
 MSE Loss R: 0.0308, BCE Loss G: 0.1237
2024-11-23 06:24:38,941 - INFO - Epoch [30/100] completed. Average Goal Loss: 0.1540
2024-11-23 06:24:38,941 - INFO - Epoch [30/100] completed. Average Action Loss: 0.0375
2024-11-23 06:24:38,941 - INFO - ===================================================================================
2024-11-23 06:26:01,758 - INFO - Epoch [30/100]
Action Validation Loss: 0.0357 
 Goal Validation Loss: 0.1675 
 MIE Validation Loss: 0.0027 
 MSE R Validation Loss: 0.0526 
 BCE G Validation Loss: 0.1122
2024-11-23 06:26:01,758 - INFO - ===================================================================================
2024-11-23 06:26:01,758 - INFO - Completed in 2h 9m
2024-11-23 06:29:05,517 - INFO - 30 Test Returns: 55.0
2024-11-23 06:29:05,549 - INFO - Model checkpoint saved at training_output/20241123_041243/models/epoch_30.pth
2024-11-23 06:30:10,743 - INFO - Epoch [31/100], Batch [0/2]
 Dt Loss: 0.0372
 Goal Loss: 0.1525, MIE Loss: 0.0061
 MSE Loss R: 0.0263, BCE Loss G: 0.1201
2024-11-23 06:30:29,356 - INFO - Epoch [31/100] completed. Average Goal Loss: 0.1669
2024-11-23 06:30:29,356 - INFO - Epoch [31/100] completed. Average Action Loss: 0.0371
2024-11-23 06:30:29,356 - INFO - ===================================================================================
2024-11-23 06:31:56,214 - INFO - Epoch [31/100]
Action Validation Loss: 0.0349 
 Goal Validation Loss: 0.1711 
 MIE Validation Loss: 0.0010 
 MSE R Validation Loss: 0.0567 
 BCE G Validation Loss: 0.1134
2024-11-23 06:31:56,214 - INFO - ===================================================================================
2024-11-23 06:31:56,215 - INFO - Completed in 2h 15m
2024-11-23 06:33:05,505 - INFO - Epoch [32/100], Batch [0/2]
 Dt Loss: 0.0365
 Goal Loss: 0.2149, MIE Loss: 0.0013
 MSE Loss R: 0.0776, BCE Loss G: 0.1360
2024-11-23 06:33:27,144 - INFO - Epoch [32/100] completed. Average Goal Loss: 0.1964
2024-11-23 06:33:27,144 - INFO - Epoch [32/100] completed. Average Action Loss: 0.0364
2024-11-23 06:33:27,144 - INFO - ===================================================================================
2024-11-23 06:34:47,495 - INFO - Epoch [32/100]
Action Validation Loss: 0.0347 
 Goal Validation Loss: 0.2134 
 MIE Validation Loss: 0.0041 
 MSE R Validation Loss: 0.0914 
 BCE G Validation Loss: 0.1179
2024-11-23 06:34:47,495 - INFO - ===================================================================================
2024-11-23 06:34:47,496 - INFO - Completed in 2h 18m
2024-11-23 06:37:31,507 - INFO - 32 Test Returns: 53.2
2024-11-23 06:37:31,535 - INFO - Model checkpoint saved at training_output/20241123_041243/models/epoch_32.pth
2024-11-23 06:38:41,742 - INFO - Epoch [33/100], Batch [0/2]
 Dt Loss: 0.0361
 Goal Loss: 0.2347, MIE Loss: 0.0019
 MSE Loss R: 0.1250, BCE Loss G: 0.1078
2024-11-23 06:39:00,765 - INFO - Epoch [33/100] completed. Average Goal Loss: 0.2141
2024-11-23 06:39:00,765 - INFO - Epoch [33/100] completed. Average Action Loss: 0.0360
2024-11-23 06:39:00,765 - INFO - ===================================================================================
2024-11-23 06:40:24,195 - INFO - Epoch [33/100]
Action Validation Loss: 0.0340 
 Goal Validation Loss: 0.1750 
 MIE Validation Loss: 0.0011 
 MSE R Validation Loss: 0.0613 
 BCE G Validation Loss: 0.1126
2024-11-23 06:40:24,196 - INFO - ===================================================================================
2024-11-23 06:40:24,196 - INFO - Completed in 2h 24m
2024-11-23 06:41:33,918 - INFO - Epoch [34/100], Batch [0/2]
 Dt Loss: 0.0354
 Goal Loss: 0.1606, MIE Loss: 0.0029
 MSE Loss R: 0.0507, BCE Loss G: 0.1070
2024-11-23 06:41:52,357 - INFO - Epoch [34/100] completed. Average Goal Loss: 0.1589
2024-11-23 06:41:52,357 - INFO - Epoch [34/100] completed. Average Action Loss: 0.0354
2024-11-23 06:41:52,357 - INFO - ===================================================================================
2024-11-23 06:43:17,167 - INFO - Epoch [34/100]
Action Validation Loss: 0.0338 
 Goal Validation Loss: 0.1582 
 MIE Validation Loss: 0.0016 
 MSE R Validation Loss: 0.0453 
 BCE G Validation Loss: 0.1113
2024-11-23 06:43:17,167 - INFO - ===================================================================================
2024-11-23 06:43:17,168 - INFO - Completed in 2h 27m
2024-11-23 06:45:53,674 - INFO - 34 Test Returns: 51.2
2024-11-23 06:45:53,720 - INFO - Model checkpoint saved at training_output/20241123_041243/models/epoch_34.pth
2024-11-23 06:47:16,292 - INFO - Epoch [35/100], Batch [0/2]
 Dt Loss: 0.0353
 Goal Loss: 0.2666, MIE Loss: 0.0016
 MSE Loss R: 0.1213, BCE Loss G: 0.1437
2024-11-23 06:47:34,700 - INFO - Epoch [35/100] completed. Average Goal Loss: 0.2038
2024-11-23 06:47:34,700 - INFO - Epoch [35/100] completed. Average Action Loss: 0.0351
2024-11-23 06:47:34,700 - INFO - ===================================================================================
2024-11-23 06:49:00,148 - INFO - Epoch [35/100]
Action Validation Loss: 0.0332 
 Goal Validation Loss: 0.1694 
 MIE Validation Loss: 0.0047 
 MSE R Validation Loss: 0.0519 
 BCE G Validation Loss: 0.1127
2024-11-23 06:49:00,149 - INFO - ===================================================================================
2024-11-23 06:49:00,149 - INFO - Completed in 2h 32m
2024-11-23 06:50:20,110 - INFO - Epoch [36/100], Batch [0/2]
 Dt Loss: 0.0348
 Goal Loss: 0.1494, MIE Loss: 0.0038
 MSE Loss R: 0.0401, BCE Loss G: 0.1054
2024-11-23 06:50:41,157 - INFO - Epoch [36/100] completed. Average Goal Loss: 0.1397
2024-11-23 06:50:41,157 - INFO - Epoch [36/100] completed. Average Action Loss: 0.0347
2024-11-23 06:50:41,157 - INFO - ===================================================================================
2024-11-23 06:52:06,846 - INFO - Epoch [36/100]
Action Validation Loss: 0.0328 
 Goal Validation Loss: 0.1590 
 MIE Validation Loss: 0.0023 
 MSE R Validation Loss: 0.0453 
 BCE G Validation Loss: 0.1113
2024-11-23 06:52:06,846 - INFO - ===================================================================================
2024-11-23 06:52:06,846 - INFO - Completed in 2h 36m
2024-11-23 06:54:42,862 - INFO - 36 Test Returns: 55.6
2024-11-23 06:54:42,888 - INFO - Model checkpoint saved at training_output/20241123_041243/models/epoch_36.pth
2024-11-23 06:56:11,254 - INFO - Epoch [37/100], Batch [0/2]
 Dt Loss: 0.0344
 Goal Loss: 0.1411, MIE Loss: 0.0078
 MSE Loss R: 0.0339, BCE Loss G: 0.0993
2024-11-23 06:56:31,648 - INFO - Epoch [37/100] completed. Average Goal Loss: 0.1322
2024-11-23 06:56:31,648 - INFO - Epoch [37/100] completed. Average Action Loss: 0.0343
2024-11-23 06:56:31,648 - INFO - ===================================================================================
2024-11-23 06:57:55,176 - INFO - Epoch [37/100]
Action Validation Loss: 0.0323 
 Goal Validation Loss: 0.1559 
 MIE Validation Loss: 0.0005 
 MSE R Validation Loss: 0.0439 
 BCE G Validation Loss: 0.1115
2024-11-23 06:57:55,176 - INFO - ===================================================================================
2024-11-23 06:57:55,177 - INFO - Completed in 2h 41m
2024-11-23 06:59:10,120 - INFO - Epoch [38/100], Batch [0/2]
 Dt Loss: 0.0341
 Goal Loss: 0.1186, MIE Loss: 0.0006
 MSE Loss R: 0.0228, BCE Loss G: 0.0951
2024-11-23 06:59:30,998 - INFO - Epoch [38/100] completed. Average Goal Loss: 0.1197
2024-11-23 06:59:30,998 - INFO - Epoch [38/100] completed. Average Action Loss: 0.0340
2024-11-23 06:59:30,999 - INFO - ===================================================================================
2024-11-23 07:00:54,805 - INFO - Epoch [38/100]
Action Validation Loss: 0.0322 
 Goal Validation Loss: 0.1625 
 MIE Validation Loss: 0.0042 
 MSE R Validation Loss: 0.0464 
 BCE G Validation Loss: 0.1119
2024-11-23 07:00:54,806 - INFO - ===================================================================================
2024-11-23 07:00:54,806 - INFO - Completed in 2h 44m
2024-11-23 07:03:29,879 - INFO - 38 Test Returns: 58.4
2024-11-23 07:03:29,905 - INFO - Model checkpoint saved at training_output/20241123_041243/models/epoch_38.pth
2024-11-23 07:04:39,734 - INFO - Epoch [39/100], Batch [0/2]
 Dt Loss: 0.0339
 Goal Loss: 0.1466, MIE Loss: 0.0016
 MSE Loss R: 0.0301, BCE Loss G: 0.1149
2024-11-23 07:04:59,486 - INFO - Epoch [39/100] completed. Average Goal Loss: 0.1357
2024-11-23 07:04:59,486 - INFO - Epoch [39/100] completed. Average Action Loss: 0.0338
2024-11-23 07:04:59,486 - INFO - ===================================================================================
2024-11-23 07:06:21,306 - INFO - Epoch [39/100]
Action Validation Loss: 0.0318 
 Goal Validation Loss: 0.1570 
 MIE Validation Loss: 0.0010 
 MSE R Validation Loss: 0.0446 
 BCE G Validation Loss: 0.1114
2024-11-23 07:06:21,306 - INFO - ===================================================================================
2024-11-23 07:06:21,306 - INFO - Completed in 2h 50m
2024-11-23 07:07:38,127 - INFO - Epoch [40/100], Batch [0/2]
 Dt Loss: 0.0336
 Goal Loss: 0.1306, MIE Loss: 0.0039
 MSE Loss R: 0.0174, BCE Loss G: 0.1093
2024-11-23 07:07:56,158 - INFO - Epoch [40/100] completed. Average Goal Loss: 0.1314
2024-11-23 07:07:56,158 - INFO - Epoch [40/100] completed. Average Action Loss: 0.0333
2024-11-23 07:07:56,158 - INFO - ===================================================================================
2024-11-23 07:09:31,613 - INFO - Epoch [40/100]
Action Validation Loss: 0.0316 
 Goal Validation Loss: 0.1570 
 MIE Validation Loss: 0.0014 
 MSE R Validation Loss: 0.0439 
 BCE G Validation Loss: 0.1116
2024-11-23 07:09:31,613 - INFO - ===================================================================================
2024-11-23 07:09:31,613 - INFO - Completed in 2h 53m
2024-11-23 07:12:10,070 - INFO - 40 Test Returns: 48.6
2024-11-23 07:12:10,097 - INFO - Model checkpoint saved at training_output/20241123_041243/models/epoch_40.pth
2024-11-23 07:13:25,959 - INFO - Epoch [41/100], Batch [0/2]
 Dt Loss: 0.0333
 Goal Loss: 0.1189, MIE Loss: 0.0005
 MSE Loss R: 0.0149, BCE Loss G: 0.1035
2024-11-23 07:13:45,597 - INFO - Epoch [41/100] completed. Average Goal Loss: 0.1396
2024-11-23 07:13:45,598 - INFO - Epoch [41/100] completed. Average Action Loss: 0.0332
2024-11-23 07:13:45,598 - INFO - ===================================================================================
2024-11-23 07:15:17,768 - INFO - Epoch [41/100]
Action Validation Loss: 0.0313 
 Goal Validation Loss: 0.1616 
 MIE Validation Loss: 0.0063 
 MSE R Validation Loss: 0.0438 
 BCE G Validation Loss: 0.1115
2024-11-23 07:15:17,769 - INFO - ===================================================================================
2024-11-23 07:15:17,769 - INFO - Completed in 2h 59m
2024-11-23 07:16:27,708 - INFO - Epoch [42/100], Batch [0/2]
 Dt Loss: 0.0329
 Goal Loss: 0.1239, MIE Loss: 0.0035
 MSE Loss R: 0.0171, BCE Loss G: 0.1033
2024-11-23 07:16:45,607 - INFO - Epoch [42/100] completed. Average Goal Loss: 0.1210
2024-11-23 07:16:45,607 - INFO - Epoch [42/100] completed. Average Action Loss: 0.0329
2024-11-23 07:16:45,607 - INFO - ===================================================================================
2024-11-23 07:18:13,295 - INFO - Epoch [42/100]
Action Validation Loss: 0.0309 
 Goal Validation Loss: 0.1574 
 MIE Validation Loss: 0.0005 
 MSE R Validation Loss: 0.0453 
 BCE G Validation Loss: 0.1117
2024-11-23 07:18:13,295 - INFO - ===================================================================================
2024-11-23 07:18:13,295 - INFO - Completed in 3h 2m
2024-11-23 07:20:52,212 - INFO - 42 Test Returns: 54.4
2024-11-23 07:20:52,237 - INFO - Model checkpoint saved at training_output/20241123_041243/models/epoch_42.pth
2024-11-23 07:22:01,359 - INFO - Epoch [43/100], Batch [0/2]
 Dt Loss: 0.0328
 Goal Loss: 0.2522, MIE Loss: 0.0024
 MSE Loss R: 0.1119, BCE Loss G: 0.1378
2024-11-23 07:22:21,783 - INFO - Epoch [43/100] completed. Average Goal Loss: 0.1927
2024-11-23 07:22:21,783 - INFO - Epoch [43/100] completed. Average Action Loss: 0.0327
2024-11-23 07:22:21,784 - INFO - ===================================================================================
2024-11-23 07:23:47,873 - INFO - Epoch [43/100]
Action Validation Loss: 0.0309 
 Goal Validation Loss: 0.1582 
 MIE Validation Loss: 0.0033 
 MSE R Validation Loss: 0.0439 
 BCE G Validation Loss: 0.1110
2024-11-23 07:23:47,873 - INFO - ===================================================================================
2024-11-23 07:23:47,874 - INFO - Completed in 3h 7m
2024-11-23 07:24:56,590 - INFO - Epoch [44/100], Batch [0/2]
 Dt Loss: 0.0325
 Goal Loss: 0.1230, MIE Loss: 0.0020
 MSE Loss R: 0.0139, BCE Loss G: 0.1071
2024-11-23 07:25:19,184 - INFO - Epoch [44/100] completed. Average Goal Loss: 0.1549
2024-11-23 07:25:19,185 - INFO - Epoch [44/100] completed. Average Action Loss: 0.0325
2024-11-23 07:25:19,185 - INFO - ===================================================================================
2024-11-23 07:26:44,025 - INFO - Epoch [44/100]
Action Validation Loss: 0.0307 
 Goal Validation Loss: 0.1555 
 MIE Validation Loss: 0.0004 
 MSE R Validation Loss: 0.0438 
 BCE G Validation Loss: 0.1113
2024-11-23 07:26:44,026 - INFO - ===================================================================================
2024-11-23 07:26:44,026 - INFO - Completed in 3h 10m
2024-11-23 07:29:21,892 - INFO - 44 Test Returns: 55.2
2024-11-23 07:29:21,919 - INFO - Model checkpoint saved at training_output/20241123_041243/models/epoch_44.pth
2024-11-23 07:30:29,032 - INFO - Epoch [45/100], Batch [0/2]
 Dt Loss: 0.0323
 Goal Loss: 0.1252, MIE Loss: 0.0003
 MSE Loss R: 0.0229, BCE Loss G: 0.1019
2024-11-23 07:30:48,427 - INFO - Epoch [45/100] completed. Average Goal Loss: 0.1364
2024-11-23 07:30:48,427 - INFO - Epoch [45/100] completed. Average Action Loss: 0.0322
2024-11-23 07:30:48,427 - INFO - ===================================================================================
2024-11-23 07:32:15,071 - INFO - Epoch [45/100]
Action Validation Loss: 0.0305 
 Goal Validation Loss: 0.1649 
 MIE Validation Loss: 0.0101 
 MSE R Validation Loss: 0.0438 
 BCE G Validation Loss: 0.1110
2024-11-23 07:32:15,071 - INFO - ===================================================================================
2024-11-23 07:32:15,072 - INFO - Completed in 3h 16m
2024-11-23 07:33:19,539 - INFO - Epoch [46/100], Batch [0/2]
 Dt Loss: 0.0323
 Goal Loss: 0.2018, MIE Loss: 0.0045
 MSE Loss R: 0.0681, BCE Loss G: 0.1291
2024-11-23 07:33:37,655 - INFO - Epoch [46/100] completed. Average Goal Loss: 0.1683
2024-11-23 07:33:37,655 - INFO - Epoch [46/100] completed. Average Action Loss: 0.0322
2024-11-23 07:33:37,655 - INFO - ===================================================================================
2024-11-23 07:35:13,640 - INFO - Epoch [46/100]
Action Validation Loss: 0.0301 
 Goal Validation Loss: 0.1602 
 MIE Validation Loss: 0.0009 
 MSE R Validation Loss: 0.0473 
 BCE G Validation Loss: 0.1119
2024-11-23 07:35:13,640 - INFO - ===================================================================================
2024-11-23 07:35:13,641 - INFO - Completed in 3h 19m
2024-11-23 07:37:50,559 - INFO - 46 Test Returns: 55.8
2024-11-23 07:37:50,585 - INFO - Model checkpoint saved at training_output/20241123_041243/models/epoch_46.pth
2024-11-23 07:38:55,163 - INFO - Epoch [47/100], Batch [0/2]
 Dt Loss: 0.0320
 Goal Loss: 0.1456, MIE Loss: 0.0015
 MSE Loss R: 0.0261, BCE Loss G: 0.1180
2024-11-23 07:39:16,083 - INFO - Epoch [47/100] completed. Average Goal Loss: 0.1396
2024-11-23 07:39:16,084 - INFO - Epoch [47/100] completed. Average Action Loss: 0.0319
2024-11-23 07:39:16,084 - INFO - ===================================================================================
2024-11-23 07:40:54,399 - INFO - Epoch [47/100]
Action Validation Loss: 0.0301 
 Goal Validation Loss: 0.1662 
 MIE Validation Loss: 0.0076 
 MSE R Validation Loss: 0.0469 
 BCE G Validation Loss: 0.1117
2024-11-23 07:40:54,399 - INFO - ===================================================================================
2024-11-23 07:40:54,399 - INFO - Completed in 3h 24m
2024-11-23 07:42:01,303 - INFO - Epoch [48/100], Batch [0/2]
 Dt Loss: 0.0318
 Goal Loss: 0.1375, MIE Loss: 0.0062
 MSE Loss R: 0.0279, BCE Loss G: 0.1033
2024-11-23 07:42:20,420 - INFO - Epoch [48/100] completed. Average Goal Loss: 0.1316
2024-11-23 07:42:20,420 - INFO - Epoch [48/100] completed. Average Action Loss: 0.0318
2024-11-23 07:42:20,420 - INFO - ===================================================================================
2024-11-23 07:43:46,391 - INFO - Epoch [48/100]
Action Validation Loss: 0.0298 
 Goal Validation Loss: 0.1564 
 MIE Validation Loss: 0.0002 
 MSE R Validation Loss: 0.0443 
 BCE G Validation Loss: 0.1118
2024-11-23 07:43:46,391 - INFO - ===================================================================================
2024-11-23 07:43:46,392 - INFO - Completed in 3h 27m
2024-11-23 07:46:26,109 - INFO - 48 Test Returns: 52.4
2024-11-23 07:46:26,136 - INFO - Model checkpoint saved at training_output/20241123_041243/models/epoch_48.pth
2024-11-23 07:47:49,696 - INFO - Epoch [49/100], Batch [0/2]
 Dt Loss: 0.0314
 Goal Loss: 0.1418, MIE Loss: 0.0005
 MSE Loss R: 0.0264, BCE Loss G: 0.1150
2024-11-23 07:48:08,711 - INFO - Epoch [49/100] completed. Average Goal Loss: 0.1289
2024-11-23 07:48:08,711 - INFO - Epoch [49/100] completed. Average Action Loss: 0.0314
2024-11-23 07:48:08,711 - INFO - ===================================================================================
2024-11-23 07:49:38,460 - INFO - Epoch [49/100]
Action Validation Loss: 0.0299 
 Goal Validation Loss: 0.1571 
 MIE Validation Loss: 0.0003 
 MSE R Validation Loss: 0.0453 
 BCE G Validation Loss: 0.1115
2024-11-23 07:49:38,461 - INFO - ===================================================================================
2024-11-23 07:49:38,461 - INFO - Completed in 3h 33m
2024-11-23 07:50:58,833 - INFO - Epoch [50/100], Batch [0/2]
 Dt Loss: 0.0314
 Goal Loss: 0.1149, MIE Loss: 0.0029
 MSE Loss R: 0.0113, BCE Loss G: 0.1006
2024-11-23 07:51:18,307 - INFO - Epoch [50/100] completed. Average Goal Loss: 0.1473
2024-11-23 07:51:18,308 - INFO - Epoch [50/100] completed. Average Action Loss: 0.0313
2024-11-23 07:51:18,308 - INFO - ===================================================================================
2024-11-23 07:52:52,279 - INFO - Epoch [50/100]
Action Validation Loss: 0.0296 
 Goal Validation Loss: 0.1576 
 MIE Validation Loss: 0.0011 
 MSE R Validation Loss: 0.0453 
 BCE G Validation Loss: 0.1112
2024-11-23 07:52:52,279 - INFO - ===================================================================================
2024-11-23 07:52:52,279 - INFO - Completed in 3h 36m
2024-11-23 07:55:32,396 - INFO - 50 Test Returns: 57.0
2024-11-23 07:55:32,423 - INFO - Model checkpoint saved at training_output/20241123_041243/models/epoch_50.pth
2024-11-23 07:56:36,990 - INFO - Epoch [51/100], Batch [0/2]
 Dt Loss: 0.0312
 Goal Loss: 0.1245, MIE Loss: 0.0011
 MSE Loss R: 0.0153, BCE Loss G: 0.1081
2024-11-23 07:56:54,831 - INFO - Epoch [51/100] completed. Average Goal Loss: 0.1215
2024-11-23 07:56:54,831 - INFO - Epoch [51/100] completed. Average Action Loss: 0.0312
2024-11-23 07:56:54,831 - INFO - ===================================================================================
2024-11-23 07:58:32,877 - INFO - Epoch [51/100]
Action Validation Loss: 0.0291 
 Goal Validation Loss: 0.1577 
 MIE Validation Loss: 0.0010 
 MSE R Validation Loss: 0.0452 
 BCE G Validation Loss: 0.1115
2024-11-23 07:58:32,877 - INFO - ===================================================================================
2024-11-23 07:58:32,878 - INFO - Completed in 3h 42m
2024-11-23 07:59:44,941 - INFO - Epoch [52/100], Batch [0/2]
 Dt Loss: 0.0312
 Goal Loss: 0.1114, MIE Loss: 0.0012
 MSE Loss R: 0.0150, BCE Loss G: 0.0953
2024-11-23 08:00:03,085 - INFO - Epoch [52/100] completed. Average Goal Loss: 0.1355
2024-11-23 08:00:03,085 - INFO - Epoch [52/100] completed. Average Action Loss: 0.0311
2024-11-23 08:00:03,085 - INFO - ===================================================================================
2024-11-23 08:01:41,927 - INFO - Epoch [52/100]
Action Validation Loss: 0.0293 
 Goal Validation Loss: 0.1589 
 MIE Validation Loss: 0.0010 
 MSE R Validation Loss: 0.0466 
 BCE G Validation Loss: 0.1113
2024-11-23 08:01:41,927 - INFO - ===================================================================================
2024-11-23 08:01:41,927 - INFO - Completed in 3h 45m
2024-11-23 08:04:30,515 - INFO - 52 Test Returns: 49.4
2024-11-23 08:04:30,544 - INFO - Model checkpoint saved at training_output/20241123_041243/models/epoch_52.pth
2024-11-23 08:05:54,619 - INFO - Epoch [53/100], Batch [0/2]
 Dt Loss: 0.0311
 Goal Loss: 0.1911, MIE Loss: 0.0011
 MSE Loss R: 0.0649, BCE Loss G: 0.1250
2024-11-23 08:06:13,760 - INFO - Epoch [53/100] completed. Average Goal Loss: 0.1593
2024-11-23 08:06:13,760 - INFO - Epoch [53/100] completed. Average Action Loss: 0.0310
2024-11-23 08:06:13,761 - INFO - ===================================================================================
2024-11-23 08:07:39,191 - INFO - Epoch [53/100]
Action Validation Loss: 0.0291 
 Goal Validation Loss: 0.1555 
 MIE Validation Loss: 0.0005 
 MSE R Validation Loss: 0.0439 
 BCE G Validation Loss: 0.1110
2024-11-23 08:07:39,191 - INFO - ===================================================================================
2024-11-23 08:07:39,192 - INFO - Completed in 3h 51m
2024-11-23 08:08:49,963 - INFO - Epoch [54/100], Batch [0/2]
 Dt Loss: 0.0309
 Goal Loss: 0.1186, MIE Loss: 0.0008
 MSE Loss R: 0.0136, BCE Loss G: 0.1043
2024-11-23 08:09:07,958 - INFO - Epoch [54/100] completed. Average Goal Loss: 0.1537
2024-11-23 08:09:07,958 - INFO - Epoch [54/100] completed. Average Action Loss: 0.0309
2024-11-23 08:09:07,958 - INFO - ===================================================================================
2024-11-23 08:10:46,988 - INFO - Epoch [54/100]
Action Validation Loss: 0.0289 
 Goal Validation Loss: 0.1558 
 MIE Validation Loss: 0.0007 
 MSE R Validation Loss: 0.0438 
 BCE G Validation Loss: 0.1114
2024-11-23 08:10:46,989 - INFO - ===================================================================================
2024-11-23 08:10:46,989 - INFO - Completed in 3h 54m
2024-11-23 08:13:26,316 - INFO - 54 Test Returns: 56.0
2024-11-23 08:13:26,367 - INFO - Model checkpoint saved at training_output/20241123_041243/models/epoch_54.pth
2024-11-23 08:14:49,631 - INFO - Epoch [55/100], Batch [0/2]
 Dt Loss: 0.0306
 Goal Loss: 0.1457, MIE Loss: 0.0056
 MSE Loss R: 0.0251, BCE Loss G: 0.1150
2024-11-23 08:15:08,862 - INFO - Epoch [55/100] completed. Average Goal Loss: 0.1371
2024-11-23 08:15:08,863 - INFO - Epoch [55/100] completed. Average Action Loss: 0.0307
2024-11-23 08:15:08,863 - INFO - ===================================================================================
2024-11-23 08:16:42,676 - INFO - Epoch [55/100]
Action Validation Loss: 0.0288 
 Goal Validation Loss: 0.1569 
 MIE Validation Loss: 0.0008 
 MSE R Validation Loss: 0.0447 
 BCE G Validation Loss: 0.1114
2024-11-23 08:16:42,676 - INFO - ===================================================================================
2024-11-23 08:16:42,677 - INFO - Completed in 4h 0m
2024-11-23 08:18:41,327 - INFO - Epoch [56/100], Batch [0/2]
 Dt Loss: 0.0305
 Goal Loss: 0.1260, MIE Loss: 0.0004
 MSE Loss R: 0.0226, BCE Loss G: 0.1031
2024-11-23 08:19:03,021 - INFO - Epoch [56/100] completed. Average Goal Loss: 0.2009
2024-11-23 08:19:03,022 - INFO - Epoch [56/100] completed. Average Action Loss: 0.0306
2024-11-23 08:19:03,022 - INFO - ===================================================================================
2024-11-23 08:20:32,687 - INFO - Epoch [56/100]
Action Validation Loss: 0.0289 
 Goal Validation Loss: 0.1667 
 MIE Validation Loss: 0.0070 
 MSE R Validation Loss: 0.0466 
 BCE G Validation Loss: 0.1132
2024-11-23 08:20:32,687 - INFO - ===================================================================================
2024-11-23 08:20:32,719 - INFO - Completed in 4h 4m
2024-11-23 08:23:03,747 - INFO - 56 Test Returns: 57.4
2024-11-23 08:23:03,772 - INFO - Model checkpoint saved at training_output/20241123_041243/models/epoch_56.pth
2024-11-23 08:24:23,676 - INFO - Epoch [57/100], Batch [0/2]
 Dt Loss: 0.0305
 Goal Loss: 0.1532, MIE Loss: 0.0021
 MSE Loss R: 0.0483, BCE Loss G: 0.1028
2024-11-23 08:24:42,721 - INFO - Epoch [57/100] completed. Average Goal Loss: 0.1485
2024-11-23 08:24:42,722 - INFO - Epoch [57/100] completed. Average Action Loss: 0.0304
2024-11-23 08:24:42,722 - INFO - ===================================================================================
2024-11-23 08:26:13,493 - INFO - Epoch [57/100]
Action Validation Loss: 0.0287 
 Goal Validation Loss: 0.1559 
 MIE Validation Loss: 0.0003 
 MSE R Validation Loss: 0.0446 
 BCE G Validation Loss: 0.1110
2024-11-23 08:26:13,494 - INFO - ===================================================================================
2024-11-23 08:26:13,494 - INFO - Completed in 4h 10m
2024-11-23 08:27:20,344 - INFO - Epoch [58/100], Batch [0/2]
 Dt Loss: 0.0304
 Goal Loss: 0.1411, MIE Loss: 0.0010
 MSE Loss R: 0.0241, BCE Loss G: 0.1160
2024-11-23 08:27:39,300 - INFO - Epoch [58/100] completed. Average Goal Loss: 0.1917
2024-11-23 08:27:39,301 - INFO - Epoch [58/100] completed. Average Action Loss: 0.0303
2024-11-23 08:27:39,301 - INFO - ===================================================================================
2024-11-23 08:29:18,729 - INFO - Epoch [58/100]
Action Validation Loss: 0.0285 
 Goal Validation Loss: 0.1709 
 MIE Validation Loss: 0.0019 
 MSE R Validation Loss: 0.0547 
 BCE G Validation Loss: 0.1144
2024-11-23 08:29:18,729 - INFO - ===================================================================================
2024-11-23 08:29:18,729 - INFO - Completed in 4h 13m
2024-11-23 08:32:06,206 - INFO - 58 Test Returns: 54.4
2024-11-23 08:32:06,232 - INFO - Model checkpoint saved at training_output/20241123_041243/models/epoch_58.pth
2024-11-23 08:33:19,355 - INFO - Epoch [59/100], Batch [0/2]
 Dt Loss: 0.0303
 Goal Loss: 0.1641, MIE Loss: 0.0013
 MSE Loss R: 0.0556, BCE Loss G: 0.1072
2024-11-23 08:33:38,585 - INFO - Epoch [59/100] completed. Average Goal Loss: 0.2144
2024-11-23 08:33:38,585 - INFO - Epoch [59/100] completed. Average Action Loss: 0.0302
2024-11-23 08:33:38,586 - INFO - ===================================================================================
2024-11-23 08:35:16,805 - INFO - Epoch [59/100]
Action Validation Loss: 0.0285 
 Goal Validation Loss: 0.1764 
 MIE Validation Loss: 0.0034 
 MSE R Validation Loss: 0.0586 
 BCE G Validation Loss: 0.1144
2024-11-23 08:35:16,805 - INFO - ===================================================================================
2024-11-23 08:35:16,806 - INFO - Completed in 4h 19m
2024-11-23 08:37:14,291 - INFO - Epoch [60/100], Batch [0/2]
 Dt Loss: 0.0300
 Goal Loss: 0.1628, MIE Loss: 0.0025
 MSE Loss R: 0.0504, BCE Loss G: 0.1099
2024-11-23 08:37:33,032 - INFO - Epoch [60/100] completed. Average Goal Loss: 0.1493
2024-11-23 08:37:33,032 - INFO - Epoch [60/100] completed. Average Action Loss: 0.0300
2024-11-23 08:37:33,032 - INFO - ===================================================================================
2024-11-23 08:39:09,237 - INFO - Epoch [60/100]
Action Validation Loss: 0.0282 
 Goal Validation Loss: 0.1626 
 MIE Validation Loss: 0.0013 
 MSE R Validation Loss: 0.0500 
 BCE G Validation Loss: 0.1113
2024-11-23 08:39:09,237 - INFO - ===================================================================================
2024-11-23 08:39:09,238 - INFO - Completed in 4h 23m
2024-11-23 08:42:09,901 - INFO - 60 Test Returns: 55.4
2024-11-23 08:42:09,929 - INFO - Model checkpoint saved at training_output/20241123_041243/models/epoch_60.pth
2024-11-23 08:43:22,004 - INFO - Epoch [61/100], Batch [0/2]
 Dt Loss: 0.0300
 Goal Loss: 0.2514, MIE Loss: 0.0033
 MSE Loss R: 0.1078, BCE Loss G: 0.1403
2024-11-23 08:43:42,176 - INFO - Epoch [61/100] completed. Average Goal Loss: 0.1980
2024-11-23 08:43:42,177 - INFO - Epoch [61/100] completed. Average Action Loss: 0.0299
2024-11-23 08:43:42,177 - INFO - ===================================================================================
2024-11-23 08:45:13,541 - INFO - Epoch [61/100]
Action Validation Loss: 0.0280 
 Goal Validation Loss: 0.1783 
 MIE Validation Loss: 0.0004 
 MSE R Validation Loss: 0.0644 
 BCE G Validation Loss: 0.1135
2024-11-23 08:45:13,541 - INFO - ===================================================================================
2024-11-23 08:45:13,542 - INFO - Completed in 4h 29m
2024-11-23 08:46:29,750 - INFO - Epoch [62/100], Batch [0/2]
 Dt Loss: 0.0298
 Goal Loss: 0.1504, MIE Loss: 0.0002
 MSE Loss R: 0.0427, BCE Loss G: 0.1075
2024-11-23 08:46:47,915 - INFO - Epoch [62/100] completed. Average Goal Loss: 0.1449
2024-11-23 08:46:47,915 - INFO - Epoch [62/100] completed. Average Action Loss: 0.0298
2024-11-23 08:46:47,915 - INFO - ===================================================================================
2024-11-23 08:48:24,610 - INFO - Epoch [62/100]
Action Validation Loss: 0.0280 
 Goal Validation Loss: 0.1693 
 MIE Validation Loss: 0.0091 
 MSE R Validation Loss: 0.0485 
 BCE G Validation Loss: 0.1117
2024-11-23 08:48:24,610 - INFO - ===================================================================================
2024-11-23 08:48:24,610 - INFO - Completed in 4h 32m
2024-11-23 08:51:02,058 - INFO - 62 Test Returns: 53.8
2024-11-23 08:51:02,084 - INFO - Model checkpoint saved at training_output/20241123_041243/models/epoch_62.pth
2024-11-23 08:52:18,195 - INFO - Epoch [63/100], Batch [0/2]
 Dt Loss: 0.0297
 Goal Loss: 0.1925, MIE Loss: 0.0038
 MSE Loss R: 0.0570, BCE Loss G: 0.1317
2024-11-23 08:52:36,764 - INFO - Epoch [63/100] completed. Average Goal Loss: 0.1658
2024-11-23 08:52:36,764 - INFO - Epoch [63/100] completed. Average Action Loss: 0.0297
2024-11-23 08:52:36,764 - INFO - ===================================================================================
2024-11-23 08:54:09,861 - INFO - Epoch [63/100]
Action Validation Loss: 0.0280 
 Goal Validation Loss: 0.1688 
 MIE Validation Loss: 0.0003 
 MSE R Validation Loss: 0.0558 
 BCE G Validation Loss: 0.1128
2024-11-23 08:54:09,862 - INFO - ===================================================================================
2024-11-23 08:54:09,862 - INFO - Completed in 4h 38m
2024-11-23 08:55:24,897 - INFO - Epoch [64/100], Batch [0/2]
 Dt Loss: 0.0296
 Goal Loss: 0.1348, MIE Loss: 0.0002
 MSE Loss R: 0.0235, BCE Loss G: 0.1111
2024-11-23 08:55:43,970 - INFO - Epoch [64/100] completed. Average Goal Loss: 0.1426
2024-11-23 08:55:43,970 - INFO - Epoch [64/100] completed. Average Action Loss: 0.0296
2024-11-23 08:55:43,971 - INFO - ===================================================================================
2024-11-23 08:57:19,886 - INFO - Epoch [64/100]
Action Validation Loss: 0.0280 
 Goal Validation Loss: 0.1648 
 MIE Validation Loss: 0.0078 
 MSE R Validation Loss: 0.0452 
 BCE G Validation Loss: 0.1118
2024-11-23 08:57:19,886 - INFO - ===================================================================================
2024-11-23 08:57:19,886 - INFO - Completed in 4h 41m
2024-11-23 08:59:56,879 - INFO - 64 Test Returns: 52.8
2024-11-23 08:59:56,905 - INFO - Model checkpoint saved at training_output/20241123_041243/models/epoch_64.pth
2024-11-23 09:01:02,523 - INFO - Epoch [65/100], Batch [0/2]
 Dt Loss: 0.0295
 Goal Loss: 0.1304, MIE Loss: 0.0077
 MSE Loss R: 0.0182, BCE Loss G: 0.1046
2024-11-23 09:01:21,169 - INFO - Epoch [65/100] completed. Average Goal Loss: 0.1521
2024-11-23 09:01:21,169 - INFO - Epoch [65/100] completed. Average Action Loss: 0.0295
2024-11-23 09:01:21,169 - INFO - ===================================================================================
2024-11-23 09:02:55,142 - INFO - Epoch [65/100]
Action Validation Loss: 0.0276 
 Goal Validation Loss: 0.1560 
 MIE Validation Loss: 0.0005 
 MSE R Validation Loss: 0.0441 
 BCE G Validation Loss: 0.1114
2024-11-23 09:02:55,143 - INFO - ===================================================================================
2024-11-23 09:02:55,143 - INFO - Completed in 4h 46m
2024-11-23 09:04:03,143 - INFO - Epoch [66/100], Batch [0/2]
 Dt Loss: 0.0295
 Goal Loss: 0.1242, MIE Loss: 0.0002
 MSE Loss R: 0.0179, BCE Loss G: 0.1060
2024-11-23 09:04:22,892 - INFO - Epoch [66/100] completed. Average Goal Loss: 0.1238
2024-11-23 09:04:22,892 - INFO - Epoch [66/100] completed. Average Action Loss: 0.0293
2024-11-23 09:04:22,892 - INFO - ===================================================================================
2024-11-23 09:05:55,662 - INFO - Epoch [66/100]
Action Validation Loss: 0.0276 
 Goal Validation Loss: 0.1576 
 MIE Validation Loss: 0.0023 
 MSE R Validation Loss: 0.0438 
 BCE G Validation Loss: 0.1115
2024-11-23 09:05:55,662 - INFO - ===================================================================================
2024-11-23 09:05:55,662 - INFO - Completed in 4h 49m
2024-11-23 09:08:34,531 - INFO - 66 Test Returns: 53.4
2024-11-23 09:08:34,557 - INFO - Model checkpoint saved at training_output/20241123_041243/models/epoch_66.pth
2024-11-23 09:09:40,747 - INFO - Epoch [67/100], Batch [0/2]
 Dt Loss: 0.0293
 Goal Loss: 0.1631, MIE Loss: 0.0054
 MSE Loss R: 0.0375, BCE Loss G: 0.1203
2024-11-23 09:09:58,701 - INFO - Epoch [67/100] completed. Average Goal Loss: 0.1442
2024-11-23 09:09:58,701 - INFO - Epoch [67/100] completed. Average Action Loss: 0.0292
2024-11-23 09:09:58,701 - INFO - ===================================================================================
2024-11-23 09:11:38,009 - INFO - Epoch [67/100]
Action Validation Loss: 0.0275 
 Goal Validation Loss: 0.1556 
 MIE Validation Loss: 0.0003 
 MSE R Validation Loss: 0.0439 
 BCE G Validation Loss: 0.1114
2024-11-23 09:11:38,010 - INFO - ===================================================================================
2024-11-23 09:11:38,010 - INFO - Completed in 4h 55m
2024-11-23 09:13:18,133 - INFO - Epoch [68/100], Batch [0/2]
 Dt Loss: 0.0291
 Goal Loss: 0.1252, MIE Loss: 0.0002
 MSE Loss R: 0.0162, BCE Loss G: 0.1088
2024-11-23 09:13:36,970 - INFO - Epoch [68/100] completed. Average Goal Loss: 0.1393
2024-11-23 09:13:36,970 - INFO - Epoch [68/100] completed. Average Action Loss: 0.0291
2024-11-23 09:13:36,970 - INFO - ===================================================================================
2024-11-23 09:15:13,741 - INFO - Epoch [68/100]
Action Validation Loss: 0.0275 
 Goal Validation Loss: 0.1574 
 MIE Validation Loss: 0.0015 
 MSE R Validation Loss: 0.0443 
 BCE G Validation Loss: 0.1117
2024-11-23 09:15:13,741 - INFO - ===================================================================================
2024-11-23 09:15:13,742 - INFO - Completed in 4h 59m
2024-11-23 09:17:51,661 - INFO - 68 Test Returns: 55.4
2024-11-23 09:17:51,688 - INFO - Model checkpoint saved at training_output/20241123_041243/models/epoch_68.pth
2024-11-23 09:19:03,700 - INFO - Epoch [69/100], Batch [0/2]
 Dt Loss: 0.0291
 Goal Loss: 0.1326, MIE Loss: 0.0031
 MSE Loss R: 0.0272, BCE Loss G: 0.1023
2024-11-23 09:19:22,409 - INFO - Epoch [69/100] completed. Average Goal Loss: 0.1262
2024-11-23 09:19:22,409 - INFO - Epoch [69/100] completed. Average Action Loss: 0.0290
2024-11-23 09:19:22,409 - INFO - ===================================================================================
2024-11-23 09:20:59,047 - INFO - Epoch [69/100]
Action Validation Loss: 0.0273 
 Goal Validation Loss: 0.1579 
 MIE Validation Loss: 0.0015 
 MSE R Validation Loss: 0.0447 
 BCE G Validation Loss: 0.1117
2024-11-23 09:20:59,048 - INFO - ===================================================================================
2024-11-23 09:20:59,048 - INFO - Completed in 5h 4m
2024-11-23 09:22:08,622 - INFO - Epoch [70/100], Batch [0/2]
 Dt Loss: 0.0289
 Goal Loss: 0.1224, MIE Loss: 0.0018
 MSE Loss R: 0.0138, BCE Loss G: 0.1068
2024-11-23 09:22:27,554 - INFO - Epoch [70/100] completed. Average Goal Loss: 0.1179
2024-11-23 09:22:27,554 - INFO - Epoch [70/100] completed. Average Action Loss: 0.0290
2024-11-23 09:22:27,554 - INFO - ===================================================================================
2024-11-23 09:24:02,594 - INFO - Epoch [70/100]
Action Validation Loss: 0.0268 
 Goal Validation Loss: 0.1599 
 MIE Validation Loss: 0.0013 
 MSE R Validation Loss: 0.0468 
 BCE G Validation Loss: 0.1118
2024-11-23 09:24:02,595 - INFO - ===================================================================================
2024-11-23 09:24:02,595 - INFO - Completed in 5h 7m
2024-11-23 09:26:37,009 - INFO - 70 Test Returns: 57.4
2024-11-23 09:26:37,035 - INFO - Model checkpoint saved at training_output/20241123_041243/models/epoch_70.pth
2024-11-23 09:27:46,516 - INFO - Epoch [71/100], Batch [0/2]
 Dt Loss: 0.0287
 Goal Loss: 0.1716, MIE Loss: 0.0008
 MSE Loss R: 0.0497, BCE Loss G: 0.1211
2024-11-23 09:28:05,456 - INFO - Epoch [71/100] completed. Average Goal Loss: 0.2110
2024-11-23 09:28:05,456 - INFO - Epoch [71/100] completed. Average Action Loss: 0.0288
2024-11-23 09:28:05,456 - INFO - ===================================================================================
2024-11-23 09:29:35,701 - INFO - Epoch [71/100]
Action Validation Loss: 0.0274 
 Goal Validation Loss: 0.1596 
 MIE Validation Loss: 0.0015 
 MSE R Validation Loss: 0.0445 
 BCE G Validation Loss: 0.1135
2024-11-23 09:29:35,702 - INFO - ===================================================================================
2024-11-23 09:29:35,702 - INFO - Completed in 5h 13m
2024-11-23 09:30:42,323 - INFO - Epoch [72/100], Batch [0/2]
 Dt Loss: 0.0287
 Goal Loss: 0.1509, MIE Loss: 0.0007
 MSE Loss R: 0.0303, BCE Loss G: 0.1199
2024-11-23 09:31:01,242 - INFO - Epoch [72/100] completed. Average Goal Loss: 0.1455
2024-11-23 09:31:01,242 - INFO - Epoch [72/100] completed. Average Action Loss: 0.0287
2024-11-23 09:31:01,242 - INFO - ===================================================================================
2024-11-23 09:32:30,964 - INFO - Epoch [72/100]
Action Validation Loss: 0.0271 
 Goal Validation Loss: 0.1621 
 MIE Validation Loss: 0.0046 
 MSE R Validation Loss: 0.0461 
 BCE G Validation Loss: 0.1113
2024-11-23 09:32:30,964 - INFO - ===================================================================================
2024-11-23 09:32:30,964 - INFO - Completed in 5h 16m
2024-11-23 09:35:08,564 - INFO - 72 Test Returns: 55.6
2024-11-23 09:35:08,590 - INFO - Model checkpoint saved at training_output/20241123_041243/models/epoch_72.pth
2024-11-23 09:36:14,095 - INFO - Epoch [73/100], Batch [0/2]
 Dt Loss: 0.0286
 Goal Loss: 0.1354, MIE Loss: 0.0016
 MSE Loss R: 0.0359, BCE Loss G: 0.0979
2024-11-23 09:36:32,616 - INFO - Epoch [73/100] completed. Average Goal Loss: 0.1269
2024-11-23 09:36:32,616 - INFO - Epoch [73/100] completed. Average Action Loss: 0.0286
2024-11-23 09:36:32,616 - INFO - ===================================================================================
2024-11-23 09:38:08,067 - INFO - Epoch [73/100]
Action Validation Loss: 0.0272 
 Goal Validation Loss: 0.1579 
 MIE Validation Loss: 0.0005 
 MSE R Validation Loss: 0.0452 
 BCE G Validation Loss: 0.1122
2024-11-23 09:38:08,068 - INFO - ===================================================================================
2024-11-23 09:38:08,068 - INFO - Completed in 5h 22m
2024-11-23 09:39:14,196 - INFO - Epoch [74/100], Batch [0/2]
 Dt Loss: 0.0286
 Goal Loss: 0.1607, MIE Loss: 0.0005
 MSE Loss R: 0.0402, BCE Loss G: 0.1200
2024-11-23 09:39:32,951 - INFO - Epoch [74/100] completed. Average Goal Loss: 0.1461
2024-11-23 09:39:32,952 - INFO - Epoch [74/100] completed. Average Action Loss: 0.0286
2024-11-23 09:39:32,952 - INFO - ===================================================================================
2024-11-23 09:41:10,751 - INFO - Epoch [74/100]
Action Validation Loss: 0.0269 
 Goal Validation Loss: 0.1642 
 MIE Validation Loss: 0.0092 
 MSE R Validation Loss: 0.0439 
 BCE G Validation Loss: 0.1111
2024-11-23 09:41:10,751 - INFO - ===================================================================================
2024-11-23 09:41:10,752 - INFO - Completed in 5h 25m
2024-11-23 09:43:46,894 - INFO - 74 Test Returns: 53.2
2024-11-23 09:43:46,920 - INFO - Model checkpoint saved at training_output/20241123_041243/models/epoch_74.pth
2024-11-23 09:44:52,658 - INFO - Epoch [75/100], Batch [0/2]
 Dt Loss: 0.0285
 Goal Loss: 0.1341, MIE Loss: 0.0023
 MSE Loss R: 0.0203, BCE Loss G: 0.1116
2024-11-23 09:45:11,702 - INFO - Epoch [75/100] completed. Average Goal Loss: 0.1287
2024-11-23 09:45:11,703 - INFO - Epoch [75/100] completed. Average Action Loss: 0.0284
2024-11-23 09:45:11,703 - INFO - ===================================================================================
2024-11-23 09:46:45,714 - INFO - Epoch [75/100]
Action Validation Loss: 0.0268 
 Goal Validation Loss: 0.1557 
 MIE Validation Loss: 0.0001 
 MSE R Validation Loss: 0.0442 
 BCE G Validation Loss: 0.1114
2024-11-23 09:46:45,714 - INFO - ===================================================================================
2024-11-23 09:46:45,714 - INFO - Completed in 5h 30m
2024-11-23 09:47:51,786 - INFO - Epoch [76/100], Batch [0/2]
 Dt Loss: 0.0283
 Goal Loss: 0.1980, MIE Loss: 0.0003
 MSE Loss R: 0.0689, BCE Loss G: 0.1287
2024-11-23 09:48:11,242 - INFO - Epoch [76/100] completed. Average Goal Loss: 0.1622
2024-11-23 09:48:11,242 - INFO - Epoch [76/100] completed. Average Action Loss: 0.0283
2024-11-23 09:48:11,242 - INFO - ===================================================================================
2024-11-23 09:49:45,992 - INFO - Epoch [76/100]
Action Validation Loss: 0.0267 
 Goal Validation Loss: 0.1588 
 MIE Validation Loss: 0.0039 
 MSE R Validation Loss: 0.0439 
 BCE G Validation Loss: 0.1110
2024-11-23 09:49:45,992 - INFO - ===================================================================================
2024-11-23 09:49:45,993 - INFO - Completed in 5h 33m
2024-11-23 09:52:22,576 - INFO - 76 Test Returns: 54.0
2024-11-23 09:52:22,602 - INFO - Model checkpoint saved at training_output/20241123_041243/models/epoch_76.pth
2024-11-23 09:53:33,483 - INFO - Epoch [77/100], Batch [0/2]
 Dt Loss: 0.0283
 Goal Loss: 0.1282, MIE Loss: 0.0021
 MSE Loss R: 0.0166, BCE Loss G: 0.1094
2024-11-23 09:53:54,045 - INFO - Epoch [77/100] completed. Average Goal Loss: 0.1251
2024-11-23 09:53:54,046 - INFO - Epoch [77/100] completed. Average Action Loss: 0.0282
2024-11-23 09:53:54,046 - INFO - ===================================================================================
2024-11-23 09:55:22,310 - INFO - Epoch [77/100]
Action Validation Loss: 0.0267 
 Goal Validation Loss: 0.1558 
 MIE Validation Loss: 0.0002 
 MSE R Validation Loss: 0.0441 
 BCE G Validation Loss: 0.1115
2024-11-23 09:55:22,311 - INFO - ===================================================================================
2024-11-23 09:55:22,311 - INFO - Completed in 5h 39m
2024-11-23 09:56:29,632 - INFO - Epoch [78/100], Batch [0/2]
 Dt Loss: 0.0280
 Goal Loss: 0.1665, MIE Loss: 0.0017
 MSE Loss R: 0.0434, BCE Loss G: 0.1214
2024-11-23 09:56:48,793 - INFO - Epoch [78/100] completed. Average Goal Loss: 0.1695
2024-11-23 09:56:48,793 - INFO - Epoch [78/100] completed. Average Action Loss: 0.0280
2024-11-23 09:56:48,793 - INFO - ===================================================================================
2024-11-23 09:58:19,528 - INFO - Epoch [78/100]
Action Validation Loss: 0.0264 
 Goal Validation Loss: 0.1582 
 MIE Validation Loss: 0.0011 
 MSE R Validation Loss: 0.0450 
 BCE G Validation Loss: 0.1121
2024-11-23 09:58:19,528 - INFO - ===================================================================================
2024-11-23 09:58:19,528 - INFO - Completed in 5h 42m
2024-11-23 10:00:59,506 - INFO - 78 Test Returns: 54.8
2024-11-23 10:00:59,532 - INFO - Model checkpoint saved at training_output/20241123_041243/models/epoch_78.pth
2024-11-23 10:02:13,682 - INFO - Epoch [79/100], Batch [0/2]
 Dt Loss: 0.0282
 Goal Loss: 0.1390, MIE Loss: 0.0004
 MSE Loss R: 0.0388, BCE Loss G: 0.0998
2024-11-23 10:02:31,481 - INFO - Epoch [79/100] completed. Average Goal Loss: 0.1296
2024-11-23 10:02:31,481 - INFO - Epoch [79/100] completed. Average Action Loss: 0.0281
2024-11-23 10:02:31,481 - INFO - ===================================================================================
2024-11-23 10:04:10,886 - INFO - Epoch [79/100]
Action Validation Loss: 0.0264 
 Goal Validation Loss: 0.1583 
 MIE Validation Loss: 0.0016 
 MSE R Validation Loss: 0.0447 
 BCE G Validation Loss: 0.1120
2024-11-23 10:04:10,886 - INFO - ===================================================================================
2024-11-23 10:04:10,886 - INFO - Completed in 5h 48m
2024-11-23 10:05:41,342 - INFO - Epoch [80/100], Batch [0/2]
 Dt Loss: 0.0279
 Goal Loss: 0.1274, MIE Loss: 0.0034
 MSE Loss R: 0.0153, BCE Loss G: 0.1088
2024-11-23 10:06:00,897 - INFO - Epoch [80/100] completed. Average Goal Loss: 0.1265
2024-11-23 10:06:00,897 - INFO - Epoch [80/100] completed. Average Action Loss: 0.0279
2024-11-23 10:06:00,897 - INFO - ===================================================================================
2024-11-23 10:07:25,857 - INFO - Epoch [80/100]
Action Validation Loss: 0.0264 
 Goal Validation Loss: 0.1567 
 MIE Validation Loss: 0.0004 
 MSE R Validation Loss: 0.0450 
 BCE G Validation Loss: 0.1113
2024-11-23 10:07:25,857 - INFO - ===================================================================================
2024-11-23 10:07:25,857 - INFO - Completed in 5h 51m
2024-11-23 10:10:03,884 - INFO - 80 Test Returns: 56.0
2024-11-23 10:10:03,910 - INFO - Model checkpoint saved at training_output/20241123_041243/models/epoch_80.pth
2024-11-23 10:11:13,177 - INFO - Epoch [81/100], Batch [0/2]
 Dt Loss: 0.0278
 Goal Loss: 0.1194, MIE Loss: 0.0013
 MSE Loss R: 0.0130, BCE Loss G: 0.1052
2024-11-23 10:11:33,665 - INFO - Epoch [81/100] completed. Average Goal Loss: 0.1176
2024-11-23 10:11:33,665 - INFO - Epoch [81/100] completed. Average Action Loss: 0.0278
2024-11-23 10:11:33,665 - INFO - ===================================================================================
2024-11-23 10:13:13,634 - INFO - Epoch [81/100]
Action Validation Loss: 0.0262 
 Goal Validation Loss: 0.1599 
 MIE Validation Loss: 0.0008 
 MSE R Validation Loss: 0.0471 
 BCE G Validation Loss: 0.1120
2024-11-23 10:13:13,634 - INFO - ===================================================================================
2024-11-23 10:13:13,635 - INFO - Completed in 5h 57m
2024-11-23 10:14:27,851 - INFO - Epoch [82/100], Batch [0/2]
 Dt Loss: 0.0278
 Goal Loss: 0.1788, MIE Loss: 0.0006
 MSE Loss R: 0.0555, BCE Loss G: 0.1227
2024-11-23 10:14:47,145 - INFO - Epoch [82/100] completed. Average Goal Loss: 0.1606
2024-11-23 10:14:47,145 - INFO - Epoch [82/100] completed. Average Action Loss: 0.0279
2024-11-23 10:14:47,146 - INFO - ===================================================================================
2024-11-23 10:16:19,241 - INFO - Epoch [82/100]
Action Validation Loss: 0.0261 
 Goal Validation Loss: 0.1551 
 MIE Validation Loss: 0.0001 
 MSE R Validation Loss: 0.0439 
 BCE G Validation Loss: 0.1112
2024-11-23 10:16:19,242 - INFO - ===================================================================================
2024-11-23 10:16:19,242 - INFO - Completed in 6h 0m
2024-11-23 10:19:01,238 - INFO - 82 Test Returns: 56.4
2024-11-23 10:19:01,264 - INFO - Model checkpoint saved at training_output/20241123_041243/models/epoch_82.pth
2024-11-23 10:20:21,182 - INFO - Epoch [83/100], Batch [0/2]
 Dt Loss: 0.0278
 Goal Loss: 0.1217, MIE Loss: 0.0002
 MSE Loss R: 0.0235, BCE Loss G: 0.0980
2024-11-23 10:20:39,370 - INFO - Epoch [83/100] completed. Average Goal Loss: 0.1997
2024-11-23 10:20:39,370 - INFO - Epoch [83/100] completed. Average Action Loss: 0.0278
2024-11-23 10:20:39,370 - INFO - ===================================================================================
2024-11-23 10:22:10,560 - INFO - Epoch [83/100]
Action Validation Loss: 0.0262 
 Goal Validation Loss: 0.1609 
 MIE Validation Loss: 0.0041 
 MSE R Validation Loss: 0.0440 
 BCE G Validation Loss: 0.1128
2024-11-23 10:22:10,560 - INFO - ===================================================================================
2024-11-23 10:22:10,560 - INFO - Completed in 6h 6m
2024-11-23 10:23:21,816 - INFO - Epoch [84/100], Batch [0/2]
 Dt Loss: 0.0276
 Goal Loss: 0.1297, MIE Loss: 0.0014
 MSE Loss R: 0.0189, BCE Loss G: 0.1094
2024-11-23 10:23:41,599 - INFO - Epoch [84/100] completed. Average Goal Loss: 0.1298
2024-11-23 10:23:41,600 - INFO - Epoch [84/100] completed. Average Action Loss: 0.0277
2024-11-23 10:23:41,600 - INFO - ===================================================================================
2024-11-23 10:25:09,035 - INFO - Epoch [84/100]
Action Validation Loss: 0.0259 
 Goal Validation Loss: 0.1561 
 MIE Validation Loss: 0.0006 
 MSE R Validation Loss: 0.0439 
 BCE G Validation Loss: 0.1116
2024-11-23 10:25:09,036 - INFO - ===================================================================================
2024-11-23 10:25:09,036 - INFO - Completed in 6h 9m
2024-11-23 10:27:52,042 - INFO - 84 Test Returns: 54.2
2024-11-23 10:27:52,068 - INFO - Model checkpoint saved at training_output/20241123_041243/models/epoch_84.pth
2024-11-23 10:28:58,702 - INFO - Epoch [85/100], Batch [0/2]
 Dt Loss: 0.0277
 Goal Loss: 0.1210, MIE Loss: 0.0018
 MSE Loss R: 0.0134, BCE Loss G: 0.1058
2024-11-23 10:29:17,098 - INFO - Epoch [85/100] completed. Average Goal Loss: 0.1182
2024-11-23 10:29:17,099 - INFO - Epoch [85/100] completed. Average Action Loss: 0.0276
2024-11-23 10:29:17,099 - INFO - ===================================================================================
2024-11-23 10:30:53,496 - INFO - Epoch [85/100]
Action Validation Loss: 0.0260 
 Goal Validation Loss: 0.1585 
 MIE Validation Loss: 0.0007 
 MSE R Validation Loss: 0.0460 
 BCE G Validation Loss: 0.1118
2024-11-23 10:30:53,496 - INFO - ===================================================================================
2024-11-23 10:30:53,496 - INFO - Completed in 6h 14m
2024-11-23 10:32:02,106 - INFO - Epoch [86/100], Batch [0/2]
 Dt Loss: 0.0277
 Goal Loss: 0.1091, MIE Loss: 0.0009
 MSE Loss R: 0.0127, BCE Loss G: 0.0955
2024-11-23 10:32:21,283 - INFO - Epoch [86/100] completed. Average Goal Loss: 0.1664
2024-11-23 10:32:21,283 - INFO - Epoch [86/100] completed. Average Action Loss: 0.0276
2024-11-23 10:32:21,283 - INFO - ===================================================================================
2024-11-23 10:33:52,926 - INFO - Epoch [86/100]
Action Validation Loss: 0.0257 
 Goal Validation Loss: 0.1576 
 MIE Validation Loss: 0.0008 
 MSE R Validation Loss: 0.0454 
 BCE G Validation Loss: 0.1114
2024-11-23 10:33:52,926 - INFO - ===================================================================================
2024-11-23 10:33:52,926 - INFO - Completed in 6h 17m
2024-11-23 10:36:39,121 - INFO - 86 Test Returns: 53.8
2024-11-23 10:36:39,152 - INFO - Model checkpoint saved at training_output/20241123_041243/models/epoch_86.pth
2024-11-23 10:37:48,351 - INFO - Epoch [87/100], Batch [0/2]
 Dt Loss: 0.0274
 Goal Loss: 0.1165, MIE Loss: 0.0007
 MSE Loss R: 0.0185, BCE Loss G: 0.0973
2024-11-23 10:38:08,667 - INFO - Epoch [87/100] completed. Average Goal Loss: 0.1154
2024-11-23 10:38:08,668 - INFO - Epoch [87/100] completed. Average Action Loss: 0.0274
2024-11-23 10:38:08,668 - INFO - ===================================================================================
2024-11-23 10:39:47,428 - INFO - Epoch [87/100]
Action Validation Loss: 0.0260 
 Goal Validation Loss: 0.1612 
 MIE Validation Loss: 0.0021 
 MSE R Validation Loss: 0.0473 
 BCE G Validation Loss: 0.1118
2024-11-23 10:39:47,428 - INFO - ===================================================================================
2024-11-23 10:39:47,429 - INFO - Completed in 6h 23m
2024-11-23 10:41:17,544 - INFO - Epoch [88/100], Batch [0/2]
 Dt Loss: 0.0273
 Goal Loss: 0.1341, MIE Loss: 0.0009
 MSE Loss R: 0.0221, BCE Loss G: 0.1111
2024-11-23 10:41:36,121 - INFO - Epoch [88/100] completed. Average Goal Loss: 0.1233
2024-11-23 10:41:36,121 - INFO - Epoch [88/100] completed. Average Action Loss: 0.0274
2024-11-23 10:41:36,121 - INFO - ===================================================================================
2024-11-23 10:43:01,829 - INFO - Epoch [88/100]
Action Validation Loss: 0.0258 
 Goal Validation Loss: 0.1633 
 MIE Validation Loss: 0.0044 
 MSE R Validation Loss: 0.0473 
 BCE G Validation Loss: 0.1116
2024-11-23 10:43:01,829 - INFO - ===================================================================================
2024-11-23 10:43:01,829 - INFO - Completed in 6h 26m
2024-11-23 10:45:43,025 - INFO - 88 Test Returns: 54.6
2024-11-23 10:45:43,051 - INFO - Model checkpoint saved at training_output/20241123_041243/models/epoch_88.pth
2024-11-23 10:46:53,335 - INFO - Epoch [89/100], Batch [0/2]
 Dt Loss: 0.0273
 Goal Loss: 0.1083, MIE Loss: 0.0027
 MSE Loss R: 0.0108, BCE Loss G: 0.0948
2024-11-23 10:47:12,500 - INFO - Epoch [89/100] completed. Average Goal Loss: 0.1527
2024-11-23 10:47:12,500 - INFO - Epoch [89/100] completed. Average Action Loss: 0.0273
2024-11-23 10:47:12,500 - INFO - ===================================================================================
2024-11-23 10:48:36,268 - INFO - Epoch [89/100]
Action Validation Loss: 0.0258 
 Goal Validation Loss: 0.1583 
 MIE Validation Loss: 0.0002 
 MSE R Validation Loss: 0.0469 
 BCE G Validation Loss: 0.1112
2024-11-23 10:48:36,268 - INFO - ===================================================================================
2024-11-23 10:48:36,268 - INFO - Completed in 6h 32m
2024-11-23 10:49:43,506 - INFO - Epoch [90/100], Batch [0/2]
 Dt Loss: 0.0273
 Goal Loss: 0.2644, MIE Loss: 0.0003
 MSE Loss R: 0.1285, BCE Loss G: 0.1355
2024-11-23 10:50:03,333 - INFO - Epoch [90/100] completed. Average Goal Loss: 0.2001
2024-11-23 10:50:03,333 - INFO - Epoch [90/100] completed. Average Action Loss: 0.0273
2024-11-23 10:50:03,333 - INFO - ===================================================================================
