2024-11-21 11:08:57,086 - INFO - Starting.
2024-11-21 11:08:57,086 - INFO - Loading Data.
2024-11-21 11:09:07,012 - INFO - Data loaded in 0.0 hours 0.0 minutes.
2024-11-21 11:09:07,019 - INFO - Training Started.
2024-11-21 11:09:12,133 - INFO - Epoch [1/100], Batch [0/4]
 Dt Loss: 0.0867
 Goal Loss: 62.4159, MIE Loss: 61.6715
 MSE Loss R: 0.0105, BCE Loss G: 0.7339
2024-11-21 11:09:17,878 - INFO - Epoch [1/100] completed. Average Goal Loss: 39.3740
2024-11-21 11:09:17,879 - INFO - Epoch [1/100] completed. Average Action Loss: 0.0859
2024-11-21 11:09:17,879 - INFO - ===================================================================================
2024-11-21 11:09:30,124 - INFO - Epoch [1/100]
Action Validation Loss: 0.0835 
 Goal Validation Loss: 12.8158 
 MIE Validation Loss: 12.0262 
 MSE R Validation Loss: 0.0723 
 BCE G Validation Loss: 0.7174
2024-11-21 11:09:30,125 - INFO - ===================================================================================
2024-11-21 11:09:30,125 - INFO - Completed in 0h 0m
2024-11-21 11:12:43,731 - INFO - 1 Test Returns: 48.8
2024-11-21 11:12:43,761 - INFO - Model checkpoint saved at training_output/20241121_110855/models/epoch_1.pth
2024-11-21 11:12:50,193 - INFO - Epoch [2/100], Batch [0/4]
 Dt Loss: 0.0839
 Goal Loss: 8.6495, MIE Loss: 7.9341
 MSE Loss R: 0.0030, BCE Loss G: 0.7124
2024-11-21 11:12:56,306 - INFO - Epoch [2/100] completed. Average Goal Loss: 4.0076
2024-11-21 11:12:56,307 - INFO - Epoch [2/100] completed. Average Action Loss: 0.0827
2024-11-21 11:12:56,307 - INFO - ===================================================================================
2024-11-21 11:13:10,492 - INFO - Epoch [2/100]
Action Validation Loss: 0.0794 
 Goal Validation Loss: 1.1277 
 MIE Validation Loss: 0.4053 
 MSE R Validation Loss: 0.0661 
 BCE G Validation Loss: 0.6563
2024-11-21 11:13:10,492 - INFO - ===================================================================================
2024-11-21 11:13:10,493 - INFO - Completed in 0h 4m
2024-11-21 11:16:31,385 - INFO - 2 Test Returns: 53.8
2024-11-21 11:16:31,418 - INFO - Model checkpoint saved at training_output/20241121_110855/models/epoch_2.pth
2024-11-21 11:16:37,487 - INFO - Epoch [3/100], Batch [0/4]
 Dt Loss: 0.0804
 Goal Loss: 1.1259, MIE Loss: 0.4366
 MSE Loss R: 0.0434, BCE Loss G: 0.6460
2024-11-21 11:16:43,174 - INFO - Epoch [3/100] completed. Average Goal Loss: 0.8161
2024-11-21 11:16:43,175 - INFO - Epoch [3/100] completed. Average Action Loss: 0.0784
2024-11-21 11:16:43,175 - INFO - ===================================================================================
2024-11-21 11:16:56,694 - INFO - Epoch [3/100]
Action Validation Loss: 0.0743 
 Goal Validation Loss: 0.6419 
 MIE Validation Loss: 0.0993 
 MSE R Validation Loss: 0.0594 
 BCE G Validation Loss: 0.4832
2024-11-21 11:16:56,694 - INFO - ===================================================================================
2024-11-21 11:16:56,695 - INFO - Completed in 0h 7m
2024-11-21 11:17:03,409 - INFO - Epoch [4/100], Batch [0/4]
 Dt Loss: 0.0752
 Goal Loss: 0.6139, MIE Loss: 0.1195
 MSE Loss R: 0.0245, BCE Loss G: 0.4700
2024-11-21 11:17:09,323 - INFO - Epoch [4/100] completed. Average Goal Loss: 0.5001
2024-11-21 11:17:09,323 - INFO - Epoch [4/100] completed. Average Action Loss: 0.0721
2024-11-21 11:17:09,323 - INFO - ===================================================================================
2024-11-21 11:17:22,770 - INFO - Epoch [4/100]
Action Validation Loss: 0.0625 
 Goal Validation Loss: 0.3780 
 MIE Validation Loss: 0.0471 
 MSE R Validation Loss: 0.0485 
 BCE G Validation Loss: 0.2824
2024-11-21 11:17:22,771 - INFO - ===================================================================================
2024-11-21 11:17:22,771 - INFO - Completed in 0h 8m
2024-11-21 11:20:38,590 - INFO - 4 Test Returns: 55.0
2024-11-21 11:20:38,619 - INFO - Model checkpoint saved at training_output/20241121_110855/models/epoch_4.pth
2024-11-21 11:20:44,063 - INFO - Epoch [5/100], Batch [0/4]
 Dt Loss: 0.0644
 Goal Loss: 0.3078, MIE Loss: 0.0394
 MSE Loss R: 0.0098, BCE Loss G: 0.2586
2024-11-21 11:20:49,429 - INFO - Epoch [5/100] completed. Average Goal Loss: 0.3495
2024-11-21 11:20:49,429 - INFO - Epoch [5/100] completed. Average Action Loss: 0.0588
2024-11-21 11:20:49,429 - INFO - ===================================================================================
2024-11-21 11:21:03,827 - INFO - Epoch [5/100]
Action Validation Loss: 0.0535 
 Goal Validation Loss: 0.3247 
 MIE Validation Loss: 0.0851 
 MSE R Validation Loss: 0.0446 
 BCE G Validation Loss: 0.1950
2024-11-21 11:21:03,828 - INFO - ===================================================================================
2024-11-21 11:21:03,828 - INFO - Completed in 0h 11m
2024-11-21 11:21:09,295 - INFO - Epoch [6/100], Batch [0/4]
 Dt Loss: 0.0540
 Goal Loss: 0.2091, MIE Loss: 0.0260
 MSE Loss R: 0.0281, BCE Loss G: 0.1550
2024-11-21 11:21:15,215 - INFO - Epoch [6/100] completed. Average Goal Loss: 0.1924
2024-11-21 11:21:15,216 - INFO - Epoch [6/100] completed. Average Action Loss: 0.0521
2024-11-21 11:21:15,216 - INFO - ===================================================================================
2024-11-21 11:21:29,476 - INFO - Epoch [6/100]
Action Validation Loss: 0.0489 
 Goal Validation Loss: 0.1870 
 MIE Validation Loss: 0.0117 
 MSE R Validation Loss: 0.0443 
 BCE G Validation Loss: 0.1311
2024-11-21 11:21:29,476 - INFO - ===================================================================================
2024-11-21 11:21:29,477 - INFO - Completed in 0h 12m
2024-11-21 11:24:56,919 - INFO - 6 Test Returns: 48.8
2024-11-21 11:24:56,948 - INFO - Model checkpoint saved at training_output/20241121_110855/models/epoch_6.pth
2024-11-21 11:25:03,188 - INFO - Epoch [7/100], Batch [0/4]
 Dt Loss: 0.0498
 Goal Loss: 0.1549, MIE Loss: 0.0150
 MSE Loss R: 0.0134, BCE Loss G: 0.1265
2024-11-21 11:25:08,831 - INFO - Epoch [7/100] completed. Average Goal Loss: 0.1722
2024-11-21 11:25:08,831 - INFO - Epoch [7/100] completed. Average Action Loss: 0.0487
2024-11-21 11:25:08,832 - INFO - ===================================================================================
2024-11-21 11:25:23,098 - INFO - Epoch [7/100]
Action Validation Loss: 0.0452 
 Goal Validation Loss: 0.1819 
 MIE Validation Loss: 0.0173 
 MSE R Validation Loss: 0.0441 
 BCE G Validation Loss: 0.1205
2024-11-21 11:25:23,098 - INFO - ===================================================================================
2024-11-21 11:25:23,099 - INFO - Completed in 0h 16m
2024-11-21 11:25:28,353 - INFO - Epoch [8/100], Batch [0/4]
 Dt Loss: 0.0465
 Goal Loss: 0.1386, MIE Loss: 0.0083
 MSE Loss R: 0.0170, BCE Loss G: 0.1133
2024-11-21 11:25:34,428 - INFO - Epoch [8/100] completed. Average Goal Loss: 0.1585
2024-11-21 11:25:34,428 - INFO - Epoch [8/100] completed. Average Action Loss: 0.0466
2024-11-21 11:25:34,428 - INFO - ===================================================================================
2024-11-21 11:25:50,840 - INFO - Epoch [8/100]
Action Validation Loss: 0.0445 
 Goal Validation Loss: 0.1666 
 MIE Validation Loss: 0.0061 
 MSE R Validation Loss: 0.0441 
 BCE G Validation Loss: 0.1164
2024-11-21 11:25:50,840 - INFO - ===================================================================================
2024-11-21 11:25:50,841 - INFO - Completed in 0h 16m
2024-11-21 11:29:25,036 - INFO - 8 Test Returns: 49.6
2024-11-21 11:29:25,067 - INFO - Model checkpoint saved at training_output/20241121_110855/models/epoch_8.pth
2024-11-21 11:29:30,722 - INFO - Epoch [9/100], Batch [0/4]
 Dt Loss: 0.0451
 Goal Loss: 0.2389, MIE Loss: 0.0173
 MSE Loss R: 0.0857, BCE Loss G: 0.1359
2024-11-21 11:29:36,678 - INFO - Epoch [9/100] completed. Average Goal Loss: 0.1772
2024-11-21 11:29:36,678 - INFO - Epoch [9/100] completed. Average Action Loss: 0.0434
2024-11-21 11:29:36,678 - INFO - ===================================================================================
2024-11-21 11:29:51,324 - INFO - Epoch [9/100]
Action Validation Loss: 0.0411 
 Goal Validation Loss: 0.1648 
 MIE Validation Loss: 0.0040 
 MSE R Validation Loss: 0.0461 
 BCE G Validation Loss: 0.1147
2024-11-21 11:29:51,325 - INFO - ===================================================================================
2024-11-21 11:29:51,325 - INFO - Completed in 0h 20m
2024-11-21 11:29:57,185 - INFO - Epoch [10/100], Batch [0/4]
 Dt Loss: 0.0426
 Goal Loss: 0.1855, MIE Loss: 0.0098
 MSE Loss R: 0.0475, BCE Loss G: 0.1283
2024-11-21 11:30:03,081 - INFO - Epoch [10/100] completed. Average Goal Loss: 0.1985
2024-11-21 11:30:03,082 - INFO - Epoch [10/100] completed. Average Action Loss: 0.0418
2024-11-21 11:30:03,082 - INFO - ===================================================================================
2024-11-21 11:30:17,940 - INFO - Epoch [10/100]
Action Validation Loss: 0.0385 
 Goal Validation Loss: 0.1661 
 MIE Validation Loss: 0.0036 
 MSE R Validation Loss: 0.0488 
 BCE G Validation Loss: 0.1137
2024-11-21 11:30:17,941 - INFO - ===================================================================================
2024-11-21 11:30:17,941 - INFO - Completed in 0h 21m
2024-11-21 11:33:43,641 - INFO - 10 Test Returns: 51.8
2024-11-21 11:33:43,681 - INFO - Model checkpoint saved at training_output/20241121_110855/models/epoch_10.pth
2024-11-21 11:33:49,641 - INFO - Epoch [11/100], Batch [0/4]
 Dt Loss: 0.0406
 Goal Loss: 0.1483, MIE Loss: 0.0064
 MSE Loss R: 0.0390, BCE Loss G: 0.1029
2024-11-21 11:33:55,066 - INFO - Epoch [11/100] completed. Average Goal Loss: 0.1344
2024-11-21 11:33:55,066 - INFO - Epoch [11/100] completed. Average Action Loss: 0.0398
2024-11-21 11:33:55,066 - INFO - ===================================================================================
2024-11-21 11:34:10,355 - INFO - Epoch [11/100]
Action Validation Loss: 0.0368 
 Goal Validation Loss: 0.1634 
 MIE Validation Loss: 0.0033 
 MSE R Validation Loss: 0.0473 
 BCE G Validation Loss: 0.1128
2024-11-21 11:34:10,355 - INFO - ===================================================================================
2024-11-21 11:34:10,355 - INFO - Completed in 0h 25m
2024-11-21 11:34:16,070 - INFO - Epoch [12/100], Batch [0/4]
 Dt Loss: 0.0380
 Goal Loss: 0.1133, MIE Loss: 0.0049
 MSE Loss R: 0.0098, BCE Loss G: 0.0986
2024-11-21 11:34:21,874 - INFO - Epoch [12/100] completed. Average Goal Loss: 0.1084
2024-11-21 11:34:21,875 - INFO - Epoch [12/100] completed. Average Action Loss: 0.0378
2024-11-21 11:34:21,875 - INFO - ===================================================================================
2024-11-21 11:34:35,987 - INFO - Epoch [12/100]
Action Validation Loss: 0.0363 
 Goal Validation Loss: 0.1764 
 MIE Validation Loss: 0.0022 
 MSE R Validation Loss: 0.0606 
 BCE G Validation Loss: 0.1136
2024-11-21 11:34:35,987 - INFO - ===================================================================================
2024-11-21 11:34:35,987 - INFO - Completed in 0h 25m
2024-11-21 11:38:03,583 - INFO - 12 Test Returns: 53.6
2024-11-21 11:38:03,721 - INFO - Model checkpoint saved at training_output/20241121_110855/models/epoch_12.pth
2024-11-21 11:38:09,481 - INFO - Epoch [13/100], Batch [0/4]
 Dt Loss: 0.0370
 Goal Loss: 0.1116, MIE Loss: 0.0054
 MSE Loss R: 0.0059, BCE Loss G: 0.1002
2024-11-21 11:38:15,493 - INFO - Epoch [13/100] completed. Average Goal Loss: 0.1898
2024-11-21 11:38:15,493 - INFO - Epoch [13/100] completed. Average Action Loss: 0.0363
2024-11-21 11:38:15,493 - INFO - ===================================================================================
2024-11-21 11:38:30,365 - INFO - Epoch [13/100]
Action Validation Loss: 0.0340 
 Goal Validation Loss: 0.1665 
 MIE Validation Loss: 0.0081 
 MSE R Validation Loss: 0.0448 
 BCE G Validation Loss: 0.1135
2024-11-21 11:38:30,365 - INFO - ===================================================================================
2024-11-21 11:38:30,510 - INFO - Completed in 0h 29m
2024-11-21 11:38:36,112 - INFO - Epoch [14/100], Batch [0/4]
 Dt Loss: 0.0351
 Goal Loss: 0.1253, MIE Loss: 0.0025
 MSE Loss R: 0.0204, BCE Loss G: 0.1024
2024-11-21 11:38:42,760 - INFO - Epoch [14/100] completed. Average Goal Loss: 0.1454
2024-11-21 11:38:42,760 - INFO - Epoch [14/100] completed. Average Action Loss: 0.0356
2024-11-21 11:38:42,760 - INFO - ===================================================================================
2024-11-21 11:38:56,403 - INFO - Epoch [14/100]
Action Validation Loss: 0.0319 
 Goal Validation Loss: 0.1634 
 MIE Validation Loss: 0.0077 
 MSE R Validation Loss: 0.0442 
 BCE G Validation Loss: 0.1115
2024-11-21 11:38:56,403 - INFO - ===================================================================================
2024-11-21 11:38:56,404 - INFO - Completed in 0h 29m
2024-11-21 11:42:28,066 - INFO - 14 Test Returns: 52.6
2024-11-21 11:42:28,104 - INFO - Model checkpoint saved at training_output/20241121_110855/models/epoch_14.pth
2024-11-21 11:42:33,457 - INFO - Epoch [15/100], Batch [0/4]
 Dt Loss: 0.0337
 Goal Loss: 0.1247, MIE Loss: 0.0029
 MSE Loss R: 0.0213, BCE Loss G: 0.1005
2024-11-21 11:42:39,407 - INFO - Epoch [15/100] completed. Average Goal Loss: 0.1572
2024-11-21 11:42:39,407 - INFO - Epoch [15/100] completed. Average Action Loss: 0.0332
2024-11-21 11:42:39,407 - INFO - ===================================================================================
2024-11-21 11:42:52,621 - INFO - Epoch [15/100]
Action Validation Loss: 0.0317 
 Goal Validation Loss: 0.1575 
 MIE Validation Loss: 0.0020 
 MSE R Validation Loss: 0.0441 
 BCE G Validation Loss: 0.1113
2024-11-21 11:42:52,621 - INFO - ===================================================================================
2024-11-21 11:42:52,621 - INFO - Completed in 0h 33m
2024-11-21 11:42:57,919 - INFO - Epoch [16/100], Batch [0/4]
 Dt Loss: 0.0326
 Goal Loss: 0.1251, MIE Loss: 0.0019
 MSE Loss R: 0.0210, BCE Loss G: 0.1022
2024-11-21 11:43:04,000 - INFO - Epoch [16/100] completed. Average Goal Loss: 0.1344
2024-11-21 11:43:04,000 - INFO - Epoch [16/100] completed. Average Action Loss: 0.0329
2024-11-21 11:43:04,001 - INFO - ===================================================================================
2024-11-21 11:43:18,757 - INFO - Epoch [16/100]
Action Validation Loss: 0.0311 
 Goal Validation Loss: 0.1616 
 MIE Validation Loss: 0.0026 
 MSE R Validation Loss: 0.0472 
 BCE G Validation Loss: 0.1117
2024-11-21 11:43:18,757 - INFO - ===================================================================================
2024-11-21 11:43:18,758 - INFO - Completed in 0h 34m
