2024-11-21 03:07:04,375 - INFO - Starting.
2024-11-21 03:07:04,375 - INFO - Loading Data.
2024-11-21 03:23:50,900 - INFO - Data loaded in 0.0 hours 16.0 minutes.
2024-11-21 03:23:51,005 - INFO - Training Started.
2024-11-21 03:24:27,581 - INFO - Epoch [1/1000], Batch [0/13]
 Dt Loss: 0.0875
 Goal Loss: 65.5241, MIE Loss: 64.5013
 MSE Loss R: 0.2905, BCE Loss G: 0.7324
2024-11-21 03:25:44,496 - INFO - Epoch [1/1000], Batch [10/13]
 Dt Loss: 0.0814
 Goal Loss: 57.5064, MIE Loss: 56.7736
 MSE Loss R: 0.0016, BCE Loss G: 0.7312
2024-11-21 03:25:59,602 - INFO - Epoch [1/1000] completed. Average Goal Loss: 61.6808
2024-11-21 03:25:59,602 - INFO - Epoch [1/1000] completed. Average Action Loss: 0.0841
2024-11-21 03:25:59,602 - INFO - ===================================================================================
2024-11-21 03:27:54,955 - INFO - Epoch [1/1000]
Action Validation Loss: 0.0788 
 Goal Validation Loss: 53.5734 
 MIE Validation Loss: 52.7663 
 MSE R Validation Loss: 0.0754 
 BCE G Validation Loss: 0.7318
2024-11-21 03:27:54,956 - INFO - ===================================================================================
2024-11-21 03:27:54,956 - INFO - Completed in 0h 4m
2024-11-21 03:28:21,575 - INFO - Epoch [2/1000], Batch [0/13]
 Dt Loss: 0.0791
 Goal Loss: 54.5754, MIE Loss: 53.8220
 MSE Loss R: 0.0228, BCE Loss G: 0.7306
2024-11-21 03:29:36,655 - INFO - Epoch [2/1000], Batch [10/13]
 Dt Loss: 0.0639
 Goal Loss: 37.7192, MIE Loss: 36.9822
 MSE Loss R: 0.0103, BCE Loss G: 0.7268
2024-11-21 03:29:51,501 - INFO - Epoch [2/1000] completed. Average Goal Loss: 45.1184
2024-11-21 03:29:51,501 - INFO - Epoch [2/1000] completed. Average Action Loss: 0.0712
2024-11-21 03:29:51,501 - INFO - ===================================================================================
2024-11-21 03:31:51,379 - INFO - Epoch [2/1000]
Action Validation Loss: 0.0546 
 Goal Validation Loss: 34.3193 
 MIE Validation Loss: 33.5182 
 MSE R Validation Loss: 0.0748 
 BCE G Validation Loss: 0.7263
2024-11-21 03:31:51,380 - INFO - ===================================================================================
2024-11-21 03:31:51,380 - INFO - Completed in 0h 8m
2024-11-21 03:32:26,925 - INFO - Epoch [3/1000], Batch [0/13]
 Dt Loss: 0.0557
 Goal Loss: 37.3853, MIE Loss: 36.3280
 MSE Loss R: 0.3313, BCE Loss G: 0.7260
2024-11-21 03:33:31,317 - INFO - Epoch [3/1000], Batch [10/13]
 Dt Loss: 0.0453
 Goal Loss: 18.9660, MIE Loss: 18.2117
 MSE Loss R: 0.0350, BCE Loss G: 0.7193
2024-11-21 03:33:46,948 - INFO - Epoch [3/1000] completed. Average Goal Loss: 25.5199
2024-11-21 03:33:46,949 - INFO - Epoch [3/1000] completed. Average Action Loss: 0.0489
2024-11-21 03:33:46,949 - INFO - ===================================================================================
2024-11-21 03:35:49,961 - INFO - Epoch [3/1000]
Action Validation Loss: 0.0421 
 Goal Validation Loss: 16.4238 
 MIE Validation Loss: 15.6348 
 MSE R Validation Loss: 0.0718 
 BCE G Validation Loss: 0.7173
2024-11-21 03:35:49,962 - INFO - ===================================================================================
2024-11-21 03:35:49,962 - INFO - Completed in 0h 11m
2024-11-21 03:36:17,892 - INFO - Epoch [4/1000], Batch [0/13]
 Dt Loss: 0.0433
 Goal Loss: 14.5011, MIE Loss: 13.7783
 MSE Loss R: 0.0064, BCE Loss G: 0.7164
2024-11-21 03:37:29,744 - INFO - Epoch [4/1000], Batch [10/13]
 Dt Loss: 0.0389
 Goal Loss: 9.9590, MIE Loss: 8.9381
 MSE Loss R: 0.3139, BCE Loss G: 0.7071
2024-11-21 03:37:45,739 - INFO - Epoch [4/1000] completed. Average Goal Loss: 9.6869
2024-11-21 03:37:45,740 - INFO - Epoch [4/1000] completed. Average Action Loss: 0.0413
2024-11-21 03:37:45,740 - INFO - ===================================================================================
2024-11-21 03:39:51,789 - INFO - Epoch [4/1000]
Action Validation Loss: 0.0374 
 Goal Validation Loss: 5.5935 
 MIE Validation Loss: 4.8200 
 MSE R Validation Loss: 0.0698 
 BCE G Validation Loss: 0.7038
2024-11-21 03:39:51,789 - INFO - ===================================================================================
2024-11-21 03:39:51,790 - INFO - Completed in 0h 16m
2024-11-21 03:40:21,262 - INFO - Epoch [5/1000], Batch [0/13]
 Dt Loss: 0.0387
 Goal Loss: 6.5849, MIE Loss: 5.7339
 MSE Loss R: 0.1481, BCE Loss G: 0.7029
2024-11-21 03:41:26,451 - INFO - Epoch [5/1000], Batch [10/13]
 Dt Loss: 0.0347
 Goal Loss: 2.6344, MIE Loss: 1.8829
 MSE Loss R: 0.0652, BCE Loss G: 0.6862
2024-11-21 03:41:41,429 - INFO - Epoch [5/1000] completed. Average Goal Loss: 3.4200
2024-11-21 03:41:41,429 - INFO - Epoch [5/1000] completed. Average Action Loss: 0.0360
2024-11-21 03:41:41,429 - INFO - ===================================================================================
2024-11-21 03:43:45,802 - INFO - Epoch [5/1000]
Action Validation Loss: 0.0317 
 Goal Validation Loss: 2.1408 
 MIE Validation Loss: 1.3901 
 MSE R Validation Loss: 0.0680 
 BCE G Validation Loss: 0.6827
2024-11-21 03:43:45,803 - INFO - ===================================================================================
2024-11-21 03:43:45,803 - INFO - Completed in 0h 19m
2024-11-21 03:44:16,384 - INFO - Epoch [6/1000], Batch [0/13]
 Dt Loss: 0.0335
 Goal Loss: 2.2486, MIE Loss: 1.4980
 MSE Loss R: 0.0688, BCE Loss G: 0.6817
2024-11-21 03:45:32,058 - INFO - Epoch [6/1000], Batch [10/13]
 Dt Loss: 0.0316
 Goal Loss: 1.2182, MIE Loss: 0.5421
 MSE Loss R: 0.0085, BCE Loss G: 0.6676
2024-11-21 03:45:49,238 - INFO - Epoch [6/1000] completed. Average Goal Loss: 1.6047
2024-11-21 03:45:49,238 - INFO - Epoch [6/1000] completed. Average Action Loss: 0.0322
2024-11-21 03:45:49,238 - INFO - ===================================================================================
2024-11-21 03:48:01,812 - INFO - Epoch [6/1000]
Action Validation Loss: 0.0290 
 Goal Validation Loss: 1.3469 
 MIE Validation Loss: 0.6167 
 MSE R Validation Loss: 0.0655 
 BCE G Validation Loss: 0.6647
2024-11-21 03:48:01,813 - INFO - ===================================================================================
2024-11-21 03:48:01,813 - INFO - Completed in 0h 24m
2024-11-21 03:48:30,492 - INFO - Epoch [7/1000], Batch [0/13]
 Dt Loss: 0.0310
 Goal Loss: 2.3478, MIE Loss: 1.4249
 MSE Loss R: 0.2583, BCE Loss G: 0.6646
2024-11-21 03:49:45,770 - INFO - Epoch [7/1000], Batch [10/13]
 Dt Loss: 0.0295
 Goal Loss: 1.3747, MIE Loss: 0.6134
 MSE Loss R: 0.1084, BCE Loss G: 0.6528
2024-11-21 03:50:03,138 - INFO - Epoch [7/1000] completed. Average Goal Loss: 1.3585
2024-11-21 03:50:03,138 - INFO - Epoch [7/1000] completed. Average Action Loss: 0.0301
2024-11-21 03:50:03,138 - INFO - ===================================================================================
2024-11-21 03:52:16,197 - INFO - Epoch [7/1000]
Action Validation Loss: 0.0271 
 Goal Validation Loss: 1.1175 
 MIE Validation Loss: 0.4046 
 MSE R Validation Loss: 0.0631 
 BCE G Validation Loss: 0.6497
2024-11-21 03:52:16,197 - INFO - ===================================================================================
2024-11-21 03:52:16,198 - INFO - Completed in 0h 28m
2024-11-21 03:52:45,321 - INFO - Epoch [8/1000], Batch [0/13]
 Dt Loss: 0.0291
 Goal Loss: 1.8279, MIE Loss: 0.9032
 MSE Loss R: 0.2748, BCE Loss G: 0.6499
2024-11-21 03:53:54,437 - INFO - Epoch [8/1000], Batch [10/13]
 Dt Loss: 0.0286
 Goal Loss: 1.0896, MIE Loss: 0.3820
 MSE Loss R: 0.0694, BCE Loss G: 0.6382
2024-11-21 03:54:10,412 - INFO - Epoch [8/1000] completed. Average Goal Loss: 1.1737
2024-11-21 03:54:10,413 - INFO - Epoch [8/1000] completed. Average Action Loss: 0.0288
2024-11-21 03:54:10,413 - INFO - ===================================================================================
2024-11-21 03:56:20,585 - INFO - Epoch [8/1000]
Action Validation Loss: 0.0261 
 Goal Validation Loss: 0.9455 
 MIE Validation Loss: 0.2491 
 MSE R Validation Loss: 0.0611 
 BCE G Validation Loss: 0.6352
2024-11-21 03:56:20,585 - INFO - ===================================================================================
2024-11-21 03:56:20,586 - INFO - Completed in 0h 32m
2024-11-21 03:56:50,153 - INFO - Epoch [9/1000], Batch [0/13]
 Dt Loss: 0.0280
 Goal Loss: 1.5622, MIE Loss: 0.6414
 MSE Loss R: 0.2852, BCE Loss G: 0.6356
2024-11-21 03:57:56,327 - INFO - Epoch [9/1000], Batch [10/13]
 Dt Loss: 0.0273
 Goal Loss: 0.7960, MIE Loss: 0.1702
 MSE Loss R: 0.0033, BCE Loss G: 0.6225
2024-11-21 03:58:12,440 - INFO - Epoch [9/1000] completed. Average Goal Loss: 0.9929
2024-11-21 03:58:12,441 - INFO - Epoch [9/1000] completed. Average Action Loss: 0.0277
2024-11-21 03:58:12,441 - INFO - ===================================================================================
2024-11-21 04:00:15,835 - INFO - Epoch [9/1000]
Action Validation Loss: 0.0252 
 Goal Validation Loss: 1.0564 
 MIE Validation Loss: 0.3759 
 MSE R Validation Loss: 0.0604 
 BCE G Validation Loss: 0.6202
2024-11-21 04:00:15,835 - INFO - ===================================================================================
2024-11-21 04:00:15,836 - INFO - Completed in 0h 36m
2024-11-21 04:00:44,642 - INFO - Epoch [10/1000], Batch [0/13]
 Dt Loss: 0.0270
 Goal Loss: 0.7921, MIE Loss: 0.1679
 MSE Loss R: 0.0050, BCE Loss G: 0.6192
2024-11-21 04:01:57,009 - INFO - Epoch [10/1000], Batch [10/13]
 Dt Loss: 0.0269
 Goal Loss: 0.7583, MIE Loss: 0.1464
 MSE Loss R: 0.0046, BCE Loss G: 0.6073
2024-11-21 04:02:13,355 - INFO - Epoch [10/1000] completed. Average Goal Loss: 0.9294
2024-11-21 04:02:13,356 - INFO - Epoch [10/1000] completed. Average Action Loss: 0.0269
2024-11-21 04:02:13,356 - INFO - ===================================================================================
2024-11-21 04:04:23,073 - INFO - Epoch [10/1000]
Action Validation Loss: 0.0247 
 Goal Validation Loss: 0.8945 
 MIE Validation Loss: 0.2306 
 MSE R Validation Loss: 0.0589 
 BCE G Validation Loss: 0.6050
2024-11-21 04:04:23,074 - INFO - ===================================================================================
2024-11-21 04:04:23,094 - INFO - Completed in 0h 40m
2024-11-21 04:04:53,426 - INFO - Epoch [11/1000], Batch [0/13]
 Dt Loss: 0.0263
 Goal Loss: 0.7479, MIE Loss: 0.1402
 MSE Loss R: 0.0040, BCE Loss G: 0.6037
2024-11-21 04:06:17,216 - INFO - Epoch [11/1000], Batch [10/13]
 Dt Loss: 0.0259
 Goal Loss: 0.7137, MIE Loss: 0.1151
 MSE Loss R: 0.0068, BCE Loss G: 0.5918
2024-11-21 04:06:36,212 - INFO - Epoch [11/1000] completed. Average Goal Loss: 0.8234
2024-11-21 04:06:36,213 - INFO - Epoch [11/1000] completed. Average Action Loss: 0.0263
2024-11-21 04:06:36,213 - INFO - ===================================================================================
2024-11-21 04:08:49,235 - INFO - Epoch [11/1000]
Action Validation Loss: 0.0239 
 Goal Validation Loss: 0.7710 
 MIE Validation Loss: 0.1238 
 MSE R Validation Loss: 0.0579 
 BCE G Validation Loss: 0.5893
2024-11-21 04:08:49,235 - INFO - ===================================================================================
2024-11-21 04:08:49,236 - INFO - Completed in 0h 44m
2024-11-21 04:09:18,987 - INFO - Epoch [12/1000], Batch [0/13]
 Dt Loss: 0.0256
 Goal Loss: 0.7635, MIE Loss: 0.1480
 MSE Loss R: 0.0269, BCE Loss G: 0.5885
2024-11-21 04:10:28,165 - INFO - Epoch [12/1000], Batch [10/13]
 Dt Loss: 0.0256
 Goal Loss: 0.6814, MIE Loss: 0.0981
 MSE Loss R: 0.0074, BCE Loss G: 0.5759
2024-11-21 04:10:44,239 - INFO - Epoch [12/1000] completed. Average Goal Loss: 0.7582
2024-11-21 04:10:44,240 - INFO - Epoch [12/1000] completed. Average Action Loss: 0.0256
2024-11-21 04:10:44,240 - INFO - ===================================================================================
2024-11-21 04:12:53,360 - INFO - Epoch [12/1000]
Action Validation Loss: 0.0234 
 Goal Validation Loss: 0.7458 
 MIE Validation Loss: 0.1152 
 MSE R Validation Loss: 0.0572 
 BCE G Validation Loss: 0.5734
2024-11-21 04:12:53,360 - INFO - ===================================================================================
2024-11-21 04:12:53,361 - INFO - Completed in 0h 49m
2024-11-21 04:13:22,369 - INFO - Epoch [13/1000], Batch [0/13]
 Dt Loss: 0.0253
 Goal Loss: 0.8569, MIE Loss: 0.1884
 MSE Loss R: 0.0950, BCE Loss G: 0.5735
2024-11-21 04:14:29,904 - INFO - Epoch [13/1000], Batch [10/13]
 Dt Loss: 0.0252
 Goal Loss: 0.8143, MIE Loss: 0.1668
 MSE Loss R: 0.0863, BCE Loss G: 0.5612
2024-11-21 04:14:48,239 - INFO - Epoch [13/1000] completed. Average Goal Loss: 0.7551
2024-11-21 04:14:48,239 - INFO - Epoch [13/1000] completed. Average Action Loss: 0.0250
2024-11-21 04:14:48,239 - INFO - ===================================================================================
2024-11-21 04:17:01,844 - INFO - Epoch [13/1000]
Action Validation Loss: 0.0232 
 Goal Validation Loss: 0.7059 
 MIE Validation Loss: 0.0922 
 MSE R Validation Loss: 0.0563 
 BCE G Validation Loss: 0.5574
2024-11-21 04:17:01,845 - INFO - ===================================================================================
2024-11-21 04:17:01,846 - INFO - Completed in 0h 53m
2024-11-21 04:17:32,631 - INFO - Epoch [14/1000], Batch [0/13]
 Dt Loss: 0.0250
 Goal Loss: 0.6347, MIE Loss: 0.0743
 MSE Loss R: 0.0047, BCE Loss G: 0.5557
2024-11-21 04:18:38,627 - INFO - Epoch [14/1000], Batch [10/13]
 Dt Loss: 0.0239
 Goal Loss: 0.7482, MIE Loss: 0.1326
 MSE Loss R: 0.0708, BCE Loss G: 0.5448
2024-11-21 04:18:55,915 - INFO - Epoch [14/1000] completed. Average Goal Loss: 0.6961
2024-11-21 04:18:55,915 - INFO - Epoch [14/1000] completed. Average Action Loss: 0.0245
2024-11-21 04:18:55,915 - INFO - ===================================================================================
2024-11-21 04:21:16,886 - INFO - Epoch [14/1000]
Action Validation Loss: 0.0222 
 Goal Validation Loss: 0.6738 
 MIE Validation Loss: 0.0770 
 MSE R Validation Loss: 0.0557 
 BCE G Validation Loss: 0.5411
2024-11-21 04:21:16,887 - INFO - ===================================================================================
2024-11-21 04:21:16,909 - INFO - Completed in 0h 57m
2024-11-21 04:21:48,044 - INFO - Epoch [15/1000], Batch [0/13]
 Dt Loss: 0.0237
 Goal Loss: 0.6077, MIE Loss: 0.0627
 MSE Loss R: 0.0055, BCE Loss G: 0.5395
2024-11-21 04:22:52,666 - INFO - Epoch [15/1000], Batch [10/13]
 Dt Loss: 0.0239
 Goal Loss: 0.6598, MIE Loss: 0.0926
 MSE Loss R: 0.0393, BCE Loss G: 0.5279
2024-11-21 04:23:09,657 - INFO - Epoch [15/1000] completed. Average Goal Loss: 0.6933
2024-11-21 04:23:09,657 - INFO - Epoch [15/1000] completed. Average Action Loss: 0.0239
2024-11-21 04:23:09,657 - INFO - ===================================================================================
2024-11-21 04:25:28,196 - INFO - Epoch [15/1000]
Action Validation Loss: 0.0218 
 Goal Validation Loss: 0.6521 
 MIE Validation Loss: 0.0726 
 MSE R Validation Loss: 0.0549 
 BCE G Validation Loss: 0.5246
2024-11-21 04:25:28,196 - INFO - ===================================================================================
2024-11-21 04:25:28,197 - INFO - Completed in 1h 1m
2024-11-21 04:25:58,353 - INFO - Epoch [16/1000], Batch [0/13]
 Dt Loss: 0.0239
 Goal Loss: 0.6140, MIE Loss: 0.0756
 MSE Loss R: 0.0149, BCE Loss G: 0.5235
2024-11-21 04:27:03,075 - INFO - Epoch [16/1000], Batch [10/13]
 Dt Loss: 0.0232
 Goal Loss: 0.7064, MIE Loss: 0.1113
 MSE Loss R: 0.0827, BCE Loss G: 0.5124
2024-11-21 04:27:18,554 - INFO - Epoch [16/1000] completed. Average Goal Loss: 0.6582
2024-11-21 04:27:18,554 - INFO - Epoch [16/1000] completed. Average Action Loss: 0.0235
2024-11-21 04:27:18,554 - INFO - ===================================================================================
2024-11-21 04:29:34,293 - INFO - Epoch [16/1000]
Action Validation Loss: 0.0213 
 Goal Validation Loss: 0.6405 
 MIE Validation Loss: 0.0779 
 MSE R Validation Loss: 0.0542 
 BCE G Validation Loss: 0.5084
2024-11-21 04:29:34,294 - INFO - ===================================================================================
2024-11-21 04:29:34,294 - INFO - Completed in 1h 5m
2024-11-21 04:30:05,223 - INFO - Epoch [17/1000], Batch [0/13]
 Dt Loss: 0.0233
 Goal Loss: 0.8540, MIE Loss: 0.1506
 MSE Loss R: 0.1929, BCE Loss G: 0.5105
2024-11-21 04:31:11,789 - INFO - Epoch [17/1000], Batch [10/13]
 Dt Loss: 0.0227
 Goal Loss: 0.7705, MIE Loss: 0.1233
 MSE Loss R: 0.1497, BCE Loss G: 0.4974
2024-11-21 04:31:27,971 - INFO - Epoch [17/1000] completed. Average Goal Loss: 0.6810
2024-11-21 04:31:27,972 - INFO - Epoch [17/1000] completed. Average Action Loss: 0.0228
2024-11-21 04:31:27,972 - INFO - ===================================================================================
2024-11-21 04:33:42,644 - INFO - Epoch [17/1000]
Action Validation Loss: 0.0205 
 Goal Validation Loss: 0.6399 
 MIE Validation Loss: 0.0947 
 MSE R Validation Loss: 0.0531 
 BCE G Validation Loss: 0.4921
2024-11-21 04:33:42,645 - INFO - ===================================================================================
2024-11-21 04:33:42,645 - INFO - Completed in 1h 9m
2024-11-21 04:34:14,929 - INFO - Epoch [18/1000], Batch [0/13]
 Dt Loss: 0.0226
 Goal Loss: 0.5443, MIE Loss: 0.0485
 MSE Loss R: 0.0062, BCE Loss G: 0.4896
2024-11-21 04:35:20,037 - INFO - Epoch [18/1000], Batch [10/13]
 Dt Loss: 0.0228
 Goal Loss: 0.5277, MIE Loss: 0.0418
 MSE Loss R: 0.0085, BCE Loss G: 0.4775
2024-11-21 04:35:37,184 - INFO - Epoch [18/1000] completed. Average Goal Loss: 0.5539
2024-11-21 04:35:37,184 - INFO - Epoch [18/1000] completed. Average Action Loss: 0.0224
2024-11-21 04:35:37,185 - INFO - ===================================================================================
2024-11-21 04:37:58,253 - INFO - Epoch [18/1000]
Action Validation Loss: 0.0204 
 Goal Validation Loss: 0.5730 
 MIE Validation Loss: 0.0449 
 MSE R Validation Loss: 0.0529 
 BCE G Validation Loss: 0.4753
2024-11-21 04:37:58,254 - INFO - ===================================================================================
2024-11-21 04:37:58,254 - INFO - Completed in 1h 14m
2024-11-21 04:38:39,079 - INFO - Epoch [19/1000], Batch [0/13]
 Dt Loss: 0.0222
 Goal Loss: 0.5178, MIE Loss: 0.0373
 MSE Loss R: 0.0071, BCE Loss G: 0.4735
2024-11-21 04:39:47,102 - INFO - Epoch [19/1000], Batch [10/13]
 Dt Loss: 0.0214
 Goal Loss: 0.5535, MIE Loss: 0.0588
 MSE Loss R: 0.0326, BCE Loss G: 0.4622
2024-11-21 04:40:03,263 - INFO - Epoch [19/1000] completed. Average Goal Loss: 0.5635
2024-11-21 04:40:03,263 - INFO - Epoch [19/1000] completed. Average Action Loss: 0.0218
2024-11-21 04:40:03,264 - INFO - ===================================================================================
2024-11-21 04:42:09,657 - INFO - Epoch [19/1000]
Action Validation Loss: 0.0198 
 Goal Validation Loss: 0.5550 
 MIE Validation Loss: 0.0437 
 MSE R Validation Loss: 0.0524 
 BCE G Validation Loss: 0.4590
2024-11-21 04:42:09,658 - INFO - ===================================================================================
2024-11-21 04:42:09,669 - INFO - Completed in 1h 18m
2024-11-21 04:42:39,722 - INFO - Epoch [20/1000], Batch [0/13]
 Dt Loss: 0.0218
 Goal Loss: 0.4999, MIE Loss: 0.0346
 MSE Loss R: 0.0082, BCE Loss G: 0.4572
2024-11-21 04:43:47,482 - INFO - Epoch [20/1000], Batch [10/13]
 Dt Loss: 0.0212
 Goal Loss: 0.4825, MIE Loss: 0.0308
 MSE Loss R: 0.0073, BCE Loss G: 0.4444
2024-11-21 04:44:04,118 - INFO - Epoch [20/1000] completed. Average Goal Loss: 0.5175
2024-11-21 04:44:04,118 - INFO - Epoch [20/1000] completed. Average Action Loss: 0.0214
2024-11-21 04:44:04,118 - INFO - ===================================================================================
2024-11-21 04:46:07,307 - INFO - Epoch [20/1000]
Action Validation Loss: 0.0194 
 Goal Validation Loss: 0.5278 
 MIE Validation Loss: 0.0331 
 MSE R Validation Loss: 0.0521 
 BCE G Validation Loss: 0.4426
2024-11-21 04:46:07,307 - INFO - ===================================================================================
2024-11-21 04:46:07,308 - INFO - Completed in 1h 22m
2024-11-21 04:46:51,306 - INFO - 20 Test Returns: 54.0
2024-11-21 04:46:51,346 - INFO - Model checkpoint saved at training_output/20241121_030702/models/epoch_20.pth
2024-11-21 04:47:21,890 - INFO - Epoch [21/1000], Batch [0/13]
 Dt Loss: 0.0215
 Goal Loss: 0.4748, MIE Loss: 0.0274
 MSE Loss R: 0.0069, BCE Loss G: 0.4405
2024-11-21 04:48:31,109 - INFO - Epoch [21/1000], Batch [10/13]
 Dt Loss: 0.0212
 Goal Loss: 0.5614, MIE Loss: 0.0601
 MSE Loss R: 0.0701, BCE Loss G: 0.4311
2024-11-21 04:48:48,146 - INFO - Epoch [21/1000] completed. Average Goal Loss: 0.5093
2024-11-21 04:48:48,146 - INFO - Epoch [21/1000] completed. Average Action Loss: 0.0210
2024-11-21 04:48:48,146 - INFO - ===================================================================================
2024-11-21 04:50:56,545 - INFO - Epoch [21/1000]
Action Validation Loss: 0.0191 
 Goal Validation Loss: 0.5096 
 MIE Validation Loss: 0.0314 
 MSE R Validation Loss: 0.0516 
 BCE G Validation Loss: 0.4266
2024-11-21 04:50:56,545 - INFO - ===================================================================================
2024-11-21 04:50:56,546 - INFO - Completed in 1h 27m
2024-11-21 04:51:32,373 - INFO - Epoch [22/1000], Batch [0/13]
 Dt Loss: 0.0209
 Goal Loss: 0.5371, MIE Loss: 0.0548
 MSE Loss R: 0.0553, BCE Loss G: 0.4270
2024-11-21 04:52:37,972 - INFO - Epoch [22/1000], Batch [10/13]
 Dt Loss: 0.0204
 Goal Loss: 0.5474, MIE Loss: 0.0544
 MSE Loss R: 0.0773, BCE Loss G: 0.4157
2024-11-21 04:52:55,295 - INFO - Epoch [22/1000] completed. Average Goal Loss: 0.5415
2024-11-21 04:52:55,295 - INFO - Epoch [22/1000] completed. Average Action Loss: 0.0205
2024-11-21 04:52:55,295 - INFO - ===================================================================================
2024-11-21 04:55:11,655 - INFO - Epoch [22/1000]
Action Validation Loss: 0.0185 
 Goal Validation Loss: 0.4889 
 MIE Validation Loss: 0.0274 
 MSE R Validation Loss: 0.0507 
 BCE G Validation Loss: 0.4109
2024-11-21 04:55:11,655 - INFO - ===================================================================================
2024-11-21 04:55:11,668 - INFO - Completed in 1h 31m
2024-11-21 04:55:42,420 - INFO - Epoch [23/1000], Batch [0/13]
 Dt Loss: 0.0202
 Goal Loss: 0.5420, MIE Loss: 0.0541
 MSE Loss R: 0.0757, BCE Loss G: 0.4122
2024-11-21 04:56:45,814 - INFO - Epoch [23/1000], Batch [10/13]
 Dt Loss: 0.0204
 Goal Loss: 0.4315, MIE Loss: 0.0236
 MSE Loss R: 0.0106, BCE Loss G: 0.3973
2024-11-21 04:57:01,253 - INFO - Epoch [23/1000] completed. Average Goal Loss: 0.4570
2024-11-21 04:57:01,253 - INFO - Epoch [23/1000] completed. Average Action Loss: 0.0201
2024-11-21 04:57:01,253 - INFO - ===================================================================================
2024-11-21 04:59:12,973 - INFO - Epoch [23/1000]
Action Validation Loss: 0.0181 
 Goal Validation Loss: 0.4689 
 MIE Validation Loss: 0.0232 
 MSE R Validation Loss: 0.0505 
 BCE G Validation Loss: 0.3953
2024-11-21 04:59:12,974 - INFO - ===================================================================================
2024-11-21 04:59:12,974 - INFO - Completed in 1h 35m
2024-11-21 04:59:43,729 - INFO - Epoch [24/1000], Batch [0/13]
 Dt Loss: 0.0198
 Goal Loss: 0.6999, MIE Loss: 0.0752
 MSE Loss R: 0.2240, BCE Loss G: 0.4006
2024-11-21 05:00:48,834 - INFO - Epoch [24/1000], Batch [10/13]
 Dt Loss: 0.0201
 Goal Loss: 0.4069, MIE Loss: 0.0181
 MSE Loss R: 0.0086, BCE Loss G: 0.3802
2024-11-21 05:01:05,760 - INFO - Epoch [24/1000] completed. Average Goal Loss: 0.4620
2024-11-21 05:01:05,760 - INFO - Epoch [24/1000] completed. Average Action Loss: 0.0199
2024-11-21 05:01:05,760 - INFO - ===================================================================================
2024-11-21 05:03:23,000 - INFO - Epoch [24/1000]
Action Validation Loss: 0.0180 
 Goal Validation Loss: 0.4560 
 MIE Validation Loss: 0.0259 
 MSE R Validation Loss: 0.0500 
 BCE G Validation Loss: 0.3801
2024-11-21 05:03:23,001 - INFO - ===================================================================================
2024-11-21 05:03:23,001 - INFO - Completed in 1h 39m
2024-11-21 05:03:53,855 - INFO - Epoch [25/1000], Batch [0/13]
 Dt Loss: 0.0198
 Goal Loss: 0.4034, MIE Loss: 0.0179
 MSE Loss R: 0.0085, BCE Loss G: 0.3769
2024-11-21 05:05:00,721 - INFO - Epoch [25/1000], Batch [10/13]
 Dt Loss: 0.0192
 Goal Loss: 0.3931, MIE Loss: 0.0167
 MSE Loss R: 0.0095, BCE Loss G: 0.3668
2024-11-21 05:05:16,878 - INFO - Epoch [25/1000] completed. Average Goal Loss: 0.4322
2024-11-21 05:05:16,879 - INFO - Epoch [25/1000] completed. Average Action Loss: 0.0194
2024-11-21 05:05:16,879 - INFO - ===================================================================================
2024-11-21 05:07:28,925 - INFO - Epoch [25/1000]
Action Validation Loss: 0.0175 
 Goal Validation Loss: 0.4348 
 MIE Validation Loss: 0.0200 
 MSE R Validation Loss: 0.0496 
 BCE G Validation Loss: 0.3652
2024-11-21 05:07:28,925 - INFO - ===================================================================================
2024-11-21 05:07:28,926 - INFO - Completed in 1h 43m
2024-11-21 05:08:00,556 - INFO - Epoch [26/1000], Batch [0/13]
 Dt Loss: 0.0191
 Goal Loss: 0.3865, MIE Loss: 0.0157
 MSE Loss R: 0.0083, BCE Loss G: 0.3625
2024-11-21 05:09:04,656 - INFO - Epoch [26/1000], Batch [10/13]
 Dt Loss: 0.0189
 Goal Loss: 0.3747, MIE Loss: 0.0140
 MSE Loss R: 0.0088, BCE Loss G: 0.3519
2024-11-21 05:09:22,232 - INFO - Epoch [26/1000] completed. Average Goal Loss: 0.4213
2024-11-21 05:09:22,232 - INFO - Epoch [26/1000] completed. Average Action Loss: 0.0191
2024-11-21 05:09:22,232 - INFO - ===================================================================================
2024-11-21 05:11:39,971 - INFO - Epoch [26/1000]
Action Validation Loss: 0.0172 
 Goal Validation Loss: 0.4152 
 MIE Validation Loss: 0.0153 
 MSE R Validation Loss: 0.0492 
 BCE G Validation Loss: 0.3507
2024-11-21 05:11:39,972 - INFO - ===================================================================================
2024-11-21 05:11:39,972 - INFO - Completed in 1h 47m
2024-11-21 05:12:11,794 - INFO - Epoch [27/1000], Batch [0/13]
 Dt Loss: 0.0191
 Goal Loss: 0.4724, MIE Loss: 0.0375
 MSE Loss R: 0.0816, BCE Loss G: 0.3534
2024-11-21 05:13:18,529 - INFO - Epoch [27/1000], Batch [10/13]
 Dt Loss: 0.0185
 Goal Loss: 0.3627, MIE Loss: 0.0141
 MSE Loss R: 0.0104, BCE Loss G: 0.3382
2024-11-21 05:13:35,976 - INFO - Epoch [27/1000] completed. Average Goal Loss: 0.4089
2024-11-21 05:13:35,977 - INFO - Epoch [27/1000] completed. Average Action Loss: 0.0188
2024-11-21 05:13:35,977 - INFO - ===================================================================================
2024-11-21 05:16:04,692 - INFO - Epoch [27/1000]
Action Validation Loss: 0.0166 
 Goal Validation Loss: 0.4028 
 MIE Validation Loss: 0.0174 
 MSE R Validation Loss: 0.0487 
 BCE G Validation Loss: 0.3367
2024-11-21 05:16:04,692 - INFO - ===================================================================================
2024-11-21 05:16:04,693 - INFO - Completed in 1h 52m
2024-11-21 05:16:37,864 - INFO - Epoch [28/1000], Batch [0/13]
 Dt Loss: 0.0185
 Goal Loss: 0.3800, MIE Loss: 0.0191
 MSE Loss R: 0.0245, BCE Loss G: 0.3364
2024-11-21 05:17:46,738 - INFO - Epoch [28/1000], Batch [10/13]
 Dt Loss: 0.0185
 Goal Loss: 0.3490, MIE Loss: 0.0137
 MSE Loss R: 0.0107, BCE Loss G: 0.3247
2024-11-21 05:18:03,285 - INFO - Epoch [28/1000] completed. Average Goal Loss: 0.3887
2024-11-21 05:18:03,286 - INFO - Epoch [28/1000] completed. Average Action Loss: 0.0186
2024-11-21 05:18:03,286 - INFO - ===================================================================================
2024-11-21 05:20:20,630 - INFO - Epoch [28/1000]
Action Validation Loss: 0.0168 
 Goal Validation Loss: 0.3867 
 MIE Validation Loss: 0.0152 
 MSE R Validation Loss: 0.0483 
 BCE G Validation Loss: 0.3232
2024-11-21 05:20:20,630 - INFO - ===================================================================================
2024-11-21 05:20:20,630 - INFO - Completed in 1h 56m
2024-11-21 05:20:59,852 - INFO - Epoch [29/1000], Batch [0/13]
 Dt Loss: 0.0186
 Goal Loss: 0.6006, MIE Loss: 0.0427
 MSE Loss R: 0.2272, BCE Loss G: 0.3307
2024-11-21 05:22:06,674 - INFO - Epoch [29/1000], Batch [10/13]
 Dt Loss: 0.0180
 Goal Loss: 0.3462, MIE Loss: 0.0138
 MSE Loss R: 0.0201, BCE Loss G: 0.3123
2024-11-21 05:22:23,086 - INFO - Epoch [29/1000] completed. Average Goal Loss: 0.3912
2024-11-21 05:22:23,086 - INFO - Epoch [29/1000] completed. Average Action Loss: 0.0183
2024-11-21 05:22:23,087 - INFO - ===================================================================================
2024-11-21 05:24:30,640 - INFO - Epoch [29/1000]
Action Validation Loss: 0.0163 
 Goal Validation Loss: 0.3792 
 MIE Validation Loss: 0.0215 
 MSE R Validation Loss: 0.0478 
 BCE G Validation Loss: 0.3099
2024-11-21 05:24:30,641 - INFO - ===================================================================================
2024-11-21 05:24:30,641 - INFO - Completed in 2h 0m
2024-11-21 05:25:02,276 - INFO - Epoch [30/1000], Batch [0/13]
 Dt Loss: 0.0178
 Goal Loss: 0.3291, MIE Loss: 0.0107
 MSE Loss R: 0.0103, BCE Loss G: 0.3082
2024-11-21 05:26:30,073 - INFO - Epoch [30/1000], Batch [10/13]
 Dt Loss: 0.0176
 Goal Loss: 0.3163, MIE Loss: 0.0087
 MSE Loss R: 0.0098, BCE Loss G: 0.2979
2024-11-21 05:26:46,987 - INFO - Epoch [30/1000] completed. Average Goal Loss: 0.3424
2024-11-21 05:26:46,987 - INFO - Epoch [30/1000] completed. Average Action Loss: 0.0179
2024-11-21 05:26:46,987 - INFO - ===================================================================================
2024-11-21 05:28:51,271 - INFO - Epoch [30/1000]
Action Validation Loss: 0.0160 
 Goal Validation Loss: 0.3555 
 MIE Validation Loss: 0.0105 
 MSE R Validation Loss: 0.0476 
 BCE G Validation Loss: 0.2974
2024-11-21 05:28:51,272 - INFO - ===================================================================================
2024-11-21 05:28:51,294 - INFO - Completed in 2h 5m
2024-11-21 05:29:20,565 - INFO - Epoch [31/1000], Batch [0/13]
 Dt Loss: 0.0176
 Goal Loss: 0.3268, MIE Loss: 0.0115
 MSE Loss R: 0.0186, BCE Loss G: 0.2967
2024-11-21 05:30:29,726 - INFO - Epoch [31/1000], Batch [10/13]
 Dt Loss: 0.0179
 Goal Loss: 0.3021, MIE Loss: 0.0071
 MSE Loss R: 0.0096, BCE Loss G: 0.2854
2024-11-21 05:30:45,520 - INFO - Epoch [31/1000] completed. Average Goal Loss: 0.3184
2024-11-21 05:30:45,520 - INFO - Epoch [31/1000] completed. Average Action Loss: 0.0177
2024-11-21 05:30:45,520 - INFO - ===================================================================================
2024-11-21 05:32:52,450 - INFO - Epoch [31/1000]
Action Validation Loss: 0.0159 
 Goal Validation Loss: 0.3404 
 MIE Validation Loss: 0.0076 
 MSE R Validation Loss: 0.0476 
 BCE G Validation Loss: 0.2851
2024-11-21 05:32:52,451 - INFO - ===================================================================================
2024-11-21 05:32:52,451 - INFO - Completed in 2h 9m
2024-11-21 05:33:20,426 - INFO - Epoch [32/1000], Batch [0/13]
 Dt Loss: 0.0176
 Goal Loss: 0.2993, MIE Loss: 0.0067
 MSE Loss R: 0.0119, BCE Loss G: 0.2807
2024-11-21 05:34:28,205 - INFO - Epoch [32/1000], Batch [10/13]
 Dt Loss: 0.0177
 Goal Loss: 0.5037, MIE Loss: 0.0306
 MSE Loss R: 0.1878, BCE Loss G: 0.2853
2024-11-21 05:34:45,390 - INFO - Epoch [32/1000] completed. Average Goal Loss: 0.3333
2024-11-21 05:34:45,390 - INFO - Epoch [32/1000] completed. Average Action Loss: 0.0176
2024-11-21 05:34:45,390 - INFO - ===================================================================================
2024-11-21 05:36:49,110 - INFO - Epoch [32/1000]
Action Validation Loss: 0.0157 
 Goal Validation Loss: 0.3403 
 MIE Validation Loss: 0.0192 
 MSE R Validation Loss: 0.0474 
 BCE G Validation Loss: 0.2737
2024-11-21 05:36:49,110 - INFO - ===================================================================================
2024-11-21 05:36:49,111 - INFO - Completed in 2h 12m
2024-11-21 05:37:17,606 - INFO - Epoch [33/1000], Batch [0/13]
 Dt Loss: 0.0176
 Goal Loss: 0.2924, MIE Loss: 0.0084
 MSE Loss R: 0.0121, BCE Loss G: 0.2720
2024-11-21 05:38:26,133 - INFO - Epoch [33/1000], Batch [10/13]
 Dt Loss: 0.0173
 Goal Loss: 0.2915, MIE Loss: 0.0101
 MSE Loss R: 0.0170, BCE Loss G: 0.2643
2024-11-21 05:38:42,174 - INFO - Epoch [33/1000] completed. Average Goal Loss: 0.3173
2024-11-21 05:38:42,174 - INFO - Epoch [33/1000] completed. Average Action Loss: 0.0173
2024-11-21 05:38:42,175 - INFO - ===================================================================================
2024-11-21 05:40:51,163 - INFO - Epoch [33/1000]
Action Validation Loss: 0.0152 
 Goal Validation Loss: 0.3205 
 MIE Validation Loss: 0.0108 
 MSE R Validation Loss: 0.0472 
 BCE G Validation Loss: 0.2625
2024-11-21 05:40:51,166 - INFO - ===================================================================================
2024-11-21 05:40:51,166 - INFO - Completed in 2h 17m
2024-11-21 05:41:19,017 - INFO - Epoch [34/1000], Batch [0/13]
 Dt Loss: 0.0173
 Goal Loss: 0.3825, MIE Loss: 0.0195
 MSE Loss R: 0.0951, BCE Loss G: 0.2679
2024-11-21 05:42:39,417 - INFO - Epoch [34/1000], Batch [10/13]
 Dt Loss: 0.0167
 Goal Loss: 0.2794, MIE Loss: 0.0082
 MSE Loss R: 0.0177, BCE Loss G: 0.2535
2024-11-21 05:42:56,418 - INFO - Epoch [34/1000] completed. Average Goal Loss: 0.2934
2024-11-21 05:42:56,418 - INFO - Epoch [34/1000] completed. Average Action Loss: 0.0170
2024-11-21 05:42:56,418 - INFO - ===================================================================================
2024-11-21 05:45:00,258 - INFO - Epoch [34/1000]
Action Validation Loss: 0.0151 
 Goal Validation Loss: 0.3046 
 MIE Validation Loss: 0.0057 
 MSE R Validation Loss: 0.0470 
 BCE G Validation Loss: 0.2519
2024-11-21 05:45:00,259 - INFO - ===================================================================================
2024-11-21 05:45:00,259 - INFO - Completed in 2h 21m
2024-11-21 05:45:29,884 - INFO - Epoch [35/1000], Batch [0/13]
 Dt Loss: 0.0168
 Goal Loss: 0.4170, MIE Loss: 0.0212
 MSE Loss R: 0.1358, BCE Loss G: 0.2600
2024-11-21 05:46:38,541 - INFO - Epoch [35/1000], Batch [10/13]
 Dt Loss: 0.0167
 Goal Loss: 0.2562, MIE Loss: 0.0045
 MSE Loss R: 0.0117, BCE Loss G: 0.2400
2024-11-21 05:46:54,684 - INFO - Epoch [35/1000] completed. Average Goal Loss: 0.3111
2024-11-21 05:46:54,684 - INFO - Epoch [35/1000] completed. Average Action Loss: 0.0167
2024-11-21 05:46:54,684 - INFO - ===================================================================================
2024-11-21 05:49:04,293 - INFO - Epoch [35/1000]
Action Validation Loss: 0.0148 
 Goal Validation Loss: 0.3088 
 MIE Validation Loss: 0.0202 
 MSE R Validation Loss: 0.0467 
 BCE G Validation Loss: 0.2419
2024-11-21 05:49:04,293 - INFO - ===================================================================================
2024-11-21 05:49:04,294 - INFO - Completed in 2h 25m
2024-11-21 05:49:32,705 - INFO - Epoch [36/1000], Batch [0/13]
 Dt Loss: 0.0167
 Goal Loss: 0.2560, MIE Loss: 0.0054
 MSE Loss R: 0.0109, BCE Loss G: 0.2397
2024-11-21 05:50:39,748 - INFO - Epoch [36/1000], Batch [10/13]
 Dt Loss: 0.0166
 Goal Loss: 0.3609, MIE Loss: 0.0150
 MSE Loss R: 0.1040, BCE Loss G: 0.2419
2024-11-21 05:50:57,218 - INFO - Epoch [36/1000] completed. Average Goal Loss: 0.3054
2024-11-21 05:50:57,219 - INFO - Epoch [36/1000] completed. Average Action Loss: 0.0165
2024-11-21 05:50:57,219 - INFO - ===================================================================================
2024-11-21 05:53:12,913 - INFO - Epoch [36/1000]
Action Validation Loss: 0.0151 
 Goal Validation Loss: 0.2883 
 MIE Validation Loss: 0.0098 
 MSE R Validation Loss: 0.0461 
 BCE G Validation Loss: 0.2324
2024-11-21 05:53:12,913 - INFO - ===================================================================================
2024-11-21 05:53:12,914 - INFO - Completed in 2h 29m
2024-11-21 05:53:47,476 - INFO - Epoch [37/1000], Batch [0/13]
 Dt Loss: 0.0168
 Goal Loss: 0.2766, MIE Loss: 0.0083
 MSE Loss R: 0.0344, BCE Loss G: 0.2338
2024-11-21 05:54:58,053 - INFO - Epoch [37/1000], Batch [10/13]
 Dt Loss: 0.0163
 Goal Loss: 0.2871, MIE Loss: 0.0091
 MSE Loss R: 0.0495, BCE Loss G: 0.2285
2024-11-21 05:55:15,516 - INFO - Epoch [37/1000] completed. Average Goal Loss: 0.2647
2024-11-21 05:55:15,516 - INFO - Epoch [37/1000] completed. Average Action Loss: 0.0165
2024-11-21 05:55:15,516 - INFO - ===================================================================================
2024-11-21 05:57:26,168 - INFO - Epoch [37/1000]
Action Validation Loss: 0.0146 
 Goal Validation Loss: 0.2735 
 MIE Validation Loss: 0.0043 
 MSE R Validation Loss: 0.0459 
 BCE G Validation Loss: 0.2233
2024-11-21 05:57:26,169 - INFO - ===================================================================================
2024-11-21 05:57:26,169 - INFO - Completed in 2h 33m
2024-11-21 05:57:59,459 - INFO - Epoch [38/1000], Batch [0/13]
 Dt Loss: 0.0165
 Goal Loss: 0.2639, MIE Loss: 0.0070
 MSE Loss R: 0.0323, BCE Loss G: 0.2245
2024-11-21 05:59:08,285 - INFO - Epoch [38/1000], Batch [10/13]
 Dt Loss: 0.0165
 Goal Loss: 0.2318, MIE Loss: 0.0043
 MSE Loss R: 0.0123, BCE Loss G: 0.2151
2024-11-21 05:59:29,391 - INFO - Epoch [38/1000] completed. Average Goal Loss: 0.2484
2024-11-21 05:59:29,391 - INFO - Epoch [38/1000] completed. Average Action Loss: 0.0165
2024-11-21 05:59:29,391 - INFO - ===================================================================================
2024-11-21 06:01:54,245 - INFO - Epoch [38/1000]
Action Validation Loss: 0.0146 
 Goal Validation Loss: 0.2650 
 MIE Validation Loss: 0.0042 
 MSE R Validation Loss: 0.0459 
 BCE G Validation Loss: 0.2149
2024-11-21 06:01:54,245 - INFO - ===================================================================================
2024-11-21 06:01:54,246 - INFO - Completed in 2h 38m
2024-11-21 06:02:25,619 - INFO - Epoch [39/1000], Batch [0/13]
 Dt Loss: 0.0162
 Goal Loss: 0.2258, MIE Loss: 0.0029
 MSE Loss R: 0.0118, BCE Loss G: 0.2111
2024-11-21 06:03:34,241 - INFO - Epoch [39/1000], Batch [10/13]
 Dt Loss: 0.0162
 Goal Loss: 0.3841, MIE Loss: 0.0130
 MSE Loss R: 0.1507, BCE Loss G: 0.2204
2024-11-21 06:03:51,878 - INFO - Epoch [39/1000] completed. Average Goal Loss: 0.3009
2024-11-21 06:03:51,878 - INFO - Epoch [39/1000] completed. Average Action Loss: 0.0162
2024-11-21 06:03:51,878 - INFO - ===================================================================================
2024-11-21 06:06:02,791 - INFO - Epoch [39/1000]
Action Validation Loss: 0.0144 
 Goal Validation Loss: 0.2556 
 MIE Validation Loss: 0.0032 
 MSE R Validation Loss: 0.0454 
 BCE G Validation Loss: 0.2069
2024-11-21 06:06:02,792 - INFO - ===================================================================================
2024-11-21 06:06:02,792 - INFO - Completed in 2h 42m
2024-11-21 06:06:32,843 - INFO - Epoch [40/1000], Batch [0/13]
 Dt Loss: 0.0161
 Goal Loss: 0.3157, MIE Loss: 0.0102
 MSE Loss R: 0.0908, BCE Loss G: 0.2148
2024-11-21 06:07:39,482 - INFO - Epoch [40/1000], Batch [10/13]
 Dt Loss: 0.0158
 Goal Loss: 0.3086, MIE Loss: 0.0094
 MSE Loss R: 0.0904, BCE Loss G: 0.2088
2024-11-21 06:07:56,563 - INFO - Epoch [40/1000] completed. Average Goal Loss: 0.2651
2024-11-21 06:07:56,563 - INFO - Epoch [40/1000] completed. Average Action Loss: 0.0160
2024-11-21 06:07:56,563 - INFO - ===================================================================================
2024-11-21 06:10:19,349 - INFO - Epoch [40/1000]
Action Validation Loss: 0.0141 
 Goal Validation Loss: 0.2552 
 MIE Validation Loss: 0.0105 
 MSE R Validation Loss: 0.0452 
 BCE G Validation Loss: 0.1995
2024-11-21 06:10:19,349 - INFO - ===================================================================================
2024-11-21 06:10:19,363 - INFO - Completed in 2h 46m
2024-11-21 06:10:59,086 - INFO - 40 Test Returns: 67.0
2024-11-21 06:10:59,117 - INFO - Model checkpoint saved at training_output/20241121_030702/models/epoch_40.pth
2024-11-21 06:11:31,567 - INFO - Epoch [41/1000], Batch [0/13]
 Dt Loss: 0.0157
 Goal Loss: 0.2128, MIE Loss: 0.0025
 MSE Loss R: 0.0175, BCE Loss G: 0.1928
2024-11-21 06:12:37,361 - INFO - Epoch [41/1000], Batch [10/13]
 Dt Loss: 0.0157
 Goal Loss: 0.2094, MIE Loss: 0.0034
 MSE Loss R: 0.0136, BCE Loss G: 0.1924
2024-11-21 06:12:54,571 - INFO - Epoch [41/1000] completed. Average Goal Loss: 0.2285
2024-11-21 06:12:54,575 - INFO - Epoch [41/1000] completed. Average Action Loss: 0.0157
2024-11-21 06:12:54,576 - INFO - ===================================================================================
2024-11-21 06:15:11,164 - INFO - Epoch [41/1000]
Action Validation Loss: 0.0140 
 Goal Validation Loss: 0.2409 
 MIE Validation Loss: 0.0034 
 MSE R Validation Loss: 0.0452 
 BCE G Validation Loss: 0.1924
2024-11-21 06:15:11,165 - INFO - ===================================================================================
2024-11-21 06:15:11,165 - INFO - Completed in 2h 51m
2024-11-21 06:15:42,646 - INFO - Epoch [42/1000], Batch [0/13]
 Dt Loss: 0.0157
 Goal Loss: 0.2210, MIE Loss: 0.0046
 MSE Loss R: 0.0234, BCE Loss G: 0.1930
2024-11-21 06:16:46,942 - INFO - Epoch [42/1000], Batch [10/13]
 Dt Loss: 0.0159
 Goal Loss: 0.1987, MIE Loss: 0.0025
 MSE Loss R: 0.0119, BCE Loss G: 0.1842
2024-11-21 06:17:03,890 - INFO - Epoch [42/1000] completed. Average Goal Loss: 0.2240
2024-11-21 06:17:03,890 - INFO - Epoch [42/1000] completed. Average Action Loss: 0.0157
2024-11-21 06:17:03,890 - INFO - ===================================================================================
2024-11-21 06:19:23,764 - INFO - Epoch [42/1000]
Action Validation Loss: 0.0139 
 Goal Validation Loss: 0.2345 
 MIE Validation Loss: 0.0036 
 MSE R Validation Loss: 0.0451 
 BCE G Validation Loss: 0.1857
2024-11-21 06:19:23,765 - INFO - ===================================================================================
2024-11-21 06:19:23,765 - INFO - Completed in 2h 55m
2024-11-21 06:19:54,370 - INFO - Epoch [43/1000], Batch [0/13]
 Dt Loss: 0.0155
 Goal Loss: 0.1983, MIE Loss: 0.0022
 MSE Loss R: 0.0173, BCE Loss G: 0.1788
2024-11-21 06:21:00,429 - INFO - Epoch [43/1000], Batch [10/13]
 Dt Loss: 0.0155
 Goal Loss: 0.2003, MIE Loss: 0.0031
 MSE Loss R: 0.0169, BCE Loss G: 0.1803
2024-11-21 06:21:17,352 - INFO - Epoch [43/1000] completed. Average Goal Loss: 0.2218
2024-11-21 06:21:17,352 - INFO - Epoch [43/1000] completed. Average Action Loss: 0.0155
2024-11-21 06:21:17,352 - INFO - ===================================================================================
2024-11-21 06:23:31,368 - INFO - Epoch [43/1000]
Action Validation Loss: 0.0136 
 Goal Validation Loss: 0.2265 
 MIE Validation Loss: 0.0019 
 MSE R Validation Loss: 0.0451 
 BCE G Validation Loss: 0.1795
2024-11-21 06:23:31,368 - INFO - ===================================================================================
2024-11-21 06:23:31,369 - INFO - Completed in 2h 59m
2024-11-21 06:24:03,331 - INFO - Epoch [44/1000], Batch [0/13]
 Dt Loss: 0.0153
 Goal Loss: 0.1993, MIE Loss: 0.0032
 MSE Loss R: 0.0171, BCE Loss G: 0.1791
2024-11-21 06:25:13,444 - INFO - Epoch [44/1000], Batch [10/13]
 Dt Loss: 0.0153
 Goal Loss: 0.2115, MIE Loss: 0.0039
 MSE Loss R: 0.0305, BCE Loss G: 0.1771
2024-11-21 06:25:32,398 - INFO - Epoch [44/1000] completed. Average Goal Loss: 0.2405
2024-11-21 06:25:32,398 - INFO - Epoch [44/1000] completed. Average Action Loss: 0.0153
2024-11-21 06:25:32,399 - INFO - ===================================================================================
2024-11-21 06:27:51,051 - INFO - Epoch [44/1000]
Action Validation Loss: 0.0135 
 Goal Validation Loss: 0.2242 
 MIE Validation Loss: 0.0055 
 MSE R Validation Loss: 0.0448 
 BCE G Validation Loss: 0.1739
2024-11-21 06:27:51,052 - INFO - ===================================================================================
2024-11-21 06:27:51,052 - INFO - Completed in 3h 4m
2024-11-21 06:28:21,997 - INFO - Epoch [45/1000], Batch [0/13]
 Dt Loss: 0.0153
 Goal Loss: 0.1860, MIE Loss: 0.0022
 MSE Loss R: 0.0122, BCE Loss G: 0.1716
2024-11-21 06:29:27,446 - INFO - Epoch [45/1000], Batch [10/13]
 Dt Loss: 0.0153
 Goal Loss: 0.2070, MIE Loss: 0.0035
 MSE Loss R: 0.0315, BCE Loss G: 0.1720
2024-11-21 06:29:45,091 - INFO - Epoch [45/1000] completed. Average Goal Loss: 0.2021
2024-11-21 06:29:45,091 - INFO - Epoch [45/1000] completed. Average Action Loss: 0.0153
2024-11-21 06:29:45,091 - INFO - ===================================================================================
2024-11-21 06:32:11,201 - INFO - Epoch [45/1000]
Action Validation Loss: 0.0135 
 Goal Validation Loss: 0.2149 
 MIE Validation Loss: 0.0016 
 MSE R Validation Loss: 0.0448 
 BCE G Validation Loss: 0.1686
2024-11-21 06:32:11,202 - INFO - ===================================================================================
2024-11-21 06:32:11,202 - INFO - Completed in 3h 8m
2024-11-21 06:32:43,793 - INFO - Epoch [46/1000], Batch [0/13]
 Dt Loss: 0.0150
 Goal Loss: 0.2353, MIE Loss: 0.0049
 MSE Loss R: 0.0558, BCE Loss G: 0.1746
2024-11-21 06:33:48,196 - INFO - Epoch [46/1000], Batch [10/13]
 Dt Loss: 0.0153
 Goal Loss: 0.1915, MIE Loss: 0.0028
 MSE Loss R: 0.0229, BCE Loss G: 0.1658
2024-11-21 06:34:06,844 - INFO - Epoch [46/1000] completed. Average Goal Loss: 0.2210
2024-11-21 06:34:06,844 - INFO - Epoch [46/1000] completed. Average Action Loss: 0.0152
2024-11-21 06:34:06,844 - INFO - ===================================================================================
2024-11-21 06:36:28,190 - INFO - Epoch [46/1000]
Action Validation Loss: 0.0133 
 Goal Validation Loss: 0.2097 
 MIE Validation Loss: 0.0014 
 MSE R Validation Loss: 0.0446 
 BCE G Validation Loss: 0.1637
2024-11-21 06:36:28,190 - INFO - ===================================================================================
2024-11-21 06:36:28,191 - INFO - Completed in 3h 12m
2024-11-21 06:36:59,424 - INFO - Epoch [47/1000], Batch [0/13]
 Dt Loss: 0.0149
 Goal Loss: 0.1743, MIE Loss: 0.0012
 MSE Loss R: 0.0148, BCE Loss G: 0.1583
2024-11-21 06:38:04,633 - INFO - Epoch [47/1000], Batch [10/13]
 Dt Loss: 0.0153
 Goal Loss: 0.1955, MIE Loss: 0.0029
 MSE Loss R: 0.0301, BCE Loss G: 0.1625
2024-11-21 06:38:21,841 - INFO - Epoch [47/1000] completed. Average Goal Loss: 0.1850
2024-11-21 06:38:21,841 - INFO - Epoch [47/1000] completed. Average Action Loss: 0.0151
2024-11-21 06:38:21,841 - INFO - ===================================================================================
2024-11-21 06:40:41,268 - INFO - Epoch [47/1000]
Action Validation Loss: 0.0133 
 Goal Validation Loss: 0.2050 
 MIE Validation Loss: 0.0014 
 MSE R Validation Loss: 0.0446 
 BCE G Validation Loss: 0.1591
2024-11-21 06:40:41,268 - INFO - ===================================================================================
2024-11-21 06:40:41,269 - INFO - Completed in 3h 16m
2024-11-21 06:41:22,051 - INFO - Epoch [48/1000], Batch [0/13]
 Dt Loss: 0.0152
 Goal Loss: 0.3795, MIE Loss: 0.0062
 MSE Loss R: 0.1963, BCE Loss G: 0.1770
2024-11-21 06:42:28,917 - INFO - Epoch [48/1000], Batch [10/13]
 Dt Loss: 0.0148
 Goal Loss: 0.1679, MIE Loss: 0.0012
 MSE Loss R: 0.0186, BCE Loss G: 0.1480
2024-11-21 06:42:46,611 - INFO - Epoch [48/1000] completed. Average Goal Loss: 0.1903
2024-11-21 06:42:46,611 - INFO - Epoch [48/1000] completed. Average Action Loss: 0.0150
2024-11-21 06:42:46,611 - INFO - ===================================================================================
2024-11-21 06:45:07,599 - INFO - Epoch [48/1000]
Action Validation Loss: 0.0132 
 Goal Validation Loss: 0.2007 
 MIE Validation Loss: 0.0012 
 MSE R Validation Loss: 0.0446 
 BCE G Validation Loss: 0.1549
2024-11-21 06:45:07,599 - INFO - ===================================================================================
2024-11-21 06:45:07,600 - INFO - Completed in 3h 21m
2024-11-21 06:45:40,149 - INFO - Epoch [49/1000], Batch [0/13]
 Dt Loss: 0.0151
 Goal Loss: 0.1668, MIE Loss: 0.0011
 MSE Loss R: 0.0188, BCE Loss G: 0.1469
2024-11-21 06:46:44,903 - INFO - Epoch [49/1000], Batch [10/13]
 Dt Loss: 0.0149
 Goal Loss: 0.1628, MIE Loss: 0.0011
 MSE Loss R: 0.0176, BCE Loss G: 0.1441
2024-11-21 06:47:02,429 - INFO - Epoch [49/1000] completed. Average Goal Loss: 0.1813
2024-11-21 06:47:02,429 - INFO - Epoch [49/1000] completed. Average Action Loss: 0.0149
2024-11-21 06:47:02,429 - INFO - ===================================================================================
2024-11-21 06:49:17,784 - INFO - Epoch [49/1000]
Action Validation Loss: 0.0130 
 Goal Validation Loss: 0.1966 
 MIE Validation Loss: 0.0010 
 MSE R Validation Loss: 0.0446 
 BCE G Validation Loss: 0.1510
2024-11-21 06:49:17,784 - INFO - ===================================================================================
2024-11-21 06:49:17,785 - INFO - Completed in 3h 25m
2024-11-21 06:49:49,369 - INFO - Epoch [50/1000], Batch [0/13]
 Dt Loss: 0.0149
 Goal Loss: 0.1979, MIE Loss: 0.0029
 MSE Loss R: 0.0396, BCE Loss G: 0.1554
2024-11-21 06:50:55,811 - INFO - Epoch [50/1000], Batch [10/13]
 Dt Loss: 0.0145
 Goal Loss: 0.1577, MIE Loss: 0.0011
 MSE Loss R: 0.0128, BCE Loss G: 0.1438
2024-11-21 06:51:12,963 - INFO - Epoch [50/1000] completed. Average Goal Loss: 0.1870
2024-11-21 06:51:12,964 - INFO - Epoch [50/1000] completed. Average Action Loss: 0.0147
2024-11-21 06:51:12,964 - INFO - ===================================================================================
2024-11-21 06:53:27,429 - INFO - Epoch [50/1000]
Action Validation Loss: 0.0129 
 Goal Validation Loss: 0.1948 
 MIE Validation Loss: 0.0028 
 MSE R Validation Loss: 0.0445 
 BCE G Validation Loss: 0.1474
2024-11-21 06:53:27,429 - INFO - ===================================================================================
2024-11-21 06:53:27,430 - INFO - Completed in 3h 29m
2024-11-21 06:53:58,962 - INFO - Epoch [51/1000], Batch [0/13]
 Dt Loss: 0.0148
 Goal Loss: 0.1572, MIE Loss: 0.0009
 MSE Loss R: 0.0149, BCE Loss G: 0.1414
2024-11-21 06:55:07,724 - INFO - Epoch [51/1000], Batch [10/13]
 Dt Loss: 0.0148
 Goal Loss: 0.1538, MIE Loss: 0.0007
 MSE Loss R: 0.0141, BCE Loss G: 0.1390
2024-11-21 06:55:24,808 - INFO - Epoch [51/1000] completed. Average Goal Loss: 0.1725
2024-11-21 06:55:24,808 - INFO - Epoch [51/1000] completed. Average Action Loss: 0.0147
2024-11-21 06:55:24,808 - INFO - ===================================================================================
2024-11-21 06:57:48,373 - INFO - Epoch [51/1000]
Action Validation Loss: 0.0130 
 Goal Validation Loss: 0.1904 
 MIE Validation Loss: 0.0017 
 MSE R Validation Loss: 0.0445 
 BCE G Validation Loss: 0.1441
2024-11-21 06:57:48,373 - INFO - ===================================================================================
2024-11-21 06:57:48,412 - INFO - Completed in 3h 33m
2024-11-21 06:58:20,675 - INFO - Epoch [52/1000], Batch [0/13]
 Dt Loss: 0.0144
 Goal Loss: 0.1780, MIE Loss: 0.0019
 MSE Loss R: 0.0293, BCE Loss G: 0.1468
2024-11-21 06:59:26,489 - INFO - Epoch [52/1000], Batch [10/13]
 Dt Loss: 0.0144
 Goal Loss: 0.1514, MIE Loss: 0.0009
 MSE Loss R: 0.0125, BCE Loss G: 0.1380
2024-11-21 06:59:43,168 - INFO - Epoch [52/1000] completed. Average Goal Loss: 0.1620
2024-11-21 06:59:43,169 - INFO - Epoch [52/1000] completed. Average Action Loss: 0.0145
2024-11-21 06:59:43,169 - INFO - ===================================================================================
2024-11-21 07:01:58,447 - INFO - Epoch [52/1000]
Action Validation Loss: 0.0129 
 Goal Validation Loss: 0.1869 
 MIE Validation Loss: 0.0012 
 MSE R Validation Loss: 0.0446 
 BCE G Validation Loss: 0.1411
2024-11-21 07:01:58,448 - INFO - ===================================================================================
2024-11-21 07:01:58,448 - INFO - Completed in 3h 38m
2024-11-21 07:02:35,309 - INFO - Epoch [53/1000], Batch [0/13]
 Dt Loss: 0.0146
 Goal Loss: 0.2418, MIE Loss: 0.0033
 MSE Loss R: 0.0850, BCE Loss G: 0.1534
2024-11-21 07:03:41,123 - INFO - Epoch [53/1000], Batch [10/13]
 Dt Loss: 0.0145
 Goal Loss: 0.1490, MIE Loss: 0.0006
 MSE Loss R: 0.0173, BCE Loss G: 0.1310
2024-11-21 07:03:58,337 - INFO - Epoch [53/1000] completed. Average Goal Loss: 0.1853
2024-11-21 07:03:58,338 - INFO - Epoch [53/1000] completed. Average Action Loss: 0.0145
2024-11-21 07:03:58,338 - INFO - ===================================================================================
2024-11-21 07:06:22,823 - INFO - Epoch [53/1000]
Action Validation Loss: 0.0128 
 Goal Validation Loss: 0.1837 
 MIE Validation Loss: 0.0008 
 MSE R Validation Loss: 0.0445 
 BCE G Validation Loss: 0.1384
2024-11-21 07:06:22,823 - INFO - ===================================================================================
2024-11-21 07:06:22,824 - INFO - Completed in 3h 42m
2024-11-21 07:06:55,465 - INFO - Epoch [54/1000], Batch [0/13]
 Dt Loss: 0.0144
 Goal Loss: 0.1553, MIE Loss: 0.0012
 MSE Loss R: 0.0167, BCE Loss G: 0.1374
2024-11-21 07:08:01,217 - INFO - Epoch [54/1000], Batch [10/13]
 Dt Loss: 0.0143
 Goal Loss: 0.2011, MIE Loss: 0.0022
 MSE Loss R: 0.0542, BCE Loss G: 0.1447
2024-11-21 07:08:17,617 - INFO - Epoch [54/1000] completed. Average Goal Loss: 0.1863
2024-11-21 07:08:17,617 - INFO - Epoch [54/1000] completed. Average Action Loss: 0.0144
2024-11-21 07:08:17,618 - INFO - ===================================================================================
2024-11-21 07:10:32,823 - INFO - Epoch [54/1000]
Action Validation Loss: 0.0127 
 Goal Validation Loss: 0.1810 
 MIE Validation Loss: 0.0006 
 MSE R Validation Loss: 0.0444 
 BCE G Validation Loss: 0.1360
2024-11-21 07:10:32,824 - INFO - ===================================================================================
2024-11-21 07:10:32,824 - INFO - Completed in 3h 46m
2024-11-21 07:11:05,034 - INFO - Epoch [55/1000], Batch [0/13]
 Dt Loss: 0.0142
 Goal Loss: 0.1476, MIE Loss: 0.0009
 MSE Loss R: 0.0137, BCE Loss G: 0.1330
2024-11-21 07:12:17,427 - INFO - Epoch [55/1000], Batch [10/13]
 Dt Loss: 0.0144
 Goal Loss: 0.1479, MIE Loss: 0.0010
 MSE Loss R: 0.0146, BCE Loss G: 0.1322
2024-11-21 07:12:33,245 - INFO - Epoch [55/1000] completed. Average Goal Loss: 0.1786
2024-11-21 07:12:33,246 - INFO - Epoch [55/1000] completed. Average Action Loss: 0.0143
2024-11-21 07:12:33,246 - INFO - ===================================================================================
2024-11-21 07:14:43,294 - INFO - Epoch [55/1000]
Action Validation Loss: 0.0126 
 Goal Validation Loss: 0.1796 
 MIE Validation Loss: 0.0016 
 MSE R Validation Loss: 0.0443 
 BCE G Validation Loss: 0.1337
2024-11-21 07:14:43,295 - INFO - ===================================================================================
2024-11-21 07:14:43,296 - INFO - Completed in 3h 50m
2024-11-21 07:15:14,081 - INFO - Epoch [56/1000], Batch [0/13]
 Dt Loss: 0.0143
 Goal Loss: 0.2975, MIE Loss: 0.0029
 MSE Loss R: 0.1406, BCE Loss G: 0.1540
2024-11-21 07:16:17,842 - INFO - Epoch [56/1000], Batch [10/13]
 Dt Loss: 0.0141
 Goal Loss: 0.1443, MIE Loss: 0.0008
 MSE Loss R: 0.0140, BCE Loss G: 0.1295
2024-11-21 07:16:33,359 - INFO - Epoch [56/1000] completed. Average Goal Loss: 0.1834
2024-11-21 07:16:33,360 - INFO - Epoch [56/1000] completed. Average Action Loss: 0.0143
2024-11-21 07:16:33,360 - INFO - ===================================================================================
2024-11-21 07:18:38,296 - INFO - Epoch [56/1000]
Action Validation Loss: 0.0125 
 Goal Validation Loss: 0.1764 
 MIE Validation Loss: 0.0005 
 MSE R Validation Loss: 0.0442 
 BCE G Validation Loss: 0.1317
2024-11-21 07:18:38,296 - INFO - ===================================================================================
2024-11-21 07:18:38,297 - INFO - Completed in 3h 54m
2024-11-21 07:19:06,474 - INFO - Epoch [57/1000], Batch [0/13]
 Dt Loss: 0.0141
 Goal Loss: 0.1483, MIE Loss: 0.0010
 MSE Loss R: 0.0164, BCE Loss G: 0.1309
2024-11-21 07:20:11,838 - INFO - Epoch [57/1000], Batch [10/13]
 Dt Loss: 0.0142
 Goal Loss: 0.1399, MIE Loss: 0.0005
 MSE Loss R: 0.0159, BCE Loss G: 0.1235
2024-11-21 07:20:27,114 - INFO - Epoch [57/1000] completed. Average Goal Loss: 0.1732
2024-11-21 07:20:27,114 - INFO - Epoch [57/1000] completed. Average Action Loss: 0.0141
2024-11-21 07:20:27,115 - INFO - ===================================================================================
2024-11-21 07:22:25,593 - INFO - Epoch [57/1000]
Action Validation Loss: 0.0125 
 Goal Validation Loss: 0.1749 
 MIE Validation Loss: 0.0009 
 MSE R Validation Loss: 0.0442 
 BCE G Validation Loss: 0.1298
2024-11-21 07:22:25,593 - INFO - ===================================================================================
2024-11-21 07:22:25,594 - INFO - Completed in 3h 58m
2024-11-21 07:22:52,981 - INFO - Epoch [58/1000], Batch [0/13]
 Dt Loss: 0.0142
 Goal Loss: 0.1525, MIE Loss: 0.0010
 MSE Loss R: 0.0210, BCE Loss G: 0.1305
2024-11-21 07:23:59,873 - INFO - Epoch [58/1000], Batch [10/13]
 Dt Loss: 0.0139
 Goal Loss: 0.1441, MIE Loss: 0.0007
 MSE Loss R: 0.0161, BCE Loss G: 0.1273
2024-11-21 07:24:15,451 - INFO - Epoch [58/1000] completed. Average Goal Loss: 0.1481
2024-11-21 07:24:15,452 - INFO - Epoch [58/1000] completed. Average Action Loss: 0.0142
2024-11-21 07:24:15,452 - INFO - ===================================================================================
2024-11-21 07:26:14,251 - INFO - Epoch [58/1000]
Action Validation Loss: 0.0125 
 Goal Validation Loss: 0.1727 
 MIE Validation Loss: 0.0005 
 MSE R Validation Loss: 0.0442 
 BCE G Validation Loss: 0.1280
2024-11-21 07:26:14,251 - INFO - ===================================================================================
2024-11-21 07:26:14,252 - INFO - Completed in 4h 2m
2024-11-21 07:26:41,618 - INFO - Epoch [59/1000], Batch [0/13]
 Dt Loss: 0.0139
 Goal Loss: 0.1369, MIE Loss: 0.0004
 MSE Loss R: 0.0158, BCE Loss G: 0.1207
2024-11-21 07:27:46,130 - INFO - Epoch [59/1000], Batch [10/13]
 Dt Loss: 0.0140
 Goal Loss: 0.1545, MIE Loss: 0.0010
 MSE Loss R: 0.0246, BCE Loss G: 0.1289
2024-11-21 07:28:03,235 - INFO - Epoch [59/1000] completed. Average Goal Loss: 0.1629
2024-11-21 07:28:03,236 - INFO - Epoch [59/1000] completed. Average Action Loss: 0.0140
2024-11-21 07:28:03,236 - INFO - ===================================================================================
2024-11-21 07:30:14,373 - INFO - Epoch [59/1000]
Action Validation Loss: 0.0123 
 Goal Validation Loss: 0.1713 
 MIE Validation Loss: 0.0007 
 MSE R Validation Loss: 0.0442 
 BCE G Validation Loss: 0.1264
2024-11-21 07:30:14,373 - INFO - ===================================================================================
2024-11-21 07:30:14,405 - INFO - Completed in 4h 6m
2024-11-21 07:30:46,864 - INFO - Epoch [60/1000], Batch [0/13]
 Dt Loss: 0.0138
 Goal Loss: 0.1353, MIE Loss: 0.0004
 MSE Loss R: 0.0188, BCE Loss G: 0.1161
2024-11-21 07:31:52,733 - INFO - Epoch [60/1000], Batch [10/13]
 Dt Loss: 0.0139
 Goal Loss: 0.1841, MIE Loss: 0.0013
 MSE Loss R: 0.0490, BCE Loss G: 0.1338
2024-11-21 07:32:08,798 - INFO - Epoch [60/1000] completed. Average Goal Loss: 0.1779
2024-11-21 07:32:08,799 - INFO - Epoch [60/1000] completed. Average Action Loss: 0.0139
2024-11-21 07:32:08,799 - INFO - ===================================================================================
2024-11-21 07:34:22,807 - INFO - Epoch [60/1000]
Action Validation Loss: 0.0123 
 Goal Validation Loss: 0.1697 
 MIE Validation Loss: 0.0005 
 MSE R Validation Loss: 0.0441 
 BCE G Validation Loss: 0.1251
2024-11-21 07:34:22,807 - INFO - ===================================================================================
2024-11-21 07:34:22,808 - INFO - Completed in 4h 10m
2024-11-21 07:35:05,485 - INFO - 60 Test Returns: 57.0
2024-11-21 07:35:05,551 - INFO - Model checkpoint saved at training_output/20241121_030702/models/epoch_60.pth
2024-11-21 07:35:37,361 - INFO - Epoch [61/1000], Batch [0/13]
 Dt Loss: 0.0138
 Goal Loss: 0.1334, MIE Loss: 0.0004
 MSE Loss R: 0.0150, BCE Loss G: 0.1180
2024-11-21 07:36:42,348 - INFO - Epoch [61/1000], Batch [10/13]
 Dt Loss: 0.0142
 Goal Loss: 0.3110, MIE Loss: 0.0020
 MSE Loss R: 0.1586, BCE Loss G: 0.1504
2024-11-21 07:36:59,348 - INFO - Epoch [61/1000] completed. Average Goal Loss: 0.1675
2024-11-21 07:36:59,348 - INFO - Epoch [61/1000] completed. Average Action Loss: 0.0139
2024-11-21 07:36:59,348 - INFO - ===================================================================================
2024-11-21 07:39:10,235 - INFO - Epoch [61/1000]
Action Validation Loss: 0.0124 
 Goal Validation Loss: 0.1688 
 MIE Validation Loss: 0.0009 
 MSE R Validation Loss: 0.0441 
 BCE G Validation Loss: 0.1238
2024-11-21 07:39:10,236 - INFO - ===================================================================================
2024-11-21 07:39:10,236 - INFO - Completed in 4h 15m
2024-11-21 07:39:41,315 - INFO - Epoch [62/1000], Batch [0/13]
 Dt Loss: 0.0139
 Goal Loss: 0.1335, MIE Loss: 0.0004
 MSE Loss R: 0.0134, BCE Loss G: 0.1197
2024-11-21 07:40:43,944 - INFO - Epoch [62/1000], Batch [10/13]
 Dt Loss: 0.0140
 Goal Loss: 0.1569, MIE Loss: 0.0008
 MSE Loss R: 0.0293, BCE Loss G: 0.1268
2024-11-21 07:41:01,017 - INFO - Epoch [62/1000] completed. Average Goal Loss: 0.1596
2024-11-21 07:41:01,017 - INFO - Epoch [62/1000] completed. Average Action Loss: 0.0139
2024-11-21 07:41:01,017 - INFO - ===================================================================================
2024-11-21 07:43:10,147 - INFO - Epoch [62/1000]
Action Validation Loss: 0.0122 
 Goal Validation Loss: 0.1670 
 MIE Validation Loss: 0.0003 
 MSE R Validation Loss: 0.0441 
 BCE G Validation Loss: 0.1227
2024-11-21 07:43:10,148 - INFO - ===================================================================================
2024-11-21 07:43:10,148 - INFO - Completed in 4h 19m
2024-11-21 07:43:41,441 - INFO - Epoch [63/1000], Batch [0/13]
 Dt Loss: 0.0138
 Goal Loss: 0.1322, MIE Loss: 0.0002
 MSE Loss R: 0.0189, BCE Loss G: 0.1130
2024-11-21 07:44:54,411 - INFO - Epoch [63/1000], Batch [10/13]
 Dt Loss: 0.0135
 Goal Loss: 0.1471, MIE Loss: 0.0006
 MSE Loss R: 0.0229, BCE Loss G: 0.1236
2024-11-21 07:45:09,780 - INFO - Epoch [63/1000] completed. Average Goal Loss: 0.1445
2024-11-21 07:45:09,780 - INFO - Epoch [63/1000] completed. Average Action Loss: 0.0137
2024-11-21 07:45:09,780 - INFO - ===================================================================================
2024-11-21 07:47:11,681 - INFO - Epoch [63/1000]
Action Validation Loss: 0.0121 
 Goal Validation Loss: 0.1659 
 MIE Validation Loss: 0.0002 
 MSE R Validation Loss: 0.0441 
 BCE G Validation Loss: 0.1216
2024-11-21 07:47:11,682 - INFO - ===================================================================================
2024-11-21 07:47:11,682 - INFO - Completed in 4h 23m
2024-11-21 07:47:44,438 - INFO - Epoch [64/1000], Batch [0/13]
 Dt Loss: 0.0138
 Goal Loss: 0.1423, MIE Loss: 0.0006
 MSE Loss R: 0.0196, BCE Loss G: 0.1222
2024-11-21 07:48:49,322 - INFO - Epoch [64/1000], Batch [10/13]
 Dt Loss: 0.0135
 Goal Loss: 0.1296, MIE Loss: 0.0002
 MSE Loss R: 0.0187, BCE Loss G: 0.1107
2024-11-21 07:49:04,771 - INFO - Epoch [64/1000] completed. Average Goal Loss: 0.1401
2024-11-21 07:49:04,771 - INFO - Epoch [64/1000] completed. Average Action Loss: 0.0137
2024-11-21 07:49:04,771 - INFO - ===================================================================================
2024-11-21 07:51:13,417 - INFO - Epoch [64/1000]
Action Validation Loss: 0.0120 
 Goal Validation Loss: 0.1651 
 MIE Validation Loss: 0.0004 
 MSE R Validation Loss: 0.0441 
 BCE G Validation Loss: 0.1206
2024-11-21 07:51:13,418 - INFO - ===================================================================================
2024-11-21 07:51:13,418 - INFO - Completed in 4h 27m
2024-11-21 07:51:42,701 - INFO - Epoch [65/1000], Batch [0/13]
 Dt Loss: 0.0137
 Goal Loss: 0.1284, MIE Loss: 0.0002
 MSE Loss R: 0.0161, BCE Loss G: 0.1120
2024-11-21 07:52:48,926 - INFO - Epoch [65/1000], Batch [10/13]
 Dt Loss: 0.0135
 Goal Loss: 0.1273, MIE Loss: 0.0002
 MSE Loss R: 0.0149, BCE Loss G: 0.1121
2024-11-21 07:53:06,655 - INFO - Epoch [65/1000] completed. Average Goal Loss: 0.1440
2024-11-21 07:53:06,656 - INFO - Epoch [65/1000] completed. Average Action Loss: 0.0137
2024-11-21 07:53:06,656 - INFO - ===================================================================================
2024-11-21 07:55:10,105 - INFO - Epoch [65/1000]
Action Validation Loss: 0.0120 
 Goal Validation Loss: 0.1642 
 MIE Validation Loss: 0.0003 
 MSE R Validation Loss: 0.0441 
 BCE G Validation Loss: 0.1198
2024-11-21 07:55:10,106 - INFO - ===================================================================================
2024-11-21 07:55:10,106 - INFO - Completed in 4h 31m
2024-11-21 07:55:39,174 - INFO - Epoch [66/1000], Batch [0/13]
 Dt Loss: 0.0135
 Goal Loss: 0.1271, MIE Loss: 0.0002
 MSE Loss R: 0.0137, BCE Loss G: 0.1132
2024-11-21 07:56:45,260 - INFO - Epoch [66/1000], Batch [10/13]
 Dt Loss: 0.0135
 Goal Loss: 0.1277, MIE Loss: 0.0003
 MSE Loss R: 0.0131, BCE Loss G: 0.1143
2024-11-21 07:57:00,983 - INFO - Epoch [66/1000] completed. Average Goal Loss: 0.1340
2024-11-21 07:57:00,983 - INFO - Epoch [66/1000] completed. Average Action Loss: 0.0136
2024-11-21 07:57:00,983 - INFO - ===================================================================================
2024-11-21 07:59:06,246 - INFO - Epoch [66/1000]
Action Validation Loss: 0.0120 
 Goal Validation Loss: 0.1634 
 MIE Validation Loss: 0.0002 
 MSE R Validation Loss: 0.0443 
 BCE G Validation Loss: 0.1190
2024-11-21 07:59:06,246 - INFO - ===================================================================================
2024-11-21 07:59:06,247 - INFO - Completed in 4h 35m
2024-11-21 07:59:33,632 - INFO - Epoch [67/1000], Batch [0/13]
 Dt Loss: 0.0135
 Goal Loss: 0.1258, MIE Loss: 0.0002
 MSE Loss R: 0.0154, BCE Loss G: 0.1103
2024-11-21 08:00:37,064 - INFO - Epoch [67/1000], Batch [10/13]
 Dt Loss: 0.0132
 Goal Loss: 0.1262, MIE Loss: 0.0002
 MSE Loss R: 0.0131, BCE Loss G: 0.1129
2024-11-21 08:00:54,334 - INFO - Epoch [67/1000] completed. Average Goal Loss: 0.1307
2024-11-21 08:00:54,335 - INFO - Epoch [67/1000] completed. Average Action Loss: 0.0135
2024-11-21 08:00:54,335 - INFO - ===================================================================================
2024-11-21 08:03:05,121 - INFO - Epoch [67/1000]
Action Validation Loss: 0.0119 
 Goal Validation Loss: 0.1629 
 MIE Validation Loss: 0.0002 
 MSE R Validation Loss: 0.0444 
 BCE G Validation Loss: 0.1183
2024-11-21 08:03:05,122 - INFO - ===================================================================================
2024-11-21 08:03:05,122 - INFO - Completed in 4h 39m
2024-11-21 08:03:33,602 - INFO - Epoch [68/1000], Batch [0/13]
 Dt Loss: 0.0136
 Goal Loss: 0.1879, MIE Loss: 0.0008
 MSE Loss R: 0.0573, BCE Loss G: 0.1298
2024-11-21 08:04:36,565 - INFO - Epoch [68/1000], Batch [10/13]
 Dt Loss: 0.0135
 Goal Loss: 0.1820, MIE Loss: 0.0007
 MSE Loss R: 0.0527, BCE Loss G: 0.1287
2024-11-21 08:04:52,450 - INFO - Epoch [68/1000] completed. Average Goal Loss: 0.1480
2024-11-21 08:04:52,450 - INFO - Epoch [68/1000] completed. Average Action Loss: 0.0135
2024-11-21 08:04:52,450 - INFO - ===================================================================================
2024-11-21 08:07:00,774 - INFO - Epoch [68/1000]
Action Validation Loss: 0.0119 
 Goal Validation Loss: 0.1622 
 MIE Validation Loss: 0.0002 
 MSE R Validation Loss: 0.0444 
 BCE G Validation Loss: 0.1177
2024-11-21 08:07:00,775 - INFO - ===================================================================================
2024-11-21 08:07:00,775 - INFO - Completed in 4h 43m
2024-11-21 08:07:29,501 - INFO - Epoch [69/1000], Batch [0/13]
 Dt Loss: 0.0133
 Goal Loss: 0.1239, MIE Loss: 0.0001
 MSE Loss R: 0.0177, BCE Loss G: 0.1061
2024-11-21 08:08:33,641 - INFO - Epoch [69/1000], Batch [10/13]
 Dt Loss: 0.0134
 Goal Loss: 0.1303, MIE Loss: 0.0003
 MSE Loss R: 0.0154, BCE Loss G: 0.1146
2024-11-21 08:08:50,765 - INFO - Epoch [69/1000] completed. Average Goal Loss: 0.1407
2024-11-21 08:08:50,766 - INFO - Epoch [69/1000] completed. Average Action Loss: 0.0134
2024-11-21 08:08:50,766 - INFO - ===================================================================================
2024-11-21 08:11:08,336 - INFO - Epoch [69/1000]
Action Validation Loss: 0.0118 
 Goal Validation Loss: 0.1616 
 MIE Validation Loss: 0.0002 
 MSE R Validation Loss: 0.0443 
 BCE G Validation Loss: 0.1171
2024-11-21 08:11:08,337 - INFO - ===================================================================================
2024-11-21 08:11:08,338 - INFO - Completed in 4h 47m
2024-11-21 08:11:40,455 - INFO - Epoch [70/1000], Batch [0/13]
 Dt Loss: 0.0135
 Goal Loss: 0.1233, MIE Loss: 0.0001
 MSE Loss R: 0.0177, BCE Loss G: 0.1055
2024-11-21 08:12:42,554 - INFO - Epoch [70/1000], Batch [10/13]
 Dt Loss: 0.0132
 Goal Loss: 0.3279, MIE Loss: 0.0012
 MSE Loss R: 0.1766, BCE Loss G: 0.1500
2024-11-21 08:12:57,804 - INFO - Epoch [70/1000] completed. Average Goal Loss: 0.1527
2024-11-21 08:12:57,805 - INFO - Epoch [70/1000] completed. Average Action Loss: 0.0134
2024-11-21 08:12:57,805 - INFO - ===================================================================================
2024-11-21 08:15:13,388 - INFO - Epoch [70/1000]
Action Validation Loss: 0.0116 
 Goal Validation Loss: 0.1611 
 MIE Validation Loss: 0.0002 
 MSE R Validation Loss: 0.0443 
 BCE G Validation Loss: 0.1166
2024-11-21 08:15:13,389 - INFO - ===================================================================================
2024-11-21 08:15:13,389 - INFO - Completed in 4h 51m
2024-11-21 08:15:45,961 - INFO - Epoch [71/1000], Batch [0/13]
 Dt Loss: 0.0135
 Goal Loss: 0.1832, MIE Loss: 0.0006
 MSE Loss R: 0.0546, BCE Loss G: 0.1280
2024-11-21 08:16:52,306 - INFO - Epoch [71/1000], Batch [10/13]
 Dt Loss: 0.0133
 Goal Loss: 0.1446, MIE Loss: 0.0003
 MSE Loss R: 0.0257, BCE Loss G: 0.1186
2024-11-21 08:17:08,388 - INFO - Epoch [71/1000] completed. Average Goal Loss: 0.1410
2024-11-21 08:17:08,389 - INFO - Epoch [71/1000] completed. Average Action Loss: 0.0133
2024-11-21 08:17:08,389 - INFO - ===================================================================================
2024-11-21 08:19:10,834 - INFO - Epoch [71/1000]
Action Validation Loss: 0.0116 
 Goal Validation Loss: 0.1607 
 MIE Validation Loss: 0.0002 
 MSE R Validation Loss: 0.0443 
 BCE G Validation Loss: 0.1162
2024-11-21 08:19:10,835 - INFO - ===================================================================================
2024-11-21 08:19:10,835 - INFO - Completed in 4h 55m
2024-11-21 08:19:40,515 - INFO - Epoch [72/1000], Batch [0/13]
 Dt Loss: 0.0133
 Goal Loss: 0.1785, MIE Loss: 0.0005
 MSE Loss R: 0.0510, BCE Loss G: 0.1270
2024-11-21 08:20:44,034 - INFO - Epoch [72/1000], Batch [10/13]
 Dt Loss: 0.0131
 Goal Loss: 0.1412, MIE Loss: 0.0003
 MSE Loss R: 0.0234, BCE Loss G: 0.1176
2024-11-21 08:20:59,270 - INFO - Epoch [72/1000] completed. Average Goal Loss: 0.1682
2024-11-21 08:20:59,270 - INFO - Epoch [72/1000] completed. Average Action Loss: 0.0132
2024-11-21 08:20:59,270 - INFO - ===================================================================================
2024-11-21 08:22:57,471 - INFO - Epoch [72/1000]
Action Validation Loss: 0.0117 
 Goal Validation Loss: 0.1608 
 MIE Validation Loss: 0.0008 
 MSE R Validation Loss: 0.0442 
 BCE G Validation Loss: 0.1158
2024-11-21 08:22:57,471 - INFO - ===================================================================================
2024-11-21 08:22:57,472 - INFO - Completed in 4h 59m
2024-11-21 08:23:26,237 - INFO - Epoch [73/1000], Batch [0/13]
 Dt Loss: 0.0134
 Goal Loss: 0.1223, MIE Loss: 0.0002
 MSE Loss R: 0.0149, BCE Loss G: 0.1072
2024-11-21 08:24:31,249 - INFO - Epoch [73/1000], Batch [10/13]
 Dt Loss: 0.0133
 Goal Loss: 0.1248, MIE Loss: 0.0002
 MSE Loss R: 0.0135, BCE Loss G: 0.1112
2024-11-21 08:24:46,845 - INFO - Epoch [73/1000] completed. Average Goal Loss: 0.1425
2024-11-21 08:24:46,846 - INFO - Epoch [73/1000] completed. Average Action Loss: 0.0132
2024-11-21 08:24:46,846 - INFO - ===================================================================================
2024-11-21 08:26:45,857 - INFO - Epoch [73/1000]
Action Validation Loss: 0.0116 
 Goal Validation Loss: 0.1597 
 MIE Validation Loss: 0.0001 
 MSE R Validation Loss: 0.0442 
 BCE G Validation Loss: 0.1155
2024-11-21 08:26:45,857 - INFO - ===================================================================================
2024-11-21 08:26:45,857 - INFO - Completed in 5h 2m
2024-11-21 08:27:15,259 - INFO - Epoch [74/1000], Batch [0/13]
 Dt Loss: 0.0132
 Goal Loss: 0.1234, MIE Loss: 0.0002
 MSE Loss R: 0.0131, BCE Loss G: 0.1101
2024-11-21 08:28:21,245 - INFO - Epoch [74/1000], Batch [10/13]
 Dt Loss: 0.0133
 Goal Loss: 0.1210, MIE Loss: 0.0001
 MSE Loss R: 0.0137, BCE Loss G: 0.1072
2024-11-21 08:28:36,747 - INFO - Epoch [74/1000] completed. Average Goal Loss: 0.1291
2024-11-21 08:28:36,748 - INFO - Epoch [74/1000] completed. Average Action Loss: 0.0132
2024-11-21 08:28:36,748 - INFO - ===================================================================================
2024-11-21 08:30:43,806 - INFO - Epoch [74/1000]
Action Validation Loss: 0.0117 
 Goal Validation Loss: 0.1595 
 MIE Validation Loss: 0.0002 
 MSE R Validation Loss: 0.0442 
 BCE G Validation Loss: 0.1151
2024-11-21 08:30:43,806 - INFO - ===================================================================================
2024-11-21 08:30:43,806 - INFO - Completed in 5h 6m
2024-11-21 08:31:12,866 - INFO - Epoch [75/1000], Batch [0/13]
 Dt Loss: 0.0132
 Goal Loss: 0.1209, MIE Loss: 0.0001
 MSE Loss R: 0.0188, BCE Loss G: 0.1020
2024-11-21 08:32:18,241 - INFO - Epoch [75/1000], Batch [10/13]
 Dt Loss: 0.0135
 Goal Loss: 0.1206, MIE Loss: 0.0001
 MSE Loss R: 0.0141, BCE Loss G: 0.1064
2024-11-21 08:32:33,519 - INFO - Epoch [75/1000] completed. Average Goal Loss: 0.1435
2024-11-21 08:32:33,520 - INFO - Epoch [75/1000] completed. Average Action Loss: 0.0133
2024-11-21 08:32:33,520 - INFO - ===================================================================================
2024-11-21 08:34:39,299 - INFO - Epoch [75/1000]
Action Validation Loss: 0.0115 
 Goal Validation Loss: 0.1592 
 MIE Validation Loss: 0.0001 
 MSE R Validation Loss: 0.0443 
 BCE G Validation Loss: 0.1148
2024-11-21 08:34:39,299 - INFO - ===================================================================================
2024-11-21 08:34:39,299 - INFO - Completed in 5h 10m
2024-11-21 08:35:06,356 - INFO - Epoch [76/1000], Batch [0/13]
 Dt Loss: 0.0130
 Goal Loss: 0.1203, MIE Loss: 0.0001
 MSE Loss R: 0.0133, BCE Loss G: 0.1069
2024-11-21 08:36:11,744 - INFO - Epoch [76/1000], Batch [10/13]
 Dt Loss: 0.0129
 Goal Loss: 0.1207, MIE Loss: 0.0001
 MSE Loss R: 0.0136, BCE Loss G: 0.1070
2024-11-21 08:36:28,490 - INFO - Epoch [76/1000] completed. Average Goal Loss: 0.1554
2024-11-21 08:36:28,490 - INFO - Epoch [76/1000] completed. Average Action Loss: 0.0132
2024-11-21 08:36:28,490 - INFO - ===================================================================================
2024-11-21 08:38:34,750 - INFO - Epoch [76/1000]
Action Validation Loss: 0.0114 
 Goal Validation Loss: 0.1589 
 MIE Validation Loss: 0.0001 
 MSE R Validation Loss: 0.0442 
 BCE G Validation Loss: 0.1146
2024-11-21 08:38:34,751 - INFO - ===================================================================================
2024-11-21 08:38:34,751 - INFO - Completed in 5h 14m
2024-11-21 08:39:04,940 - INFO - Epoch [77/1000], Batch [0/13]
 Dt Loss: 0.0130
 Goal Loss: 0.3015, MIE Loss: 0.0007
 MSE Loss R: 0.1538, BCE Loss G: 0.1470
2024-11-21 08:40:19,825 - INFO - Epoch [77/1000], Batch [10/13]
 Dt Loss: 0.0130
 Goal Loss: 0.1202, MIE Loss: 0.0001
 MSE Loss R: 0.0139, BCE Loss G: 0.1062
2024-11-21 08:40:35,849 - INFO - Epoch [77/1000] completed. Average Goal Loss: 0.1689
2024-11-21 08:40:35,849 - INFO - Epoch [77/1000] completed. Average Action Loss: 0.0130
2024-11-21 08:40:35,849 - INFO - ===================================================================================
2024-11-21 08:42:47,565 - INFO - Epoch [77/1000]
Action Validation Loss: 0.0113 
 Goal Validation Loss: 0.1586 
 MIE Validation Loss: 0.0001 
 MSE R Validation Loss: 0.0441 
 BCE G Validation Loss: 0.1143
2024-11-21 08:42:47,566 - INFO - ===================================================================================
2024-11-21 08:42:47,566 - INFO - Completed in 5h 18m
2024-11-21 08:43:18,411 - INFO - Epoch [78/1000], Batch [0/13]
 Dt Loss: 0.0130
 Goal Loss: 0.2363, MIE Loss: 0.0005
 MSE Loss R: 0.0984, BCE Loss G: 0.1373
2024-11-21 08:44:21,988 - INFO - Epoch [78/1000], Batch [10/13]
 Dt Loss: 0.0129
 Goal Loss: 0.1200, MIE Loss: 0.0001
 MSE Loss R: 0.0158, BCE Loss G: 0.1041
2024-11-21 08:44:38,886 - INFO - Epoch [78/1000] completed. Average Goal Loss: 0.1380
2024-11-21 08:44:38,886 - INFO - Epoch [78/1000] completed. Average Action Loss: 0.0130
2024-11-21 08:44:38,886 - INFO - ===================================================================================
2024-11-21 08:46:50,037 - INFO - Epoch [78/1000]
Action Validation Loss: 0.0114 
 Goal Validation Loss: 0.1583 
 MIE Validation Loss: 0.0001 
 MSE R Validation Loss: 0.0441 
 BCE G Validation Loss: 0.1141
2024-11-21 08:46:50,038 - INFO - ===================================================================================
2024-11-21 08:46:50,038 - INFO - Completed in 5h 22m
2024-11-21 08:47:22,870 - INFO - Epoch [79/1000], Batch [0/13]
 Dt Loss: 0.0129
 Goal Loss: 0.1232, MIE Loss: 0.0001
 MSE Loss R: 0.0136, BCE Loss G: 0.1095
2024-11-21 08:48:25,663 - INFO - Epoch [79/1000], Batch [10/13]
 Dt Loss: 0.0130
 Goal Loss: 0.1205, MIE Loss: 0.0001
 MSE Loss R: 0.0202, BCE Loss G: 0.1002
2024-11-21 08:48:41,911 - INFO - Epoch [79/1000] completed. Average Goal Loss: 0.1382
2024-11-21 08:48:41,911 - INFO - Epoch [79/1000] completed. Average Action Loss: 0.0129
2024-11-21 08:48:41,911 - INFO - ===================================================================================
2024-11-21 08:50:52,194 - INFO - Epoch [79/1000]
Action Validation Loss: 0.0114 
 Goal Validation Loss: 0.1582 
 MIE Validation Loss: 0.0001 
 MSE R Validation Loss: 0.0442 
 BCE G Validation Loss: 0.1139
2024-11-21 08:50:52,195 - INFO - ===================================================================================
2024-11-21 08:50:52,195 - INFO - Completed in 5h 27m
2024-11-21 08:51:28,549 - INFO - Epoch [80/1000], Batch [0/13]
 Dt Loss: 0.0130
 Goal Loss: 0.1198, MIE Loss: 0.0001
 MSE Loss R: 0.0193, BCE Loss G: 0.1005
2024-11-21 08:52:35,520 - INFO - Epoch [80/1000], Batch [10/13]
 Dt Loss: 0.0132
 Goal Loss: 0.1194, MIE Loss: 0.0001
 MSE Loss R: 0.0153, BCE Loss G: 0.1040
2024-11-21 08:52:51,040 - INFO - Epoch [80/1000] completed. Average Goal Loss: 0.1447
2024-11-21 08:52:51,040 - INFO - Epoch [80/1000] completed. Average Action Loss: 0.0130
2024-11-21 08:52:51,040 - INFO - ===================================================================================
2024-11-21 08:54:51,635 - INFO - Epoch [80/1000]
Action Validation Loss: 0.0114 
 Goal Validation Loss: 0.1580 
 MIE Validation Loss: 0.0001 
 MSE R Validation Loss: 0.0442 
 BCE G Validation Loss: 0.1137
2024-11-21 08:54:51,636 - INFO - ===================================================================================
2024-11-21 08:54:51,636 - INFO - Completed in 5h 31m
2024-11-21 08:55:32,599 - INFO - 80 Test Returns: 57.0
2024-11-21 08:55:32,664 - INFO - Model checkpoint saved at training_output/20241121_030702/models/epoch_80.pth
2024-11-21 08:56:01,534 - INFO - Epoch [81/1000], Batch [0/13]
 Dt Loss: 0.0130
 Goal Loss: 0.1611, MIE Loss: 0.0003
 MSE Loss R: 0.0395, BCE Loss G: 0.1213
2024-11-21 08:57:05,678 - INFO - Epoch [81/1000], Batch [10/13]
 Dt Loss: 0.0129
 Goal Loss: 0.1197, MIE Loss: 0.0001
 MSE Loss R: 0.0197, BCE Loss G: 0.0999
2024-11-21 08:57:20,973 - INFO - Epoch [81/1000] completed. Average Goal Loss: 0.1449
2024-11-21 08:57:20,974 - INFO - Epoch [81/1000] completed. Average Action Loss: 0.0129
2024-11-21 08:57:20,974 - INFO - ===================================================================================
2024-11-21 08:59:24,906 - INFO - Epoch [81/1000]
Action Validation Loss: 0.0114 
 Goal Validation Loss: 0.1578 
 MIE Validation Loss: 0.0001 
 MSE R Validation Loss: 0.0442 
 BCE G Validation Loss: 0.1135
2024-11-21 08:59:24,906 - INFO - ===================================================================================
2024-11-21 08:59:24,907 - INFO - Completed in 5h 35m
2024-11-21 08:59:54,451 - INFO - Epoch [82/1000], Batch [0/13]
 Dt Loss: 0.0128
 Goal Loss: 0.1206, MIE Loss: 0.0001
 MSE Loss R: 0.0132, BCE Loss G: 0.1073
2024-11-21 09:00:58,752 - INFO - Epoch [82/1000], Batch [10/13]
 Dt Loss: 0.0128
 Goal Loss: 0.2012, MIE Loss: 0.0003
 MSE Loss R: 0.0702, BCE Loss G: 0.1306
2024-11-21 09:01:14,313 - INFO - Epoch [82/1000] completed. Average Goal Loss: 0.1514
2024-11-21 09:01:14,313 - INFO - Epoch [82/1000] completed. Average Action Loss: 0.0128
2024-11-21 09:01:14,313 - INFO - ===================================================================================
2024-11-21 09:03:34,173 - INFO - Epoch [82/1000]
Action Validation Loss: 0.0113 
 Goal Validation Loss: 0.1578 
 MIE Validation Loss: 0.0002 
 MSE R Validation Loss: 0.0442 
 BCE G Validation Loss: 0.1134
2024-11-21 09:03:34,173 - INFO - ===================================================================================
2024-11-21 09:03:34,174 - INFO - Completed in 5h 39m
2024-11-21 09:04:04,101 - INFO - Epoch [83/1000], Batch [0/13]
 Dt Loss: 0.0128
 Goal Loss: 0.1187, MIE Loss: 0.0001
 MSE Loss R: 0.0160, BCE Loss G: 0.1026
2024-11-21 09:05:11,548 - INFO - Epoch [83/1000], Batch [10/13]
 Dt Loss: 0.0126
 Goal Loss: 0.1270, MIE Loss: 0.0001
 MSE Loss R: 0.0159, BCE Loss G: 0.1110
2024-11-21 09:05:29,043 - INFO - Epoch [83/1000] completed. Average Goal Loss: 0.1619
2024-11-21 09:05:29,044 - INFO - Epoch [83/1000] completed. Average Action Loss: 0.0127
2024-11-21 09:05:29,044 - INFO - ===================================================================================
2024-11-21 09:07:35,977 - INFO - Epoch [83/1000]
Action Validation Loss: 0.0112 
 Goal Validation Loss: 0.1575 
 MIE Validation Loss: 0.0003 
 MSE R Validation Loss: 0.0440 
 BCE G Validation Loss: 0.1132
2024-11-21 09:07:35,977 - INFO - ===================================================================================
2024-11-21 09:07:35,978 - INFO - Completed in 5h 43m
2024-11-21 09:08:03,109 - INFO - Epoch [84/1000], Batch [0/13]
 Dt Loss: 0.0127
 Goal Loss: 0.1207, MIE Loss: 0.0001
 MSE Loss R: 0.0216, BCE Loss G: 0.0991
2024-11-21 09:09:09,022 - INFO - Epoch [84/1000], Batch [10/13]
 Dt Loss: 0.0128
 Goal Loss: 0.1211, MIE Loss: 0.0001
 MSE Loss R: 0.0228, BCE Loss G: 0.0982
2024-11-21 09:09:25,218 - INFO - Epoch [84/1000] completed. Average Goal Loss: 0.1345
2024-11-21 09:09:25,219 - INFO - Epoch [84/1000] completed. Average Action Loss: 0.0128
2024-11-21 09:09:25,219 - INFO - ===================================================================================
2024-11-21 09:11:38,487 - INFO - Epoch [84/1000]
Action Validation Loss: 0.0112 
 Goal Validation Loss: 0.1571 
 MIE Validation Loss: 0.0001 
 MSE R Validation Loss: 0.0440 
 BCE G Validation Loss: 0.1131
2024-11-21 09:11:38,488 - INFO - ===================================================================================
2024-11-21 09:11:38,488 - INFO - Completed in 5h 47m
2024-11-21 09:12:09,066 - INFO - Epoch [85/1000], Batch [0/13]
 Dt Loss: 0.0129
 Goal Loss: 0.1194, MIE Loss: 0.0001
 MSE Loss R: 0.0160, BCE Loss G: 0.1033
2024-11-21 09:13:23,813 - INFO - Epoch [85/1000], Batch [10/13]
 Dt Loss: 0.0129
 Goal Loss: 0.2936, MIE Loss: 0.0004
 MSE Loss R: 0.1478, BCE Loss G: 0.1454
2024-11-21 09:13:40,737 - INFO - Epoch [85/1000] completed. Average Goal Loss: 0.1806
2024-11-21 09:13:40,738 - INFO - Epoch [85/1000] completed. Average Action Loss: 0.0128
2024-11-21 09:13:40,738 - INFO - ===================================================================================
2024-11-21 09:16:03,479 - INFO - Epoch [85/1000]
Action Validation Loss: 0.0113 
 Goal Validation Loss: 0.1568 
 MIE Validation Loss: 0.0001 
 MSE R Validation Loss: 0.0438 
 BCE G Validation Loss: 0.1129
2024-11-21 09:16:03,480 - INFO - ===================================================================================
2024-11-21 09:16:03,480 - INFO - Completed in 5h 52m
2024-11-21 09:16:31,725 - INFO - Epoch [86/1000], Batch [0/13]
 Dt Loss: 0.0127
 Goal Loss: 0.1217, MIE Loss: 0.0001
 MSE Loss R: 0.0225, BCE Loss G: 0.0991
2024-11-21 09:17:47,977 - INFO - Epoch [86/1000], Batch [10/13]
 Dt Loss: 0.0127
 Goal Loss: 0.1222, MIE Loss: 0.0001
 MSE Loss R: 0.0139, BCE Loss G: 0.1082
2024-11-21 09:18:06,164 - INFO - Epoch [86/1000] completed. Average Goal Loss: 0.1631
2024-11-21 09:18:06,165 - INFO - Epoch [86/1000] completed. Average Action Loss: 0.0127
2024-11-21 09:18:06,165 - INFO - ===================================================================================
2024-11-21 09:20:21,638 - INFO - Epoch [86/1000]
Action Validation Loss: 0.0111 
 Goal Validation Loss: 0.1566 
 MIE Validation Loss: 0.0001 
 MSE R Validation Loss: 0.0438 
 BCE G Validation Loss: 0.1128
2024-11-21 09:20:21,638 - INFO - ===================================================================================
2024-11-21 09:20:21,639 - INFO - Completed in 5h 56m
2024-11-21 09:20:51,835 - INFO - Epoch [87/1000], Batch [0/13]
 Dt Loss: 0.0126
 Goal Loss: 0.1220, MIE Loss: 0.0001
 MSE Loss R: 0.0221, BCE Loss G: 0.0998
2024-11-21 09:22:17,079 - INFO - Epoch [87/1000], Batch [10/13]
 Dt Loss: 0.0127
 Goal Loss: 0.3079, MIE Loss: 0.0003
 MSE Loss R: 0.1604, BCE Loss G: 0.1471
2024-11-21 09:22:34,203 - INFO - Epoch [87/1000] completed. Average Goal Loss: 0.1386
2024-11-21 09:22:34,203 - INFO - Epoch [87/1000] completed. Average Action Loss: 0.0127
2024-11-21 09:22:34,203 - INFO - ===================================================================================
2024-11-21 09:25:02,284 - INFO - Epoch [87/1000]
Action Validation Loss: 0.0113 
 Goal Validation Loss: 0.1565 
 MIE Validation Loss: 0.0001 
 MSE R Validation Loss: 0.0438 
 BCE G Validation Loss: 0.1127
2024-11-21 09:25:02,284 - INFO - ===================================================================================
2024-11-21 09:25:02,285 - INFO - Completed in 6h 1m
2024-11-21 09:25:34,731 - INFO - Epoch [88/1000], Batch [0/13]
 Dt Loss: 0.0126
 Goal Loss: 0.2319, MIE Loss: 0.0003
 MSE Loss R: 0.0954, BCE Loss G: 0.1362
2024-11-21 09:27:05,136 - INFO - Epoch [88/1000], Batch [10/13]
 Dt Loss: 0.0125
 Goal Loss: 0.1230, MIE Loss: 0.0001
 MSE Loss R: 0.0234, BCE Loss G: 0.0995
2024-11-21 09:27:24,373 - INFO - Epoch [88/1000] completed. Average Goal Loss: 0.1882
2024-11-21 09:27:24,373 - INFO - Epoch [88/1000] completed. Average Action Loss: 0.0126
2024-11-21 09:27:24,373 - INFO - ===================================================================================
2024-11-21 09:29:54,396 - INFO - Epoch [88/1000]
Action Validation Loss: 0.0110 
 Goal Validation Loss: 0.1565 
 MIE Validation Loss: 0.0003 
 MSE R Validation Loss: 0.0437 
 BCE G Validation Loss: 0.1126
2024-11-21 09:29:54,396 - INFO - ===================================================================================
2024-11-21 09:29:54,412 - INFO - Completed in 6h 6m
2024-11-21 09:30:26,948 - INFO - Epoch [89/1000], Batch [0/13]
 Dt Loss: 0.0125
 Goal Loss: 0.1210, MIE Loss: 0.0001
 MSE Loss R: 0.0139, BCE Loss G: 0.1070
2024-11-21 09:31:52,589 - INFO - Epoch [89/1000], Batch [10/13]
 Dt Loss: 0.0126
 Goal Loss: 0.1259, MIE Loss: 0.0001
 MSE Loss R: 0.0158, BCE Loss G: 0.1100
2024-11-21 09:32:10,762 - INFO - Epoch [89/1000] completed. Average Goal Loss: 0.1411
2024-11-21 09:32:10,762 - INFO - Epoch [89/1000] completed. Average Action Loss: 0.0126
2024-11-21 09:32:10,762 - INFO - ===================================================================================
2024-11-21 09:34:37,057 - INFO - Epoch [89/1000]
Action Validation Loss: 0.0110 
 Goal Validation Loss: 0.1562 
 MIE Validation Loss: 0.0001 
 MSE R Validation Loss: 0.0437 
 BCE G Validation Loss: 0.1124
2024-11-21 09:34:37,057 - INFO - ===================================================================================
2024-11-21 09:34:37,058 - INFO - Completed in 6h 10m
2024-11-21 09:35:08,183 - INFO - Epoch [90/1000], Batch [0/13]
 Dt Loss: 0.0128
 Goal Loss: 0.3393, MIE Loss: 0.0003
 MSE Loss R: 0.1917, BCE Loss G: 0.1473
2024-11-21 09:36:23,024 - INFO - Epoch [90/1000], Batch [10/13]
 Dt Loss: 0.0125
 Goal Loss: 0.1224, MIE Loss: 0.0000
 MSE Loss R: 0.0218, BCE Loss G: 0.1006
2024-11-21 09:36:42,068 - INFO - Epoch [90/1000] completed. Average Goal Loss: 0.1463
2024-11-21 09:36:42,069 - INFO - Epoch [90/1000] completed. Average Action Loss: 0.0126
2024-11-21 09:36:42,069 - INFO - ===================================================================================
2024-11-21 09:39:04,630 - INFO - Epoch [90/1000]
Action Validation Loss: 0.0111 
 Goal Validation Loss: 0.1560 
 MIE Validation Loss: 0.0001 
 MSE R Validation Loss: 0.0437 
 BCE G Validation Loss: 0.1123
2024-11-21 09:39:04,631 - INFO - ===================================================================================
2024-11-21 09:39:04,631 - INFO - Completed in 6h 15m
2024-11-21 09:39:35,743 - INFO - Epoch [91/1000], Batch [0/13]
 Dt Loss: 0.0126
 Goal Loss: 0.1201, MIE Loss: 0.0000
 MSE Loss R: 0.0147, BCE Loss G: 0.1054
2024-11-21 09:40:49,918 - INFO - Epoch [91/1000], Batch [10/13]
 Dt Loss: 0.0124
 Goal Loss: 0.1217, MIE Loss: 0.0000
 MSE Loss R: 0.0199, BCE Loss G: 0.1017
2024-11-21 09:41:08,086 - INFO - Epoch [91/1000] completed. Average Goal Loss: 0.1386
2024-11-21 09:41:08,087 - INFO - Epoch [91/1000] completed. Average Action Loss: 0.0126
2024-11-21 09:41:08,087 - INFO - ===================================================================================
2024-11-21 09:43:33,698 - INFO - Epoch [91/1000]
Action Validation Loss: 0.0110 
 Goal Validation Loss: 0.1560 
 MIE Validation Loss: 0.0000 
 MSE R Validation Loss: 0.0437 
 BCE G Validation Loss: 0.1122
2024-11-21 09:43:33,698 - INFO - ===================================================================================
2024-11-21 09:43:33,699 - INFO - Completed in 6h 19m
2024-11-21 09:44:04,942 - INFO - Epoch [92/1000], Batch [0/13]
 Dt Loss: 0.0126
 Goal Loss: 0.1623, MIE Loss: 0.0001
 MSE Loss R: 0.0408, BCE Loss G: 0.1214
2024-11-21 09:45:19,394 - INFO - Epoch [92/1000], Batch [10/13]
 Dt Loss: 0.0126
 Goal Loss: 0.1262, MIE Loss: 0.0001
 MSE Loss R: 0.0160, BCE Loss G: 0.1101
2024-11-21 09:45:39,003 - INFO - Epoch [92/1000] completed. Average Goal Loss: 0.1495
2024-11-21 09:45:39,003 - INFO - Epoch [92/1000] completed. Average Action Loss: 0.0126
2024-11-21 09:45:39,003 - INFO - ===================================================================================
2024-11-21 09:48:11,560 - INFO - Epoch [92/1000]
Action Validation Loss: 0.0110 
 Goal Validation Loss: 0.1559 
 MIE Validation Loss: 0.0000 
 MSE R Validation Loss: 0.0437 
 BCE G Validation Loss: 0.1122
2024-11-21 09:48:11,560 - INFO - ===================================================================================
2024-11-21 09:48:11,561 - INFO - Completed in 6h 24m
2024-11-21 09:48:43,860 - INFO - Epoch [93/1000], Batch [0/13]
 Dt Loss: 0.0125
 Goal Loss: 0.1220, MIE Loss: 0.0000
 MSE Loss R: 0.0231, BCE Loss G: 0.0989
2024-11-21 09:50:05,359 - INFO - Epoch [93/1000], Batch [10/13]
 Dt Loss: 0.0125
 Goal Loss: 0.1277, MIE Loss: 0.0001
 MSE Loss R: 0.0169, BCE Loss G: 0.1108
2024-11-21 09:50:24,828 - INFO - Epoch [93/1000] completed. Average Goal Loss: 0.1232
2024-11-21 09:50:24,828 - INFO - Epoch [93/1000] completed. Average Action Loss: 0.0125
2024-11-21 09:50:24,828 - INFO - ===================================================================================
2024-11-21 09:53:00,236 - INFO - Epoch [93/1000]
Action Validation Loss: 0.0109 
 Goal Validation Loss: 0.1559 
 MIE Validation Loss: 0.0000 
 MSE R Validation Loss: 0.0438 
 BCE G Validation Loss: 0.1121
2024-11-21 09:53:00,237 - INFO - ===================================================================================
2024-11-21 09:53:00,237 - INFO - Completed in 6h 29m
2024-11-21 09:53:34,901 - INFO - Epoch [94/1000], Batch [0/13]
 Dt Loss: 0.0124
 Goal Loss: 0.1196, MIE Loss: 0.0000
 MSE Loss R: 0.0139, BCE Loss G: 0.1057
2024-11-21 09:54:48,607 - INFO - Epoch [94/1000], Batch [10/13]
 Dt Loss: 0.0123
 Goal Loss: 0.1197, MIE Loss: 0.0000
 MSE Loss R: 0.0157, BCE Loss G: 0.1039
2024-11-21 09:55:06,678 - INFO - Epoch [94/1000] completed. Average Goal Loss: 0.1523
2024-11-21 09:55:06,679 - INFO - Epoch [94/1000] completed. Average Action Loss: 0.0125
2024-11-21 09:55:06,679 - INFO - ===================================================================================
2024-11-21 09:57:39,582 - INFO - Epoch [94/1000]
Action Validation Loss: 0.0109 
 Goal Validation Loss: 0.1558 
 MIE Validation Loss: 0.0000 
 MSE R Validation Loss: 0.0437 
 BCE G Validation Loss: 0.1120
2024-11-21 09:57:39,582 - INFO - ===================================================================================
2024-11-21 09:57:39,582 - INFO - Completed in 6h 33m
2024-11-21 09:58:10,815 - INFO - Epoch [95/1000], Batch [0/13]
 Dt Loss: 0.0124
 Goal Loss: 0.3408, MIE Loss: 0.0002
 MSE Loss R: 0.1924, BCE Loss G: 0.1481
2024-11-21 09:59:25,314 - INFO - Epoch [95/1000], Batch [10/13]
 Dt Loss: 0.0123
 Goal Loss: 0.2291, MIE Loss: 0.0002
 MSE Loss R: 0.0936, BCE Loss G: 0.1353
2024-11-21 09:59:42,543 - INFO - Epoch [95/1000] completed. Average Goal Loss: 0.1488
2024-11-21 09:59:42,544 - INFO - Epoch [95/1000] completed. Average Action Loss: 0.0124
2024-11-21 09:59:42,544 - INFO - ===================================================================================
2024-11-21 10:02:04,042 - INFO - Epoch [95/1000]
Action Validation Loss: 0.0108 
 Goal Validation Loss: 0.1557 
 MIE Validation Loss: 0.0000 
 MSE R Validation Loss: 0.0437 
 BCE G Validation Loss: 0.1119
2024-11-21 10:02:04,043 - INFO - ===================================================================================
2024-11-21 10:02:04,043 - INFO - Completed in 6h 38m
2024-11-21 10:02:34,150 - INFO - Epoch [96/1000], Batch [0/13]
 Dt Loss: 0.0124
 Goal Loss: 0.1205, MIE Loss: 0.0000
 MSE Loss R: 0.0194, BCE Loss G: 0.1010
