2024-11-21 12:59:59,732 - INFO - Starting.
2024-11-21 12:59:59,732 - INFO - Loading Data.
2024-11-21 13:00:10,133 - INFO - Data loaded in 0.0 hours 0.0 minutes.
2024-11-21 13:00:10,141 - INFO - Training Started.
2024-11-21 13:00:14,844 - INFO - Epoch [1/100], Batch [0/4]
 Dt Loss: 0.0864
 Goal Loss: 42.7621, MIE Loss: 41.9439
 MSE Loss R: 0.0872, BCE Loss G: 0.7309
2024-11-21 13:00:20,192 - INFO - Epoch [1/100] completed. Average Goal Loss: 15.8231
2024-11-21 13:00:20,192 - INFO - Epoch [1/100] completed. Average Action Loss: 0.0839
2024-11-21 13:00:20,192 - INFO - ===================================================================================
2024-11-21 13:00:32,871 - INFO - Epoch [1/100]
Action Validation Loss: 0.0784 
 Goal Validation Loss: 1.2255 
 MIE Validation Loss: 0.5108 
 MSE R Validation Loss: 0.0611 
 BCE G Validation Loss: 0.6536
2024-11-21 13:00:32,872 - INFO - ===================================================================================
2024-11-21 13:00:32,872 - INFO - Completed in 0h 0m
2024-11-21 13:03:50,830 - INFO - 1 Test Returns: 57.8
2024-11-21 13:03:50,872 - INFO - Model checkpoint saved at training_output/20241121_125958/models/epoch_1.pth
2024-11-21 13:03:57,184 - INFO - Epoch [2/100], Batch [0/4]
 Dt Loss: 0.0790
 Goal Loss: 0.9352, MIE Loss: 0.2993
 MSE Loss R: 0.0185, BCE Loss G: 0.6175
2024-11-21 13:04:03,474 - INFO - Epoch [2/100] completed. Average Goal Loss: 0.5945
2024-11-21 13:04:03,475 - INFO - Epoch [2/100] completed. Average Action Loss: 0.0749
2024-11-21 13:04:03,475 - INFO - ===================================================================================
2024-11-21 13:04:18,433 - INFO - Epoch [2/100]
Action Validation Loss: 0.0619 
 Goal Validation Loss: 0.3194 
 MIE Validation Loss: 0.0650 
 MSE R Validation Loss: 0.0499 
 BCE G Validation Loss: 0.2044
2024-11-21 13:04:18,433 - INFO - ===================================================================================
2024-11-21 13:04:18,434 - INFO - Completed in 0h 4m
2024-11-21 13:08:02,649 - INFO - 2 Test Returns: 55.2
2024-11-21 13:08:02,696 - INFO - Model checkpoint saved at training_output/20241121_125958/models/epoch_2.pth
2024-11-21 13:08:08,837 - INFO - Epoch [3/100], Batch [0/4]
 Dt Loss: 0.0628
 Goal Loss: 0.3569, MIE Loss: 0.0853
 MSE Loss R: 0.0857, BCE Loss G: 0.1859
2024-11-21 13:08:15,102 - INFO - Epoch [3/100] completed. Average Goal Loss: 0.2120
2024-11-21 13:08:15,103 - INFO - Epoch [3/100] completed. Average Action Loss: 0.0593
2024-11-21 13:08:15,103 - INFO - ===================================================================================
2024-11-21 13:08:30,375 - INFO - Epoch [3/100]
Action Validation Loss: 0.0578 
 Goal Validation Loss: 0.1812 
 MIE Validation Loss: 0.0123 
 MSE R Validation Loss: 0.0481 
 BCE G Validation Loss: 0.1207
2024-11-21 13:08:30,376 - INFO - ===================================================================================
2024-11-21 13:08:30,376 - INFO - Completed in 0h 8m
2024-11-21 13:08:36,460 - INFO - Epoch [4/100], Batch [0/4]
 Dt Loss: 0.0566
 Goal Loss: 0.2791, MIE Loss: 0.0352
 MSE Loss R: 0.1049, BCE Loss G: 0.1390
2024-11-21 13:08:42,403 - INFO - Epoch [4/100] completed. Average Goal Loss: 0.1756
2024-11-21 13:08:42,404 - INFO - Epoch [4/100] completed. Average Action Loss: 0.0519
2024-11-21 13:08:42,404 - INFO - ===================================================================================
2024-11-21 13:08:56,500 - INFO - Epoch [4/100]
Action Validation Loss: 0.0470 
 Goal Validation Loss: 0.1666 
 MIE Validation Loss: 0.0073 
 MSE R Validation Loss: 0.0440 
 BCE G Validation Loss: 0.1153
2024-11-21 13:08:56,500 - INFO - ===================================================================================
2024-11-21 13:08:56,501 - INFO - Completed in 0h 8m
2024-11-21 13:12:39,668 - INFO - 4 Test Returns: 57.6
2024-11-21 13:12:39,703 - INFO - Model checkpoint saved at training_output/20241121_125958/models/epoch_4.pth
2024-11-21 13:12:45,393 - INFO - Epoch [5/100], Batch [0/4]
 Dt Loss: 0.0480
 Goal Loss: 0.1264, MIE Loss: 0.0057
 MSE Loss R: 0.0138, BCE Loss G: 0.1069
2024-11-21 13:12:51,974 - INFO - Epoch [5/100] completed. Average Goal Loss: 0.1237
2024-11-21 13:12:51,974 - INFO - Epoch [5/100] completed. Average Action Loss: 0.0467
2024-11-21 13:12:51,974 - INFO - ===================================================================================
2024-11-21 13:13:06,213 - INFO - Epoch [5/100]
Action Validation Loss: 0.0454 
 Goal Validation Loss: 0.1712 
 MIE Validation Loss: 0.0061 
 MSE R Validation Loss: 0.0514 
 BCE G Validation Loss: 0.1138
2024-11-21 13:13:06,214 - INFO - ===================================================================================
2024-11-21 13:13:06,214 - INFO - Completed in 0h 12m
2024-11-21 13:13:11,442 - INFO - Epoch [6/100], Batch [0/4]
 Dt Loss: 0.0461
 Goal Loss: 0.1194, MIE Loss: 0.0053
 MSE Loss R: 0.0092, BCE Loss G: 0.1049
2024-11-21 13:13:17,429 - INFO - Epoch [6/100] completed. Average Goal Loss: 0.1416
2024-11-21 13:13:17,430 - INFO - Epoch [6/100] completed. Average Action Loss: 0.0443
2024-11-21 13:13:17,430 - INFO - ===================================================================================
2024-11-21 13:13:31,483 - INFO - Epoch [6/100]
Action Validation Loss: 0.0404 
 Goal Validation Loss: 0.1649 
 MIE Validation Loss: 0.0037 
 MSE R Validation Loss: 0.0482 
 BCE G Validation Loss: 0.1130
2024-11-21 13:13:31,483 - INFO - ===================================================================================
2024-11-21 13:13:31,483 - INFO - Completed in 0h 13m
2024-11-21 13:17:22,515 - INFO - 6 Test Returns: 50.8
2024-11-21 13:17:22,554 - INFO - Model checkpoint saved at training_output/20241121_125958/models/epoch_6.pth
2024-11-21 13:17:28,063 - INFO - Epoch [7/100], Batch [0/4]
 Dt Loss: 0.0414
 Goal Loss: 0.1206, MIE Loss: 0.0044
 MSE Loss R: 0.0107, BCE Loss G: 0.1055
2024-11-21 13:17:34,442 - INFO - Epoch [7/100] completed. Average Goal Loss: 0.1197
2024-11-21 13:17:34,443 - INFO - Epoch [7/100] completed. Average Action Loss: 0.0407
2024-11-21 13:17:34,443 - INFO - ===================================================================================
2024-11-21 13:17:48,624 - INFO - Epoch [7/100]
Action Validation Loss: 0.0377 
 Goal Validation Loss: 0.1671 
 MIE Validation Loss: 0.0035 
 MSE R Validation Loss: 0.0507 
 BCE G Validation Loss: 0.1129
2024-11-21 13:17:48,624 - INFO - ===================================================================================
2024-11-21 13:17:48,624 - INFO - Completed in 0h 17m
2024-11-21 13:17:53,842 - INFO - Epoch [8/100], Batch [0/4]
 Dt Loss: 0.0390
 Goal Loss: 0.1255, MIE Loss: 0.0038
 MSE Loss R: 0.0144, BCE Loss G: 0.1073
2024-11-21 13:17:59,971 - INFO - Epoch [8/100] completed. Average Goal Loss: 0.1667
2024-11-21 13:17:59,972 - INFO - Epoch [8/100] completed. Average Action Loss: 0.0381
2024-11-21 13:17:59,972 - INFO - ===================================================================================
2024-11-21 13:18:13,854 - INFO - Epoch [8/100]
Action Validation Loss: 0.0348 
 Goal Validation Loss: 0.1619 
 MIE Validation Loss: 0.0037 
 MSE R Validation Loss: 0.0460 
 BCE G Validation Loss: 0.1121
2024-11-21 13:18:13,855 - INFO - ===================================================================================
2024-11-21 13:18:13,855 - INFO - Completed in 0h 18m
2024-11-21 13:22:03,433 - INFO - 8 Test Returns: 54.2
2024-11-21 13:22:03,479 - INFO - Model checkpoint saved at training_output/20241121_125958/models/epoch_8.pth
2024-11-21 13:22:09,023 - INFO - Epoch [9/100], Batch [0/4]
 Dt Loss: 0.0365
 Goal Loss: 0.1677, MIE Loss: 0.0072
 MSE Loss R: 0.0410, BCE Loss G: 0.1196
2024-11-21 13:22:15,483 - INFO - Epoch [9/100] completed. Average Goal Loss: 0.1481
2024-11-21 13:22:15,483 - INFO - Epoch [9/100] completed. Average Action Loss: 0.0356
2024-11-21 13:22:15,483 - INFO - ===================================================================================
2024-11-21 13:22:29,146 - INFO - Epoch [9/100]
Action Validation Loss: 0.0336 
 Goal Validation Loss: 0.1633 
 MIE Validation Loss: 0.0066 
 MSE R Validation Loss: 0.0449 
 BCE G Validation Loss: 0.1118
2024-11-21 13:22:29,147 - INFO - ===================================================================================
2024-11-21 13:22:29,147 - INFO - Completed in 0h 22m
2024-11-21 13:22:34,488 - INFO - Epoch [10/100], Batch [0/4]
 Dt Loss: 0.0344
 Goal Loss: 0.1282, MIE Loss: 0.0060
 MSE Loss R: 0.0143, BCE Loss G: 0.1079
2024-11-21 13:22:40,812 - INFO - Epoch [10/100] completed. Average Goal Loss: 0.1253
2024-11-21 13:22:40,812 - INFO - Epoch [10/100] completed. Average Action Loss: 0.0340
2024-11-21 13:22:40,812 - INFO - ===================================================================================
2024-11-21 13:22:54,289 - INFO - Epoch [10/100]
Action Validation Loss: 0.0322 
 Goal Validation Loss: 0.1621 
 MIE Validation Loss: 0.0020 
 MSE R Validation Loss: 0.0483 
 BCE G Validation Loss: 0.1119
2024-11-21 13:22:54,290 - INFO - ===================================================================================
2024-11-21 13:22:54,290 - INFO - Completed in 0h 22m
2024-11-21 13:26:37,186 - INFO - 10 Test Returns: 53.0
2024-11-21 13:26:37,217 - INFO - Model checkpoint saved at training_output/20241121_125958/models/epoch_10.pth
2024-11-21 13:26:42,798 - INFO - Epoch [11/100], Batch [0/4]
 Dt Loss: 0.0332
 Goal Loss: 0.2187, MIE Loss: 0.0058
 MSE Loss R: 0.0825, BCE Loss G: 0.1303
2024-11-21 13:26:49,035 - INFO - Epoch [11/100] completed. Average Goal Loss: 0.2093
2024-11-21 13:26:49,036 - INFO - Epoch [11/100] completed. Average Action Loss: 0.0327
2024-11-21 13:26:49,036 - INFO - ===================================================================================
2024-11-21 13:27:02,832 - INFO - Epoch [11/100]
Action Validation Loss: 0.0315 
 Goal Validation Loss: 0.2041 
 MIE Validation Loss: 0.0045 
 MSE R Validation Loss: 0.0832 
 BCE G Validation Loss: 0.1164
2024-11-21 13:27:02,832 - INFO - ===================================================================================
2024-11-21 13:27:02,833 - INFO - Completed in 0h 26m
2024-11-21 13:27:08,275 - INFO - Epoch [12/100], Batch [0/4]
 Dt Loss: 0.0323
 Goal Loss: 0.1821, MIE Loss: 0.0031
 MSE Loss R: 0.0666, BCE Loss G: 0.1124
2024-11-21 13:27:14,565 - INFO - Epoch [12/100] completed. Average Goal Loss: 0.1613
2024-11-21 13:27:14,566 - INFO - Epoch [12/100] completed. Average Action Loss: 0.0318
2024-11-21 13:27:14,566 - INFO - ===================================================================================
2024-11-21 13:27:28,272 - INFO - Epoch [12/100]
Action Validation Loss: 0.0307 
 Goal Validation Loss: 0.1674 
 MIE Validation Loss: 0.0043 
 MSE R Validation Loss: 0.0509 
 BCE G Validation Loss: 0.1122
2024-11-21 13:27:28,272 - INFO - ===================================================================================
2024-11-21 13:27:28,272 - INFO - Completed in 0h 27m
2024-11-21 13:31:16,648 - INFO - 12 Test Returns: 52.8
2024-11-21 13:31:16,683 - INFO - Model checkpoint saved at training_output/20241121_125958/models/epoch_12.pth
2024-11-21 13:31:22,811 - INFO - Epoch [13/100], Batch [0/4]
 Dt Loss: 0.0317
 Goal Loss: 0.1375, MIE Loss: 0.0043
 MSE Loss R: 0.0226, BCE Loss G: 0.1106
2024-11-21 13:31:28,752 - INFO - Epoch [13/100] completed. Average Goal Loss: 0.1343
2024-11-21 13:31:28,753 - INFO - Epoch [13/100] completed. Average Action Loss: 0.0313
2024-11-21 13:31:28,753 - INFO - ===================================================================================
2024-11-21 13:31:43,201 - INFO - Epoch [13/100]
Action Validation Loss: 0.0298 
 Goal Validation Loss: 0.1615 
 MIE Validation Loss: 0.0057 
 MSE R Validation Loss: 0.0439 
 BCE G Validation Loss: 0.1118
2024-11-21 13:31:43,201 - INFO - ===================================================================================
2024-11-21 13:31:43,202 - INFO - Completed in 0h 31m
2024-11-21 13:31:48,375 - INFO - Epoch [14/100], Batch [0/4]
 Dt Loss: 0.0308
 Goal Loss: 0.1607, MIE Loss: 0.0034
 MSE Loss R: 0.0372, BCE Loss G: 0.1200
2024-11-21 13:31:54,174 - INFO - Epoch [14/100] completed. Average Goal Loss: 0.1362
2024-11-21 13:31:54,174 - INFO - Epoch [14/100] completed. Average Action Loss: 0.0303
2024-11-21 13:31:54,175 - INFO - ===================================================================================
2024-11-21 13:32:07,853 - INFO - Epoch [14/100]
Action Validation Loss: 0.0286 
 Goal Validation Loss: 0.1577 
 MIE Validation Loss: 0.0012 
 MSE R Validation Loss: 0.0449 
 BCE G Validation Loss: 0.1117
2024-11-21 13:32:07,854 - INFO - ===================================================================================
2024-11-21 13:32:07,854 - INFO - Completed in 0h 31m
2024-11-21 13:35:53,290 - INFO - 14 Test Returns: 53.4
2024-11-21 13:35:53,319 - INFO - Model checkpoint saved at training_output/20241121_125958/models/epoch_14.pth
2024-11-21 13:35:58,515 - INFO - Epoch [15/100], Batch [0/4]
 Dt Loss: 0.0300
 Goal Loss: 0.1119, MIE Loss: 0.0014
 MSE Loss R: 0.0134, BCE Loss G: 0.0972
2024-11-21 13:36:04,331 - INFO - Epoch [15/100] completed. Average Goal Loss: 0.1274
2024-11-21 13:36:04,332 - INFO - Epoch [15/100] completed. Average Action Loss: 0.0297
2024-11-21 13:36:04,332 - INFO - ===================================================================================
2024-11-21 13:36:19,019 - INFO - Epoch [15/100]
Action Validation Loss: 0.0278 
 Goal Validation Loss: 0.1619 
 MIE Validation Loss: 0.0026 
 MSE R Validation Loss: 0.0478 
 BCE G Validation Loss: 0.1115
2024-11-21 13:36:19,020 - INFO - ===================================================================================
2024-11-21 13:36:19,021 - INFO - Completed in 0h 36m
2024-11-21 13:36:25,012 - INFO - Epoch [16/100], Batch [0/4]
 Dt Loss: 0.0290
 Goal Loss: 0.1481, MIE Loss: 0.0015
 MSE Loss R: 0.0323, BCE Loss G: 0.1142
2024-11-21 13:36:31,267 - INFO - Epoch [16/100] completed. Average Goal Loss: 0.1218
2024-11-21 13:36:31,268 - INFO - Epoch [16/100] completed. Average Action Loss: 0.0292
2024-11-21 13:36:31,268 - INFO - ===================================================================================
2024-11-21 13:36:46,985 - INFO - Epoch [16/100]
Action Validation Loss: 0.0269 
 Goal Validation Loss: 0.1659 
 MIE Validation Loss: 0.0013 
 MSE R Validation Loss: 0.0523 
 BCE G Validation Loss: 0.1123
2024-11-21 13:36:46,986 - INFO - ===================================================================================
2024-11-21 13:36:46,986 - INFO - Completed in 0h 36m
2024-11-21 13:40:29,076 - INFO - 16 Test Returns: 54.8
2024-11-21 13:40:29,117 - INFO - Model checkpoint saved at training_output/20241121_125958/models/epoch_16.pth
2024-11-21 13:40:36,062 - INFO - Epoch [17/100], Batch [0/4]
 Dt Loss: 0.0282
 Goal Loss: 0.1220, MIE Loss: 0.0014
 MSE Loss R: 0.0143, BCE Loss G: 0.1063
2024-11-21 13:40:42,115 - INFO - Epoch [17/100] completed. Average Goal Loss: 0.1727
2024-11-21 13:40:42,115 - INFO - Epoch [17/100] completed. Average Action Loss: 0.0282
2024-11-21 13:40:42,116 - INFO - ===================================================================================
2024-11-21 13:40:57,485 - INFO - Epoch [17/100]
Action Validation Loss: 0.0269 
 Goal Validation Loss: 0.1584 
 MIE Validation Loss: 0.0011 
 MSE R Validation Loss: 0.0448 
 BCE G Validation Loss: 0.1125
2024-11-21 13:40:57,486 - INFO - ===================================================================================
2024-11-21 13:40:57,487 - INFO - Completed in 0h 40m
2024-11-21 13:41:03,316 - INFO - Epoch [18/100], Batch [0/4]
 Dt Loss: 0.0286
 Goal Loss: 0.2630, MIE Loss: 0.0025
 MSE Loss R: 0.1231, BCE Loss G: 0.1374
2024-11-21 13:41:09,378 - INFO - Epoch [18/100] completed. Average Goal Loss: 0.1855
2024-11-21 13:41:09,379 - INFO - Epoch [18/100] completed. Average Action Loss: 0.0283
2024-11-21 13:41:09,379 - INFO - ===================================================================================
2024-11-21 13:41:24,424 - INFO - Epoch [18/100]
Action Validation Loss: 0.0267 
 Goal Validation Loss: 0.1570 
 MIE Validation Loss: 0.0017 
 MSE R Validation Loss: 0.0444 
 BCE G Validation Loss: 0.1110
2024-11-21 13:41:24,424 - INFO - ===================================================================================
2024-11-21 13:41:24,425 - INFO - Completed in 0h 41m
2024-11-21 13:45:08,993 - INFO - 18 Test Returns: 51.6
2024-11-21 13:45:09,033 - INFO - Model checkpoint saved at training_output/20241121_125958/models/epoch_18.pth
2024-11-21 13:45:14,713 - INFO - Epoch [19/100], Batch [0/4]
 Dt Loss: 0.0276
 Goal Loss: 0.1261, MIE Loss: 0.0040
 MSE Loss R: 0.0152, BCE Loss G: 0.1069
2024-11-21 13:45:20,790 - INFO - Epoch [19/100] completed. Average Goal Loss: 0.1475
2024-11-21 13:45:20,791 - INFO - Epoch [19/100] completed. Average Action Loss: 0.0275
2024-11-21 13:45:20,791 - INFO - ===================================================================================
2024-11-21 13:45:35,141 - INFO - Epoch [19/100]
Action Validation Loss: 0.0258 
 Goal Validation Loss: 0.1603 
 MIE Validation Loss: 0.0038 
 MSE R Validation Loss: 0.0451 
 BCE G Validation Loss: 0.1113
2024-11-21 13:45:35,141 - INFO - ===================================================================================
2024-11-21 13:45:35,142 - INFO - Completed in 0h 45m
2024-11-21 13:45:40,787 - INFO - Epoch [20/100], Batch [0/4]
 Dt Loss: 0.0275
 Goal Loss: 0.1390, MIE Loss: 0.0035
 MSE Loss R: 0.0357, BCE Loss G: 0.0998
2024-11-21 13:45:46,914 - INFO - Epoch [20/100] completed. Average Goal Loss: 0.1652
2024-11-21 13:45:46,914 - INFO - Epoch [20/100] completed. Average Action Loss: 0.0275
2024-11-21 13:45:46,915 - INFO - ===================================================================================
2024-11-21 13:46:03,307 - INFO - Epoch [20/100]
Action Validation Loss: 0.0256 
 Goal Validation Loss: 0.1595 
 MIE Validation Loss: 0.0041 
 MSE R Validation Loss: 0.0439 
 BCE G Validation Loss: 0.1114
2024-11-21 13:46:03,307 - INFO - ===================================================================================
2024-11-21 13:46:03,308 - INFO - Completed in 0h 45m
2024-11-21 13:49:46,773 - INFO - 20 Test Returns: 56.2
2024-11-21 13:49:46,803 - INFO - Model checkpoint saved at training_output/20241121_125958/models/epoch_20.pth
2024-11-21 13:49:52,524 - INFO - Epoch [21/100], Batch [0/4]
 Dt Loss: 0.0271
 Goal Loss: 0.1288, MIE Loss: 0.0016
 MSE Loss R: 0.0258, BCE Loss G: 0.1014
2024-11-21 13:49:59,356 - INFO - Epoch [21/100] completed. Average Goal Loss: 0.1228
2024-11-21 13:49:59,356 - INFO - Epoch [21/100] completed. Average Action Loss: 0.0270
2024-11-21 13:49:59,356 - INFO - ===================================================================================
2024-11-21 13:50:14,832 - INFO - Epoch [21/100]
Action Validation Loss: 0.0253 
 Goal Validation Loss: 0.1586 
 MIE Validation Loss: 0.0007 
 MSE R Validation Loss: 0.0465 
 BCE G Validation Loss: 0.1114
2024-11-21 13:50:14,832 - INFO - ===================================================================================
2024-11-21 13:50:14,832 - INFO - Completed in 0h 50m
2024-11-21 13:50:20,748 - INFO - Epoch [22/100], Batch [0/4]
 Dt Loss: 0.0272
 Goal Loss: 0.1271, MIE Loss: 0.0011
 MSE Loss R: 0.0174, BCE Loss G: 0.1086
2024-11-21 13:50:27,165 - INFO - Epoch [22/100] completed. Average Goal Loss: 0.1302
2024-11-21 13:50:27,165 - INFO - Epoch [22/100] completed. Average Action Loss: 0.0269
2024-11-21 13:50:27,165 - INFO - ===================================================================================
2024-11-21 13:50:42,678 - INFO - Epoch [22/100]
Action Validation Loss: 0.0252 
 Goal Validation Loss: 0.1567 
 MIE Validation Loss: 0.0005 
 MSE R Validation Loss: 0.0453 
 BCE G Validation Loss: 0.1110
2024-11-21 13:50:42,678 - INFO - ===================================================================================
2024-11-21 13:50:42,679 - INFO - Completed in 0h 50m
2024-11-21 13:54:27,760 - INFO - 22 Test Returns: 54.6
2024-11-21 13:54:27,794 - INFO - Model checkpoint saved at training_output/20241121_125958/models/epoch_22.pth
2024-11-21 13:54:34,208 - INFO - Epoch [23/100], Batch [0/4]
 Dt Loss: 0.0260
 Goal Loss: 0.2501, MIE Loss: 0.0017
 MSE Loss R: 0.1117, BCE Loss G: 0.1367
2024-11-21 13:54:40,634 - INFO - Epoch [23/100] completed. Average Goal Loss: 0.1958
2024-11-21 13:54:40,634 - INFO - Epoch [23/100] completed. Average Action Loss: 0.0260
2024-11-21 13:54:40,635 - INFO - ===================================================================================
2024-11-21 13:54:55,550 - INFO - Epoch [23/100]
Action Validation Loss: 0.0250 
 Goal Validation Loss: 0.1623 
 MIE Validation Loss: 0.0014 
 MSE R Validation Loss: 0.0490 
 BCE G Validation Loss: 0.1119
2024-11-21 13:54:55,551 - INFO - ===================================================================================
2024-11-21 13:54:55,551 - INFO - Completed in 0h 54m
2024-11-21 13:55:01,487 - INFO - Epoch [24/100], Batch [0/4]
 Dt Loss: 0.0263
 Goal Loss: 0.1421, MIE Loss: 0.0018
 MSE Loss R: 0.0363, BCE Loss G: 0.1040
2024-11-21 13:55:07,896 - INFO - Epoch [24/100] completed. Average Goal Loss: 0.1255
2024-11-21 13:55:07,897 - INFO - Epoch [24/100] completed. Average Action Loss: 0.0261
2024-11-21 13:55:07,897 - INFO - ===================================================================================
2024-11-21 13:55:23,203 - INFO - Epoch [24/100]
Action Validation Loss: 0.0247 
 Goal Validation Loss: 0.1599 
 MIE Validation Loss: 0.0009 
 MSE R Validation Loss: 0.0473 
 BCE G Validation Loss: 0.1117
2024-11-21 13:55:23,207 - INFO - ===================================================================================
2024-11-21 13:55:23,208 - INFO - Completed in 0h 55m
2024-11-21 13:59:07,459 - INFO - 24 Test Returns: 57.0
2024-11-21 13:59:07,490 - INFO - Model checkpoint saved at training_output/20241121_125958/models/epoch_24.pth
2024-11-21 13:59:13,589 - INFO - Epoch [25/100], Batch [0/4]
 Dt Loss: 0.0261
 Goal Loss: 0.1068, MIE Loss: 0.0009
 MSE Loss R: 0.0110, BCE Loss G: 0.0950
2024-11-21 13:59:20,019 - INFO - Epoch [25/100] completed. Average Goal Loss: 0.1330
2024-11-21 13:59:20,019 - INFO - Epoch [25/100] completed. Average Action Loss: 0.0258
2024-11-21 13:59:20,019 - INFO - ===================================================================================
2024-11-21 13:59:36,109 - INFO - Epoch [25/100]
Action Validation Loss: 0.0248 
 Goal Validation Loss: 0.1604 
 MIE Validation Loss: 0.0018 
 MSE R Validation Loss: 0.0474 
 BCE G Validation Loss: 0.1112
2024-11-21 13:59:36,109 - INFO - ===================================================================================
2024-11-21 13:59:36,110 - INFO - Completed in 0h 59m
2024-11-21 13:59:42,104 - INFO - Epoch [26/100], Batch [0/4]
 Dt Loss: 0.0254
 Goal Loss: 0.1193, MIE Loss: 0.0018
 MSE Loss R: 0.0123, BCE Loss G: 0.1052
2024-11-21 13:59:48,524 - INFO - Epoch [26/100] completed. Average Goal Loss: 0.1781
2024-11-21 13:59:48,525 - INFO - Epoch [26/100] completed. Average Action Loss: 0.0256
2024-11-21 13:59:48,525 - INFO - ===================================================================================
2024-11-21 14:00:03,044 - INFO - Epoch [26/100]
Action Validation Loss: 0.0243 
 Goal Validation Loss: 0.1558 
 MIE Validation Loss: 0.0004 
 MSE R Validation Loss: 0.0444 
 BCE G Validation Loss: 0.1110
2024-11-21 14:00:03,045 - INFO - ===================================================================================
2024-11-21 14:00:03,045 - INFO - Completed in 0h 59m
2024-11-21 14:03:48,329 - INFO - 26 Test Returns: 54.8
2024-11-21 14:03:48,370 - INFO - Model checkpoint saved at training_output/20241121_125958/models/epoch_26.pth
2024-11-21 14:03:54,686 - INFO - Epoch [27/100], Batch [0/4]
 Dt Loss: 0.0251
 Goal Loss: 0.1301, MIE Loss: 0.0005
 MSE Loss R: 0.0317, BCE Loss G: 0.0979
2024-11-21 14:04:00,950 - INFO - Epoch [27/100] completed. Average Goal Loss: 0.1500
2024-11-21 14:04:00,951 - INFO - Epoch [27/100] completed. Average Action Loss: 0.0254
2024-11-21 14:04:00,951 - INFO - ===================================================================================
2024-11-21 14:04:16,216 - INFO - Epoch [27/100]
Action Validation Loss: 0.0242 
 Goal Validation Loss: 0.1627 
 MIE Validation Loss: 0.0071 
 MSE R Validation Loss: 0.0446 
 BCE G Validation Loss: 0.1109
2024-11-21 14:04:16,217 - INFO - ===================================================================================
2024-11-21 14:04:16,217 - INFO - Completed in 1h 4m
2024-11-21 14:04:21,929 - INFO - Epoch [28/100], Batch [0/4]
 Dt Loss: 0.0251
 Goal Loss: 0.1219, MIE Loss: 0.0025
 MSE Loss R: 0.0221, BCE Loss G: 0.0974
2024-11-21 14:04:28,035 - INFO - Epoch [28/100] completed. Average Goal Loss: 0.1927
2024-11-21 14:04:28,035 - INFO - Epoch [28/100] completed. Average Action Loss: 0.0251
2024-11-21 14:04:28,036 - INFO - ===================================================================================
2024-11-21 14:04:42,809 - INFO - Epoch [28/100]
Action Validation Loss: 0.0240 
 Goal Validation Loss: 0.1589 
 MIE Validation Loss: 0.0004 
 MSE R Validation Loss: 0.0474 
 BCE G Validation Loss: 0.1111
2024-11-21 14:04:42,810 - INFO - ===================================================================================
2024-11-21 14:04:42,810 - INFO - Completed in 1h 4m
2024-11-21 14:08:24,186 - INFO - 28 Test Returns: 56.0
2024-11-21 14:08:24,221 - INFO - Model checkpoint saved at training_output/20241121_125958/models/epoch_28.pth
2024-11-21 14:08:30,441 - INFO - Epoch [29/100], Batch [0/4]
 Dt Loss: 0.0244
 Goal Loss: 0.1276, MIE Loss: 0.0006
 MSE Loss R: 0.0194, BCE Loss G: 0.1075
2024-11-21 14:08:36,101 - INFO - Epoch [29/100] completed. Average Goal Loss: 0.1321
2024-11-21 14:08:36,101 - INFO - Epoch [29/100] completed. Average Action Loss: 0.0248
2024-11-21 14:08:36,101 - INFO - ===================================================================================
2024-11-21 14:08:52,672 - INFO - Epoch [29/100]
Action Validation Loss: 0.0233 
 Goal Validation Loss: 0.1556 
 MIE Validation Loss: 0.0004 
 MSE R Validation Loss: 0.0439 
 BCE G Validation Loss: 0.1113
2024-11-21 14:08:52,673 - INFO - ===================================================================================
2024-11-21 14:08:52,673 - INFO - Completed in 1h 8m
2024-11-21 14:08:58,586 - INFO - Epoch [30/100], Batch [0/4]
 Dt Loss: 0.0252
 Goal Loss: 0.1237, MIE Loss: 0.0005
 MSE Loss R: 0.0153, BCE Loss G: 0.1078
2024-11-21 14:09:04,989 - INFO - Epoch [30/100] completed. Average Goal Loss: 0.1566
2024-11-21 14:09:04,989 - INFO - Epoch [30/100] completed. Average Action Loss: 0.0245
2024-11-21 14:09:04,989 - INFO - ===================================================================================
2024-11-21 14:09:19,561 - INFO - Epoch [30/100]
Action Validation Loss: 0.0235 
 Goal Validation Loss: 0.1648 
 MIE Validation Loss: 0.0010 
 MSE R Validation Loss: 0.0506 
 BCE G Validation Loss: 0.1131
2024-11-21 14:09:19,562 - INFO - ===================================================================================
2024-11-21 14:09:19,562 - INFO - Completed in 1h 9m
2024-11-21 14:13:01,220 - INFO - 30 Test Returns: 55.6
2024-11-21 14:13:01,256 - INFO - Model checkpoint saved at training_output/20241121_125958/models/epoch_30.pth
2024-11-21 14:13:08,770 - INFO - Epoch [31/100], Batch [0/4]
 Dt Loss: 0.0246
 Goal Loss: 0.1689, MIE Loss: 0.0021
 MSE Loss R: 0.0412, BCE Loss G: 0.1255
2024-11-21 14:13:15,434 - INFO - Epoch [31/100] completed. Average Goal Loss: 0.1544
2024-11-21 14:13:15,435 - INFO - Epoch [31/100] completed. Average Action Loss: 0.0245
2024-11-21 14:13:15,435 - INFO - ===================================================================================
2024-11-21 14:13:31,203 - INFO - Epoch [31/100]
Action Validation Loss: 0.0230 
 Goal Validation Loss: 0.1567 
 MIE Validation Loss: 0.0010 
 MSE R Validation Loss: 0.0441 
 BCE G Validation Loss: 0.1116
2024-11-21 14:13:31,204 - INFO - ===================================================================================
2024-11-21 14:13:31,204 - INFO - Completed in 1h 13m
2024-11-21 14:13:36,887 - INFO - Epoch [32/100], Batch [0/4]
 Dt Loss: 0.0236
 Goal Loss: 0.1226, MIE Loss: 0.0021
 MSE Loss R: 0.0199, BCE Loss G: 0.1006
2024-11-21 14:13:43,419 - INFO - Epoch [32/100] completed. Average Goal Loss: 0.1243
2024-11-21 14:13:43,419 - INFO - Epoch [32/100] completed. Average Action Loss: 0.0240
2024-11-21 14:13:43,419 - INFO - ===================================================================================
2024-11-21 14:13:58,447 - INFO - Epoch [32/100]
Action Validation Loss: 0.0231 
 Goal Validation Loss: 0.1601 
 MIE Validation Loss: 0.0023 
 MSE R Validation Loss: 0.0463 
 BCE G Validation Loss: 0.1115
2024-11-21 14:13:58,447 - INFO - ===================================================================================
2024-11-21 14:13:58,448 - INFO - Completed in 1h 13m
2024-11-21 14:17:42,408 - INFO - 32 Test Returns: 55.4
2024-11-21 14:17:42,446 - INFO - Model checkpoint saved at training_output/20241121_125958/models/epoch_32.pth
2024-11-21 14:17:49,407 - INFO - Epoch [33/100], Batch [0/4]
 Dt Loss: 0.0245
 Goal Loss: 0.1164, MIE Loss: 0.0036
 MSE Loss R: 0.0104, BCE Loss G: 0.1025
2024-11-21 14:17:55,869 - INFO - Epoch [33/100] completed. Average Goal Loss: 0.1230
2024-11-21 14:17:55,869 - INFO - Epoch [33/100] completed. Average Action Loss: 0.0239
2024-11-21 14:17:55,870 - INFO - ===================================================================================
2024-11-21 14:18:12,706 - INFO - Epoch [33/100]
Action Validation Loss: 0.0226 
 Goal Validation Loss: 0.1607 
 MIE Validation Loss: 0.0015 
 MSE R Validation Loss: 0.0481 
 BCE G Validation Loss: 0.1111
2024-11-21 14:18:12,707 - INFO - ===================================================================================
2024-11-21 14:18:12,707 - INFO - Completed in 1h 18m
2024-11-21 14:18:18,785 - INFO - Epoch [34/100], Batch [0/4]
 Dt Loss: 0.0237
 Goal Loss: 0.1099, MIE Loss: 0.0007
 MSE Loss R: 0.0104, BCE Loss G: 0.0988
2024-11-21 14:18:25,307 - INFO - Epoch [34/100] completed. Average Goal Loss: 0.1282
2024-11-21 14:18:25,307 - INFO - Epoch [34/100] completed. Average Action Loss: 0.0235
2024-11-21 14:18:25,307 - INFO - ===================================================================================
2024-11-21 14:18:40,975 - INFO - Epoch [34/100]
Action Validation Loss: 0.0225 
 Goal Validation Loss: 0.1567 
 MIE Validation Loss: 0.0003 
 MSE R Validation Loss: 0.0454 
 BCE G Validation Loss: 0.1110
2024-11-21 14:18:40,976 - INFO - ===================================================================================
2024-11-21 14:18:40,976 - INFO - Completed in 1h 18m
2024-11-21 14:22:26,993 - INFO - 34 Test Returns: 53.4
2024-11-21 14:22:27,026 - INFO - Model checkpoint saved at training_output/20241121_125958/models/epoch_34.pth
2024-11-21 14:22:33,293 - INFO - Epoch [35/100], Batch [0/4]
 Dt Loss: 0.0232
 Goal Loss: 0.1120, MIE Loss: 0.0003
 MSE Loss R: 0.0144, BCE Loss G: 0.0973
2024-11-21 14:22:39,544 - INFO - Epoch [35/100] completed. Average Goal Loss: 0.1066
2024-11-21 14:22:39,545 - INFO - Epoch [35/100] completed. Average Action Loss: 0.0232
2024-11-21 14:22:39,545 - INFO - ===================================================================================
2024-11-21 14:22:56,255 - INFO - Epoch [35/100]
Action Validation Loss: 0.0220 
 Goal Validation Loss: 0.1698 
 MIE Validation Loss: 0.0011 
 MSE R Validation Loss: 0.0556 
 BCE G Validation Loss: 0.1131
2024-11-21 14:22:56,255 - INFO - ===================================================================================
2024-11-21 14:22:56,256 - INFO - Completed in 1h 22m
2024-11-21 14:23:02,482 - INFO - Epoch [36/100], Batch [0/4]
 Dt Loss: 0.0230
 Goal Loss: 0.1028, MIE Loss: 0.0009
 MSE Loss R: 0.0048, BCE Loss G: 0.0970
2024-11-21 14:23:08,843 - INFO - Epoch [36/100] completed. Average Goal Loss: 0.1101
2024-11-21 14:23:08,843 - INFO - Epoch [36/100] completed. Average Action Loss: 0.0229
2024-11-21 14:23:08,843 - INFO - ===================================================================================
2024-11-21 14:23:24,737 - INFO - Epoch [36/100]
Action Validation Loss: 0.0217 
 Goal Validation Loss: 0.1694 
 MIE Validation Loss: 0.0004 
 MSE R Validation Loss: 0.0572 
 BCE G Validation Loss: 0.1118
2024-11-21 14:23:24,738 - INFO - ===================================================================================
2024-11-21 14:23:24,738 - INFO - Completed in 1h 23m
2024-11-21 14:27:05,646 - INFO - 36 Test Returns: 59.4
2024-11-21 14:27:05,687 - INFO - Model checkpoint saved at training_output/20241121_125958/models/epoch_36.pth
2024-11-21 14:27:12,243 - INFO - Epoch [37/100], Batch [0/4]
 Dt Loss: 0.0235
 Goal Loss: 0.1114, MIE Loss: 0.0004
 MSE Loss R: 0.0095, BCE Loss G: 0.1016
2024-11-21 14:27:18,541 - INFO - Epoch [37/100] completed. Average Goal Loss: 0.1381
2024-11-21 14:27:18,541 - INFO - Epoch [37/100] completed. Average Action Loss: 0.0230
2024-11-21 14:27:18,541 - INFO - ===================================================================================
2024-11-21 14:27:34,664 - INFO - Epoch [37/100]
Action Validation Loss: 0.0211 
 Goal Validation Loss: 0.1614 
 MIE Validation Loss: 0.0003 
 MSE R Validation Loss: 0.0494 
 BCE G Validation Loss: 0.1117
2024-11-21 14:27:34,665 - INFO - ===================================================================================
2024-11-21 14:27:34,666 - INFO - Completed in 1h 27m
2024-11-21 14:27:40,564 - INFO - Epoch [38/100], Batch [0/4]
 Dt Loss: 0.0227
 Goal Loss: 0.1031, MIE Loss: 0.0007
 MSE Loss R: 0.0081, BCE Loss G: 0.0943
2024-11-21 14:27:46,658 - INFO - Epoch [38/100] completed. Average Goal Loss: 0.1205
2024-11-21 14:27:46,659 - INFO - Epoch [38/100] completed. Average Action Loss: 0.0226
2024-11-21 14:27:46,659 - INFO - ===================================================================================
2024-11-21 14:28:02,288 - INFO - Epoch [38/100]
Action Validation Loss: 0.0209 
 Goal Validation Loss: 0.1637 
 MIE Validation Loss: 0.0029 
 MSE R Validation Loss: 0.0496 
 BCE G Validation Loss: 0.1112
2024-11-21 14:28:02,289 - INFO - ===================================================================================
2024-11-21 14:28:02,289 - INFO - Completed in 1h 27m
2024-11-21 14:31:42,244 - INFO - 38 Test Returns: 59.8
2024-11-21 14:31:42,284 - INFO - Model checkpoint saved at training_output/20241121_125958/models/epoch_38.pth
2024-11-21 14:31:49,094 - INFO - Epoch [39/100], Batch [0/4]
 Dt Loss: 0.0223
 Goal Loss: 0.1824, MIE Loss: 0.0017
 MSE Loss R: 0.0593, BCE Loss G: 0.1215
2024-11-21 14:31:55,744 - INFO - Epoch [39/100] completed. Average Goal Loss: 0.1380
2024-11-21 14:31:55,744 - INFO - Epoch [39/100] completed. Average Action Loss: 0.0225
2024-11-21 14:31:55,744 - INFO - ===================================================================================
2024-11-21 14:32:12,658 - INFO - Epoch [39/100]
Action Validation Loss: 0.0210 
 Goal Validation Loss: 0.1578 
 MIE Validation Loss: 0.0006 
 MSE R Validation Loss: 0.0462 
 BCE G Validation Loss: 0.1111
2024-11-21 14:32:12,659 - INFO - ===================================================================================
2024-11-21 14:32:12,660 - INFO - Completed in 1h 32m
2024-11-21 14:32:18,649 - INFO - Epoch [40/100], Batch [0/4]
 Dt Loss: 0.0218
 Goal Loss: 0.1134, MIE Loss: 0.0015
 MSE Loss R: 0.0113, BCE Loss G: 0.1006
2024-11-21 14:32:25,098 - INFO - Epoch [40/100] completed. Average Goal Loss: 0.1310
2024-11-21 14:32:25,099 - INFO - Epoch [40/100] completed. Average Action Loss: 0.0220
2024-11-21 14:32:25,099 - INFO - ===================================================================================
2024-11-21 14:32:41,368 - INFO - Epoch [40/100]
Action Validation Loss: 0.0207 
 Goal Validation Loss: 0.1592 
 MIE Validation Loss: 0.0003 
 MSE R Validation Loss: 0.0470 
 BCE G Validation Loss: 0.1118
2024-11-21 14:32:41,368 - INFO - ===================================================================================
2024-11-21 14:32:41,368 - INFO - Completed in 1h 32m
2024-11-21 14:36:19,801 - INFO - 40 Test Returns: 58.4
2024-11-21 14:36:19,838 - INFO - Model checkpoint saved at training_output/20241121_125958/models/epoch_40.pth
2024-11-21 14:36:26,647 - INFO - Epoch [41/100], Batch [0/4]
 Dt Loss: 0.0212
 Goal Loss: 0.1163, MIE Loss: 0.0021
 MSE Loss R: 0.0104, BCE Loss G: 0.1038
2024-11-21 14:36:33,098 - INFO - Epoch [41/100] completed. Average Goal Loss: 0.1083
2024-11-21 14:36:33,099 - INFO - Epoch [41/100] completed. Average Action Loss: 0.0216
2024-11-21 14:36:33,099 - INFO - ===================================================================================
2024-11-21 14:36:49,241 - INFO - Epoch [41/100]
Action Validation Loss: 0.0204 
 Goal Validation Loss: 0.1696 
 MIE Validation Loss: 0.0007 
 MSE R Validation Loss: 0.0556 
 BCE G Validation Loss: 0.1133
2024-11-21 14:36:49,242 - INFO - ===================================================================================
2024-11-21 14:36:49,242 - INFO - Completed in 1h 36m
2024-11-21 14:36:54,734 - INFO - Epoch [42/100], Batch [0/4]
 Dt Loss: 0.0219
 Goal Loss: 0.1097, MIE Loss: 0.0008
 MSE Loss R: 0.0075, BCE Loss G: 0.1014
2024-11-21 14:37:01,080 - INFO - Epoch [42/100] completed. Average Goal Loss: 0.1497
2024-11-21 14:37:01,080 - INFO - Epoch [42/100] completed. Average Action Loss: 0.0219
2024-11-21 14:37:01,081 - INFO - ===================================================================================
2024-11-21 14:37:16,066 - INFO - Epoch [42/100]
Action Validation Loss: 0.0206 
 Goal Validation Loss: 0.1576 
 MIE Validation Loss: 0.0015 
 MSE R Validation Loss: 0.0449 
 BCE G Validation Loss: 0.1112
2024-11-21 14:37:16,067 - INFO - ===================================================================================
2024-11-21 14:37:16,067 - INFO - Completed in 1h 37m
2024-11-21 14:40:56,241 - INFO - 42 Test Returns: 61.0
2024-11-21 14:40:56,276 - INFO - Model checkpoint saved at training_output/20241121_125958/models/epoch_42.pth
2024-11-21 14:41:01,953 - INFO - Epoch [43/100], Batch [0/4]
 Dt Loss: 0.0218
 Goal Loss: 0.1349, MIE Loss: 0.0007
 MSE Loss R: 0.0219, BCE Loss G: 0.1124
2024-11-21 14:41:08,330 - INFO - Epoch [43/100] completed. Average Goal Loss: 0.1305
2024-11-21 14:41:08,330 - INFO - Epoch [43/100] completed. Average Action Loss: 0.0216
2024-11-21 14:41:08,331 - INFO - ===================================================================================
2024-11-21 14:41:23,933 - INFO - Epoch [43/100]
Action Validation Loss: 0.0197 
 Goal Validation Loss: 0.1572 
 MIE Validation Loss: 0.0007 
 MSE R Validation Loss: 0.0448 
 BCE G Validation Loss: 0.1117
2024-11-21 14:41:23,933 - INFO - ===================================================================================
2024-11-21 14:41:23,933 - INFO - Completed in 1h 41m
2024-11-21 14:41:30,042 - INFO - Epoch [44/100], Batch [0/4]
 Dt Loss: 0.0216
 Goal Loss: 0.1156, MIE Loss: 0.0004
 MSE Loss R: 0.0118, BCE Loss G: 0.1034
2024-11-21 14:41:36,658 - INFO - Epoch [44/100] completed. Average Goal Loss: 0.1514
2024-11-21 14:41:36,658 - INFO - Epoch [44/100] completed. Average Action Loss: 0.0216
2024-11-21 14:41:36,658 - INFO - ===================================================================================
2024-11-21 14:41:52,521 - INFO - Epoch [44/100]
Action Validation Loss: 0.0200 
 Goal Validation Loss: 0.1591 
 MIE Validation Loss: 0.0014 
 MSE R Validation Loss: 0.0454 
 BCE G Validation Loss: 0.1124
2024-11-21 14:41:52,522 - INFO - ===================================================================================
2024-11-21 14:41:52,522 - INFO - Completed in 1h 41m
2024-11-21 14:45:30,844 - INFO - 44 Test Returns: 57.0
2024-11-21 14:45:30,874 - INFO - Model checkpoint saved at training_output/20241121_125958/models/epoch_44.pth
2024-11-21 14:45:36,969 - INFO - Epoch [45/100], Batch [0/4]
 Dt Loss: 0.0214
 Goal Loss: 0.1354, MIE Loss: 0.0005
 MSE Loss R: 0.0313, BCE Loss G: 0.1036
2024-11-21 14:45:43,786 - INFO - Epoch [45/100] completed. Average Goal Loss: 0.1619
2024-11-21 14:45:43,786 - INFO - Epoch [45/100] completed. Average Action Loss: 0.0211
2024-11-21 14:45:43,786 - INFO - ===================================================================================
2024-11-21 14:46:00,440 - INFO - Epoch [45/100]
Action Validation Loss: 0.0192 
 Goal Validation Loss: 0.1588 
 MIE Validation Loss: 0.0027 
 MSE R Validation Loss: 0.0440 
 BCE G Validation Loss: 0.1121
2024-11-21 14:46:00,441 - INFO - ===================================================================================
2024-11-21 14:46:00,441 - INFO - Completed in 1h 45m
2024-11-21 14:46:06,531 - INFO - Epoch [46/100], Batch [0/4]
 Dt Loss: 0.0208
 Goal Loss: 0.1391, MIE Loss: 0.0010
 MSE Loss R: 0.0221, BCE Loss G: 0.1159
2024-11-21 14:46:13,096 - INFO - Epoch [46/100] completed. Average Goal Loss: 0.1340
2024-11-21 14:46:13,097 - INFO - Epoch [46/100] completed. Average Action Loss: 0.0209
2024-11-21 14:46:13,097 - INFO - ===================================================================================
2024-11-21 14:46:29,792 - INFO - Epoch [46/100]
Action Validation Loss: 0.0192 
 Goal Validation Loss: 0.1566 
 MIE Validation Loss: 0.0013 
 MSE R Validation Loss: 0.0445 
 BCE G Validation Loss: 0.1109
2024-11-21 14:46:29,792 - INFO - ===================================================================================
2024-11-21 14:46:29,793 - INFO - Completed in 1h 46m
2024-11-21 14:50:17,440 - INFO - 46 Test Returns: 59.0
2024-11-21 14:50:17,478 - INFO - Model checkpoint saved at training_output/20241121_125958/models/epoch_46.pth
2024-11-21 14:50:23,716 - INFO - Epoch [47/100], Batch [0/4]
 Dt Loss: 0.0204
 Goal Loss: 0.1190, MIE Loss: 0.0007
 MSE Loss R: 0.0135, BCE Loss G: 0.1049
2024-11-21 14:50:29,946 - INFO - Epoch [47/100] completed. Average Goal Loss: 0.1477
2024-11-21 14:50:29,947 - INFO - Epoch [47/100] completed. Average Action Loss: 0.0206
2024-11-21 14:50:29,947 - INFO - ===================================================================================
2024-11-21 14:50:44,782 - INFO - Epoch [47/100]
Action Validation Loss: 0.0187 
 Goal Validation Loss: 0.1566 
 MIE Validation Loss: 0.0010 
 MSE R Validation Loss: 0.0443 
 BCE G Validation Loss: 0.1113
2024-11-21 14:50:44,783 - INFO - ===================================================================================
2024-11-21 14:50:44,783 - INFO - Completed in 1h 50m
2024-11-21 14:50:50,628 - INFO - Epoch [48/100], Batch [0/4]
 Dt Loss: 0.0205
 Goal Loss: 0.1253, MIE Loss: 0.0012
 MSE Loss R: 0.0151, BCE Loss G: 0.1091
2024-11-21 14:50:56,908 - INFO - Epoch [48/100] completed. Average Goal Loss: 0.1213
2024-11-21 14:50:56,909 - INFO - Epoch [48/100] completed. Average Action Loss: 0.0206
2024-11-21 14:50:56,909 - INFO - ===================================================================================
2024-11-21 14:51:12,006 - INFO - Epoch [48/100]
Action Validation Loss: 0.0192 
 Goal Validation Loss: 0.1588 
 MIE Validation Loss: 0.0006 
 MSE R Validation Loss: 0.0466 
 BCE G Validation Loss: 0.1116
2024-11-21 14:51:12,007 - INFO - ===================================================================================
2024-11-21 14:51:12,007 - INFO - Completed in 1h 51m
2024-11-21 14:54:57,556 - INFO - 48 Test Returns: 59.0
2024-11-21 14:54:57,595 - INFO - Model checkpoint saved at training_output/20241121_125958/models/epoch_48.pth
2024-11-21 14:55:03,243 - INFO - Epoch [49/100], Batch [0/4]
 Dt Loss: 0.0204
 Goal Loss: 0.1101, MIE Loss: 0.0017
 MSE Loss R: 0.0115, BCE Loss G: 0.0970
2024-11-21 14:55:09,713 - INFO - Epoch [49/100] completed. Average Goal Loss: 0.1172
2024-11-21 14:55:09,714 - INFO - Epoch [49/100] completed. Average Action Loss: 0.0201
2024-11-21 14:55:09,714 - INFO - ===================================================================================
2024-11-21 14:55:24,986 - INFO - Epoch [49/100]
Action Validation Loss: 0.0188 
 Goal Validation Loss: 0.1615 
 MIE Validation Loss: 0.0004 
 MSE R Validation Loss: 0.0495 
 BCE G Validation Loss: 0.1117
2024-11-21 14:55:24,986 - INFO - ===================================================================================
2024-11-21 14:55:24,987 - INFO - Completed in 1h 55m
2024-11-21 14:55:30,685 - INFO - Epoch [50/100], Batch [0/4]
 Dt Loss: 0.0200
 Goal Loss: 0.2308, MIE Loss: 0.0027
 MSE Loss R: 0.0962, BCE Loss G: 0.1318
2024-11-21 14:55:36,912 - INFO - Epoch [50/100] completed. Average Goal Loss: 0.1482
2024-11-21 14:55:36,913 - INFO - Epoch [50/100] completed. Average Action Loss: 0.0201
2024-11-21 14:55:36,913 - INFO - ===================================================================================
2024-11-21 14:55:51,886 - INFO - Epoch [50/100]
Action Validation Loss: 0.0190 
 Goal Validation Loss: 0.1588 
 MIE Validation Loss: 0.0009 
 MSE R Validation Loss: 0.0468 
 BCE G Validation Loss: 0.1111
2024-11-21 14:55:51,886 - INFO - ===================================================================================
2024-11-21 14:55:51,886 - INFO - Completed in 1h 55m
2024-11-21 14:59:45,151 - INFO - 50 Test Returns: 54.8
2024-11-21 14:59:45,185 - INFO - Model checkpoint saved at training_output/20241121_125958/models/epoch_50.pth
2024-11-21 14:59:51,111 - INFO - Epoch [51/100], Batch [0/4]
 Dt Loss: 0.0202
 Goal Loss: 0.1379, MIE Loss: 0.0028
 MSE Loss R: 0.0235, BCE Loss G: 0.1115
2024-11-21 14:59:57,409 - INFO - Epoch [51/100] completed. Average Goal Loss: 0.1228
2024-11-21 14:59:57,409 - INFO - Epoch [51/100] completed. Average Action Loss: 0.0199
2024-11-21 14:59:57,409 - INFO - ===================================================================================
2024-11-21 15:00:12,443 - INFO - Epoch [51/100]
Action Validation Loss: 0.0186 
 Goal Validation Loss: 0.1622 
 MIE Validation Loss: 0.0017 
 MSE R Validation Loss: 0.0491 
 BCE G Validation Loss: 0.1114
2024-11-21 15:00:12,444 - INFO - ===================================================================================
2024-11-21 15:00:12,444 - INFO - Completed in 2h 0m
2024-11-21 15:00:18,199 - INFO - Epoch [52/100], Batch [0/4]
 Dt Loss: 0.0199
 Goal Loss: 0.1116, MIE Loss: 0.0008
 MSE Loss R: 0.0093, BCE Loss G: 0.1015
2024-11-21 15:00:24,852 - INFO - Epoch [52/100] completed. Average Goal Loss: 0.1301
2024-11-21 15:00:24,852 - INFO - Epoch [52/100] completed. Average Action Loss: 0.0198
2024-11-21 15:00:24,852 - INFO - ===================================================================================
2024-11-21 15:00:40,084 - INFO - Epoch [52/100]
Action Validation Loss: 0.0183 
 Goal Validation Loss: 0.1603 
 MIE Validation Loss: 0.0024 
 MSE R Validation Loss: 0.0468 
 BCE G Validation Loss: 0.1111
2024-11-21 15:00:40,084 - INFO - ===================================================================================
2024-11-21 15:00:40,085 - INFO - Completed in 2h 0m
2024-11-21 15:04:32,273 - INFO - 52 Test Returns: 59.0
2024-11-21 15:04:32,314 - INFO - Model checkpoint saved at training_output/20241121_125958/models/epoch_52.pth
2024-11-21 15:04:38,584 - INFO - Epoch [53/100], Batch [0/4]
 Dt Loss: 0.0194
 Goal Loss: 0.2739, MIE Loss: 0.0017
 MSE Loss R: 0.1336, BCE Loss G: 0.1386
2024-11-21 15:04:45,228 - INFO - Epoch [53/100] completed. Average Goal Loss: 0.1622
2024-11-21 15:04:45,228 - INFO - Epoch [53/100] completed. Average Action Loss: 0.0195
2024-11-21 15:04:45,228 - INFO - ===================================================================================
2024-11-21 15:05:01,522 - INFO - Epoch [53/100]
Action Validation Loss: 0.0182 
 Goal Validation Loss: 0.1566 
 MIE Validation Loss: 0.0006 
 MSE R Validation Loss: 0.0446 
 BCE G Validation Loss: 0.1114
2024-11-21 15:05:01,523 - INFO - ===================================================================================
2024-11-21 15:05:01,523 - INFO - Completed in 2h 4m
2024-11-21 15:05:07,290 - INFO - Epoch [54/100], Batch [0/4]
 Dt Loss: 0.0201
 Goal Loss: 0.1139, MIE Loss: 0.0008
 MSE Loss R: 0.0153, BCE Loss G: 0.0979
2024-11-21 15:05:13,626 - INFO - Epoch [54/100] completed. Average Goal Loss: 0.1195
2024-11-21 15:05:13,626 - INFO - Epoch [54/100] completed. Average Action Loss: 0.0197
2024-11-21 15:05:13,627 - INFO - ===================================================================================
2024-11-21 15:05:28,780 - INFO - Epoch [54/100]
Action Validation Loss: 0.0180 
 Goal Validation Loss: 0.1611 
 MIE Validation Loss: 0.0005 
 MSE R Validation Loss: 0.0495 
 BCE G Validation Loss: 0.1112
2024-11-21 15:05:28,781 - INFO - ===================================================================================
2024-11-21 15:05:28,781 - INFO - Completed in 2h 5m
2024-11-21 15:09:19,424 - INFO - 54 Test Returns: 58.0
2024-11-21 15:09:19,460 - INFO - Model checkpoint saved at training_output/20241121_125958/models/epoch_54.pth
2024-11-21 15:09:25,013 - INFO - Epoch [55/100], Batch [0/4]
 Dt Loss: 0.0194
 Goal Loss: 0.2336, MIE Loss: 0.0004
 MSE Loss R: 0.1014, BCE Loss G: 0.1318
2024-11-21 15:09:31,289 - INFO - Epoch [55/100] completed. Average Goal Loss: 0.1503
2024-11-21 15:09:31,289 - INFO - Epoch [55/100] completed. Average Action Loss: 0.0194
2024-11-21 15:09:31,289 - INFO - ===================================================================================
2024-11-21 15:09:46,125 - INFO - Epoch [55/100]
Action Validation Loss: 0.0182 
 Goal Validation Loss: 0.1594 
 MIE Validation Loss: 0.0010 
 MSE R Validation Loss: 0.0464 
 BCE G Validation Loss: 0.1121
2024-11-21 15:09:46,125 - INFO - ===================================================================================
2024-11-21 15:09:46,126 - INFO - Completed in 2h 9m
2024-11-21 15:09:51,688 - INFO - Epoch [56/100], Batch [0/4]
 Dt Loss: 0.0193
 Goal Loss: 0.1316, MIE Loss: 0.0028
 MSE Loss R: 0.0186, BCE Loss G: 0.1102
2024-11-21 15:09:57,979 - INFO - Epoch [56/100] completed. Average Goal Loss: 0.1297
2024-11-21 15:09:57,979 - INFO - Epoch [56/100] completed. Average Action Loss: 0.0193
2024-11-21 15:09:57,979 - INFO - ===================================================================================
2024-11-21 15:10:12,571 - INFO - Epoch [56/100]
Action Validation Loss: 0.0173 
 Goal Validation Loss: 0.1579 
 MIE Validation Loss: 0.0013 
 MSE R Validation Loss: 0.0456 
 BCE G Validation Loss: 0.1111
2024-11-21 15:10:12,571 - INFO - ===================================================================================
2024-11-21 15:10:12,572 - INFO - Completed in 2h 10m
2024-11-21 15:14:04,395 - INFO - 56 Test Returns: 59.8
2024-11-21 15:14:04,435 - INFO - Model checkpoint saved at training_output/20241121_125958/models/epoch_56.pth
2024-11-21 15:14:09,852 - INFO - Epoch [57/100], Batch [0/4]
 Dt Loss: 0.0186
 Goal Loss: 0.2983, MIE Loss: 0.0013
 MSE Loss R: 0.1557, BCE Loss G: 0.1414
2024-11-21 15:14:16,064 - INFO - Epoch [57/100] completed. Average Goal Loss: 0.2184
2024-11-21 15:14:16,065 - INFO - Epoch [57/100] completed. Average Action Loss: 0.0188
2024-11-21 15:14:16,065 - INFO - ===================================================================================
2024-11-21 15:14:32,656 - INFO - Epoch [57/100]
Action Validation Loss: 0.0174 
 Goal Validation Loss: 0.1639 
 MIE Validation Loss: 0.0005 
 MSE R Validation Loss: 0.0519 
 BCE G Validation Loss: 0.1115
2024-11-21 15:14:32,657 - INFO - ===================================================================================
2024-11-21 15:14:32,658 - INFO - Completed in 2h 14m
2024-11-21 15:14:38,440 - INFO - Epoch [58/100], Batch [0/4]
 Dt Loss: 0.0189
 Goal Loss: 0.1379, MIE Loss: 0.0002
 MSE Loss R: 0.0353, BCE Loss G: 0.1024
2024-11-21 15:14:45,189 - INFO - Epoch [58/100] completed. Average Goal Loss: 0.1251
2024-11-21 15:14:45,190 - INFO - Epoch [58/100] completed. Average Action Loss: 0.0190
2024-11-21 15:14:45,190 - INFO - ===================================================================================
2024-11-21 15:15:02,075 - INFO - Epoch [58/100]
Action Validation Loss: 0.0174 
 Goal Validation Loss: 0.1604 
 MIE Validation Loss: 0.0007 
 MSE R Validation Loss: 0.0471 
 BCE G Validation Loss: 0.1126
2024-11-21 15:15:02,075 - INFO - ===================================================================================
2024-11-21 15:15:02,076 - INFO - Completed in 2h 14m
2024-11-21 15:18:57,871 - INFO - 58 Test Returns: 51.6
2024-11-21 15:18:57,906 - INFO - Model checkpoint saved at training_output/20241121_125958/models/epoch_58.pth
2024-11-21 15:19:03,735 - INFO - Epoch [59/100], Batch [0/4]
 Dt Loss: 0.0187
 Goal Loss: 0.1197, MIE Loss: 0.0007
 MSE Loss R: 0.0130, BCE Loss G: 0.1059
2024-11-21 15:19:10,340 - INFO - Epoch [59/100] completed. Average Goal Loss: 0.1268
2024-11-21 15:19:10,341 - INFO - Epoch [59/100] completed. Average Action Loss: 0.0188
2024-11-21 15:19:10,341 - INFO - ===================================================================================
2024-11-21 15:19:25,780 - INFO - Epoch [59/100]
Action Validation Loss: 0.0172 
 Goal Validation Loss: 0.1581 
 MIE Validation Loss: 0.0005 
 MSE R Validation Loss: 0.0464 
 BCE G Validation Loss: 0.1113
2024-11-21 15:19:25,780 - INFO - ===================================================================================
2024-11-21 15:19:25,780 - INFO - Completed in 2h 19m
2024-11-21 15:19:31,609 - INFO - Epoch [60/100], Batch [0/4]
 Dt Loss: 0.0187
 Goal Loss: 0.1159, MIE Loss: 0.0004
 MSE Loss R: 0.0114, BCE Loss G: 0.1041
2024-11-21 15:19:38,008 - INFO - Epoch [60/100] completed. Average Goal Loss: 0.1350
2024-11-21 15:19:38,008 - INFO - Epoch [60/100] completed. Average Action Loss: 0.0187
2024-11-21 15:19:38,008 - INFO - ===================================================================================
2024-11-21 15:19:55,484 - INFO - Epoch [60/100]
Action Validation Loss: 0.0168 
 Goal Validation Loss: 0.1586 
 MIE Validation Loss: 0.0010 
 MSE R Validation Loss: 0.0462 
 BCE G Validation Loss: 0.1114
2024-11-21 15:19:55,485 - INFO - ===================================================================================
2024-11-21 15:19:55,485 - INFO - Completed in 2h 19m
2024-11-21 15:23:48,800 - INFO - 60 Test Returns: 59.4
2024-11-21 15:23:48,837 - INFO - Model checkpoint saved at training_output/20241121_125958/models/epoch_60.pth
2024-11-21 15:23:55,225 - INFO - Epoch [61/100], Batch [0/4]
 Dt Loss: 0.0186
 Goal Loss: 0.1086, MIE Loss: 0.0008
 MSE Loss R: 0.0130, BCE Loss G: 0.0948
2024-11-21 15:24:01,615 - INFO - Epoch [61/100] completed. Average Goal Loss: 0.1550
2024-11-21 15:24:01,615 - INFO - Epoch [61/100] completed. Average Action Loss: 0.0185
2024-11-21 15:24:01,615 - INFO - ===================================================================================
2024-11-21 15:24:17,687 - INFO - Epoch [61/100]
Action Validation Loss: 0.0172 
 Goal Validation Loss: 0.1558 
 MIE Validation Loss: 0.0001 
 MSE R Validation Loss: 0.0449 
 BCE G Validation Loss: 0.1108
2024-11-21 15:24:17,687 - INFO - ===================================================================================
2024-11-21 15:24:17,688 - INFO - Completed in 2h 24m
2024-11-21 15:24:23,465 - INFO - Epoch [62/100], Batch [0/4]
 Dt Loss: 0.0183
 Goal Loss: 0.1792, MIE Loss: 0.0004
 MSE Loss R: 0.0547, BCE Loss G: 0.1241
2024-11-21 15:24:29,576 - INFO - Epoch [62/100] completed. Average Goal Loss: 0.1363
2024-11-21 15:24:29,576 - INFO - Epoch [62/100] completed. Average Action Loss: 0.0183
2024-11-21 15:24:29,576 - INFO - ===================================================================================
2024-11-21 15:24:44,279 - INFO - Epoch [62/100]
Action Validation Loss: 0.0167 
 Goal Validation Loss: 0.1570 
 MIE Validation Loss: 0.0013 
 MSE R Validation Loss: 0.0444 
 BCE G Validation Loss: 0.1113
2024-11-21 15:24:44,280 - INFO - ===================================================================================
2024-11-21 15:24:44,280 - INFO - Completed in 2h 24m
2024-11-21 15:28:25,291 - INFO - 62 Test Returns: 57.4
2024-11-21 15:28:25,330 - INFO - Model checkpoint saved at training_output/20241121_125958/models/epoch_62.pth
2024-11-21 15:28:31,071 - INFO - Epoch [63/100], Batch [0/4]
 Dt Loss: 0.0185
 Goal Loss: 0.1199, MIE Loss: 0.0010
 MSE Loss R: 0.0136, BCE Loss G: 0.1053
2024-11-21 15:28:37,229 - INFO - Epoch [63/100] completed. Average Goal Loss: 0.1371
2024-11-21 15:28:37,229 - INFO - Epoch [63/100] completed. Average Action Loss: 0.0181
2024-11-21 15:28:37,230 - INFO - ===================================================================================
2024-11-21 15:28:53,915 - INFO - Epoch [63/100]
Action Validation Loss: 0.0169 
 Goal Validation Loss: 0.1551 
 MIE Validation Loss: 0.0002 
 MSE R Validation Loss: 0.0442 
 BCE G Validation Loss: 0.1107
2024-11-21 15:28:53,916 - INFO - ===================================================================================
2024-11-21 15:28:53,917 - INFO - Completed in 2h 28m
2024-11-21 15:28:59,318 - INFO - Epoch [64/100], Batch [0/4]
 Dt Loss: 0.0179
 Goal Loss: 0.1418, MIE Loss: 0.0014
 MSE Loss R: 0.0265, BCE Loss G: 0.1139
2024-11-21 15:29:05,461 - INFO - Epoch [64/100] completed. Average Goal Loss: 0.1267
2024-11-21 15:29:05,461 - INFO - Epoch [64/100] completed. Average Action Loss: 0.0180
2024-11-21 15:29:05,461 - INFO - ===================================================================================
2024-11-21 15:29:20,579 - INFO - Epoch [64/100]
Action Validation Loss: 0.0165 
 Goal Validation Loss: 0.1609 
 MIE Validation Loss: 0.0027 
 MSE R Validation Loss: 0.0467 
 BCE G Validation Loss: 0.1115
2024-11-21 15:29:20,579 - INFO - ===================================================================================
2024-11-21 15:29:20,580 - INFO - Completed in 2h 29m
2024-11-21 15:32:58,355 - INFO - 64 Test Returns: 56.6
2024-11-21 15:32:58,393 - INFO - Model checkpoint saved at training_output/20241121_125958/models/epoch_64.pth
2024-11-21 15:33:04,616 - INFO - Epoch [65/100], Batch [0/4]
 Dt Loss: 0.0179
 Goal Loss: 0.1119, MIE Loss: 0.0024
 MSE Loss R: 0.0113, BCE Loss G: 0.0982
2024-11-21 15:33:10,617 - INFO - Epoch [65/100] completed. Average Goal Loss: 0.1307
2024-11-21 15:33:10,618 - INFO - Epoch [65/100] completed. Average Action Loss: 0.0179
2024-11-21 15:33:10,618 - INFO - ===================================================================================
2024-11-21 15:33:26,223 - INFO - Epoch [65/100]
Action Validation Loss: 0.0165 
 Goal Validation Loss: 0.1602 
 MIE Validation Loss: 0.0037 
 MSE R Validation Loss: 0.0455 
 BCE G Validation Loss: 0.1110
2024-11-21 15:33:26,224 - INFO - ===================================================================================
2024-11-21 15:33:26,224 - INFO - Completed in 2h 33m
2024-11-21 15:33:32,411 - INFO - Epoch [66/100], Batch [0/4]
 Dt Loss: 0.0177
 Goal Loss: 0.1842, MIE Loss: 0.0031
 MSE Loss R: 0.0581, BCE Loss G: 0.1231
2024-11-21 15:33:38,684 - INFO - Epoch [66/100] completed. Average Goal Loss: 0.1482
2024-11-21 15:33:38,684 - INFO - Epoch [66/100] completed. Average Action Loss: 0.0177
2024-11-21 15:33:38,684 - INFO - ===================================================================================
2024-11-21 15:33:54,933 - INFO - Epoch [66/100]
Action Validation Loss: 0.0158 
 Goal Validation Loss: 0.1579 
 MIE Validation Loss: 0.0018 
 MSE R Validation Loss: 0.0447 
 BCE G Validation Loss: 0.1114
2024-11-21 15:33:54,933 - INFO - ===================================================================================
2024-11-21 15:33:54,934 - INFO - Completed in 2h 33m
2024-11-21 15:37:20,375 - INFO - 66 Test Returns: 59.0
2024-11-21 15:37:20,411 - INFO - Model checkpoint saved at training_output/20241121_125958/models/epoch_66.pth
2024-11-21 15:37:25,788 - INFO - Epoch [67/100], Batch [0/4]
 Dt Loss: 0.0175
 Goal Loss: 0.1248, MIE Loss: 0.0008
 MSE Loss R: 0.0217, BCE Loss G: 0.1023
2024-11-21 15:37:31,290 - INFO - Epoch [67/100] completed. Average Goal Loss: 0.1196
2024-11-21 15:37:31,291 - INFO - Epoch [67/100] completed. Average Action Loss: 0.0177
2024-11-21 15:37:31,291 - INFO - ===================================================================================
2024-11-21 15:37:44,300 - INFO - Epoch [67/100]
Action Validation Loss: 0.0162 
 Goal Validation Loss: 0.1591 
 MIE Validation Loss: 0.0011 
 MSE R Validation Loss: 0.0467 
 BCE G Validation Loss: 0.1113
2024-11-21 15:37:44,301 - INFO - ===================================================================================
2024-11-21 15:37:44,301 - INFO - Completed in 2h 37m
2024-11-21 15:37:49,556 - INFO - Epoch [68/100], Batch [0/4]
 Dt Loss: 0.0176
 Goal Loss: 0.2209, MIE Loss: 0.0010
 MSE Loss R: 0.0890, BCE Loss G: 0.1309
2024-11-21 15:37:55,335 - INFO - Epoch [68/100] completed. Average Goal Loss: 0.1467
2024-11-21 15:37:55,335 - INFO - Epoch [68/100] completed. Average Action Loss: 0.0177
2024-11-21 15:37:55,336 - INFO - ===================================================================================
2024-11-21 15:38:08,329 - INFO - Epoch [68/100]
Action Validation Loss: 0.0160 
 Goal Validation Loss: 0.1578 
 MIE Validation Loss: 0.0018 
 MSE R Validation Loss: 0.0447 
 BCE G Validation Loss: 0.1113
2024-11-21 15:38:08,330 - INFO - ===================================================================================
2024-11-21 15:38:08,330 - INFO - Completed in 2h 37m
2024-11-21 15:41:36,589 - INFO - 68 Test Returns: 56.6
2024-11-21 15:41:36,623 - INFO - Model checkpoint saved at training_output/20241121_125958/models/epoch_68.pth
2024-11-21 15:41:42,045 - INFO - Epoch [69/100], Batch [0/4]
 Dt Loss: 0.0177
 Goal Loss: 0.1186, MIE Loss: 0.0009
 MSE Loss R: 0.0129, BCE Loss G: 0.1048
2024-11-21 15:41:47,698 - INFO - Epoch [69/100] completed. Average Goal Loss: 0.1296
2024-11-21 15:41:47,698 - INFO - Epoch [69/100] completed. Average Action Loss: 0.0176
2024-11-21 15:41:47,699 - INFO - ===================================================================================
2024-11-21 15:42:00,605 - INFO - Epoch [69/100]
Action Validation Loss: 0.0158 
 Goal Validation Loss: 0.1562 
 MIE Validation Loss: 0.0004 
 MSE R Validation Loss: 0.0450 
 BCE G Validation Loss: 0.1108
2024-11-21 15:42:00,605 - INFO - ===================================================================================
2024-11-21 15:42:00,605 - INFO - Completed in 2h 41m
2024-11-21 15:42:05,685 - INFO - Epoch [70/100], Batch [0/4]
 Dt Loss: 0.0174
 Goal Loss: 0.1130, MIE Loss: 0.0002
 MSE Loss R: 0.0120, BCE Loss G: 0.1008
2024-11-21 15:42:11,097 - INFO - Epoch [70/100] completed. Average Goal Loss: 0.1078
2024-11-21 15:42:11,098 - INFO - Epoch [70/100] completed. Average Action Loss: 0.0173
2024-11-21 15:42:11,098 - INFO - ===================================================================================
2024-11-21 15:42:23,463 - INFO - Epoch [70/100]
Action Validation Loss: 0.0156 
 Goal Validation Loss: 0.1677 
 MIE Validation Loss: 0.0004 
 MSE R Validation Loss: 0.0537 
 BCE G Validation Loss: 0.1136
2024-11-21 15:42:23,463 - INFO - ===================================================================================
2024-11-21 15:42:23,463 - INFO - Completed in 2h 42m
2024-11-21 15:45:46,026 - INFO - 70 Test Returns: 56.2
2024-11-21 15:45:46,054 - INFO - Model checkpoint saved at training_output/20241121_125958/models/epoch_70.pth
2024-11-21 15:45:51,200 - INFO - Epoch [71/100], Batch [0/4]
 Dt Loss: 0.0174
 Goal Loss: 0.1477, MIE Loss: 0.0012
 MSE Loss R: 0.0327, BCE Loss G: 0.1138
2024-11-21 15:45:56,997 - INFO - Epoch [71/100] completed. Average Goal Loss: 0.1329
2024-11-21 15:45:56,997 - INFO - Epoch [71/100] completed. Average Action Loss: 0.0172
2024-11-21 15:45:56,997 - INFO - ===================================================================================
2024-11-21 15:46:11,759 - INFO - Epoch [71/100]
Action Validation Loss: 0.0157 
 Goal Validation Loss: 0.1585 
 MIE Validation Loss: 0.0001 
 MSE R Validation Loss: 0.0475 
 BCE G Validation Loss: 0.1109
2024-11-21 15:46:11,760 - INFO - ===================================================================================
2024-11-21 15:46:11,760 - INFO - Completed in 2h 46m
2024-11-21 15:46:17,271 - INFO - Epoch [72/100], Batch [0/4]
 Dt Loss: 0.0170
 Goal Loss: 0.1251, MIE Loss: 0.0001
 MSE Loss R: 0.0169, BCE Loss G: 0.1081
2024-11-21 15:46:23,556 - INFO - Epoch [72/100] completed. Average Goal Loss: 0.1658
2024-11-21 15:46:23,556 - INFO - Epoch [72/100] completed. Average Action Loss: 0.0174
2024-11-21 15:46:23,556 - INFO - ===================================================================================
2024-11-21 15:46:37,130 - INFO - Epoch [72/100]
Action Validation Loss: 0.0155 
 Goal Validation Loss: 0.1630 
 MIE Validation Loss: 0.0006 
 MSE R Validation Loss: 0.0476 
 BCE G Validation Loss: 0.1148
2024-11-21 15:46:37,131 - INFO - ===================================================================================
2024-11-21 15:46:37,131 - INFO - Completed in 2h 46m
2024-11-21 15:50:15,888 - INFO - 72 Test Returns: 63.2
2024-11-21 15:50:15,925 - INFO - Model checkpoint saved at training_output/20241121_125958/models/epoch_72.pth
2024-11-21 15:50:21,680 - INFO - Epoch [73/100], Batch [0/4]
 Dt Loss: 0.0171
 Goal Loss: 0.1360, MIE Loss: 0.0004
 MSE Loss R: 0.0257, BCE Loss G: 0.1099
2024-11-21 15:50:27,930 - INFO - Epoch [73/100] completed. Average Goal Loss: 0.1540
2024-11-21 15:50:27,930 - INFO - Epoch [73/100] completed. Average Action Loss: 0.0171
2024-11-21 15:50:27,930 - INFO - ===================================================================================
2024-11-21 15:50:42,319 - INFO - Epoch [73/100]
Action Validation Loss: 0.0154 
 Goal Validation Loss: 0.1568 
 MIE Validation Loss: 0.0012 
 MSE R Validation Loss: 0.0439 
 BCE G Validation Loss: 0.1117
2024-11-21 15:50:42,319 - INFO - ===================================================================================
2024-11-21 15:50:42,337 - INFO - Completed in 2h 50m
2024-11-21 15:50:47,760 - INFO - Epoch [74/100], Batch [0/4]
 Dt Loss: 0.0173
 Goal Loss: 0.1166, MIE Loss: 0.0007
 MSE Loss R: 0.0167, BCE Loss G: 0.0992
2024-11-21 15:50:54,271 - INFO - Epoch [74/100] completed. Average Goal Loss: 0.1168
2024-11-21 15:50:54,272 - INFO - Epoch [74/100] completed. Average Action Loss: 0.0171
2024-11-21 15:50:54,272 - INFO - ===================================================================================
2024-11-21 15:51:08,914 - INFO - Epoch [74/100]
Action Validation Loss: 0.0157 
 Goal Validation Loss: 0.1612 
 MIE Validation Loss: 0.0006 
 MSE R Validation Loss: 0.0489 
 BCE G Validation Loss: 0.1117
2024-11-21 15:51:08,915 - INFO - ===================================================================================
2024-11-21 15:51:08,915 - INFO - Completed in 2h 50m
2024-11-21 15:54:37,982 - INFO - 74 Test Returns: 60.0
2024-11-21 15:54:38,017 - INFO - Model checkpoint saved at training_output/20241121_125958/models/epoch_74.pth
2024-11-21 15:54:44,380 - INFO - Epoch [75/100], Batch [0/4]
 Dt Loss: 0.0174
 Goal Loss: 0.1043, MIE Loss: 0.0003
 MSE Loss R: 0.0084, BCE Loss G: 0.0957
2024-11-21 15:54:50,811 - INFO - Epoch [75/100] completed. Average Goal Loss: 0.1196
2024-11-21 15:54:50,811 - INFO - Epoch [75/100] completed. Average Action Loss: 0.0172
2024-11-21 15:54:50,811 - INFO - ===================================================================================
2024-11-21 15:55:06,292 - INFO - Epoch [75/100]
Action Validation Loss: 0.0149 
 Goal Validation Loss: 0.1620 
 MIE Validation Loss: 0.0023 
 MSE R Validation Loss: 0.0487 
 BCE G Validation Loss: 0.1111
2024-11-21 15:55:06,292 - INFO - ===================================================================================
2024-11-21 15:55:06,293 - INFO - Completed in 2h 54m
2024-11-21 15:55:12,809 - INFO - Epoch [76/100], Batch [0/4]
 Dt Loss: 0.0170
 Goal Loss: 0.1112, MIE Loss: 0.0009
 MSE Loss R: 0.0093, BCE Loss G: 0.1010
2024-11-21 15:55:19,103 - INFO - Epoch [76/100] completed. Average Goal Loss: 0.1755
2024-11-21 15:55:19,104 - INFO - Epoch [76/100] completed. Average Action Loss: 0.0169
2024-11-21 15:55:19,104 - INFO - ===================================================================================
2024-11-21 15:55:35,074 - INFO - Epoch [76/100]
Action Validation Loss: 0.0148 
 Goal Validation Loss: 0.1560 
 MIE Validation Loss: 0.0002 
 MSE R Validation Loss: 0.0448 
 BCE G Validation Loss: 0.1111
2024-11-21 15:55:35,075 - INFO - ===================================================================================
2024-11-21 15:55:35,075 - INFO - Completed in 2h 55m
2024-11-21 15:59:07,766 - INFO - 76 Test Returns: 57.0
2024-11-21 15:59:07,801 - INFO - Model checkpoint saved at training_output/20241121_125958/models/epoch_76.pth
2024-11-21 15:59:13,814 - INFO - Epoch [77/100], Batch [0/4]
 Dt Loss: 0.0167
 Goal Loss: 0.1251, MIE Loss: 0.0006
 MSE Loss R: 0.0176, BCE Loss G: 0.1069
2024-11-21 15:59:20,008 - INFO - Epoch [77/100] completed. Average Goal Loss: 0.1776
2024-11-21 15:59:20,008 - INFO - Epoch [77/100] completed. Average Action Loss: 0.0166
2024-11-21 15:59:20,008 - INFO - ===================================================================================
2024-11-21 15:59:35,055 - INFO - Epoch [77/100]
Action Validation Loss: 0.0153 
 Goal Validation Loss: 0.1618 
 MIE Validation Loss: 0.0029 
 MSE R Validation Loss: 0.0444 
 BCE G Validation Loss: 0.1145
2024-11-21 15:59:35,055 - INFO - ===================================================================================
2024-11-21 15:59:35,056 - INFO - Completed in 2h 59m
2024-11-21 15:59:41,275 - INFO - Epoch [78/100], Batch [0/4]
 Dt Loss: 0.0162
 Goal Loss: 0.1371, MIE Loss: 0.0009
 MSE Loss R: 0.0197, BCE Loss G: 0.1165
2024-11-21 15:59:47,576 - INFO - Epoch [78/100] completed. Average Goal Loss: 0.1371
2024-11-21 15:59:47,576 - INFO - Epoch [78/100] completed. Average Action Loss: 0.0165
2024-11-21 15:59:47,576 - INFO - ===================================================================================
2024-11-21 16:00:01,646 - INFO - Epoch [78/100]
Action Validation Loss: 0.0148 
 Goal Validation Loss: 0.1590 
 MIE Validation Loss: 0.0039 
 MSE R Validation Loss: 0.0442 
 BCE G Validation Loss: 0.1109
2024-11-21 16:00:01,647 - INFO - ===================================================================================
2024-11-21 16:00:01,648 - INFO - Completed in 2h 59m
2024-11-21 16:03:27,832 - INFO - 78 Test Returns: 61.4
2024-11-21 16:03:27,868 - INFO - Model checkpoint saved at training_output/20241121_125958/models/epoch_78.pth
2024-11-21 16:03:33,583 - INFO - Epoch [79/100], Batch [0/4]
 Dt Loss: 0.0163
 Goal Loss: 0.1388, MIE Loss: 0.0013
 MSE Loss R: 0.0235, BCE Loss G: 0.1140
2024-11-21 16:03:39,773 - INFO - Epoch [79/100] completed. Average Goal Loss: 0.1246
2024-11-21 16:03:39,773 - INFO - Epoch [79/100] completed. Average Action Loss: 0.0164
2024-11-21 16:03:39,773 - INFO - ===================================================================================
2024-11-21 16:03:55,945 - INFO - Epoch [79/100]
Action Validation Loss: 0.0144 
 Goal Validation Loss: 0.1614 
 MIE Validation Loss: 0.0027 
 MSE R Validation Loss: 0.0470 
 BCE G Validation Loss: 0.1117
2024-11-21 16:03:55,945 - INFO - ===================================================================================
2024-11-21 16:03:55,946 - INFO - Completed in 3h 3m
2024-11-21 16:04:01,791 - INFO - Epoch [80/100], Batch [0/4]
 Dt Loss: 0.0163
 Goal Loss: 0.1209, MIE Loss: 0.0018
 MSE Loss R: 0.0131, BCE Loss G: 0.1059
2024-11-21 16:04:08,278 - INFO - Epoch [80/100] completed. Average Goal Loss: 0.1187
2024-11-21 16:04:08,278 - INFO - Epoch [80/100] completed. Average Action Loss: 0.0162
2024-11-21 16:04:08,278 - INFO - ===================================================================================
2024-11-21 16:04:24,434 - INFO - Epoch [80/100]
Action Validation Loss: 0.0147 
 Goal Validation Loss: 0.1637 
 MIE Validation Loss: 0.0039 
 MSE R Validation Loss: 0.0487 
 BCE G Validation Loss: 0.1111
2024-11-21 16:04:24,435 - INFO - ===================================================================================
2024-11-21 16:04:24,438 - INFO - Completed in 3h 4m
2024-11-21 16:07:58,284 - INFO - 80 Test Returns: 59.0
2024-11-21 16:07:58,316 - INFO - Model checkpoint saved at training_output/20241121_125958/models/epoch_80.pth
2024-11-21 16:08:04,290 - INFO - Epoch [81/100], Batch [0/4]
 Dt Loss: 0.0164
 Goal Loss: 0.1384, MIE Loss: 0.0024
 MSE Loss R: 0.0251, BCE Loss G: 0.1108
2024-11-21 16:08:10,144 - INFO - Epoch [81/100] completed. Average Goal Loss: 0.1688
2024-11-21 16:08:10,144 - INFO - Epoch [81/100] completed. Average Action Loss: 0.0162
2024-11-21 16:08:10,145 - INFO - ===================================================================================
2024-11-21 16:08:25,153 - INFO - Epoch [81/100]
Action Validation Loss: 0.0140 
 Goal Validation Loss: 0.1600 
 MIE Validation Loss: 0.0021 
 MSE R Validation Loss: 0.0442 
 BCE G Validation Loss: 0.1138
2024-11-21 16:08:25,153 - INFO - ===================================================================================
2024-11-21 16:08:25,154 - INFO - Completed in 3h 8m
2024-11-21 16:08:30,946 - INFO - Epoch [82/100], Batch [0/4]
 Dt Loss: 0.0163
 Goal Loss: 0.1301, MIE Loss: 0.0006
 MSE Loss R: 0.0214, BCE Loss G: 0.1081
2024-11-21 16:08:36,771 - INFO - Epoch [82/100] completed. Average Goal Loss: 0.1211
2024-11-21 16:08:36,772 - INFO - Epoch [82/100] completed. Average Action Loss: 0.0161
2024-11-21 16:08:36,772 - INFO - ===================================================================================
2024-11-21 16:08:52,244 - INFO - Epoch [82/100]
Action Validation Loss: 0.0142 
 Goal Validation Loss: 0.1600 
 MIE Validation Loss: 0.0001 
 MSE R Validation Loss: 0.0476 
 BCE G Validation Loss: 0.1122
2024-11-21 16:08:52,244 - INFO - ===================================================================================
2024-11-21 16:08:52,245 - INFO - Completed in 3h 8m
2024-11-21 16:12:24,414 - INFO - 82 Test Returns: 57.0
2024-11-21 16:12:24,449 - INFO - Model checkpoint saved at training_output/20241121_125958/models/epoch_82.pth
2024-11-21 16:12:30,260 - INFO - Epoch [83/100], Batch [0/4]
 Dt Loss: 0.0162
 Goal Loss: 0.1297, MIE Loss: 0.0001
 MSE Loss R: 0.0192, BCE Loss G: 0.1103
2024-11-21 16:12:36,550 - INFO - Epoch [83/100] completed. Average Goal Loss: 0.1514
2024-11-21 16:12:36,551 - INFO - Epoch [83/100] completed. Average Action Loss: 0.0159
2024-11-21 16:12:36,551 - INFO - ===================================================================================
2024-11-21 16:12:51,119 - INFO - Epoch [83/100]
Action Validation Loss: 0.0138 
 Goal Validation Loss: 0.1550 
 MIE Validation Loss: 0.0001 
 MSE R Validation Loss: 0.0439 
 BCE G Validation Loss: 0.1110
2024-11-21 16:12:51,120 - INFO - ===================================================================================
2024-11-21 16:12:51,120 - INFO - Completed in 3h 12m
2024-11-21 16:12:56,793 - INFO - Epoch [84/100], Batch [0/4]
 Dt Loss: 0.0156
 Goal Loss: 0.1181, MIE Loss: 0.0001
 MSE Loss R: 0.0146, BCE Loss G: 0.1034
2024-11-21 16:13:03,189 - INFO - Epoch [84/100] completed. Average Goal Loss: 0.1226
2024-11-21 16:13:03,189 - INFO - Epoch [84/100] completed. Average Action Loss: 0.0156
2024-11-21 16:13:03,189 - INFO - ===================================================================================
2024-11-21 16:13:17,980 - INFO - Epoch [84/100]
Action Validation Loss: 0.0142 
 Goal Validation Loss: 0.1584 
 MIE Validation Loss: 0.0004 
 MSE R Validation Loss: 0.0470 
 BCE G Validation Loss: 0.1110
2024-11-21 16:13:17,981 - INFO - ===================================================================================
2024-11-21 16:13:17,981 - INFO - Completed in 3h 13m
2024-11-21 16:16:49,571 - INFO - 84 Test Returns: 53.6
2024-11-21 16:16:49,604 - INFO - Model checkpoint saved at training_output/20241121_125958/models/epoch_84.pth
2024-11-21 16:16:55,622 - INFO - Epoch [85/100], Batch [0/4]
 Dt Loss: 0.0161
 Goal Loss: 0.1456, MIE Loss: 0.0010
 MSE Loss R: 0.0309, BCE Loss G: 0.1137
2024-11-21 16:17:01,525 - INFO - Epoch [85/100] completed. Average Goal Loss: 0.1591
2024-11-21 16:17:01,525 - INFO - Epoch [85/100] completed. Average Action Loss: 0.0157
2024-11-21 16:17:01,525 - INFO - ===================================================================================
2024-11-21 16:17:16,531 - INFO - Epoch [85/100]
Action Validation Loss: 0.0140 
 Goal Validation Loss: 0.1551 
 MIE Validation Loss: 0.0004 
 MSE R Validation Loss: 0.0440 
 BCE G Validation Loss: 0.1107
2024-11-21 16:17:16,531 - INFO - ===================================================================================
2024-11-21 16:17:16,532 - INFO - Completed in 3h 17m
2024-11-21 16:17:22,773 - INFO - Epoch [86/100], Batch [0/4]
 Dt Loss: 0.0148
 Goal Loss: 0.1188, MIE Loss: 0.0003
 MSE Loss R: 0.0184, BCE Loss G: 0.1000
2024-11-21 16:17:29,110 - INFO - Epoch [86/100] completed. Average Goal Loss: 0.1179
2024-11-21 16:17:29,110 - INFO - Epoch [86/100] completed. Average Action Loss: 0.0154
2024-11-21 16:17:29,111 - INFO - ===================================================================================
2024-11-21 16:17:45,500 - INFO - Epoch [86/100]
Action Validation Loss: 0.0141 
 Goal Validation Loss: 0.1587 
 MIE Validation Loss: 0.0007 
 MSE R Validation Loss: 0.0465 
 BCE G Validation Loss: 0.1115
2024-11-21 16:17:45,501 - INFO - ===================================================================================
2024-11-21 16:17:45,501 - INFO - Completed in 3h 17m
2024-11-21 16:21:17,228 - INFO - 86 Test Returns: 59.4
2024-11-21 16:21:17,266 - INFO - Model checkpoint saved at training_output/20241121_125958/models/epoch_86.pth
2024-11-21 16:21:23,606 - INFO - Epoch [87/100], Batch [0/4]
 Dt Loss: 0.0154
 Goal Loss: 0.1080, MIE Loss: 0.0009
 MSE Loss R: 0.0124, BCE Loss G: 0.0947
2024-11-21 16:21:29,960 - INFO - Epoch [87/100] completed. Average Goal Loss: 0.1740
2024-11-21 16:21:29,961 - INFO - Epoch [87/100] completed. Average Action Loss: 0.0155
2024-11-21 16:21:29,961 - INFO - ===================================================================================
2024-11-21 16:21:45,674 - INFO - Epoch [87/100]
Action Validation Loss: 0.0140 
 Goal Validation Loss: 0.1570 
 MIE Validation Loss: 0.0000 
 MSE R Validation Loss: 0.0455 
 BCE G Validation Loss: 0.1115
2024-11-21 16:21:45,675 - INFO - ===================================================================================
2024-11-21 16:21:45,675 - INFO - Completed in 3h 21m
2024-11-21 16:21:51,872 - INFO - Epoch [88/100], Batch [0/4]
 Dt Loss: 0.0155
 Goal Loss: 0.2065, MIE Loss: 0.0000
 MSE Loss R: 0.0763, BCE Loss G: 0.1302
2024-11-21 16:21:58,763 - INFO - Epoch [88/100] completed. Average Goal Loss: 0.1466
2024-11-21 16:21:58,763 - INFO - Epoch [88/100] completed. Average Action Loss: 0.0154
2024-11-21 16:21:58,763 - INFO - ===================================================================================
2024-11-21 16:22:16,052 - INFO - Epoch [88/100]
Action Validation Loss: 0.0134 
 Goal Validation Loss: 0.1567 
 MIE Validation Loss: 0.0002 
 MSE R Validation Loss: 0.0450 
 BCE G Validation Loss: 0.1115
2024-11-21 16:22:16,053 - INFO - ===================================================================================
2024-11-21 16:22:16,053 - INFO - Completed in 3h 22m
2024-11-21 16:25:33,281 - INFO - 88 Test Returns: 61.4
2024-11-21 16:25:33,314 - INFO - Model checkpoint saved at training_output/20241121_125958/models/epoch_88.pth
2024-11-21 16:25:39,164 - INFO - Epoch [89/100], Batch [0/4]
 Dt Loss: 0.0161
 Goal Loss: 0.1205, MIE Loss: 0.0001
 MSE Loss R: 0.0138, BCE Loss G: 0.1067
2024-11-21 16:25:45,010 - INFO - Epoch [89/100] completed. Average Goal Loss: 0.1812
2024-11-21 16:25:45,010 - INFO - Epoch [89/100] completed. Average Action Loss: 0.0155
2024-11-21 16:25:45,011 - INFO - ===================================================================================
2024-11-21 16:26:00,524 - INFO - Epoch [89/100]
Action Validation Loss: 0.0139 
 Goal Validation Loss: 0.1627 
 MIE Validation Loss: 0.0001 
 MSE R Validation Loss: 0.0483 
 BCE G Validation Loss: 0.1143
2024-11-21 16:26:00,525 - INFO - ===================================================================================
2024-11-21 16:26:00,526 - INFO - Completed in 3h 25m
2024-11-21 16:26:06,340 - INFO - Epoch [90/100], Batch [0/4]
 Dt Loss: 0.0157
 Goal Loss: 0.1375, MIE Loss: 0.0001
 MSE Loss R: 0.0217, BCE Loss G: 0.1158
2024-11-21 16:26:12,604 - INFO - Epoch [90/100] completed. Average Goal Loss: 0.1339
2024-11-21 16:26:12,605 - INFO - Epoch [90/100] completed. Average Action Loss: 0.0154
2024-11-21 16:26:12,605 - INFO - ===================================================================================
2024-11-21 16:26:27,929 - INFO - Epoch [90/100]
Action Validation Loss: 0.0133 
 Goal Validation Loss: 0.1556 
 MIE Validation Loss: 0.0002 
 MSE R Validation Loss: 0.0439 
 BCE G Validation Loss: 0.1115
2024-11-21 16:26:27,930 - INFO - ===================================================================================
2024-11-21 16:26:27,931 - INFO - Completed in 3h 26m
2024-11-21 16:29:47,315 - INFO - 90 Test Returns: 57.6
2024-11-21 16:29:47,345 - INFO - Model checkpoint saved at training_output/20241121_125958/models/epoch_90.pth
2024-11-21 16:29:52,921 - INFO - Epoch [91/100], Batch [0/4]
 Dt Loss: 0.0152
 Goal Loss: 0.1162, MIE Loss: 0.0003
 MSE Loss R: 0.0151, BCE Loss G: 0.1008
2024-11-21 16:29:58,689 - INFO - Epoch [91/100] completed. Average Goal Loss: 0.1634
2024-11-21 16:29:58,689 - INFO - Epoch [91/100] completed. Average Action Loss: 0.0152
2024-11-21 16:29:58,689 - INFO - ===================================================================================
2024-11-21 16:30:13,335 - INFO - Epoch [91/100]
Action Validation Loss: 0.0135 
 Goal Validation Loss: 0.1574 
 MIE Validation Loss: 0.0005 
 MSE R Validation Loss: 0.0439 
 BCE G Validation Loss: 0.1129
2024-11-21 16:30:13,335 - INFO - ===================================================================================
2024-11-21 16:30:13,336 - INFO - Completed in 3h 30m
2024-11-21 16:30:19,085 - INFO - Epoch [92/100], Batch [0/4]
 Dt Loss: 0.0149
 Goal Loss: 0.1315, MIE Loss: 0.0004
 MSE Loss R: 0.0268, BCE Loss G: 0.1042
2024-11-21 16:30:24,902 - INFO - Epoch [92/100] completed. Average Goal Loss: 0.1646
2024-11-21 16:30:24,903 - INFO - Epoch [92/100] completed. Average Action Loss: 0.0151
2024-11-21 16:30:24,903 - INFO - ===================================================================================
2024-11-21 16:30:40,251 - INFO - Epoch [92/100]
Action Validation Loss: 0.0136 
 Goal Validation Loss: 0.1571 
 MIE Validation Loss: 0.0004 
 MSE R Validation Loss: 0.0456 
 BCE G Validation Loss: 0.1112
2024-11-21 16:30:40,251 - INFO - ===================================================================================
2024-11-21 16:30:40,252 - INFO - Completed in 3h 30m
2024-11-21 16:33:53,934 - INFO - 92 Test Returns: 57.6
2024-11-21 16:33:53,976 - INFO - Model checkpoint saved at training_output/20241121_125958/models/epoch_92.pth
2024-11-21 16:34:00,581 - INFO - Epoch [93/100], Batch [0/4]
 Dt Loss: 0.0151
 Goal Loss: 0.1263, MIE Loss: 0.0002
 MSE Loss R: 0.0203, BCE Loss G: 0.1059
2024-11-21 16:34:06,619 - INFO - Epoch [93/100] completed. Average Goal Loss: 0.1761
2024-11-21 16:34:06,619 - INFO - Epoch [93/100] completed. Average Action Loss: 0.0152
2024-11-21 16:34:06,619 - INFO - ===================================================================================
2024-11-21 16:34:22,545 - INFO - Epoch [93/100]
Action Validation Loss: 0.0130 
 Goal Validation Loss: 0.1625 
 MIE Validation Loss: 0.0001 
 MSE R Validation Loss: 0.0511 
 BCE G Validation Loss: 0.1113
2024-11-21 16:34:22,545 - INFO - ===================================================================================
2024-11-21 16:34:22,546 - INFO - Completed in 3h 34m
2024-11-21 16:34:28,740 - INFO - Epoch [94/100], Batch [0/4]
 Dt Loss: 0.0152
 Goal Loss: 0.1344, MIE Loss: 0.0001
 MSE Loss R: 0.0294, BCE Loss G: 0.1050
2024-11-21 16:34:34,764 - INFO - Epoch [94/100] completed. Average Goal Loss: 0.1355
2024-11-21 16:34:34,764 - INFO - Epoch [94/100] completed. Average Action Loss: 0.0151
2024-11-21 16:34:34,764 - INFO - ===================================================================================
2024-11-21 16:34:50,396 - INFO - Epoch [94/100]
Action Validation Loss: 0.0133 
 Goal Validation Loss: 0.1561 
 MIE Validation Loss: 0.0005 
 MSE R Validation Loss: 0.0446 
 BCE G Validation Loss: 0.1110
2024-11-21 16:34:50,397 - INFO - ===================================================================================
2024-11-21 16:34:50,397 - INFO - Completed in 3h 34m
2024-11-21 16:38:09,865 - INFO - 94 Test Returns: 54.6
2024-11-21 16:38:09,896 - INFO - Model checkpoint saved at training_output/20241121_125958/models/epoch_94.pth
2024-11-21 16:38:15,743 - INFO - Epoch [95/100], Batch [0/4]
 Dt Loss: 0.0148
 Goal Loss: 0.1436, MIE Loss: 0.0002
 MSE Loss R: 0.0283, BCE Loss G: 0.1151
2024-11-21 16:38:21,832 - INFO - Epoch [95/100] completed. Average Goal Loss: 0.1478
2024-11-21 16:38:21,833 - INFO - Epoch [95/100] completed. Average Action Loss: 0.0149
2024-11-21 16:38:21,833 - INFO - ===================================================================================
2024-11-21 16:38:37,628 - INFO - Epoch [95/100]
Action Validation Loss: 0.0132 
 Goal Validation Loss: 0.1562 
 MIE Validation Loss: 0.0006 
 MSE R Validation Loss: 0.0442 
 BCE G Validation Loss: 0.1114
2024-11-21 16:38:37,628 - INFO - ===================================================================================
2024-11-21 16:38:37,628 - INFO - Completed in 3h 38m
2024-11-21 16:38:43,533 - INFO - Epoch [96/100], Batch [0/4]
 Dt Loss: 0.0150
 Goal Loss: 0.1204, MIE Loss: 0.0004
 MSE Loss R: 0.0170, BCE Loss G: 0.1030
2024-11-21 16:38:49,606 - INFO - Epoch [96/100] completed. Average Goal Loss: 0.1190
2024-11-21 16:38:49,607 - INFO - Epoch [96/100] completed. Average Action Loss: 0.0150
2024-11-21 16:38:49,607 - INFO - ===================================================================================
2024-11-21 16:39:05,561 - INFO - Epoch [96/100]
Action Validation Loss: 0.0126 
 Goal Validation Loss: 0.1589 
 MIE Validation Loss: 0.0005 
 MSE R Validation Loss: 0.0463 
 BCE G Validation Loss: 0.1120
2024-11-21 16:39:05,561 - INFO - ===================================================================================
2024-11-21 16:39:05,562 - INFO - Completed in 3h 38m
2024-11-21 16:42:21,268 - INFO - 96 Test Returns: 57.2
2024-11-21 16:42:21,304 - INFO - Model checkpoint saved at training_output/20241121_125958/models/epoch_96.pth
2024-11-21 16:42:27,537 - INFO - Epoch [97/100], Batch [0/4]
 Dt Loss: 0.0147
 Goal Loss: 0.2970, MIE Loss: 0.0012
 MSE Loss R: 0.1522, BCE Loss G: 0.1437
2024-11-21 16:42:33,408 - INFO - Epoch [97/100] completed. Average Goal Loss: 0.1939
2024-11-21 16:42:33,408 - INFO - Epoch [97/100] completed. Average Action Loss: 0.0149
2024-11-21 16:42:33,409 - INFO - ===================================================================================
2024-11-21 16:42:48,764 - INFO - Epoch [97/100]
Action Validation Loss: 0.0130 
 Goal Validation Loss: 0.1607 
 MIE Validation Loss: 0.0003 
 MSE R Validation Loss: 0.0483 
 BCE G Validation Loss: 0.1120
2024-11-21 16:42:48,765 - INFO - ===================================================================================
2024-11-21 16:42:48,765 - INFO - Completed in 3h 42m
2024-11-21 16:42:55,035 - INFO - Epoch [98/100], Batch [0/4]
 Dt Loss: 0.0148
 Goal Loss: 0.1398, MIE Loss: 0.0002
 MSE Loss R: 0.0228, BCE Loss G: 0.1168
2024-11-21 16:43:01,234 - INFO - Epoch [98/100] completed. Average Goal Loss: 0.1756
2024-11-21 16:43:01,234 - INFO - Epoch [98/100] completed. Average Action Loss: 0.0148
2024-11-21 16:43:01,234 - INFO - ===================================================================================
2024-11-21 16:43:16,449 - INFO - Epoch [98/100]
Action Validation Loss: 0.0128 
 Goal Validation Loss: 0.1609 
 MIE Validation Loss: 0.0003 
 MSE R Validation Loss: 0.0494 
 BCE G Validation Loss: 0.1112
2024-11-21 16:43:16,450 - INFO - ===================================================================================
2024-11-21 16:43:16,450 - INFO - Completed in 3h 43m
2024-11-21 16:46:33,346 - INFO - 98 Test Returns: 55.4
2024-11-21 16:46:33,379 - INFO - Model checkpoint saved at training_output/20241121_125958/models/epoch_98.pth
2024-11-21 16:46:39,245 - INFO - Epoch [99/100], Batch [0/4]
 Dt Loss: 0.0152
 Goal Loss: 0.1416, MIE Loss: 0.0008
 MSE Loss R: 0.0394, BCE Loss G: 0.1014
2024-11-21 16:46:45,117 - INFO - Epoch [99/100] completed. Average Goal Loss: 0.2133
2024-11-21 16:46:45,117 - INFO - Epoch [99/100] completed. Average Action Loss: 0.0149
2024-11-21 16:46:45,117 - INFO - ===================================================================================
2024-11-21 16:47:00,658 - INFO - Epoch [99/100]
Action Validation Loss: 0.0126 
 Goal Validation Loss: 0.1656 
 MIE Validation Loss: 0.0001 
 MSE R Validation Loss: 0.0534 
 BCE G Validation Loss: 0.1121
2024-11-21 16:47:00,658 - INFO - ===================================================================================
2024-11-21 16:47:00,659 - INFO - Completed in 3h 46m
2024-11-21 16:47:06,451 - INFO - Epoch [100/100], Batch [0/4]
 Dt Loss: 0.0150
 Goal Loss: 0.1932, MIE Loss: 0.0006
 MSE Loss R: 0.0597, BCE Loss G: 0.1328
2024-11-21 16:47:12,203 - INFO - Epoch [100/100] completed. Average Goal Loss: 0.1567
2024-11-21 16:47:12,203 - INFO - Epoch [100/100] completed. Average Action Loss: 0.0148
2024-11-21 16:47:12,203 - INFO - ===================================================================================
2024-11-21 16:47:26,838 - INFO - Epoch [100/100]
Action Validation Loss: 0.0130 
 Goal Validation Loss: 0.1560 
 MIE Validation Loss: 0.0008 
 MSE R Validation Loss: 0.0443 
 BCE G Validation Loss: 0.1110
2024-11-21 16:47:26,838 - INFO - ===================================================================================
2024-11-21 16:47:26,839 - INFO - Completed in 3h 47m
2024-11-21 16:50:46,644 - INFO - 100 Test Returns: 57.4
2024-11-21 16:50:46,682 - INFO - Model checkpoint saved at training_output/20241121_125958/models/epoch_100.pth
2024-11-21 16:50:46,919 - INFO - Training completed.
