2024-11-20 11:05:00,561 - INFO - Starting.
2024-11-20 11:05:00,562 - INFO - Loading Data.
2024-11-20 11:06:04,053 - INFO - Data loaded in 0.0 hours 1.0 minutes.
2024-11-20 11:06:04,060 - INFO - Training Started.
2024-11-20 11:06:07,489 - INFO - Epoch [1/500], Batch [0/8]
 Dt Loss: 0.0871
 Goal Loss: 37.9541, MIE Loss: 35.8619
 MSE Loss R: 1.3623, BCE Loss G: 0.7299
2024-11-20 11:06:14,799 - INFO - Epoch [1/500] completed. Average Goal Loss: 6.8826
2024-11-20 11:06:14,799 - INFO - Epoch [1/500] completed. Average Action Loss: 0.0865
2024-11-20 11:06:14,799 - INFO - ===================================================================================
2024-11-20 11:06:27,174 - INFO - Epoch [1/500]
Action Validation Loss: 0.0853 
 Goal Validation Loss: 0.6905 
 MIE Validation Loss: 0.0630 
 MSE R Validation Loss: 0.4827 
 BCE G Validation Loss: 0.1449
2024-11-20 11:06:27,174 - INFO - ===================================================================================
2024-11-20 11:06:27,175 - INFO - Completed in 0h 0m
2024-11-20 11:06:30,999 - INFO - Epoch [2/500], Batch [0/8]
 Dt Loss: 0.0854
 Goal Loss: 1.3340, MIE Loss: 0.0321
 MSE Loss R: 1.1523, BCE Loss G: 0.1496
2024-11-20 11:06:38,436 - INFO - Epoch [2/500] completed. Average Goal Loss: 0.4559
2024-11-20 11:06:38,436 - INFO - Epoch [2/500] completed. Average Action Loss: 0.0843
2024-11-20 11:06:38,437 - INFO - ===================================================================================
2024-11-20 11:06:50,874 - INFO - Epoch [2/500]
Action Validation Loss: 0.0821 
 Goal Validation Loss: 0.6000 
 MIE Validation Loss: 0.0135 
 MSE R Validation Loss: 0.4730 
 BCE G Validation Loss: 0.1135
2024-11-20 11:06:50,875 - INFO - ===================================================================================
2024-11-20 11:06:50,875 - INFO - Completed in 0h 0m
2024-11-20 11:06:54,477 - INFO - Epoch [3/500], Batch [0/8]
 Dt Loss: 0.0826
 Goal Loss: 0.2274, MIE Loss: 0.0276
 MSE Loss R: 0.0964, BCE Loss G: 0.1034
2024-11-20 11:07:01,931 - INFO - Epoch [3/500] completed. Average Goal Loss: 0.6001
2024-11-20 11:07:01,931 - INFO - Epoch [3/500] completed. Average Action Loss: 0.0818
2024-11-20 11:07:01,932 - INFO - ===================================================================================
2024-11-20 11:07:14,332 - INFO - Epoch [3/500]
Action Validation Loss: 0.0796 
 Goal Validation Loss: 0.6002 
 MIE Validation Loss: 0.0161 
 MSE R Validation Loss: 0.4714 
 BCE G Validation Loss: 0.1127
2024-11-20 11:07:14,332 - INFO - ===================================================================================
2024-11-20 11:07:14,332 - INFO - Completed in 0h 1m
2024-11-20 11:07:17,944 - INFO - Epoch [4/500], Batch [0/8]
 Dt Loss: 0.0806
 Goal Loss: 0.3546, MIE Loss: 0.0301
 MSE Loss R: 0.2228, BCE Loss G: 0.1016
2024-11-20 11:07:25,340 - INFO - Epoch [4/500] completed. Average Goal Loss: 0.6929
2024-11-20 11:07:25,341 - INFO - Epoch [4/500] completed. Average Action Loss: 0.0792
2024-11-20 11:07:25,341 - INFO - ===================================================================================
2024-11-20 11:07:38,088 - INFO - Epoch [4/500]
Action Validation Loss: 0.0766 
 Goal Validation Loss: 0.5662 
 MIE Validation Loss: 0.0110 
 MSE R Validation Loss: 0.4424 
 BCE G Validation Loss: 0.1128
2024-11-20 11:07:38,088 - INFO - ===================================================================================
2024-11-20 11:07:38,088 - INFO - Completed in 0h 1m
2024-11-20 11:07:41,626 - INFO - Epoch [5/500], Batch [0/8]
 Dt Loss: 0.0775
 Goal Loss: 0.2090, MIE Loss: 0.0088
 MSE Loss R: 0.1020, BCE Loss G: 0.0982
2024-11-20 11:07:48,940 - INFO - Epoch [5/500] completed. Average Goal Loss: 0.5611
2024-11-20 11:07:48,940 - INFO - Epoch [5/500] completed. Average Action Loss: 0.0757
2024-11-20 11:07:48,940 - INFO - ===================================================================================
2024-11-20 11:08:01,209 - INFO - Epoch [5/500]
Action Validation Loss: 0.0714 
 Goal Validation Loss: 0.6817 
 MIE Validation Loss: 0.0022 
 MSE R Validation Loss: 0.5663 
 BCE G Validation Loss: 0.1132
2024-11-20 11:08:01,210 - INFO - ===================================================================================
2024-11-20 11:08:01,210 - INFO - Completed in 0h 1m
2024-11-20 11:08:04,731 - INFO - Epoch [6/500], Batch [0/8]
 Dt Loss: 0.0726
 Goal Loss: 1.1756, MIE Loss: 0.0217
 MSE Loss R: 1.0229, BCE Loss G: 0.1311
2024-11-20 11:08:12,181 - INFO - Epoch [6/500] completed. Average Goal Loss: 0.6590
2024-11-20 11:08:12,182 - INFO - Epoch [6/500] completed. Average Action Loss: 0.0675
2024-11-20 11:08:12,182 - INFO - ===================================================================================
2024-11-20 11:08:24,711 - INFO - Epoch [6/500]
Action Validation Loss: 0.0593 
 Goal Validation Loss: 0.8047 
 MIE Validation Loss: 0.0224 
 MSE R Validation Loss: 0.6647 
 BCE G Validation Loss: 0.1176
2024-11-20 11:08:24,712 - INFO - ===================================================================================
2024-11-20 11:08:24,712 - INFO - Completed in 0h 2m
2024-11-20 11:08:28,252 - INFO - Epoch [7/500], Batch [0/8]
 Dt Loss: 0.0611
 Goal Loss: 0.4876, MIE Loss: 0.0152
 MSE Loss R: 0.3622, BCE Loss G: 0.1102
2024-11-20 11:08:35,965 - INFO - Epoch [7/500] completed. Average Goal Loss: 0.4718
2024-11-20 11:08:35,966 - INFO - Epoch [7/500] completed. Average Action Loss: 0.0556
2024-11-20 11:08:35,966 - INFO - ===================================================================================
2024-11-20 11:08:48,296 - INFO - Epoch [7/500]
Action Validation Loss: 0.0499 
 Goal Validation Loss: 0.5711 
 MIE Validation Loss: 0.0026 
 MSE R Validation Loss: 0.4541 
 BCE G Validation Loss: 0.1144
2024-11-20 11:08:48,297 - INFO - ===================================================================================
2024-11-20 11:08:48,297 - INFO - Completed in 0h 2m
2024-11-20 11:08:51,747 - INFO - Epoch [8/500], Batch [0/8]
 Dt Loss: 0.0508
 Goal Loss: 0.2965, MIE Loss: 0.0275
 MSE Loss R: 0.1628, BCE Loss G: 0.1062
2024-11-20 11:08:59,174 - INFO - Epoch [8/500] completed. Average Goal Loss: 0.4786
2024-11-20 11:08:59,174 - INFO - Epoch [8/500] completed. Average Action Loss: 0.0493
2024-11-20 11:08:59,175 - INFO - ===================================================================================
2024-11-20 11:09:11,801 - INFO - Epoch [8/500]
Action Validation Loss: 0.0463 
 Goal Validation Loss: 0.6658 
 MIE Validation Loss: 0.0008 
 MSE R Validation Loss: 0.5502 
 BCE G Validation Loss: 0.1147
2024-11-20 11:09:11,801 - INFO - ===================================================================================
2024-11-20 11:09:11,802 - INFO - Completed in 0h 3m
2024-11-20 11:09:15,283 - INFO - Epoch [9/500], Batch [0/8]
 Dt Loss: 0.0476
 Goal Loss: 0.4654, MIE Loss: 0.0005
 MSE Loss R: 0.3511, BCE Loss G: 0.1138
2024-11-20 11:09:22,615 - INFO - Epoch [9/500] completed. Average Goal Loss: 0.4895
2024-11-20 11:09:22,615 - INFO - Epoch [9/500] completed. Average Action Loss: 0.0462
2024-11-20 11:09:22,616 - INFO - ===================================================================================
2024-11-20 11:09:35,169 - INFO - Epoch [9/500]
Action Validation Loss: 0.0438 
 Goal Validation Loss: 1.7447 
 MIE Validation Loss: 0.0001 
 MSE R Validation Loss: 1.6236 
 BCE G Validation Loss: 0.1210
2024-11-20 11:09:35,169 - INFO - ===================================================================================
2024-11-20 11:09:35,169 - INFO - Completed in 0h 3m
2024-11-20 11:09:38,682 - INFO - Epoch [10/500], Batch [0/8]
 Dt Loss: 0.0447
 Goal Loss: 0.9150, MIE Loss: 0.0000
 MSE Loss R: 0.8054, BCE Loss G: 0.1096
2024-11-20 11:09:46,791 - INFO - Epoch [10/500] completed. Average Goal Loss: 0.4225
2024-11-20 11:09:46,792 - INFO - Epoch [10/500] completed. Average Action Loss: 0.0439
2024-11-20 11:09:46,792 - INFO - ===================================================================================
2024-11-20 11:09:59,366 - INFO - Epoch [10/500]
Action Validation Loss: 0.0412 
 Goal Validation Loss: 0.5952 
 MIE Validation Loss: 0.0368 
 MSE R Validation Loss: 0.4445 
 BCE G Validation Loss: 0.1138
2024-11-20 11:09:59,367 - INFO - ===================================================================================
2024-11-20 11:09:59,367 - INFO - Completed in 0h 3m
2024-11-20 11:09:59,387 - INFO - Model checkpoint saved at training_output/20241120_110459/models/epoch_10.pth
2024-11-20 11:10:02,879 - INFO - Epoch [11/500], Batch [0/8]
 Dt Loss: 0.0430
 Goal Loss: 0.3009, MIE Loss: 0.0106
 MSE Loss R: 0.1873, BCE Loss G: 0.1030
2024-11-20 11:10:10,393 - INFO - Epoch [11/500] completed. Average Goal Loss: 0.2978
2024-11-20 11:10:10,394 - INFO - Epoch [11/500] completed. Average Action Loss: 0.0421
2024-11-20 11:10:10,394 - INFO - ===================================================================================
2024-11-20 11:10:22,873 - INFO - Epoch [11/500]
Action Validation Loss: 0.0403 
 Goal Validation Loss: 0.5711 
 MIE Validation Loss: 0.0003 
 MSE R Validation Loss: 0.4575 
 BCE G Validation Loss: 0.1134
2024-11-20 11:10:22,874 - INFO - ===================================================================================
2024-11-20 11:10:22,874 - INFO - Completed in 0h 4m
2024-11-20 11:10:26,591 - INFO - Epoch [12/500], Batch [0/8]
 Dt Loss: 0.0422
 Goal Loss: 0.2535, MIE Loss: 0.0001
 MSE Loss R: 0.1533, BCE Loss G: 0.1001
2024-11-20 11:10:33,808 - INFO - Epoch [12/500] completed. Average Goal Loss: 0.3680
2024-11-20 11:10:33,809 - INFO - Epoch [12/500] completed. Average Action Loss: 0.0406
2024-11-20 11:10:33,809 - INFO - ===================================================================================
2024-11-20 11:10:46,303 - INFO - Epoch [12/500]
Action Validation Loss: 0.0381 
 Goal Validation Loss: 0.5836 
 MIE Validation Loss: 0.0001 
 MSE R Validation Loss: 0.4700 
 BCE G Validation Loss: 0.1135
2024-11-20 11:10:46,304 - INFO - ===================================================================================
2024-11-20 11:10:46,304 - INFO - Completed in 0h 4m
2024-11-20 11:10:49,806 - INFO - Epoch [13/500], Batch [0/8]
 Dt Loss: 0.0395
 Goal Loss: 0.3049, MIE Loss: 0.0049
 MSE Loss R: 0.1888, BCE Loss G: 0.1112
2024-11-20 11:10:57,111 - INFO - Epoch [13/500] completed. Average Goal Loss: 0.2489
2024-11-20 11:10:57,111 - INFO - Epoch [13/500] completed. Average Action Loss: 0.0388
2024-11-20 11:10:57,112 - INFO - ===================================================================================
2024-11-20 11:11:09,770 - INFO - Epoch [13/500]
Action Validation Loss: 0.0363 
 Goal Validation Loss: 0.6706 
 MIE Validation Loss: 0.0022 
 MSE R Validation Loss: 0.5566 
 BCE G Validation Loss: 0.1117
2024-11-20 11:11:09,771 - INFO - ===================================================================================
2024-11-20 11:11:09,771 - INFO - Completed in 0h 5m
2024-11-20 11:11:13,556 - INFO - Epoch [14/500], Batch [0/8]
 Dt Loss: 0.0379
 Goal Loss: 0.1579, MIE Loss: 0.0009
 MSE Loss R: 0.0570, BCE Loss G: 0.1000
2024-11-20 11:11:20,739 - INFO - Epoch [14/500] completed. Average Goal Loss: 0.5203
2024-11-20 11:11:20,740 - INFO - Epoch [14/500] completed. Average Action Loss: 0.0379
2024-11-20 11:11:20,740 - INFO - ===================================================================================
2024-11-20 11:11:33,320 - INFO - Epoch [14/500]
Action Validation Loss: 0.0349 
 Goal Validation Loss: 0.6399 
 MIE Validation Loss: 0.0000 
 MSE R Validation Loss: 0.5278 
 BCE G Validation Loss: 0.1121
2024-11-20 11:11:33,321 - INFO - ===================================================================================
2024-11-20 11:11:33,321 - INFO - Completed in 0h 5m
2024-11-20 11:11:36,729 - INFO - Epoch [15/500], Batch [0/8]
 Dt Loss: 0.0366
 Goal Loss: 0.1519, MIE Loss: 0.0000
 MSE Loss R: 0.0562, BCE Loss G: 0.0957
2024-11-20 11:11:44,297 - INFO - Epoch [15/500] completed. Average Goal Loss: 0.4557
2024-11-20 11:11:44,297 - INFO - Epoch [15/500] completed. Average Action Loss: 0.0366
2024-11-20 11:11:44,297 - INFO - ===================================================================================
2024-11-20 11:11:57,018 - INFO - Epoch [15/500]
Action Validation Loss: 0.0331 
 Goal Validation Loss: 0.5559 
 MIE Validation Loss: 0.0001 
 MSE R Validation Loss: 0.4406 
 BCE G Validation Loss: 0.1153
2024-11-20 11:11:57,018 - INFO - ===================================================================================
2024-11-20 11:11:57,019 - INFO - Completed in 0h 5m
2024-11-20 11:12:00,375 - INFO - Epoch [16/500], Batch [0/8]
 Dt Loss: 0.0354
 Goal Loss: 0.2072, MIE Loss: 0.0000
 MSE Loss R: 0.1076, BCE Loss G: 0.0996
2024-11-20 11:12:07,859 - INFO - Epoch [16/500] completed. Average Goal Loss: 0.2541
2024-11-20 11:12:07,860 - INFO - Epoch [16/500] completed. Average Action Loss: 0.0351
2024-11-20 11:12:07,860 - INFO - ===================================================================================
2024-11-20 11:12:20,520 - INFO - Epoch [16/500]
Action Validation Loss: 0.0328 
 Goal Validation Loss: 0.6010 
 MIE Validation Loss: 0.0000 
 MSE R Validation Loss: 0.4888 
 BCE G Validation Loss: 0.1121
2024-11-20 11:12:20,521 - INFO - ===================================================================================
2024-11-20 11:12:20,521 - INFO - Completed in 0h 6m
2024-11-20 11:12:23,982 - INFO - Epoch [17/500], Batch [0/8]
 Dt Loss: 0.0355
 Goal Loss: 0.2548, MIE Loss: 0.0000
 MSE Loss R: 0.1489, BCE Loss G: 0.1059
2024-11-20 11:12:31,279 - INFO - Epoch [17/500] completed. Average Goal Loss: 0.7552
2024-11-20 11:12:31,280 - INFO - Epoch [17/500] completed. Average Action Loss: 0.0350
2024-11-20 11:12:31,280 - INFO - ===================================================================================
2024-11-20 11:12:43,809 - INFO - Epoch [17/500]
Action Validation Loss: 0.0316 
 Goal Validation Loss: 0.5610 
 MIE Validation Loss: 0.0000 
 MSE R Validation Loss: 0.4468 
 BCE G Validation Loss: 0.1141
2024-11-20 11:12:43,809 - INFO - ===================================================================================
2024-11-20 11:12:43,809 - INFO - Completed in 0h 6m
2024-11-20 11:12:47,439 - INFO - Epoch [18/500], Batch [0/8]
 Dt Loss: 0.0343
 Goal Loss: 1.1692, MIE Loss: 0.0002
 MSE Loss R: 1.0263, BCE Loss G: 0.1427
2024-11-20 11:12:54,644 - INFO - Epoch [18/500] completed. Average Goal Loss: 0.5167
2024-11-20 11:12:54,644 - INFO - Epoch [18/500] completed. Average Action Loss: 0.0340
2024-11-20 11:12:54,644 - INFO - ===================================================================================
2024-11-20 11:13:07,732 - INFO - Epoch [18/500]
Action Validation Loss: 0.0313 
 Goal Validation Loss: 0.5523 
 MIE Validation Loss: 0.0000 
 MSE R Validation Loss: 0.4401 
 BCE G Validation Loss: 0.1122
2024-11-20 11:13:07,733 - INFO - ===================================================================================
2024-11-20 11:13:07,733 - INFO - Completed in 0h 7m
2024-11-20 11:13:11,422 - INFO - Epoch [19/500], Batch [0/8]
 Dt Loss: 0.0330
 Goal Loss: 1.1408, MIE Loss: 0.0010
 MSE Loss R: 1.0028, BCE Loss G: 0.1370
2024-11-20 11:13:19,298 - INFO - Epoch [19/500] completed. Average Goal Loss: 0.5852
2024-11-20 11:13:19,298 - INFO - Epoch [19/500] completed. Average Action Loss: 0.0332
2024-11-20 11:13:19,298 - INFO - ===================================================================================
2024-11-20 11:13:31,743 - INFO - Epoch [19/500]
Action Validation Loss: 0.0313 
 Goal Validation Loss: 0.5891 
 MIE Validation Loss: 0.0103 
 MSE R Validation Loss: 0.4668 
 BCE G Validation Loss: 0.1119
2024-11-20 11:13:31,744 - INFO - ===================================================================================
2024-11-20 11:13:31,744 - INFO - Completed in 0h 7m
2024-11-20 11:13:35,096 - INFO - Epoch [20/500], Batch [0/8]
 Dt Loss: 0.0335
 Goal Loss: 0.8200, MIE Loss: 0.0028
 MSE Loss R: 0.6908, BCE Loss G: 0.1263
2024-11-20 11:13:42,270 - INFO - Epoch [20/500] completed. Average Goal Loss: 0.6547
2024-11-20 11:13:42,271 - INFO - Epoch [20/500] completed. Average Action Loss: 0.0329
2024-11-20 11:13:42,271 - INFO - ===================================================================================
2024-11-20 11:13:54,686 - INFO - Epoch [20/500]
Action Validation Loss: 0.0305 
 Goal Validation Loss: 0.5529 
 MIE Validation Loss: 0.0006 
 MSE R Validation Loss: 0.4399 
 BCE G Validation Loss: 0.1125
2024-11-20 11:13:54,687 - INFO - ===================================================================================
2024-11-20 11:13:54,687 - INFO - Completed in 0h 7m
2024-11-20 11:13:54,708 - INFO - Model checkpoint saved at training_output/20241120_110459/models/epoch_20.pth
2024-11-20 11:13:58,138 - INFO - Epoch [21/500], Batch [0/8]
 Dt Loss: 0.0324
 Goal Loss: 0.2322, MIE Loss: 0.0002
 MSE Loss R: 0.1294, BCE Loss G: 0.1026
2024-11-20 11:14:05,551 - INFO - Epoch [21/500] completed. Average Goal Loss: 0.4967
2024-11-20 11:14:05,551 - INFO - Epoch [21/500] completed. Average Action Loss: 0.0327
2024-11-20 11:14:05,552 - INFO - ===================================================================================
2024-11-20 11:14:18,115 - INFO - Epoch [21/500]
Action Validation Loss: 0.0299 
 Goal Validation Loss: 0.5800 
 MIE Validation Loss: 0.0001 
 MSE R Validation Loss: 0.4672 
 BCE G Validation Loss: 0.1127
2024-11-20 11:14:18,116 - INFO - ===================================================================================
2024-11-20 11:14:18,116 - INFO - Completed in 0h 8m
2024-11-20 11:14:21,574 - INFO - Epoch [22/500], Batch [0/8]
 Dt Loss: 0.0329
 Goal Loss: 1.0461, MIE Loss: 0.0001
 MSE Loss R: 0.9152, BCE Loss G: 0.1309
2024-11-20 11:14:29,007 - INFO - Epoch [22/500] completed. Average Goal Loss: 0.5775
2024-11-20 11:14:29,007 - INFO - Epoch [22/500] completed. Average Action Loss: 0.0323
2024-11-20 11:14:29,007 - INFO - ===================================================================================
2024-11-20 11:14:41,538 - INFO - Epoch [22/500]
Action Validation Loss: 0.0298 
 Goal Validation Loss: 0.5773 
 MIE Validation Loss: 0.0000 
 MSE R Validation Loss: 0.4646 
 BCE G Validation Loss: 0.1128
2024-11-20 11:14:41,539 - INFO - ===================================================================================
2024-11-20 11:14:41,539 - INFO - Completed in 0h 8m
2024-11-20 11:14:44,933 - INFO - Epoch [23/500], Batch [0/8]
 Dt Loss: 0.0326
 Goal Loss: 0.2710, MIE Loss: 0.0000
 MSE Loss R: 0.1632, BCE Loss G: 0.1079
2024-11-20 11:14:52,213 - INFO - Epoch [23/500] completed. Average Goal Loss: 0.4188
2024-11-20 11:14:52,214 - INFO - Epoch [23/500] completed. Average Action Loss: 0.0314
2024-11-20 11:14:52,214 - INFO - ===================================================================================
2024-11-20 11:15:04,739 - INFO - Epoch [23/500]
Action Validation Loss: 0.0299 
 Goal Validation Loss: 0.5901 
 MIE Validation Loss: 0.0000 
 MSE R Validation Loss: 0.4778 
 BCE G Validation Loss: 0.1123
2024-11-20 11:15:04,740 - INFO - ===================================================================================
2024-11-20 11:15:04,740 - INFO - Completed in 0h 9m
2024-11-20 11:15:08,270 - INFO - Epoch [24/500], Batch [0/8]
 Dt Loss: 0.0309
 Goal Loss: 0.3047, MIE Loss: 0.0000
 MSE Loss R: 0.1942, BCE Loss G: 0.1105
2024-11-20 11:15:15,090 - INFO - Epoch [24/500] completed. Average Goal Loss: 0.2561
2024-11-20 11:15:15,091 - INFO - Epoch [24/500] completed. Average Action Loss: 0.0316
2024-11-20 11:15:15,091 - INFO - ===================================================================================
2024-11-20 11:15:27,684 - INFO - Epoch [24/500]
Action Validation Loss: 0.0294 
 Goal Validation Loss: 0.6131 
 MIE Validation Loss: 0.0016 
 MSE R Validation Loss: 0.4991 
 BCE G Validation Loss: 0.1124
2024-11-20 11:15:27,685 - INFO - ===================================================================================
2024-11-20 11:15:27,685 - INFO - Completed in 0h 9m
2024-11-20 11:15:31,255 - INFO - Epoch [25/500], Batch [0/8]
 Dt Loss: 0.0315
 Goal Loss: 0.2441, MIE Loss: 0.0007
 MSE Loss R: 0.1382, BCE Loss G: 0.1052
2024-11-20 11:15:39,180 - INFO - Epoch [25/500] completed. Average Goal Loss: 0.3572
2024-11-20 11:15:39,180 - INFO - Epoch [25/500] completed. Average Action Loss: 0.0314
2024-11-20 11:15:39,180 - INFO - ===================================================================================
2024-11-20 11:15:51,752 - INFO - Epoch [25/500]
Action Validation Loss: 0.0296 
 Goal Validation Loss: 0.5974 
 MIE Validation Loss: 0.0000 
 MSE R Validation Loss: 0.4838 
 BCE G Validation Loss: 0.1135
2024-11-20 11:15:51,752 - INFO - ===================================================================================
2024-11-20 11:15:51,752 - INFO - Completed in 0h 9m
2024-11-20 11:16:26,402 - INFO - 25 Test Returns: 42.0
2024-11-20 11:16:29,904 - INFO - Epoch [26/500], Batch [0/8]
 Dt Loss: 0.0313
 Goal Loss: 0.5947, MIE Loss: 0.0000
 MSE Loss R: 0.4753, BCE Loss G: 0.1194
2024-11-20 11:16:37,317 - INFO - Epoch [26/500] completed. Average Goal Loss: 0.2653
2024-11-20 11:16:37,317 - INFO - Epoch [26/500] completed. Average Action Loss: 0.0310
2024-11-20 11:16:37,318 - INFO - ===================================================================================
2024-11-20 11:16:50,036 - INFO - Epoch [26/500]
Action Validation Loss: 0.0293 
 Goal Validation Loss: 0.6306 
 MIE Validation Loss: 0.0012 
 MSE R Validation Loss: 0.5174 
 BCE G Validation Loss: 0.1119
2024-11-20 11:16:50,036 - INFO - ===================================================================================
2024-11-20 11:16:50,036 - INFO - Completed in 0h 10m
2024-11-20 11:16:53,603 - INFO - Epoch [27/500], Batch [0/8]
 Dt Loss: 0.0313
 Goal Loss: 0.1916, MIE Loss: 0.0007
 MSE Loss R: 0.0897, BCE Loss G: 0.1012
2024-11-20 11:17:00,953 - INFO - Epoch [27/500] completed. Average Goal Loss: 0.4907
2024-11-20 11:17:00,954 - INFO - Epoch [27/500] completed. Average Action Loss: 0.0310
2024-11-20 11:17:00,954 - INFO - ===================================================================================
2024-11-20 11:17:14,120 - INFO - Epoch [27/500]
Action Validation Loss: 0.0286 
 Goal Validation Loss: 0.5790 
 MIE Validation Loss: 0.0000 
 MSE R Validation Loss: 0.4671 
 BCE G Validation Loss: 0.1118
2024-11-20 11:17:14,121 - INFO - ===================================================================================
2024-11-20 11:17:14,121 - INFO - Completed in 0h 11m
2024-11-20 11:17:17,662 - INFO - Epoch [28/500], Batch [0/8]
 Dt Loss: 0.0296
 Goal Loss: 1.5711, MIE Loss: 0.0000
 MSE Loss R: 1.4308, BCE Loss G: 0.1402
2024-11-20 11:17:25,027 - INFO - Epoch [28/500] completed. Average Goal Loss: 0.7118
2024-11-20 11:17:25,028 - INFO - Epoch [28/500] completed. Average Action Loss: 0.0305
2024-11-20 11:17:25,028 - INFO - ===================================================================================
2024-11-20 11:17:37,284 - INFO - Epoch [28/500]
Action Validation Loss: 0.0284 
 Goal Validation Loss: 0.6209 
 MIE Validation Loss: 0.0000 
 MSE R Validation Loss: 0.5099 
 BCE G Validation Loss: 0.1110
2024-11-20 11:17:37,284 - INFO - ===================================================================================
2024-11-20 11:17:37,284 - INFO - Completed in 0h 11m
2024-11-20 11:17:40,816 - INFO - Epoch [29/500], Batch [0/8]
 Dt Loss: 0.0306
 Goal Loss: 0.9234, MIE Loss: 0.0000
 MSE Loss R: 0.7981, BCE Loss G: 0.1253
2024-11-20 11:17:47,960 - INFO - Epoch [29/500] completed. Average Goal Loss: 0.5028
2024-11-20 11:17:47,960 - INFO - Epoch [29/500] completed. Average Action Loss: 0.0303
2024-11-20 11:17:47,960 - INFO - ===================================================================================
2024-11-20 11:18:00,449 - INFO - Epoch [29/500]
Action Validation Loss: 0.0280 
 Goal Validation Loss: 0.5985 
 MIE Validation Loss: 0.0000 
 MSE R Validation Loss: 0.4829 
 BCE G Validation Loss: 0.1155
2024-11-20 11:18:00,449 - INFO - ===================================================================================
2024-11-20 11:18:00,450 - INFO - Completed in 0h 11m
2024-11-20 11:18:03,972 - INFO - Epoch [30/500], Batch [0/8]
 Dt Loss: 0.0301
 Goal Loss: 0.6352, MIE Loss: 0.0000
 MSE Loss R: 0.5057, BCE Loss G: 0.1295
2024-11-20 11:18:11,222 - INFO - Epoch [30/500] completed. Average Goal Loss: 0.5134
2024-11-20 11:18:11,222 - INFO - Epoch [30/500] completed. Average Action Loss: 0.0300
2024-11-20 11:18:11,223 - INFO - ===================================================================================
2024-11-20 11:18:23,923 - INFO - Epoch [30/500]
Action Validation Loss: 0.0277 
 Goal Validation Loss: 0.5687 
 MIE Validation Loss: 0.0001 
 MSE R Validation Loss: 0.4572 
 BCE G Validation Loss: 0.1114
2024-11-20 11:18:23,924 - INFO - ===================================================================================
2024-11-20 11:18:23,924 - INFO - Completed in 0h 12m
2024-11-20 11:18:23,945 - INFO - Model checkpoint saved at training_output/20241120_110459/models/epoch_30.pth
2024-11-20 11:18:27,539 - INFO - Epoch [31/500], Batch [0/8]
 Dt Loss: 0.0301
 Goal Loss: 1.9622, MIE Loss: 0.0024
 MSE Loss R: 1.8232, BCE Loss G: 0.1367
2024-11-20 11:18:34,861 - INFO - Epoch [31/500] completed. Average Goal Loss: 0.5213
2024-11-20 11:18:34,861 - INFO - Epoch [31/500] completed. Average Action Loss: 0.0301
2024-11-20 11:18:34,861 - INFO - ===================================================================================
2024-11-20 11:18:47,765 - INFO - Epoch [31/500]
Action Validation Loss: 0.0273 
 Goal Validation Loss: 0.5985 
 MIE Validation Loss: 0.0003 
 MSE R Validation Loss: 0.4865 
 BCE G Validation Loss: 0.1117
2024-11-20 11:18:47,766 - INFO - ===================================================================================
2024-11-20 11:18:47,766 - INFO - Completed in 0h 12m
2024-11-20 11:18:51,190 - INFO - Epoch [32/500], Batch [0/8]
 Dt Loss: 0.0293
 Goal Loss: 0.4179, MIE Loss: 0.0001
 MSE Loss R: 0.3052, BCE Loss G: 0.1126
2024-11-20 11:18:58,447 - INFO - Epoch [32/500] completed. Average Goal Loss: 0.4773
2024-11-20 11:18:58,447 - INFO - Epoch [32/500] completed. Average Action Loss: 0.0296
2024-11-20 11:18:58,448 - INFO - ===================================================================================
2024-11-20 11:19:11,039 - INFO - Epoch [32/500]
Action Validation Loss: 0.0274 
 Goal Validation Loss: 0.5628 
 MIE Validation Loss: 0.0001 
 MSE R Validation Loss: 0.4471 
 BCE G Validation Loss: 0.1156
2024-11-20 11:19:11,039 - INFO - ===================================================================================
2024-11-20 11:19:11,040 - INFO - Completed in 0h 13m
2024-11-20 11:19:14,762 - INFO - Epoch [33/500], Batch [0/8]
 Dt Loss: 0.0290
 Goal Loss: 0.8339, MIE Loss: 0.0005
 MSE Loss R: 0.7057, BCE Loss G: 0.1276
2024-11-20 11:19:21,898 - INFO - Epoch [33/500] completed. Average Goal Loss: 0.4001
2024-11-20 11:19:21,899 - INFO - Epoch [33/500] completed. Average Action Loss: 0.0293
2024-11-20 11:19:21,899 - INFO - ===================================================================================
2024-11-20 11:19:34,589 - INFO - Epoch [33/500]
Action Validation Loss: 0.0274 
 Goal Validation Loss: 0.5996 
 MIE Validation Loss: 0.0021 
 MSE R Validation Loss: 0.4855 
 BCE G Validation Loss: 0.1121
2024-11-20 11:19:34,590 - INFO - ===================================================================================
2024-11-20 11:19:34,590 - INFO - Completed in 0h 13m
2024-11-20 11:19:38,050 - INFO - Epoch [34/500], Batch [0/8]
 Dt Loss: 0.0288
 Goal Loss: 0.2222, MIE Loss: 0.0006
 MSE Loss R: 0.1178, BCE Loss G: 0.1038
2024-11-20 11:19:45,482 - INFO - Epoch [34/500] completed. Average Goal Loss: 0.5726
2024-11-20 11:19:45,482 - INFO - Epoch [34/500] completed. Average Action Loss: 0.0292
2024-11-20 11:19:45,482 - INFO - ===================================================================================
2024-11-20 11:19:58,029 - INFO - Epoch [34/500]
Action Validation Loss: 0.0268 
 Goal Validation Loss: 0.5946 
 MIE Validation Loss: 0.0000 
 MSE R Validation Loss: 0.4825 
 BCE G Validation Loss: 0.1121
2024-11-20 11:19:58,030 - INFO - ===================================================================================
2024-11-20 11:19:58,030 - INFO - Completed in 0h 13m
2024-11-20 11:20:01,403 - INFO - Epoch [35/500], Batch [0/8]
 Dt Loss: 0.0293
 Goal Loss: 0.2201, MIE Loss: 0.0000
 MSE Loss R: 0.1156, BCE Loss G: 0.1045
2024-11-20 11:20:08,544 - INFO - Epoch [35/500] completed. Average Goal Loss: 0.4624
2024-11-20 11:20:08,545 - INFO - Epoch [35/500] completed. Average Action Loss: 0.0291
2024-11-20 11:20:08,545 - INFO - ===================================================================================
2024-11-20 11:20:21,579 - INFO - Epoch [35/500]
Action Validation Loss: 0.0265 
 Goal Validation Loss: 0.5561 
 MIE Validation Loss: 0.0002 
 MSE R Validation Loss: 0.4399 
 BCE G Validation Loss: 0.1160
2024-11-20 11:20:21,580 - INFO - ===================================================================================
2024-11-20 11:20:21,580 - INFO - Completed in 0h 14m
2024-11-20 11:20:25,121 - INFO - Epoch [36/500], Batch [0/8]
 Dt Loss: 0.0280
 Goal Loss: 0.3931, MIE Loss: 0.0012
 MSE Loss R: 0.2912, BCE Loss G: 0.1006
2024-11-20 11:20:32,400 - INFO - Epoch [36/500] completed. Average Goal Loss: 0.2485
2024-11-20 11:20:32,400 - INFO - Epoch [36/500] completed. Average Action Loss: 0.0287
2024-11-20 11:20:32,401 - INFO - ===================================================================================
2024-11-20 11:20:45,426 - INFO - Epoch [36/500]
Action Validation Loss: 0.0270 
 Goal Validation Loss: 0.6279 
 MIE Validation Loss: 0.0001 
 MSE R Validation Loss: 0.5152 
 BCE G Validation Loss: 0.1126
2024-11-20 11:20:45,426 - INFO - ===================================================================================
2024-11-20 11:20:45,427 - INFO - Completed in 0h 14m
2024-11-20 11:20:49,140 - INFO - Epoch [37/500], Batch [0/8]
 Dt Loss: 0.0277
 Goal Loss: 1.4147, MIE Loss: 0.0003
 MSE Loss R: 1.2800, BCE Loss G: 0.1344
2024-11-20 11:20:56,674 - INFO - Epoch [37/500] completed. Average Goal Loss: 0.5377
2024-11-20 11:20:56,675 - INFO - Epoch [37/500] completed. Average Action Loss: 0.0282
2024-11-20 11:20:56,675 - INFO - ===================================================================================
2024-11-20 11:21:09,237 - INFO - Epoch [37/500]
Action Validation Loss: 0.0265 
 Goal Validation Loss: 0.5931 
 MIE Validation Loss: 0.0001 
 MSE R Validation Loss: 0.4811 
 BCE G Validation Loss: 0.1118
2024-11-20 11:21:09,237 - INFO - ===================================================================================
2024-11-20 11:21:09,238 - INFO - Completed in 0h 15m
2024-11-20 11:21:12,810 - INFO - Epoch [38/500], Batch [0/8]
 Dt Loss: 0.0284
 Goal Loss: 0.2191, MIE Loss: 0.0001
 MSE Loss R: 0.1208, BCE Loss G: 0.0981
2024-11-20 11:21:20,327 - INFO - Epoch [38/500] completed. Average Goal Loss: 0.4963
2024-11-20 11:21:20,327 - INFO - Epoch [38/500] completed. Average Action Loss: 0.0284
2024-11-20 11:21:20,328 - INFO - ===================================================================================
2024-11-20 11:21:32,905 - INFO - Epoch [38/500]
Action Validation Loss: 0.0265 
 Goal Validation Loss: 0.6273 
 MIE Validation Loss: 0.0001 
 MSE R Validation Loss: 0.5107 
 BCE G Validation Loss: 0.1165
2024-11-20 11:21:32,905 - INFO - ===================================================================================
2024-11-20 11:21:32,905 - INFO - Completed in 0h 15m
2024-11-20 11:21:36,316 - INFO - Epoch [39/500], Batch [0/8]
 Dt Loss: 0.0281
 Goal Loss: 0.5671, MIE Loss: 0.0001
 MSE Loss R: 0.4634, BCE Loss G: 0.1037
2024-11-20 11:21:43,555 - INFO - Epoch [39/500] completed. Average Goal Loss: 0.6253
2024-11-20 11:21:43,555 - INFO - Epoch [39/500] completed. Average Action Loss: 0.0280
2024-11-20 11:21:43,555 - INFO - ===================================================================================
2024-11-20 11:21:56,084 - INFO - Epoch [39/500]
Action Validation Loss: 0.0260 
 Goal Validation Loss: 0.5572 
 MIE Validation Loss: 0.0000 
 MSE R Validation Loss: 0.4456 
 BCE G Validation Loss: 0.1116
2024-11-20 11:21:56,085 - INFO - ===================================================================================
2024-11-20 11:21:56,085 - INFO - Completed in 0h 15m
2024-11-20 11:21:59,715 - INFO - Epoch [40/500], Batch [0/8]
 Dt Loss: 0.0281
 Goal Loss: 0.2889, MIE Loss: 0.0000
 MSE Loss R: 0.1775, BCE Loss G: 0.1114
2024-11-20 11:22:07,012 - INFO - Epoch [40/500] completed. Average Goal Loss: 0.2853
2024-11-20 11:22:07,013 - INFO - Epoch [40/500] completed. Average Action Loss: 0.0280
2024-11-20 11:22:07,013 - INFO - ===================================================================================
2024-11-20 11:22:19,580 - INFO - Epoch [40/500]
Action Validation Loss: 0.0264 
 Goal Validation Loss: 0.6390 
 MIE Validation Loss: 0.0001 
 MSE R Validation Loss: 0.5243 
 BCE G Validation Loss: 0.1147
2024-11-20 11:22:19,581 - INFO - ===================================================================================
2024-11-20 11:22:19,581 - INFO - Completed in 0h 16m
2024-11-20 11:22:19,601 - INFO - Model checkpoint saved at training_output/20241120_110459/models/epoch_40.pth
2024-11-20 11:22:23,076 - INFO - Epoch [41/500], Batch [0/8]
 Dt Loss: 0.0282
 Goal Loss: 0.3653, MIE Loss: 0.0000
 MSE Loss R: 0.2536, BCE Loss G: 0.1116
2024-11-20 11:22:30,428 - INFO - Epoch [41/500] completed. Average Goal Loss: 0.4881
2024-11-20 11:22:30,428 - INFO - Epoch [41/500] completed. Average Action Loss: 0.0281
2024-11-20 11:22:30,429 - INFO - ===================================================================================
2024-11-20 11:22:42,732 - INFO - Epoch [41/500]
Action Validation Loss: 0.0265 
 Goal Validation Loss: 0.5551 
 MIE Validation Loss: 0.0004 
 MSE R Validation Loss: 0.4424 
 BCE G Validation Loss: 0.1123
2024-11-20 11:22:42,733 - INFO - ===================================================================================
2024-11-20 11:22:42,733 - INFO - Completed in 0h 16m
2024-11-20 11:22:46,110 - INFO - Epoch [42/500], Batch [0/8]
 Dt Loss: 0.0283
 Goal Loss: 0.2412, MIE Loss: 0.0002
 MSE Loss R: 0.1428, BCE Loss G: 0.0982
2024-11-20 11:22:53,528 - INFO - Epoch [42/500] completed. Average Goal Loss: 0.5520
2024-11-20 11:22:53,528 - INFO - Epoch [42/500] completed. Average Action Loss: 0.0277
2024-11-20 11:22:53,528 - INFO - ===================================================================================
2024-11-20 11:23:05,932 - INFO - Epoch [42/500]
Action Validation Loss: 0.0262 
 Goal Validation Loss: 0.6062 
 MIE Validation Loss: 0.0003 
 MSE R Validation Loss: 0.4920 
 BCE G Validation Loss: 0.1139
2024-11-20 11:23:05,932 - INFO - ===================================================================================
2024-11-20 11:23:05,933 - INFO - Completed in 0h 17m
2024-11-20 11:23:09,479 - INFO - Epoch [43/500], Batch [0/8]
 Dt Loss: 0.0274
 Goal Loss: 0.1879, MIE Loss: 0.0002
 MSE Loss R: 0.0870, BCE Loss G: 0.1008
2024-11-20 11:23:16,672 - INFO - Epoch [43/500] completed. Average Goal Loss: 0.5300
2024-11-20 11:23:16,673 - INFO - Epoch [43/500] completed. Average Action Loss: 0.0276
2024-11-20 11:23:16,673 - INFO - ===================================================================================
2024-11-20 11:23:29,063 - INFO - Epoch [43/500]
Action Validation Loss: 0.0259 
 Goal Validation Loss: 0.5536 
 MIE Validation Loss: 0.0002 
 MSE R Validation Loss: 0.4414 
 BCE G Validation Loss: 0.1121
2024-11-20 11:23:29,064 - INFO - ===================================================================================
2024-11-20 11:23:29,064 - INFO - Completed in 0h 17m
2024-11-20 11:23:32,655 - INFO - Epoch [44/500], Batch [0/8]
 Dt Loss: 0.0272
 Goal Loss: 0.2407, MIE Loss: 0.0001
 MSE Loss R: 0.1354, BCE Loss G: 0.1052
2024-11-20 11:23:40,023 - INFO - Epoch [44/500] completed. Average Goal Loss: 0.4804
2024-11-20 11:23:40,024 - INFO - Epoch [44/500] completed. Average Action Loss: 0.0278
2024-11-20 11:23:40,024 - INFO - ===================================================================================
2024-11-20 11:23:52,501 - INFO - Epoch [44/500]
Action Validation Loss: 0.0257 
 Goal Validation Loss: 0.5541 
 MIE Validation Loss: 0.0000 
 MSE R Validation Loss: 0.4409 
 BCE G Validation Loss: 0.1132
2024-11-20 11:23:52,501 - INFO - ===================================================================================
2024-11-20 11:23:52,502 - INFO - Completed in 0h 17m
2024-11-20 11:23:56,022 - INFO - Epoch [45/500], Batch [0/8]
 Dt Loss: 0.0274
 Goal Loss: 0.2783, MIE Loss: 0.0003
 MSE Loss R: 0.1792, BCE Loss G: 0.0988
2024-11-20 11:24:03,449 - INFO - Epoch [45/500] completed. Average Goal Loss: 0.5904
2024-11-20 11:24:03,450 - INFO - Epoch [45/500] completed. Average Action Loss: 0.0274
2024-11-20 11:24:03,450 - INFO - ===================================================================================
2024-11-20 11:24:16,197 - INFO - Epoch [45/500]
Action Validation Loss: 0.0257 
 Goal Validation Loss: 0.5589 
 MIE Validation Loss: 0.0002 
 MSE R Validation Loss: 0.4473 
 BCE G Validation Loss: 0.1114
2024-11-20 11:24:16,198 - INFO - ===================================================================================
2024-11-20 11:24:16,199 - INFO - Completed in 0h 18m
2024-11-20 11:24:19,677 - INFO - Epoch [46/500], Batch [0/8]
 Dt Loss: 0.0271
 Goal Loss: 0.4118, MIE Loss: 0.0001
 MSE Loss R: 0.3134, BCE Loss G: 0.0983
2024-11-20 11:24:27,464 - INFO - Epoch [46/500] completed. Average Goal Loss: 0.7055
2024-11-20 11:24:27,465 - INFO - Epoch [46/500] completed. Average Action Loss: 0.0276
2024-11-20 11:24:27,465 - INFO - ===================================================================================
