2024-11-21 11:57:50,525 - INFO - Starting.
2024-11-21 11:57:50,525 - INFO - Loading Data.
2024-11-21 11:58:42,613 - INFO - Data loaded in 0.0 hours 0.0 minutes.
2024-11-21 11:58:42,619 - INFO - Training Started.
2024-11-21 11:58:47,227 - INFO - Epoch [1/100], Batch [0/4]
 Dt Loss: 0.0867
 Goal Loss: 39.9119, MIE Loss: 39.1769
 MSE Loss R: 0.0052, BCE Loss G: 0.7299
2024-11-21 11:58:52,122 - INFO - Epoch [1/100] completed. Average Goal Loss: 14.5253
2024-11-21 11:58:52,122 - INFO - Epoch [1/100] completed. Average Action Loss: 0.0841
2024-11-21 11:58:52,122 - INFO - ===================================================================================
2024-11-21 11:59:04,693 - INFO - Epoch [1/100]
Action Validation Loss: 0.0783 
 Goal Validation Loss: 1.2013 
 MIE Validation Loss: 0.4822 
 MSE R Validation Loss: 0.0628 
 BCE G Validation Loss: 0.6563
2024-11-21 11:59:04,693 - INFO - ===================================================================================
2024-11-21 11:59:04,693 - INFO - Completed in 0h 0m
2024-11-21 12:01:50,275 - INFO - 1 Test Returns: 52.4
2024-11-21 12:01:50,302 - INFO - Model checkpoint saved at training_output/20241121_115748/models/epoch_1.pth
2024-11-21 12:01:55,228 - INFO - Epoch [2/100], Batch [0/4]
 Dt Loss: 0.0791
 Goal Loss: 0.9791, MIE Loss: 0.3439
 MSE Loss R: 0.0182, BCE Loss G: 0.6170
2024-11-21 12:02:00,393 - INFO - Epoch [2/100] completed. Average Goal Loss: 0.6780
2024-11-21 12:02:00,393 - INFO - Epoch [2/100] completed. Average Action Loss: 0.0756
2024-11-21 12:02:00,393 - INFO - ===================================================================================
2024-11-21 12:02:13,096 - INFO - Epoch [2/100]
Action Validation Loss: 0.0659 
 Goal Validation Loss: 0.2943 
 MIE Validation Loss: 0.0448 
 MSE R Validation Loss: 0.0475 
 BCE G Validation Loss: 0.2019
2024-11-21 12:02:13,096 - INFO - ===================================================================================
2024-11-21 12:02:13,097 - INFO - Completed in 0h 3m
2024-11-21 12:04:54,455 - INFO - 2 Test Returns: 54.0
2024-11-21 12:04:54,483 - INFO - Model checkpoint saved at training_output/20241121_115748/models/epoch_2.pth
2024-11-21 12:04:59,824 - INFO - Epoch [3/100], Batch [0/4]
 Dt Loss: 0.0663
 Goal Loss: 0.2550, MIE Loss: 0.0479
 MSE Loss R: 0.0355, BCE Loss G: 0.1715
2024-11-21 12:05:05,034 - INFO - Epoch [3/100] completed. Average Goal Loss: 0.2036
2024-11-21 12:05:05,034 - INFO - Epoch [3/100] completed. Average Action Loss: 0.0611
2024-11-21 12:05:05,034 - INFO - ===================================================================================
2024-11-21 12:05:18,154 - INFO - Epoch [3/100]
Action Validation Loss: 0.0517 
 Goal Validation Loss: 0.1800 
 MIE Validation Loss: 0.0144 
 MSE R Validation Loss: 0.0450 
 BCE G Validation Loss: 0.1205
2024-11-21 12:05:18,154 - INFO - ===================================================================================
2024-11-21 12:05:18,155 - INFO - Completed in 0h 6m
2024-11-21 12:05:22,928 - INFO - Epoch [4/100], Batch [0/4]
 Dt Loss: 0.0520
 Goal Loss: 0.2054, MIE Loss: 0.0269
 MSE Loss R: 0.0495, BCE Loss G: 0.1290
2024-11-21 12:05:28,057 - INFO - Epoch [4/100] completed. Average Goal Loss: 0.1556
2024-11-21 12:05:28,058 - INFO - Epoch [4/100] completed. Average Action Loss: 0.0497
2024-11-21 12:05:28,058 - INFO - ===================================================================================
2024-11-21 12:05:41,412 - INFO - Epoch [4/100]
Action Validation Loss: 0.0471 
 Goal Validation Loss: 0.1702 
 MIE Validation Loss: 0.0072 
 MSE R Validation Loss: 0.0477 
 BCE G Validation Loss: 0.1152
2024-11-21 12:05:41,412 - INFO - ===================================================================================
2024-11-21 12:05:41,413 - INFO - Completed in 0h 6m
2024-11-21 12:08:28,694 - INFO - 4 Test Returns: 51.2
2024-11-21 12:08:28,723 - INFO - Model checkpoint saved at training_output/20241121_115748/models/epoch_4.pth
2024-11-21 12:08:33,840 - INFO - Epoch [5/100], Batch [0/4]
 Dt Loss: 0.0477
 Goal Loss: 0.1725, MIE Loss: 0.0178
 MSE Loss R: 0.0353, BCE Loss G: 0.1194
2024-11-21 12:08:38,966 - INFO - Epoch [5/100] completed. Average Goal Loss: 0.1955
2024-11-21 12:08:38,966 - INFO - Epoch [5/100] completed. Average Action Loss: 0.0456
2024-11-21 12:08:38,966 - INFO - ===================================================================================
2024-11-21 12:08:51,704 - INFO - Epoch [5/100]
Action Validation Loss: 0.0427 
 Goal Validation Loss: 0.1785 
 MIE Validation Loss: 0.0196 
 MSE R Validation Loss: 0.0450 
 BCE G Validation Loss: 0.1139
2024-11-21 12:08:51,704 - INFO - ===================================================================================
2024-11-21 12:08:51,704 - INFO - Completed in 0h 10m
2024-11-21 12:08:57,428 - INFO - Epoch [6/100], Batch [0/4]
 Dt Loss: 0.0429
 Goal Loss: 0.1405, MIE Loss: 0.0084
 MSE Loss R: 0.0198, BCE Loss G: 0.1123
2024-11-21 12:09:02,872 - INFO - Epoch [6/100] completed. Average Goal Loss: 0.1879
2024-11-21 12:09:02,873 - INFO - Epoch [6/100] completed. Average Action Loss: 0.0422
2024-11-21 12:09:02,873 - INFO - ===================================================================================
2024-11-21 12:09:17,823 - INFO - Epoch [6/100]
Action Validation Loss: 0.0405 
 Goal Validation Loss: 0.1729 
 MIE Validation Loss: 0.0095 
 MSE R Validation Loss: 0.0503 
 BCE G Validation Loss: 0.1131
2024-11-21 12:09:17,824 - INFO - ===================================================================================
2024-11-21 12:09:17,824 - INFO - Completed in 0h 10m
2024-11-21 12:12:07,348 - INFO - 6 Test Returns: 52.8
2024-11-21 12:12:07,377 - INFO - Model checkpoint saved at training_output/20241121_115748/models/epoch_6.pth
2024-11-21 12:12:12,976 - INFO - Epoch [7/100], Batch [0/4]
 Dt Loss: 0.0405
 Goal Loss: 0.1905, MIE Loss: 0.0079
 MSE Loss R: 0.0508, BCE Loss G: 0.1319
2024-11-21 12:12:18,214 - INFO - Epoch [7/100] completed. Average Goal Loss: 0.1812
2024-11-21 12:12:18,214 - INFO - Epoch [7/100] completed. Average Action Loss: 0.0393
2024-11-21 12:12:18,214 - INFO - ===================================================================================
2024-11-21 12:12:31,453 - INFO - Epoch [7/100]
Action Validation Loss: 0.0371 
 Goal Validation Loss: 0.1621 
 MIE Validation Loss: 0.0028 
 MSE R Validation Loss: 0.0469 
 BCE G Validation Loss: 0.1124
2024-11-21 12:12:31,453 - INFO - ===================================================================================
2024-11-21 12:12:31,454 - INFO - Completed in 0h 13m
2024-11-21 12:12:36,639 - INFO - Epoch [8/100], Batch [0/4]
 Dt Loss: 0.0393
 Goal Loss: 0.1305, MIE Loss: 0.0026
 MSE Loss R: 0.0224, BCE Loss G: 0.1055
2024-11-21 12:12:42,122 - INFO - Epoch [8/100] completed. Average Goal Loss: 0.1373
2024-11-21 12:12:42,123 - INFO - Epoch [8/100] completed. Average Action Loss: 0.0376
2024-11-21 12:12:42,123 - INFO - ===================================================================================
2024-11-21 12:12:55,526 - INFO - Epoch [8/100]
Action Validation Loss: 0.0348 
 Goal Validation Loss: 0.1585 
 MIE Validation Loss: 0.0017 
 MSE R Validation Loss: 0.0450 
 BCE G Validation Loss: 0.1118
2024-11-21 12:12:55,527 - INFO - ===================================================================================
2024-11-21 12:12:55,528 - INFO - Completed in 0h 14m
2024-11-21 12:15:53,078 - INFO - 8 Test Returns: 55.6
2024-11-21 12:15:53,109 - INFO - Model checkpoint saved at training_output/20241121_115748/models/epoch_8.pth
2024-11-21 12:15:58,391 - INFO - Epoch [9/100], Batch [0/4]
 Dt Loss: 0.0358
 Goal Loss: 0.1156, MIE Loss: 0.0026
 MSE Loss R: 0.0124, BCE Loss G: 0.1006
2024-11-21 12:16:03,868 - INFO - Epoch [9/100] completed. Average Goal Loss: 0.1254
2024-11-21 12:16:03,869 - INFO - Epoch [9/100] completed. Average Action Loss: 0.0354
2024-11-21 12:16:03,869 - INFO - ===================================================================================
2024-11-21 12:16:17,629 - INFO - Epoch [9/100]
Action Validation Loss: 0.0333 
 Goal Validation Loss: 0.1621 
 MIE Validation Loss: 0.0030 
 MSE R Validation Loss: 0.0472 
 BCE G Validation Loss: 0.1119
2024-11-21 12:16:17,629 - INFO - ===================================================================================
2024-11-21 12:16:17,629 - INFO - Completed in 0h 17m
2024-11-21 12:16:22,820 - INFO - Epoch [10/100], Batch [0/4]
 Dt Loss: 0.0345
 Goal Loss: 0.1418, MIE Loss: 0.0031
 MSE Loss R: 0.0260, BCE Loss G: 0.1126
2024-11-21 12:16:28,363 - INFO - Epoch [10/100] completed. Average Goal Loss: 0.1224
2024-11-21 12:16:28,364 - INFO - Epoch [10/100] completed. Average Action Loss: 0.0336
2024-11-21 12:16:28,364 - INFO - ===================================================================================
2024-11-21 12:16:43,092 - INFO - Epoch [10/100]
Action Validation Loss: 0.0313 
 Goal Validation Loss: 0.1638 
 MIE Validation Loss: 0.0012 
 MSE R Validation Loss: 0.0504 
 BCE G Validation Loss: 0.1123
2024-11-21 12:16:43,092 - INFO - ===================================================================================
2024-11-21 12:16:43,093 - INFO - Completed in 0h 18m
2024-11-21 12:19:27,475 - INFO - 10 Test Returns: 54.8
2024-11-21 12:19:27,501 - INFO - Model checkpoint saved at training_output/20241121_115748/models/epoch_10.pth
2024-11-21 12:19:32,899 - INFO - Epoch [11/100], Batch [0/4]
 Dt Loss: 0.0323
 Goal Loss: 0.1064, MIE Loss: 0.0012
 MSE Loss R: 0.0068, BCE Loss G: 0.0983
2024-11-21 12:19:38,259 - INFO - Epoch [11/100] completed. Average Goal Loss: 0.1355
2024-11-21 12:19:38,259 - INFO - Epoch [11/100] completed. Average Action Loss: 0.0321
2024-11-21 12:19:38,259 - INFO - ===================================================================================
2024-11-21 12:19:52,127 - INFO - Epoch [11/100]
Action Validation Loss: 0.0303 
 Goal Validation Loss: 0.1619 
 MIE Validation Loss: 0.0027 
 MSE R Validation Loss: 0.0476 
 BCE G Validation Loss: 0.1117
2024-11-21 12:19:52,128 - INFO - ===================================================================================
2024-11-21 12:19:52,128 - INFO - Completed in 0h 21m
2024-11-21 12:19:57,021 - INFO - Epoch [12/100], Batch [0/4]
 Dt Loss: 0.0312
 Goal Loss: 0.1149, MIE Loss: 0.0016
 MSE Loss R: 0.0112, BCE Loss G: 0.1021
2024-11-21 12:20:02,117 - INFO - Epoch [12/100] completed. Average Goal Loss: 0.2236
2024-11-21 12:20:02,118 - INFO - Epoch [12/100] completed. Average Action Loss: 0.0311
2024-11-21 12:20:02,118 - INFO - ===================================================================================
2024-11-21 12:20:14,797 - INFO - Epoch [12/100]
Action Validation Loss: 0.0285 
 Goal Validation Loss: 0.1668 
 MIE Validation Loss: 0.0012 
 MSE R Validation Loss: 0.0532 
 BCE G Validation Loss: 0.1123
2024-11-21 12:20:14,798 - INFO - ===================================================================================
2024-11-21 12:20:14,798 - INFO - Completed in 0h 21m
2024-11-21 12:22:59,458 - INFO - 12 Test Returns: 51.6
2024-11-21 12:22:59,486 - INFO - Model checkpoint saved at training_output/20241121_115748/models/epoch_12.pth
2024-11-21 12:23:04,344 - INFO - Epoch [13/100], Batch [0/4]
 Dt Loss: 0.0303
 Goal Loss: 0.1475, MIE Loss: 0.0008
 MSE Loss R: 0.0464, BCE Loss G: 0.1003
2024-11-21 12:23:09,686 - INFO - Epoch [13/100] completed. Average Goal Loss: 0.1881
2024-11-21 12:23:09,686 - INFO - Epoch [13/100] completed. Average Action Loss: 0.0300
2024-11-21 12:23:09,687 - INFO - ===================================================================================
2024-11-21 12:23:22,980 - INFO - Epoch [13/100]
Action Validation Loss: 0.0290 
 Goal Validation Loss: 0.1584 
 MIE Validation Loss: 0.0015 
 MSE R Validation Loss: 0.0457 
 BCE G Validation Loss: 0.1112
2024-11-21 12:23:22,980 - INFO - ===================================================================================
2024-11-21 12:23:22,981 - INFO - Completed in 0h 24m
2024-11-21 12:23:28,002 - INFO - Epoch [14/100], Batch [0/4]
 Dt Loss: 0.0300
 Goal Loss: 0.1352, MIE Loss: 0.0025
 MSE Loss R: 0.0193, BCE Loss G: 0.1134
2024-11-21 12:23:33,006 - INFO - Epoch [14/100] completed. Average Goal Loss: 0.1697
2024-11-21 12:23:33,007 - INFO - Epoch [14/100] completed. Average Action Loss: 0.0295
2024-11-21 12:23:33,007 - INFO - ===================================================================================
2024-11-21 12:23:46,170 - INFO - Epoch [14/100]
Action Validation Loss: 0.0280 
 Goal Validation Loss: 0.1590 
 MIE Validation Loss: 0.0033 
 MSE R Validation Loss: 0.0442 
 BCE G Validation Loss: 0.1115
2024-11-21 12:23:46,171 - INFO - ===================================================================================
2024-11-21 12:23:46,171 - INFO - Completed in 0h 25m
2024-11-21 12:26:32,707 - INFO - 14 Test Returns: 53.8
2024-11-21 12:26:32,734 - INFO - Model checkpoint saved at training_output/20241121_115748/models/epoch_14.pth
2024-11-21 12:26:37,647 - INFO - Epoch [15/100], Batch [0/4]
 Dt Loss: 0.0293
 Goal Loss: 0.2862, MIE Loss: 0.0044
 MSE Loss R: 0.1445, BCE Loss G: 0.1374
2024-11-21 12:26:42,586 - INFO - Epoch [15/100] completed. Average Goal Loss: 0.1820
2024-11-21 12:26:42,587 - INFO - Epoch [15/100] completed. Average Action Loss: 0.0290
2024-11-21 12:26:42,587 - INFO - ===================================================================================
2024-11-21 12:26:55,319 - INFO - Epoch [15/100]
Action Validation Loss: 0.0273 
 Goal Validation Loss: 0.1582 
 MIE Validation Loss: 0.0029 
 MSE R Validation Loss: 0.0439 
 BCE G Validation Loss: 0.1114
2024-11-21 12:26:55,320 - INFO - ===================================================================================
2024-11-21 12:26:55,320 - INFO - Completed in 0h 28m
2024-11-21 12:27:00,142 - INFO - Epoch [16/100], Batch [0/4]
 Dt Loss: 0.0288
 Goal Loss: 0.1999, MIE Loss: 0.0070
 MSE Loss R: 0.0636, BCE Loss G: 0.1293
2024-11-21 12:27:05,246 - INFO - Epoch [16/100] completed. Average Goal Loss: 0.1493
2024-11-21 12:27:05,247 - INFO - Epoch [16/100] completed. Average Action Loss: 0.0284
2024-11-21 12:27:05,247 - INFO - ===================================================================================
2024-11-21 12:27:18,681 - INFO - Epoch [16/100]
Action Validation Loss: 0.0267 
 Goal Validation Loss: 0.1589 
 MIE Validation Loss: 0.0036 
 MSE R Validation Loss: 0.0440 
 BCE G Validation Loss: 0.1113
2024-11-21 12:27:18,682 - INFO - ===================================================================================
2024-11-21 12:27:18,682 - INFO - Completed in 0h 28m
2024-11-21 12:30:06,461 - INFO - 16 Test Returns: 53.8
2024-11-21 12:30:06,489 - INFO - Model checkpoint saved at training_output/20241121_115748/models/epoch_16.pth
2024-11-21 12:30:11,456 - INFO - Epoch [17/100], Batch [0/4]
 Dt Loss: 0.0282
 Goal Loss: 0.1597, MIE Loss: 0.0019
 MSE Loss R: 0.0370, BCE Loss G: 0.1208
2024-11-21 12:30:16,583 - INFO - Epoch [17/100] completed. Average Goal Loss: 0.1338
2024-11-21 12:30:16,583 - INFO - Epoch [17/100] completed. Average Action Loss: 0.0282
2024-11-21 12:30:16,584 - INFO - ===================================================================================
2024-11-21 12:30:29,452 - INFO - Epoch [17/100]
Action Validation Loss: 0.0263 
 Goal Validation Loss: 0.1572 
 MIE Validation Loss: 0.0009 
 MSE R Validation Loss: 0.0448 
 BCE G Validation Loss: 0.1115
2024-11-21 12:30:29,452 - INFO - ===================================================================================
2024-11-21 12:30:29,453 - INFO - Completed in 0h 31m
2024-11-21 12:30:34,800 - INFO - Epoch [18/100], Batch [0/4]
 Dt Loss: 0.0280
 Goal Loss: 0.1506, MIE Loss: 0.0032
 MSE Loss R: 0.0314, BCE Loss G: 0.1161
2024-11-21 12:30:40,161 - INFO - Epoch [18/100] completed. Average Goal Loss: 0.1737
2024-11-21 12:30:40,161 - INFO - Epoch [18/100] completed. Average Action Loss: 0.0276
2024-11-21 12:30:40,161 - INFO - ===================================================================================
2024-11-21 12:30:53,150 - INFO - Epoch [18/100]
Action Validation Loss: 0.0264 
 Goal Validation Loss: 0.1568 
 MIE Validation Loss: 0.0009 
 MSE R Validation Loss: 0.0445 
 BCE G Validation Loss: 0.1114
2024-11-21 12:30:53,151 - INFO - ===================================================================================
2024-11-21 12:30:53,151 - INFO - Completed in 0h 32m
2024-11-21 12:33:38,500 - INFO - 18 Test Returns: 57.4
2024-11-21 12:33:38,528 - INFO - Model checkpoint saved at training_output/20241121_115748/models/epoch_18.pth
2024-11-21 12:33:44,456 - INFO - Epoch [19/100], Batch [0/4]
 Dt Loss: 0.0272
 Goal Loss: 0.1267, MIE Loss: 0.0007
 MSE Loss R: 0.0165, BCE Loss G: 0.1095
2024-11-21 12:33:50,065 - INFO - Epoch [19/100] completed. Average Goal Loss: 0.1323
2024-11-21 12:33:50,065 - INFO - Epoch [19/100] completed. Average Action Loss: 0.0275
2024-11-21 12:33:50,065 - INFO - ===================================================================================
2024-11-21 12:34:03,386 - INFO - Epoch [19/100]
Action Validation Loss: 0.0262 
 Goal Validation Loss: 0.1556 
 MIE Validation Loss: 0.0005 
 MSE R Validation Loss: 0.0441 
 BCE G Validation Loss: 0.1110
2024-11-21 12:34:03,387 - INFO - ===================================================================================
2024-11-21 12:34:03,387 - INFO - Completed in 0h 35m
2024-11-21 12:34:08,685 - INFO - Epoch [20/100], Batch [0/4]
 Dt Loss: 0.0269
 Goal Loss: 0.1166, MIE Loss: 0.0007
 MSE Loss R: 0.0150, BCE Loss G: 0.1010
2024-11-21 12:34:13,803 - INFO - Epoch [20/100] completed. Average Goal Loss: 0.1129
2024-11-21 12:34:13,803 - INFO - Epoch [20/100] completed. Average Action Loss: 0.0266
2024-11-21 12:34:13,803 - INFO - ===================================================================================
2024-11-21 12:34:27,138 - INFO - Epoch [20/100]
Action Validation Loss: 0.0256 
 Goal Validation Loss: 0.1656 
 MIE Validation Loss: 0.0018 
 MSE R Validation Loss: 0.0513 
 BCE G Validation Loss: 0.1125
2024-11-21 12:34:27,138 - INFO - ===================================================================================
2024-11-21 12:34:27,139 - INFO - Completed in 0h 35m
2024-11-21 12:37:10,579 - INFO - 20 Test Returns: 56.0
2024-11-21 12:37:10,607 - INFO - Model checkpoint saved at training_output/20241121_115748/models/epoch_20.pth
2024-11-21 12:37:16,115 - INFO - Epoch [21/100], Batch [0/4]
 Dt Loss: 0.0272
 Goal Loss: 0.1143, MIE Loss: 0.0016
 MSE Loss R: 0.0097, BCE Loss G: 0.1029
2024-11-21 12:37:21,417 - INFO - Epoch [21/100] completed. Average Goal Loss: 0.1871
2024-11-21 12:37:21,417 - INFO - Epoch [21/100] completed. Average Action Loss: 0.0265
2024-11-21 12:37:21,417 - INFO - ===================================================================================
2024-11-21 12:37:36,234 - INFO - Epoch [21/100]
Action Validation Loss: 0.0248 
 Goal Validation Loss: 0.1570 
 MIE Validation Loss: 0.0008 
 MSE R Validation Loss: 0.0442 
 BCE G Validation Loss: 0.1120
2024-11-21 12:37:36,234 - INFO - ===================================================================================
2024-11-21 12:37:36,234 - INFO - Completed in 0h 38m
2024-11-21 12:37:41,462 - INFO - Epoch [22/100], Batch [0/4]
 Dt Loss: 0.0261
 Goal Loss: 0.1888, MIE Loss: 0.0011
 MSE Loss R: 0.0603, BCE Loss G: 0.1274
2024-11-21 12:37:46,868 - INFO - Epoch [22/100] completed. Average Goal Loss: 0.1555
2024-11-21 12:37:46,868 - INFO - Epoch [22/100] completed. Average Action Loss: 0.0264
2024-11-21 12:37:46,868 - INFO - ===================================================================================
2024-11-21 12:38:00,796 - INFO - Epoch [22/100]
Action Validation Loss: 0.0242 
 Goal Validation Loss: 0.1592 
 MIE Validation Loss: 0.0010 
 MSE R Validation Loss: 0.0465 
 BCE G Validation Loss: 0.1117
2024-11-21 12:38:00,797 - INFO - ===================================================================================
2024-11-21 12:38:00,797 - INFO - Completed in 0h 39m
2024-11-21 12:40:48,103 - INFO - 22 Test Returns: 52.8
2024-11-21 12:40:48,133 - INFO - Model checkpoint saved at training_output/20241121_115748/models/epoch_22.pth
2024-11-21 12:40:53,725 - INFO - Epoch [23/100], Batch [0/4]
 Dt Loss: 0.0264
 Goal Loss: 0.1496, MIE Loss: 0.0009
 MSE Loss R: 0.0298, BCE Loss G: 0.1190
2024-11-21 12:40:59,108 - INFO - Epoch [23/100] completed. Average Goal Loss: 0.1711
2024-11-21 12:40:59,108 - INFO - Epoch [23/100] completed. Average Action Loss: 0.0262
2024-11-21 12:40:59,108 - INFO - ===================================================================================
2024-11-21 12:41:12,374 - INFO - Epoch [23/100]
Action Validation Loss: 0.0245 
 Goal Validation Loss: 0.1566 
 MIE Validation Loss: 0.0004 
 MSE R Validation Loss: 0.0452 
 BCE G Validation Loss: 0.1110
2024-11-21 12:41:12,375 - INFO - ===================================================================================
2024-11-21 12:41:12,376 - INFO - Completed in 0h 42m
2024-11-21 12:41:18,104 - INFO - Epoch [24/100], Batch [0/4]
 Dt Loss: 0.0258
 Goal Loss: 0.1302, MIE Loss: 0.0005
 MSE Loss R: 0.0304, BCE Loss G: 0.0992
2024-11-21 12:41:23,414 - INFO - Epoch [24/100] completed. Average Goal Loss: 0.1566
2024-11-21 12:41:23,414 - INFO - Epoch [24/100] completed. Average Action Loss: 0.0258
2024-11-21 12:41:23,414 - INFO - ===================================================================================
2024-11-21 12:41:36,589 - INFO - Epoch [24/100]
Action Validation Loss: 0.0249 
 Goal Validation Loss: 0.1592 
 MIE Validation Loss: 0.0035 
 MSE R Validation Loss: 0.0447 
 BCE G Validation Loss: 0.1110
2024-11-21 12:41:36,589 - INFO - ===================================================================================
2024-11-21 12:41:36,590 - INFO - Completed in 0h 42m
2024-11-21 12:44:36,224 - INFO - 24 Test Returns: 52.8
2024-11-21 12:44:36,256 - INFO - Model checkpoint saved at training_output/20241121_115748/models/epoch_24.pth
2024-11-21 12:44:41,666 - INFO - Epoch [25/100], Batch [0/4]
 Dt Loss: 0.0260
 Goal Loss: 0.1206, MIE Loss: 0.0021
 MSE Loss R: 0.0172, BCE Loss G: 0.1013
2024-11-21 12:44:47,047 - INFO - Epoch [25/100] completed. Average Goal Loss: 0.1533
2024-11-21 12:44:47,047 - INFO - Epoch [25/100] completed. Average Action Loss: 0.0258
2024-11-21 12:44:47,047 - INFO - ===================================================================================
2024-11-21 12:45:01,078 - INFO - Epoch [25/100]
Action Validation Loss: 0.0242 
 Goal Validation Loss: 0.1593 
 MIE Validation Loss: 0.0046 
 MSE R Validation Loss: 0.0440 
 BCE G Validation Loss: 0.1107
2024-11-21 12:45:01,079 - INFO - ===================================================================================
2024-11-21 12:45:01,079 - INFO - Completed in 0h 46m
2024-11-21 12:45:06,438 - INFO - Epoch [26/100], Batch [0/4]
 Dt Loss: 0.0253
 Goal Loss: 0.3083, MIE Loss: 0.0039
 MSE Loss R: 0.1634, BCE Loss G: 0.1410
2024-11-21 12:45:12,041 - INFO - Epoch [26/100] completed. Average Goal Loss: 0.1755
2024-11-21 12:45:12,041 - INFO - Epoch [26/100] completed. Average Action Loss: 0.0251
2024-11-21 12:45:12,041 - INFO - ===================================================================================
2024-11-21 12:45:26,428 - INFO - Epoch [26/100]
Action Validation Loss: 0.0242 
 Goal Validation Loss: 0.1566 
 MIE Validation Loss: 0.0002 
 MSE R Validation Loss: 0.0448 
 BCE G Validation Loss: 0.1116
2024-11-21 12:45:26,429 - INFO - ===================================================================================
2024-11-21 12:45:26,429 - INFO - Completed in 0h 46m
2024-11-21 12:48:26,900 - INFO - 26 Test Returns: 54.6
2024-11-21 12:48:26,930 - INFO - Model checkpoint saved at training_output/20241121_115748/models/epoch_26.pth
2024-11-21 12:48:32,806 - INFO - Epoch [27/100], Batch [0/4]
 Dt Loss: 0.0247
 Goal Loss: 0.1649, MIE Loss: 0.0018
 MSE Loss R: 0.0420, BCE Loss G: 0.1211
2024-11-21 12:48:38,308 - INFO - Epoch [27/100] completed. Average Goal Loss: 0.1441
2024-11-21 12:48:38,308 - INFO - Epoch [27/100] completed. Average Action Loss: 0.0248
2024-11-21 12:48:38,308 - INFO - ===================================================================================
2024-11-21 12:48:52,185 - INFO - Epoch [27/100]
Action Validation Loss: 0.0237 
 Goal Validation Loss: 0.1557 
 MIE Validation Loss: 0.0006 
 MSE R Validation Loss: 0.0443 
 BCE G Validation Loss: 0.1108
2024-11-21 12:48:52,186 - INFO - ===================================================================================
2024-11-21 12:48:52,186 - INFO - Completed in 0h 50m
2024-11-21 12:48:57,302 - INFO - Epoch [28/100], Batch [0/4]
 Dt Loss: 0.0250
 Goal Loss: 0.1187, MIE Loss: 0.0019
 MSE Loss R: 0.0144, BCE Loss G: 0.1024
2024-11-21 12:49:03,030 - INFO - Epoch [28/100] completed. Average Goal Loss: 0.1143
2024-11-21 12:49:03,030 - INFO - Epoch [28/100] completed. Average Action Loss: 0.0249
2024-11-21 12:49:03,030 - INFO - ===================================================================================
2024-11-21 12:49:16,366 - INFO - Epoch [28/100]
Action Validation Loss: 0.0235 
 Goal Validation Loss: 0.1679 
 MIE Validation Loss: 0.0059 
 MSE R Validation Loss: 0.0501 
 BCE G Validation Loss: 0.1120
2024-11-21 12:49:16,366 - INFO - ===================================================================================
2024-11-21 12:49:16,366 - INFO - Completed in 0h 50m
2024-11-21 12:52:16,244 - INFO - 28 Test Returns: 52.0
2024-11-21 12:52:16,278 - INFO - Model checkpoint saved at training_output/20241121_115748/models/epoch_28.pth
2024-11-21 12:52:21,944 - INFO - Epoch [29/100], Batch [0/4]
 Dt Loss: 0.0248
 Goal Loss: 0.1158, MIE Loss: 0.0023
 MSE Loss R: 0.0101, BCE Loss G: 0.1034
2024-11-21 12:52:27,467 - INFO - Epoch [29/100] completed. Average Goal Loss: 0.1772
2024-11-21 12:52:27,467 - INFO - Epoch [29/100] completed. Average Action Loss: 0.0246
2024-11-21 12:52:27,468 - INFO - ===================================================================================
2024-11-21 12:52:41,472 - INFO - Epoch [29/100]
Action Validation Loss: 0.0232 
 Goal Validation Loss: 0.1570 
 MIE Validation Loss: 0.0002 
 MSE R Validation Loss: 0.0456 
 BCE G Validation Loss: 0.1111
2024-11-21 12:52:41,472 - INFO - ===================================================================================
2024-11-21 12:52:41,473 - INFO - Completed in 0h 53m
2024-11-21 12:52:47,578 - INFO - Epoch [30/100], Batch [0/4]
 Dt Loss: 0.0247
 Goal Loss: 0.1569, MIE Loss: 0.0005
 MSE Loss R: 0.0387, BCE Loss G: 0.1177
2024-11-21 12:52:52,850 - INFO - Epoch [30/100] completed. Average Goal Loss: 0.1574
2024-11-21 12:52:52,850 - INFO - Epoch [30/100] completed. Average Action Loss: 0.0243
2024-11-21 12:52:52,850 - INFO - ===================================================================================
2024-11-21 12:53:07,274 - INFO - Epoch [30/100]
Action Validation Loss: 0.0229 
 Goal Validation Loss: 0.1561 
 MIE Validation Loss: 0.0015 
 MSE R Validation Loss: 0.0439 
 BCE G Validation Loss: 0.1107
2024-11-21 12:53:07,274 - INFO - ===================================================================================
2024-11-21 12:53:07,275 - INFO - Completed in 0h 54m
2024-11-21 12:56:05,760 - INFO - 30 Test Returns: 52.8
2024-11-21 12:56:05,793 - INFO - Model checkpoint saved at training_output/20241121_115748/models/epoch_30.pth
2024-11-21 12:56:11,048 - INFO - Epoch [31/100], Batch [0/4]
 Dt Loss: 0.0244
 Goal Loss: 0.1166, MIE Loss: 0.0007
 MSE Loss R: 0.0212, BCE Loss G: 0.0947
2024-11-21 12:56:16,466 - INFO - Epoch [31/100] completed. Average Goal Loss: 0.1461
2024-11-21 12:56:16,466 - INFO - Epoch [31/100] completed. Average Action Loss: 0.0237
2024-11-21 12:56:16,466 - INFO - ===================================================================================
2024-11-21 12:56:30,411 - INFO - Epoch [31/100]
Action Validation Loss: 0.0226 
 Goal Validation Loss: 0.1609 
 MIE Validation Loss: 0.0043 
 MSE R Validation Loss: 0.0457 
 BCE G Validation Loss: 0.1110
2024-11-21 12:56:30,412 - INFO - ===================================================================================
2024-11-21 12:56:30,412 - INFO - Completed in 0h 57m
2024-11-21 12:56:35,689 - INFO - Epoch [32/100], Batch [0/4]
 Dt Loss: 0.0235
 Goal Loss: 0.1204, MIE Loss: 0.0020
 MSE Loss R: 0.0126, BCE Loss G: 0.1058
2024-11-21 12:56:40,999 - INFO - Epoch [32/100] completed. Average Goal Loss: 0.1147
2024-11-21 12:56:40,999 - INFO - Epoch [32/100] completed. Average Action Loss: 0.0236
2024-11-21 12:56:40,999 - INFO - ===================================================================================
2024-11-21 12:56:54,059 - INFO - Epoch [32/100]
Action Validation Loss: 0.0226 
 Goal Validation Loss: 0.1629 
 MIE Validation Loss: 0.0003 
 MSE R Validation Loss: 0.0504 
 BCE G Validation Loss: 0.1121
2024-11-21 12:56:54,060 - INFO - ===================================================================================
2024-11-21 12:56:54,060 - INFO - Completed in 0h 58m
2024-11-21 12:59:44,114 - INFO - 32 Test Returns: 55.4
2024-11-21 12:59:44,147 - INFO - Model checkpoint saved at training_output/20241121_115748/models/epoch_32.pth
2024-11-21 12:59:49,417 - INFO - Epoch [33/100], Batch [0/4]
 Dt Loss: 0.0230
 Goal Loss: 0.1011, MIE Loss: 0.0005
 MSE Loss R: 0.0079, BCE Loss G: 0.0928
2024-11-21 12:59:54,565 - INFO - Epoch [33/100] completed. Average Goal Loss: 0.1022
2024-11-21 12:59:54,566 - INFO - Epoch [33/100] completed. Average Action Loss: 0.0232
2024-11-21 12:59:54,566 - INFO - ===================================================================================
2024-11-21 13:00:08,292 - INFO - Epoch [33/100]
Action Validation Loss: 0.0217 
 Goal Validation Loss: 0.1734 
 MIE Validation Loss: 0.0017 
 MSE R Validation Loss: 0.0589 
 BCE G Validation Loss: 0.1128
2024-11-21 13:00:08,292 - INFO - ===================================================================================
2024-11-21 13:00:08,293 - INFO - Completed in 1h 1m
2024-11-21 13:00:13,614 - INFO - Epoch [34/100], Batch [0/4]
 Dt Loss: 0.0226
 Goal Loss: 0.1948, MIE Loss: 0.0031
 MSE Loss R: 0.0701, BCE Loss G: 0.1215
2024-11-21 13:00:19,432 - INFO - Epoch [34/100] completed. Average Goal Loss: 0.1277
2024-11-21 13:00:19,432 - INFO - Epoch [34/100] completed. Average Action Loss: 0.0228
2024-11-21 13:00:19,432 - INFO - ===================================================================================
2024-11-21 13:00:34,081 - INFO - Epoch [34/100]
Action Validation Loss: 0.0220 
 Goal Validation Loss: 0.1680 
 MIE Validation Loss: 0.0007 
 MSE R Validation Loss: 0.0551 
 BCE G Validation Loss: 0.1122
2024-11-21 13:00:34,081 - INFO - ===================================================================================
2024-11-21 13:00:34,081 - INFO - Completed in 1h 1m
2024-11-21 13:03:58,840 - INFO - 34 Test Returns: 55.8
2024-11-21 13:03:58,877 - INFO - Model checkpoint saved at training_output/20241121_115748/models/epoch_34.pth
2024-11-21 13:04:04,702 - INFO - Epoch [35/100], Batch [0/4]
 Dt Loss: 0.0228
 Goal Loss: 0.1068, MIE Loss: 0.0024
 MSE Loss R: 0.0059, BCE Loss G: 0.0986
2024-11-21 13:04:10,540 - INFO - Epoch [35/100] completed. Average Goal Loss: 0.1852
2024-11-21 13:04:10,540 - INFO - Epoch [35/100] completed. Average Action Loss: 0.0227
2024-11-21 13:04:10,540 - INFO - ===================================================================================
2024-11-21 13:04:26,191 - INFO - Epoch [35/100]
Action Validation Loss: 0.0209 
 Goal Validation Loss: 0.1646 
 MIE Validation Loss: 0.0056 
 MSE R Validation Loss: 0.0465 
 BCE G Validation Loss: 0.1125
2024-11-21 13:04:26,192 - INFO - ===================================================================================
2024-11-21 13:04:26,192 - INFO - Completed in 1h 5m
2024-11-21 13:04:32,417 - INFO - Epoch [36/100], Batch [0/4]
 Dt Loss: 0.0229
 Goal Loss: 0.1322, MIE Loss: 0.0015
 MSE Loss R: 0.0170, BCE Loss G: 0.1137
2024-11-21 13:04:38,656 - INFO - Epoch [36/100] completed. Average Goal Loss: 0.1327
2024-11-21 13:04:38,657 - INFO - Epoch [36/100] completed. Average Action Loss: 0.0229
2024-11-21 13:04:38,657 - INFO - ===================================================================================
2024-11-21 13:04:53,103 - INFO - Epoch [36/100]
Action Validation Loss: 0.0212 
 Goal Validation Loss: 0.1619 
 MIE Validation Loss: 0.0055 
 MSE R Validation Loss: 0.0450 
 BCE G Validation Loss: 0.1114
2024-11-21 13:04:53,104 - INFO - ===================================================================================
2024-11-21 13:04:53,104 - INFO - Completed in 1h 6m
2024-11-21 13:08:29,404 - INFO - 36 Test Returns: 59.0
2024-11-21 13:08:29,437 - INFO - Model checkpoint saved at training_output/20241121_115748/models/epoch_36.pth
2024-11-21 13:08:34,739 - INFO - Epoch [37/100], Batch [0/4]
 Dt Loss: 0.0227
 Goal Loss: 0.2072, MIE Loss: 0.0048
 MSE Loss R: 0.0732, BCE Loss G: 0.1292
2024-11-21 13:08:40,323 - INFO - Epoch [37/100] completed. Average Goal Loss: 0.1761
2024-11-21 13:08:40,323 - INFO - Epoch [37/100] completed. Average Action Loss: 0.0224
2024-11-21 13:08:40,323 - INFO - ===================================================================================
2024-11-21 13:08:55,130 - INFO - Epoch [37/100]
Action Validation Loss: 0.0211 
 Goal Validation Loss: 0.1667 
 MIE Validation Loss: 0.0003 
 MSE R Validation Loss: 0.0539 
 BCE G Validation Loss: 0.1125
2024-11-21 13:08:55,131 - INFO - ===================================================================================
2024-11-21 13:08:55,131 - INFO - Completed in 1h 10m
2024-11-21 13:09:00,828 - INFO - Epoch [38/100], Batch [0/4]
 Dt Loss: 0.0221
 Goal Loss: 0.1558, MIE Loss: 0.0008
 MSE Loss R: 0.0527, BCE Loss G: 0.1024
2024-11-21 13:09:07,018 - INFO - Epoch [38/100] completed. Average Goal Loss: 0.1300
2024-11-21 13:09:07,019 - INFO - Epoch [38/100] completed. Average Action Loss: 0.0222
2024-11-21 13:09:07,019 - INFO - ===================================================================================
2024-11-21 13:09:21,333 - INFO - Epoch [38/100]
Action Validation Loss: 0.0212 
 Goal Validation Loss: 0.1597 
 MIE Validation Loss: 0.0021 
 MSE R Validation Loss: 0.0460 
 BCE G Validation Loss: 0.1116
2024-11-21 13:09:21,334 - INFO - ===================================================================================
2024-11-21 13:09:21,334 - INFO - Completed in 1h 10m
2024-11-21 13:13:04,026 - INFO - 38 Test Returns: 58.4
2024-11-21 13:13:04,061 - INFO - Model checkpoint saved at training_output/20241121_115748/models/epoch_38.pth
2024-11-21 13:13:09,662 - INFO - Epoch [39/100], Batch [0/4]
 Dt Loss: 0.0226
 Goal Loss: 0.1127, MIE Loss: 0.0044
 MSE Loss R: 0.0124, BCE Loss G: 0.0959
2024-11-21 13:13:15,834 - INFO - Epoch [39/100] completed. Average Goal Loss: 0.1357
2024-11-21 13:13:15,834 - INFO - Epoch [39/100] completed. Average Action Loss: 0.0225
2024-11-21 13:13:15,834 - INFO - ===================================================================================
2024-11-21 13:13:30,475 - INFO - Epoch [39/100]
Action Validation Loss: 0.0212 
 Goal Validation Loss: 0.1603 
 MIE Validation Loss: 0.0044 
 MSE R Validation Loss: 0.0450 
 BCE G Validation Loss: 0.1109
2024-11-21 13:13:30,475 - INFO - ===================================================================================
2024-11-21 13:13:30,476 - INFO - Completed in 1h 14m
2024-11-21 13:13:35,743 - INFO - Epoch [40/100], Batch [0/4]
 Dt Loss: 0.0218
 Goal Loss: 0.1470, MIE Loss: 0.0022
 MSE Loss R: 0.0299, BCE Loss G: 0.1148
2024-11-21 13:13:41,689 - INFO - Epoch [40/100] completed. Average Goal Loss: 0.1471
2024-11-21 13:13:41,690 - INFO - Epoch [40/100] completed. Average Action Loss: 0.0217
2024-11-21 13:13:41,690 - INFO - ===================================================================================
2024-11-21 13:13:56,288 - INFO - Epoch [40/100]
Action Validation Loss: 0.0209 
 Goal Validation Loss: 0.1571 
 MIE Validation Loss: 0.0018 
 MSE R Validation Loss: 0.0440 
 BCE G Validation Loss: 0.1112
2024-11-21 13:13:56,288 - INFO - ===================================================================================
2024-11-21 13:13:56,289 - INFO - Completed in 1h 15m
2024-11-21 13:17:43,296 - INFO - 40 Test Returns: 55.2
2024-11-21 13:17:43,335 - INFO - Model checkpoint saved at training_output/20241121_115748/models/epoch_40.pth
2024-11-21 13:17:48,780 - INFO - Epoch [41/100], Batch [0/4]
 Dt Loss: 0.0216
 Goal Loss: 0.1310, MIE Loss: 0.0031
 MSE Loss R: 0.0175, BCE Loss G: 0.1104
2024-11-21 13:17:54,798 - INFO - Epoch [41/100] completed. Average Goal Loss: 0.1519
2024-11-21 13:17:54,798 - INFO - Epoch [41/100] completed. Average Action Loss: 0.0219
2024-11-21 13:17:54,799 - INFO - ===================================================================================
2024-11-21 13:18:08,360 - INFO - Epoch [41/100]
Action Validation Loss: 0.0201 
 Goal Validation Loss: 0.1594 
 MIE Validation Loss: 0.0013 
 MSE R Validation Loss: 0.0464 
 BCE G Validation Loss: 0.1118
2024-11-21 13:18:08,360 - INFO - ===================================================================================
2024-11-21 13:18:08,361 - INFO - Completed in 1h 19m
2024-11-21 13:18:14,062 - INFO - Epoch [42/100], Batch [0/4]
 Dt Loss: 0.0218
 Goal Loss: 0.1357, MIE Loss: 0.0012
 MSE Loss R: 0.0210, BCE Loss G: 0.1136
2024-11-21 13:18:20,147 - INFO - Epoch [42/100] completed. Average Goal Loss: 0.1385
2024-11-21 13:18:20,148 - INFO - Epoch [42/100] completed. Average Action Loss: 0.0216
2024-11-21 13:18:20,148 - INFO - ===================================================================================
2024-11-21 13:18:35,604 - INFO - Epoch [42/100]
Action Validation Loss: 0.0203 
 Goal Validation Loss: 0.1584 
 MIE Validation Loss: 0.0003 
 MSE R Validation Loss: 0.0465 
 BCE G Validation Loss: 0.1116
2024-11-21 13:18:35,605 - INFO - ===================================================================================
2024-11-21 13:18:35,605 - INFO - Completed in 1h 19m
2024-11-21 13:22:13,569 - INFO - 42 Test Returns: 61.6
2024-11-21 13:22:13,602 - INFO - Model checkpoint saved at training_output/20241121_115748/models/epoch_42.pth
2024-11-21 13:22:19,179 - INFO - Epoch [43/100], Batch [0/4]
 Dt Loss: 0.0208
 Goal Loss: 0.1325, MIE Loss: 0.0002
 MSE Loss R: 0.0294, BCE Loss G: 0.1030
2024-11-21 13:22:25,232 - INFO - Epoch [43/100] completed. Average Goal Loss: 0.1198
2024-11-21 13:22:25,232 - INFO - Epoch [43/100] completed. Average Action Loss: 0.0215
2024-11-21 13:22:25,233 - INFO - ===================================================================================
2024-11-21 13:22:40,024 - INFO - Epoch [43/100]
Action Validation Loss: 0.0198 
 Goal Validation Loss: 0.1621 
 MIE Validation Loss: 0.0002 
 MSE R Validation Loss: 0.0496 
 BCE G Validation Loss: 0.1123
2024-11-21 13:22:40,024 - INFO - ===================================================================================
2024-11-21 13:22:40,024 - INFO - Completed in 1h 23m
2024-11-21 13:22:45,554 - INFO - Epoch [44/100], Batch [0/4]
 Dt Loss: 0.0212
 Goal Loss: 0.3115, MIE Loss: 0.0028
 MSE Loss R: 0.1643, BCE Loss G: 0.1445
2024-11-21 13:22:51,629 - INFO - Epoch [44/100] completed. Average Goal Loss: 0.1804
2024-11-21 13:22:51,630 - INFO - Epoch [44/100] completed. Average Action Loss: 0.0209
2024-11-21 13:22:51,630 - INFO - ===================================================================================
2024-11-21 13:23:06,479 - INFO - Epoch [44/100]
Action Validation Loss: 0.0194 
 Goal Validation Loss: 0.1558 
 MIE Validation Loss: 0.0001 
 MSE R Validation Loss: 0.0445 
 BCE G Validation Loss: 0.1112
2024-11-21 13:23:06,480 - INFO - ===================================================================================
2024-11-21 13:23:06,480 - INFO - Completed in 1h 24m
2024-11-21 13:26:46,774 - INFO - 44 Test Returns: 55.6
2024-11-21 13:26:46,810 - INFO - Model checkpoint saved at training_output/20241121_115748/models/epoch_44.pth
2024-11-21 13:26:52,133 - INFO - Epoch [45/100], Batch [0/4]
 Dt Loss: 0.0211
 Goal Loss: 0.1247, MIE Loss: 0.0006
 MSE Loss R: 0.0174, BCE Loss G: 0.1067
2024-11-21 13:26:58,093 - INFO - Epoch [45/100] completed. Average Goal Loss: 0.1310
2024-11-21 13:26:58,093 - INFO - Epoch [45/100] completed. Average Action Loss: 0.0210
2024-11-21 13:26:58,094 - INFO - ===================================================================================
2024-11-21 13:27:12,256 - INFO - Epoch [45/100]
Action Validation Loss: 0.0192 
 Goal Validation Loss: 0.1555 
 MIE Validation Loss: 0.0005 
 MSE R Validation Loss: 0.0439 
 BCE G Validation Loss: 0.1111
2024-11-21 13:27:12,257 - INFO - ===================================================================================
2024-11-21 13:27:12,257 - INFO - Completed in 1h 28m
2024-11-21 13:27:17,727 - INFO - Epoch [46/100], Batch [0/4]
 Dt Loss: 0.0199
 Goal Loss: 0.2046, MIE Loss: 0.0004
 MSE Loss R: 0.0737, BCE Loss G: 0.1305
2024-11-21 13:27:23,276 - INFO - Epoch [46/100] completed. Average Goal Loss: 0.1577
2024-11-21 13:27:23,277 - INFO - Epoch [46/100] completed. Average Action Loss: 0.0204
2024-11-21 13:27:23,277 - INFO - ===================================================================================
2024-11-21 13:27:37,187 - INFO - Epoch [46/100]
Action Validation Loss: 0.0198 
 Goal Validation Loss: 0.1555 
 MIE Validation Loss: 0.0002 
 MSE R Validation Loss: 0.0443 
 BCE G Validation Loss: 0.1111
2024-11-21 13:27:37,188 - INFO - ===================================================================================
2024-11-21 13:27:37,188 - INFO - Completed in 1h 28m
2024-11-21 13:31:15,518 - INFO - 46 Test Returns: 59.2
2024-11-21 13:31:15,553 - INFO - Model checkpoint saved at training_output/20241121_115748/models/epoch_46.pth
2024-11-21 13:31:21,157 - INFO - Epoch [47/100], Batch [0/4]
 Dt Loss: 0.0210
 Goal Loss: 0.1281, MIE Loss: 0.0026
 MSE Loss R: 0.0161, BCE Loss G: 0.1094
2024-11-21 13:31:27,244 - INFO - Epoch [47/100] completed. Average Goal Loss: 0.1265
2024-11-21 13:31:27,244 - INFO - Epoch [47/100] completed. Average Action Loss: 0.0206
2024-11-21 13:31:27,245 - INFO - ===================================================================================
2024-11-21 13:31:41,358 - INFO - Epoch [47/100]
Action Validation Loss: 0.0188 
 Goal Validation Loss: 0.1562 
 MIE Validation Loss: 0.0004 
 MSE R Validation Loss: 0.0444 
 BCE G Validation Loss: 0.1113
2024-11-21 13:31:41,359 - INFO - ===================================================================================
2024-11-21 13:31:41,359 - INFO - Completed in 1h 32m
2024-11-21 13:31:47,338 - INFO - Epoch [48/100], Batch [0/4]
 Dt Loss: 0.0205
 Goal Loss: 0.1177, MIE Loss: 0.0022
 MSE Loss R: 0.0130, BCE Loss G: 0.1025
2024-11-21 13:31:53,369 - INFO - Epoch [48/100] completed. Average Goal Loss: 0.1545
2024-11-21 13:31:53,370 - INFO - Epoch [48/100] completed. Average Action Loss: 0.0201
2024-11-21 13:31:53,370 - INFO - ===================================================================================
2024-11-21 13:32:08,463 - INFO - Epoch [48/100]
Action Validation Loss: 0.0193 
 Goal Validation Loss: 0.1589 
 MIE Validation Loss: 0.0021 
 MSE R Validation Loss: 0.0452 
 BCE G Validation Loss: 0.1116
2024-11-21 13:32:08,463 - INFO - ===================================================================================
2024-11-21 13:32:08,464 - INFO - Completed in 1h 33m
2024-11-21 13:35:46,707 - INFO - 48 Test Returns: 59.2
2024-11-21 13:35:46,742 - INFO - Model checkpoint saved at training_output/20241121_115748/models/epoch_48.pth
2024-11-21 13:35:52,266 - INFO - Epoch [49/100], Batch [0/4]
 Dt Loss: 0.0199
 Goal Loss: 0.1105, MIE Loss: 0.0017
 MSE Loss R: 0.0143, BCE Loss G: 0.0945
2024-11-21 13:35:58,408 - INFO - Epoch [49/100] completed. Average Goal Loss: 0.1783
2024-11-21 13:35:58,408 - INFO - Epoch [49/100] completed. Average Action Loss: 0.0200
2024-11-21 13:35:58,408 - INFO - ===================================================================================
2024-11-21 13:36:13,522 - INFO - Epoch [49/100]
Action Validation Loss: 0.0188 
 Goal Validation Loss: 0.1636 
 MIE Validation Loss: 0.0029 
 MSE R Validation Loss: 0.0456 
 BCE G Validation Loss: 0.1151
2024-11-21 13:36:13,523 - INFO - ===================================================================================
2024-11-21 13:36:13,524 - INFO - Completed in 1h 37m
2024-11-21 13:36:19,277 - INFO - Epoch [50/100], Batch [0/4]
 Dt Loss: 0.0198
 Goal Loss: 0.1458, MIE Loss: 0.0008
 MSE Loss R: 0.0382, BCE Loss G: 0.1068
2024-11-21 13:36:25,453 - INFO - Epoch [50/100] completed. Average Goal Loss: 0.2058
2024-11-21 13:36:25,453 - INFO - Epoch [50/100] completed. Average Action Loss: 0.0198
2024-11-21 13:36:25,454 - INFO - ===================================================================================
2024-11-21 13:36:41,043 - INFO - Epoch [50/100]
Action Validation Loss: 0.0186 
 Goal Validation Loss: 0.1756 
 MIE Validation Loss: 0.0007 
 MSE R Validation Loss: 0.0574 
 BCE G Validation Loss: 0.1175
2024-11-21 13:36:41,044 - INFO - ===================================================================================
2024-11-21 13:36:41,044 - INFO - Completed in 1h 37m
2024-11-21 13:40:20,984 - INFO - 50 Test Returns: 59.6
2024-11-21 13:40:21,021 - INFO - Model checkpoint saved at training_output/20241121_115748/models/epoch_50.pth
2024-11-21 13:40:27,071 - INFO - Epoch [51/100], Batch [0/4]
 Dt Loss: 0.0199
 Goal Loss: 0.1756, MIE Loss: 0.0003
 MSE Loss R: 0.0699, BCE Loss G: 0.1055
2024-11-21 13:40:33,144 - INFO - Epoch [51/100] completed. Average Goal Loss: 0.1401
2024-11-21 13:40:33,144 - INFO - Epoch [51/100] completed. Average Action Loss: 0.0197
2024-11-21 13:40:33,144 - INFO - ===================================================================================
2024-11-21 13:40:48,156 - INFO - Epoch [51/100]
Action Validation Loss: 0.0178 
 Goal Validation Loss: 0.1568 
 MIE Validation Loss: 0.0009 
 MSE R Validation Loss: 0.0444 
 BCE G Validation Loss: 0.1115
2024-11-21 13:40:48,157 - INFO - ===================================================================================
2024-11-21 13:40:48,157 - INFO - Completed in 1h 42m
2024-11-21 13:40:53,292 - INFO - Epoch [52/100], Batch [0/4]
 Dt Loss: 0.0200
 Goal Loss: 0.1890, MIE Loss: 0.0014
 MSE Loss R: 0.0604, BCE Loss G: 0.1272
2024-11-21 13:40:59,592 - INFO - Epoch [52/100] completed. Average Goal Loss: 0.1406
2024-11-21 13:40:59,592 - INFO - Epoch [52/100] completed. Average Action Loss: 0.0199
2024-11-21 13:40:59,592 - INFO - ===================================================================================
2024-11-21 13:41:13,781 - INFO - Epoch [52/100]
Action Validation Loss: 0.0182 
 Goal Validation Loss: 0.1563 
 MIE Validation Loss: 0.0003 
 MSE R Validation Loss: 0.0446 
 BCE G Validation Loss: 0.1115
2024-11-21 13:41:13,781 - INFO - ===================================================================================
2024-11-21 13:41:13,781 - INFO - Completed in 1h 42m
2024-11-21 13:44:54,470 - INFO - 52 Test Returns: 56.2
2024-11-21 13:44:54,509 - INFO - Model checkpoint saved at training_output/20241121_115748/models/epoch_52.pth
2024-11-21 13:45:00,892 - INFO - Epoch [53/100], Batch [0/4]
 Dt Loss: 0.0194
 Goal Loss: 0.1170, MIE Loss: 0.0010
 MSE Loss R: 0.0120, BCE Loss G: 0.1039
2024-11-21 13:45:07,423 - INFO - Epoch [53/100] completed. Average Goal Loss: 0.1582
2024-11-21 13:45:07,423 - INFO - Epoch [53/100] completed. Average Action Loss: 0.0194
2024-11-21 13:45:07,423 - INFO - ===================================================================================
2024-11-21 13:45:23,392 - INFO - Epoch [53/100]
Action Validation Loss: 0.0181 
 Goal Validation Loss: 0.1567 
 MIE Validation Loss: 0.0006 
 MSE R Validation Loss: 0.0445 
 BCE G Validation Loss: 0.1116
2024-11-21 13:45:23,392 - INFO - ===================================================================================
2024-11-21 13:45:23,393 - INFO - Completed in 1h 46m
2024-11-21 13:45:28,810 - INFO - Epoch [54/100], Batch [0/4]
 Dt Loss: 0.0188
 Goal Loss: 0.1258, MIE Loss: 0.0005
 MSE Loss R: 0.0199, BCE Loss G: 0.1055
2024-11-21 13:45:34,761 - INFO - Epoch [54/100] completed. Average Goal Loss: 0.1249
2024-11-21 13:45:34,762 - INFO - Epoch [54/100] completed. Average Action Loss: 0.0192
2024-11-21 13:45:34,762 - INFO - ===================================================================================
2024-11-21 13:45:49,508 - INFO - Epoch [54/100]
Action Validation Loss: 0.0180 
 Goal Validation Loss: 0.1575 
 MIE Validation Loss: 0.0015 
 MSE R Validation Loss: 0.0449 
 BCE G Validation Loss: 0.1112
2024-11-21 13:45:49,509 - INFO - ===================================================================================
2024-11-21 13:45:49,509 - INFO - Completed in 1h 47m
2024-11-21 13:49:28,108 - INFO - 54 Test Returns: 60.2
2024-11-21 13:49:28,143 - INFO - Model checkpoint saved at training_output/20241121_115748/models/epoch_54.pth
2024-11-21 13:49:33,672 - INFO - Epoch [55/100], Batch [0/4]
 Dt Loss: 0.0193
 Goal Loss: 0.3281, MIE Loss: 0.0031
 MSE Loss R: 0.1805, BCE Loss G: 0.1444
2024-11-21 13:49:40,144 - INFO - Epoch [55/100] completed. Average Goal Loss: 0.1825
2024-11-21 13:49:40,144 - INFO - Epoch [55/100] completed. Average Action Loss: 0.0193
2024-11-21 13:49:40,144 - INFO - ===================================================================================
2024-11-21 13:49:55,592 - INFO - Epoch [55/100]
Action Validation Loss: 0.0174 
 Goal Validation Loss: 0.1554 
 MIE Validation Loss: 0.0005 
 MSE R Validation Loss: 0.0440 
 BCE G Validation Loss: 0.1109
2024-11-21 13:49:55,593 - INFO - ===================================================================================
2024-11-21 13:49:55,593 - INFO - Completed in 1h 51m
2024-11-21 13:50:00,891 - INFO - Epoch [56/100], Batch [0/4]
 Dt Loss: 0.0192
 Goal Loss: 0.1202, MIE Loss: 0.0021
 MSE Loss R: 0.0156, BCE Loss G: 0.1026
2024-11-21 13:50:06,669 - INFO - Epoch [56/100] completed. Average Goal Loss: 0.1786
2024-11-21 13:50:06,669 - INFO - Epoch [56/100] completed. Average Action Loss: 0.0193
2024-11-21 13:50:06,670 - INFO - ===================================================================================
2024-11-21 13:50:21,345 - INFO - Epoch [56/100]
Action Validation Loss: 0.0186 
 Goal Validation Loss: 0.1575 
 MIE Validation Loss: 0.0008 
 MSE R Validation Loss: 0.0457 
 BCE G Validation Loss: 0.1110
2024-11-21 13:50:21,345 - INFO - ===================================================================================
2024-11-21 13:50:21,345 - INFO - Completed in 1h 51m
2024-11-21 13:53:58,439 - INFO - 56 Test Returns: 55.8
2024-11-21 13:53:58,469 - INFO - Model checkpoint saved at training_output/20241121_115748/models/epoch_56.pth
2024-11-21 13:54:04,938 - INFO - Epoch [57/100], Batch [0/4]
 Dt Loss: 0.0194
 Goal Loss: 0.1262, MIE Loss: 0.0017
 MSE Loss R: 0.0208, BCE Loss G: 0.1037
2024-11-21 13:54:11,311 - INFO - Epoch [57/100] completed. Average Goal Loss: 0.1630
2024-11-21 13:54:11,312 - INFO - Epoch [57/100] completed. Average Action Loss: 0.0191
2024-11-21 13:54:11,312 - INFO - ===================================================================================
2024-11-21 13:54:26,774 - INFO - Epoch [57/100]
Action Validation Loss: 0.0176 
 Goal Validation Loss: 0.1549 
 MIE Validation Loss: 0.0001 
 MSE R Validation Loss: 0.0440 
 BCE G Validation Loss: 0.1108
2024-11-21 13:54:26,775 - INFO - ===================================================================================
2024-11-21 13:54:26,775 - INFO - Completed in 1h 55m
2024-11-21 13:54:32,774 - INFO - Epoch [58/100], Batch [0/4]
 Dt Loss: 0.0181
 Goal Loss: 0.1206, MIE Loss: 0.0003
 MSE Loss R: 0.0174, BCE Loss G: 0.1030
2024-11-21 13:54:39,205 - INFO - Epoch [58/100] completed. Average Goal Loss: 0.1860
2024-11-21 13:54:39,205 - INFO - Epoch [58/100] completed. Average Action Loss: 0.0188
2024-11-21 13:54:39,205 - INFO - ===================================================================================
2024-11-21 13:54:55,175 - INFO - Epoch [58/100]
Action Validation Loss: 0.0175 
 Goal Validation Loss: 0.1610 
 MIE Validation Loss: 0.0004 
 MSE R Validation Loss: 0.0468 
 BCE G Validation Loss: 0.1138
2024-11-21 13:54:55,175 - INFO - ===================================================================================
2024-11-21 13:54:55,176 - INFO - Completed in 1h 56m
2024-11-21 13:58:34,617 - INFO - 58 Test Returns: 57.2
2024-11-21 13:58:34,653 - INFO - Model checkpoint saved at training_output/20241121_115748/models/epoch_58.pth
2024-11-21 13:58:41,142 - INFO - Epoch [59/100], Batch [0/4]
 Dt Loss: 0.0193
 Goal Loss: 0.1333, MIE Loss: 0.0003
 MSE Loss R: 0.0205, BCE Loss G: 0.1126
2024-11-21 13:58:47,112 - INFO - Epoch [59/100] completed. Average Goal Loss: 0.1270
2024-11-21 13:58:47,113 - INFO - Epoch [59/100] completed. Average Action Loss: 0.0190
2024-11-21 13:58:47,113 - INFO - ===================================================================================
2024-11-21 13:59:02,520 - INFO - Epoch [59/100]
Action Validation Loss: 0.0178 
 Goal Validation Loss: 0.1556 
 MIE Validation Loss: 0.0002 
 MSE R Validation Loss: 0.0439 
 BCE G Validation Loss: 0.1114
2024-11-21 13:59:02,520 - INFO - ===================================================================================
2024-11-21 13:59:02,521 - INFO - Completed in 2h 0m
2024-11-21 13:59:08,618 - INFO - Epoch [60/100], Batch [0/4]
 Dt Loss: 0.0191
 Goal Loss: 0.1752, MIE Loss: 0.0023
 MSE Loss R: 0.0491, BCE Loss G: 0.1239
2024-11-21 13:59:14,865 - INFO - Epoch [60/100] completed. Average Goal Loss: 0.1349
2024-11-21 13:59:14,865 - INFO - Epoch [60/100] completed. Average Action Loss: 0.0187
2024-11-21 13:59:14,866 - INFO - ===================================================================================
2024-11-21 13:59:30,642 - INFO - Epoch [60/100]
Action Validation Loss: 0.0169 
 Goal Validation Loss: 0.1571 
 MIE Validation Loss: 0.0000 
 MSE R Validation Loss: 0.0457 
 BCE G Validation Loss: 0.1114
2024-11-21 13:59:30,642 - INFO - ===================================================================================
2024-11-21 13:59:30,642 - INFO - Completed in 2h 0m
2024-11-21 14:03:13,245 - INFO - 60 Test Returns: 57.6
2024-11-21 14:03:13,280 - INFO - Model checkpoint saved at training_output/20241121_115748/models/epoch_60.pth
2024-11-21 14:03:19,566 - INFO - Epoch [61/100], Batch [0/4]
 Dt Loss: 0.0184
 Goal Loss: 0.1127, MIE Loss: 0.0001
 MSE Loss R: 0.0116, BCE Loss G: 0.1010
2024-11-21 14:03:25,766 - INFO - Epoch [61/100] completed. Average Goal Loss: 0.1632
2024-11-21 14:03:25,766 - INFO - Epoch [61/100] completed. Average Action Loss: 0.0184
2024-11-21 14:03:25,767 - INFO - ===================================================================================
2024-11-21 14:03:40,382 - INFO - Epoch [61/100]
Action Validation Loss: 0.0171 
 Goal Validation Loss: 0.1550 
 MIE Validation Loss: 0.0004 
 MSE R Validation Loss: 0.0439 
 BCE G Validation Loss: 0.1108
2024-11-21 14:03:40,383 - INFO - ===================================================================================
2024-11-21 14:03:40,383 - INFO - Completed in 2h 4m
2024-11-21 14:03:46,461 - INFO - Epoch [62/100], Batch [0/4]
 Dt Loss: 0.0187
 Goal Loss: 0.1276, MIE Loss: 0.0009
 MSE Loss R: 0.0166, BCE Loss G: 0.1100
2024-11-21 14:03:52,607 - INFO - Epoch [62/100] completed. Average Goal Loss: 0.1245
2024-11-21 14:03:52,608 - INFO - Epoch [62/100] completed. Average Action Loss: 0.0183
2024-11-21 14:03:52,608 - INFO - ===================================================================================
2024-11-21 14:04:06,557 - INFO - Epoch [62/100]
Action Validation Loss: 0.0164 
 Goal Validation Loss: 0.1565 
 MIE Validation Loss: 0.0005 
 MSE R Validation Loss: 0.0447 
 BCE G Validation Loss: 0.1112
2024-11-21 14:04:06,557 - INFO - ===================================================================================
2024-11-21 14:04:06,558 - INFO - Completed in 2h 5m
2024-11-21 14:07:43,144 - INFO - 62 Test Returns: 60.4
2024-11-21 14:07:43,179 - INFO - Model checkpoint saved at training_output/20241121_115748/models/epoch_62.pth
2024-11-21 14:07:49,523 - INFO - Epoch [63/100], Batch [0/4]
 Dt Loss: 0.0183
 Goal Loss: 0.1277, MIE Loss: 0.0005
 MSE Loss R: 0.0175, BCE Loss G: 0.1097
2024-11-21 14:07:55,736 - INFO - Epoch [63/100] completed. Average Goal Loss: 0.1765
2024-11-21 14:07:55,736 - INFO - Epoch [63/100] completed. Average Action Loss: 0.0181
2024-11-21 14:07:55,736 - INFO - ===================================================================================
2024-11-21 14:08:10,887 - INFO - Epoch [63/100]
Action Validation Loss: 0.0167 
 Goal Validation Loss: 0.1558 
 MIE Validation Loss: 0.0001 
 MSE R Validation Loss: 0.0443 
 BCE G Validation Loss: 0.1114
2024-11-21 14:08:10,887 - INFO - ===================================================================================
2024-11-21 14:08:10,888 - INFO - Completed in 2h 9m
2024-11-21 14:08:17,365 - INFO - Epoch [64/100], Batch [0/4]
 Dt Loss: 0.0179
 Goal Loss: 0.1256, MIE Loss: 0.0001
 MSE Loss R: 0.0250, BCE Loss G: 0.1005
2024-11-21 14:08:23,909 - INFO - Epoch [64/100] completed. Average Goal Loss: 0.1385
2024-11-21 14:08:23,910 - INFO - Epoch [64/100] completed. Average Action Loss: 0.0178
2024-11-21 14:08:23,910 - INFO - ===================================================================================
2024-11-21 14:08:38,325 - INFO - Epoch [64/100]
Action Validation Loss: 0.0162 
 Goal Validation Loss: 0.1554 
 MIE Validation Loss: 0.0001 
 MSE R Validation Loss: 0.0444 
 BCE G Validation Loss: 0.1109
2024-11-21 14:08:38,326 - INFO - ===================================================================================
2024-11-21 14:08:38,326 - INFO - Completed in 2h 9m
2024-11-21 14:12:15,772 - INFO - 64 Test Returns: 55.0
2024-11-21 14:12:15,809 - INFO - Model checkpoint saved at training_output/20241121_115748/models/epoch_64.pth
2024-11-21 14:12:21,963 - INFO - Epoch [65/100], Batch [0/4]
 Dt Loss: 0.0180
 Goal Loss: 0.1183, MIE Loss: 0.0001
 MSE Loss R: 0.0175, BCE Loss G: 0.1007
2024-11-21 14:12:28,064 - INFO - Epoch [65/100] completed. Average Goal Loss: 0.1316
2024-11-21 14:12:28,065 - INFO - Epoch [65/100] completed. Average Action Loss: 0.0179
2024-11-21 14:12:28,065 - INFO - ===================================================================================
2024-11-21 14:12:44,085 - INFO - Epoch [65/100]
Action Validation Loss: 0.0163 
 Goal Validation Loss: 0.1551 
 MIE Validation Loss: 0.0002 
 MSE R Validation Loss: 0.0440 
 BCE G Validation Loss: 0.1109
2024-11-21 14:12:44,086 - INFO - ===================================================================================
2024-11-21 14:12:44,086 - INFO - Completed in 2h 14m
2024-11-21 14:12:50,068 - INFO - Epoch [66/100], Batch [0/4]
 Dt Loss: 0.0175
 Goal Loss: 0.1229, MIE Loss: 0.0023
 MSE Loss R: 0.0208, BCE Loss G: 0.0998
2024-11-21 14:12:56,353 - INFO - Epoch [66/100] completed. Average Goal Loss: 0.1454
2024-11-21 14:12:56,354 - INFO - Epoch [66/100] completed. Average Action Loss: 0.0177
2024-11-21 14:12:56,354 - INFO - ===================================================================================
2024-11-21 14:13:12,386 - INFO - Epoch [66/100]
Action Validation Loss: 0.0158 
 Goal Validation Loss: 0.1549 
 MIE Validation Loss: 0.0001 
 MSE R Validation Loss: 0.0441 
 BCE G Validation Loss: 0.1108
2024-11-21 14:13:12,386 - INFO - ===================================================================================
2024-11-21 14:13:12,386 - INFO - Completed in 2h 14m
2024-11-21 14:16:56,489 - INFO - 66 Test Returns: 57.6
2024-11-21 14:16:56,529 - INFO - Model checkpoint saved at training_output/20241121_115748/models/epoch_66.pth
2024-11-21 14:17:03,922 - INFO - Epoch [67/100], Batch [0/4]
 Dt Loss: 0.0174
 Goal Loss: 0.1251, MIE Loss: 0.0005
 MSE Loss R: 0.0158, BCE Loss G: 0.1089
2024-11-21 14:17:10,272 - INFO - Epoch [67/100] completed. Average Goal Loss: 0.1770
2024-11-21 14:17:10,272 - INFO - Epoch [67/100] completed. Average Action Loss: 0.0178
2024-11-21 14:17:10,272 - INFO - ===================================================================================
2024-11-21 14:17:26,601 - INFO - Epoch [67/100]
Action Validation Loss: 0.0157 
 Goal Validation Loss: 0.1593 
 MIE Validation Loss: 0.0009 
 MSE R Validation Loss: 0.0456 
 BCE G Validation Loss: 0.1128
2024-11-21 14:17:26,602 - INFO - ===================================================================================
2024-11-21 14:17:26,602 - INFO - Completed in 2h 18m
2024-11-21 14:17:33,746 - INFO - Epoch [68/100], Batch [0/4]
 Dt Loss: 0.0176
 Goal Loss: 0.1438, MIE Loss: 0.0004
 MSE Loss R: 0.0251, BCE Loss G: 0.1183
2024-11-21 14:17:40,220 - INFO - Epoch [68/100] completed. Average Goal Loss: 0.1344
2024-11-21 14:17:40,220 - INFO - Epoch [68/100] completed. Average Action Loss: 0.0175
2024-11-21 14:17:40,220 - INFO - ===================================================================================
2024-11-21 14:17:56,921 - INFO - Epoch [68/100]
Action Validation Loss: 0.0163 
 Goal Validation Loss: 0.1593 
 MIE Validation Loss: 0.0003 
 MSE R Validation Loss: 0.0461 
 BCE G Validation Loss: 0.1129
2024-11-21 14:17:56,922 - INFO - ===================================================================================
2024-11-21 14:17:56,922 - INFO - Completed in 2h 19m
2024-11-21 14:21:33,948 - INFO - 68 Test Returns: 58.8
2024-11-21 14:21:33,984 - INFO - Model checkpoint saved at training_output/20241121_115748/models/epoch_68.pth
2024-11-21 14:21:39,939 - INFO - Epoch [69/100], Batch [0/4]
 Dt Loss: 0.0173
 Goal Loss: 0.1075, MIE Loss: 0.0002
 MSE Loss R: 0.0119, BCE Loss G: 0.0954
2024-11-21 14:21:46,349 - INFO - Epoch [69/100] completed. Average Goal Loss: 0.1506
2024-11-21 14:21:46,350 - INFO - Epoch [69/100] completed. Average Action Loss: 0.0175
2024-11-21 14:21:46,350 - INFO - ===================================================================================
2024-11-21 14:22:02,896 - INFO - Epoch [69/100]
Action Validation Loss: 0.0157 
 Goal Validation Loss: 0.1556 
 MIE Validation Loss: 0.0004 
 MSE R Validation Loss: 0.0444 
 BCE G Validation Loss: 0.1108
2024-11-21 14:22:02,897 - INFO - ===================================================================================
2024-11-21 14:22:02,897 - INFO - Completed in 2h 23m
2024-11-21 14:22:09,226 - INFO - Epoch [70/100], Batch [0/4]
 Dt Loss: 0.0174
 Goal Loss: 0.1722, MIE Loss: 0.0011
 MSE Loss R: 0.0491, BCE Loss G: 0.1220
2024-11-21 14:22:15,533 - INFO - Epoch [70/100] completed. Average Goal Loss: 0.1405
2024-11-21 14:22:15,533 - INFO - Epoch [70/100] completed. Average Action Loss: 0.0174
2024-11-21 14:22:15,533 - INFO - ===================================================================================
2024-11-21 14:22:31,560 - INFO - Epoch [70/100]
Action Validation Loss: 0.0158 
 Goal Validation Loss: 0.1551 
 MIE Validation Loss: 0.0001 
 MSE R Validation Loss: 0.0439 
 BCE G Validation Loss: 0.1111
2024-11-21 14:22:31,560 - INFO - ===================================================================================
2024-11-21 14:22:31,561 - INFO - Completed in 2h 23m
2024-11-21 14:26:04,642 - INFO - 70 Test Returns: 58.4
2024-11-21 14:26:04,683 - INFO - Model checkpoint saved at training_output/20241121_115748/models/epoch_70.pth
2024-11-21 14:26:10,725 - INFO - Epoch [71/100], Batch [0/4]
 Dt Loss: 0.0172
 Goal Loss: 0.1233, MIE Loss: 0.0001
 MSE Loss R: 0.0242, BCE Loss G: 0.0991
2024-11-21 14:26:16,815 - INFO - Epoch [71/100] completed. Average Goal Loss: 0.1659
2024-11-21 14:26:16,815 - INFO - Epoch [71/100] completed. Average Action Loss: 0.0172
2024-11-21 14:26:16,815 - INFO - ===================================================================================
2024-11-21 14:26:32,925 - INFO - Epoch [71/100]
Action Validation Loss: 0.0153 
 Goal Validation Loss: 0.1548 
 MIE Validation Loss: 0.0001 
 MSE R Validation Loss: 0.0441 
 BCE G Validation Loss: 0.1106
2024-11-21 14:26:32,926 - INFO - ===================================================================================
2024-11-21 14:26:32,926 - INFO - Completed in 2h 27m
2024-11-21 14:26:39,129 - INFO - Epoch [72/100], Batch [0/4]
 Dt Loss: 0.0170
 Goal Loss: 0.1308, MIE Loss: 0.0006
 MSE Loss R: 0.0186, BCE Loss G: 0.1117
2024-11-21 14:26:45,137 - INFO - Epoch [72/100] completed. Average Goal Loss: 0.1247
2024-11-21 14:26:45,137 - INFO - Epoch [72/100] completed. Average Action Loss: 0.0170
2024-11-21 14:26:45,138 - INFO - ===================================================================================
2024-11-21 14:26:59,944 - INFO - Epoch [72/100]
Action Validation Loss: 0.0153 
 Goal Validation Loss: 0.1594 
 MIE Validation Loss: 0.0038 
 MSE R Validation Loss: 0.0440 
 BCE G Validation Loss: 0.1115
2024-11-21 14:26:59,945 - INFO - ===================================================================================
2024-11-21 14:26:59,946 - INFO - Completed in 2h 28m
2024-11-21 14:30:34,192 - INFO - 72 Test Returns: 61.2
2024-11-21 14:30:34,228 - INFO - Model checkpoint saved at training_output/20241121_115748/models/epoch_72.pth
2024-11-21 14:30:41,170 - INFO - Epoch [73/100], Batch [0/4]
 Dt Loss: 0.0172
 Goal Loss: 0.1304, MIE Loss: 0.0015
 MSE Loss R: 0.0183, BCE Loss G: 0.1106
2024-11-21 14:30:47,186 - INFO - Epoch [73/100] completed. Average Goal Loss: 0.1264
2024-11-21 14:30:47,187 - INFO - Epoch [73/100] completed. Average Action Loss: 0.0171
2024-11-21 14:30:47,190 - INFO - ===================================================================================
2024-11-21 14:31:03,616 - INFO - Epoch [73/100]
Action Validation Loss: 0.0151 
 Goal Validation Loss: 0.1565 
 MIE Validation Loss: 0.0001 
 MSE R Validation Loss: 0.0452 
 BCE G Validation Loss: 0.1112
2024-11-21 14:31:03,616 - INFO - ===================================================================================
2024-11-21 14:31:03,616 - INFO - Completed in 2h 32m
2024-11-21 14:31:09,540 - INFO - Epoch [74/100], Batch [0/4]
 Dt Loss: 0.0168
 Goal Loss: 0.2235, MIE Loss: 0.0003
 MSE Loss R: 0.0900, BCE Loss G: 0.1332
2024-11-21 14:31:16,056 - INFO - Epoch [74/100] completed. Average Goal Loss: 0.1560
2024-11-21 14:31:16,056 - INFO - Epoch [74/100] completed. Average Action Loss: 0.0167
2024-11-21 14:31:16,057 - INFO - ===================================================================================
2024-11-21 14:31:31,469 - INFO - Epoch [74/100]
Action Validation Loss: 0.0154 
 Goal Validation Loss: 0.1553 
 MIE Validation Loss: 0.0003 
 MSE R Validation Loss: 0.0442 
 BCE G Validation Loss: 0.1108
2024-11-21 14:31:31,469 - INFO - ===================================================================================
2024-11-21 14:31:31,470 - INFO - Completed in 2h 32m
2024-11-21 14:35:10,352 - INFO - 74 Test Returns: 57.6
2024-11-21 14:35:10,385 - INFO - Model checkpoint saved at training_output/20241121_115748/models/epoch_74.pth
2024-11-21 14:35:16,741 - INFO - Epoch [75/100], Batch [0/4]
 Dt Loss: 0.0171
 Goal Loss: 0.1148, MIE Loss: 0.0007
 MSE Loss R: 0.0161, BCE Loss G: 0.0981
2024-11-21 14:35:23,381 - INFO - Epoch [75/100] completed. Average Goal Loss: 0.1573
2024-11-21 14:35:23,383 - INFO - Epoch [75/100] completed. Average Action Loss: 0.0167
2024-11-21 14:35:23,383 - INFO - ===================================================================================
2024-11-21 14:35:38,668 - INFO - Epoch [75/100]
Action Validation Loss: 0.0152 
 Goal Validation Loss: 0.1548 
 MIE Validation Loss: 0.0001 
 MSE R Validation Loss: 0.0439 
 BCE G Validation Loss: 0.1108
2024-11-21 14:35:38,668 - INFO - ===================================================================================
2024-11-21 14:35:38,669 - INFO - Completed in 2h 36m
2024-11-21 14:35:44,362 - INFO - Epoch [76/100], Batch [0/4]
 Dt Loss: 0.0168
 Goal Loss: 0.1253, MIE Loss: 0.0004
 MSE Loss R: 0.0158, BCE Loss G: 0.1091
2024-11-21 14:35:50,637 - INFO - Epoch [76/100] completed. Average Goal Loss: 0.1212
2024-11-21 14:35:50,637 - INFO - Epoch [76/100] completed. Average Action Loss: 0.0168
2024-11-21 14:35:50,637 - INFO - ===================================================================================
2024-11-21 14:36:05,889 - INFO - Epoch [76/100]
Action Validation Loss: 0.0151 
 Goal Validation Loss: 0.1577 
 MIE Validation Loss: 0.0005 
 MSE R Validation Loss: 0.0459 
 BCE G Validation Loss: 0.1113
2024-11-21 14:36:05,890 - INFO - ===================================================================================
2024-11-21 14:36:05,890 - INFO - Completed in 2h 37m
2024-11-21 14:39:43,055 - INFO - 76 Test Returns: 56.2
2024-11-21 14:39:43,095 - INFO - Model checkpoint saved at training_output/20241121_115748/models/epoch_76.pth
2024-11-21 14:39:49,049 - INFO - Epoch [77/100], Batch [0/4]
 Dt Loss: 0.0167
 Goal Loss: 0.1711, MIE Loss: 0.0007
 MSE Loss R: 0.0493, BCE Loss G: 0.1212
2024-11-21 14:39:55,603 - INFO - Epoch [77/100] completed. Average Goal Loss: 0.1388
2024-11-21 14:39:55,603 - INFO - Epoch [77/100] completed. Average Action Loss: 0.0165
2024-11-21 14:39:55,603 - INFO - ===================================================================================
2024-11-21 14:40:12,900 - INFO - Epoch [77/100]
Action Validation Loss: 0.0148 
 Goal Validation Loss: 0.1553 
 MIE Validation Loss: 0.0001 
 MSE R Validation Loss: 0.0443 
 BCE G Validation Loss: 0.1109
2024-11-21 14:40:12,900 - INFO - ===================================================================================
2024-11-21 14:40:12,901 - INFO - Completed in 2h 41m
2024-11-21 14:40:18,849 - INFO - Epoch [78/100], Batch [0/4]
 Dt Loss: 0.0165
 Goal Loss: 0.1750, MIE Loss: 0.0001
 MSE Loss R: 0.0519, BCE Loss G: 0.1230
2024-11-21 14:40:25,131 - INFO - Epoch [78/100] completed. Average Goal Loss: 0.1385
2024-11-21 14:40:25,132 - INFO - Epoch [78/100] completed. Average Action Loss: 0.0166
2024-11-21 14:40:25,132 - INFO - ===================================================================================
2024-11-21 14:40:42,217 - INFO - Epoch [78/100]
Action Validation Loss: 0.0149 
 Goal Validation Loss: 0.1554 
 MIE Validation Loss: 0.0002 
 MSE R Validation Loss: 0.0442 
 BCE G Validation Loss: 0.1110
2024-11-21 14:40:42,217 - INFO - ===================================================================================
2024-11-21 14:40:42,218 - INFO - Completed in 2h 41m
2024-11-21 14:44:18,630 - INFO - 78 Test Returns: 57.6
2024-11-21 14:44:18,668 - INFO - Model checkpoint saved at training_output/20241121_115748/models/epoch_78.pth
2024-11-21 14:44:24,607 - INFO - Epoch [79/100], Batch [0/4]
 Dt Loss: 0.0159
 Goal Loss: 0.1464, MIE Loss: 0.0004
 MSE Loss R: 0.0302, BCE Loss G: 0.1158
2024-11-21 14:44:30,803 - INFO - Epoch [79/100] completed. Average Goal Loss: 0.1341
2024-11-21 14:44:30,803 - INFO - Epoch [79/100] completed. Average Action Loss: 0.0161
2024-11-21 14:44:30,804 - INFO - ===================================================================================
2024-11-21 14:44:47,102 - INFO - Epoch [79/100]
Action Validation Loss: 0.0146 
 Goal Validation Loss: 0.1558 
 MIE Validation Loss: 0.0002 
 MSE R Validation Loss: 0.0448 
 BCE G Validation Loss: 0.1109
2024-11-21 14:44:47,103 - INFO - ===================================================================================
2024-11-21 14:44:47,103 - INFO - Completed in 2h 46m
2024-11-21 14:44:53,135 - INFO - Epoch [80/100], Batch [0/4]
 Dt Loss: 0.0159
 Goal Loss: 0.1334, MIE Loss: 0.0010
 MSE Loss R: 0.0211, BCE Loss G: 0.1113
2024-11-21 14:44:59,344 - INFO - Epoch [80/100] completed. Average Goal Loss: 0.1613
2024-11-21 14:44:59,345 - INFO - Epoch [80/100] completed. Average Action Loss: 0.0161
2024-11-21 14:44:59,345 - INFO - ===================================================================================
2024-11-21 14:45:14,287 - INFO - Epoch [80/100]
Action Validation Loss: 0.0144 
 Goal Validation Loss: 0.1639 
 MIE Validation Loss: 0.0001 
 MSE R Validation Loss: 0.0511 
 BCE G Validation Loss: 0.1127
2024-11-21 14:45:14,288 - INFO - ===================================================================================
2024-11-21 14:45:14,288 - INFO - Completed in 2h 46m
2024-11-21 14:49:05,961 - INFO - 80 Test Returns: 55.6
2024-11-21 14:49:05,998 - INFO - Model checkpoint saved at training_output/20241121_115748/models/epoch_80.pth
2024-11-21 14:49:12,132 - INFO - Epoch [81/100], Batch [0/4]
 Dt Loss: 0.0169
 Goal Loss: 0.1779, MIE Loss: 0.0006
 MSE Loss R: 0.0489, BCE Loss G: 0.1284
2024-11-21 14:49:18,126 - INFO - Epoch [81/100] completed. Average Goal Loss: 0.1595
2024-11-21 14:49:18,126 - INFO - Epoch [81/100] completed. Average Action Loss: 0.0163
2024-11-21 14:49:18,126 - INFO - ===================================================================================
2024-11-21 14:49:32,325 - INFO - Epoch [81/100]
Action Validation Loss: 0.0142 
 Goal Validation Loss: 0.1584 
 MIE Validation Loss: 0.0005 
 MSE R Validation Loss: 0.0467 
 BCE G Validation Loss: 0.1113
2024-11-21 14:49:32,325 - INFO - ===================================================================================
2024-11-21 14:49:32,326 - INFO - Completed in 2h 50m
2024-11-21 14:49:37,812 - INFO - Epoch [82/100], Batch [0/4]
 Dt Loss: 0.0156
 Goal Loss: 0.2660, MIE Loss: 0.0046
 MSE Loss R: 0.1228, BCE Loss G: 0.1386
2024-11-21 14:49:44,007 - INFO - Epoch [82/100] completed. Average Goal Loss: 0.1767
2024-11-21 14:49:44,007 - INFO - Epoch [82/100] completed. Average Action Loss: 0.0158
2024-11-21 14:49:44,007 - INFO - ===================================================================================
2024-11-21 14:49:58,848 - INFO - Epoch [82/100]
Action Validation Loss: 0.0141 
 Goal Validation Loss: 0.1555 
 MIE Validation Loss: 0.0000 
 MSE R Validation Loss: 0.0439 
 BCE G Validation Loss: 0.1116
2024-11-21 14:49:58,848 - INFO - ===================================================================================
2024-11-21 14:49:58,849 - INFO - Completed in 2h 51m
2024-11-21 14:53:45,415 - INFO - 82 Test Returns: 62.4
2024-11-21 14:53:45,451 - INFO - Model checkpoint saved at training_output/20241121_115748/models/epoch_82.pth
2024-11-21 14:53:50,988 - INFO - Epoch [83/100], Batch [0/4]
 Dt Loss: 0.0159
 Goal Loss: 0.1173, MIE Loss: 0.0001
 MSE Loss R: 0.0196, BCE Loss G: 0.0975
2024-11-21 14:53:57,219 - INFO - Epoch [83/100] completed. Average Goal Loss: 0.1233
2024-11-21 14:53:57,219 - INFO - Epoch [83/100] completed. Average Action Loss: 0.0160
2024-11-21 14:53:57,219 - INFO - ===================================================================================
2024-11-21 14:54:12,192 - INFO - Epoch [83/100]
Action Validation Loss: 0.0142 
 Goal Validation Loss: 0.1584 
 MIE Validation Loss: 0.0010 
 MSE R Validation Loss: 0.0463 
 BCE G Validation Loss: 0.1111
2024-11-21 14:54:12,193 - INFO - ===================================================================================
2024-11-21 14:54:12,193 - INFO - Completed in 2h 55m
2024-11-21 14:54:17,471 - INFO - Epoch [84/100], Batch [0/4]
 Dt Loss: 0.0158
 Goal Loss: 0.1131, MIE Loss: 0.0010
 MSE Loss R: 0.0105, BCE Loss G: 0.1016
2024-11-21 14:54:23,677 - INFO - Epoch [84/100] completed. Average Goal Loss: 0.1588
2024-11-21 14:54:23,678 - INFO - Epoch [84/100] completed. Average Action Loss: 0.0157
2024-11-21 14:54:23,678 - INFO - ===================================================================================
2024-11-21 14:54:38,605 - INFO - Epoch [84/100]
Action Validation Loss: 0.0144 
 Goal Validation Loss: 0.1552 
 MIE Validation Loss: 0.0001 
 MSE R Validation Loss: 0.0443 
 BCE G Validation Loss: 0.1108
2024-11-21 14:54:38,606 - INFO - ===================================================================================
2024-11-21 14:54:38,606 - INFO - Completed in 2h 55m
2024-11-21 14:58:30,315 - INFO - 84 Test Returns: 58.4
2024-11-21 14:58:30,357 - INFO - Model checkpoint saved at training_output/20241121_115748/models/epoch_84.pth
2024-11-21 14:58:36,189 - INFO - Epoch [85/100], Batch [0/4]
 Dt Loss: 0.0160
 Goal Loss: 0.1165, MIE Loss: 0.0002
 MSE Loss R: 0.0184, BCE Loss G: 0.0980
2024-11-21 14:58:42,657 - INFO - Epoch [85/100] completed. Average Goal Loss: 0.1729
2024-11-21 14:58:42,657 - INFO - Epoch [85/100] completed. Average Action Loss: 0.0157
2024-11-21 14:58:42,657 - INFO - ===================================================================================
2024-11-21 14:58:57,899 - INFO - Epoch [85/100]
Action Validation Loss: 0.0137 
 Goal Validation Loss: 0.1552 
 MIE Validation Loss: 0.0001 
 MSE R Validation Loss: 0.0439 
 BCE G Validation Loss: 0.1111
2024-11-21 14:58:57,900 - INFO - ===================================================================================
2024-11-21 14:58:57,900 - INFO - Completed in 3h 0m
2024-11-21 14:59:03,404 - INFO - Epoch [86/100], Batch [0/4]
 Dt Loss: 0.0160
 Goal Loss: 0.1203, MIE Loss: 0.0001
 MSE Loss R: 0.0198, BCE Loss G: 0.1005
2024-11-21 14:59:09,654 - INFO - Epoch [86/100] completed. Average Goal Loss: 0.1166
2024-11-21 14:59:09,655 - INFO - Epoch [86/100] completed. Average Action Loss: 0.0156
2024-11-21 14:59:09,655 - INFO - ===================================================================================
2024-11-21 14:59:26,533 - INFO - Epoch [86/100]
Action Validation Loss: 0.0138 
 Goal Validation Loss: 0.1587 
 MIE Validation Loss: 0.0002 
 MSE R Validation Loss: 0.0470 
 BCE G Validation Loss: 0.1115
2024-11-21 14:59:26,533 - INFO - ===================================================================================
2024-11-21 14:59:26,534 - INFO - Completed in 3h 0m
2024-11-21 15:03:19,934 - INFO - 86 Test Returns: 55.2
2024-11-21 15:03:19,974 - INFO - Model checkpoint saved at training_output/20241121_115748/models/epoch_86.pth
2024-11-21 15:03:25,509 - INFO - Epoch [87/100], Batch [0/4]
 Dt Loss: 0.0155
 Goal Loss: 0.1976, MIE Loss: 0.0007
 MSE Loss R: 0.0702, BCE Loss G: 0.1267
2024-11-21 15:03:31,983 - INFO - Epoch [87/100] completed. Average Goal Loss: 0.1438
2024-11-21 15:03:31,984 - INFO - Epoch [87/100] completed. Average Action Loss: 0.0156
2024-11-21 15:03:31,984 - INFO - ===================================================================================
2024-11-21 15:03:48,293 - INFO - Epoch [87/100]
Action Validation Loss: 0.0138 
 Goal Validation Loss: 0.1569 
 MIE Validation Loss: 0.0012 
 MSE R Validation Loss: 0.0449 
 BCE G Validation Loss: 0.1109
2024-11-21 15:03:48,293 - INFO - ===================================================================================
2024-11-21 15:03:48,294 - INFO - Completed in 3h 5m
2024-11-21 15:03:53,722 - INFO - Epoch [88/100], Batch [0/4]
 Dt Loss: 0.0156
 Goal Loss: 0.2395, MIE Loss: 0.0016
 MSE Loss R: 0.1033, BCE Loss G: 0.1347
2024-11-21 15:03:59,933 - INFO - Epoch [88/100] completed. Average Goal Loss: 0.1508
2024-11-21 15:03:59,934 - INFO - Epoch [88/100] completed. Average Action Loss: 0.0153
2024-11-21 15:03:59,934 - INFO - ===================================================================================
2024-11-21 15:04:16,654 - INFO - Epoch [88/100]
Action Validation Loss: 0.0138 
 Goal Validation Loss: 0.1571 
 MIE Validation Loss: 0.0005 
 MSE R Validation Loss: 0.0452 
 BCE G Validation Loss: 0.1114
2024-11-21 15:04:16,654 - INFO - ===================================================================================
2024-11-21 15:04:16,655 - INFO - Completed in 3h 5m
2024-11-21 15:08:09,505 - INFO - 88 Test Returns: 56.2
2024-11-21 15:08:09,543 - INFO - Model checkpoint saved at training_output/20241121_115748/models/epoch_88.pth
2024-11-21 15:08:15,584 - INFO - Epoch [89/100], Batch [0/4]
 Dt Loss: 0.0156
 Goal Loss: 0.1693, MIE Loss: 0.0002
 MSE Loss R: 0.0472, BCE Loss G: 0.1218
2024-11-21 15:08:22,028 - INFO - Epoch [89/100] completed. Average Goal Loss: 0.1489
2024-11-21 15:08:22,029 - INFO - Epoch [89/100] completed. Average Action Loss: 0.0154
2024-11-21 15:08:22,029 - INFO - ===================================================================================
2024-11-21 15:08:38,465 - INFO - Epoch [89/100]
Action Validation Loss: 0.0136 
 Goal Validation Loss: 0.1549 
 MIE Validation Loss: 0.0002 
 MSE R Validation Loss: 0.0440 
 BCE G Validation Loss: 0.1107
2024-11-21 15:08:38,465 - INFO - ===================================================================================
2024-11-21 15:08:38,466 - INFO - Completed in 3h 9m
2024-11-21 15:08:44,725 - INFO - Epoch [90/100], Batch [0/4]
 Dt Loss: 0.0151
 Goal Loss: 0.1218, MIE Loss: 0.0003
 MSE Loss R: 0.0148, BCE Loss G: 0.1067
2024-11-21 15:08:51,205 - INFO - Epoch [90/100] completed. Average Goal Loss: 0.1557
2024-11-21 15:08:51,206 - INFO - Epoch [90/100] completed. Average Action Loss: 0.0152
2024-11-21 15:08:51,206 - INFO - ===================================================================================
2024-11-21 15:09:07,200 - INFO - Epoch [90/100]
Action Validation Loss: 0.0132 
 Goal Validation Loss: 0.1631 
 MIE Validation Loss: 0.0011 
 MSE R Validation Loss: 0.0490 
 BCE G Validation Loss: 0.1130
2024-11-21 15:09:07,201 - INFO - ===================================================================================
2024-11-21 15:09:07,201 - INFO - Completed in 3h 10m
2024-11-21 15:12:54,062 - INFO - 90 Test Returns: 57.8
2024-11-21 15:12:54,103 - INFO - Model checkpoint saved at training_output/20241121_115748/models/epoch_90.pth
2024-11-21 15:12:59,972 - INFO - Epoch [91/100], Batch [0/4]
 Dt Loss: 0.0153
 Goal Loss: 0.2302, MIE Loss: 0.0011
 MSE Loss R: 0.0939, BCE Loss G: 0.1353
2024-11-21 15:13:06,037 - INFO - Epoch [91/100] completed. Average Goal Loss: 0.1863
2024-11-21 15:13:06,037 - INFO - Epoch [91/100] completed. Average Action Loss: 0.0152
2024-11-21 15:13:06,037 - INFO - ===================================================================================
2024-11-21 15:13:20,806 - INFO - Epoch [91/100]
Action Validation Loss: 0.0132 
 Goal Validation Loss: 0.1601 
 MIE Validation Loss: 0.0004 
 MSE R Validation Loss: 0.0489 
 BCE G Validation Loss: 0.1109
2024-11-21 15:13:20,806 - INFO - ===================================================================================
2024-11-21 15:13:20,806 - INFO - Completed in 3h 14m
2024-11-21 15:13:26,293 - INFO - Epoch [92/100], Batch [0/4]
 Dt Loss: 0.0152
 Goal Loss: 0.1438, MIE Loss: 0.0009
 MSE Loss R: 0.0435, BCE Loss G: 0.0995
2024-11-21 15:13:32,647 - INFO - Epoch [92/100] completed. Average Goal Loss: 0.1241
2024-11-21 15:13:32,648 - INFO - Epoch [92/100] completed. Average Action Loss: 0.0150
2024-11-21 15:13:32,648 - INFO - ===================================================================================
2024-11-21 15:13:47,595 - INFO - Epoch [92/100]
Action Validation Loss: 0.0133 
 Goal Validation Loss: 0.1591 
 MIE Validation Loss: 0.0001 
 MSE R Validation Loss: 0.0467 
 BCE G Validation Loss: 0.1123
2024-11-21 15:13:47,595 - INFO - ===================================================================================
2024-11-21 15:13:47,596 - INFO - Completed in 3h 15m
2024-11-21 15:17:35,778 - INFO - 92 Test Returns: 59.8
2024-11-21 15:17:35,811 - INFO - Model checkpoint saved at training_output/20241121_115748/models/epoch_92.pth
2024-11-21 15:17:41,411 - INFO - Epoch [93/100], Batch [0/4]
 Dt Loss: 0.0151
 Goal Loss: 0.3110, MIE Loss: 0.0008
 MSE Loss R: 0.1647, BCE Loss G: 0.1455
2024-11-21 15:17:47,667 - INFO - Epoch [93/100] completed. Average Goal Loss: 0.1713
2024-11-21 15:17:47,668 - INFO - Epoch [93/100] completed. Average Action Loss: 0.0149
2024-11-21 15:17:47,668 - INFO - ===================================================================================
2024-11-21 15:18:01,936 - INFO - Epoch [93/100]
Action Validation Loss: 0.0129 
 Goal Validation Loss: 0.1555 
 MIE Validation Loss: 0.0005 
 MSE R Validation Loss: 0.0441 
 BCE G Validation Loss: 0.1110
2024-11-21 15:18:01,936 - INFO - ===================================================================================
2024-11-21 15:18:01,937 - INFO - Completed in 3h 19m
2024-11-21 15:18:07,230 - INFO - Epoch [94/100], Batch [0/4]
 Dt Loss: 0.0150
 Goal Loss: 0.1580, MIE Loss: 0.0004
 MSE Loss R: 0.0384, BCE Loss G: 0.1193
2024-11-21 15:18:13,544 - INFO - Epoch [94/100] completed. Average Goal Loss: 0.1280
2024-11-21 15:18:13,544 - INFO - Epoch [94/100] completed. Average Action Loss: 0.0152
2024-11-21 15:18:13,545 - INFO - ===================================================================================
2024-11-21 15:18:27,873 - INFO - Epoch [94/100]
Action Validation Loss: 0.0131 
 Goal Validation Loss: 0.1601 
 MIE Validation Loss: 0.0008 
 MSE R Validation Loss: 0.0472 
 BCE G Validation Loss: 0.1122
2024-11-21 15:18:27,873 - INFO - ===================================================================================
2024-11-21 15:18:27,874 - INFO - Completed in 3h 19m
2024-11-21 15:22:18,976 - INFO - 94 Test Returns: 59.2
2024-11-21 15:22:19,013 - INFO - Model checkpoint saved at training_output/20241121_115748/models/epoch_94.pth
2024-11-21 15:22:24,436 - INFO - Epoch [95/100], Batch [0/4]
 Dt Loss: 0.0148
 Goal Loss: 0.1285, MIE Loss: 0.0005
 MSE Loss R: 0.0178, BCE Loss G: 0.1102
2024-11-21 15:22:30,823 - INFO - Epoch [95/100] completed. Average Goal Loss: 0.1808
2024-11-21 15:22:30,823 - INFO - Epoch [95/100] completed. Average Action Loss: 0.0148
2024-11-21 15:22:30,823 - INFO - ===================================================================================
2024-11-21 15:22:45,425 - INFO - Epoch [95/100]
Action Validation Loss: 0.0129 
 Goal Validation Loss: 0.1555 
 MIE Validation Loss: 0.0002 
 MSE R Validation Loss: 0.0439 
 BCE G Validation Loss: 0.1114
2024-11-21 15:22:45,425 - INFO - ===================================================================================
2024-11-21 15:22:45,426 - INFO - Completed in 3h 24m
2024-11-21 15:22:51,084 - INFO - Epoch [96/100], Batch [0/4]
 Dt Loss: 0.0146
 Goal Loss: 0.1241, MIE Loss: 0.0001
 MSE Loss R: 0.0253, BCE Loss G: 0.0987
2024-11-21 15:22:57,733 - INFO - Epoch [96/100] completed. Average Goal Loss: 0.1177
2024-11-21 15:22:57,733 - INFO - Epoch [96/100] completed. Average Action Loss: 0.0146
2024-11-21 15:22:57,733 - INFO - ===================================================================================
2024-11-21 15:23:13,299 - INFO - Epoch [96/100]
Action Validation Loss: 0.0130 
 Goal Validation Loss: 0.1603 
 MIE Validation Loss: 0.0011 
 MSE R Validation Loss: 0.0476 
 BCE G Validation Loss: 0.1116
2024-11-21 15:23:13,300 - INFO - ===================================================================================
2024-11-21 15:23:13,300 - INFO - Completed in 3h 24m
2024-11-21 15:26:54,948 - INFO - 96 Test Returns: 58.8
2024-11-21 15:26:55,001 - INFO - Model checkpoint saved at training_output/20241121_115748/models/epoch_96.pth
2024-11-21 15:27:00,601 - INFO - Epoch [97/100], Batch [0/4]
 Dt Loss: 0.0147
 Goal Loss: 0.1129, MIE Loss: 0.0007
 MSE Loss R: 0.0099, BCE Loss G: 0.1024
2024-11-21 15:27:06,706 - INFO - Epoch [97/100] completed. Average Goal Loss: 0.1356
2024-11-21 15:27:06,706 - INFO - Epoch [97/100] completed. Average Action Loss: 0.0146
2024-11-21 15:27:06,707 - INFO - ===================================================================================
2024-11-21 15:27:20,656 - INFO - Epoch [97/100]
Action Validation Loss: 0.0127 
 Goal Validation Loss: 0.1568 
 MIE Validation Loss: 0.0006 
 MSE R Validation Loss: 0.0455 
 BCE G Validation Loss: 0.1107
2024-11-21 15:27:20,656 - INFO - ===================================================================================
2024-11-21 15:27:20,656 - INFO - Completed in 3h 28m
2024-11-21 15:27:26,203 - INFO - Epoch [98/100], Batch [0/4]
 Dt Loss: 0.0149
 Goal Loss: 0.1412, MIE Loss: 0.0005
 MSE Loss R: 0.0285, BCE Loss G: 0.1123
2024-11-21 15:27:32,154 - INFO - Epoch [98/100] completed. Average Goal Loss: 0.1288
2024-11-21 15:27:32,154 - INFO - Epoch [98/100] completed. Average Action Loss: 0.0147
2024-11-21 15:27:32,155 - INFO - ===================================================================================
2024-11-21 15:27:46,718 - INFO - Epoch [98/100]
Action Validation Loss: 0.0125 
 Goal Validation Loss: 0.1570 
 MIE Validation Loss: 0.0005 
 MSE R Validation Loss: 0.0456 
 BCE G Validation Loss: 0.1109
2024-11-21 15:27:46,719 - INFO - ===================================================================================
2024-11-21 15:27:46,719 - INFO - Completed in 3h 29m
2024-11-21 15:31:21,662 - INFO - 98 Test Returns: 55.8
2024-11-21 15:31:21,700 - INFO - Model checkpoint saved at training_output/20241121_115748/models/epoch_98.pth
2024-11-21 15:31:27,545 - INFO - Epoch [99/100], Batch [0/4]
 Dt Loss: 0.0150
 Goal Loss: 0.1157, MIE Loss: 0.0002
 MSE Loss R: 0.0120, BCE Loss G: 0.1035
2024-11-21 15:31:33,595 - INFO - Epoch [99/100] completed. Average Goal Loss: 0.1724
2024-11-21 15:31:33,595 - INFO - Epoch [99/100] completed. Average Action Loss: 0.0146
2024-11-21 15:31:33,595 - INFO - ===================================================================================
2024-11-21 15:31:49,492 - INFO - Epoch [99/100]
Action Validation Loss: 0.0126 
 Goal Validation Loss: 0.1550 
 MIE Validation Loss: 0.0005 
 MSE R Validation Loss: 0.0439 
 BCE G Validation Loss: 0.1107
2024-11-21 15:31:49,492 - INFO - ===================================================================================
2024-11-21 15:31:49,493 - INFO - Completed in 3h 33m
2024-11-21 15:31:56,383 - INFO - Epoch [100/100], Batch [0/4]
 Dt Loss: 0.0145
 Goal Loss: 0.1227, MIE Loss: 0.0008
 MSE Loss R: 0.0234, BCE Loss G: 0.0984
2024-11-21 15:32:02,550 - INFO - Epoch [100/100] completed. Average Goal Loss: 0.1136
2024-11-21 15:32:02,551 - INFO - Epoch [100/100] completed. Average Action Loss: 0.0146
2024-11-21 15:32:02,551 - INFO - ===================================================================================
2024-11-21 15:32:18,946 - INFO - Epoch [100/100]
Action Validation Loss: 0.0128 
 Goal Validation Loss: 0.1628 
 MIE Validation Loss: 0.0004 
 MSE R Validation Loss: 0.0498 
 BCE G Validation Loss: 0.1125
2024-11-21 15:32:18,947 - INFO - ===================================================================================
2024-11-21 15:32:18,947 - INFO - Completed in 3h 33m
2024-11-21 15:35:47,144 - INFO - 100 Test Returns: 61.8
2024-11-21 15:35:47,180 - INFO - Model checkpoint saved at training_output/20241121_115748/models/epoch_100.pth
2024-11-21 15:35:47,442 - INFO - Training completed.
