2024-11-20 17:38:37,346 - INFO - Starting.
2024-11-20 17:38:37,346 - INFO - Loading Data.
2024-11-20 17:51:10,935 - INFO - Data loaded in 0.0 hours 12.0 minutes.
2024-11-20 17:51:11,064 - INFO - Training Started.
2024-11-20 17:51:34,182 - INFO - Epoch [1/500], Batch [0/52]
 Dt Loss: 0.0882
 Goal Loss: 82.3143, MIE Loss: 81.5752
 MSE Loss R: 0.0042, BCE Loss G: 0.7348
2024-11-20 17:52:01,282 - INFO - Epoch [1/500], Batch [10/52]
 Dt Loss: 0.0859
 Goal Loss: 67.2038, MIE Loss: 66.4655
 MSE Loss R: 0.0057, BCE Loss G: 0.7327
2024-11-20 17:52:25,743 - INFO - Epoch [1/500], Batch [20/52]
 Dt Loss: 0.0822
 Goal Loss: 38.7865, MIE Loss: 38.0293
 MSE Loss R: 0.0300, BCE Loss G: 0.7272
2024-11-20 17:52:46,536 - INFO - Epoch [1/500], Batch [30/52]
 Dt Loss: 0.0785
 Goal Loss: 15.9036, MIE Loss: 15.0390
 MSE Loss R: 0.1475, BCE Loss G: 0.7171
2024-11-20 17:53:09,328 - INFO - Epoch [1/500], Batch [40/52]
 Dt Loss: 0.0713
 Goal Loss: 7.5673, MIE Loss: 6.5550
 MSE Loss R: 0.3134, BCE Loss G: 0.6989
2024-11-20 17:53:30,012 - INFO - Epoch [1/500], Batch [50/52]
 Dt Loss: 0.0544
 Goal Loss: 1.3111, MIE Loss: 0.6405
 MSE Loss R: 0.0034, BCE Loss G: 0.6672
2024-11-20 17:53:36,509 - INFO - Epoch [1/500] completed. Average Goal Loss: 33.5126
2024-11-20 17:53:36,509 - INFO - Epoch [1/500] completed. Average Action Loss: 0.0775
2024-11-20 17:53:36,509 - INFO - ===================================================================================
2024-11-20 17:55:31,229 - INFO - Epoch [1/500]
Action Validation Loss: 0.0518 
 Goal Validation Loss: 1.4958 
 MIE Validation Loss: 0.7693 
 MSE R Validation Loss: 0.0646 
 BCE G Validation Loss: 0.6619
2024-11-20 17:55:31,229 - INFO - ===================================================================================
2024-11-20 17:55:31,229 - INFO - Completed in 0h 4m
2024-11-20 17:55:47,666 - INFO - Epoch [2/500], Batch [0/52]
 Dt Loss: 0.0526
 Goal Loss: 1.1844, MIE Loss: 0.5203
 MSE Loss R: 0.0045, BCE Loss G: 0.6596
2024-11-20 17:56:09,546 - INFO - Epoch [2/500], Batch [10/52]
 Dt Loss: 0.0482
 Goal Loss: 1.0043, MIE Loss: 0.3505
 MSE Loss R: 0.0265, BCE Loss G: 0.6273
2024-11-20 17:56:30,197 - INFO - Epoch [2/500], Batch [20/52]
 Dt Loss: 0.0444
 Goal Loss: 0.9250, MIE Loss: 0.2836
 MSE Loss R: 0.0451, BCE Loss G: 0.5962
2024-11-20 17:56:51,361 - INFO - Epoch [2/500], Batch [30/52]
 Dt Loss: 0.0420
 Goal Loss: 0.6931, MIE Loss: 0.1215
 MSE Loss R: 0.0071, BCE Loss G: 0.5644
2024-11-20 17:57:12,483 - INFO - Epoch [2/500], Batch [40/52]
 Dt Loss: 0.0399
 Goal Loss: 0.8085, MIE Loss: 0.1878
 MSE Loss R: 0.0851, BCE Loss G: 0.5356
2024-11-20 17:57:33,404 - INFO - Epoch [2/500], Batch [50/52]
 Dt Loss: 0.0378
 Goal Loss: 0.5894, MIE Loss: 0.0776
 MSE Loss R: 0.0088, BCE Loss G: 0.5030
2024-11-20 17:57:38,599 - INFO - Epoch [2/500] completed. Average Goal Loss: 0.8946
2024-11-20 17:57:38,599 - INFO - Epoch [2/500] completed. Average Action Loss: 0.0439
2024-11-20 17:57:38,599 - INFO - ===================================================================================
2024-11-20 17:59:33,690 - INFO - Epoch [2/500]
Action Validation Loss: 0.0355 
 Goal Validation Loss: 0.6414 
 MIE Validation Loss: 0.0888 
 MSE R Validation Loss: 0.0535 
 BCE G Validation Loss: 0.4990
2024-11-20 17:59:33,690 - INFO - ===================================================================================
2024-11-20 17:59:33,691 - INFO - Completed in 0h 8m
2024-11-20 17:59:49,918 - INFO - Epoch [3/500], Batch [0/52]
 Dt Loss: 0.0381
 Goal Loss: 0.5791, MIE Loss: 0.0730
 MSE Loss R: 0.0092, BCE Loss G: 0.4969
2024-11-20 18:00:10,250 - INFO - Epoch [3/500], Batch [10/52]
 Dt Loss: 0.0353
 Goal Loss: 0.5784, MIE Loss: 0.0894
 MSE Loss R: 0.0210, BCE Loss G: 0.4681
2024-11-20 18:00:31,700 - INFO - Epoch [3/500], Batch [20/52]
 Dt Loss: 0.0353
 Goal Loss: 0.4995, MIE Loss: 0.0528
 MSE Loss R: 0.0082, BCE Loss G: 0.4385
2024-11-20 18:00:53,047 - INFO - Epoch [3/500], Batch [30/52]
 Dt Loss: 0.0331
 Goal Loss: 0.8198, MIE Loss: 0.1664
 MSE Loss R: 0.2350, BCE Loss G: 0.4184
2024-11-20 18:01:15,023 - INFO - Epoch [3/500], Batch [40/52]
 Dt Loss: 0.0331
 Goal Loss: 0.4619, MIE Loss: 0.0568
 MSE Loss R: 0.0192, BCE Loss G: 0.3859
2024-11-20 18:01:36,900 - INFO - Epoch [3/500], Batch [50/52]
 Dt Loss: 0.0322
 Goal Loss: 0.6038, MIE Loss: 0.0940
 MSE Loss R: 0.1427, BCE Loss G: 0.3671
2024-11-20 18:01:42,040 - INFO - Epoch [3/500] completed. Average Goal Loss: 0.5545
2024-11-20 18:01:42,040 - INFO - Epoch [3/500] completed. Average Action Loss: 0.0347
2024-11-20 18:01:42,040 - INFO - ===================================================================================
2024-11-20 18:03:36,219 - INFO - Epoch [3/500]
Action Validation Loss: 0.0302 
 Goal Validation Loss: 0.4441 
 MIE Validation Loss: 0.0375 
 MSE R Validation Loss: 0.0487 
 BCE G Validation Loss: 0.3578
2024-11-20 18:03:36,223 - INFO - ===================================================================================
2024-11-20 18:03:36,224 - INFO - Completed in 0h 12m
2024-11-20 18:03:52,384 - INFO - Epoch [4/500], Batch [0/52]
 Dt Loss: 0.0330
 Goal Loss: 0.4052, MIE Loss: 0.0387
 MSE Loss R: 0.0110, BCE Loss G: 0.3555
2024-11-20 18:04:12,976 - INFO - Epoch [4/500], Batch [10/52]
 Dt Loss: 0.0332
 Goal Loss: 0.3720, MIE Loss: 0.0307
 MSE Loss R: 0.0097, BCE Loss G: 0.3316
2024-11-20 18:04:33,440 - INFO - Epoch [4/500], Batch [20/52]
 Dt Loss: 0.0318
 Goal Loss: 0.3520, MIE Loss: 0.0293
 MSE Loss R: 0.0117, BCE Loss G: 0.3111
2024-11-20 18:04:53,837 - INFO - Epoch [4/500], Batch [30/52]
 Dt Loss: 0.0312
 Goal Loss: 0.3196, MIE Loss: 0.0200
 MSE Loss R: 0.0104, BCE Loss G: 0.2893
2024-11-20 18:05:14,592 - INFO - Epoch [4/500], Batch [40/52]
 Dt Loss: 0.0305
 Goal Loss: 0.4821, MIE Loss: 0.0551
 MSE Loss R: 0.1447, BCE Loss G: 0.2823
2024-11-20 18:05:34,592 - INFO - Epoch [4/500], Batch [50/52]
 Dt Loss: 0.0310
 Goal Loss: 0.2783, MIE Loss: 0.0140
 MSE Loss R: 0.0105, BCE Loss G: 0.2538
2024-11-20 18:05:39,929 - INFO - Epoch [4/500] completed. Average Goal Loss: 0.3788
2024-11-20 18:05:39,929 - INFO - Epoch [4/500] completed. Average Action Loss: 0.0316
2024-11-20 18:05:39,930 - INFO - ===================================================================================
2024-11-20 18:07:36,819 - INFO - Epoch [4/500]
Action Validation Loss: 0.0281 
 Goal Validation Loss: 0.3172 
 MIE Validation Loss: 0.0161 
 MSE R Validation Loss: 0.0467 
 BCE G Validation Loss: 0.2545
2024-11-20 18:07:36,824 - INFO - ===================================================================================
2024-11-20 18:07:36,825 - INFO - Completed in 0h 16m
2024-11-20 18:07:53,305 - INFO - Epoch [5/500], Batch [0/52]
 Dt Loss: 0.0301
 Goal Loss: 0.3077, MIE Loss: 0.0291
 MSE Loss R: 0.0243, BCE Loss G: 0.2543
2024-11-20 18:08:26,138 - INFO - Epoch [5/500], Batch [10/52]
 Dt Loss: 0.0305
 Goal Loss: 0.2587, MIE Loss: 0.0129
 MSE Loss R: 0.0102, BCE Loss G: 0.2356
2024-11-20 18:08:51,914 - INFO - Epoch [5/500], Batch [20/52]
 Dt Loss: 0.0294
 Goal Loss: 0.2436, MIE Loss: 0.0110
 MSE Loss R: 0.0108, BCE Loss G: 0.2218
2024-11-20 18:09:11,965 - INFO - Epoch [5/500], Batch [30/52]
 Dt Loss: 0.0295
 Goal Loss: 0.2333, MIE Loss: 0.0117
 MSE Loss R: 0.0118, BCE Loss G: 0.2099
2024-11-20 18:09:31,538 - INFO - Epoch [5/500], Batch [40/52]
 Dt Loss: 0.0294
 Goal Loss: 0.2845, MIE Loss: 0.0240
 MSE Loss R: 0.0544, BCE Loss G: 0.2061
2024-11-20 18:09:51,395 - INFO - Epoch [5/500], Batch [50/52]
 Dt Loss: 0.0293
 Goal Loss: 0.2080, MIE Loss: 0.0086
 MSE Loss R: 0.0148, BCE Loss G: 0.1845
2024-11-20 18:09:56,067 - INFO - Epoch [5/500] completed. Average Goal Loss: 0.2721
2024-11-20 18:09:56,067 - INFO - Epoch [5/500] completed. Average Action Loss: 0.0299
2024-11-20 18:09:56,067 - INFO - ===================================================================================
2024-11-20 18:11:49,307 - INFO - Epoch [5/500]
Action Validation Loss: 0.0267 
 Goal Validation Loss: 0.2516 
 MIE Validation Loss: 0.0165 
 MSE R Validation Loss: 0.0456 
 BCE G Validation Loss: 0.1895
2024-11-20 18:11:49,307 - INFO - ===================================================================================
2024-11-20 18:11:49,323 - INFO - Completed in 0h 20m
2024-11-20 18:12:06,101 - INFO - Epoch [6/500], Batch [0/52]
 Dt Loss: 0.0295
 Goal Loss: 0.2113, MIE Loss: 0.0111
 MSE Loss R: 0.0126, BCE Loss G: 0.1876
2024-11-20 18:12:29,515 - INFO - Epoch [6/500], Batch [10/52]
 Dt Loss: 0.0295
 Goal Loss: 0.1961, MIE Loss: 0.0068
 MSE Loss R: 0.0138, BCE Loss G: 0.1755
2024-11-20 18:12:49,659 - INFO - Epoch [6/500], Batch [20/52]
 Dt Loss: 0.0286
 Goal Loss: 0.1851, MIE Loss: 0.0053
 MSE Loss R: 0.0136, BCE Loss G: 0.1663
2024-11-20 18:13:13,305 - INFO - Epoch [6/500], Batch [30/52]
 Dt Loss: 0.0285
 Goal Loss: 0.1764, MIE Loss: 0.0046
 MSE Loss R: 0.0135, BCE Loss G: 0.1583
2024-11-20 18:13:41,209 - INFO - Epoch [6/500], Batch [40/52]
 Dt Loss: 0.0285
 Goal Loss: 0.1699, MIE Loss: 0.0046
 MSE Loss R: 0.0118, BCE Loss G: 0.1535
2024-11-20 18:14:01,519 - INFO - Epoch [6/500], Batch [50/52]
 Dt Loss: 0.0275
 Goal Loss: 0.1730, MIE Loss: 0.0070
 MSE Loss R: 0.0141, BCE Loss G: 0.1519
2024-11-20 18:14:05,557 - INFO - Epoch [6/500] completed. Average Goal Loss: 0.1988
2024-11-20 18:14:05,557 - INFO - Epoch [6/500] completed. Average Action Loss: 0.0285
2024-11-20 18:14:05,557 - INFO - ===================================================================================
