2024-11-20 10:16:47,453 - INFO - Starting.
2024-11-20 10:16:47,453 - INFO - Loading Data.
2024-11-20 10:16:57,241 - INFO - Data loaded in 0.0 hours 0.0 minutes.
2024-11-20 10:16:57,248 - INFO - Training Started.
2024-11-20 10:17:00,605 - INFO - Epoch [1/500], Batch [0/8]
 Dt Loss: 0.0870
 Goal Loss: 38.1062, MIE Loss: 33.2995
 MSE Loss R: 4.0786, BCE Loss G: 0.7281
2024-11-20 10:17:08,784 - INFO - Epoch [1/500] completed. Average Goal Loss: 24.7188
2024-11-20 10:17:08,785 - INFO - Epoch [1/500] completed. Average Action Loss: 0.0866
2024-11-20 10:17:08,785 - INFO - ===================================================================================
2024-11-20 10:17:22,138 - INFO - Epoch [1/500]
Action Validation Loss: 0.0861 
 Goal Validation Loss: 10.4343 
 MIE Validation Loss: 0.0544 
 MSE R Validation Loss: 10.2268 
 BCE G Validation Loss: 0.1532
2024-11-20 10:17:22,138 - INFO - ===================================================================================
2024-11-20 10:17:22,139 - INFO - Completed in 0h 0m
2024-11-20 10:17:26,053 - INFO - Epoch [2/500], Batch [0/8]
 Dt Loss: 0.0863
 Goal Loss: 1.8189, MIE Loss: 0.0246
 MSE Loss R: 1.6614, BCE Loss G: 0.1329
2024-11-20 10:17:34,822 - INFO - Epoch [2/500] completed. Average Goal Loss: 9.6173
2024-11-20 10:17:34,823 - INFO - Epoch [2/500] completed. Average Action Loss: 0.0854
2024-11-20 10:17:34,823 - INFO - ===================================================================================
2024-11-20 10:17:48,029 - INFO - Epoch [2/500]
Action Validation Loss: 0.0841 
 Goal Validation Loss: 12.5919 
 MIE Validation Loss: 0.0257 
 MSE R Validation Loss: 12.4512 
 BCE G Validation Loss: 0.1150
2024-11-20 10:17:48,030 - INFO - ===================================================================================
2024-11-20 10:17:48,030 - INFO - Completed in 0h 0m
2024-11-20 10:17:51,707 - INFO - Epoch [3/500], Batch [0/8]
 Dt Loss: 0.0844
 Goal Loss: 16.4861, MIE Loss: 0.0119
 MSE Loss R: 16.3682, BCE Loss G: 0.1060
2024-11-20 10:17:59,499 - INFO - Epoch [3/500] completed. Average Goal Loss: 12.7065
2024-11-20 10:17:59,499 - INFO - Epoch [3/500] completed. Average Action Loss: 0.0838
2024-11-20 10:17:59,499 - INFO - ===================================================================================
2024-11-20 10:18:13,189 - INFO - Epoch [3/500]
Action Validation Loss: 0.0823 
 Goal Validation Loss: 9.3844 
 MIE Validation Loss: 0.0793 
 MSE R Validation Loss: 9.1919 
 BCE G Validation Loss: 0.1132
2024-11-20 10:18:13,189 - INFO - ===================================================================================
2024-11-20 10:18:13,189 - INFO - Completed in 0h 1m
2024-11-20 10:18:16,783 - INFO - Epoch [4/500], Batch [0/8]
 Dt Loss: 0.0830
 Goal Loss: 4.8801, MIE Loss: 0.0949
 MSE Loss R: 4.6692, BCE Loss G: 0.1160
2024-11-20 10:18:24,693 - INFO - Epoch [4/500] completed. Average Goal Loss: 4.0557
2024-11-20 10:18:24,693 - INFO - Epoch [4/500] completed. Average Action Loss: 0.0819
2024-11-20 10:18:24,693 - INFO - ===================================================================================
2024-11-20 10:18:37,841 - INFO - Epoch [4/500]
Action Validation Loss: 0.0803 
 Goal Validation Loss: 12.2663 
 MIE Validation Loss: 0.0119 
 MSE R Validation Loss: 12.1401 
 BCE G Validation Loss: 0.1143
2024-11-20 10:18:37,841 - INFO - ===================================================================================
2024-11-20 10:18:37,841 - INFO - Completed in 0h 1m
2024-11-20 10:18:41,564 - INFO - Epoch [5/500], Batch [0/8]
 Dt Loss: 0.0807
 Goal Loss: 1.4657, MIE Loss: 0.0051
 MSE Loss R: 1.3601, BCE Loss G: 0.1004
2024-11-20 10:18:49,727 - INFO - Epoch [5/500] completed. Average Goal Loss: 8.1385
2024-11-20 10:18:49,728 - INFO - Epoch [5/500] completed. Average Action Loss: 0.0800
2024-11-20 10:18:49,728 - INFO - ===================================================================================
2024-11-20 10:19:03,133 - INFO - Epoch [5/500]
Action Validation Loss: 0.0778 
 Goal Validation Loss: 10.5234 
 MIE Validation Loss: 0.0180 
 MSE R Validation Loss: 10.3924 
 BCE G Validation Loss: 0.1130
2024-11-20 10:19:03,133 - INFO - ===================================================================================
2024-11-20 10:19:03,134 - INFO - Completed in 0h 2m
2024-11-20 10:19:06,958 - INFO - Epoch [6/500], Batch [0/8]
 Dt Loss: 0.0785
 Goal Loss: 1.3451, MIE Loss: 0.0210
 MSE Loss R: 1.2285, BCE Loss G: 0.0956
2024-11-20 10:19:15,449 - INFO - Epoch [6/500] completed. Average Goal Loss: 5.2867
2024-11-20 10:19:15,450 - INFO - Epoch [6/500] completed. Average Action Loss: 0.0775
2024-11-20 10:19:15,450 - INFO - ===================================================================================
2024-11-20 10:19:28,559 - INFO - Epoch [6/500]
Action Validation Loss: 0.0747 
 Goal Validation Loss: 10.5757 
 MIE Validation Loss: 0.0506 
 MSE R Validation Loss: 10.4123 
 BCE G Validation Loss: 0.1128
2024-11-20 10:19:28,559 - INFO - ===================================================================================
2024-11-20 10:19:28,560 - INFO - Completed in 0h 2m
2024-11-20 10:19:32,085 - INFO - Epoch [7/500], Batch [0/8]
 Dt Loss: 0.0759
 Goal Loss: 3.3930, MIE Loss: 0.0242
 MSE Loss R: 3.2616, BCE Loss G: 0.1073
2024-11-20 10:19:40,563 - INFO - Epoch [7/500] completed. Average Goal Loss: 8.7195
2024-11-20 10:19:40,564 - INFO - Epoch [7/500] completed. Average Action Loss: 0.0739
2024-11-20 10:19:40,564 - INFO - ===================================================================================
2024-11-20 10:19:53,693 - INFO - Epoch [7/500]
Action Validation Loss: 0.0691 
 Goal Validation Loss: 8.9047 
 MIE Validation Loss: 0.0002 
 MSE R Validation Loss: 8.7920 
 BCE G Validation Loss: 0.1125
2024-11-20 10:19:53,694 - INFO - ===================================================================================
2024-11-20 10:19:53,694 - INFO - Completed in 0h 2m
2024-11-20 10:19:57,207 - INFO - Epoch [8/500], Batch [0/8]
 Dt Loss: 0.0702
 Goal Loss: 4.0055, MIE Loss: 0.0398
 MSE Loss R: 3.8530, BCE Loss G: 0.1128
2024-11-20 10:20:05,902 - INFO - Epoch [8/500] completed. Average Goal Loss: 4.3396
2024-11-20 10:20:05,903 - INFO - Epoch [8/500] completed. Average Action Loss: 0.0660
2024-11-20 10:20:05,903 - INFO - ===================================================================================
2024-11-20 10:20:19,336 - INFO - Epoch [8/500]
Action Validation Loss: 0.0586 
 Goal Validation Loss: 13.3264 
 MIE Validation Loss: 0.0008 
 MSE R Validation Loss: 13.2113 
 BCE G Validation Loss: 0.1143
2024-11-20 10:20:19,336 - INFO - ===================================================================================
2024-11-20 10:20:19,336 - INFO - Completed in 0h 3m
2024-11-20 10:20:23,033 - INFO - Epoch [9/500], Batch [0/8]
 Dt Loss: 0.0605
 Goal Loss: 5.5729, MIE Loss: 0.0005
 MSE Loss R: 5.4649, BCE Loss G: 0.1076
2024-11-20 10:20:30,906 - INFO - Epoch [9/500] completed. Average Goal Loss: 5.8472
2024-11-20 10:20:30,907 - INFO - Epoch [9/500] completed. Average Action Loss: 0.0560
2024-11-20 10:20:30,907 - INFO - ===================================================================================
2024-11-20 10:20:44,003 - INFO - Epoch [9/500]
Action Validation Loss: 0.0515 
 Goal Validation Loss: 9.8893 
 MIE Validation Loss: 0.0007 
 MSE R Validation Loss: 9.7765 
 BCE G Validation Loss: 0.1121
2024-11-20 10:20:44,004 - INFO - ===================================================================================
2024-11-20 10:20:44,004 - INFO - Completed in 0h 3m
2024-11-20 10:20:47,752 - INFO - Epoch [10/500], Batch [0/8]
 Dt Loss: 0.0520
 Goal Loss: 7.3334, MIE Loss: 0.0003
 MSE Loss R: 7.2357, BCE Loss G: 0.0973
2024-11-20 10:20:55,484 - INFO - Epoch [10/500] completed. Average Goal Loss: 9.1727
2024-11-20 10:20:55,484 - INFO - Epoch [10/500] completed. Average Action Loss: 0.0509
2024-11-20 10:20:55,485 - INFO - ===================================================================================
2024-11-20 10:21:09,144 - INFO - Epoch [10/500]
Action Validation Loss: 0.0487 
 Goal Validation Loss: 11.7958 
 MIE Validation Loss: 0.0000 
 MSE R Validation Loss: 11.6835 
 BCE G Validation Loss: 0.1123
2024-11-20 10:21:09,144 - INFO - ===================================================================================
2024-11-20 10:21:09,145 - INFO - Completed in 0h 4m
2024-11-20 10:21:09,168 - INFO - Model checkpoint saved at training_output/20241120_101645/models/epoch_10.pth
2024-11-20 10:21:12,862 - INFO - Epoch [11/500], Batch [0/8]
 Dt Loss: 0.0497
 Goal Loss: 2.8044, MIE Loss: 0.0000
 MSE Loss R: 2.6997, BCE Loss G: 0.1047
2024-11-20 10:21:21,186 - INFO - Epoch [11/500] completed. Average Goal Loss: 12.4004
2024-11-20 10:21:21,187 - INFO - Epoch [11/500] completed. Average Action Loss: 0.0476
2024-11-20 10:21:21,187 - INFO - ===================================================================================
2024-11-20 10:21:33,934 - INFO - Epoch [11/500]
Action Validation Loss: 0.0445 
 Goal Validation Loss: 12.8335 
 MIE Validation Loss: 0.0000 
 MSE R Validation Loss: 12.7195 
 BCE G Validation Loss: 0.1139
2024-11-20 10:21:33,935 - INFO - ===================================================================================
2024-11-20 10:21:33,935 - INFO - Completed in 0h 4m
2024-11-20 10:21:37,523 - INFO - Epoch [12/500], Batch [0/8]
 Dt Loss: 0.0460
 Goal Loss: 5.8512, MIE Loss: 0.0000
 MSE Loss R: 5.7424, BCE Loss G: 0.1087
2024-11-20 10:21:44,910 - INFO - Epoch [12/500] completed. Average Goal Loss: 7.1163
2024-11-20 10:21:44,910 - INFO - Epoch [12/500] completed. Average Action Loss: 0.0451
2024-11-20 10:21:44,910 - INFO - ===================================================================================
2024-11-20 10:21:58,312 - INFO - Epoch [12/500]
Action Validation Loss: 0.0425 
 Goal Validation Loss: 9.7054 
 MIE Validation Loss: 0.0000 
 MSE R Validation Loss: 9.5935 
 BCE G Validation Loss: 0.1119
2024-11-20 10:21:58,313 - INFO - ===================================================================================
2024-11-20 10:21:58,313 - INFO - Completed in 0h 5m
2024-11-20 10:22:01,824 - INFO - Epoch [13/500], Batch [0/8]
 Dt Loss: 0.0432
 Goal Loss: 6.4516, MIE Loss: 0.0000
 MSE Loss R: 6.3503, BCE Loss G: 0.1014
2024-11-20 10:22:09,767 - INFO - Epoch [13/500] completed. Average Goal Loss: 5.5910
2024-11-20 10:22:09,768 - INFO - Epoch [13/500] completed. Average Action Loss: 0.0427
2024-11-20 10:22:09,768 - INFO - ===================================================================================
2024-11-20 10:22:22,361 - INFO - Epoch [13/500]
Action Validation Loss: 0.0404 
 Goal Validation Loss: 8.9681 
 MIE Validation Loss: 0.0000 
 MSE R Validation Loss: 8.8543 
 BCE G Validation Loss: 0.1138
2024-11-20 10:22:22,361 - INFO - ===================================================================================
2024-11-20 10:22:22,362 - INFO - Completed in 0h 5m
2024-11-20 10:22:25,927 - INFO - Epoch [14/500], Batch [0/8]
 Dt Loss: 0.0417
 Goal Loss: 6.2552, MIE Loss: 0.0000
 MSE Loss R: 6.1395, BCE Loss G: 0.1158
2024-11-20 10:22:33,708 - INFO - Epoch [14/500] completed. Average Goal Loss: 7.3217
2024-11-20 10:22:33,708 - INFO - Epoch [14/500] completed. Average Action Loss: 0.0411
2024-11-20 10:22:33,708 - INFO - ===================================================================================
2024-11-20 10:22:46,101 - INFO - Epoch [14/500]
Action Validation Loss: 0.0386 
 Goal Validation Loss: 11.9301 
 MIE Validation Loss: 0.0000 
 MSE R Validation Loss: 11.8140 
 BCE G Validation Loss: 0.1161
2024-11-20 10:22:46,101 - INFO - ===================================================================================
2024-11-20 10:22:46,101 - INFO - Completed in 0h 5m
2024-11-20 10:22:49,740 - INFO - Epoch [15/500], Batch [0/8]
 Dt Loss: 0.0401
 Goal Loss: 7.6158, MIE Loss: 0.0000
 MSE Loss R: 7.4909, BCE Loss G: 0.1249
2024-11-20 10:22:57,759 - INFO - Epoch [15/500] completed. Average Goal Loss: 13.4983
2024-11-20 10:22:57,760 - INFO - Epoch [15/500] completed. Average Action Loss: 0.0394
2024-11-20 10:22:57,760 - INFO - ===================================================================================
2024-11-20 10:23:10,256 - INFO - Epoch [15/500]
Action Validation Loss: 0.0368 
 Goal Validation Loss: 9.0546 
 MIE Validation Loss: 0.0370 
 MSE R Validation Loss: 8.9057 
 BCE G Validation Loss: 0.1119
2024-11-20 10:23:10,257 - INFO - ===================================================================================
2024-11-20 10:23:10,257 - INFO - Completed in 0h 6m
2024-11-20 10:23:13,865 - INFO - Epoch [16/500], Batch [0/8]
 Dt Loss: 0.0381
 Goal Loss: 3.1526, MIE Loss: 0.0107
 MSE Loss R: 3.0343, BCE Loss G: 0.1076
2024-11-20 10:23:21,388 - INFO - Epoch [16/500] completed. Average Goal Loss: 7.2186
2024-11-20 10:23:21,389 - INFO - Epoch [16/500] completed. Average Action Loss: 0.0384
2024-11-20 10:23:21,389 - INFO - ===================================================================================
2024-11-20 10:23:34,047 - INFO - Epoch [16/500]
Action Validation Loss: 0.0359 
 Goal Validation Loss: 9.5984 
 MIE Validation Loss: 0.0000 
 MSE R Validation Loss: 9.4818 
 BCE G Validation Loss: 0.1167
2024-11-20 10:23:34,047 - INFO - ===================================================================================
2024-11-20 10:23:34,048 - INFO - Completed in 0h 6m
2024-11-20 10:23:37,668 - INFO - Epoch [17/500], Batch [0/8]
 Dt Loss: 0.0375
 Goal Loss: 1.8707, MIE Loss: 0.0000
 MSE Loss R: 1.7694, BCE Loss G: 0.1013
2024-11-20 10:23:45,377 - INFO - Epoch [17/500] completed. Average Goal Loss: 4.7426
2024-11-20 10:23:45,377 - INFO - Epoch [17/500] completed. Average Action Loss: 0.0371
2024-11-20 10:23:45,377 - INFO - ===================================================================================
2024-11-20 10:23:57,676 - INFO - Epoch [17/500]
Action Validation Loss: 0.0344 
 Goal Validation Loss: 8.9224 
 MIE Validation Loss: 0.0000 
 MSE R Validation Loss: 8.8086 
 BCE G Validation Loss: 0.1138
2024-11-20 10:23:57,676 - INFO - ===================================================================================
2024-11-20 10:23:57,676 - INFO - Completed in 0h 7m
2024-11-20 10:24:01,137 - INFO - Epoch [18/500], Batch [0/8]
 Dt Loss: 0.0363
 Goal Loss: 4.3319, MIE Loss: 0.0000
 MSE Loss R: 4.2197, BCE Loss G: 0.1122
2024-11-20 10:24:09,242 - INFO - Epoch [18/500] completed. Average Goal Loss: 9.0779
2024-11-20 10:24:09,243 - INFO - Epoch [18/500] completed. Average Action Loss: 0.0362
2024-11-20 10:24:09,243 - INFO - ===================================================================================
2024-11-20 10:24:21,878 - INFO - Epoch [18/500]
Action Validation Loss: 0.0332 
 Goal Validation Loss: 8.9997 
 MIE Validation Loss: 0.0000 
 MSE R Validation Loss: 8.8877 
 BCE G Validation Loss: 0.1120
2024-11-20 10:24:21,878 - INFO - ===================================================================================
2024-11-20 10:24:21,879 - INFO - Completed in 0h 7m
2024-11-20 10:24:25,468 - INFO - Epoch [19/500], Batch [0/8]
 Dt Loss: 0.0361
 Goal Loss: 5.8197, MIE Loss: 0.0000
 MSE Loss R: 5.7196, BCE Loss G: 0.1000
2024-11-20 10:24:33,016 - INFO - Epoch [19/500] completed. Average Goal Loss: 5.1795
2024-11-20 10:24:33,016 - INFO - Epoch [19/500] completed. Average Action Loss: 0.0358
2024-11-20 10:24:33,016 - INFO - ===================================================================================
2024-11-20 10:24:46,035 - INFO - Epoch [19/500]
Action Validation Loss: 0.0327 
 Goal Validation Loss: 9.3433 
 MIE Validation Loss: 0.0000 
 MSE R Validation Loss: 9.2305 
 BCE G Validation Loss: 0.1128
2024-11-20 10:24:46,035 - INFO - ===================================================================================
2024-11-20 10:24:46,036 - INFO - Completed in 0h 7m
2024-11-20 10:24:49,480 - INFO - Epoch [20/500], Batch [0/8]
 Dt Loss: 0.0348
 Goal Loss: 2.1152, MIE Loss: 0.0000
 MSE Loss R: 2.0163, BCE Loss G: 0.0989
2024-11-20 10:24:57,434 - INFO - Epoch [20/500] completed. Average Goal Loss: 9.5962
2024-11-20 10:24:57,435 - INFO - Epoch [20/500] completed. Average Action Loss: 0.0342
2024-11-20 10:24:57,435 - INFO - ===================================================================================
2024-11-20 10:25:09,361 - INFO - Epoch [20/500]
Action Validation Loss: 0.0319 
 Goal Validation Loss: 8.8795 
 MIE Validation Loss: 0.0000 
 MSE R Validation Loss: 8.7614 
 BCE G Validation Loss: 0.1180
2024-11-20 10:25:09,361 - INFO - ===================================================================================
2024-11-20 10:25:09,362 - INFO - Completed in 0h 8m
2024-11-20 10:25:09,381 - INFO - Model checkpoint saved at training_output/20241120_101645/models/epoch_20.pth
2024-11-20 10:25:12,561 - INFO - Epoch [21/500], Batch [0/8]
 Dt Loss: 0.0337
 Goal Loss: 4.9958, MIE Loss: 0.0000
 MSE Loss R: 4.8950, BCE Loss G: 0.1008
2024-11-20 10:25:19,688 - INFO - Epoch [21/500] completed. Average Goal Loss: 10.4071
2024-11-20 10:25:19,688 - INFO - Epoch [21/500] completed. Average Action Loss: 0.0339
2024-11-20 10:25:19,688 - INFO - ===================================================================================
2024-11-20 10:25:31,260 - INFO - Epoch [21/500]
Action Validation Loss: 0.0312 
 Goal Validation Loss: 11.2295 
 MIE Validation Loss: 0.0000 
 MSE R Validation Loss: 11.1136 
 BCE G Validation Loss: 0.1159
2024-11-20 10:25:31,261 - INFO - ===================================================================================
2024-11-20 10:25:31,261 - INFO - Completed in 0h 8m
2024-11-20 10:25:34,517 - INFO - Epoch [22/500], Batch [0/8]
 Dt Loss: 0.0329
 Goal Loss: 7.7143, MIE Loss: 0.0000
 MSE Loss R: 7.6052, BCE Loss G: 0.1091
2024-11-20 10:25:41,772 - INFO - Epoch [22/500] completed. Average Goal Loss: 4.5315
2024-11-20 10:25:41,773 - INFO - Epoch [22/500] completed. Average Action Loss: 0.0333
2024-11-20 10:25:41,773 - INFO - ===================================================================================
2024-11-20 10:25:53,605 - INFO - Epoch [22/500]
Action Validation Loss: 0.0309 
 Goal Validation Loss: 9.2041 
 MIE Validation Loss: 0.0000 
 MSE R Validation Loss: 9.0916 
 BCE G Validation Loss: 0.1125
2024-11-20 10:25:53,605 - INFO - ===================================================================================
2024-11-20 10:25:53,606 - INFO - Completed in 0h 8m
2024-11-20 10:25:57,941 - INFO - Epoch [23/500], Batch [0/8]
 Dt Loss: 0.0336
 Goal Loss: 6.4366, MIE Loss: 0.0001
 MSE Loss R: 6.3205, BCE Loss G: 0.1160
2024-11-20 10:26:06,232 - INFO - Epoch [23/500] completed. Average Goal Loss: 6.8431
2024-11-20 10:26:06,233 - INFO - Epoch [23/500] completed. Average Action Loss: 0.0330
2024-11-20 10:26:06,233 - INFO - ===================================================================================
2024-11-20 10:26:18,245 - INFO - Epoch [23/500]
Action Validation Loss: 0.0307 
 Goal Validation Loss: 9.6317 
 MIE Validation Loss: 0.0002 
 MSE R Validation Loss: 9.5190 
 BCE G Validation Loss: 0.1125
2024-11-20 10:26:18,245 - INFO - ===================================================================================
2024-11-20 10:26:18,245 - INFO - Completed in 0h 9m
2024-11-20 10:26:23,024 - INFO - Epoch [24/500], Batch [0/8]
 Dt Loss: 0.0329
 Goal Loss: 32.8090, MIE Loss: 0.0001
 MSE Loss R: 32.6690, BCE Loss G: 0.1399
2024-11-20 10:26:30,447 - INFO - Epoch [24/500] completed. Average Goal Loss: 11.8073
2024-11-20 10:26:30,448 - INFO - Epoch [24/500] completed. Average Action Loss: 0.0328
2024-11-20 10:26:30,448 - INFO - ===================================================================================
2024-11-20 10:26:43,870 - INFO - Epoch [24/500]
Action Validation Loss: 0.0300 
 Goal Validation Loss: 9.5641 
 MIE Validation Loss: 0.0000 
 MSE R Validation Loss: 9.4461 
 BCE G Validation Loss: 0.1180
2024-11-20 10:26:43,870 - INFO - ===================================================================================
2024-11-20 10:26:43,871 - INFO - Completed in 0h 9m
2024-11-20 10:26:47,310 - INFO - Epoch [25/500], Batch [0/8]
 Dt Loss: 0.0323
 Goal Loss: 2.5187, MIE Loss: 0.0000
 MSE Loss R: 2.4163, BCE Loss G: 0.1024
2024-11-20 10:26:55,484 - INFO - Epoch [25/500] completed. Average Goal Loss: 6.5153
2024-11-20 10:26:55,484 - INFO - Epoch [25/500] completed. Average Action Loss: 0.0321
2024-11-20 10:26:55,484 - INFO - ===================================================================================
2024-11-20 10:27:08,199 - INFO - Epoch [25/500]
Action Validation Loss: 0.0297 
 Goal Validation Loss: 9.0798 
 MIE Validation Loss: 0.0001 
 MSE R Validation Loss: 8.9671 
 BCE G Validation Loss: 0.1126
2024-11-20 10:27:08,200 - INFO - ===================================================================================
2024-11-20 10:27:08,200 - INFO - Completed in 0h 10m
2024-11-20 10:27:11,809 - INFO - Epoch [26/500], Batch [0/8]
 Dt Loss: 0.0326
 Goal Loss: 3.0723, MIE Loss: 0.0001
 MSE Loss R: 2.9706, BCE Loss G: 0.1016
2024-11-20 10:27:19,808 - INFO - Epoch [26/500] completed. Average Goal Loss: 7.2168
2024-11-20 10:27:19,808 - INFO - Epoch [26/500] completed. Average Action Loss: 0.0313
2024-11-20 10:27:19,809 - INFO - ===================================================================================
2024-11-20 10:27:33,109 - INFO - Epoch [26/500]
Action Validation Loss: 0.0301 
 Goal Validation Loss: 12.6274 
 MIE Validation Loss: 0.0002 
 MSE R Validation Loss: 12.5126 
 BCE G Validation Loss: 0.1146
2024-11-20 10:27:33,110 - INFO - ===================================================================================
2024-11-20 10:27:33,110 - INFO - Completed in 0h 10m
2024-11-20 10:27:36,581 - INFO - Epoch [27/500], Batch [0/8]
 Dt Loss: 0.0314
 Goal Loss: 1.2885, MIE Loss: 0.0001
 MSE Loss R: 1.1902, BCE Loss G: 0.0982
2024-11-20 10:27:45,149 - INFO - Epoch [27/500] completed. Average Goal Loss: 9.7202
2024-11-20 10:27:45,150 - INFO - Epoch [27/500] completed. Average Action Loss: 0.0315
2024-11-20 10:27:45,150 - INFO - ===================================================================================
2024-11-20 10:27:58,222 - INFO - Epoch [27/500]
Action Validation Loss: 0.0298 
 Goal Validation Loss: 9.8481 
 MIE Validation Loss: 0.0000 
 MSE R Validation Loss: 9.7366 
 BCE G Validation Loss: 0.1115
2024-11-20 10:27:58,222 - INFO - ===================================================================================
2024-11-20 10:27:58,223 - INFO - Completed in 0h 11m
2024-11-20 10:28:01,772 - INFO - Epoch [28/500], Batch [0/8]
 Dt Loss: 0.0310
 Goal Loss: 2.4888, MIE Loss: 0.0014
 MSE Loss R: 2.3829, BCE Loss G: 0.1045
2024-11-20 10:28:09,427 - INFO - Epoch [28/500] completed. Average Goal Loss: 4.2350
2024-11-20 10:28:09,427 - INFO - Epoch [28/500] completed. Average Action Loss: 0.0312
2024-11-20 10:28:09,428 - INFO - ===================================================================================
2024-11-20 10:28:22,414 - INFO - Epoch [28/500]
Action Validation Loss: 0.0285 
 Goal Validation Loss: 8.9611 
 MIE Validation Loss: 0.0000 
 MSE R Validation Loss: 8.8485 
 BCE G Validation Loss: 0.1125
2024-11-20 10:28:22,414 - INFO - ===================================================================================
2024-11-20 10:28:22,415 - INFO - Completed in 0h 11m
2024-11-20 10:28:25,874 - INFO - Epoch [29/500], Batch [0/8]
 Dt Loss: 0.0323
 Goal Loss: 2.7327, MIE Loss: 0.0000
 MSE Loss R: 2.6328, BCE Loss G: 0.0999
2024-11-20 10:28:33,899 - INFO - Epoch [29/500] completed. Average Goal Loss: 9.0783
2024-11-20 10:28:33,899 - INFO - Epoch [29/500] completed. Average Action Loss: 0.0309
2024-11-20 10:28:33,900 - INFO - ===================================================================================
2024-11-20 10:28:47,288 - INFO - Epoch [29/500]
Action Validation Loss: 0.0290 
 Goal Validation Loss: 11.5612 
 MIE Validation Loss: 0.0000 
 MSE R Validation Loss: 11.4459 
 BCE G Validation Loss: 0.1153
2024-11-20 10:28:47,288 - INFO - ===================================================================================
2024-11-20 10:28:47,289 - INFO - Completed in 0h 11m
2024-11-20 10:28:50,661 - INFO - Epoch [30/500], Batch [0/8]
 Dt Loss: 0.0311
 Goal Loss: 5.8220, MIE Loss: 0.0000
 MSE Loss R: 5.7138, BCE Loss G: 0.1081
2024-11-20 10:28:58,274 - INFO - Epoch [30/500] completed. Average Goal Loss: 5.6910
2024-11-20 10:28:58,274 - INFO - Epoch [30/500] completed. Average Action Loss: 0.0307
2024-11-20 10:28:58,274 - INFO - ===================================================================================
2024-11-20 10:29:11,090 - INFO - Epoch [30/500]
Action Validation Loss: 0.0282 
 Goal Validation Loss: 9.5330 
 MIE Validation Loss: 0.0000 
 MSE R Validation Loss: 9.4195 
 BCE G Validation Loss: 0.1135
2024-11-20 10:29:11,091 - INFO - ===================================================================================
2024-11-20 10:29:11,091 - INFO - Completed in 0h 12m
2024-11-20 10:29:11,111 - INFO - Model checkpoint saved at training_output/20241120_101645/models/epoch_30.pth
2024-11-20 10:29:14,646 - INFO - Epoch [31/500], Batch [0/8]
 Dt Loss: 0.0305
 Goal Loss: 27.2493, MIE Loss: 0.0000
 MSE Loss R: 27.1104, BCE Loss G: 0.1389
2024-11-20 10:29:22,363 - INFO - Epoch [31/500] completed. Average Goal Loss: 8.3400
2024-11-20 10:29:22,364 - INFO - Epoch [31/500] completed. Average Action Loss: 0.0307
2024-11-20 10:29:22,364 - INFO - ===================================================================================
2024-11-20 10:29:35,325 - INFO - Epoch [31/500]
Action Validation Loss: 0.0285 
 Goal Validation Loss: 8.9778 
 MIE Validation Loss: 0.0000 
 MSE R Validation Loss: 8.8669 
 BCE G Validation Loss: 0.1109
2024-11-20 10:29:35,325 - INFO - ===================================================================================
2024-11-20 10:29:35,326 - INFO - Completed in 0h 12m
2024-11-20 10:29:38,914 - INFO - Epoch [32/500], Batch [0/8]
 Dt Loss: 0.0315
 Goal Loss: 3.4975, MIE Loss: 0.0000
 MSE Loss R: 3.4039, BCE Loss G: 0.0936
2024-11-20 10:29:46,661 - INFO - Epoch [32/500] completed. Average Goal Loss: 12.3918
2024-11-20 10:29:46,662 - INFO - Epoch [32/500] completed. Average Action Loss: 0.0305
2024-11-20 10:29:46,662 - INFO - ===================================================================================
2024-11-20 10:29:59,760 - INFO - Epoch [32/500]
Action Validation Loss: 0.0278 
 Goal Validation Loss: 8.8792 
 MIE Validation Loss: 0.0000 
 MSE R Validation Loss: 8.7613 
 BCE G Validation Loss: 0.1179
2024-11-20 10:29:59,760 - INFO - ===================================================================================
2024-11-20 10:29:59,760 - INFO - Completed in 0h 13m
2024-11-20 10:30:03,433 - INFO - Epoch [33/500], Batch [0/8]
 Dt Loss: 0.0298
 Goal Loss: 4.7402, MIE Loss: 0.0000
 MSE Loss R: 4.6250, BCE Loss G: 0.1152
2024-11-20 10:30:11,147 - INFO - Epoch [33/500] completed. Average Goal Loss: 7.2394
2024-11-20 10:30:11,148 - INFO - Epoch [33/500] completed. Average Action Loss: 0.0297
2024-11-20 10:30:11,148 - INFO - ===================================================================================
2024-11-20 10:30:24,007 - INFO - Epoch [33/500]
Action Validation Loss: 0.0276 
 Goal Validation Loss: 10.2082 
 MIE Validation Loss: 0.0000 
 MSE R Validation Loss: 10.0955 
 BCE G Validation Loss: 0.1127
2024-11-20 10:30:24,007 - INFO - ===================================================================================
2024-11-20 10:30:24,008 - INFO - Completed in 0h 13m
2024-11-20 10:30:27,484 - INFO - Epoch [34/500], Batch [0/8]
 Dt Loss: 0.0295
 Goal Loss: 2.8243, MIE Loss: 0.0003
 MSE Loss R: 2.7185, BCE Loss G: 0.1055
2024-11-20 10:30:34,623 - INFO - Epoch [34/500] completed. Average Goal Loss: 7.8447
2024-11-20 10:30:34,624 - INFO - Epoch [34/500] completed. Average Action Loss: 0.0299
2024-11-20 10:30:34,624 - INFO - ===================================================================================
2024-11-20 10:30:47,162 - INFO - Epoch [34/500]
Action Validation Loss: 0.0279 
 Goal Validation Loss: 8.8683 
 MIE Validation Loss: 0.0009 
 MSE R Validation Loss: 8.7538 
 BCE G Validation Loss: 0.1136
2024-11-20 10:30:47,162 - INFO - ===================================================================================
2024-11-20 10:30:47,163 - INFO - Completed in 0h 13m
2024-11-20 10:30:50,606 - INFO - Epoch [35/500], Batch [0/8]
 Dt Loss: 0.0297
 Goal Loss: 26.9006, MIE Loss: 0.0005
 MSE Loss R: 26.7591, BCE Loss G: 0.1409
2024-11-20 10:30:57,725 - INFO - Epoch [35/500] completed. Average Goal Loss: 13.8059
2024-11-20 10:30:57,725 - INFO - Epoch [35/500] completed. Average Action Loss: 0.0300
2024-11-20 10:30:57,725 - INFO - ===================================================================================
2024-11-20 10:31:10,369 - INFO - Epoch [35/500]
Action Validation Loss: 0.0275 
 Goal Validation Loss: 8.8501 
 MIE Validation Loss: 0.0000 
 MSE R Validation Loss: 8.7383 
 BCE G Validation Loss: 0.1118
2024-11-20 10:31:10,369 - INFO - ===================================================================================
2024-11-20 10:31:10,369 - INFO - Completed in 0h 14m
2024-11-20 10:31:13,882 - INFO - Epoch [36/500], Batch [0/8]
 Dt Loss: 0.0296
 Goal Loss: 3.2429, MIE Loss: 0.0000
 MSE Loss R: 3.1395, BCE Loss G: 0.1034
2024-11-20 10:31:21,063 - INFO - Epoch [36/500] completed. Average Goal Loss: 12.3977
2024-11-20 10:31:21,064 - INFO - Epoch [36/500] completed. Average Action Loss: 0.0293
2024-11-20 10:31:21,064 - INFO - ===================================================================================
2024-11-20 10:31:33,547 - INFO - Epoch [36/500]
Action Validation Loss: 0.0277 
 Goal Validation Loss: 9.1305 
 MIE Validation Loss: 0.0000 
 MSE R Validation Loss: 9.0130 
 BCE G Validation Loss: 0.1175
2024-11-20 10:31:33,547 - INFO - ===================================================================================
2024-11-20 10:31:33,548 - INFO - Completed in 0h 14m
2024-11-20 10:31:37,051 - INFO - Epoch [37/500], Batch [0/8]
 Dt Loss: 0.0304
 Goal Loss: 3.6181, MIE Loss: 0.0001
 MSE Loss R: 3.5192, BCE Loss G: 0.0988
2024-11-20 10:31:44,376 - INFO - Epoch [37/500] completed. Average Goal Loss: 4.2882
2024-11-20 10:31:44,376 - INFO - Epoch [37/500] completed. Average Action Loss: 0.0295
2024-11-20 10:31:44,376 - INFO - ===================================================================================
2024-11-20 10:31:56,927 - INFO - Epoch [37/500]
Action Validation Loss: 0.0270 
 Goal Validation Loss: 13.5668 
 MIE Validation Loss: 0.0000 
 MSE R Validation Loss: 13.4526 
 BCE G Validation Loss: 0.1142
2024-11-20 10:31:56,927 - INFO - ===================================================================================
2024-11-20 10:31:56,928 - INFO - Completed in 0h 14m
2024-11-20 10:32:00,440 - INFO - Epoch [38/500], Batch [0/8]
 Dt Loss: 0.0289
 Goal Loss: 1.7158, MIE Loss: 0.0000
 MSE Loss R: 1.6159, BCE Loss G: 0.0999
2024-11-20 10:32:07,494 - INFO - Epoch [38/500] completed. Average Goal Loss: 4.2579
2024-11-20 10:32:07,494 - INFO - Epoch [38/500] completed. Average Action Loss: 0.0290
2024-11-20 10:32:07,494 - INFO - ===================================================================================
2024-11-20 10:32:20,221 - INFO - Epoch [38/500]
Action Validation Loss: 0.0269 
 Goal Validation Loss: 9.2247 
 MIE Validation Loss: 0.0001 
 MSE R Validation Loss: 9.1131 
 BCE G Validation Loss: 0.1114
2024-11-20 10:32:20,221 - INFO - ===================================================================================
2024-11-20 10:32:20,222 - INFO - Completed in 0h 15m
2024-11-20 10:32:23,625 - INFO - Epoch [39/500], Batch [0/8]
 Dt Loss: 0.0289
 Goal Loss: 5.0186, MIE Loss: 0.0001
 MSE Loss R: 4.9060, BCE Loss G: 0.1124
2024-11-20 10:32:31,282 - INFO - Epoch [39/500] completed. Average Goal Loss: 4.5158
2024-11-20 10:32:31,283 - INFO - Epoch [39/500] completed. Average Action Loss: 0.0286
2024-11-20 10:32:31,283 - INFO - ===================================================================================
2024-11-20 10:32:43,874 - INFO - Epoch [39/500]
Action Validation Loss: 0.0272 
 Goal Validation Loss: 9.0618 
 MIE Validation Loss: 0.0004 
 MSE R Validation Loss: 8.9481 
 BCE G Validation Loss: 0.1133
2024-11-20 10:32:43,874 - INFO - ===================================================================================
2024-11-20 10:32:43,875 - INFO - Completed in 0h 15m
2024-11-20 10:32:47,597 - INFO - Epoch [40/500], Batch [0/8]
 Dt Loss: 0.0287
 Goal Loss: 2.5406, MIE Loss: 0.0002
 MSE Loss R: 2.4382, BCE Loss G: 0.1022
2024-11-20 10:32:54,965 - INFO - Epoch [40/500] completed. Average Goal Loss: 7.1355
2024-11-20 10:32:54,965 - INFO - Epoch [40/500] completed. Average Action Loss: 0.0286
2024-11-20 10:32:54,965 - INFO - ===================================================================================
2024-11-20 10:33:07,796 - INFO - Epoch [40/500]
Action Validation Loss: 0.0263 
 Goal Validation Loss: 16.8801 
 MIE Validation Loss: 0.0000 
 MSE R Validation Loss: 16.7675 
 BCE G Validation Loss: 0.1125
2024-11-20 10:33:07,797 - INFO - ===================================================================================
2024-11-20 10:33:07,797 - INFO - Completed in 0h 16m
2024-11-20 10:33:07,816 - INFO - Model checkpoint saved at training_output/20241120_101645/models/epoch_40.pth
2024-11-20 10:33:11,278 - INFO - Epoch [41/500], Batch [0/8]
 Dt Loss: 0.0278
 Goal Loss: 6.1861, MIE Loss: 0.0001
 MSE Loss R: 6.0764, BCE Loss G: 0.1096
2024-11-20 10:33:18,520 - INFO - Epoch [41/500] completed. Average Goal Loss: 7.6111
2024-11-20 10:33:18,521 - INFO - Epoch [41/500] completed. Average Action Loss: 0.0280
2024-11-20 10:33:18,521 - INFO - ===================================================================================
2024-11-20 10:33:31,464 - INFO - Epoch [41/500]
Action Validation Loss: 0.0267 
 Goal Validation Loss: 9.1898 
 MIE Validation Loss: 0.0303 
 MSE R Validation Loss: 9.0469 
 BCE G Validation Loss: 0.1126
2024-11-20 10:33:31,464 - INFO - ===================================================================================
2024-11-20 10:33:31,465 - INFO - Completed in 0h 16m
2024-11-20 10:33:34,948 - INFO - Epoch [42/500], Batch [0/8]
 Dt Loss: 0.0286
 Goal Loss: 23.7283, MIE Loss: 0.0273
 MSE Loss R: 23.5646, BCE Loss G: 0.1364
2024-11-20 10:33:42,584 - INFO - Epoch [42/500] completed. Average Goal Loss: 12.7556
2024-11-20 10:33:42,584 - INFO - Epoch [42/500] completed. Average Action Loss: 0.0284
2024-11-20 10:33:42,585 - INFO - ===================================================================================
2024-11-20 10:33:54,926 - INFO - Epoch [42/500]
Action Validation Loss: 0.0264 
 Goal Validation Loss: 8.8873 
 MIE Validation Loss: 0.0000 
 MSE R Validation Loss: 8.7753 
 BCE G Validation Loss: 0.1120
2024-11-20 10:33:54,927 - INFO - ===================================================================================
2024-11-20 10:33:54,927 - INFO - Completed in 0h 16m
2024-11-20 10:33:58,291 - INFO - Epoch [43/500], Batch [0/8]
 Dt Loss: 0.0289
 Goal Loss: 3.5694, MIE Loss: 0.0000
 MSE Loss R: 3.4616, BCE Loss G: 0.1078
2024-11-20 10:34:05,501 - INFO - Epoch [43/500] completed. Average Goal Loss: 9.1305
2024-11-20 10:34:05,501 - INFO - Epoch [43/500] completed. Average Action Loss: 0.0282
2024-11-20 10:34:05,501 - INFO - ===================================================================================
2024-11-20 10:34:18,258 - INFO - Epoch [43/500]
Action Validation Loss: 0.0264 
 Goal Validation Loss: 31.0605 
 MIE Validation Loss: 0.0000 
 MSE R Validation Loss: 30.9439 
 BCE G Validation Loss: 0.1166
2024-11-20 10:34:18,258 - INFO - ===================================================================================
2024-11-20 10:34:18,258 - INFO - Completed in 0h 17m
2024-11-20 10:34:21,827 - INFO - Epoch [44/500], Batch [0/8]
 Dt Loss: 0.0278
 Goal Loss: 20.0598, MIE Loss: 0.0000
 MSE Loss R: 19.9556, BCE Loss G: 0.1042
2024-11-20 10:34:29,143 - INFO - Epoch [44/500] completed. Average Goal Loss: 10.0940
2024-11-20 10:34:29,144 - INFO - Epoch [44/500] completed. Average Action Loss: 0.0277
2024-11-20 10:34:29,144 - INFO - ===================================================================================
2024-11-20 10:34:41,863 - INFO - Epoch [44/500]
Action Validation Loss: 0.0257 
 Goal Validation Loss: 9.2527 
 MIE Validation Loss: 0.0000 
 MSE R Validation Loss: 9.1413 
 BCE G Validation Loss: 0.1114
2024-11-20 10:34:41,864 - INFO - ===================================================================================
2024-11-20 10:34:41,864 - INFO - Completed in 0h 17m
2024-11-20 10:34:45,547 - INFO - Epoch [45/500], Batch [0/8]
 Dt Loss: 0.0276
 Goal Loss: 2.4614, MIE Loss: 0.0000
 MSE Loss R: 2.3609, BCE Loss G: 0.1004
2024-11-20 10:34:53,528 - INFO - Epoch [45/500] completed. Average Goal Loss: 7.0383
2024-11-20 10:34:53,528 - INFO - Epoch [45/500] completed. Average Action Loss: 0.0278
2024-11-20 10:34:53,528 - INFO - ===================================================================================
2024-11-20 10:35:05,776 - INFO - Epoch [45/500]
Action Validation Loss: 0.0257 
 Goal Validation Loss: 9.4011 
 MIE Validation Loss: 0.0000 
 MSE R Validation Loss: 9.2879 
 BCE G Validation Loss: 0.1132
2024-11-20 10:35:05,777 - INFO - ===================================================================================
2024-11-20 10:35:05,777 - INFO - Completed in 0h 18m
2024-11-20 10:35:09,203 - INFO - Epoch [46/500], Batch [0/8]
 Dt Loss: 0.0277
 Goal Loss: 2.3923, MIE Loss: 0.0000
 MSE Loss R: 2.2902, BCE Loss G: 0.1020
2024-11-20 10:35:16,495 - INFO - Epoch [46/500] completed. Average Goal Loss: 9.8440
2024-11-20 10:35:16,495 - INFO - Epoch [46/500] completed. Average Action Loss: 0.0277
2024-11-20 10:35:16,495 - INFO - ===================================================================================
2024-11-20 10:35:29,602 - INFO - Epoch [46/500]
Action Validation Loss: 0.0252 
 Goal Validation Loss: 9.1287 
 MIE Validation Loss: 0.0000 
 MSE R Validation Loss: 9.0119 
 BCE G Validation Loss: 0.1168
2024-11-20 10:35:29,602 - INFO - ===================================================================================
2024-11-20 10:35:29,603 - INFO - Completed in 0h 18m
2024-11-20 10:35:33,088 - INFO - Epoch [47/500], Batch [0/8]
 Dt Loss: 0.0265
 Goal Loss: 2.4847, MIE Loss: 0.0000
 MSE Loss R: 2.3851, BCE Loss G: 0.0996
2024-11-20 10:35:40,322 - INFO - Epoch [47/500] completed. Average Goal Loss: 8.9365
2024-11-20 10:35:40,322 - INFO - Epoch [47/500] completed. Average Action Loss: 0.0275
2024-11-20 10:35:40,323 - INFO - ===================================================================================
2024-11-20 10:35:53,013 - INFO - Epoch [47/500]
Action Validation Loss: 0.0260 
 Goal Validation Loss: 14.2342 
 MIE Validation Loss: 0.0000 
 MSE R Validation Loss: 14.1199 
 BCE G Validation Loss: 0.1142
2024-11-20 10:35:53,014 - INFO - ===================================================================================
2024-11-20 10:35:53,014 - INFO - Completed in 0h 18m
2024-11-20 10:35:56,541 - INFO - Epoch [48/500], Batch [0/8]
 Dt Loss: 0.0280
 Goal Loss: 23.4719, MIE Loss: 0.0000
 MSE Loss R: 23.3399, BCE Loss G: 0.1319
2024-11-20 10:36:03,832 - INFO - Epoch [48/500] completed. Average Goal Loss: 6.1377
2024-11-20 10:36:03,833 - INFO - Epoch [48/500] completed. Average Action Loss: 0.0273
2024-11-20 10:36:03,833 - INFO - ===================================================================================
2024-11-20 10:36:16,637 - INFO - Epoch [48/500]
Action Validation Loss: 0.0259 
 Goal Validation Loss: 9.0554 
 MIE Validation Loss: 0.0000 
 MSE R Validation Loss: 8.9426 
 BCE G Validation Loss: 0.1128
2024-11-20 10:36:16,638 - INFO - ===================================================================================
2024-11-20 10:36:16,638 - INFO - Completed in 0h 19m
2024-11-20 10:36:20,152 - INFO - Epoch [49/500], Batch [0/8]
 Dt Loss: 0.0276
 Goal Loss: 4.0730, MIE Loss: 0.0000
 MSE Loss R: 3.9615, BCE Loss G: 0.1114
2024-11-20 10:36:27,716 - INFO - Epoch [49/500] completed. Average Goal Loss: 8.4140
2024-11-20 10:36:27,716 - INFO - Epoch [49/500] completed. Average Action Loss: 0.0274
2024-11-20 10:36:27,716 - INFO - ===================================================================================
2024-11-20 10:36:40,498 - INFO - Epoch [49/500]
Action Validation Loss: 0.0258 
 Goal Validation Loss: 9.9880 
 MIE Validation Loss: 0.0000 
 MSE R Validation Loss: 9.8719 
 BCE G Validation Loss: 0.1161
2024-11-20 10:36:40,498 - INFO - ===================================================================================
2024-11-20 10:36:40,499 - INFO - Completed in 0h 19m
2024-11-20 10:36:44,091 - INFO - Epoch [50/500], Batch [0/8]
 Dt Loss: 0.0273
 Goal Loss: 5.0201, MIE Loss: 0.0000
 MSE Loss R: 4.9151, BCE Loss G: 0.1050
2024-11-20 10:36:51,459 - INFO - Epoch [50/500] completed. Average Goal Loss: 9.9629
2024-11-20 10:36:51,459 - INFO - Epoch [50/500] completed. Average Action Loss: 0.0275
2024-11-20 10:36:51,460 - INFO - ===================================================================================
2024-11-20 10:37:04,172 - INFO - Epoch [50/500]
Action Validation Loss: 0.0253 
 Goal Validation Loss: 11.6087 
 MIE Validation Loss: 0.0000 
 MSE R Validation Loss: 11.4959 
 BCE G Validation Loss: 0.1128
2024-11-20 10:37:04,172 - INFO - ===================================================================================
2024-11-20 10:37:04,173 - INFO - Completed in 0h 20m
2024-11-20 10:37:38,779 - INFO - 50 Test Returns: 56.0
2024-11-20 10:37:38,798 - INFO - Model checkpoint saved at training_output/20241120_101645/models/epoch_50.pth
2024-11-20 10:37:42,248 - INFO - Epoch [51/500], Batch [0/8]
 Dt Loss: 0.0267
 Goal Loss: 22.2697, MIE Loss: 0.0000
 MSE Loss R: 22.1370, BCE Loss G: 0.1327
2024-11-20 10:37:49,656 - INFO - Epoch [51/500] completed. Average Goal Loss: 6.7698
2024-11-20 10:37:49,656 - INFO - Epoch [51/500] completed. Average Action Loss: 0.0273
2024-11-20 10:37:49,656 - INFO - ===================================================================================
2024-11-20 10:38:01,972 - INFO - Epoch [51/500]
Action Validation Loss: 0.0250 
 Goal Validation Loss: 8.9900 
 MIE Validation Loss: 0.0000 
 MSE R Validation Loss: 8.8783 
 BCE G Validation Loss: 0.1116
2024-11-20 10:38:01,972 - INFO - ===================================================================================
2024-11-20 10:38:01,973 - INFO - Completed in 0h 21m
2024-11-20 10:38:05,574 - INFO - Epoch [52/500], Batch [0/8]
 Dt Loss: 0.0268
 Goal Loss: 10.8026, MIE Loss: 0.0000
 MSE Loss R: 10.6748, BCE Loss G: 0.1278
2024-11-20 10:38:13,293 - INFO - Epoch [52/500] completed. Average Goal Loss: 8.9169
2024-11-20 10:38:13,294 - INFO - Epoch [52/500] completed. Average Action Loss: 0.0266
2024-11-20 10:38:13,294 - INFO - ===================================================================================
2024-11-20 10:38:26,095 - INFO - Epoch [52/500]
Action Validation Loss: 0.0254 
 Goal Validation Loss: 9.1085 
 MIE Validation Loss: 0.0000 
 MSE R Validation Loss: 8.9953 
 BCE G Validation Loss: 0.1132
2024-11-20 10:38:26,095 - INFO - ===================================================================================
2024-11-20 10:38:26,095 - INFO - Completed in 0h 21m
2024-11-20 10:38:29,607 - INFO - Epoch [53/500], Batch [0/8]
 Dt Loss: 0.0276
 Goal Loss: 3.1653, MIE Loss: 0.0001
 MSE Loss R: 3.0576, BCE Loss G: 0.1076
2024-11-20 10:38:36,843 - INFO - Epoch [53/500] completed. Average Goal Loss: 7.1052
2024-11-20 10:38:36,844 - INFO - Epoch [53/500] completed. Average Action Loss: 0.0268
2024-11-20 10:38:36,844 - INFO - ===================================================================================
2024-11-20 10:38:49,633 - INFO - Epoch [53/500]
Action Validation Loss: 0.0251 
 Goal Validation Loss: 16.2092 
 MIE Validation Loss: 0.0000 
 MSE R Validation Loss: 16.0912 
 BCE G Validation Loss: 0.1180
2024-11-20 10:38:49,634 - INFO - ===================================================================================
2024-11-20 10:38:49,634 - INFO - Completed in 0h 21m
2024-11-20 10:38:53,109 - INFO - Epoch [54/500], Batch [0/8]
 Dt Loss: 0.0271
 Goal Loss: 21.1510, MIE Loss: 0.0000
 MSE Loss R: 21.0489, BCE Loss G: 0.1021
2024-11-20 10:39:00,341 - INFO - Epoch [54/500] completed. Average Goal Loss: 7.5301
2024-11-20 10:39:00,342 - INFO - Epoch [54/500] completed. Average Action Loss: 0.0267
2024-11-20 10:39:00,342 - INFO - ===================================================================================
2024-11-20 10:39:12,776 - INFO - Epoch [54/500]
Action Validation Loss: 0.0250 
 Goal Validation Loss: 9.1468 
 MIE Validation Loss: 0.0000 
 MSE R Validation Loss: 9.0353 
 BCE G Validation Loss: 0.1115
2024-11-20 10:39:12,776 - INFO - ===================================================================================
2024-11-20 10:39:12,777 - INFO - Completed in 0h 22m
2024-11-20 10:39:16,075 - INFO - Epoch [55/500], Batch [0/8]
 Dt Loss: 0.0264
 Goal Loss: 39.4331, MIE Loss: 0.0000
 MSE Loss R: 39.2925, BCE Loss G: 0.1406
2024-11-20 10:39:23,324 - INFO - Epoch [55/500] completed. Average Goal Loss: 12.5179
2024-11-20 10:39:23,324 - INFO - Epoch [55/500] completed. Average Action Loss: 0.0268
2024-11-20 10:39:23,324 - INFO - ===================================================================================
2024-11-20 10:39:36,100 - INFO - Epoch [55/500]
Action Validation Loss: 0.0255 
 Goal Validation Loss: 25.0303 
 MIE Validation Loss: 0.0000 
 MSE R Validation Loss: 24.9165 
 BCE G Validation Loss: 0.1138
2024-11-20 10:39:36,100 - INFO - ===================================================================================
2024-11-20 10:39:36,101 - INFO - Completed in 0h 22m
2024-11-20 10:39:39,613 - INFO - Epoch [56/500], Batch [0/8]
 Dt Loss: 0.0257
 Goal Loss: 10.9628, MIE Loss: 0.0000
 MSE Loss R: 10.8544, BCE Loss G: 0.1084
2024-11-20 10:39:46,894 - INFO - Epoch [56/500] completed. Average Goal Loss: 9.5972
2024-11-20 10:39:46,894 - INFO - Epoch [56/500] completed. Average Action Loss: 0.0262
2024-11-20 10:39:46,894 - INFO - ===================================================================================
2024-11-20 10:39:59,580 - INFO - Epoch [56/500]
Action Validation Loss: 0.0248 
 Goal Validation Loss: 9.0542 
 MIE Validation Loss: 0.0000 
 MSE R Validation Loss: 8.9398 
 BCE G Validation Loss: 0.1144
2024-11-20 10:39:59,580 - INFO - ===================================================================================
2024-11-20 10:39:59,581 - INFO - Completed in 0h 23m
2024-11-20 10:40:03,278 - INFO - Epoch [57/500], Batch [0/8]
 Dt Loss: 0.0262
 Goal Loss: 6.1649, MIE Loss: 0.0000
 MSE Loss R: 6.0498, BCE Loss G: 0.1151
2024-11-20 10:40:10,653 - INFO - Epoch [57/500] completed. Average Goal Loss: 5.0663
2024-11-20 10:40:10,654 - INFO - Epoch [57/500] completed. Average Action Loss: 0.0266
2024-11-20 10:40:10,654 - INFO - ===================================================================================
2024-11-20 10:40:23,369 - INFO - Epoch [57/500]
Action Validation Loss: 0.0247 
 Goal Validation Loss: 9.0946 
 MIE Validation Loss: 0.0000 
 MSE R Validation Loss: 8.9829 
 BCE G Validation Loss: 0.1117
2024-11-20 10:40:23,369 - INFO - ===================================================================================
2024-11-20 10:40:23,370 - INFO - Completed in 0h 23m
2024-11-20 10:40:26,879 - INFO - Epoch [58/500], Batch [0/8]
 Dt Loss: 0.0258
 Goal Loss: 2.1614, MIE Loss: 0.0000
 MSE Loss R: 2.0609, BCE Loss G: 0.1006
2024-11-20 10:40:34,112 - INFO - Epoch [58/500] completed. Average Goal Loss: 4.0961
2024-11-20 10:40:34,112 - INFO - Epoch [58/500] completed. Average Action Loss: 0.0265
2024-11-20 10:40:34,112 - INFO - ===================================================================================
2024-11-20 10:40:46,788 - INFO - Epoch [58/500]
Action Validation Loss: 0.0247 
 Goal Validation Loss: 9.3220 
 MIE Validation Loss: 0.0000 
 MSE R Validation Loss: 9.2096 
 BCE G Validation Loss: 0.1124
2024-11-20 10:40:46,789 - INFO - ===================================================================================
2024-11-20 10:40:46,789 - INFO - Completed in 0h 23m
2024-11-20 10:40:50,261 - INFO - Epoch [59/500], Batch [0/8]
 Dt Loss: 0.0266
 Goal Loss: 9.6171, MIE Loss: 0.0011
 MSE Loss R: 9.4963, BCE Loss G: 0.1197
2024-11-20 10:40:57,588 - INFO - Epoch [59/500] completed. Average Goal Loss: 7.8526
2024-11-20 10:40:57,589 - INFO - Epoch [59/500] completed. Average Action Loss: 0.0261
2024-11-20 10:40:57,589 - INFO - ===================================================================================
2024-11-20 10:41:10,484 - INFO - Epoch [59/500]
Action Validation Loss: 0.0249 
 Goal Validation Loss: 9.4841 
 MIE Validation Loss: 0.0000 
 MSE R Validation Loss: 9.3725 
 BCE G Validation Loss: 0.1117
2024-11-20 10:41:10,485 - INFO - ===================================================================================
2024-11-20 10:41:10,485 - INFO - Completed in 0h 24m
2024-11-20 10:41:13,927 - INFO - Epoch [60/500], Batch [0/8]
 Dt Loss: 0.0255
 Goal Loss: 14.7044, MIE Loss: 0.0000
 MSE Loss R: 14.5764, BCE Loss G: 0.1280
2024-11-20 10:41:21,023 - INFO - Epoch [60/500] completed. Average Goal Loss: 13.5417
2024-11-20 10:41:21,023 - INFO - Epoch [60/500] completed. Average Action Loss: 0.0263
2024-11-20 10:41:21,023 - INFO - ===================================================================================
2024-11-20 10:41:34,049 - INFO - Epoch [60/500]
Action Validation Loss: 0.0247 
 Goal Validation Loss: 9.0130 
 MIE Validation Loss: 0.0001 
 MSE R Validation Loss: 8.8935 
 BCE G Validation Loss: 0.1194
2024-11-20 10:41:34,049 - INFO - ===================================================================================
2024-11-20 10:41:34,050 - INFO - Completed in 0h 24m
2024-11-20 10:41:34,069 - INFO - Model checkpoint saved at training_output/20241120_101645/models/epoch_60.pth
2024-11-20 10:41:37,625 - INFO - Epoch [61/500], Batch [0/8]
 Dt Loss: 0.0264
 Goal Loss: 5.7575, MIE Loss: 0.0000
 MSE Loss R: 5.6411, BCE Loss G: 0.1163
2024-11-20 10:41:45,255 - INFO - Epoch [61/500] completed. Average Goal Loss: 4.3217
2024-11-20 10:41:45,256 - INFO - Epoch [61/500] completed. Average Action Loss: 0.0261
2024-11-20 10:41:45,256 - INFO - ===================================================================================
2024-11-20 10:41:57,777 - INFO - Epoch [61/500]
Action Validation Loss: 0.0240 
 Goal Validation Loss: 10.9564 
 MIE Validation Loss: 0.0009 
 MSE R Validation Loss: 10.8428 
 BCE G Validation Loss: 0.1127
2024-11-20 10:41:57,777 - INFO - ===================================================================================
2024-11-20 10:41:57,777 - INFO - Completed in 0h 25m
2024-11-20 10:42:01,325 - INFO - Epoch [62/500], Batch [0/8]
 Dt Loss: 0.0258
 Goal Loss: 19.8014, MIE Loss: 0.0008
 MSE Loss R: 19.6660, BCE Loss G: 0.1346
2024-11-20 10:42:08,475 - INFO - Epoch [62/500] completed. Average Goal Loss: 10.7105
2024-11-20 10:42:08,475 - INFO - Epoch [62/500] completed. Average Action Loss: 0.0260
2024-11-20 10:42:08,475 - INFO - ===================================================================================
2024-11-20 10:42:21,243 - INFO - Epoch [62/500]
Action Validation Loss: 0.0240 
 Goal Validation Loss: 8.8624 
 MIE Validation Loss: 0.0000 
 MSE R Validation Loss: 8.7499 
 BCE G Validation Loss: 0.1125
2024-11-20 10:42:21,243 - INFO - ===================================================================================
2024-11-20 10:42:21,244 - INFO - Completed in 0h 25m
2024-11-20 10:42:24,726 - INFO - Epoch [63/500], Batch [0/8]
 Dt Loss: 0.0257
 Goal Loss: 3.8797, MIE Loss: 0.0008
 MSE Loss R: 3.7792, BCE Loss G: 0.0998
2024-11-20 10:42:31,886 - INFO - Epoch [63/500] completed. Average Goal Loss: 4.8359
2024-11-20 10:42:31,886 - INFO - Epoch [63/500] completed. Average Action Loss: 0.0260
2024-11-20 10:42:31,886 - INFO - ===================================================================================
2024-11-20 10:42:44,365 - INFO - Epoch [63/500]
Action Validation Loss: 0.0243 
 Goal Validation Loss: 14.2429 
 MIE Validation Loss: 0.0000 
 MSE R Validation Loss: 14.1281 
 BCE G Validation Loss: 0.1147
2024-11-20 10:42:44,366 - INFO - ===================================================================================
2024-11-20 10:42:44,366 - INFO - Completed in 0h 25m
2024-11-20 10:42:49,865 - INFO - Epoch [64/500], Batch [0/8]
 Dt Loss: 0.0264
 Goal Loss: 1.2679, MIE Loss: 0.0005
 MSE Loss R: 1.1703, BCE Loss G: 0.0972
2024-11-20 10:42:57,073 - INFO - Epoch [64/500] completed. Average Goal Loss: 8.2460
2024-11-20 10:42:57,074 - INFO - Epoch [64/500] completed. Average Action Loss: 0.0262
2024-11-20 10:42:57,074 - INFO - ===================================================================================
2024-11-20 10:43:09,027 - INFO - Epoch [64/500]
Action Validation Loss: 0.0240 
 Goal Validation Loss: 8.8534 
 MIE Validation Loss: 0.0000 
 MSE R Validation Loss: 8.7365 
 BCE G Validation Loss: 0.1169
2024-11-20 10:43:09,027 - INFO - ===================================================================================
2024-11-20 10:43:09,028 - INFO - Completed in 0h 26m
2024-11-20 10:43:14,167 - INFO - Epoch [65/500], Batch [0/8]
 Dt Loss: 0.0259
 Goal Loss: 5.0801, MIE Loss: 0.0023
 MSE Loss R: 4.9773, BCE Loss G: 0.1006
2024-11-20 10:43:21,746 - INFO - Epoch [65/500] completed. Average Goal Loss: 6.1261
2024-11-20 10:43:21,747 - INFO - Epoch [65/500] completed. Average Action Loss: 0.0256
2024-11-20 10:43:21,747 - INFO - ===================================================================================
2024-11-20 10:43:34,116 - INFO - Epoch [65/500]
Action Validation Loss: 0.0240 
 Goal Validation Loss: 9.0034 
 MIE Validation Loss: 0.0000 
 MSE R Validation Loss: 8.8890 
 BCE G Validation Loss: 0.1144
2024-11-20 10:43:34,117 - INFO - ===================================================================================
2024-11-20 10:43:34,117 - INFO - Completed in 0h 26m
2024-11-20 10:43:37,757 - INFO - Epoch [66/500], Batch [0/8]
 Dt Loss: 0.0262
 Goal Loss: 9.8901, MIE Loss: 0.0000
 MSE Loss R: 9.7700, BCE Loss G: 0.1200
2024-11-20 10:43:44,810 - INFO - Epoch [66/500] completed. Average Goal Loss: 4.9434
2024-11-20 10:43:44,810 - INFO - Epoch [66/500] completed. Average Action Loss: 0.0257
2024-11-20 10:43:44,810 - INFO - ===================================================================================
2024-11-20 10:43:57,236 - INFO - Epoch [66/500]
Action Validation Loss: 0.0244 
 Goal Validation Loss: 14.1416 
 MIE Validation Loss: 0.0002 
 MSE R Validation Loss: 14.0277 
 BCE G Validation Loss: 0.1138
2024-11-20 10:43:57,236 - INFO - ===================================================================================
2024-11-20 10:43:57,236 - INFO - Completed in 0h 26m
2024-11-20 10:44:00,663 - INFO - Epoch [67/500], Batch [0/8]
 Dt Loss: 0.0259
 Goal Loss: 3.0771, MIE Loss: 0.0001
 MSE Loss R: 2.9730, BCE Loss G: 0.1040
2024-11-20 10:44:08,053 - INFO - Epoch [67/500] completed. Average Goal Loss: 4.1769
2024-11-20 10:44:08,054 - INFO - Epoch [67/500] completed. Average Action Loss: 0.0256
2024-11-20 10:44:08,054 - INFO - ===================================================================================
2024-11-20 10:44:20,234 - INFO - Epoch [67/500]
Action Validation Loss: 0.0237 
 Goal Validation Loss: 9.0345 
 MIE Validation Loss: 0.0000 
 MSE R Validation Loss: 8.9229 
 BCE G Validation Loss: 0.1116
2024-11-20 10:44:20,234 - INFO - ===================================================================================
2024-11-20 10:44:20,234 - INFO - Completed in 0h 27m
2024-11-20 10:44:23,715 - INFO - Epoch [68/500], Batch [0/8]
 Dt Loss: 0.0250
 Goal Loss: 3.7898, MIE Loss: 0.0000
 MSE Loss R: 3.6878, BCE Loss G: 0.1020
2024-11-20 10:44:31,820 - INFO - Epoch [68/500] completed. Average Goal Loss: 10.7146
2024-11-20 10:44:31,820 - INFO - Epoch [68/500] completed. Average Action Loss: 0.0255
2024-11-20 10:44:31,820 - INFO - ===================================================================================
2024-11-20 10:44:44,072 - INFO - Epoch [68/500]
Action Validation Loss: 0.0237 
 Goal Validation Loss: 9.4768 
 MIE Validation Loss: 0.0001 
 MSE R Validation Loss: 9.3644 
 BCE G Validation Loss: 0.1124
2024-11-20 10:44:44,073 - INFO - ===================================================================================
2024-11-20 10:44:44,073 - INFO - Completed in 0h 27m
2024-11-20 10:44:47,761 - INFO - Epoch [69/500], Batch [0/8]
 Dt Loss: 0.0253
 Goal Loss: 7.4661, MIE Loss: 0.0001
 MSE Loss R: 7.3421, BCE Loss G: 0.1239
2024-11-20 10:44:55,152 - INFO - Epoch [69/500] completed. Average Goal Loss: 10.1221
2024-11-20 10:44:55,152 - INFO - Epoch [69/500] completed. Average Action Loss: 0.0255
2024-11-20 10:44:55,153 - INFO - ===================================================================================
2024-11-20 10:45:07,458 - INFO - Epoch [69/500]
Action Validation Loss: 0.0236 
 Goal Validation Loss: 9.5519 
 MIE Validation Loss: 0.0000 
 MSE R Validation Loss: 9.4367 
 BCE G Validation Loss: 0.1151
2024-11-20 10:45:07,458 - INFO - ===================================================================================
2024-11-20 10:45:07,458 - INFO - Completed in 0h 28m
2024-11-20 10:45:11,038 - INFO - Epoch [70/500], Batch [0/8]
 Dt Loss: 0.0257
 Goal Loss: 5.6076, MIE Loss: 0.0004
 MSE Loss R: 5.4943, BCE Loss G: 0.1130
2024-11-20 10:45:18,187 - INFO - Epoch [70/500] completed. Average Goal Loss: 8.4792
2024-11-20 10:45:18,187 - INFO - Epoch [70/500] completed. Average Action Loss: 0.0253
2024-11-20 10:45:18,187 - INFO - ===================================================================================
2024-11-20 10:45:30,705 - INFO - Epoch [70/500]
Action Validation Loss: 0.0243 
 Goal Validation Loss: 8.8381 
 MIE Validation Loss: 0.0000 
 MSE R Validation Loss: 8.7267 
 BCE G Validation Loss: 0.1114
2024-11-20 10:45:30,706 - INFO - ===================================================================================
2024-11-20 10:45:30,706 - INFO - Completed in 0h 28m
2024-11-20 10:45:30,732 - INFO - Model checkpoint saved at training_output/20241120_101645/models/epoch_70.pth
2024-11-20 10:45:34,263 - INFO - Epoch [71/500], Batch [0/8]
 Dt Loss: 0.0253
 Goal Loss: 3.3224, MIE Loss: 0.0000
 MSE Loss R: 3.2145, BCE Loss G: 0.1078
2024-11-20 10:45:41,494 - INFO - Epoch [71/500] completed. Average Goal Loss: 3.1262
2024-11-20 10:45:41,494 - INFO - Epoch [71/500] completed. Average Action Loss: 0.0252
2024-11-20 10:45:41,494 - INFO - ===================================================================================
2024-11-20 10:45:53,839 - INFO - Epoch [71/500]
Action Validation Loss: 0.0240 
 Goal Validation Loss: 9.1502 
 MIE Validation Loss: 0.0000 
 MSE R Validation Loss: 9.0387 
 BCE G Validation Loss: 0.1114
2024-11-20 10:45:53,840 - INFO - ===================================================================================
2024-11-20 10:45:53,840 - INFO - Completed in 0h 28m
2024-11-20 10:45:57,381 - INFO - Epoch [72/500], Batch [0/8]
 Dt Loss: 0.0243
 Goal Loss: 10.6138, MIE Loss: 0.0000
 MSE Loss R: 10.4843, BCE Loss G: 0.1295
2024-11-20 10:46:04,710 - INFO - Epoch [72/500] completed. Average Goal Loss: 9.3074
2024-11-20 10:46:04,711 - INFO - Epoch [72/500] completed. Average Action Loss: 0.0252
2024-11-20 10:46:04,711 - INFO - ===================================================================================
2024-11-20 10:46:17,099 - INFO - Epoch [72/500]
Action Validation Loss: 0.0236 
 Goal Validation Loss: 9.0171 
 MIE Validation Loss: 0.0000 
 MSE R Validation Loss: 8.9049 
 BCE G Validation Loss: 0.1122
2024-11-20 10:46:17,100 - INFO - ===================================================================================
2024-11-20 10:46:17,100 - INFO - Completed in 0h 29m
2024-11-20 10:46:20,539 - INFO - Epoch [73/500], Batch [0/8]
 Dt Loss: 0.0247
 Goal Loss: 3.4664, MIE Loss: 0.0002
 MSE Loss R: 3.3576, BCE Loss G: 0.1087
2024-11-20 10:46:27,831 - INFO - Epoch [73/500] completed. Average Goal Loss: 4.7332
2024-11-20 10:46:27,831 - INFO - Epoch [73/500] completed. Average Action Loss: 0.0247
2024-11-20 10:46:27,831 - INFO - ===================================================================================
2024-11-20 10:46:41,098 - INFO - Epoch [73/500]
Action Validation Loss: 0.0227 
 Goal Validation Loss: 9.0845 
 MIE Validation Loss: 0.0000 
 MSE R Validation Loss: 8.9708 
 BCE G Validation Loss: 0.1137
2024-11-20 10:46:41,099 - INFO - ===================================================================================
2024-11-20 10:46:41,099 - INFO - Completed in 0h 29m
2024-11-20 10:46:44,634 - INFO - Epoch [74/500], Batch [0/8]
 Dt Loss: 0.0243
 Goal Loss: 17.2085, MIE Loss: 0.0001
 MSE Loss R: 17.0803, BCE Loss G: 0.1281
2024-11-20 10:46:51,637 - INFO - Epoch [74/500] completed. Average Goal Loss: 8.4630
2024-11-20 10:46:51,637 - INFO - Epoch [74/500] completed. Average Action Loss: 0.0248
2024-11-20 10:46:51,637 - INFO - ===================================================================================
2024-11-20 10:47:04,176 - INFO - Epoch [74/500]
Action Validation Loss: 0.0231 
 Goal Validation Loss: 8.8357 
 MIE Validation Loss: 0.0001 
 MSE R Validation Loss: 8.7237 
 BCE G Validation Loss: 0.1119
2024-11-20 10:47:04,176 - INFO - ===================================================================================
2024-11-20 10:47:04,176 - INFO - Completed in 0h 30m
2024-11-20 10:47:07,974 - INFO - Epoch [75/500], Batch [0/8]
 Dt Loss: 0.0251
 Goal Loss: 4.1175, MIE Loss: 0.0004
 MSE Loss R: 4.0055, BCE Loss G: 0.1117
2024-11-20 10:47:15,450 - INFO - Epoch [75/500] completed. Average Goal Loss: 8.0126
2024-11-20 10:47:15,450 - INFO - Epoch [75/500] completed. Average Action Loss: 0.0250
2024-11-20 10:47:15,451 - INFO - ===================================================================================
2024-11-20 10:47:29,116 - INFO - Epoch [75/500]
Action Validation Loss: 0.0239 
 Goal Validation Loss: 9.6732 
 MIE Validation Loss: 0.0000 
 MSE R Validation Loss: 9.5595 
 BCE G Validation Loss: 0.1137
2024-11-20 10:47:29,116 - INFO - ===================================================================================
2024-11-20 10:47:29,116 - INFO - Completed in 0h 30m
2024-11-20 10:47:32,599 - INFO - Epoch [76/500], Batch [0/8]
 Dt Loss: 0.0251
 Goal Loss: 45.0710, MIE Loss: 0.0000
 MSE Loss R: 44.9318, BCE Loss G: 0.1392
2024-11-20 10:47:39,641 - INFO - Epoch [76/500] completed. Average Goal Loss: 8.8327
2024-11-20 10:47:39,642 - INFO - Epoch [76/500] completed. Average Action Loss: 0.0247
2024-11-20 10:47:39,642 - INFO - ===================================================================================
2024-11-20 10:47:52,286 - INFO - Epoch [76/500]
Action Validation Loss: 0.0231 
 Goal Validation Loss: 9.4620 
 MIE Validation Loss: 0.0008 
 MSE R Validation Loss: 9.3483 
 BCE G Validation Loss: 0.1130
2024-11-20 10:47:52,286 - INFO - ===================================================================================
2024-11-20 10:47:52,287 - INFO - Completed in 0h 30m
2024-11-20 10:47:55,858 - INFO - Epoch [77/500], Batch [0/8]
 Dt Loss: 0.0248
 Goal Loss: 7.6562, MIE Loss: 0.0008
 MSE Loss R: 7.5381, BCE Loss G: 0.1173
2024-11-20 10:48:03,115 - INFO - Epoch [77/500] completed. Average Goal Loss: 6.1899
2024-11-20 10:48:03,115 - INFO - Epoch [77/500] completed. Average Action Loss: 0.0248
2024-11-20 10:48:03,115 - INFO - ===================================================================================
2024-11-20 10:48:16,037 - INFO - Epoch [77/500]
Action Validation Loss: 0.0233 
 Goal Validation Loss: 8.8606 
 MIE Validation Loss: 0.0000 
 MSE R Validation Loss: 8.7473 
 BCE G Validation Loss: 0.1132
2024-11-20 10:48:16,038 - INFO - ===================================================================================
2024-11-20 10:48:16,038 - INFO - Completed in 0h 31m
2024-11-20 10:48:19,944 - INFO - Epoch [78/500], Batch [0/8]
 Dt Loss: 0.0240
 Goal Loss: 2.8700, MIE Loss: 0.0000
 MSE Loss R: 2.7674, BCE Loss G: 0.1026
2024-11-20 10:48:27,416 - INFO - Epoch [78/500] completed. Average Goal Loss: 6.2900
2024-11-20 10:48:27,416 - INFO - Epoch [78/500] completed. Average Action Loss: 0.0242
2024-11-20 10:48:27,416 - INFO - ===================================================================================
2024-11-20 10:48:40,345 - INFO - Epoch [78/500]
Action Validation Loss: 0.0229 
 Goal Validation Loss: 12.6414 
 MIE Validation Loss: 0.0002 
 MSE R Validation Loss: 12.5283 
 BCE G Validation Loss: 0.1129
2024-11-20 10:48:40,345 - INFO - ===================================================================================
2024-11-20 10:48:40,346 - INFO - Completed in 0h 31m
2024-11-20 10:48:44,097 - INFO - Epoch [79/500], Batch [0/8]
 Dt Loss: 0.0246
 Goal Loss: 10.5159, MIE Loss: 0.0001
 MSE Loss R: 10.4158, BCE Loss G: 0.1000
2024-11-20 10:48:51,362 - INFO - Epoch [79/500] completed. Average Goal Loss: 12.2030
2024-11-20 10:48:51,362 - INFO - Epoch [79/500] completed. Average Action Loss: 0.0245
2024-11-20 10:48:51,363 - INFO - ===================================================================================
2024-11-20 10:49:03,658 - INFO - Epoch [79/500]
Action Validation Loss: 0.0231 
 Goal Validation Loss: 8.9298 
 MIE Validation Loss: 0.0000 
 MSE R Validation Loss: 8.8160 
 BCE G Validation Loss: 0.1138
2024-11-20 10:49:03,658 - INFO - ===================================================================================
2024-11-20 10:49:03,659 - INFO - Completed in 0h 32m
2024-11-20 10:49:07,352 - INFO - Epoch [80/500], Batch [0/8]
 Dt Loss: 0.0243
 Goal Loss: 6.8917, MIE Loss: 0.0004
 MSE Loss R: 6.7711, BCE Loss G: 0.1203
2024-11-20 10:49:14,489 - INFO - Epoch [80/500] completed. Average Goal Loss: 7.2160
2024-11-20 10:49:14,490 - INFO - Epoch [80/500] completed. Average Action Loss: 0.0246
2024-11-20 10:49:14,490 - INFO - ===================================================================================
2024-11-20 10:49:28,020 - INFO - Epoch [80/500]
Action Validation Loss: 0.0231 
 Goal Validation Loss: 8.9867 
 MIE Validation Loss: 0.0001 
 MSE R Validation Loss: 8.8737 
 BCE G Validation Loss: 0.1129
2024-11-20 10:49:28,021 - INFO - ===================================================================================
2024-11-20 10:49:28,021 - INFO - Completed in 0h 32m
2024-11-20 10:49:28,042 - INFO - Model checkpoint saved at training_output/20241120_101645/models/epoch_80.pth
2024-11-20 10:49:31,545 - INFO - Epoch [81/500], Batch [0/8]
 Dt Loss: 0.0243
 Goal Loss: 2.6518, MIE Loss: 0.0004
 MSE Loss R: 2.5498, BCE Loss G: 0.1016
2024-11-20 10:49:38,774 - INFO - Epoch [81/500] completed. Average Goal Loss: 10.4460
2024-11-20 10:49:38,774 - INFO - Epoch [81/500] completed. Average Action Loss: 0.0246
2024-11-20 10:49:38,774 - INFO - ===================================================================================
2024-11-20 10:49:51,342 - INFO - Epoch [81/500]
Action Validation Loss: 0.0225 
 Goal Validation Loss: 9.8098 
 MIE Validation Loss: 0.0001 
 MSE R Validation Loss: 9.6982 
 BCE G Validation Loss: 0.1114
2024-11-20 10:49:51,343 - INFO - ===================================================================================
2024-11-20 10:49:51,343 - INFO - Completed in 0h 32m
2024-11-20 10:49:55,094 - INFO - Epoch [82/500], Batch [0/8]
 Dt Loss: 0.0235
 Goal Loss: 10.9664, MIE Loss: 0.0002
 MSE Loss R: 10.8435, BCE Loss G: 0.1227
2024-11-20 10:50:02,950 - INFO - Epoch [82/500] completed. Average Goal Loss: 8.6543
2024-11-20 10:50:02,950 - INFO - Epoch [82/500] completed. Average Action Loss: 0.0241
2024-11-20 10:50:02,951 - INFO - ===================================================================================
2024-11-20 10:50:15,355 - INFO - Epoch [82/500]
Action Validation Loss: 0.0222 
 Goal Validation Loss: 13.7570 
 MIE Validation Loss: 0.0006 
 MSE R Validation Loss: 13.6426 
 BCE G Validation Loss: 0.1138
2024-11-20 10:50:15,355 - INFO - ===================================================================================
2024-11-20 10:50:15,355 - INFO - Completed in 0h 33m
2024-11-20 10:50:18,942 - INFO - Epoch [83/500], Batch [0/8]
 Dt Loss: 0.0242
 Goal Loss: 1.5687, MIE Loss: 0.0003
 MSE Loss R: 1.4684, BCE Loss G: 0.1000
2024-11-20 10:50:26,649 - INFO - Epoch [83/500] completed. Average Goal Loss: 7.1699
2024-11-20 10:50:26,649 - INFO - Epoch [83/500] completed. Average Action Loss: 0.0240
2024-11-20 10:50:26,649 - INFO - ===================================================================================
2024-11-20 10:50:39,827 - INFO - Epoch [83/500]
Action Validation Loss: 0.0221 
 Goal Validation Loss: 10.8654 
 MIE Validation Loss: 0.0000 
 MSE R Validation Loss: 10.7524 
 BCE G Validation Loss: 0.1130
2024-11-20 10:50:39,828 - INFO - ===================================================================================
2024-11-20 10:50:39,828 - INFO - Completed in 0h 33m
2024-11-20 10:50:43,439 - INFO - Epoch [84/500], Batch [0/8]
 Dt Loss: 0.0240
 Goal Loss: 0.6958, MIE Loss: 0.0002
 MSE Loss R: 0.6001, BCE Loss G: 0.0955
2024-11-20 10:50:50,753 - INFO - Epoch [84/500] completed. Average Goal Loss: 9.4773
2024-11-20 10:50:50,753 - INFO - Epoch [84/500] completed. Average Action Loss: 0.0243
2024-11-20 10:50:50,753 - INFO - ===================================================================================
2024-11-20 10:51:03,740 - INFO - Epoch [84/500]
Action Validation Loss: 0.0229 
 Goal Validation Loss: 9.0986 
 MIE Validation Loss: 0.0002 
 MSE R Validation Loss: 8.9820 
 BCE G Validation Loss: 0.1165
2024-11-20 10:51:03,740 - INFO - ===================================================================================
2024-11-20 10:51:03,741 - INFO - Completed in 0h 34m
2024-11-20 10:51:07,304 - INFO - Epoch [85/500], Batch [0/8]
 Dt Loss: 0.0243
 Goal Loss: 3.9797, MIE Loss: 0.0004
 MSE Loss R: 3.8821, BCE Loss G: 0.0973
2024-11-20 10:51:15,419 - INFO - Epoch [85/500] completed. Average Goal Loss: 4.4105
2024-11-20 10:51:15,420 - INFO - Epoch [85/500] completed. Average Action Loss: 0.0241
2024-11-20 10:51:15,420 - INFO - ===================================================================================
2024-11-20 10:51:28,429 - INFO - Epoch [85/500]
Action Validation Loss: 0.0223 
 Goal Validation Loss: 8.9173 
 MIE Validation Loss: 0.0002 
 MSE R Validation Loss: 8.8039 
 BCE G Validation Loss: 0.1132
2024-11-20 10:51:28,429 - INFO - ===================================================================================
2024-11-20 10:51:28,430 - INFO - Completed in 0h 34m
2024-11-20 10:51:31,951 - INFO - Epoch [86/500], Batch [0/8]
 Dt Loss: 0.0234
 Goal Loss: 3.5202, MIE Loss: 0.0002
 MSE Loss R: 3.4194, BCE Loss G: 0.1005
2024-11-20 10:51:39,517 - INFO - Epoch [86/500] completed. Average Goal Loss: 2.7639
2024-11-20 10:51:39,518 - INFO - Epoch [86/500] completed. Average Action Loss: 0.0242
2024-11-20 10:51:39,518 - INFO - ===================================================================================
2024-11-20 10:51:52,286 - INFO - Epoch [86/500]
Action Validation Loss: 0.0222 
 Goal Validation Loss: 14.1498 
 MIE Validation Loss: 0.0005 
 MSE R Validation Loss: 14.0358 
 BCE G Validation Loss: 0.1136
2024-11-20 10:51:52,286 - INFO - ===================================================================================
2024-11-20 10:51:52,287 - INFO - Completed in 0h 34m
2024-11-20 10:51:55,914 - INFO - Epoch [87/500], Batch [0/8]
 Dt Loss: 0.0231
 Goal Loss: 0.8483, MIE Loss: 0.0002
 MSE Loss R: 0.7517, BCE Loss G: 0.0964
2024-11-20 10:52:03,933 - INFO - Epoch [87/500] completed. Average Goal Loss: 14.2476
2024-11-20 10:52:03,933 - INFO - Epoch [87/500] completed. Average Action Loss: 0.0237
2024-11-20 10:52:03,933 - INFO - ===================================================================================
2024-11-20 10:52:16,737 - INFO - Epoch [87/500]
Action Validation Loss: 0.0224 
 Goal Validation Loss: 8.8725 
 MIE Validation Loss: 0.0001 
 MSE R Validation Loss: 8.7537 
 BCE G Validation Loss: 0.1187
2024-11-20 10:52:16,738 - INFO - ===================================================================================
2024-11-20 10:52:16,738 - INFO - Completed in 0h 35m
2024-11-20 10:52:20,289 - INFO - Epoch [88/500], Batch [0/8]
 Dt Loss: 0.0236
 Goal Loss: 5.3892, MIE Loss: 0.0081
 MSE Loss R: 5.2835, BCE Loss G: 0.0975
2024-11-20 10:52:27,922 - INFO - Epoch [88/500] completed. Average Goal Loss: 7.9438
2024-11-20 10:52:27,922 - INFO - Epoch [88/500] completed. Average Action Loss: 0.0239
2024-11-20 10:52:27,923 - INFO - ===================================================================================
2024-11-20 10:52:40,449 - INFO - Epoch [88/500]
Action Validation Loss: 0.0221 
 Goal Validation Loss: 13.3880 
 MIE Validation Loss: 0.0000 
 MSE R Validation Loss: 13.2745 
 BCE G Validation Loss: 0.1134
2024-11-20 10:52:40,450 - INFO - ===================================================================================
2024-11-20 10:52:40,450 - INFO - Completed in 0h 35m
2024-11-20 10:52:44,127 - INFO - Epoch [89/500], Batch [0/8]
 Dt Loss: 0.0239
 Goal Loss: 3.9499, MIE Loss: 0.0001
 MSE Loss R: 3.8421, BCE Loss G: 0.1076
2024-11-20 10:52:51,726 - INFO - Epoch [89/500] completed. Average Goal Loss: 5.6696
2024-11-20 10:52:51,727 - INFO - Epoch [89/500] completed. Average Action Loss: 0.0235
2024-11-20 10:52:51,727 - INFO - ===================================================================================
2024-11-20 10:53:04,059 - INFO - Epoch [89/500]
Action Validation Loss: 0.0222 
 Goal Validation Loss: 8.9863 
 MIE Validation Loss: 0.0000 
 MSE R Validation Loss: 8.8745 
 BCE G Validation Loss: 0.1117
2024-11-20 10:53:04,059 - INFO - ===================================================================================
2024-11-20 10:53:04,060 - INFO - Completed in 0h 36m
2024-11-20 10:53:07,702 - INFO - Epoch [90/500], Batch [0/8]
 Dt Loss: 0.0238
 Goal Loss: 3.6594, MIE Loss: 0.0000
 MSE Loss R: 3.5492, BCE Loss G: 0.1101
2024-11-20 10:53:15,014 - INFO - Epoch [90/500] completed. Average Goal Loss: 7.0520
2024-11-20 10:53:15,015 - INFO - Epoch [90/500] completed. Average Action Loss: 0.0235
2024-11-20 10:53:15,015 - INFO - ===================================================================================
2024-11-20 10:53:27,570 - INFO - Epoch [90/500]
Action Validation Loss: 0.0219 
 Goal Validation Loss: 8.8596 
 MIE Validation Loss: 0.0001 
 MSE R Validation Loss: 8.7461 
 BCE G Validation Loss: 0.1134
2024-11-20 10:53:27,570 - INFO - ===================================================================================
2024-11-20 10:53:27,571 - INFO - Completed in 0h 36m
2024-11-20 10:53:27,590 - INFO - Model checkpoint saved at training_output/20241120_101645/models/epoch_90.pth
2024-11-20 10:53:31,234 - INFO - Epoch [91/500], Batch [0/8]
 Dt Loss: 0.0231
 Goal Loss: 2.8242, MIE Loss: 0.0002
 MSE Loss R: 2.7186, BCE Loss G: 0.1054
2024-11-20 10:53:38,574 - INFO - Epoch [91/500] completed. Average Goal Loss: 6.1509
2024-11-20 10:53:38,574 - INFO - Epoch [91/500] completed. Average Action Loss: 0.0233
2024-11-20 10:53:38,574 - INFO - ===================================================================================
2024-11-20 10:53:51,631 - INFO - Epoch [91/500]
Action Validation Loss: 0.0224 
 Goal Validation Loss: 10.3889 
 MIE Validation Loss: 0.0001 
 MSE R Validation Loss: 10.2748 
 BCE G Validation Loss: 0.1140
2024-11-20 10:53:51,632 - INFO - ===================================================================================
2024-11-20 10:53:51,632 - INFO - Completed in 0h 36m
2024-11-20 10:53:55,291 - INFO - Epoch [92/500], Batch [0/8]
 Dt Loss: 0.0238
 Goal Loss: 4.2647, MIE Loss: 0.0002
 MSE Loss R: 4.1530, BCE Loss G: 0.1115
2024-11-20 10:54:02,829 - INFO - Epoch [92/500] completed. Average Goal Loss: 8.7000
2024-11-20 10:54:02,829 - INFO - Epoch [92/500] completed. Average Action Loss: 0.0238
2024-11-20 10:54:02,829 - INFO - ===================================================================================
2024-11-20 10:54:15,768 - INFO - Epoch [92/500]
Action Validation Loss: 0.0220 
 Goal Validation Loss: 11.0832 
 MIE Validation Loss: 0.0860 
 MSE R Validation Loss: 10.8826 
 BCE G Validation Loss: 0.1146
2024-11-20 10:54:15,769 - INFO - ===================================================================================
2024-11-20 10:54:15,769 - INFO - Completed in 0h 37m
2024-11-20 10:54:19,478 - INFO - Epoch [93/500], Batch [0/8]
 Dt Loss: 0.0234
 Goal Loss: 1.2975, MIE Loss: 0.0507
 MSE Loss R: 1.1540, BCE Loss G: 0.0928
2024-11-20 10:54:27,033 - INFO - Epoch [93/500] completed. Average Goal Loss: 5.4155
2024-11-20 10:54:27,034 - INFO - Epoch [93/500] completed. Average Action Loss: 0.0234
2024-11-20 10:54:27,034 - INFO - ===================================================================================
2024-11-20 10:54:39,774 - INFO - Epoch [93/500]
Action Validation Loss: 0.0216 
 Goal Validation Loss: 12.0442 
 MIE Validation Loss: 0.0000 
 MSE R Validation Loss: 11.9323 
 BCE G Validation Loss: 0.1118
2024-11-20 10:54:39,774 - INFO - ===================================================================================
2024-11-20 10:54:39,775 - INFO - Completed in 0h 37m
2024-11-20 10:54:43,402 - INFO - Epoch [94/500], Batch [0/8]
 Dt Loss: 0.0230
 Goal Loss: 0.6690, MIE Loss: 0.0000
 MSE Loss R: 0.5740, BCE Loss G: 0.0950
2024-11-20 10:54:50,964 - INFO - Epoch [94/500] completed. Average Goal Loss: 6.4834
2024-11-20 10:54:50,965 - INFO - Epoch [94/500] completed. Average Action Loss: 0.0232
2024-11-20 10:54:50,965 - INFO - ===================================================================================
2024-11-20 10:55:03,172 - INFO - Epoch [94/500]
Action Validation Loss: 0.0220 
 Goal Validation Loss: 10.8488 
 MIE Validation Loss: 0.0000 
 MSE R Validation Loss: 10.7343 
 BCE G Validation Loss: 0.1145
2024-11-20 10:55:03,173 - INFO - ===================================================================================
2024-11-20 10:55:03,173 - INFO - Completed in 0h 38m
2024-11-20 10:55:07,003 - INFO - Epoch [95/500], Batch [0/8]
 Dt Loss: 0.0228
 Goal Loss: 11.3884, MIE Loss: 0.0000
 MSE Loss R: 11.2907, BCE Loss G: 0.0978
2024-11-20 10:55:15,229 - INFO - Epoch [95/500] completed. Average Goal Loss: 9.1177
2024-11-20 10:55:15,229 - INFO - Epoch [95/500] completed. Average Action Loss: 0.0232
2024-11-20 10:55:15,229 - INFO - ===================================================================================
2024-11-20 10:55:27,719 - INFO - Epoch [95/500]
Action Validation Loss: 0.0217 
 Goal Validation Loss: 15.1229 
 MIE Validation Loss: 0.0046 
 MSE R Validation Loss: 15.0054 
 BCE G Validation Loss: 0.1128
2024-11-20 10:55:27,719 - INFO - ===================================================================================
2024-11-20 10:55:27,720 - INFO - Completed in 0h 38m
2024-11-20 10:55:31,278 - INFO - Epoch [96/500], Batch [0/8]
 Dt Loss: 0.0234
 Goal Loss: 10.3789, MIE Loss: 0.0036
 MSE Loss R: 10.2411, BCE Loss G: 0.1341
2024-11-20 10:55:38,903 - INFO - Epoch [96/500] completed. Average Goal Loss: 10.5521
2024-11-20 10:55:38,903 - INFO - Epoch [96/500] completed. Average Action Loss: 0.0234
2024-11-20 10:55:38,903 - INFO - ===================================================================================
2024-11-20 10:55:51,532 - INFO - Epoch [96/500]
Action Validation Loss: 0.0215 
 Goal Validation Loss: 14.4836 
 MIE Validation Loss: 0.0000 
 MSE R Validation Loss: 14.3696 
 BCE G Validation Loss: 0.1140
2024-11-20 10:55:51,532 - INFO - ===================================================================================
2024-11-20 10:55:51,532 - INFO - Completed in 0h 38m
2024-11-20 10:55:55,132 - INFO - Epoch [97/500], Batch [0/8]
 Dt Loss: 0.0238
 Goal Loss: 10.1227, MIE Loss: 0.0000
 MSE Loss R: 10.0102, BCE Loss G: 0.1125
2024-11-20 10:56:02,526 - INFO - Epoch [97/500] completed. Average Goal Loss: 10.3353
2024-11-20 10:56:02,527 - INFO - Epoch [97/500] completed. Average Action Loss: 0.0233
2024-11-20 10:56:02,527 - INFO - ===================================================================================
2024-11-20 10:56:15,374 - INFO - Epoch [97/500]
Action Validation Loss: 0.0211 
 Goal Validation Loss: 9.8827 
 MIE Validation Loss: 0.0000 
 MSE R Validation Loss: 9.7712 
 BCE G Validation Loss: 0.1116
2024-11-20 10:56:15,375 - INFO - ===================================================================================
2024-11-20 10:56:15,375 - INFO - Completed in 0h 39m
2024-11-20 10:56:19,031 - INFO - Epoch [98/500], Batch [0/8]
 Dt Loss: 0.0230
 Goal Loss: 1.1014, MIE Loss: 0.0000
 MSE Loss R: 1.0054, BCE Loss G: 0.0959
2024-11-20 10:56:26,420 - INFO - Epoch [98/500] completed. Average Goal Loss: 9.2480
2024-11-20 10:56:26,420 - INFO - Epoch [98/500] completed. Average Action Loss: 0.0229
2024-11-20 10:56:26,421 - INFO - ===================================================================================
2024-11-20 10:56:39,528 - INFO - Epoch [98/500]
Action Validation Loss: 0.0212 
 Goal Validation Loss: 8.8564 
 MIE Validation Loss: 0.0000 
 MSE R Validation Loss: 8.7445 
 BCE G Validation Loss: 0.1119
2024-11-20 10:56:39,528 - INFO - ===================================================================================
2024-11-20 10:56:39,529 - INFO - Completed in 0h 39m
2024-11-20 10:56:43,048 - INFO - Epoch [99/500], Batch [0/8]
 Dt Loss: 0.0235
 Goal Loss: 3.1288, MIE Loss: 0.0000
 MSE Loss R: 3.0262, BCE Loss G: 0.1026
2024-11-20 10:56:50,332 - INFO - Epoch [99/500] completed. Average Goal Loss: 8.9896
2024-11-20 10:56:50,333 - INFO - Epoch [99/500] completed. Average Action Loss: 0.0230
2024-11-20 10:56:50,333 - INFO - ===================================================================================
2024-11-20 10:57:03,174 - INFO - Epoch [99/500]
Action Validation Loss: 0.0212 
 Goal Validation Loss: 10.6469 
 MIE Validation Loss: 0.0000 
 MSE R Validation Loss: 10.5337 
 BCE G Validation Loss: 0.1131
2024-11-20 10:57:03,174 - INFO - ===================================================================================
2024-11-20 10:57:03,174 - INFO - Completed in 0h 40m
2024-11-20 10:57:06,812 - INFO - Epoch [100/500], Batch [0/8]
 Dt Loss: 0.0232
 Goal Loss: 1.3624, MIE Loss: 0.0000
 MSE Loss R: 1.2629, BCE Loss G: 0.0995
2024-11-20 10:57:14,348 - INFO - Epoch [100/500] completed. Average Goal Loss: 6.1952
2024-11-20 10:57:14,348 - INFO - Epoch [100/500] completed. Average Action Loss: 0.0230
2024-11-20 10:57:14,349 - INFO - ===================================================================================
2024-11-20 10:57:26,893 - INFO - Epoch [100/500]
Action Validation Loss: 0.0218 
 Goal Validation Loss: 9.2199 
 MIE Validation Loss: 0.0000 
 MSE R Validation Loss: 9.1074 
 BCE G Validation Loss: 0.1125
2024-11-20 10:57:26,894 - INFO - ===================================================================================
2024-11-20 10:57:26,894 - INFO - Completed in 0h 40m
2024-11-20 10:58:01,562 - INFO - 100 Test Returns: 45.0
2024-11-20 10:58:01,581 - INFO - Model checkpoint saved at training_output/20241120_101645/models/epoch_100.pth
2024-11-20 10:58:05,486 - INFO - Epoch [101/500], Batch [0/8]
 Dt Loss: 0.0232
 Goal Loss: 2.2007, MIE Loss: 0.0000
 MSE Loss R: 2.1046, BCE Loss G: 0.0961
2024-11-20 10:58:12,774 - INFO - Epoch [101/500] completed. Average Goal Loss: 10.5997
2024-11-20 10:58:12,775 - INFO - Epoch [101/500] completed. Average Action Loss: 0.0228
2024-11-20 10:58:12,775 - INFO - ===================================================================================
2024-11-20 10:58:25,665 - INFO - Epoch [101/500]
Action Validation Loss: 0.0210 
 Goal Validation Loss: 8.8635 
 MIE Validation Loss: 0.0000 
 MSE R Validation Loss: 8.7488 
 BCE G Validation Loss: 0.1147
2024-11-20 10:58:25,665 - INFO - ===================================================================================
2024-11-20 10:58:25,665 - INFO - Completed in 0h 41m
2024-11-20 10:58:29,410 - INFO - Epoch [102/500], Batch [0/8]
 Dt Loss: 0.0239
 Goal Loss: 2.7329, MIE Loss: 0.0000
 MSE Loss R: 2.6321, BCE Loss G: 0.1008
2024-11-20 10:58:36,955 - INFO - Epoch [102/500] completed. Average Goal Loss: 7.1035
2024-11-20 10:58:36,956 - INFO - Epoch [102/500] completed. Average Action Loss: 0.0229
2024-11-20 10:58:36,956 - INFO - ===================================================================================
2024-11-20 10:58:49,320 - INFO - Epoch [102/500]
Action Validation Loss: 0.0208 
 Goal Validation Loss: 13.2040 
 MIE Validation Loss: 0.0000 
 MSE R Validation Loss: 13.0898 
 BCE G Validation Loss: 0.1142
2024-11-20 10:58:49,321 - INFO - ===================================================================================
2024-11-20 10:58:49,321 - INFO - Completed in 0h 41m
2024-11-20 10:58:52,766 - INFO - Epoch [103/500], Batch [0/8]
 Dt Loss: 0.0230
 Goal Loss: 1.3742, MIE Loss: 0.0000
 MSE Loss R: 1.2761, BCE Loss G: 0.0981
