2024-11-20 13:49:06,671 - INFO - Starting.
2024-11-20 13:49:06,671 - INFO - Loading Data.
2024-11-20 13:49:18,484 - INFO - Data loaded in 0.0 hours 0.0 minutes.
2024-11-20 13:49:18,495 - INFO - Training Started.
2024-11-20 13:49:25,415 - INFO - Epoch [1/500], Batch [0/4]
 Dt Loss: 0.0855
 Goal Loss: 65.3385, MIE Loss: 64.4625
 MSE Loss R: 0.1431, BCE Loss G: 0.7329
2024-11-20 13:49:31,919 - INFO - Epoch [1/500] completed. Average Goal Loss: 61.1986
2024-11-20 13:49:31,919 - INFO - Epoch [1/500] completed. Average Action Loss: 0.0855
2024-11-20 13:49:31,920 - INFO - ===================================================================================
2024-11-20 13:49:46,444 - INFO - Epoch [1/500]
Action Validation Loss: 0.0851 
 Goal Validation Loss: 55.4451 
 MIE Validation Loss: 54.6384 
 MSE R Validation Loss: 0.0761 
 BCE G Validation Loss: 0.7305
2024-11-20 13:49:46,445 - INFO - ===================================================================================
2024-11-20 13:49:46,445 - INFO - Completed in 0h 0m
2024-11-20 13:49:55,771 - INFO - Epoch [2/500], Batch [0/4]
 Dt Loss: 0.0853
 Goal Loss: 53.0196, MIE Loss: 52.1268
 MSE Loss R: 0.1617, BCE Loss G: 0.7310
2024-11-20 13:50:01,934 - INFO - Epoch [2/500] completed. Average Goal Loss: 44.5043
2024-11-20 13:50:01,935 - INFO - Epoch [2/500] completed. Average Action Loss: 0.0850
2024-11-20 13:50:01,935 - INFO - ===================================================================================
2024-11-20 13:50:17,545 - INFO - Epoch [2/500]
Action Validation Loss: 0.0842 
 Goal Validation Loss: 34.1544 
 MIE Validation Loss: 33.3539 
 MSE R Validation Loss: 0.0744 
 BCE G Validation Loss: 0.7261
2024-11-20 13:50:17,545 - INFO - ===================================================================================
2024-11-20 13:50:17,545 - INFO - Completed in 0h 0m
2024-11-20 13:50:23,032 - INFO - Epoch [3/500], Batch [0/4]
 Dt Loss: 0.0844
 Goal Loss: 32.6731, MIE Loss: 31.6789
 MSE Loss R: 0.2679, BCE Loss G: 0.7263
2024-11-20 13:50:28,986 - INFO - Epoch [3/500] completed. Average Goal Loss: 23.2825
2024-11-20 13:50:28,986 - INFO - Epoch [3/500] completed. Average Action Loss: 0.0841
2024-11-20 13:50:28,987 - INFO - ===================================================================================
2024-11-20 13:50:44,705 - INFO - Epoch [3/500]
Action Validation Loss: 0.0828 
 Goal Validation Loss: 14.5185 
 MIE Validation Loss: 13.7270 
 MSE R Validation Loss: 0.0730 
 BCE G Validation Loss: 0.7185
2024-11-20 13:50:44,705 - INFO - ===================================================================================
2024-11-20 13:50:44,705 - INFO - Completed in 0h 1m
2024-11-20 13:50:50,437 - INFO - Epoch [4/500], Batch [0/4]
 Dt Loss: 0.0835
 Goal Loss: 11.6869, MIE Loss: 10.9691
 MSE Loss R: 0.0011, BCE Loss G: 0.7167
2024-11-20 13:50:56,286 - INFO - Epoch [4/500] completed. Average Goal Loss: 8.2172
2024-11-20 13:50:56,286 - INFO - Epoch [4/500] completed. Average Action Loss: 0.0830
2024-11-20 13:50:56,286 - INFO - ===================================================================================
2024-11-20 13:51:10,938 - INFO - Epoch [4/500]
Action Validation Loss: 0.0816 
 Goal Validation Loss: 5.0659 
 MIE Validation Loss: 4.2874 
 MSE R Validation Loss: 0.0718 
 BCE G Validation Loss: 0.7066
2024-11-20 13:51:10,939 - INFO - ===================================================================================
2024-11-20 13:51:10,939 - INFO - Completed in 0h 1m
2024-11-20 13:51:16,597 - INFO - Epoch [5/500], Batch [0/4]
 Dt Loss: 0.0824
 Goal Loss: 3.4202, MIE Loss: 2.7162
 MSE Loss R: 0.0012, BCE Loss G: 0.7028
2024-11-20 13:51:22,387 - INFO - Epoch [5/500] completed. Average Goal Loss: 2.8480
2024-11-20 13:51:22,388 - INFO - Epoch [5/500] completed. Average Action Loss: 0.0819
2024-11-20 13:51:22,388 - INFO - ===================================================================================
2024-11-20 13:51:37,137 - INFO - Epoch [5/500]
Action Validation Loss: 0.0802 
 Goal Validation Loss: 1.7723 
 MIE Validation Loss: 1.0199 
 MSE R Validation Loss: 0.0681 
 BCE G Validation Loss: 0.6843
2024-11-20 13:51:37,138 - INFO - ===================================================================================
2024-11-20 13:51:37,138 - INFO - Completed in 0h 2m
2024-11-20 13:51:44,186 - INFO - Epoch [6/500], Batch [0/4]
 Dt Loss: 0.0812
 Goal Loss: 2.8241, MIE Loss: 1.8956
 MSE Loss R: 0.2470, BCE Loss G: 0.6815
2024-11-20 13:51:50,143 - INFO - Epoch [6/500] completed. Average Goal Loss: 1.8931
2024-11-20 13:51:50,143 - INFO - Epoch [6/500] completed. Average Action Loss: 0.0807
2024-11-20 13:51:50,144 - INFO - ===================================================================================
2024-11-20 13:52:05,469 - INFO - Epoch [6/500]
Action Validation Loss: 0.0790 
 Goal Validation Loss: 1.1192 
 MIE Validation Loss: 0.3984 
 MSE R Validation Loss: 0.0623 
 BCE G Validation Loss: 0.6585
2024-11-20 13:52:05,469 - INFO - ===================================================================================
2024-11-20 13:52:05,470 - INFO - Completed in 0h 2m
2024-11-20 13:52:12,497 - INFO - Epoch [7/500], Batch [0/4]
 Dt Loss: 0.0800
 Goal Loss: 1.2686, MIE Loss: 0.5227
 MSE Loss R: 0.0915, BCE Loss G: 0.6544
2024-11-20 13:52:18,282 - INFO - Epoch [7/500] completed. Average Goal Loss: 1.0044
2024-11-20 13:52:18,282 - INFO - Epoch [7/500] completed. Average Action Loss: 0.0794
2024-11-20 13:52:18,283 - INFO - ===================================================================================
2024-11-20 13:52:33,933 - INFO - Epoch [7/500]
Action Validation Loss: 0.0776 
 Goal Validation Loss: 0.9412 
 MIE Validation Loss: 0.2571 
 MSE R Validation Loss: 0.0612 
 BCE G Validation Loss: 0.6229
2024-11-20 13:52:33,934 - INFO - ===================================================================================
2024-11-20 13:52:33,934 - INFO - Completed in 0h 3m
2024-11-20 13:52:40,741 - INFO - Epoch [8/500], Batch [0/4]
 Dt Loss: 0.0784
 Goal Loss: 0.8098, MIE Loss: 0.1882
 MSE Loss R: 0.0044, BCE Loss G: 0.6171
2024-11-20 13:52:46,913 - INFO - Epoch [8/500] completed. Average Goal Loss: 0.7784
2024-11-20 13:52:46,913 - INFO - Epoch [8/500] completed. Average Action Loss: 0.0778
2024-11-20 13:52:46,913 - INFO - ===================================================================================
2024-11-20 13:53:01,244 - INFO - Epoch [8/500]
Action Validation Loss: 0.0756 
 Goal Validation Loss: 0.7943 
 MIE Validation Loss: 0.1558 
 MSE R Validation Loss: 0.0607 
 BCE G Validation Loss: 0.5779
2024-11-20 13:53:01,244 - INFO - ===================================================================================
2024-11-20 13:53:01,245 - INFO - Completed in 0h 3m
2024-11-20 13:53:06,737 - INFO - Epoch [9/500], Batch [0/4]
 Dt Loss: 0.0768
 Goal Loss: 0.7612, MIE Loss: 0.1720
 MSE Loss R: 0.0177, BCE Loss G: 0.5715
2024-11-20 13:53:12,734 - INFO - Epoch [9/500] completed. Average Goal Loss: 0.8244
2024-11-20 13:53:12,735 - INFO - Epoch [9/500] completed. Average Action Loss: 0.0761
2024-11-20 13:53:12,735 - INFO - ===================================================================================
2024-11-20 13:53:27,110 - INFO - Epoch [9/500]
Action Validation Loss: 0.0737 
 Goal Validation Loss: 0.8131 
 MIE Validation Loss: 0.2301 
 MSE R Validation Loss: 0.0581 
 BCE G Validation Loss: 0.5248
2024-11-20 13:53:27,110 - INFO - ===================================================================================
2024-11-20 13:53:27,110 - INFO - Completed in 0h 4m
2024-11-20 13:53:32,543 - INFO - Epoch [10/500], Batch [0/4]
 Dt Loss: 0.0747
 Goal Loss: 0.6402, MIE Loss: 0.1197
 MSE Loss R: 0.0042, BCE Loss G: 0.5163
2024-11-20 13:53:38,288 - INFO - Epoch [10/500] completed. Average Goal Loss: 0.6395
2024-11-20 13:53:38,289 - INFO - Epoch [10/500] completed. Average Action Loss: 0.0734
2024-11-20 13:53:38,289 - INFO - ===================================================================================
2024-11-20 13:53:52,456 - INFO - Epoch [10/500]
Action Validation Loss: 0.0700 
 Goal Validation Loss: 0.6595 
 MIE Validation Loss: 0.1373 
 MSE R Validation Loss: 0.0571 
 BCE G Validation Loss: 0.4651
2024-11-20 13:53:52,456 - INFO - ===================================================================================
2024-11-20 13:53:52,456 - INFO - Completed in 0h 4m
2024-11-20 13:53:57,959 - INFO - Epoch [11/500], Batch [0/4]
 Dt Loss: 0.0711
 Goal Loss: 0.6496, MIE Loss: 0.1387
 MSE Loss R: 0.0528, BCE Loss G: 0.4582
2024-11-20 13:54:04,123 - INFO - Epoch [11/500] completed. Average Goal Loss: 0.5714
2024-11-20 13:54:04,123 - INFO - Epoch [11/500] completed. Average Action Loss: 0.0691
2024-11-20 13:54:04,123 - INFO - ===================================================================================
2024-11-20 13:54:19,557 - INFO - Epoch [11/500]
Action Validation Loss: 0.0638 
 Goal Validation Loss: 0.5420 
 MIE Validation Loss: 0.0845 
 MSE R Validation Loss: 0.0546 
 BCE G Validation Loss: 0.4029
2024-11-20 13:54:19,558 - INFO - ===================================================================================
2024-11-20 13:54:19,559 - INFO - Completed in 0h 5m
2024-11-20 13:54:25,168 - INFO - Epoch [12/500], Batch [0/4]
 Dt Loss: 0.0650
 Goal Loss: 0.4756, MIE Loss: 0.0686
 MSE Loss R: 0.0129, BCE Loss G: 0.3941
2024-11-20 13:54:31,096 - INFO - Epoch [12/500] completed. Average Goal Loss: 0.4856
2024-11-20 13:54:31,096 - INFO - Epoch [12/500] completed. Average Action Loss: 0.0629
2024-11-20 13:54:31,096 - INFO - ===================================================================================
2024-11-20 13:54:46,984 - INFO - Epoch [12/500]
Action Validation Loss: 0.0572 
 Goal Validation Loss: 0.4731 
 MIE Validation Loss: 0.0788 
 MSE R Validation Loss: 0.0521 
 BCE G Validation Loss: 0.3422
2024-11-20 13:54:46,984 - INFO - ===================================================================================
2024-11-20 13:54:46,985 - INFO - Completed in 0h 5m
2024-11-20 13:54:54,033 - INFO - Epoch [13/500], Batch [0/4]
 Dt Loss: 0.0584
 Goal Loss: 0.5696, MIE Loss: 0.1161
 MSE Loss R: 0.1136, BCE Loss G: 0.3399
2024-11-20 13:55:00,222 - INFO - Epoch [13/500] completed. Average Goal Loss: 0.4110
2024-11-20 13:55:00,222 - INFO - Epoch [13/500] completed. Average Action Loss: 0.0561
2024-11-20 13:55:00,222 - INFO - ===================================================================================
2024-11-20 13:55:15,573 - INFO - Epoch [13/500]
Action Validation Loss: 0.0529 
 Goal Validation Loss: 0.3801 
 MIE Validation Loss: 0.0414 
 MSE R Validation Loss: 0.0504 
 BCE G Validation Loss: 0.2882
2024-11-20 13:55:15,573 - INFO - ===================================================================================
2024-11-20 13:55:15,574 - INFO - Completed in 0h 5m
2024-11-20 13:55:21,197 - INFO - Epoch [14/500], Batch [0/4]
 Dt Loss: 0.0533
 Goal Loss: 0.4546, MIE Loss: 0.0909
 MSE Loss R: 0.0766, BCE Loss G: 0.2871
2024-11-20 13:55:27,321 - INFO - Epoch [14/500] completed. Average Goal Loss: 0.4404
2024-11-20 13:55:27,321 - INFO - Epoch [14/500] completed. Average Action Loss: 0.0523
2024-11-20 13:55:27,321 - INFO - ===================================================================================
2024-11-20 13:55:42,583 - INFO - Epoch [14/500]
Action Validation Loss: 0.0503 
 Goal Validation Loss: 0.3309 
 MIE Validation Loss: 0.0367 
 MSE R Validation Loss: 0.0468 
 BCE G Validation Loss: 0.2474
2024-11-20 13:55:42,584 - INFO - ===================================================================================
2024-11-20 13:55:42,584 - INFO - Completed in 0h 6m
2024-11-20 13:55:48,669 - INFO - Epoch [15/500], Batch [0/4]
 Dt Loss: 0.0509
 Goal Loss: 0.3225, MIE Loss: 0.0537
 MSE Loss R: 0.0252, BCE Loss G: 0.2436
2024-11-20 13:55:55,017 - INFO - Epoch [15/500] completed. Average Goal Loss: 0.2833
2024-11-20 13:55:55,018 - INFO - Epoch [15/500] completed. Average Action Loss: 0.0500
2024-11-20 13:55:55,018 - INFO - ===================================================================================
2024-11-20 13:56:09,371 - INFO - Epoch [15/500]
Action Validation Loss: 0.0471 
 Goal Validation Loss: 0.2895 
 MIE Validation Loss: 0.0274 
 MSE R Validation Loss: 0.0470 
 BCE G Validation Loss: 0.2151
2024-11-20 13:56:09,372 - INFO - ===================================================================================
2024-11-20 13:56:09,372 - INFO - Completed in 0h 6m
2024-11-20 13:56:14,955 - INFO - Epoch [16/500], Batch [0/4]
 Dt Loss: 0.0482
 Goal Loss: 0.2527, MIE Loss: 0.0302
 MSE Loss R: 0.0124, BCE Loss G: 0.2101
2024-11-20 13:56:21,225 - INFO - Epoch [16/500] completed. Average Goal Loss: 0.2700
2024-11-20 13:56:21,226 - INFO - Epoch [16/500] completed. Average Action Loss: 0.0477
2024-11-20 13:56:21,226 - INFO - ===================================================================================
2024-11-20 13:56:35,933 - INFO - Epoch [16/500]
Action Validation Loss: 0.0452 
 Goal Validation Loss: 0.2624 
 MIE Validation Loss: 0.0246 
 MSE R Validation Loss: 0.0464 
 BCE G Validation Loss: 0.1915
2024-11-20 13:56:35,934 - INFO - ===================================================================================
2024-11-20 13:56:35,934 - INFO - Completed in 0h 7m
2024-11-20 13:56:41,937 - INFO - Epoch [17/500], Batch [0/4]
 Dt Loss: 0.0467
 Goal Loss: 0.2223, MIE Loss: 0.0243
 MSE Loss R: 0.0116, BCE Loss G: 0.1865
2024-11-20 13:56:47,843 - INFO - Epoch [17/500] completed. Average Goal Loss: 0.2093
2024-11-20 13:56:47,844 - INFO - Epoch [17/500] completed. Average Action Loss: 0.0458
2024-11-20 13:56:47,844 - INFO - ===================================================================================
2024-11-20 13:57:03,296 - INFO - Epoch [17/500]
Action Validation Loss: 0.0435 
 Goal Validation Loss: 0.2390 
 MIE Validation Loss: 0.0186 
 MSE R Validation Loss: 0.0471 
 BCE G Validation Loss: 0.1733
2024-11-20 13:57:03,296 - INFO - ===================================================================================
2024-11-20 13:57:03,297 - INFO - Completed in 0h 7m
2024-11-20 13:57:09,053 - INFO - Epoch [18/500], Batch [0/4]
 Dt Loss: 0.0450
 Goal Loss: 0.3268, MIE Loss: 0.0560
 MSE Loss R: 0.0893, BCE Loss G: 0.1815
2024-11-20 13:57:15,386 - INFO - Epoch [18/500] completed. Average Goal Loss: 0.2454
2024-11-20 13:57:15,387 - INFO - Epoch [18/500] completed. Average Action Loss: 0.0443
2024-11-20 13:57:15,387 - INFO - ===================================================================================
2024-11-20 13:57:29,952 - INFO - Epoch [18/500]
Action Validation Loss: 0.0416 
 Goal Validation Loss: 0.2240 
 MIE Validation Loss: 0.0178 
 MSE R Validation Loss: 0.0456 
 BCE G Validation Loss: 0.1606
2024-11-20 13:57:29,953 - INFO - ===================================================================================
2024-11-20 13:57:29,953 - INFO - Completed in 0h 8m
2024-11-20 13:57:35,457 - INFO - Epoch [19/500], Batch [0/4]
 Dt Loss: 0.0441
 Goal Loss: 0.1841, MIE Loss: 0.0164
 MSE Loss R: 0.0115, BCE Loss G: 0.1561
2024-11-20 13:57:41,567 - INFO - Epoch [19/500] completed. Average Goal Loss: 0.1905
2024-11-20 13:57:41,567 - INFO - Epoch [19/500] completed. Average Action Loss: 0.0433
2024-11-20 13:57:41,567 - INFO - ===================================================================================
2024-11-20 13:57:56,186 - INFO - Epoch [19/500]
Action Validation Loss: 0.0412 
 Goal Validation Loss: 0.2160 
 MIE Validation Loss: 0.0194 
 MSE R Validation Loss: 0.0459 
 BCE G Validation Loss: 0.1507
2024-11-20 13:57:56,186 - INFO - ===================================================================================
2024-11-20 13:57:56,187 - INFO - Completed in 0h 8m
2024-11-20 13:58:01,607 - INFO - Epoch [20/500], Batch [0/4]
 Dt Loss: 0.0424
 Goal Loss: 0.2075, MIE Loss: 0.0257
 MSE Loss R: 0.0300, BCE Loss G: 0.1517
2024-11-20 13:58:07,760 - INFO - Epoch [20/500] completed. Average Goal Loss: 0.2075
2024-11-20 13:58:07,760 - INFO - Epoch [20/500] completed. Average Action Loss: 0.0418
2024-11-20 13:58:07,760 - INFO - ===================================================================================
2024-11-20 13:58:22,364 - INFO - Epoch [20/500]
Action Validation Loss: 0.0401 
 Goal Validation Loss: 0.2035 
 MIE Validation Loss: 0.0155 
 MSE R Validation Loss: 0.0448 
 BCE G Validation Loss: 0.1432
2024-11-20 13:58:22,364 - INFO - ===================================================================================
2024-11-20 13:58:22,365 - INFO - Completed in 0h 9m
2024-11-20 13:59:01,987 - INFO - 20 Test Returns: 45.0
2024-11-20 13:59:02,017 - INFO - Model checkpoint saved at training_output/20241120_134904/models/epoch_20.pth
2024-11-20 13:59:07,554 - INFO - Epoch [21/500], Batch [0/4]
 Dt Loss: 0.0414
 Goal Loss: 0.1632, MIE Loss: 0.0127
 MSE Loss R: 0.0128, BCE Loss G: 0.1377
2024-11-20 13:59:13,741 - INFO - Epoch [21/500] completed. Average Goal Loss: 0.2864
2024-11-20 13:59:13,741 - INFO - Epoch [21/500] completed. Average Action Loss: 0.0413
2024-11-20 13:59:13,741 - INFO - ===================================================================================
2024-11-20 13:59:29,894 - INFO - Epoch [21/500]
Action Validation Loss: 0.0390 
 Goal Validation Loss: 0.2205 
 MIE Validation Loss: 0.0386 
 MSE R Validation Loss: 0.0440 
 BCE G Validation Loss: 0.1379
2024-11-20 13:59:29,894 - INFO - ===================================================================================
2024-11-20 13:59:29,895 - INFO - Completed in 0h 10m
2024-11-20 13:59:35,537 - INFO - Epoch [22/500], Batch [0/4]
 Dt Loss: 0.0407
 Goal Loss: 0.1616, MIE Loss: 0.0129
 MSE Loss R: 0.0172, BCE Loss G: 0.1315
2024-11-20 13:59:41,546 - INFO - Epoch [22/500] completed. Average Goal Loss: 0.1575
2024-11-20 13:59:41,547 - INFO - Epoch [22/500] completed. Average Action Loss: 0.0404
2024-11-20 13:59:41,547 - INFO - ===================================================================================
2024-11-20 13:59:57,467 - INFO - Epoch [22/500]
Action Validation Loss: 0.0381 
 Goal Validation Loss: 0.1870 
 MIE Validation Loss: 0.0095 
 MSE R Validation Loss: 0.0444 
 BCE G Validation Loss: 0.1331
2024-11-20 13:59:57,467 - INFO - ===================================================================================
2024-11-20 13:59:57,468 - INFO - Completed in 0h 10m
2024-11-20 14:00:03,077 - INFO - Epoch [23/500], Batch [0/4]
 Dt Loss: 0.0400
 Goal Loss: 0.1595, MIE Loss: 0.0156
 MSE Loss R: 0.0136, BCE Loss G: 0.1303
2024-11-20 14:00:08,958 - INFO - Epoch [23/500] completed. Average Goal Loss: 0.1502
2024-11-20 14:00:08,958 - INFO - Epoch [23/500] completed. Average Action Loss: 0.0394
2024-11-20 14:00:08,958 - INFO - ===================================================================================
2024-11-20 14:00:24,897 - INFO - Epoch [23/500]
Action Validation Loss: 0.0373 
 Goal Validation Loss: 0.1840 
 MIE Validation Loss: 0.0095 
 MSE R Validation Loss: 0.0450 
 BCE G Validation Loss: 0.1295
2024-11-20 14:00:24,897 - INFO - ===================================================================================
2024-11-20 14:00:24,898 - INFO - Completed in 0h 11m
2024-11-20 14:00:30,608 - INFO - Epoch [24/500], Batch [0/4]
 Dt Loss: 0.0394
 Goal Loss: 0.2142, MIE Loss: 0.0250
 MSE Loss R: 0.0521, BCE Loss G: 0.1370
2024-11-20 14:00:36,923 - INFO - Epoch [24/500] completed. Average Goal Loss: 0.2651
2024-11-20 14:00:36,923 - INFO - Epoch [24/500] completed. Average Action Loss: 0.0384
2024-11-20 14:00:36,923 - INFO - ===================================================================================
2024-11-20 14:00:51,513 - INFO - Epoch [24/500]
Action Validation Loss: 0.0361 
 Goal Validation Loss: 0.1992 
 MIE Validation Loss: 0.0281 
 MSE R Validation Loss: 0.0439 
 BCE G Validation Loss: 0.1272
2024-11-20 14:00:51,514 - INFO - ===================================================================================
2024-11-20 14:00:51,514 - INFO - Completed in 0h 11m
2024-11-20 14:00:56,719 - INFO - Epoch [25/500], Batch [0/4]
 Dt Loss: 0.0388
 Goal Loss: 0.1478, MIE Loss: 0.0094
 MSE Loss R: 0.0173, BCE Loss G: 0.1211
2024-11-20 14:01:02,551 - INFO - Epoch [25/500] completed. Average Goal Loss: 0.1924
2024-11-20 14:01:02,551 - INFO - Epoch [25/500] completed. Average Action Loss: 0.0377
2024-11-20 14:01:02,551 - INFO - ===================================================================================
2024-11-20 14:01:17,030 - INFO - Epoch [25/500]
Action Validation Loss: 0.0354 
 Goal Validation Loss: 0.1778 
 MIE Validation Loss: 0.0090 
 MSE R Validation Loss: 0.0438 
 BCE G Validation Loss: 0.1250
2024-11-20 14:01:17,030 - INFO - ===================================================================================
2024-11-20 14:01:17,031 - INFO - Completed in 0h 11m
2024-11-20 14:01:22,867 - INFO - Epoch [26/500], Batch [0/4]
 Dt Loss: 0.0370
 Goal Loss: 0.2051, MIE Loss: 0.0184
 MSE Loss R: 0.0514, BCE Loss G: 0.1353
2024-11-20 14:01:28,812 - INFO - Epoch [26/500] completed. Average Goal Loss: 0.1658
2024-11-20 14:01:28,812 - INFO - Epoch [26/500] completed. Average Action Loss: 0.0367
2024-11-20 14:01:28,812 - INFO - ===================================================================================
2024-11-20 14:01:44,241 - INFO - Epoch [26/500]
Action Validation Loss: 0.0342 
 Goal Validation Loss: 0.1777 
 MIE Validation Loss: 0.0108 
 MSE R Validation Loss: 0.0439 
 BCE G Validation Loss: 0.1230
2024-11-20 14:01:44,241 - INFO - ===================================================================================
2024-11-20 14:01:44,242 - INFO - Completed in 0h 12m
2024-11-20 14:01:49,764 - INFO - Epoch [27/500], Batch [0/4]
 Dt Loss: 0.0369
 Goal Loss: 0.1992, MIE Loss: 0.0163
 MSE Loss R: 0.0494, BCE Loss G: 0.1335
2024-11-20 14:01:55,862 - INFO - Epoch [27/500] completed. Average Goal Loss: 0.1986
2024-11-20 14:01:55,863 - INFO - Epoch [27/500] completed. Average Action Loss: 0.0366
2024-11-20 14:01:55,863 - INFO - ===================================================================================
2024-11-20 14:02:11,015 - INFO - Epoch [27/500]
Action Validation Loss: 0.0337 
 Goal Validation Loss: 0.1714 
 MIE Validation Loss: 0.0059 
 MSE R Validation Loss: 0.0438 
 BCE G Validation Loss: 0.1216
2024-11-20 14:02:11,016 - INFO - ===================================================================================
2024-11-20 14:02:11,016 - INFO - Completed in 0h 12m
2024-11-20 14:02:16,489 - INFO - Epoch [28/500], Batch [0/4]
 Dt Loss: 0.0359
 Goal Loss: 0.1393, MIE Loss: 0.0062
 MSE Loss R: 0.0179, BCE Loss G: 0.1152
2024-11-20 14:02:22,224 - INFO - Epoch [28/500] completed. Average Goal Loss: 0.1408
2024-11-20 14:02:22,224 - INFO - Epoch [28/500] completed. Average Action Loss: 0.0359
2024-11-20 14:02:22,224 - INFO - ===================================================================================
2024-11-20 14:02:36,384 - INFO - Epoch [28/500]
Action Validation Loss: 0.0335 
 Goal Validation Loss: 0.1693 
 MIE Validation Loss: 0.0052 
 MSE R Validation Loss: 0.0439 
 BCE G Validation Loss: 0.1202
2024-11-20 14:02:36,385 - INFO - ===================================================================================
2024-11-20 14:02:36,385 - INFO - Completed in 0h 13m
2024-11-20 14:02:41,690 - INFO - Epoch [29/500], Batch [0/4]
 Dt Loss: 0.0356
 Goal Loss: 0.1381, MIE Loss: 0.0050
 MSE Loss R: 0.0256, BCE Loss G: 0.1075
2024-11-20 14:02:47,749 - INFO - Epoch [29/500] completed. Average Goal Loss: 0.1844
2024-11-20 14:02:47,750 - INFO - Epoch [29/500] completed. Average Action Loss: 0.0356
2024-11-20 14:02:47,750 - INFO - ===================================================================================
2024-11-20 14:03:02,406 - INFO - Epoch [29/500]
Action Validation Loss: 0.0327 
 Goal Validation Loss: 0.1685 
 MIE Validation Loss: 0.0054 
 MSE R Validation Loss: 0.0439 
 BCE G Validation Loss: 0.1192
2024-11-20 14:03:02,406 - INFO - ===================================================================================
2024-11-20 14:03:02,407 - INFO - Completed in 0h 13m
2024-11-20 14:03:07,532 - INFO - Epoch [30/500], Batch [0/4]
 Dt Loss: 0.0351
 Goal Loss: 0.1384, MIE Loss: 0.0084
 MSE Loss R: 0.0142, BCE Loss G: 0.1158
2024-11-20 14:03:13,517 - INFO - Epoch [30/500] completed. Average Goal Loss: 0.1358
2024-11-20 14:03:13,517 - INFO - Epoch [30/500] completed. Average Action Loss: 0.0348
2024-11-20 14:03:13,517 - INFO - ===================================================================================
2024-11-20 14:03:28,117 - INFO - Epoch [30/500]
Action Validation Loss: 0.0325 
 Goal Validation Loss: 0.1672 
 MIE Validation Loss: 0.0048 
 MSE R Validation Loss: 0.0442 
 BCE G Validation Loss: 0.1182
2024-11-20 14:03:28,118 - INFO - ===================================================================================
2024-11-20 14:03:28,118 - INFO - Completed in 0h 14m
2024-11-20 14:03:34,083 - INFO - Epoch [31/500], Batch [0/4]
 Dt Loss: 0.0352
 Goal Loss: 0.3424, MIE Loss: 0.0178
 MSE Loss R: 0.1754, BCE Loss G: 0.1492
2024-11-20 14:03:40,083 - INFO - Epoch [31/500] completed. Average Goal Loss: 0.1970
2024-11-20 14:03:40,083 - INFO - Epoch [31/500] completed. Average Action Loss: 0.0350
2024-11-20 14:03:40,083 - INFO - ===================================================================================
2024-11-20 14:03:55,039 - INFO - Epoch [31/500]
Action Validation Loss: 0.0318 
 Goal Validation Loss: 0.1689 
 MIE Validation Loss: 0.0075 
 MSE R Validation Loss: 0.0439 
 BCE G Validation Loss: 0.1175
2024-11-20 14:03:55,039 - INFO - ===================================================================================
2024-11-20 14:03:55,040 - INFO - Completed in 0h 14m
2024-11-20 14:04:00,343 - INFO - Epoch [32/500], Batch [0/4]
 Dt Loss: 0.0339
 Goal Loss: 0.3454, MIE Loss: 0.0157
 MSE Loss R: 0.1817, BCE Loss G: 0.1479
2024-11-20 14:04:06,029 - INFO - Epoch [32/500] completed. Average Goal Loss: 0.1878
2024-11-20 14:04:06,029 - INFO - Epoch [32/500] completed. Average Action Loss: 0.0341
2024-11-20 14:04:06,029 - INFO - ===================================================================================
2024-11-20 14:04:20,113 - INFO - Epoch [32/500]
Action Validation Loss: 0.0314 
 Goal Validation Loss: 0.1648 
 MIE Validation Loss: 0.0041 
 MSE R Validation Loss: 0.0438 
 BCE G Validation Loss: 0.1169
2024-11-20 14:04:20,113 - INFO - ===================================================================================
2024-11-20 14:04:20,114 - INFO - Completed in 0h 15m
2024-11-20 14:04:25,500 - INFO - Epoch [33/500], Batch [0/4]
 Dt Loss: 0.0334
 Goal Loss: 0.2173, MIE Loss: 0.0123
 MSE Loss R: 0.0704, BCE Loss G: 0.1346
2024-11-20 14:04:31,171 - INFO - Epoch [33/500] completed. Average Goal Loss: 0.1638
2024-11-20 14:04:31,172 - INFO - Epoch [33/500] completed. Average Action Loss: 0.0339
2024-11-20 14:04:31,172 - INFO - ===================================================================================
2024-11-20 14:04:45,760 - INFO - Epoch [33/500]
Action Validation Loss: 0.0316 
 Goal Validation Loss: 0.1650 
 MIE Validation Loss: 0.0049 
 MSE R Validation Loss: 0.0438 
 BCE G Validation Loss: 0.1163
2024-11-20 14:04:45,761 - INFO - ===================================================================================
2024-11-20 14:04:45,761 - INFO - Completed in 0h 15m
2024-11-20 14:04:51,125 - INFO - Epoch [34/500], Batch [0/4]
 Dt Loss: 0.0334
 Goal Loss: 0.1346, MIE Loss: 0.0040
 MSE Loss R: 0.0290, BCE Loss G: 0.1016
2024-11-20 14:04:56,834 - INFO - Epoch [34/500] completed. Average Goal Loss: 0.1436
2024-11-20 14:04:56,834 - INFO - Epoch [34/500] completed. Average Action Loss: 0.0334
2024-11-20 14:04:56,834 - INFO - ===================================================================================
2024-11-20 14:05:11,354 - INFO - Epoch [34/500]
Action Validation Loss: 0.0309 
 Goal Validation Loss: 0.1636 
 MIE Validation Loss: 0.0040 
 MSE R Validation Loss: 0.0438 
 BCE G Validation Loss: 0.1158
2024-11-20 14:05:11,355 - INFO - ===================================================================================
2024-11-20 14:05:11,355 - INFO - Completed in 0h 15m
2024-11-20 14:05:16,935 - INFO - Epoch [35/500], Batch [0/4]
 Dt Loss: 0.0334
 Goal Loss: 0.1642, MIE Loss: 0.0076
 MSE Loss R: 0.0343, BCE Loss G: 0.1224
2024-11-20 14:05:22,749 - INFO - Epoch [35/500] completed. Average Goal Loss: 0.1399
2024-11-20 14:05:22,750 - INFO - Epoch [35/500] completed. Average Action Loss: 0.0332
2024-11-20 14:05:22,750 - INFO - ===================================================================================
2024-11-20 14:05:37,660 - INFO - Epoch [35/500]
Action Validation Loss: 0.0311 
 Goal Validation Loss: 0.1625 
 MIE Validation Loss: 0.0032 
 MSE R Validation Loss: 0.0439 
 BCE G Validation Loss: 0.1154
2024-11-20 14:05:37,661 - INFO - ===================================================================================
2024-11-20 14:05:37,661 - INFO - Completed in 0h 16m
2024-11-20 14:05:43,209 - INFO - Epoch [36/500], Batch [0/4]
 Dt Loss: 0.0328
 Goal Loss: 0.1964, MIE Loss: 0.0097
 MSE Loss R: 0.0567, BCE Loss G: 0.1299
2024-11-20 14:05:48,940 - INFO - Epoch [36/500] completed. Average Goal Loss: 0.2236
2024-11-20 14:05:48,940 - INFO - Epoch [36/500] completed. Average Action Loss: 0.0332
2024-11-20 14:05:48,940 - INFO - ===================================================================================
2024-11-20 14:06:04,294 - INFO - Epoch [36/500]
Action Validation Loss: 0.0300 
 Goal Validation Loss: 0.1665 
 MIE Validation Loss: 0.0074 
 MSE R Validation Loss: 0.0440 
 BCE G Validation Loss: 0.1152
2024-11-20 14:06:04,294 - INFO - ===================================================================================
2024-11-20 14:06:04,295 - INFO - Completed in 0h 16m
2024-11-20 14:06:09,438 - INFO - Epoch [37/500], Batch [0/4]
 Dt Loss: 0.0332
 Goal Loss: 0.1391, MIE Loss: 0.0034
 MSE Loss R: 0.0342, BCE Loss G: 0.1016
2024-11-20 14:06:15,201 - INFO - Epoch [37/500] completed. Average Goal Loss: 0.1345
2024-11-20 14:06:15,201 - INFO - Epoch [37/500] completed. Average Action Loss: 0.0331
2024-11-20 14:06:15,201 - INFO - ===================================================================================
2024-11-20 14:06:30,149 - INFO - Epoch [37/500]
Action Validation Loss: 0.0308 
 Goal Validation Loss: 0.1614 
 MIE Validation Loss: 0.0029 
 MSE R Validation Loss: 0.0438 
 BCE G Validation Loss: 0.1147
2024-11-20 14:06:30,149 - INFO - ===================================================================================
2024-11-20 14:06:30,150 - INFO - Completed in 0h 17m
2024-11-20 14:06:35,291 - INFO - Epoch [38/500], Batch [0/4]
 Dt Loss: 0.0326
 Goal Loss: 0.1275, MIE Loss: 0.0031
 MSE Loss R: 0.0176, BCE Loss G: 0.1068
2024-11-20 14:06:41,322 - INFO - Epoch [38/500] completed. Average Goal Loss: 0.1472
2024-11-20 14:06:41,322 - INFO - Epoch [38/500] completed. Average Action Loss: 0.0326
2024-11-20 14:06:41,322 - INFO - ===================================================================================
2024-11-20 14:06:55,927 - INFO - Epoch [38/500]
Action Validation Loss: 0.0303 
 Goal Validation Loss: 0.1645 
 MIE Validation Loss: 0.0063 
 MSE R Validation Loss: 0.0438 
 BCE G Validation Loss: 0.1144
2024-11-20 14:06:55,928 - INFO - ===================================================================================
2024-11-20 14:06:55,928 - INFO - Completed in 0h 17m
2024-11-20 14:07:01,258 - INFO - Epoch [39/500], Batch [0/4]
 Dt Loss: 0.0325
 Goal Loss: 0.1281, MIE Loss: 0.0034
 MSE Loss R: 0.0154, BCE Loss G: 0.1093
2024-11-20 14:07:07,021 - INFO - Epoch [39/500] completed. Average Goal Loss: 0.2193
2024-11-20 14:07:07,021 - INFO - Epoch [39/500] completed. Average Action Loss: 0.0324
2024-11-20 14:07:07,022 - INFO - ===================================================================================
2024-11-20 14:07:21,682 - INFO - Epoch [39/500]
Action Validation Loss: 0.0295 
 Goal Validation Loss: 0.1680 
 MIE Validation Loss: 0.0099 
 MSE R Validation Loss: 0.0439 
 BCE G Validation Loss: 0.1142
2024-11-20 14:07:21,683 - INFO - ===================================================================================
2024-11-20 14:07:21,684 - INFO - Completed in 0h 18m
2024-11-20 14:07:26,968 - INFO - Epoch [40/500], Batch [0/4]
 Dt Loss: 0.0323
 Goal Loss: 0.1334, MIE Loss: 0.0026
 MSE Loss R: 0.0265, BCE Loss G: 0.1044
2024-11-20 14:07:33,036 - INFO - Epoch [40/500] completed. Average Goal Loss: 0.1325
2024-11-20 14:07:33,037 - INFO - Epoch [40/500] completed. Average Action Loss: 0.0325
2024-11-20 14:07:33,037 - INFO - ===================================================================================
2024-11-20 14:07:47,485 - INFO - Epoch [40/500]
Action Validation Loss: 0.0301 
 Goal Validation Loss: 0.1609 
 MIE Validation Loss: 0.0032 
 MSE R Validation Loss: 0.0438 
 BCE G Validation Loss: 0.1139
2024-11-20 14:07:47,485 - INFO - ===================================================================================
2024-11-20 14:07:47,486 - INFO - Completed in 0h 18m
2024-11-20 14:08:25,421 - INFO - 40 Test Returns: 51.0
2024-11-20 14:08:25,459 - INFO - Model checkpoint saved at training_output/20241120_134904/models/epoch_40.pth
2024-11-20 14:08:30,640 - INFO - Epoch [41/500], Batch [0/4]
 Dt Loss: 0.0324
 Goal Loss: 0.1326, MIE Loss: 0.0039
 MSE Loss R: 0.0157, BCE Loss G: 0.1130
2024-11-20 14:08:36,794 - INFO - Epoch [41/500] completed. Average Goal Loss: 0.1806
2024-11-20 14:08:36,795 - INFO - Epoch [41/500] completed. Average Action Loss: 0.0323
2024-11-20 14:08:36,795 - INFO - ===================================================================================
2024-11-20 14:08:50,894 - INFO - Epoch [41/500]
Action Validation Loss: 0.0303 
 Goal Validation Loss: 0.1599 
 MIE Validation Loss: 0.0024 
 MSE R Validation Loss: 0.0438 
 BCE G Validation Loss: 0.1137
2024-11-20 14:08:50,894 - INFO - ===================================================================================
2024-11-20 14:08:50,894 - INFO - Completed in 0h 19m
2024-11-20 14:08:55,965 - INFO - Epoch [42/500], Batch [0/4]
 Dt Loss: 0.0317
 Goal Loss: 0.1275, MIE Loss: 0.0020
 MSE Loss R: 0.0208, BCE Loss G: 0.1046
2024-11-20 14:09:01,761 - INFO - Epoch [42/500] completed. Average Goal Loss: 0.1559
2024-11-20 14:09:01,762 - INFO - Epoch [42/500] completed. Average Action Loss: 0.0320
2024-11-20 14:09:01,762 - INFO - ===================================================================================
2024-11-20 14:09:15,595 - INFO - Epoch [42/500]
Action Validation Loss: 0.0297 
 Goal Validation Loss: 0.1637 
 MIE Validation Loss: 0.0064 
 MSE R Validation Loss: 0.0438 
 BCE G Validation Loss: 0.1135
2024-11-20 14:09:15,596 - INFO - ===================================================================================
2024-11-20 14:09:15,596 - INFO - Completed in 0h 19m
2024-11-20 14:09:20,778 - INFO - Epoch [43/500], Batch [0/4]
 Dt Loss: 0.0317
 Goal Loss: 0.1264, MIE Loss: 0.0020
 MSE Loss R: 0.0206, BCE Loss G: 0.1038
2024-11-20 14:09:26,602 - INFO - Epoch [43/500] completed. Average Goal Loss: 0.1561
2024-11-20 14:09:26,603 - INFO - Epoch [43/500] completed. Average Action Loss: 0.0313
2024-11-20 14:09:26,603 - INFO - ===================================================================================
2024-11-20 14:09:40,802 - INFO - Epoch [43/500]
Action Validation Loss: 0.0290 
 Goal Validation Loss: 0.1613 
 MIE Validation Loss: 0.0041 
 MSE R Validation Loss: 0.0438 
 BCE G Validation Loss: 0.1133
2024-11-20 14:09:40,803 - INFO - ===================================================================================
2024-11-20 14:09:40,803 - INFO - Completed in 0h 20m
2024-11-20 14:09:45,961 - INFO - Epoch [44/500], Batch [0/4]
 Dt Loss: 0.0318
 Goal Loss: 0.1493, MIE Loss: 0.0040
 MSE Loss R: 0.0269, BCE Loss G: 0.1183
2024-11-20 14:09:51,813 - INFO - Epoch [44/500] completed. Average Goal Loss: 0.1900
2024-11-20 14:09:51,813 - INFO - Epoch [44/500] completed. Average Action Loss: 0.0315
2024-11-20 14:09:51,813 - INFO - ===================================================================================
2024-11-20 14:10:06,139 - INFO - Epoch [44/500]
Action Validation Loss: 0.0295 
 Goal Validation Loss: 0.1641 
 MIE Validation Loss: 0.0069 
 MSE R Validation Loss: 0.0440 
 BCE G Validation Loss: 0.1132
2024-11-20 14:10:06,139 - INFO - ===================================================================================
2024-11-20 14:10:06,140 - INFO - Completed in 0h 20m
2024-11-20 14:10:11,776 - INFO - Epoch [45/500], Batch [0/4]
 Dt Loss: 0.0309
 Goal Loss: 0.1329, MIE Loss: 0.0019
 MSE Loss R: 0.0281, BCE Loss G: 0.1029
2024-11-20 14:10:18,701 - INFO - Epoch [45/500] completed. Average Goal Loss: 0.1700
2024-11-20 14:10:18,702 - INFO - Epoch [45/500] completed. Average Action Loss: 0.0312
2024-11-20 14:10:18,702 - INFO - ===================================================================================
2024-11-20 14:10:32,886 - INFO - Epoch [45/500]
Action Validation Loss: 0.0285 
 Goal Validation Loss: 0.1624 
 MIE Validation Loss: 0.0055 
 MSE R Validation Loss: 0.0439 
 BCE G Validation Loss: 0.1130
2024-11-20 14:10:32,887 - INFO - ===================================================================================
2024-11-20 14:10:32,887 - INFO - Completed in 0h 21m
2024-11-20 14:10:38,262 - INFO - Epoch [46/500], Batch [0/4]
 Dt Loss: 0.0315
 Goal Loss: 0.2519, MIE Loss: 0.0057
 MSE Loss R: 0.1065, BCE Loss G: 0.1397
2024-11-20 14:10:43,782 - INFO - Epoch [46/500] completed. Average Goal Loss: 0.1656
2024-11-20 14:10:43,783 - INFO - Epoch [46/500] completed. Average Action Loss: 0.0312
2024-11-20 14:10:43,783 - INFO - ===================================================================================
2024-11-20 14:10:58,126 - INFO - Epoch [46/500]
Action Validation Loss: 0.0286 
 Goal Validation Loss: 0.1586 
 MIE Validation Loss: 0.0016 
 MSE R Validation Loss: 0.0440 
 BCE G Validation Loss: 0.1129
2024-11-20 14:10:58,126 - INFO - ===================================================================================
2024-11-20 14:10:58,126 - INFO - Completed in 0h 21m
2024-11-20 14:11:03,573 - INFO - Epoch [47/500], Batch [0/4]
 Dt Loss: 0.0315
 Goal Loss: 0.1307, MIE Loss: 0.0014
 MSE Loss R: 0.0253, BCE Loss G: 0.1040
2024-11-20 14:11:09,728 - INFO - Epoch [47/500] completed. Average Goal Loss: 0.1277
2024-11-20 14:11:09,729 - INFO - Epoch [47/500] completed. Average Action Loss: 0.0311
2024-11-20 14:11:09,729 - INFO - ===================================================================================
2024-11-20 14:11:24,033 - INFO - Epoch [47/500]
Action Validation Loss: 0.0291 
 Goal Validation Loss: 0.1585 
 MIE Validation Loss: 0.0020 
 MSE R Validation Loss: 0.0438 
 BCE G Validation Loss: 0.1127
2024-11-20 14:11:24,033 - INFO - ===================================================================================
2024-11-20 14:11:24,034 - INFO - Completed in 0h 22m
2024-11-20 14:11:29,495 - INFO - Epoch [48/500], Batch [0/4]
 Dt Loss: 0.0309
 Goal Loss: 0.1249, MIE Loss: 0.0014
 MSE Loss R: 0.0190, BCE Loss G: 0.1045
2024-11-20 14:11:35,196 - INFO - Epoch [48/500] completed. Average Goal Loss: 0.1257
2024-11-20 14:11:35,196 - INFO - Epoch [48/500] completed. Average Action Loss: 0.0312
2024-11-20 14:11:35,196 - INFO - ===================================================================================
2024-11-20 14:11:50,472 - INFO - Epoch [48/500]
Action Validation Loss: 0.0283 
 Goal Validation Loss: 0.1580 
 MIE Validation Loss: 0.0014 
 MSE R Validation Loss: 0.0439 
 BCE G Validation Loss: 0.1126
2024-11-20 14:11:50,473 - INFO - ===================================================================================
2024-11-20 14:11:50,474 - INFO - Completed in 0h 22m
2024-11-20 14:11:55,878 - INFO - Epoch [49/500], Batch [0/4]
 Dt Loss: 0.0311
 Goal Loss: 0.1225, MIE Loss: 0.0017
 MSE Loss R: 0.0146, BCE Loss G: 0.1061
2024-11-20 14:12:01,663 - INFO - Epoch [49/500] completed. Average Goal Loss: 0.1474
2024-11-20 14:12:01,664 - INFO - Epoch [49/500] completed. Average Action Loss: 0.0309
2024-11-20 14:12:01,664 - INFO - ===================================================================================
2024-11-20 14:12:17,004 - INFO - Epoch [49/500]
Action Validation Loss: 0.0286 
 Goal Validation Loss: 0.1578 
 MIE Validation Loss: 0.0013 
 MSE R Validation Loss: 0.0440 
 BCE G Validation Loss: 0.1125
2024-11-20 14:12:17,004 - INFO - ===================================================================================
2024-11-20 14:12:17,005 - INFO - Completed in 0h 22m
2024-11-20 14:12:22,837 - INFO - Epoch [50/500], Batch [0/4]
 Dt Loss: 0.0314
 Goal Loss: 0.1211, MIE Loss: 0.0014
 MSE Loss R: 0.0146, BCE Loss G: 0.1051
2024-11-20 14:12:28,467 - INFO - Epoch [50/500] completed. Average Goal Loss: 0.1260
2024-11-20 14:12:28,467 - INFO - Epoch [50/500] completed. Average Action Loss: 0.0308
2024-11-20 14:12:28,467 - INFO - ===================================================================================
2024-11-20 14:12:43,745 - INFO - Epoch [50/500]
Action Validation Loss: 0.0282 
 Goal Validation Loss: 0.1580 
 MIE Validation Loss: 0.0013 
 MSE R Validation Loss: 0.0443 
 BCE G Validation Loss: 0.1124
2024-11-20 14:12:43,745 - INFO - ===================================================================================
2024-11-20 14:12:43,746 - INFO - Completed in 0h 23m
2024-11-20 14:12:49,197 - INFO - Epoch [51/500], Batch [0/4]
 Dt Loss: 0.0300
 Goal Loss: 0.1956, MIE Loss: 0.0040
 MSE Loss R: 0.0629, BCE Loss G: 0.1287
2024-11-20 14:12:54,959 - INFO - Epoch [51/500] completed. Average Goal Loss: 0.1504
2024-11-20 14:12:54,960 - INFO - Epoch [51/500] completed. Average Action Loss: 0.0305
2024-11-20 14:12:54,960 - INFO - ===================================================================================
2024-11-20 14:13:09,879 - INFO - Epoch [51/500]
Action Validation Loss: 0.0284 
 Goal Validation Loss: 0.1587 
 MIE Validation Loss: 0.0023 
 MSE R Validation Loss: 0.0441 
 BCE G Validation Loss: 0.1123
2024-11-20 14:13:09,880 - INFO - ===================================================================================
2024-11-20 14:13:09,880 - INFO - Completed in 0h 23m
2024-11-20 14:13:15,382 - INFO - Epoch [52/500], Batch [0/4]
 Dt Loss: 0.0313
 Goal Loss: 0.1207, MIE Loss: 0.0011
 MSE Loss R: 0.0186, BCE Loss G: 0.1011
2024-11-20 14:13:21,105 - INFO - Epoch [52/500] completed. Average Goal Loss: 0.1193
2024-11-20 14:13:21,105 - INFO - Epoch [52/500] completed. Average Action Loss: 0.0308
2024-11-20 14:13:21,105 - INFO - ===================================================================================
2024-11-20 14:13:35,131 - INFO - Epoch [52/500]
Action Validation Loss: 0.0284 
 Goal Validation Loss: 0.1582 
 MIE Validation Loss: 0.0011 
 MSE R Validation Loss: 0.0448 
 BCE G Validation Loss: 0.1123
2024-11-20 14:13:35,131 - INFO - ===================================================================================
2024-11-20 14:13:35,132 - INFO - Completed in 0h 24m
2024-11-20 14:13:40,528 - INFO - Epoch [53/500], Batch [0/4]
 Dt Loss: 0.0306
 Goal Loss: 0.1193, MIE Loss: 0.0016
 MSE Loss R: 0.0126, BCE Loss G: 0.1052
2024-11-20 14:13:46,743 - INFO - Epoch [53/500] completed. Average Goal Loss: 0.1614
2024-11-20 14:13:46,743 - INFO - Epoch [53/500] completed. Average Action Loss: 0.0307
2024-11-20 14:13:46,743 - INFO - ===================================================================================
2024-11-20 14:14:01,614 - INFO - Epoch [53/500]
Action Validation Loss: 0.0284 
 Goal Validation Loss: 0.1609 
 MIE Validation Loss: 0.0038 
 MSE R Validation Loss: 0.0448 
 BCE G Validation Loss: 0.1122
2024-11-20 14:14:01,614 - INFO - ===================================================================================
2024-11-20 14:14:01,615 - INFO - Completed in 0h 24m
2024-11-20 14:14:07,074 - INFO - Epoch [54/500], Batch [0/4]
 Dt Loss: 0.0301
 Goal Loss: 0.1464, MIE Loss: 0.0026
 MSE Loss R: 0.0277, BCE Loss G: 0.1161
2024-11-20 14:14:12,649 - INFO - Epoch [54/500] completed. Average Goal Loss: 0.1333
2024-11-20 14:14:12,650 - INFO - Epoch [54/500] completed. Average Action Loss: 0.0300
2024-11-20 14:14:12,650 - INFO - ===================================================================================
2024-11-20 14:14:27,245 - INFO - Epoch [54/500]
Action Validation Loss: 0.0272 
 Goal Validation Loss: 0.1587 
 MIE Validation Loss: 0.0019 
 MSE R Validation Loss: 0.0446 
 BCE G Validation Loss: 0.1121
2024-11-20 14:14:27,245 - INFO - ===================================================================================
2024-11-20 14:14:27,246 - INFO - Completed in 0h 25m
2024-11-20 14:14:32,812 - INFO - Epoch [55/500], Batch [0/4]
 Dt Loss: 0.0303
 Goal Loss: 0.1237, MIE Loss: 0.0016
 MSE Loss R: 0.0140, BCE Loss G: 0.1081
2024-11-20 14:14:38,275 - INFO - Epoch [55/500] completed. Average Goal Loss: 0.1183
2024-11-20 14:14:38,275 - INFO - Epoch [55/500] completed. Average Action Loss: 0.0303
2024-11-20 14:14:38,276 - INFO - ===================================================================================
2024-11-20 14:14:52,639 - INFO - Epoch [55/500]
Action Validation Loss: 0.0283 
 Goal Validation Loss: 0.1583 
 MIE Validation Loss: 0.0010 
 MSE R Validation Loss: 0.0452 
 BCE G Validation Loss: 0.1122
2024-11-20 14:14:52,639 - INFO - ===================================================================================
2024-11-20 14:14:52,640 - INFO - Completed in 0h 25m
2024-11-20 14:14:57,987 - INFO - Epoch [56/500], Batch [0/4]
 Dt Loss: 0.0301
 Goal Loss: 0.1203, MIE Loss: 0.0014
 MSE Loss R: 0.0124, BCE Loss G: 0.1064
2024-11-20 14:15:03,939 - INFO - Epoch [56/500] completed. Average Goal Loss: 0.1274
2024-11-20 14:15:03,940 - INFO - Epoch [56/500] completed. Average Action Loss: 0.0300
2024-11-20 14:15:03,940 - INFO - ===================================================================================
2024-11-20 14:15:18,470 - INFO - Epoch [56/500]
Action Validation Loss: 0.0279 
 Goal Validation Loss: 0.1585 
 MIE Validation Loss: 0.0011 
 MSE R Validation Loss: 0.0454 
 BCE G Validation Loss: 0.1121
2024-11-20 14:15:18,471 - INFO - ===================================================================================
2024-11-20 14:15:18,471 - INFO - Completed in 0h 25m
2024-11-20 14:15:23,947 - INFO - Epoch [57/500], Batch [0/4]
 Dt Loss: 0.0302
 Goal Loss: 0.1254, MIE Loss: 0.0016
 MSE Loss R: 0.0146, BCE Loss G: 0.1092
2024-11-20 14:15:29,656 - INFO - Epoch [57/500] completed. Average Goal Loss: 0.1271
2024-11-20 14:15:29,656 - INFO - Epoch [57/500] completed. Average Action Loss: 0.0296
2024-11-20 14:15:29,656 - INFO - ===================================================================================
2024-11-20 14:15:43,995 - INFO - Epoch [57/500]
Action Validation Loss: 0.0270 
 Goal Validation Loss: 0.1583 
 MIE Validation Loss: 0.0010 
 MSE R Validation Loss: 0.0453 
 BCE G Validation Loss: 0.1121
2024-11-20 14:15:43,995 - INFO - ===================================================================================
2024-11-20 14:15:43,996 - INFO - Completed in 0h 26m
2024-11-20 14:15:49,213 - INFO - Epoch [58/500], Batch [0/4]
 Dt Loss: 0.0290
 Goal Loss: 0.1419, MIE Loss: 0.0018
 MSE Loss R: 0.0258, BCE Loss G: 0.1143
2024-11-20 14:15:54,618 - INFO - Epoch [58/500] completed. Average Goal Loss: 0.1456
2024-11-20 14:15:54,618 - INFO - Epoch [58/500] completed. Average Action Loss: 0.0298
2024-11-20 14:15:54,618 - INFO - ===================================================================================
2024-11-20 14:16:08,866 - INFO - Epoch [58/500]
Action Validation Loss: 0.0279 
 Goal Validation Loss: 0.1594 
 MIE Validation Loss: 0.0024 
 MSE R Validation Loss: 0.0450 
 BCE G Validation Loss: 0.1120
2024-11-20 14:16:08,867 - INFO - ===================================================================================
2024-11-20 14:16:08,867 - INFO - Completed in 0h 26m
2024-11-20 14:16:14,672 - INFO - Epoch [59/500], Batch [0/4]
 Dt Loss: 0.0289
 Goal Loss: 0.1168, MIE Loss: 0.0009
 MSE Loss R: 0.0170, BCE Loss G: 0.0989
2024-11-20 14:16:20,868 - INFO - Epoch [59/500] completed. Average Goal Loss: 0.1372
2024-11-20 14:16:20,869 - INFO - Epoch [59/500] completed. Average Action Loss: 0.0292
2024-11-20 14:16:20,869 - INFO - ===================================================================================
2024-11-20 14:16:36,116 - INFO - Epoch [59/500]
Action Validation Loss: 0.0271 
 Goal Validation Loss: 0.1577 
 MIE Validation Loss: 0.0008 
 MSE R Validation Loss: 0.0450 
 BCE G Validation Loss: 0.1118
2024-11-20 14:16:36,116 - INFO - ===================================================================================
2024-11-20 14:16:36,116 - INFO - Completed in 0h 27m
2024-11-20 14:16:41,680 - INFO - Epoch [60/500], Batch [0/4]
 Dt Loss: 0.0290
 Goal Loss: 0.2768, MIE Loss: 0.0036
 MSE Loss R: 0.1310, BCE Loss G: 0.1422
2024-11-20 14:16:47,662 - INFO - Epoch [60/500] completed. Average Goal Loss: 0.1651
2024-11-20 14:16:47,662 - INFO - Epoch [60/500] completed. Average Action Loss: 0.0293
2024-11-20 14:16:47,663 - INFO - ===================================================================================
2024-11-20 14:17:02,308 - INFO - Epoch [60/500]
Action Validation Loss: 0.0274 
 Goal Validation Loss: 0.1579 
 MIE Validation Loss: 0.0014 
 MSE R Validation Loss: 0.0447 
 BCE G Validation Loss: 0.1117
2024-11-20 14:17:02,309 - INFO - ===================================================================================
2024-11-20 14:17:02,309 - INFO - Completed in 0h 27m
2024-11-20 14:17:39,135 - INFO - 60 Test Returns: 52.0
2024-11-20 14:17:39,164 - INFO - Model checkpoint saved at training_output/20241120_134904/models/epoch_60.pth
2024-11-20 14:17:44,541 - INFO - Epoch [61/500], Batch [0/4]
 Dt Loss: 0.0294
 Goal Loss: 0.1363, MIE Loss: 0.0015
 MSE Loss R: 0.0221, BCE Loss G: 0.1127
2024-11-20 14:17:50,125 - INFO - Epoch [61/500] completed. Average Goal Loss: 0.1227
2024-11-20 14:17:50,125 - INFO - Epoch [61/500] completed. Average Action Loss: 0.0293
2024-11-20 14:17:50,125 - INFO - ===================================================================================
2024-11-20 14:18:04,290 - INFO - Epoch [61/500]
Action Validation Loss: 0.0266 
 Goal Validation Loss: 0.1575 
 MIE Validation Loss: 0.0009 
 MSE R Validation Loss: 0.0449 
 BCE G Validation Loss: 0.1117
2024-11-20 14:18:04,291 - INFO - ===================================================================================
2024-11-20 14:18:04,291 - INFO - Completed in 0h 28m
2024-11-20 14:18:09,483 - INFO - Epoch [62/500], Batch [0/4]
 Dt Loss: 0.0290
 Goal Loss: 0.1172, MIE Loss: 0.0007
 MSE Loss R: 0.0126, BCE Loss G: 0.1039
2024-11-20 14:18:15,012 - INFO - Epoch [62/500] completed. Average Goal Loss: 0.1775
2024-11-20 14:18:15,013 - INFO - Epoch [62/500] completed. Average Action Loss: 0.0293
2024-11-20 14:18:15,013 - INFO - ===================================================================================
2024-11-20 14:18:29,631 - INFO - Epoch [62/500]
Action Validation Loss: 0.0269 
 Goal Validation Loss: 0.1600 
 MIE Validation Loss: 0.0033 
 MSE R Validation Loss: 0.0450 
 BCE G Validation Loss: 0.1116
2024-11-20 14:18:29,631 - INFO - ===================================================================================
2024-11-20 14:18:29,632 - INFO - Completed in 0h 29m
2024-11-20 14:18:34,935 - INFO - Epoch [63/500], Batch [0/4]
 Dt Loss: 0.0294
 Goal Loss: 0.1366, MIE Loss: 0.0017
 MSE Loss R: 0.0217, BCE Loss G: 0.1133
2024-11-20 14:18:41,308 - INFO - Epoch [63/500] completed. Average Goal Loss: 0.1362
2024-11-20 14:18:41,308 - INFO - Epoch [63/500] completed. Average Action Loss: 0.0289
2024-11-20 14:18:41,309 - INFO - ===================================================================================
2024-11-20 14:18:55,749 - INFO - Epoch [63/500]
Action Validation Loss: 0.0272 
 Goal Validation Loss: 0.1569 
 MIE Validation Loss: 0.0007 
 MSE R Validation Loss: 0.0446 
 BCE G Validation Loss: 0.1115
2024-11-20 14:18:55,749 - INFO - ===================================================================================
2024-11-20 14:18:55,750 - INFO - Completed in 0h 29m
2024-11-20 14:19:01,301 - INFO - Epoch [64/500], Batch [0/4]
 Dt Loss: 0.0286
 Goal Loss: 0.2801, MIE Loss: 0.0030
 MSE Loss R: 0.1353, BCE Loss G: 0.1418
2024-11-20 14:19:07,411 - INFO - Epoch [64/500] completed. Average Goal Loss: 0.1755
2024-11-20 14:19:07,412 - INFO - Epoch [64/500] completed. Average Action Loss: 0.0292
2024-11-20 14:19:07,412 - INFO - ===================================================================================
2024-11-20 14:19:21,774 - INFO - Epoch [64/500]
Action Validation Loss: 0.0264 
 Goal Validation Loss: 0.1571 
 MIE Validation Loss: 0.0015 
 MSE R Validation Loss: 0.0441 
 BCE G Validation Loss: 0.1114
2024-11-20 14:19:21,774 - INFO - ===================================================================================
2024-11-20 14:19:21,775 - INFO - Completed in 0h 30m
2024-11-20 14:19:27,446 - INFO - Epoch [65/500], Batch [0/4]
 Dt Loss: 0.0295
 Goal Loss: 0.1239, MIE Loss: 0.0009
 MSE Loss R: 0.0149, BCE Loss G: 0.1081
2024-11-20 14:19:33,528 - INFO - Epoch [65/500] completed. Average Goal Loss: 0.1206
2024-11-20 14:19:33,528 - INFO - Epoch [65/500] completed. Average Action Loss: 0.0289
2024-11-20 14:19:33,528 - INFO - ===================================================================================
2024-11-20 14:19:48,315 - INFO - Epoch [65/500]
Action Validation Loss: 0.0263 
 Goal Validation Loss: 0.1566 
 MIE Validation Loss: 0.0007 
 MSE R Validation Loss: 0.0445 
 BCE G Validation Loss: 0.1115
2024-11-20 14:19:48,316 - INFO - ===================================================================================
2024-11-20 14:19:48,316 - INFO - Completed in 0h 30m
2024-11-20 14:19:53,792 - INFO - Epoch [66/500], Batch [0/4]
 Dt Loss: 0.0286
 Goal Loss: 0.1701, MIE Loss: 0.0017
 MSE Loss R: 0.0465, BCE Loss G: 0.1219
2024-11-20 14:19:59,615 - INFO - Epoch [66/500] completed. Average Goal Loss: 0.1316
2024-11-20 14:19:59,615 - INFO - Epoch [66/500] completed. Average Action Loss: 0.0285
2024-11-20 14:19:59,615 - INFO - ===================================================================================
2024-11-20 14:20:15,870 - INFO - Epoch [66/500]
Action Validation Loss: 0.0265 
 Goal Validation Loss: 0.1570 
 MIE Validation Loss: 0.0007 
 MSE R Validation Loss: 0.0448 
 BCE G Validation Loss: 0.1115
2024-11-20 14:20:15,871 - INFO - ===================================================================================
2024-11-20 14:20:15,871 - INFO - Completed in 0h 30m
2024-11-20 14:20:21,294 - INFO - Epoch [67/500], Batch [0/4]
 Dt Loss: 0.0291
 Goal Loss: 0.1172, MIE Loss: 0.0006
 MSE Loss R: 0.0126, BCE Loss G: 0.1041
2024-11-20 14:20:27,529 - INFO - Epoch [67/500] completed. Average Goal Loss: 0.2198
2024-11-20 14:20:27,529 - INFO - Epoch [67/500] completed. Average Action Loss: 0.0287
2024-11-20 14:20:27,529 - INFO - ===================================================================================
2024-11-20 14:20:43,252 - INFO - Epoch [67/500]
Action Validation Loss: 0.0266 
 Goal Validation Loss: 0.1559 
 MIE Validation Loss: 0.0007 
 MSE R Validation Loss: 0.0439 
 BCE G Validation Loss: 0.1113
2024-11-20 14:20:43,253 - INFO - ===================================================================================
2024-11-20 14:20:43,253 - INFO - Completed in 0h 31m
2024-11-20 14:20:48,541 - INFO - Epoch [68/500], Batch [0/4]
 Dt Loss: 0.0286
 Goal Loss: 0.1402, MIE Loss: 0.0014
 MSE Loss R: 0.0237, BCE Loss G: 0.1152
2024-11-20 14:20:54,370 - INFO - Epoch [68/500] completed. Average Goal Loss: 0.1308
2024-11-20 14:20:54,371 - INFO - Epoch [68/500] completed. Average Action Loss: 0.0284
2024-11-20 14:20:54,371 - INFO - ===================================================================================
2024-11-20 14:21:10,612 - INFO - Epoch [68/500]
Action Validation Loss: 0.0266 
 Goal Validation Loss: 0.1559 
 MIE Validation Loss: 0.0007 
 MSE R Validation Loss: 0.0439 
 BCE G Validation Loss: 0.1113
2024-11-20 14:21:10,613 - INFO - ===================================================================================
2024-11-20 14:21:10,613 - INFO - Completed in 0h 31m
2024-11-20 14:21:16,162 - INFO - Epoch [69/500], Batch [0/4]
 Dt Loss: 0.0281
 Goal Loss: 0.1229, MIE Loss: 0.0007
 MSE Loss R: 0.0147, BCE Loss G: 0.1076
2024-11-20 14:21:22,077 - INFO - Epoch [69/500] completed. Average Goal Loss: 0.1331
2024-11-20 14:21:22,077 - INFO - Epoch [69/500] completed. Average Action Loss: 0.0284
2024-11-20 14:21:22,078 - INFO - ===================================================================================
2024-11-20 14:21:36,938 - INFO - Epoch [69/500]
Action Validation Loss: 0.0273 
 Goal Validation Loss: 0.1558 
 MIE Validation Loss: 0.0005 
 MSE R Validation Loss: 0.0440 
 BCE G Validation Loss: 0.1113
2024-11-20 14:21:36,938 - INFO - ===================================================================================
2024-11-20 14:21:36,939 - INFO - Completed in 0h 32m
2024-11-20 14:21:42,532 - INFO - Epoch [70/500], Batch [0/4]
 Dt Loss: 0.0290
 Goal Loss: 0.1194, MIE Loss: 0.0006
 MSE Loss R: 0.0142, BCE Loss G: 0.1045
2024-11-20 14:21:48,481 - INFO - Epoch [70/500] completed. Average Goal Loss: 0.2169
2024-11-20 14:21:48,481 - INFO - Epoch [70/500] completed. Average Action Loss: 0.0285
2024-11-20 14:21:48,481 - INFO - ===================================================================================
2024-11-20 14:22:02,977 - INFO - Epoch [70/500]
Action Validation Loss: 0.0258 
 Goal Validation Loss: 0.1573 
 MIE Validation Loss: 0.0022 
 MSE R Validation Loss: 0.0438 
 BCE G Validation Loss: 0.1113
2024-11-20 14:22:02,977 - INFO - ===================================================================================
2024-11-20 14:22:02,977 - INFO - Completed in 0h 32m
2024-11-20 14:22:09,107 - INFO - Epoch [71/500], Batch [0/4]
 Dt Loss: 0.0281
 Goal Loss: 0.1259, MIE Loss: 0.0009
 MSE Loss R: 0.0158, BCE Loss G: 0.1093
2024-11-20 14:22:15,141 - INFO - Epoch [71/500] completed. Average Goal Loss: 0.1385
2024-11-20 14:22:15,141 - INFO - Epoch [71/500] completed. Average Action Loss: 0.0281
2024-11-20 14:22:15,141 - INFO - ===================================================================================
2024-11-20 14:22:30,289 - INFO - Epoch [71/500]
Action Validation Loss: 0.0258 
 Goal Validation Loss: 0.1556 
 MIE Validation Loss: 0.0005 
 MSE R Validation Loss: 0.0438 
 BCE G Validation Loss: 0.1112
2024-11-20 14:22:30,290 - INFO - ===================================================================================
2024-11-20 14:22:30,290 - INFO - Completed in 0h 33m
2024-11-20 14:22:36,147 - INFO - Epoch [72/500], Batch [0/4]
 Dt Loss: 0.0282
 Goal Loss: 0.1263, MIE Loss: 0.0004
 MSE Loss R: 0.0261, BCE Loss G: 0.0999
2024-11-20 14:22:42,171 - INFO - Epoch [72/500] completed. Average Goal Loss: 0.1654
2024-11-20 14:22:42,172 - INFO - Epoch [72/500] completed. Average Action Loss: 0.0283
2024-11-20 14:22:42,172 - INFO - ===================================================================================
2024-11-20 14:22:57,451 - INFO - Epoch [72/500]
Action Validation Loss: 0.0261 
 Goal Validation Loss: 0.1564 
 MIE Validation Loss: 0.0013 
 MSE R Validation Loss: 0.0438 
 BCE G Validation Loss: 0.1112
2024-11-20 14:22:57,452 - INFO - ===================================================================================
2024-11-20 14:22:57,452 - INFO - Completed in 0h 33m
2024-11-20 14:23:02,955 - INFO - Epoch [73/500], Batch [0/4]
 Dt Loss: 0.0280
 Goal Loss: 0.1296, MIE Loss: 0.0005
 MSE Loss R: 0.0312, BCE Loss G: 0.0980
2024-11-20 14:23:09,121 - INFO - Epoch [73/500] completed. Average Goal Loss: 0.1546
2024-11-20 14:23:09,122 - INFO - Epoch [73/500] completed. Average Action Loss: 0.0281
2024-11-20 14:23:09,122 - INFO - ===================================================================================
2024-11-20 14:23:23,656 - INFO - Epoch [73/500]
Action Validation Loss: 0.0261 
 Goal Validation Loss: 0.1558 
 MIE Validation Loss: 0.0008 
 MSE R Validation Loss: 0.0439 
 BCE G Validation Loss: 0.1112
2024-11-20 14:23:23,657 - INFO - ===================================================================================
2024-11-20 14:23:23,657 - INFO - Completed in 0h 34m
2024-11-20 14:23:29,099 - INFO - Epoch [74/500], Batch [0/4]
 Dt Loss: 0.0282
 Goal Loss: 0.1242, MIE Loss: 0.0006
 MSE Loss R: 0.0162, BCE Loss G: 0.1075
2024-11-20 14:23:35,222 - INFO - Epoch [74/500] completed. Average Goal Loss: 0.1650
2024-11-20 14:23:35,222 - INFO - Epoch [74/500] completed. Average Action Loss: 0.0278
2024-11-20 14:23:35,222 - INFO - ===================================================================================
2024-11-20 14:23:49,930 - INFO - Epoch [74/500]
Action Validation Loss: 0.0259 
 Goal Validation Loss: 0.1561 
 MIE Validation Loss: 0.0007 
 MSE R Validation Loss: 0.0441 
 BCE G Validation Loss: 0.1113
2024-11-20 14:23:49,930 - INFO - ===================================================================================
2024-11-20 14:23:49,930 - INFO - Completed in 0h 34m
2024-11-20 14:23:55,234 - INFO - Epoch [75/500], Batch [0/4]
 Dt Loss: 0.0281
 Goal Loss: 0.1248, MIE Loss: 0.0005
 MSE Loss R: 0.0165, BCE Loss G: 0.1078
2024-11-20 14:24:01,238 - INFO - Epoch [75/500] completed. Average Goal Loss: 0.1267
2024-11-20 14:24:01,238 - INFO - Epoch [75/500] completed. Average Action Loss: 0.0279
2024-11-20 14:24:01,239 - INFO - ===================================================================================
2024-11-20 14:24:15,970 - INFO - Epoch [75/500]
Action Validation Loss: 0.0258 
 Goal Validation Loss: 0.1554 
 MIE Validation Loss: 0.0004 
 MSE R Validation Loss: 0.0439 
 BCE G Validation Loss: 0.1111
2024-11-20 14:24:15,971 - INFO - ===================================================================================
2024-11-20 14:24:15,971 - INFO - Completed in 0h 34m
2024-11-20 14:24:21,416 - INFO - Epoch [76/500], Batch [0/4]
 Dt Loss: 0.0275
 Goal Loss: 0.1268, MIE Loss: 0.0003
 MSE Loss R: 0.0272, BCE Loss G: 0.0993
2024-11-20 14:24:27,992 - INFO - Epoch [76/500] completed. Average Goal Loss: 0.1492
2024-11-20 14:24:27,993 - INFO - Epoch [76/500] completed. Average Action Loss: 0.0277
2024-11-20 14:24:27,993 - INFO - ===================================================================================
2024-11-20 14:24:42,356 - INFO - Epoch [76/500]
Action Validation Loss: 0.0255 
 Goal Validation Loss: 0.1556 
 MIE Validation Loss: 0.0006 
 MSE R Validation Loss: 0.0439 
 BCE G Validation Loss: 0.1111
2024-11-20 14:24:42,357 - INFO - ===================================================================================
2024-11-20 14:24:42,357 - INFO - Completed in 0h 35m
2024-11-20 14:24:47,521 - INFO - Epoch [77/500], Batch [0/4]
 Dt Loss: 0.0280
 Goal Loss: 0.1237, MIE Loss: 0.0004
 MSE Loss R: 0.0188, BCE Loss G: 0.1044
2024-11-20 14:24:53,596 - INFO - Epoch [77/500] completed. Average Goal Loss: 0.1244
2024-11-20 14:24:53,597 - INFO - Epoch [77/500] completed. Average Action Loss: 0.0276
2024-11-20 14:24:53,597 - INFO - ===================================================================================
2024-11-20 14:25:08,649 - INFO - Epoch [77/500]
Action Validation Loss: 0.0257 
 Goal Validation Loss: 0.1553 
 MIE Validation Loss: 0.0004 
 MSE R Validation Loss: 0.0438 
 BCE G Validation Loss: 0.1111
2024-11-20 14:25:08,650 - INFO - ===================================================================================
2024-11-20 14:25:08,651 - INFO - Completed in 0h 35m
2024-11-20 14:25:14,335 - INFO - Epoch [78/500], Batch [0/4]
 Dt Loss: 0.0275
 Goal Loss: 0.1233, MIE Loss: 0.0005
 MSE Loss R: 0.0152, BCE Loss G: 0.1076
2024-11-20 14:25:20,156 - INFO - Epoch [78/500] completed. Average Goal Loss: 0.1273
2024-11-20 14:25:20,156 - INFO - Epoch [78/500] completed. Average Action Loss: 0.0279
2024-11-20 14:25:20,156 - INFO - ===================================================================================
2024-11-20 14:25:34,804 - INFO - Epoch [78/500]
Action Validation Loss: 0.0253 
 Goal Validation Loss: 0.1556 
 MIE Validation Loss: 0.0005 
 MSE R Validation Loss: 0.0439 
 BCE G Validation Loss: 0.1111
2024-11-20 14:25:34,805 - INFO - ===================================================================================
2024-11-20 14:25:34,805 - INFO - Completed in 0h 36m
2024-11-20 14:25:40,078 - INFO - Epoch [79/500], Batch [0/4]
 Dt Loss: 0.0275
 Goal Loss: 0.1216, MIE Loss: 0.0003
 MSE Loss R: 0.0252, BCE Loss G: 0.0960
