2024-11-16 02:45:29,942 - INFO - Starting.
2024-11-16 02:45:29,942 - INFO - Loading Data.
2024-11-16 02:45:38,614 - INFO - Data loaded in 0.0 hours 0.0 minutes.
2024-11-16 02:45:38,620 - INFO - Training Started.
2024-11-16 02:45:46,206 - INFO - Epoch [1/500], Batch [0/4]
 Dt Loss: 0.0578
 Goal Loss: 45.1520, MIE Loss: 44.8896
 MSE Loss R: 0.1091, MSE Loss G: 0.1533
2024-11-16 02:45:56,097 - INFO - Epoch [1/500] completed. Average Goal Loss: 11.4931
2024-11-16 02:45:56,097 - INFO - Epoch [1/500] completed. Average Action Loss: 0.0577
2024-11-16 02:45:56,098 - INFO - ===================================================================================
2024-11-16 02:46:14,335 - INFO - Epoch [1/500]
Action Validation Loss: 0.0577 
 Goal Validation Loss: 0.2682 
 MIE Validation Loss: 0.0005 
 MSE R Validation Loss: 0.1529 
 MSE G Validation Loss: 0.1148
2024-11-16 02:46:14,336 - INFO - ===================================================================================
2024-11-16 02:46:14,336 - INFO - Completed in 0h 0m
2024-11-16 02:54:40,819 - INFO - 1 Test Returns: 47.0
2024-11-16 02:54:47,314 - INFO - Epoch [2/500], Batch [0/4]
 Dt Loss: 0.0577
 Goal Loss: 0.5257, MIE Loss: 0.0004
 MSE Loss R: 0.3940, MSE Loss G: 0.1312
2024-11-16 02:54:56,159 - INFO - Epoch [2/500] completed. Average Goal Loss: 0.3421
2024-11-16 02:54:56,159 - INFO - Epoch [2/500] completed. Average Action Loss: 0.0578
2024-11-16 02:54:56,159 - INFO - ===================================================================================
2024-11-16 02:55:15,238 - INFO - Epoch [2/500]
Action Validation Loss: 0.0578 
 Goal Validation Loss: 0.2636 
 MIE Validation Loss: 0.0000 
 MSE R Validation Loss: 0.1501 
 MSE G Validation Loss: 0.1134
2024-11-16 02:55:15,238 - INFO - ===================================================================================
2024-11-16 02:55:15,238 - INFO - Completed in 0h 9m
2024-11-16 03:03:43,910 - INFO - 2 Test Returns: 47.0
2024-11-16 03:03:50,101 - INFO - Epoch [3/500], Batch [0/4]
 Dt Loss: 0.0576
 Goal Loss: 0.2324, MIE Loss: 0.0000
 MSE Loss R: 0.1248, MSE Loss G: 0.1075
2024-11-16 03:03:59,004 - INFO - Epoch [3/500] completed. Average Goal Loss: 0.3104
2024-11-16 03:03:59,004 - INFO - Epoch [3/500] completed. Average Action Loss: 0.0577
2024-11-16 03:03:59,004 - INFO - ===================================================================================
2024-11-16 03:04:18,047 - INFO - Epoch [3/500]
Action Validation Loss: 0.0577 
 Goal Validation Loss: 0.2632 
 MIE Validation Loss: 0.0000 
 MSE R Validation Loss: 0.1502 
 MSE G Validation Loss: 0.1130
2024-11-16 03:04:18,048 - INFO - ===================================================================================
2024-11-16 03:04:18,048 - INFO - Completed in 0h 18m
2024-11-16 03:12:43,884 - INFO - 3 Test Returns: 50.0
2024-11-16 03:12:50,503 - INFO - Epoch [4/500], Batch [0/4]
 Dt Loss: 0.0576
 Goal Loss: 0.1539, MIE Loss: 0.0000
 MSE Loss R: 0.0545, MSE Loss G: 0.0994
2024-11-16 03:12:59,501 - INFO - Epoch [4/500] completed. Average Goal Loss: 0.1612
2024-11-16 03:12:59,502 - INFO - Epoch [4/500] completed. Average Action Loss: 0.0577
2024-11-16 03:12:59,502 - INFO - ===================================================================================
2024-11-16 03:13:18,460 - INFO - Epoch [4/500]
Action Validation Loss: 0.0576 
 Goal Validation Loss: 0.2717 
 MIE Validation Loss: 0.0052 
 MSE R Validation Loss: 0.1523 
 MSE G Validation Loss: 0.1142
2024-11-16 03:13:18,461 - INFO - ===================================================================================
2024-11-16 03:13:18,462 - INFO - Completed in 0h 27m
2024-11-16 03:21:34,030 - INFO - 4 Test Returns: 54.0
2024-11-16 03:21:40,522 - INFO - Epoch [5/500], Batch [0/4]
 Dt Loss: 0.0576
 Goal Loss: 0.2394, MIE Loss: 0.0015
 MSE Loss R: 0.1286, MSE Loss G: 0.1092
2024-11-16 03:21:49,511 - INFO - Epoch [5/500] completed. Average Goal Loss: 0.1811
2024-11-16 03:21:49,511 - INFO - Epoch [5/500] completed. Average Action Loss: 0.0577
2024-11-16 03:21:49,511 - INFO - ===================================================================================
2024-11-16 03:22:08,038 - INFO - Epoch [5/500]
Action Validation Loss: 0.0577 
 Goal Validation Loss: 0.2657 
 MIE Validation Loss: 0.0000 
 MSE R Validation Loss: 0.1525 
 MSE G Validation Loss: 0.1132
2024-11-16 03:22:08,039 - INFO - ===================================================================================
2024-11-16 03:22:08,039 - INFO - Completed in 0h 36m
2024-11-16 03:30:35,409 - INFO - 5 Test Returns: 48.0
2024-11-16 03:30:41,931 - INFO - Epoch [6/500], Batch [0/4]
 Dt Loss: 0.0576
 Goal Loss: 0.2904, MIE Loss: 0.0103
 MSE Loss R: 0.1681, MSE Loss G: 0.1120
2024-11-16 03:30:51,042 - INFO - Epoch [6/500] completed. Average Goal Loss: 0.2395
2024-11-16 03:30:51,042 - INFO - Epoch [6/500] completed. Average Action Loss: 0.0576
2024-11-16 03:30:51,042 - INFO - ===================================================================================
2024-11-16 03:31:10,416 - INFO - Epoch [6/500]
Action Validation Loss: 0.0576 
 Goal Validation Loss: 0.2629 
 MIE Validation Loss: 0.0000 
 MSE R Validation Loss: 0.1501 
 MSE G Validation Loss: 0.1127
2024-11-16 03:31:10,417 - INFO - ===================================================================================
2024-11-16 03:31:10,417 - INFO - Completed in 0h 45m
2024-11-16 03:39:34,651 - INFO - 6 Test Returns: 57.0
2024-11-16 03:39:41,215 - INFO - Epoch [7/500], Batch [0/4]
 Dt Loss: 0.0576
 Goal Loss: 0.1473, MIE Loss: 0.0000
 MSE Loss R: 0.0487, MSE Loss G: 0.0986
2024-11-16 03:39:50,497 - INFO - Epoch [7/500] completed. Average Goal Loss: 0.2245
2024-11-16 03:39:50,497 - INFO - Epoch [7/500] completed. Average Action Loss: 0.0575
2024-11-16 03:39:50,497 - INFO - ===================================================================================
2024-11-16 03:40:09,890 - INFO - Epoch [7/500]
Action Validation Loss: 0.0576 
 Goal Validation Loss: 0.2625 
 MIE Validation Loss: 0.0000 
 MSE R Validation Loss: 0.1502 
 MSE G Validation Loss: 0.1123
2024-11-16 03:40:09,891 - INFO - ===================================================================================
2024-11-16 03:40:09,897 - INFO - Completed in 0h 54m
2024-11-16 03:48:47,725 - INFO - 7 Test Returns: 59.0
2024-11-16 03:48:54,793 - INFO - Epoch [8/500], Batch [0/4]
 Dt Loss: 0.0577
 Goal Loss: 0.1865, MIE Loss: 0.0002
 MSE Loss R: 0.0825, MSE Loss G: 0.1037
2024-11-16 03:49:04,158 - INFO - Epoch [8/500] completed. Average Goal Loss: 0.3865
2024-11-16 03:49:04,159 - INFO - Epoch [8/500] completed. Average Action Loss: 0.0576
2024-11-16 03:49:04,159 - INFO - ===================================================================================
2024-11-16 03:49:17,931 - INFO - Epoch [8/500]
Action Validation Loss: 0.0575 
 Goal Validation Loss: 0.2686 
 MIE Validation Loss: 0.0000 
 MSE R Validation Loss: 0.1546 
 MSE G Validation Loss: 0.1140
2024-11-16 03:49:17,931 - INFO - ===================================================================================
2024-11-16 03:49:17,932 - INFO - Completed in 1h 3m
2024-11-16 03:49:53,562 - INFO - 8 Test Returns: 57.0
2024-11-16 03:49:59,996 - INFO - Epoch [9/500], Batch [0/4]
 Dt Loss: 0.0575
 Goal Loss: 0.2090, MIE Loss: 0.0000
 MSE Loss R: 0.1028, MSE Loss G: 0.1062
2024-11-16 03:50:05,871 - INFO - Epoch [9/500] completed. Average Goal Loss: 0.2793
2024-11-16 03:50:05,871 - INFO - Epoch [9/500] completed. Average Action Loss: 0.0575
2024-11-16 03:50:05,872 - INFO - ===================================================================================
2024-11-16 03:50:19,549 - INFO - Epoch [9/500]
Action Validation Loss: 0.0575 
 Goal Validation Loss: 0.2650 
 MIE Validation Loss: 0.0016 
 MSE R Validation Loss: 0.1502 
 MSE G Validation Loss: 0.1133
2024-11-16 03:50:19,550 - INFO - ===================================================================================
2024-11-16 03:50:20,302 - INFO - Completed in 1h 4m
2024-11-16 03:51:01,886 - INFO - 9 Test Returns: 51.0
2024-11-16 03:51:08,980 - INFO - Epoch [10/500], Batch [0/4]
 Dt Loss: 0.0575
 Goal Loss: 0.4920, MIE Loss: 0.0024
 MSE Loss R: 0.3608, MSE Loss G: 0.1288
2024-11-16 03:51:18,064 - INFO - Epoch [10/500] completed. Average Goal Loss: 0.4059
2024-11-16 03:51:18,064 - INFO - Epoch [10/500] completed. Average Action Loss: 0.0575
2024-11-16 03:51:18,065 - INFO - ===================================================================================
2024-11-16 03:51:36,066 - INFO - Epoch [10/500]
Action Validation Loss: 0.0574 
 Goal Validation Loss: 0.2650 
 MIE Validation Loss: 0.0000 
 MSE R Validation Loss: 0.1504 
 MSE G Validation Loss: 0.1146
2024-11-16 03:51:36,066 - INFO - ===================================================================================
2024-11-16 03:51:36,067 - INFO - Completed in 1h 5m
2024-11-16 03:59:57,266 - INFO - 10 Test Returns: 51.0
2024-11-16 04:00:03,935 - INFO - Epoch [11/500], Batch [0/4]
 Dt Loss: 0.0575
 Goal Loss: 0.2849, MIE Loss: 0.0000
 MSE Loss R: 0.1726, MSE Loss G: 0.1123
2024-11-16 04:00:12,853 - INFO - Epoch [11/500] completed. Average Goal Loss: 0.2141
2024-11-16 04:00:12,853 - INFO - Epoch [11/500] completed. Average Action Loss: 0.0574
2024-11-16 04:00:12,853 - INFO - ===================================================================================
2024-11-16 04:00:31,657 - INFO - Epoch [11/500]
Action Validation Loss: 0.0572 
 Goal Validation Loss: 0.2669 
 MIE Validation Loss: 0.0043 
 MSE R Validation Loss: 0.1503 
 MSE G Validation Loss: 0.1122
2024-11-16 04:00:31,657 - INFO - ===================================================================================
2024-11-16 04:00:31,657 - INFO - Completed in 1h 14m
