2024-12-03 09:02:27,413 - INFO - Starting.
2024-12-03 09:02:27,413 - INFO - Loading Data.
2024-12-03 09:04:28,043 - INFO - Data loaded in 0.0 hours 2.0 minutes.
2024-12-03 09:04:28,203 - INFO - Training Started.
2024-12-03 09:04:40,526 - INFO - Epoch [1/100], Batch [0/26]
 Dt Loss: 0.0874
 Goal Loss: 0.8384
 MSE Loss R: 0.1079, BCE Loss G: 0.7304
2024-12-03 09:05:02,553 - INFO - Epoch [1/100], Batch [10/26]
 Dt Loss: 0.0553
 Goal Loss: 0.1432
 MSE Loss R: 0.0125, BCE Loss G: 0.1307
2024-12-03 09:05:19,924 - INFO - Epoch [1/100], Batch [20/26]
 Dt Loss: 0.0460
 Goal Loss: 0.1056
 MSE Loss R: 0.0093, BCE Loss G: 0.0964
2024-12-03 09:05:29,802 - INFO - Epoch [1/100] completed. Average Goal Loss: 0.2946
2024-12-03 09:05:29,803 - INFO - Epoch [1/100] completed. Average Action Loss: 0.0589
2024-12-03 09:05:29,803 - INFO - ===================================================================================
2024-12-03 09:06:25,572 - INFO - Epoch [1/100]
Action Validation Loss: 0.0430 
 Goal Validation Loss: 0.1555 
 MSE R Validation Loss: 0.0480 
 BCE G Validation Loss: 0.1075
2024-12-03 09:06:25,572 - INFO - ===================================================================================
2024-12-03 09:06:25,602 - INFO - Completed in 0h 1m
2024-12-03 09:10:17,304 - INFO - 1 Test Returns: 51.8
2024-12-03 09:10:17,363 - INFO - Model checkpoint saved at training_output/20241203_090225/models/epoch_1.pth
2024-12-03 09:10:30,849 - INFO - Epoch [2/100], Batch [0/26]
 Dt Loss: 0.0443
 Goal Loss: 0.0955
 MSE Loss R: 0.0081, BCE Loss G: 0.0874
2024-12-03 09:10:50,552 - INFO - Epoch [2/100], Batch [10/26]
 Dt Loss: 0.0375
 Goal Loss: 0.1394
 MSE Loss R: 0.0387, BCE Loss G: 0.1007
2024-12-03 09:11:16,233 - INFO - Epoch [2/100], Batch [20/26]
 Dt Loss: 0.0331
 Goal Loss: 0.1676
 MSE Loss R: 0.0479, BCE Loss G: 0.1197
2024-12-03 09:11:26,788 - INFO - Epoch [2/100] completed. Average Goal Loss: 0.1371
2024-12-03 09:11:26,788 - INFO - Epoch [2/100] completed. Average Action Loss: 0.0362
2024-12-03 09:11:26,789 - INFO - ===================================================================================
2024-12-03 09:12:20,106 - INFO - Epoch [2/100]
Action Validation Loss: 0.0299 
 Goal Validation Loss: 0.1545 
 MSE R Validation Loss: 0.0494 
 BCE G Validation Loss: 0.1051
2024-12-03 09:12:20,107 - INFO - ===================================================================================
2024-12-03 09:12:20,107 - INFO - Completed in 0h 7m
2024-12-03 09:16:04,852 - INFO - 2 Test Returns: 52.0
2024-12-03 09:16:04,915 - INFO - Model checkpoint saved at training_output/20241203_090225/models/epoch_2.pth
2024-12-03 09:16:17,640 - INFO - Epoch [3/100], Batch [0/26]
 Dt Loss: 0.0308
 Goal Loss: 0.1012
 MSE Loss R: 0.0081, BCE Loss G: 0.0930
2024-12-03 09:16:37,311 - INFO - Epoch [3/100], Batch [10/26]
 Dt Loss: 0.0292
 Goal Loss: 0.1116
 MSE Loss R: 0.0134, BCE Loss G: 0.0981
2024-12-03 09:16:54,980 - INFO - Epoch [3/100], Batch [20/26]
 Dt Loss: 0.0281
 Goal Loss: 0.1281
 MSE Loss R: 0.0215, BCE Loss G: 0.1066
2024-12-03 09:17:08,032 - INFO - Epoch [3/100] completed. Average Goal Loss: 0.1256
2024-12-03 09:17:08,033 - INFO - Epoch [3/100] completed. Average Action Loss: 0.0292
2024-12-03 09:17:08,033 - INFO - ===================================================================================
2024-12-03 09:18:05,869 - INFO - Epoch [3/100]
Action Validation Loss: 0.0266 
 Goal Validation Loss: 0.1492 
 MSE R Validation Loss: 0.0440 
 BCE G Validation Loss: 0.1053
2024-12-03 09:18:05,869 - INFO - ===================================================================================
2024-12-03 09:18:05,894 - INFO - Completed in 0h 13m
2024-12-03 09:18:17,592 - INFO - Epoch [4/100], Batch [0/26]
 Dt Loss: 0.0278
 Goal Loss: 0.1166
 MSE Loss R: 0.0139, BCE Loss G: 0.1027
2024-12-03 09:18:35,665 - INFO - Epoch [4/100], Batch [10/26]
 Dt Loss: 0.0269
 Goal Loss: 0.0952
 MSE Loss R: 0.0081, BCE Loss G: 0.0871
2024-12-03 09:18:54,964 - INFO - Epoch [4/100], Batch [20/26]
 Dt Loss: 0.0260
 Goal Loss: 0.1070
 MSE Loss R: 0.0209, BCE Loss G: 0.0861
2024-12-03 09:19:05,321 - INFO - Epoch [4/100] completed. Average Goal Loss: 0.1232
2024-12-03 09:19:05,321 - INFO - Epoch [4/100] completed. Average Action Loss: 0.0268
2024-12-03 09:19:05,321 - INFO - ===================================================================================
2024-12-03 09:20:02,124 - INFO - Epoch [4/100]
Action Validation Loss: 0.0245 
 Goal Validation Loss: 0.1473 
 MSE R Validation Loss: 0.0426 
 BCE G Validation Loss: 0.1047
2024-12-03 09:20:02,125 - INFO - ===================================================================================
2024-12-03 09:20:02,143 - INFO - Completed in 0h 15m
2024-12-03 09:23:47,660 - INFO - 4 Test Returns: 52.6
2024-12-03 09:23:47,754 - INFO - Model checkpoint saved at training_output/20241203_090225/models/epoch_4.pth
2024-12-03 09:24:00,615 - INFO - Epoch [5/100], Batch [0/26]
 Dt Loss: 0.0258
 Goal Loss: 0.1009
 MSE Loss R: 0.0170, BCE Loss G: 0.0840
2024-12-03 09:24:18,226 - INFO - Epoch [5/100], Batch [10/26]
 Dt Loss: 0.0253
 Goal Loss: 0.1137
 MSE Loss R: 0.0157, BCE Loss G: 0.0980
2024-12-03 09:24:55,717 - INFO - Epoch [5/100], Batch [20/26]
 Dt Loss: 0.0251
 Goal Loss: 0.0947
 MSE Loss R: 0.0063, BCE Loss G: 0.0884
2024-12-03 09:25:06,985 - INFO - Epoch [5/100] completed. Average Goal Loss: 0.1279
2024-12-03 09:25:06,986 - INFO - Epoch [5/100] completed. Average Action Loss: 0.0251
2024-12-03 09:25:06,986 - INFO - ===================================================================================
2024-12-03 09:26:01,782 - INFO - Epoch [5/100]
Action Validation Loss: 0.0230 
 Goal Validation Loss: 0.1488 
 MSE R Validation Loss: 0.0425 
 BCE G Validation Loss: 0.1064
2024-12-03 09:26:01,783 - INFO - ===================================================================================
2024-12-03 09:26:01,853 - INFO - Completed in 0h 21m
2024-12-03 09:26:12,435 - INFO - Epoch [6/100], Batch [0/26]
 Dt Loss: 0.0244
 Goal Loss: 0.2958
 MSE Loss R: 0.1565, BCE Loss G: 0.1393
2024-12-03 09:26:31,919 - INFO - Epoch [6/100], Batch [10/26]
 Dt Loss: 0.0239
 Goal Loss: 0.0991
 MSE Loss R: 0.0125, BCE Loss G: 0.0866
2024-12-03 09:26:50,873 - INFO - Epoch [6/100], Batch [20/26]
 Dt Loss: 0.0226
 Goal Loss: 0.0984
 MSE Loss R: 0.0129, BCE Loss G: 0.0855
2024-12-03 09:27:03,030 - INFO - Epoch [6/100] completed. Average Goal Loss: 0.1387
2024-12-03 09:27:03,030 - INFO - Epoch [6/100] completed. Average Action Loss: 0.0235
2024-12-03 09:27:03,030 - INFO - ===================================================================================
2024-12-03 09:27:59,820 - INFO - Epoch [6/100]
Action Validation Loss: 0.0211 
 Goal Validation Loss: 0.1492 
 MSE R Validation Loss: 0.0420 
 BCE G Validation Loss: 0.1072
2024-12-03 09:27:59,820 - INFO - ===================================================================================
2024-12-03 09:27:59,821 - INFO - Completed in 0h 23m
2024-12-03 09:31:24,731 - INFO - 6 Test Returns: 55.4
2024-12-03 09:31:24,781 - INFO - Model checkpoint saved at training_output/20241203_090225/models/epoch_6.pth
2024-12-03 09:31:36,937 - INFO - Epoch [7/100], Batch [0/26]
 Dt Loss: 0.0222
 Goal Loss: 0.1745
 MSE Loss R: 0.0544, BCE Loss G: 0.1201
2024-12-03 09:31:54,650 - INFO - Epoch [7/100], Batch [10/26]
 Dt Loss: 0.0224
 Goal Loss: 0.1023
 MSE Loss R: 0.0132, BCE Loss G: 0.0891
2024-12-03 09:32:13,760 - INFO - Epoch [7/100], Batch [20/26]
 Dt Loss: 0.0211
 Goal Loss: 0.1176
 MSE Loss R: 0.0149, BCE Loss G: 0.1027
2024-12-03 09:32:24,128 - INFO - Epoch [7/100] completed. Average Goal Loss: 0.1424
2024-12-03 09:32:24,128 - INFO - Epoch [7/100] completed. Average Action Loss: 0.0220
2024-12-03 09:32:24,129 - INFO - ===================================================================================
2024-12-03 09:33:22,338 - INFO - Epoch [7/100]
Action Validation Loss: 0.0199 
 Goal Validation Loss: 0.1500 
 MSE R Validation Loss: 0.0441 
 BCE G Validation Loss: 0.1059
2024-12-03 09:33:22,338 - INFO - ===================================================================================
2024-12-03 09:33:22,338 - INFO - Completed in 0h 28m
2024-12-03 09:33:34,553 - INFO - Epoch [8/100], Batch [0/26]
 Dt Loss: 0.0209
 Goal Loss: 0.1219
 MSE Loss R: 0.0243, BCE Loss G: 0.0977
2024-12-03 09:33:51,535 - INFO - Epoch [8/100], Batch [10/26]
 Dt Loss: 0.0214
 Goal Loss: 0.1098
 MSE Loss R: 0.0115, BCE Loss G: 0.0983
2024-12-03 09:34:10,445 - INFO - Epoch [8/100], Batch [20/26]
 Dt Loss: 0.0204
 Goal Loss: 0.1050
 MSE Loss R: 0.0198, BCE Loss G: 0.0852
2024-12-03 09:34:20,860 - INFO - Epoch [8/100] completed. Average Goal Loss: 0.1416
2024-12-03 09:34:20,861 - INFO - Epoch [8/100] completed. Average Action Loss: 0.0206
2024-12-03 09:34:20,861 - INFO - ===================================================================================
2024-12-03 09:35:19,734 - INFO - Epoch [8/100]
Action Validation Loss: 0.0187 
 Goal Validation Loss: 0.1458 
 MSE R Validation Loss: 0.0418 
 BCE G Validation Loss: 0.1040
2024-12-03 09:35:19,735 - INFO - ===================================================================================
2024-12-03 09:35:19,735 - INFO - Completed in 0h 30m
2024-12-03 09:38:50,907 - INFO - 8 Test Returns: 56.4
2024-12-03 09:38:50,933 - INFO - Model checkpoint saved at training_output/20241203_090225/models/epoch_8.pth
2024-12-03 09:39:02,545 - INFO - Epoch [9/100], Batch [0/26]
 Dt Loss: 0.0202
 Goal Loss: 0.1107
 MSE Loss R: 0.0172, BCE Loss G: 0.0935
2024-12-03 09:39:20,206 - INFO - Epoch [9/100], Batch [10/26]
 Dt Loss: 0.0197
 Goal Loss: 0.2129
 MSE Loss R: 0.0847, BCE Loss G: 0.1282
2024-12-03 09:39:37,973 - INFO - Epoch [9/100], Batch [20/26]
 Dt Loss: 0.0194
 Goal Loss: 0.1155
 MSE Loss R: 0.0237, BCE Loss G: 0.0918
2024-12-03 09:39:49,310 - INFO - Epoch [9/100] completed. Average Goal Loss: 0.1526
2024-12-03 09:39:49,310 - INFO - Epoch [9/100] completed. Average Action Loss: 0.0199
2024-12-03 09:39:49,311 - INFO - ===================================================================================
2024-12-03 09:40:45,174 - INFO - Epoch [9/100]
Action Validation Loss: 0.0176 
 Goal Validation Loss: 0.1782 
 MSE R Validation Loss: 0.0622 
 BCE G Validation Loss: 0.1160
2024-12-03 09:40:45,174 - INFO - ===================================================================================
2024-12-03 09:40:45,203 - INFO - Completed in 0h 36m
2024-12-03 09:40:57,249 - INFO - Epoch [10/100], Batch [0/26]
 Dt Loss: 0.0194
 Goal Loss: 0.1729
 MSE Loss R: 0.0671, BCE Loss G: 0.1058
2024-12-03 09:41:15,542 - INFO - Epoch [10/100], Batch [10/26]
 Dt Loss: 0.0189
 Goal Loss: 0.1193
 MSE Loss R: 0.0259, BCE Loss G: 0.0933
2024-12-03 09:41:33,971 - INFO - Epoch [10/100], Batch [20/26]
 Dt Loss: 0.0189
 Goal Loss: 0.1061
 MSE Loss R: 0.0115, BCE Loss G: 0.0946
2024-12-03 09:41:44,814 - INFO - Epoch [10/100] completed. Average Goal Loss: 0.1434
2024-12-03 09:41:44,814 - INFO - Epoch [10/100] completed. Average Action Loss: 0.0188
2024-12-03 09:41:44,815 - INFO - ===================================================================================
2024-12-03 09:42:41,004 - INFO - Epoch [10/100]
Action Validation Loss: 0.0167 
 Goal Validation Loss: 0.1476 
 MSE R Validation Loss: 0.0439 
 BCE G Validation Loss: 0.1037
2024-12-03 09:42:41,005 - INFO - ===================================================================================
2024-12-03 09:42:41,005 - INFO - Completed in 0h 38m
2024-12-03 09:46:13,556 - INFO - 10 Test Returns: 57.6
2024-12-03 09:46:13,581 - INFO - Model checkpoint saved at training_output/20241203_090225/models/epoch_10.pth
2024-12-03 09:46:24,552 - INFO - Epoch [11/100], Batch [0/26]
 Dt Loss: 0.0178
 Goal Loss: 0.1110
 MSE Loss R: 0.0125, BCE Loss G: 0.0985
2024-12-03 09:46:43,746 - INFO - Epoch [11/100], Batch [10/26]
 Dt Loss: 0.0185
 Goal Loss: 0.1223
 MSE Loss R: 0.0321, BCE Loss G: 0.0902
2024-12-03 09:47:02,618 - INFO - Epoch [11/100], Batch [20/26]
 Dt Loss: 0.0183
 Goal Loss: 0.1671
 MSE Loss R: 0.0469, BCE Loss G: 0.1202
2024-12-03 09:47:14,278 - INFO - Epoch [11/100] completed. Average Goal Loss: 0.1584
2024-12-03 09:47:14,278 - INFO - Epoch [11/100] completed. Average Action Loss: 0.0180
2024-12-03 09:47:14,278 - INFO - ===================================================================================
2024-12-03 09:48:06,893 - INFO - Epoch [11/100]
Action Validation Loss: 0.0162 
 Goal Validation Loss: 0.1510 
 MSE R Validation Loss: 0.0454 
 BCE G Validation Loss: 0.1055
2024-12-03 09:48:06,894 - INFO - ===================================================================================
2024-12-03 09:48:06,894 - INFO - Completed in 0h 43m
2024-12-03 09:48:18,972 - INFO - Epoch [12/100], Batch [0/26]
 Dt Loss: 0.0177
 Goal Loss: 0.1251
 MSE Loss R: 0.0246, BCE Loss G: 0.1005
2024-12-03 09:48:36,604 - INFO - Epoch [12/100], Batch [10/26]
 Dt Loss: 0.0169
 Goal Loss: 0.1024
 MSE Loss R: 0.0110, BCE Loss G: 0.0914
2024-12-03 09:48:55,963 - INFO - Epoch [12/100], Batch [20/26]
 Dt Loss: 0.0170
 Goal Loss: 0.1287
 MSE Loss R: 0.0213, BCE Loss G: 0.1074
2024-12-03 09:49:06,156 - INFO - Epoch [12/100] completed. Average Goal Loss: 0.1247
2024-12-03 09:49:06,156 - INFO - Epoch [12/100] completed. Average Action Loss: 0.0173
2024-12-03 09:49:06,157 - INFO - ===================================================================================
2024-12-03 09:50:05,267 - INFO - Epoch [12/100]
Action Validation Loss: 0.0154 
 Goal Validation Loss: 0.1488 
 MSE R Validation Loss: 0.0445 
 BCE G Validation Loss: 0.1043
2024-12-03 09:50:05,268 - INFO - ===================================================================================
2024-12-03 09:50:05,269 - INFO - Completed in 0h 45m
2024-12-03 09:53:30,078 - INFO - 12 Test Returns: 61.8
2024-12-03 09:53:30,102 - INFO - Model checkpoint saved at training_output/20241203_090225/models/epoch_12.pth
2024-12-03 09:54:03,840 - INFO - Epoch [13/100], Batch [0/26]
 Dt Loss: 0.0168
 Goal Loss: 0.3363
 MSE Loss R: 0.1881, BCE Loss G: 0.1482
2024-12-03 09:54:28,587 - INFO - Epoch [13/100], Batch [10/26]
 Dt Loss: 0.0167
 Goal Loss: 0.1119
 MSE Loss R: 0.0151, BCE Loss G: 0.0968
2024-12-03 09:54:49,351 - INFO - Epoch [13/100], Batch [20/26]
 Dt Loss: 0.0166
 Goal Loss: 0.2712
 MSE Loss R: 0.1357, BCE Loss G: 0.1355
2024-12-03 09:55:00,592 - INFO - Epoch [13/100] completed. Average Goal Loss: 0.1428
2024-12-03 09:55:00,592 - INFO - Epoch [13/100] completed. Average Action Loss: 0.0169
2024-12-03 09:55:00,592 - INFO - ===================================================================================
2024-12-03 09:55:49,459 - INFO - Epoch [13/100]
Action Validation Loss: 0.0151 
 Goal Validation Loss: 0.1466 
 MSE R Validation Loss: 0.0429 
 BCE G Validation Loss: 0.1037
2024-12-03 09:55:49,460 - INFO - ===================================================================================
2024-12-03 09:55:49,488 - INFO - Completed in 0h 51m
2024-12-03 09:56:00,632 - INFO - Epoch [14/100], Batch [0/26]
 Dt Loss: 0.0164
 Goal Loss: 0.3134
 MSE Loss R: 0.1702, BCE Loss G: 0.1432
2024-12-03 09:56:18,251 - INFO - Epoch [14/100], Batch [10/26]
 Dt Loss: 0.0164
 Goal Loss: 0.2467
 MSE Loss R: 0.1122, BCE Loss G: 0.1345
2024-12-03 09:56:34,721 - INFO - Epoch [14/100], Batch [20/26]
 Dt Loss: 0.0163
 Goal Loss: 0.1032
 MSE Loss R: 0.0128, BCE Loss G: 0.0904
2024-12-03 09:56:43,971 - INFO - Epoch [14/100] completed. Average Goal Loss: 0.1537
2024-12-03 09:56:43,972 - INFO - Epoch [14/100] completed. Average Action Loss: 0.0165
2024-12-03 09:56:43,972 - INFO - ===================================================================================
2024-12-03 09:57:43,734 - INFO - Epoch [14/100]
Action Validation Loss: 0.0148 
 Goal Validation Loss: 0.1473 
 MSE R Validation Loss: 0.0437 
 BCE G Validation Loss: 0.1037
2024-12-03 09:57:43,735 - INFO - ===================================================================================
2024-12-03 09:57:43,735 - INFO - Completed in 0h 53m
2024-12-03 10:02:05,251 - INFO - 14 Test Returns: 54.0
2024-12-03 10:02:05,317 - INFO - Model checkpoint saved at training_output/20241203_090225/models/epoch_14.pth
2024-12-03 10:02:20,286 - INFO - Epoch [15/100], Batch [0/26]
 Dt Loss: 0.0164
 Goal Loss: 0.1710
 MSE Loss R: 0.0537, BCE Loss G: 0.1173
2024-12-03 10:02:41,850 - INFO - Epoch [15/100], Batch [10/26]
 Dt Loss: 0.0161
 Goal Loss: 0.1123
 MSE Loss R: 0.0138, BCE Loss G: 0.0985
2024-12-03 10:03:03,224 - INFO - Epoch [15/100], Batch [20/26]
 Dt Loss: 0.0158
 Goal Loss: 0.1157
 MSE Loss R: 0.0146, BCE Loss G: 0.1011
2024-12-03 10:03:15,455 - INFO - Epoch [15/100] completed. Average Goal Loss: 0.1348
2024-12-03 10:03:15,455 - INFO - Epoch [15/100] completed. Average Action Loss: 0.0161
2024-12-03 10:03:15,456 - INFO - ===================================================================================
2024-12-03 10:04:21,415 - INFO - Epoch [15/100]
Action Validation Loss: 0.0142 
 Goal Validation Loss: 0.1470 
 MSE R Validation Loss: 0.0431 
 BCE G Validation Loss: 0.1039
2024-12-03 10:04:21,416 - INFO - ===================================================================================
2024-12-03 10:04:21,416 - INFO - Completed in 0h 59m
2024-12-03 10:04:31,912 - INFO - Epoch [16/100], Batch [0/26]
 Dt Loss: 0.0158
 Goal Loss: 0.1058
 MSE Loss R: 0.0118, BCE Loss G: 0.0940
2024-12-03 10:04:53,510 - INFO - Epoch [16/100], Batch [10/26]
 Dt Loss: 0.0161
 Goal Loss: 0.1220
 MSE Loss R: 0.0177, BCE Loss G: 0.1044
2024-12-03 10:05:14,471 - INFO - Epoch [16/100], Batch [20/26]
 Dt Loss: 0.0154
 Goal Loss: 0.1027
 MSE Loss R: 0.0096, BCE Loss G: 0.0931
2024-12-03 10:05:26,128 - INFO - Epoch [16/100] completed. Average Goal Loss: 0.1298
2024-12-03 10:05:26,128 - INFO - Epoch [16/100] completed. Average Action Loss: 0.0156
2024-12-03 10:05:26,128 - INFO - ===================================================================================
2024-12-03 10:06:30,560 - INFO - Epoch [16/100]
Action Validation Loss: 0.0139 
 Goal Validation Loss: 0.1461 
 MSE R Validation Loss: 0.0424 
 BCE G Validation Loss: 0.1037
2024-12-03 10:06:30,561 - INFO - ===================================================================================
2024-12-03 10:06:30,561 - INFO - Completed in 1h 2m
2024-12-03 10:10:55,211 - INFO - 16 Test Returns: 61.4
2024-12-03 10:10:55,259 - INFO - Model checkpoint saved at training_output/20241203_090225/models/epoch_16.pth
2024-12-03 10:11:06,924 - INFO - Epoch [17/100], Batch [0/26]
 Dt Loss: 0.0153
 Goal Loss: 0.1548
 MSE Loss R: 0.0391, BCE Loss G: 0.1158
2024-12-03 10:11:27,486 - INFO - Epoch [17/100], Batch [10/26]
 Dt Loss: 0.0151
 Goal Loss: 0.1037
 MSE Loss R: 0.0111, BCE Loss G: 0.0926
2024-12-03 10:11:48,236 - INFO - Epoch [17/100], Batch [20/26]
 Dt Loss: 0.0151
 Goal Loss: 0.1254
 MSE Loss R: 0.0319, BCE Loss G: 0.0935
2024-12-03 10:11:59,834 - INFO - Epoch [17/100] completed. Average Goal Loss: 0.1248
2024-12-03 10:11:59,835 - INFO - Epoch [17/100] completed. Average Action Loss: 0.0153
2024-12-03 10:11:59,835 - INFO - ===================================================================================
2024-12-03 10:13:06,413 - INFO - Epoch [17/100]
Action Validation Loss: 0.0137 
 Goal Validation Loss: 0.1502 
 MSE R Validation Loss: 0.0467 
 BCE G Validation Loss: 0.1035
2024-12-03 10:13:06,413 - INFO - ===================================================================================
2024-12-03 10:13:06,413 - INFO - Completed in 1h 8m
2024-12-03 10:13:17,798 - INFO - Epoch [18/100], Batch [0/26]
 Dt Loss: 0.0149
 Goal Loss: 0.0969
 MSE Loss R: 0.0100, BCE Loss G: 0.0868
2024-12-03 10:13:40,213 - INFO - Epoch [18/100], Batch [10/26]
 Dt Loss: 0.0154
 Goal Loss: 0.1153
 MSE Loss R: 0.0142, BCE Loss G: 0.1011
2024-12-03 10:14:02,298 - INFO - Epoch [18/100], Batch [20/26]
 Dt Loss: 0.0153
 Goal Loss: 0.1074
 MSE Loss R: 0.0162, BCE Loss G: 0.0912
2024-12-03 10:14:13,942 - INFO - Epoch [18/100] completed. Average Goal Loss: 0.1524
2024-12-03 10:14:13,943 - INFO - Epoch [18/100] completed. Average Action Loss: 0.0151
2024-12-03 10:14:13,943 - INFO - ===================================================================================
2024-12-03 10:15:20,310 - INFO - Epoch [18/100]
Action Validation Loss: 0.0136 
 Goal Validation Loss: 0.1498 
 MSE R Validation Loss: 0.0451 
 BCE G Validation Loss: 0.1047
2024-12-03 10:15:20,311 - INFO - ===================================================================================
2024-12-03 10:15:20,311 - INFO - Completed in 1h 10m
2024-12-03 10:19:46,107 - INFO - 18 Test Returns: 59.6
2024-12-03 10:19:46,133 - INFO - Model checkpoint saved at training_output/20241203_090225/models/epoch_18.pth
2024-12-03 10:19:57,335 - INFO - Epoch [19/100], Batch [0/26]
 Dt Loss: 0.0150
 Goal Loss: 0.1217
 MSE Loss R: 0.0237, BCE Loss G: 0.0979
2024-12-03 10:20:19,295 - INFO - Epoch [19/100], Batch [10/26]
 Dt Loss: 0.0149
 Goal Loss: 0.2588
 MSE Loss R: 0.1221, BCE Loss G: 0.1368
2024-12-03 10:20:41,994 - INFO - Epoch [19/100], Batch [20/26]
 Dt Loss: 0.0152
 Goal Loss: 0.1211
 MSE Loss R: 0.0197, BCE Loss G: 0.1015
2024-12-03 10:20:54,123 - INFO - Epoch [19/100] completed. Average Goal Loss: 0.1465
2024-12-03 10:20:54,124 - INFO - Epoch [19/100] completed. Average Action Loss: 0.0149
2024-12-03 10:20:54,124 - INFO - ===================================================================================
2024-12-03 10:22:01,276 - INFO - Epoch [19/100]
Action Validation Loss: 0.0133 
 Goal Validation Loss: 0.1477 
 MSE R Validation Loss: 0.0421 
 BCE G Validation Loss: 0.1056
2024-12-03 10:22:01,277 - INFO - ===================================================================================
2024-12-03 10:22:01,277 - INFO - Completed in 1h 17m
2024-12-03 10:22:12,370 - INFO - Epoch [20/100], Batch [0/26]
 Dt Loss: 0.0146
 Goal Loss: 0.1201
 MSE Loss R: 0.0319, BCE Loss G: 0.0882
2024-12-03 10:22:33,799 - INFO - Epoch [20/100], Batch [10/26]
 Dt Loss: 0.0149
 Goal Loss: 0.1086
 MSE Loss R: 0.0133, BCE Loss G: 0.0954
2024-12-03 10:22:54,430 - INFO - Epoch [20/100], Batch [20/26]
 Dt Loss: 0.0149
 Goal Loss: 0.1123
 MSE Loss R: 0.0135, BCE Loss G: 0.0988
2024-12-03 10:23:07,057 - INFO - Epoch [20/100] completed. Average Goal Loss: 0.1236
2024-12-03 10:23:07,057 - INFO - Epoch [20/100] completed. Average Action Loss: 0.0147
2024-12-03 10:23:07,057 - INFO - ===================================================================================
2024-12-03 10:24:12,392 - INFO - Epoch [20/100]
Action Validation Loss: 0.0130 
 Goal Validation Loss: 0.1513 
 MSE R Validation Loss: 0.0469 
 BCE G Validation Loss: 0.1044
2024-12-03 10:24:12,393 - INFO - ===================================================================================
2024-12-03 10:24:12,394 - INFO - Completed in 1h 19m
2024-12-03 10:28:34,522 - INFO - 20 Test Returns: 62.6
2024-12-03 10:28:34,553 - INFO - Model checkpoint saved at training_output/20241203_090225/models/epoch_20.pth
2024-12-03 10:28:45,658 - INFO - Epoch [21/100], Batch [0/26]
 Dt Loss: 0.0147
 Goal Loss: 0.0961
 MSE Loss R: 0.0089, BCE Loss G: 0.0872
2024-12-03 10:29:09,220 - INFO - Epoch [21/100], Batch [10/26]
 Dt Loss: 0.0141
 Goal Loss: 0.2537
 MSE Loss R: 0.1244, BCE Loss G: 0.1293
2024-12-03 10:29:30,525 - INFO - Epoch [21/100], Batch [20/26]
 Dt Loss: 0.0142
 Goal Loss: 0.1360
 MSE Loss R: 0.0227, BCE Loss G: 0.1133
2024-12-03 10:29:41,772 - INFO - Epoch [21/100] completed. Average Goal Loss: 0.1494
2024-12-03 10:29:41,773 - INFO - Epoch [21/100] completed. Average Action Loss: 0.0144
2024-12-03 10:29:41,773 - INFO - ===================================================================================
2024-12-03 10:30:47,180 - INFO - Epoch [21/100]
Action Validation Loss: 0.0129 
 Goal Validation Loss: 0.1459 
 MSE R Validation Loss: 0.0420 
 BCE G Validation Loss: 0.1039
2024-12-03 10:30:47,180 - INFO - ===================================================================================
2024-12-03 10:30:47,180 - INFO - Completed in 1h 26m
2024-12-03 10:30:58,824 - INFO - Epoch [22/100], Batch [0/26]
 Dt Loss: 0.0146
 Goal Loss: 0.2881
 MSE Loss R: 0.1441, BCE Loss G: 0.1441
2024-12-03 10:31:20,710 - INFO - Epoch [22/100], Batch [10/26]
 Dt Loss: 0.0143
 Goal Loss: 0.1312
 MSE Loss R: 0.0449, BCE Loss G: 0.0863
2024-12-03 10:31:41,887 - INFO - Epoch [22/100], Batch [20/26]
 Dt Loss: 0.0141
 Goal Loss: 0.1271
 MSE Loss R: 0.0213, BCE Loss G: 0.1057
2024-12-03 10:31:53,889 - INFO - Epoch [22/100] completed. Average Goal Loss: 0.1369
2024-12-03 10:31:53,889 - INFO - Epoch [22/100] completed. Average Action Loss: 0.0142
2024-12-03 10:31:53,889 - INFO - ===================================================================================
2024-12-03 10:32:59,078 - INFO - Epoch [22/100]
Action Validation Loss: 0.0127 
 Goal Validation Loss: 0.1494 
 MSE R Validation Loss: 0.0451 
 BCE G Validation Loss: 0.1043
2024-12-03 10:32:59,079 - INFO - ===================================================================================
2024-12-03 10:32:59,079 - INFO - Completed in 1h 28m
2024-12-03 10:37:27,194 - INFO - 22 Test Returns: 57.8
2024-12-03 10:37:27,219 - INFO - Model checkpoint saved at training_output/20241203_090225/models/epoch_22.pth
2024-12-03 10:37:38,274 - INFO - Epoch [23/100], Batch [0/26]
 Dt Loss: 0.0145
 Goal Loss: 0.0975
 MSE Loss R: 0.0103, BCE Loss G: 0.0872
2024-12-03 10:38:00,301 - INFO - Epoch [23/100], Batch [10/26]
 Dt Loss: 0.0142
 Goal Loss: 0.2301
 MSE Loss R: 0.0988, BCE Loss G: 0.1313
2024-12-03 10:38:21,832 - INFO - Epoch [23/100], Batch [20/26]
 Dt Loss: 0.0138
 Goal Loss: 0.1575
 MSE Loss R: 0.0416, BCE Loss G: 0.1160
2024-12-03 10:38:33,581 - INFO - Epoch [23/100] completed. Average Goal Loss: 0.1324
2024-12-03 10:38:33,582 - INFO - Epoch [23/100] completed. Average Action Loss: 0.0140
2024-12-03 10:38:33,582 - INFO - ===================================================================================
2024-12-03 10:39:43,113 - INFO - Epoch [23/100]
Action Validation Loss: 0.0124 
 Goal Validation Loss: 0.1458 
 MSE R Validation Loss: 0.0426 
 BCE G Validation Loss: 0.1032
2024-12-03 10:39:43,113 - INFO - ===================================================================================
2024-12-03 10:39:43,113 - INFO - Completed in 1h 35m
2024-12-03 10:39:54,214 - INFO - Epoch [24/100], Batch [0/26]
 Dt Loss: 0.0139
 Goal Loss: 0.1127
 MSE Loss R: 0.0139, BCE Loss G: 0.0988
2024-12-03 10:40:15,263 - INFO - Epoch [24/100], Batch [10/26]
 Dt Loss: 0.0140
 Goal Loss: 0.2540
 MSE Loss R: 0.1184, BCE Loss G: 0.1356
2024-12-03 10:40:35,816 - INFO - Epoch [24/100], Batch [20/26]
 Dt Loss: 0.0137
 Goal Loss: 0.1285
 MSE Loss R: 0.0360, BCE Loss G: 0.0925
2024-12-03 10:40:47,327 - INFO - Epoch [24/100] completed. Average Goal Loss: 0.1405
2024-12-03 10:40:47,328 - INFO - Epoch [24/100] completed. Average Action Loss: 0.0139
2024-12-03 10:40:47,328 - INFO - ===================================================================================
2024-12-03 10:41:50,970 - INFO - Epoch [24/100]
Action Validation Loss: 0.0123 
 Goal Validation Loss: 0.1453 
 MSE R Validation Loss: 0.0417 
 BCE G Validation Loss: 0.1035
2024-12-03 10:41:50,971 - INFO - ===================================================================================
2024-12-03 10:41:50,971 - INFO - Completed in 1h 37m
2024-12-03 10:46:02,541 - INFO - 24 Test Returns: 61.8
2024-12-03 10:46:02,562 - INFO - Model checkpoint saved at training_output/20241203_090225/models/epoch_24.pth
2024-12-03 10:46:13,346 - INFO - Epoch [25/100], Batch [0/26]
 Dt Loss: 0.0137
 Goal Loss: 0.1075
 MSE Loss R: 0.0216, BCE Loss G: 0.0859
2024-12-03 10:46:33,743 - INFO - Epoch [25/100], Batch [10/26]
 Dt Loss: 0.0137
 Goal Loss: 0.1165
 MSE Loss R: 0.0357, BCE Loss G: 0.0808
2024-12-03 10:46:53,349 - INFO - Epoch [25/100], Batch [20/26]
 Dt Loss: 0.0137
 Goal Loss: 0.2025
 MSE Loss R: 0.0739, BCE Loss G: 0.1286
2024-12-03 10:47:02,927 - INFO - Epoch [25/100] completed. Average Goal Loss: 0.1673
2024-12-03 10:47:02,927 - INFO - Epoch [25/100] completed. Average Action Loss: 0.0137
2024-12-03 10:47:02,928 - INFO - ===================================================================================
2024-12-03 10:47:53,312 - INFO - Epoch [25/100]
Action Validation Loss: 0.0121 
 Goal Validation Loss: 0.1641 
 MSE R Validation Loss: 0.0599 
 BCE G Validation Loss: 0.1042
2024-12-03 10:47:53,312 - INFO - ===================================================================================
2024-12-03 10:47:53,312 - INFO - Completed in 1h 43m
2024-12-03 10:48:03,083 - INFO - Epoch [26/100], Batch [0/26]
 Dt Loss: 0.0139
 Goal Loss: 0.1311
 MSE Loss R: 0.0280, BCE Loss G: 0.1031
2024-12-03 10:48:21,569 - INFO - Epoch [26/100], Batch [10/26]
 Dt Loss: 0.0135
 Goal Loss: 0.1122
 MSE Loss R: 0.0164, BCE Loss G: 0.0957
2024-12-03 10:48:37,827 - INFO - Epoch [26/100], Batch [20/26]
 Dt Loss: 0.0139
 Goal Loss: 0.1052
 MSE Loss R: 0.0113, BCE Loss G: 0.0939
2024-12-03 10:48:47,037 - INFO - Epoch [26/100] completed. Average Goal Loss: 0.1272
2024-12-03 10:48:47,037 - INFO - Epoch [26/100] completed. Average Action Loss: 0.0135
2024-12-03 10:48:47,038 - INFO - ===================================================================================
2024-12-03 10:49:36,919 - INFO - Epoch [26/100]
Action Validation Loss: 0.0120 
 Goal Validation Loss: 0.1493 
 MSE R Validation Loss: 0.0458 
 BCE G Validation Loss: 0.1035
2024-12-03 10:49:36,920 - INFO - ===================================================================================
2024-12-03 10:49:36,920 - INFO - Completed in 1h 45m
2024-12-03 10:52:48,151 - INFO - 26 Test Returns: 63.0
2024-12-03 10:52:48,170 - INFO - Model checkpoint saved at training_output/20241203_090225/models/epoch_26.pth
2024-12-03 10:53:00,242 - INFO - Epoch [27/100], Batch [0/26]
 Dt Loss: 0.0139
 Goal Loss: 0.0944
 MSE Loss R: 0.0107, BCE Loss G: 0.0837
2024-12-03 10:53:29,402 - INFO - Epoch [27/100], Batch [10/26]
 Dt Loss: 0.0137
 Goal Loss: 0.1019
 MSE Loss R: 0.0094, BCE Loss G: 0.0924
2024-12-03 10:53:48,608 - INFO - Epoch [27/100], Batch [20/26]
 Dt Loss: 0.0132
 Goal Loss: 0.1194
 MSE Loss R: 0.0141, BCE Loss G: 0.1052
2024-12-03 10:53:58,404 - INFO - Epoch [27/100] completed. Average Goal Loss: 0.1336
2024-12-03 10:53:58,405 - INFO - Epoch [27/100] completed. Average Action Loss: 0.0134
2024-12-03 10:53:58,405 - INFO - ===================================================================================
2024-12-03 10:54:57,278 - INFO - Epoch [27/100]
Action Validation Loss: 0.0117 
 Goal Validation Loss: 0.1524 
 MSE R Validation Loss: 0.0479 
 BCE G Validation Loss: 0.1045
2024-12-03 10:54:57,279 - INFO - ===================================================================================
2024-12-03 10:54:57,279 - INFO - Completed in 1h 50m
2024-12-03 10:55:09,001 - INFO - Epoch [28/100], Batch [0/26]
 Dt Loss: 0.0130
 Goal Loss: 0.1287
 MSE Loss R: 0.0342, BCE Loss G: 0.0945
2024-12-03 10:55:48,822 - INFO - Epoch [28/100], Batch [10/26]
 Dt Loss: 0.0135
 Goal Loss: 0.1065
 MSE Loss R: 0.0143, BCE Loss G: 0.0923
2024-12-03 10:59:17,655 - INFO - Epoch [28/100], Batch [20/26]
 Dt Loss: 0.0130
 Goal Loss: 0.0977
 MSE Loss R: 0.0098, BCE Loss G: 0.0879
2024-12-03 10:59:27,782 - INFO - Epoch [28/100] completed. Average Goal Loss: 0.1287
2024-12-03 10:59:27,783 - INFO - Epoch [28/100] completed. Average Action Loss: 0.0133
2024-12-03 10:59:27,783 - INFO - ===================================================================================
2024-12-03 11:00:17,792 - INFO - Epoch [28/100]
Action Validation Loss: 0.0117 
 Goal Validation Loss: 0.1483 
 MSE R Validation Loss: 0.0446 
 BCE G Validation Loss: 0.1037
2024-12-03 11:00:17,793 - INFO - ===================================================================================
2024-12-03 11:00:17,793 - INFO - Completed in 1h 55m
2024-12-03 11:03:23,176 - INFO - 28 Test Returns: 64.4
2024-12-03 11:03:23,199 - INFO - Model checkpoint saved at training_output/20241203_090225/models/epoch_28.pth
2024-12-03 11:03:34,451 - INFO - Epoch [29/100], Batch [0/26]
 Dt Loss: 0.0134
 Goal Loss: 0.1448
 MSE Loss R: 0.0340, BCE Loss G: 0.1109
2024-12-03 11:03:52,508 - INFO - Epoch [29/100], Batch [10/26]
 Dt Loss: 0.0137
 Goal Loss: 0.1109
 MSE Loss R: 0.0122, BCE Loss G: 0.0988
2024-12-03 11:04:09,846 - INFO - Epoch [29/100], Batch [20/26]
 Dt Loss: 0.0132
 Goal Loss: 0.2523
 MSE Loss R: 0.1153, BCE Loss G: 0.1370
2024-12-03 11:04:18,999 - INFO - Epoch [29/100] completed. Average Goal Loss: 0.1396
2024-12-03 11:04:18,999 - INFO - Epoch [29/100] completed. Average Action Loss: 0.0132
2024-12-03 11:04:18,999 - INFO - ===================================================================================
2024-12-03 11:05:07,906 - INFO - Epoch [29/100]
Action Validation Loss: 0.0115 
 Goal Validation Loss: 0.1454 
 MSE R Validation Loss: 0.0420 
 BCE G Validation Loss: 0.1034
2024-12-03 11:05:07,907 - INFO - ===================================================================================
2024-12-03 11:05:07,907 - INFO - Completed in 2h 0m
2024-12-03 11:05:17,588 - INFO - Epoch [30/100], Batch [0/26]
 Dt Loss: 0.0132
 Goal Loss: 0.1074
 MSE Loss R: 0.0150, BCE Loss G: 0.0924
2024-12-03 11:05:35,627 - INFO - Epoch [30/100], Batch [10/26]
 Dt Loss: 0.0133
 Goal Loss: 0.1066
 MSE Loss R: 0.0138, BCE Loss G: 0.0928
2024-12-03 11:05:53,405 - INFO - Epoch [30/100], Batch [20/26]
 Dt Loss: 0.0133
 Goal Loss: 0.1127
 MSE Loss R: 0.0133, BCE Loss G: 0.0994
2024-12-03 11:06:04,618 - INFO - Epoch [30/100] completed. Average Goal Loss: 0.1397
2024-12-03 11:06:04,618 - INFO - Epoch [30/100] completed. Average Action Loss: 0.0132
2024-12-03 11:06:04,619 - INFO - ===================================================================================
2024-12-03 11:06:53,659 - INFO - Epoch [30/100]
Action Validation Loss: 0.0117 
 Goal Validation Loss: 0.1450 
 MSE R Validation Loss: 0.0418 
 BCE G Validation Loss: 0.1031
2024-12-03 11:06:53,659 - INFO - ===================================================================================
2024-12-03 11:06:53,659 - INFO - Completed in 2h 2m
2024-12-03 11:10:03,203 - INFO - 30 Test Returns: 59.8
2024-12-03 11:10:03,221 - INFO - Model checkpoint saved at training_output/20241203_090225/models/epoch_30.pth
2024-12-03 11:10:13,732 - INFO - Epoch [31/100], Batch [0/26]
 Dt Loss: 0.0128
 Goal Loss: 0.1106
 MSE Loss R: 0.0267, BCE Loss G: 0.0838
2024-12-03 11:10:31,084 - INFO - Epoch [31/100], Batch [10/26]
 Dt Loss: 0.0132
 Goal Loss: 0.1503
 MSE Loss R: 0.0341, BCE Loss G: 0.1163
2024-12-03 11:10:48,666 - INFO - Epoch [31/100], Batch [20/26]
 Dt Loss: 0.0132
 Goal Loss: 0.0925
 MSE Loss R: 0.0061, BCE Loss G: 0.0864
2024-12-03 11:10:57,645 - INFO - Epoch [31/100] completed. Average Goal Loss: 0.1412
2024-12-03 11:10:57,646 - INFO - Epoch [31/100] completed. Average Action Loss: 0.0130
2024-12-03 11:10:57,646 - INFO - ===================================================================================
2024-12-03 11:11:46,832 - INFO - Epoch [31/100]
Action Validation Loss: 0.0114 
 Goal Validation Loss: 0.1510 
 MSE R Validation Loss: 0.0479 
 BCE G Validation Loss: 0.1031
2024-12-03 11:11:46,832 - INFO - ===================================================================================
2024-12-03 11:11:46,833 - INFO - Completed in 2h 7m
2024-12-03 11:11:56,711 - INFO - Epoch [32/100], Batch [0/26]
 Dt Loss: 0.0132
 Goal Loss: 0.1398
 MSE Loss R: 0.0314, BCE Loss G: 0.1084
2024-12-03 11:12:14,849 - INFO - Epoch [32/100], Batch [10/26]
 Dt Loss: 0.0132
 Goal Loss: 0.1138
 MSE Loss R: 0.0142, BCE Loss G: 0.0996
2024-12-03 11:12:30,871 - INFO - Epoch [32/100], Batch [20/26]
 Dt Loss: 0.0132
 Goal Loss: 0.2776
 MSE Loss R: 0.1373, BCE Loss G: 0.1403
2024-12-03 11:12:39,624 - INFO - Epoch [32/100] completed. Average Goal Loss: 0.1430
2024-12-03 11:12:39,624 - INFO - Epoch [32/100] completed. Average Action Loss: 0.0130
2024-12-03 11:12:39,624 - INFO - ===================================================================================
2024-12-03 11:13:29,210 - INFO - Epoch [32/100]
Action Validation Loss: 0.0113 
 Goal Validation Loss: 0.1475 
 MSE R Validation Loss: 0.0437 
 BCE G Validation Loss: 0.1038
2024-12-03 11:13:29,210 - INFO - ===================================================================================
2024-12-03 11:13:29,210 - INFO - Completed in 2h 9m
2024-12-03 11:16:34,671 - INFO - 32 Test Returns: 60.2
2024-12-03 11:16:34,689 - INFO - Model checkpoint saved at training_output/20241203_090225/models/epoch_32.pth
2024-12-03 11:16:44,525 - INFO - Epoch [33/100], Batch [0/26]
 Dt Loss: 0.0130
 Goal Loss: 0.1280
 MSE Loss R: 0.0210, BCE Loss G: 0.1070
2024-12-03 11:17:01,721 - INFO - Epoch [33/100], Batch [10/26]
 Dt Loss: 0.0132
 Goal Loss: 0.2144
 MSE Loss R: 0.0863, BCE Loss G: 0.1281
2024-12-03 11:17:19,904 - INFO - Epoch [33/100], Batch [20/26]
 Dt Loss: 0.0130
 Goal Loss: 0.1273
 MSE Loss R: 0.0216, BCE Loss G: 0.1057
2024-12-03 11:17:29,585 - INFO - Epoch [33/100] completed. Average Goal Loss: 0.1423
2024-12-03 11:17:29,586 - INFO - Epoch [33/100] completed. Average Action Loss: 0.0129
2024-12-03 11:17:29,586 - INFO - ===================================================================================
2024-12-03 11:18:18,574 - INFO - Epoch [33/100]
Action Validation Loss: 0.0113 
 Goal Validation Loss: 0.1463 
 MSE R Validation Loss: 0.0432 
 BCE G Validation Loss: 0.1031
2024-12-03 11:18:18,574 - INFO - ===================================================================================
2024-12-03 11:18:18,575 - INFO - Completed in 2h 13m
2024-12-03 11:18:28,796 - INFO - Epoch [34/100], Batch [0/26]
 Dt Loss: 0.0133
 Goal Loss: 0.1780
 MSE Loss R: 0.0577, BCE Loss G: 0.1203
2024-12-03 11:18:46,120 - INFO - Epoch [34/100], Batch [10/26]
 Dt Loss: 0.0129
 Goal Loss: 0.1235
 MSE Loss R: 0.0190, BCE Loss G: 0.1045
2024-12-03 11:19:02,488 - INFO - Epoch [34/100], Batch [20/26]
 Dt Loss: 0.0128
 Goal Loss: 0.0962
 MSE Loss R: 0.0150, BCE Loss G: 0.0812
2024-12-03 11:19:11,597 - INFO - Epoch [34/100] completed. Average Goal Loss: 0.1604
2024-12-03 11:19:11,597 - INFO - Epoch [34/100] completed. Average Action Loss: 0.0128
2024-12-03 11:19:11,597 - INFO - ===================================================================================
2024-12-03 11:20:01,936 - INFO - Epoch [34/100]
Action Validation Loss: 0.0112 
 Goal Validation Loss: 0.1452 
 MSE R Validation Loss: 0.0420 
 BCE G Validation Loss: 0.1032
2024-12-03 11:20:01,936 - INFO - ===================================================================================
2024-12-03 11:20:01,937 - INFO - Completed in 2h 15m
2024-12-03 11:23:11,066 - INFO - 34 Test Returns: 64.6
2024-12-03 11:23:11,086 - INFO - Model checkpoint saved at training_output/20241203_090225/models/epoch_34.pth
2024-12-03 11:23:21,073 - INFO - Epoch [35/100], Batch [0/26]
 Dt Loss: 0.0126
 Goal Loss: 0.1254
 MSE Loss R: 0.0183, BCE Loss G: 0.1071
2024-12-03 11:23:38,978 - INFO - Epoch [35/100], Batch [10/26]
 Dt Loss: 0.0128
 Goal Loss: 0.1056
 MSE Loss R: 0.0133, BCE Loss G: 0.0924
2024-12-03 11:23:55,714 - INFO - Epoch [35/100], Batch [20/26]
 Dt Loss: 0.0124
 Goal Loss: 0.1695
 MSE Loss R: 0.0515, BCE Loss G: 0.1180
2024-12-03 11:24:04,944 - INFO - Epoch [35/100] completed. Average Goal Loss: 0.1239
2024-12-03 11:24:04,944 - INFO - Epoch [35/100] completed. Average Action Loss: 0.0127
2024-12-03 11:24:04,944 - INFO - ===================================================================================
2024-12-03 11:24:53,290 - INFO - Epoch [35/100]
Action Validation Loss: 0.0113 
 Goal Validation Loss: 0.1493 
 MSE R Validation Loss: 0.0457 
 BCE G Validation Loss: 0.1036
2024-12-03 11:24:53,290 - INFO - ===================================================================================
2024-12-03 11:24:53,291 - INFO - Completed in 2h 20m
2024-12-03 11:25:04,689 - INFO - Epoch [36/100], Batch [0/26]
 Dt Loss: 0.0124
 Goal Loss: 0.0946
 MSE Loss R: 0.0095, BCE Loss G: 0.0851
2024-12-03 11:25:22,012 - INFO - Epoch [36/100], Batch [10/26]
 Dt Loss: 0.0129
 Goal Loss: 0.1138
 MSE Loss R: 0.0135, BCE Loss G: 0.1003
2024-12-03 11:25:40,335 - INFO - Epoch [36/100], Batch [20/26]
 Dt Loss: 0.0126
 Goal Loss: 0.0900
 MSE Loss R: 0.0109, BCE Loss G: 0.0791
2024-12-03 11:25:50,099 - INFO - Epoch [36/100] completed. Average Goal Loss: 0.1318
2024-12-03 11:25:50,099 - INFO - Epoch [36/100] completed. Average Action Loss: 0.0127
2024-12-03 11:25:50,099 - INFO - ===================================================================================
2024-12-03 11:26:41,143 - INFO - Epoch [36/100]
Action Validation Loss: 0.0111 
 Goal Validation Loss: 0.1513 
 MSE R Validation Loss: 0.0425 
 BCE G Validation Loss: 0.1087
2024-12-03 11:26:41,143 - INFO - ===================================================================================
2024-12-03 11:26:41,144 - INFO - Completed in 2h 22m
