2024-12-06 06:43:40,096 - INFO - Starting.
2024-12-06 06:43:40,096 - INFO - Loading Data.
2024-12-06 06:44:20,701 - INFO - Data loaded in 0.0 hours 0.0 minutes.
2024-12-06 06:44:20,740 - INFO - Training Started.
2024-12-06 06:44:25,484 - INFO - Epoch [1/100], Batch [0/12]
 Dt Loss: 0.0811
 Goal Loss: 187.8043, MIE Loss: 55.3835
 MSE Loss R: 39.5936, BCE Loss G: 92.8271
2024-12-06 06:44:57,996 - INFO - Epoch [1/100], Batch [10/12]
 Dt Loss: 0.0638
 Goal Loss: 65.6073, MIE Loss: 0.1521
 MSE Loss R: 2.4823, BCE Loss G: 62.9728
2024-12-06 06:44:59,207 - INFO - Epoch [1/100] completed. Average Goal Loss: 93.1305
2024-12-06 06:44:59,208 - INFO - Epoch [1/100] completed. Average Action Loss: 0.0702
2024-12-06 06:44:59,208 - INFO - ===================================================================================
2024-12-06 06:45:13,833 - INFO - Epoch [1/100]
Action Validation Loss: 0.0613 
 Goal Validation Loss: 69.6547 
 MIE Validation Loss: 0.1493 
 MSE R Validation Loss: 5.6166 
 BCE G Validation Loss: 63.8887
2024-12-06 06:45:13,833 - INFO - ===================================================================================
2024-12-06 06:45:13,834 - INFO - Completed in 0h 0m
2024-12-06 06:46:14,541 - INFO - 1 Test Returns: 0.0
2024-12-06 06:46:14,543 - INFO - Model checkpoint saved at training_output/20241206_064338/models/epoch_1.pth
2024-12-06 06:46:19,874 - INFO - Epoch [2/100], Batch [0/12]
 Dt Loss: 0.0611
 Goal Loss: 65.1252, MIE Loss: 0.1583
 MSE Loss R: 5.2486, BCE Loss G: 59.7183
2024-12-06 06:46:47,392 - INFO - Epoch [2/100], Batch [10/12]
 Dt Loss: 0.0539
 Goal Loss: 55.8769, MIE Loss: 0.0727
 MSE Loss R: 9.9938, BCE Loss G: 45.8103
2024-12-06 06:46:48,653 - INFO - Epoch [2/100] completed. Average Goal Loss: 56.3541
2024-12-06 06:46:48,653 - INFO - Epoch [2/100] completed. Average Action Loss: 0.0568
2024-12-06 06:46:48,654 - INFO - ===================================================================================
2024-12-06 06:47:01,338 - INFO - Epoch [2/100]
Action Validation Loss: 0.0508 
 Goal Validation Loss: 49.9621 
 MIE Validation Loss: 0.0417 
 MSE R Validation Loss: 4.0345 
 BCE G Validation Loss: 45.8859
2024-12-06 06:47:01,338 - INFO - ===================================================================================
2024-12-06 06:47:01,338 - INFO - Completed in 0h 2m
2024-12-06 06:47:53,130 - INFO - 2 Test Returns: 0.0
2024-12-06 06:47:53,131 - INFO - Model checkpoint saved at training_output/20241206_064338/models/epoch_2.pth
2024-12-06 06:47:57,521 - INFO - Epoch [3/100], Batch [0/12]
 Dt Loss: 0.0515
 Goal Loss: 45.1589, MIE Loss: 0.0288
 MSE Loss R: 2.1196, BCE Loss G: 43.0104
2024-12-06 06:48:25,035 - INFO - Epoch [3/100], Batch [10/12]
 Dt Loss: 0.0473
 Goal Loss: 37.3980, MIE Loss: 0.0560
 MSE Loss R: 2.5449, BCE Loss G: 34.7971
2024-12-06 06:48:26,099 - INFO - Epoch [3/100] completed. Average Goal Loss: 42.9808
2024-12-06 06:48:26,099 - INFO - Epoch [3/100] completed. Average Action Loss: 0.0492
2024-12-06 06:48:26,099 - INFO - ===================================================================================
2024-12-06 06:48:38,537 - INFO - Epoch [3/100]
Action Validation Loss: 0.0460 
 Goal Validation Loss: 51.1608 
 MIE Validation Loss: 0.0327 
 MSE R Validation Loss: 11.3697 
 BCE G Validation Loss: 39.7584
2024-12-06 06:48:38,537 - INFO - ===================================================================================
2024-12-06 06:48:38,537 - INFO - Completed in 0h 4m
2024-12-06 06:48:42,743 - INFO - Epoch [4/100], Batch [0/12]
 Dt Loss: 0.0469
 Goal Loss: 40.9131, MIE Loss: 0.0455
 MSE Loss R: 5.8255, BCE Loss G: 35.0421
2024-12-06 06:49:09,783 - INFO - Epoch [4/100], Batch [10/12]
 Dt Loss: 0.0451
 Goal Loss: 41.8974, MIE Loss: 0.0324
 MSE Loss R: 11.5640, BCE Loss G: 30.3009
2024-12-06 06:49:10,991 - INFO - Epoch [4/100] completed. Average Goal Loss: 37.0342
2024-12-06 06:49:10,992 - INFO - Epoch [4/100] completed. Average Action Loss: 0.0458
2024-12-06 06:49:10,992 - INFO - ===================================================================================
2024-12-06 06:49:22,903 - INFO - Epoch [4/100]
Action Validation Loss: 0.0433 
 Goal Validation Loss: 35.6902 
 MIE Validation Loss: 0.0188 
 MSE R Validation Loss: 3.4995 
 BCE G Validation Loss: 32.1719
2024-12-06 06:49:22,903 - INFO - ===================================================================================
2024-12-06 06:49:22,904 - INFO - Completed in 0h 5m
2024-12-06 06:50:10,226 - INFO - 4 Test Returns: 0.0
2024-12-06 06:50:10,227 - INFO - Model checkpoint saved at training_output/20241206_064338/models/epoch_4.pth
2024-12-06 06:50:15,072 - INFO - Epoch [5/100], Batch [0/12]
 Dt Loss: 0.0443
 Goal Loss: 28.8716, MIE Loss: 0.0075
 MSE Loss R: 2.2750, BCE Loss G: 26.5891
2024-12-06 06:50:40,135 - INFO - Epoch [5/100], Batch [10/12]
 Dt Loss: 0.0428
 Goal Loss: 27.7704, MIE Loss: 0.0188
 MSE Loss R: 4.4606, BCE Loss G: 23.2911
2024-12-06 06:50:41,378 - INFO - Epoch [5/100] completed. Average Goal Loss: 30.1282
2024-12-06 06:50:41,378 - INFO - Epoch [5/100] completed. Average Action Loss: 0.0437
2024-12-06 06:50:41,378 - INFO - ===================================================================================
2024-12-06 06:50:53,175 - INFO - Epoch [5/100]
Action Validation Loss: 0.0417 
 Goal Validation Loss: 32.6167 
 MIE Validation Loss: 0.0160 
 MSE R Validation Loss: 5.2392 
 BCE G Validation Loss: 27.3615
2024-12-06 06:50:53,176 - INFO - ===================================================================================
2024-12-06 06:50:53,176 - INFO - Completed in 0h 6m
2024-12-06 06:50:57,395 - INFO - Epoch [6/100], Batch [0/12]
 Dt Loss: 0.0432
 Goal Loss: 25.5831, MIE Loss: 0.0146
 MSE Loss R: 3.3697, BCE Loss G: 22.1988
2024-12-06 06:51:25,313 - INFO - Epoch [6/100], Batch [10/12]
 Dt Loss: 0.0419
 Goal Loss: 22.4933, MIE Loss: 0.0292
 MSE Loss R: 1.8065, BCE Loss G: 20.6576
2024-12-06 06:51:26,547 - INFO - Epoch [6/100] completed. Average Goal Loss: 26.3922
2024-12-06 06:51:26,547 - INFO - Epoch [6/100] completed. Average Action Loss: 0.0422
2024-12-06 06:51:26,547 - INFO - ===================================================================================
2024-12-06 06:51:37,629 - INFO - Epoch [6/100]
Action Validation Loss: 0.0403 
 Goal Validation Loss: 29.9206 
 MIE Validation Loss: 0.0421 
 MSE R Validation Loss: 3.7161 
 BCE G Validation Loss: 26.1624
2024-12-06 06:51:37,629 - INFO - ===================================================================================
2024-12-06 06:51:37,629 - INFO - Completed in 0h 7m
2024-12-06 06:52:28,759 - INFO - 6 Test Returns: 0.0
2024-12-06 06:52:28,760 - INFO - Model checkpoint saved at training_output/20241206_064338/models/epoch_6.pth
2024-12-06 06:52:32,870 - INFO - Epoch [7/100], Batch [0/12]
 Dt Loss: 0.0418
 Goal Loss: 25.8023, MIE Loss: 0.0116
 MSE Loss R: 1.4331, BCE Loss G: 24.3577
2024-12-06 06:52:58,515 - INFO - Epoch [7/100], Batch [10/12]
 Dt Loss: 0.0406
 Goal Loss: 22.5746, MIE Loss: 0.0224
 MSE Loss R: 2.5862, BCE Loss G: 19.9660
2024-12-06 06:52:59,573 - INFO - Epoch [7/100] completed. Average Goal Loss: 25.7902
2024-12-06 06:52:59,574 - INFO - Epoch [7/100] completed. Average Action Loss: 0.0411
2024-12-06 06:52:59,574 - INFO - ===================================================================================
2024-12-06 06:53:12,266 - INFO - Epoch [7/100]
Action Validation Loss: 0.0394 
 Goal Validation Loss: 30.1707 
 MIE Validation Loss: 0.0123 
 MSE R Validation Loss: 4.3295 
 BCE G Validation Loss: 25.8288
2024-12-06 06:53:12,267 - INFO - ===================================================================================
2024-12-06 06:53:12,274 - INFO - Completed in 0h 8m
2024-12-06 06:53:17,091 - INFO - Epoch [8/100], Batch [0/12]
 Dt Loss: 0.0408
 Goal Loss: 29.8172, MIE Loss: 0.0584
 MSE Loss R: 5.7975, BCE Loss G: 23.9612
2024-12-06 06:53:43,315 - INFO - Epoch [8/100], Batch [10/12]
 Dt Loss: 0.0401
 Goal Loss: 25.6529, MIE Loss: 0.0080
 MSE Loss R: 1.3838, BCE Loss G: 24.2611
2024-12-06 06:53:44,405 - INFO - Epoch [8/100] completed. Average Goal Loss: 27.5077
2024-12-06 06:53:44,405 - INFO - Epoch [8/100] completed. Average Action Loss: 0.0404
2024-12-06 06:53:44,405 - INFO - ===================================================================================
2024-12-06 06:53:57,329 - INFO - Epoch [8/100]
Action Validation Loss: 0.0388 
 Goal Validation Loss: 28.9823 
 MIE Validation Loss: 0.0144 
 MSE R Validation Loss: 3.4931 
 BCE G Validation Loss: 25.4747
2024-12-06 06:53:57,329 - INFO - ===================================================================================
2024-12-06 06:53:57,330 - INFO - Completed in 0h 9m
2024-12-06 06:54:43,958 - INFO - 8 Test Returns: 0.0
2024-12-06 06:54:43,961 - INFO - Model checkpoint saved at training_output/20241206_064338/models/epoch_8.pth
2024-12-06 06:54:48,654 - INFO - Epoch [9/100], Batch [0/12]
 Dt Loss: 0.0407
 Goal Loss: 21.7465, MIE Loss: 0.0116
 MSE Loss R: 1.6411, BCE Loss G: 20.0938
2024-12-06 06:55:17,020 - INFO - Epoch [9/100], Batch [10/12]
 Dt Loss: 0.0394
 Goal Loss: 22.1816, MIE Loss: 0.0161
 MSE Loss R: 1.4546, BCE Loss G: 20.7109
2024-12-06 06:55:18,180 - INFO - Epoch [9/100] completed. Average Goal Loss: 24.6212
2024-12-06 06:55:18,180 - INFO - Epoch [9/100] completed. Average Action Loss: 0.0397
2024-12-06 06:55:18,181 - INFO - ===================================================================================
2024-12-06 06:55:31,208 - INFO - Epoch [9/100]
Action Validation Loss: 0.0372 
 Goal Validation Loss: 31.3385 
 MIE Validation Loss: 0.0159 
 MSE R Validation Loss: 4.8072 
 BCE G Validation Loss: 26.5153
2024-12-06 06:55:31,208 - INFO - ===================================================================================
2024-12-06 06:55:31,209 - INFO - Completed in 0h 11m
2024-12-06 06:55:36,018 - INFO - Epoch [10/100], Batch [0/12]
 Dt Loss: 0.0390
 Goal Loss: 31.6549, MIE Loss: 0.0126
 MSE Loss R: 6.5520, BCE Loss G: 25.0903
2024-12-06 06:56:02,027 - INFO - Epoch [10/100], Batch [10/12]
 Dt Loss: 0.0392
 Goal Loss: 24.2569, MIE Loss: 0.0074
 MSE Loss R: 1.3085, BCE Loss G: 22.9409
2024-12-06 06:56:03,151 - INFO - Epoch [10/100] completed. Average Goal Loss: 25.9781
2024-12-06 06:56:03,151 - INFO - Epoch [10/100] completed. Average Action Loss: 0.0389
2024-12-06 06:56:03,151 - INFO - ===================================================================================
2024-12-06 06:56:15,411 - INFO - Epoch [10/100]
Action Validation Loss: 0.0368 
 Goal Validation Loss: 29.3650 
 MIE Validation Loss: 0.0153 
 MSE R Validation Loss: 3.3291 
 BCE G Validation Loss: 26.0206
2024-12-06 06:56:15,411 - INFO - ===================================================================================
2024-12-06 06:56:15,412 - INFO - Completed in 0h 11m
2024-12-06 06:57:03,742 - INFO - 10 Test Returns: 0.005
2024-12-06 06:57:03,743 - INFO - Model checkpoint saved at training_output/20241206_064338/models/epoch_10.pth
2024-12-06 06:57:08,319 - INFO - Epoch [11/100], Batch [0/12]
 Dt Loss: 0.0386
 Goal Loss: 24.9571, MIE Loss: 0.0050
 MSE Loss R: 1.2286, BCE Loss G: 23.7236
2024-12-06 06:57:34,262 - INFO - Epoch [11/100], Batch [10/12]
 Dt Loss: 0.0387
 Goal Loss: 26.3062, MIE Loss: 0.0885
 MSE Loss R: 4.4885, BCE Loss G: 21.7291
2024-12-06 06:57:35,323 - INFO - Epoch [11/100] completed. Average Goal Loss: 25.2226
2024-12-06 06:57:35,323 - INFO - Epoch [11/100] completed. Average Action Loss: 0.0385
2024-12-06 06:57:35,323 - INFO - ===================================================================================
2024-12-06 06:57:49,303 - INFO - Epoch [11/100]
Action Validation Loss: 0.0367 
 Goal Validation Loss: 29.6257 
 MIE Validation Loss: 0.0150 
 MSE R Validation Loss: 4.2873 
 BCE G Validation Loss: 25.3233
2024-12-06 06:57:49,304 - INFO - ===================================================================================
2024-12-06 06:57:49,304 - INFO - Completed in 0h 13m
2024-12-06 06:57:54,052 - INFO - Epoch [12/100], Batch [0/12]
 Dt Loss: 0.0384
 Goal Loss: 23.3396, MIE Loss: 0.0161
 MSE Loss R: 1.6016, BCE Loss G: 21.7219
2024-12-06 06:58:22,359 - INFO - Epoch [12/100], Batch [10/12]
 Dt Loss: 0.0377
 Goal Loss: 22.5171, MIE Loss: 0.0243
 MSE Loss R: 1.3944, BCE Loss G: 21.0985
2024-12-06 06:58:23,326 - INFO - Epoch [12/100] completed. Average Goal Loss: 25.2276
2024-12-06 06:58:23,326 - INFO - Epoch [12/100] completed. Average Action Loss: 0.0379
2024-12-06 06:58:23,326 - INFO - ===================================================================================
2024-12-06 06:58:36,653 - INFO - Epoch [12/100]
Action Validation Loss: 0.0356 
 Goal Validation Loss: 28.9258 
 MIE Validation Loss: 0.0374 
 MSE R Validation Loss: 3.5959 
 BCE G Validation Loss: 25.2926
2024-12-06 06:58:36,654 - INFO - ===================================================================================
2024-12-06 06:58:36,654 - INFO - Completed in 0h 14m
2024-12-06 06:59:22,218 - INFO - 12 Test Returns: 0.0
2024-12-06 06:59:22,218 - INFO - Model checkpoint saved at training_output/20241206_064338/models/epoch_12.pth
2024-12-06 06:59:26,469 - INFO - Epoch [13/100], Batch [0/12]
 Dt Loss: 0.0371
 Goal Loss: 24.2720, MIE Loss: 0.0213
 MSE Loss R: 2.3319, BCE Loss G: 21.9187
2024-12-06 06:59:54,775 - INFO - Epoch [13/100], Batch [10/12]
 Dt Loss: 0.0367
 Goal Loss: 22.4481, MIE Loss: 0.0059
 MSE Loss R: 2.9415, BCE Loss G: 19.5008
2024-12-06 06:59:55,918 - INFO - Epoch [13/100] completed. Average Goal Loss: 24.1334
2024-12-06 06:59:55,919 - INFO - Epoch [13/100] completed. Average Action Loss: 0.0369
2024-12-06 06:59:55,919 - INFO - ===================================================================================
2024-12-06 07:00:07,871 - INFO - Epoch [13/100]
Action Validation Loss: 0.0350 
 Goal Validation Loss: 29.3966 
 MIE Validation Loss: 0.0059 
 MSE R Validation Loss: 3.8444 
 BCE G Validation Loss: 25.5463
2024-12-06 07:00:07,871 - INFO - ===================================================================================
2024-12-06 07:00:07,872 - INFO - Completed in 0h 15m
2024-12-06 07:00:13,684 - INFO - Epoch [14/100], Batch [0/12]
 Dt Loss: 0.0367
 Goal Loss: 25.4808, MIE Loss: 0.0056
 MSE Loss R: 3.7302, BCE Loss G: 21.7449
2024-12-06 07:00:43,367 - INFO - Epoch [14/100], Batch [10/12]
 Dt Loss: 0.0358
 Goal Loss: 27.8936, MIE Loss: 0.0962
 MSE Loss R: 4.7067, BCE Loss G: 23.0907
2024-12-06 07:00:44,453 - INFO - Epoch [14/100] completed. Average Goal Loss: 25.5134
2024-12-06 07:00:44,453 - INFO - Epoch [14/100] completed. Average Action Loss: 0.0362
2024-12-06 07:00:44,453 - INFO - ===================================================================================
2024-12-06 07:00:59,630 - INFO - Epoch [14/100]
Action Validation Loss: 0.0338 
 Goal Validation Loss: 28.6235 
 MIE Validation Loss: 0.0116 
 MSE R Validation Loss: 3.4466 
 BCE G Validation Loss: 25.1653
2024-12-06 07:00:59,630 - INFO - ===================================================================================
2024-12-06 07:00:59,631 - INFO - Completed in 0h 16m
2024-12-06 07:01:52,050 - INFO - 14 Test Returns: 0.005
2024-12-06 07:01:52,051 - INFO - Model checkpoint saved at training_output/20241206_064338/models/epoch_14.pth
2024-12-06 07:01:59,510 - INFO - Epoch [15/100], Batch [0/12]
 Dt Loss: 0.0361
 Goal Loss: 23.3818, MIE Loss: 0.0095
 MSE Loss R: 3.0633, BCE Loss G: 20.3090
2024-12-06 07:02:33,290 - INFO - Epoch [15/100], Batch [10/12]
 Dt Loss: 0.0351
 Goal Loss: 21.8181, MIE Loss: 0.0287
 MSE Loss R: 2.1128, BCE Loss G: 19.6766
2024-12-06 07:02:34,664 - INFO - Epoch [15/100] completed. Average Goal Loss: 24.8361
2024-12-06 07:02:34,664 - INFO - Epoch [15/100] completed. Average Action Loss: 0.0357
2024-12-06 07:02:34,665 - INFO - ===================================================================================
2024-12-06 07:02:48,023 - INFO - Epoch [15/100]
Action Validation Loss: 0.0328 
 Goal Validation Loss: 28.3671 
 MIE Validation Loss: 0.1013 
 MSE R Validation Loss: 3.3995 
 BCE G Validation Loss: 24.8663
2024-12-06 07:02:48,023 - INFO - ===================================================================================
2024-12-06 07:02:48,029 - INFO - Completed in 0h 18m
2024-12-06 07:02:52,711 - INFO - Epoch [16/100], Batch [0/12]
 Dt Loss: 0.0350
 Goal Loss: 21.2370, MIE Loss: 0.0345
 MSE Loss R: 1.9541, BCE Loss G: 19.2483
2024-12-06 07:03:23,919 - INFO - Epoch [16/100], Batch [10/12]
 Dt Loss: 0.0347
 Goal Loss: 34.2021, MIE Loss: 0.0088
 MSE Loss R: 9.0062, BCE Loss G: 25.1871
2024-12-06 07:03:25,116 - INFO - Epoch [16/100] completed. Average Goal Loss: 24.8396
2024-12-06 07:03:25,116 - INFO - Epoch [16/100] completed. Average Action Loss: 0.0350
2024-12-06 07:03:25,116 - INFO - ===================================================================================
2024-12-06 07:03:38,134 - INFO - Epoch [16/100]
Action Validation Loss: 0.0330 
 Goal Validation Loss: 29.4252 
 MIE Validation Loss: 0.0032 
 MSE R Validation Loss: 3.8028 
 BCE G Validation Loss: 25.6193
2024-12-06 07:03:38,135 - INFO - ===================================================================================
2024-12-06 07:03:38,140 - INFO - Completed in 0h 19m
2024-12-06 07:04:29,546 - INFO - 16 Test Returns: 0.0
2024-12-06 07:04:29,547 - INFO - Model checkpoint saved at training_output/20241206_064338/models/epoch_16.pth
2024-12-06 07:04:34,445 - INFO - Epoch [17/100], Batch [0/12]
 Dt Loss: 0.0350
 Goal Loss: 23.5489, MIE Loss: 0.0045
 MSE Loss R: 2.8442, BCE Loss G: 20.7001
2024-12-06 07:05:03,675 - INFO - Epoch [17/100], Batch [10/12]
 Dt Loss: 0.0346
 Goal Loss: 24.3543, MIE Loss: 0.0039
 MSE Loss R: 4.7647, BCE Loss G: 19.5856
2024-12-06 07:05:05,362 - INFO - Epoch [17/100] completed. Average Goal Loss: 25.5944
2024-12-06 07:05:05,362 - INFO - Epoch [17/100] completed. Average Action Loss: 0.0347
2024-12-06 07:05:05,363 - INFO - ===================================================================================
2024-12-06 07:05:20,144 - INFO - Epoch [17/100]
Action Validation Loss: 0.0323 
 Goal Validation Loss: 28.6501 
 MIE Validation Loss: 0.0057 
 MSE R Validation Loss: 3.2963 
 BCE G Validation Loss: 25.3481
2024-12-06 07:05:20,144 - INFO - ===================================================================================
2024-12-06 07:05:20,145 - INFO - Completed in 0h 20m
2024-12-06 07:05:25,120 - INFO - Epoch [18/100], Batch [0/12]
 Dt Loss: 0.0349
 Goal Loss: 27.5642, MIE Loss: 0.0040
 MSE Loss R: 3.7647, BCE Loss G: 23.7955
2024-12-06 07:05:51,875 - INFO - Epoch [18/100], Batch [10/12]
 Dt Loss: 0.0338
 Goal Loss: 26.3170, MIE Loss: 0.0025
 MSE Loss R: 4.3985, BCE Loss G: 21.9160
2024-12-06 07:05:53,174 - INFO - Epoch [18/100] completed. Average Goal Loss: 23.9929
2024-12-06 07:05:53,174 - INFO - Epoch [18/100] completed. Average Action Loss: 0.0344
2024-12-06 07:05:53,174 - INFO - ===================================================================================
2024-12-06 07:06:06,734 - INFO - Epoch [18/100]
Action Validation Loss: 0.0323 
 Goal Validation Loss: 31.6186 
 MIE Validation Loss: 0.0036 
 MSE R Validation Loss: 6.2443 
 BCE G Validation Loss: 25.3707
2024-12-06 07:06:06,734 - INFO - ===================================================================================
2024-12-06 07:06:06,735 - INFO - Completed in 0h 21m
2024-12-06 07:07:08,408 - INFO - 18 Test Returns: 0.0
2024-12-06 07:07:08,409 - INFO - Model checkpoint saved at training_output/20241206_064338/models/epoch_18.pth
2024-12-06 07:07:13,192 - INFO - Epoch [19/100], Batch [0/12]
 Dt Loss: 0.0343
 Goal Loss: 31.9399, MIE Loss: 0.0032
 MSE Loss R: 7.8895, BCE Loss G: 24.0472
2024-12-06 07:07:47,277 - INFO - Epoch [19/100], Batch [10/12]
 Dt Loss: 0.0341
 Goal Loss: 21.5726, MIE Loss: 0.0454
 MSE Loss R: 1.9487, BCE Loss G: 19.5785
2024-12-06 07:07:48,419 - INFO - Epoch [19/100] completed. Average Goal Loss: 25.6240
2024-12-06 07:07:48,420 - INFO - Epoch [19/100] completed. Average Action Loss: 0.0340
2024-12-06 07:07:48,420 - INFO - ===================================================================================
2024-12-06 07:08:06,348 - INFO - Epoch [19/100]
Action Validation Loss: 0.0313 
 Goal Validation Loss: 28.7133 
 MIE Validation Loss: 0.1173 
 MSE R Validation Loss: 3.3155 
 BCE G Validation Loss: 25.2805
2024-12-06 07:08:06,348 - INFO - ===================================================================================
2024-12-06 07:08:06,349 - INFO - Completed in 0h 23m
2024-12-06 07:08:12,339 - INFO - Epoch [20/100], Batch [0/12]
 Dt Loss: 0.0336
 Goal Loss: 25.1139, MIE Loss: 0.0728
 MSE Loss R: 3.0955, BCE Loss G: 21.9456
2024-12-06 07:08:48,788 - INFO - Epoch [20/100], Batch [10/12]
 Dt Loss: 0.0333
 Goal Loss: 21.8342, MIE Loss: 0.0015
 MSE Loss R: 2.0631, BCE Loss G: 19.7696
2024-12-06 07:08:50,427 - INFO - Epoch [20/100] completed. Average Goal Loss: 24.0040
2024-12-06 07:08:50,427 - INFO - Epoch [20/100] completed. Average Action Loss: 0.0335
2024-12-06 07:08:50,427 - INFO - ===================================================================================
2024-12-06 07:09:04,086 - INFO - Epoch [20/100]
Action Validation Loss: 0.0306 
 Goal Validation Loss: 28.2695 
 MIE Validation Loss: 0.0040 
 MSE R Validation Loss: 3.6113 
 BCE G Validation Loss: 24.6542
2024-12-06 07:09:04,086 - INFO - ===================================================================================
2024-12-06 07:09:04,086 - INFO - Completed in 0h 24m
2024-12-06 07:10:02,125 - INFO - 20 Test Returns: 0.0
2024-12-06 07:10:02,126 - INFO - Model checkpoint saved at training_output/20241206_064338/models/epoch_20.pth
2024-12-06 07:10:06,904 - INFO - Epoch [21/100], Batch [0/12]
 Dt Loss: 0.0333
 Goal Loss: 23.4011, MIE Loss: 0.0019
 MSE Loss R: 1.3951, BCE Loss G: 22.0041
2024-12-06 07:10:36,494 - INFO - Epoch [21/100], Batch [10/12]
 Dt Loss: 0.0326
 Goal Loss: 21.8623, MIE Loss: 0.0018
 MSE Loss R: 2.8691, BCE Loss G: 18.9913
2024-12-06 07:10:37,871 - INFO - Epoch [21/100] completed. Average Goal Loss: 23.3482
2024-12-06 07:10:37,872 - INFO - Epoch [21/100] completed. Average Action Loss: 0.0327
2024-12-06 07:10:37,872 - INFO - ===================================================================================
2024-12-06 07:10:51,057 - INFO - Epoch [21/100]
Action Validation Loss: 0.0295 
 Goal Validation Loss: 30.0856 
 MIE Validation Loss: 0.0019 
 MSE R Validation Loss: 4.9952 
 BCE G Validation Loss: 25.0886
2024-12-06 07:10:51,057 - INFO - ===================================================================================
2024-12-06 07:10:51,058 - INFO - Completed in 0h 26m
2024-12-06 07:10:55,992 - INFO - Epoch [22/100], Batch [0/12]
 Dt Loss: 0.0322
 Goal Loss: 22.1301, MIE Loss: 0.0034
 MSE Loss R: 2.1570, BCE Loss G: 19.9697
2024-12-06 07:11:26,221 - INFO - Epoch [22/100], Batch [10/12]
 Dt Loss: 0.0322
 Goal Loss: 21.1930, MIE Loss: 0.0011
 MSE Loss R: 2.3945, BCE Loss G: 18.7974
2024-12-06 07:11:27,944 - INFO - Epoch [22/100] completed. Average Goal Loss: 24.8521
2024-12-06 07:11:27,944 - INFO - Epoch [22/100] completed. Average Action Loss: 0.0321
2024-12-06 07:11:27,944 - INFO - ===================================================================================
2024-12-06 07:11:40,661 - INFO - Epoch [22/100]
Action Validation Loss: 0.0294 
 Goal Validation Loss: 29.0381 
 MIE Validation Loss: 0.0014 
 MSE R Validation Loss: 4.7362 
 BCE G Validation Loss: 24.3005
2024-12-06 07:11:40,661 - INFO - ===================================================================================
2024-12-06 07:11:40,661 - INFO - Completed in 0h 27m
2024-12-06 07:12:36,606 - INFO - 22 Test Returns: 0.0
2024-12-06 07:12:36,607 - INFO - Model checkpoint saved at training_output/20241206_064338/models/epoch_22.pth
2024-12-06 07:12:41,250 - INFO - Epoch [23/100], Batch [0/12]
 Dt Loss: 0.0322
 Goal Loss: 25.6290, MIE Loss: 0.0017
 MSE Loss R: 2.8974, BCE Loss G: 22.7299
2024-12-06 07:13:13,699 - INFO - Epoch [23/100], Batch [10/12]
 Dt Loss: 0.0319
 Goal Loss: 21.2966, MIE Loss: 0.0022
 MSE Loss R: 2.4621, BCE Loss G: 18.8323
2024-12-06 07:13:14,979 - INFO - Epoch [23/100] completed. Average Goal Loss: 23.6699
2024-12-06 07:13:14,979 - INFO - Epoch [23/100] completed. Average Action Loss: 0.0320
2024-12-06 07:13:14,979 - INFO - ===================================================================================
2024-12-06 07:13:30,097 - INFO - Epoch [23/100]
Action Validation Loss: 0.0286 
 Goal Validation Loss: 27.8260 
 MIE Validation Loss: 0.0016 
 MSE R Validation Loss: 3.2875 
 BCE G Validation Loss: 24.5369
2024-12-06 07:13:30,098 - INFO - ===================================================================================
2024-12-06 07:13:30,098 - INFO - Completed in 0h 29m
2024-12-06 07:13:34,757 - INFO - Epoch [24/100], Batch [0/12]
 Dt Loss: 0.0314
 Goal Loss: 21.4759, MIE Loss: 0.0006
 MSE Loss R: 1.3345, BCE Loss G: 20.1408
2024-12-06 07:14:02,837 - INFO - Epoch [24/100], Batch [10/12]
 Dt Loss: 0.0318
 Goal Loss: 27.0560, MIE Loss: 0.0012
 MSE Loss R: 4.3971, BCE Loss G: 22.6577
2024-12-06 07:14:04,048 - INFO - Epoch [24/100] completed. Average Goal Loss: 24.4857
2024-12-06 07:14:04,048 - INFO - Epoch [24/100] completed. Average Action Loss: 0.0317
2024-12-06 07:14:04,048 - INFO - ===================================================================================
2024-12-06 07:14:19,916 - INFO - Epoch [24/100]
Action Validation Loss: 0.0293 
 Goal Validation Loss: 28.3520 
 MIE Validation Loss: 0.0012 
 MSE R Validation Loss: 3.8739 
 BCE G Validation Loss: 24.4769
2024-12-06 07:14:19,917 - INFO - ===================================================================================
2024-12-06 07:14:19,917 - INFO - Completed in 0h 29m
2024-12-06 07:15:14,526 - INFO - 24 Test Returns: 0.01
2024-12-06 07:15:14,527 - INFO - Model checkpoint saved at training_output/20241206_064338/models/epoch_24.pth
2024-12-06 07:15:19,367 - INFO - Epoch [25/100], Batch [0/12]
 Dt Loss: 0.0319
 Goal Loss: 23.7671, MIE Loss: 0.0014
 MSE Loss R: 3.4920, BCE Loss G: 20.2737
2024-12-06 07:15:50,235 - INFO - Epoch [25/100], Batch [10/12]
 Dt Loss: 0.0309
 Goal Loss: 23.7258, MIE Loss: 0.0009
 MSE Loss R: 2.2629, BCE Loss G: 21.4620
2024-12-06 07:15:51,518 - INFO - Epoch [25/100] completed. Average Goal Loss: 25.7659
2024-12-06 07:15:51,519 - INFO - Epoch [25/100] completed. Average Action Loss: 0.0313
2024-12-06 07:15:51,519 - INFO - ===================================================================================
2024-12-06 07:16:05,346 - INFO - Epoch [25/100]
Action Validation Loss: 0.0275 
 Goal Validation Loss: 28.6365 
 MIE Validation Loss: 0.0025 
 MSE R Validation Loss: 4.1918 
 BCE G Validation Loss: 24.4422
2024-12-06 07:16:05,347 - INFO - ===================================================================================
2024-12-06 07:16:05,347 - INFO - Completed in 0h 31m
2024-12-06 07:16:10,409 - INFO - Epoch [26/100], Batch [0/12]
 Dt Loss: 0.0307
 Goal Loss: 22.5595, MIE Loss: 0.0009
 MSE Loss R: 1.5820, BCE Loss G: 20.9766
2024-12-06 07:16:41,804 - INFO - Epoch [26/100], Batch [10/12]
 Dt Loss: 0.0307
 Goal Loss: 21.6616, MIE Loss: 0.0011
 MSE Loss R: 2.0411, BCE Loss G: 19.6194
2024-12-06 07:16:43,131 - INFO - Epoch [26/100] completed. Average Goal Loss: 25.2371
2024-12-06 07:16:43,131 - INFO - Epoch [26/100] completed. Average Action Loss: 0.0307
2024-12-06 07:16:43,131 - INFO - ===================================================================================
2024-12-06 07:16:56,134 - INFO - Epoch [26/100]
Action Validation Loss: 0.0271 
 Goal Validation Loss: 29.2546 
 MIE Validation Loss: 0.0024 
 MSE R Validation Loss: 4.6393 
 BCE G Validation Loss: 24.6129
2024-12-06 07:16:56,134 - INFO - ===================================================================================
2024-12-06 07:16:56,135 - INFO - Completed in 0h 32m
2024-12-06 07:17:52,102 - INFO - 26 Test Returns: 0.0
2024-12-06 07:17:52,103 - INFO - Model checkpoint saved at training_output/20241206_064338/models/epoch_26.pth
2024-12-06 07:17:56,588 - INFO - Epoch [27/100], Batch [0/12]
 Dt Loss: 0.0299
 Goal Loss: 21.9322, MIE Loss: 0.0010
 MSE Loss R: 1.8431, BCE Loss G: 20.0881
2024-12-06 07:18:26,039 - INFO - Epoch [27/100], Batch [10/12]
 Dt Loss: 0.0297
 Goal Loss: 23.6843, MIE Loss: 0.0005
 MSE Loss R: 2.1639, BCE Loss G: 21.5200
2024-12-06 07:18:27,270 - INFO - Epoch [27/100] completed. Average Goal Loss: 24.5032
2024-12-06 07:18:27,270 - INFO - Epoch [27/100] completed. Average Action Loss: 0.0303
2024-12-06 07:18:27,270 - INFO - ===================================================================================
2024-12-06 07:18:42,449 - INFO - Epoch [27/100]
Action Validation Loss: 0.0268 
 Goal Validation Loss: 28.6930 
 MIE Validation Loss: 0.0016 
 MSE R Validation Loss: 4.4206 
 BCE G Validation Loss: 24.2708
2024-12-06 07:18:42,450 - INFO - ===================================================================================
2024-12-06 07:18:42,450 - INFO - Completed in 0h 34m
2024-12-06 07:18:47,182 - INFO - Epoch [28/100], Batch [0/12]
 Dt Loss: 0.0301
 Goal Loss: 24.6499, MIE Loss: 0.0006
 MSE Loss R: 4.3137, BCE Loss G: 20.3356
2024-12-06 07:19:15,479 - INFO - Epoch [28/100], Batch [10/12]
 Dt Loss: 0.0295
 Goal Loss: 24.8550, MIE Loss: 0.0011
 MSE Loss R: 2.5723, BCE Loss G: 22.2816
2024-12-06 07:19:16,659 - INFO - Epoch [28/100] completed. Average Goal Loss: 24.2587
2024-12-06 07:19:16,660 - INFO - Epoch [28/100] completed. Average Action Loss: 0.0298
2024-12-06 07:19:16,660 - INFO - ===================================================================================
2024-12-06 07:19:30,860 - INFO - Epoch [28/100]
Action Validation Loss: 0.0268 
 Goal Validation Loss: 29.6102 
 MIE Validation Loss: 0.0017 
 MSE R Validation Loss: 5.1763 
 BCE G Validation Loss: 24.4321
2024-12-06 07:19:30,861 - INFO - ===================================================================================
2024-12-06 07:19:30,861 - INFO - Completed in 0h 35m
2024-12-06 07:20:27,930 - INFO - 28 Test Returns: 0.0
2024-12-06 07:20:27,931 - INFO - Model checkpoint saved at training_output/20241206_064338/models/epoch_28.pth
2024-12-06 07:20:32,742 - INFO - Epoch [29/100], Batch [0/12]
 Dt Loss: 0.0301
 Goal Loss: 23.3597, MIE Loss: 0.0013
 MSE Loss R: 4.0050, BCE Loss G: 19.3534
2024-12-06 07:21:03,866 - INFO - Epoch [29/100], Batch [10/12]
 Dt Loss: 0.0293
 Goal Loss: 23.1737, MIE Loss: 0.0005
 MSE Loss R: 3.3507, BCE Loss G: 19.8225
2024-12-06 07:21:05,077 - INFO - Epoch [29/100] completed. Average Goal Loss: 24.8386
2024-12-06 07:21:05,077 - INFO - Epoch [29/100] completed. Average Action Loss: 0.0299
2024-12-06 07:21:05,077 - INFO - ===================================================================================
2024-12-06 07:21:18,243 - INFO - Epoch [29/100]
Action Validation Loss: 0.0261 
 Goal Validation Loss: 27.7806 
 MIE Validation Loss: 0.0009 
 MSE R Validation Loss: 3.4885 
 BCE G Validation Loss: 24.2912
2024-12-06 07:21:18,243 - INFO - ===================================================================================
2024-12-06 07:21:18,244 - INFO - Completed in 0h 36m
2024-12-06 07:21:23,040 - INFO - Epoch [30/100], Batch [0/12]
 Dt Loss: 0.0295
 Goal Loss: 20.9316, MIE Loss: 0.0005
 MSE Loss R: 2.3203, BCE Loss G: 18.6108
2024-12-06 07:21:52,059 - INFO - Epoch [30/100], Batch [10/12]
 Dt Loss: 0.0289
 Goal Loss: 22.1042, MIE Loss: 0.0025
 MSE Loss R: 3.2943, BCE Loss G: 18.8073
2024-12-06 07:21:53,368 - INFO - Epoch [30/100] completed. Average Goal Loss: 24.2773
2024-12-06 07:21:53,368 - INFO - Epoch [30/100] completed. Average Action Loss: 0.0291
2024-12-06 07:21:53,368 - INFO - ===================================================================================
2024-12-06 07:22:07,080 - INFO - Epoch [30/100]
Action Validation Loss: 0.0258 
 Goal Validation Loss: 27.6874 
 MIE Validation Loss: 0.0012 
 MSE R Validation Loss: 3.2251 
 BCE G Validation Loss: 24.4612
2024-12-06 07:22:07,080 - INFO - ===================================================================================
2024-12-06 07:22:07,080 - INFO - Completed in 0h 37m
2024-12-06 07:23:07,460 - INFO - 30 Test Returns: 0.0
2024-12-06 07:23:07,462 - INFO - Model checkpoint saved at training_output/20241206_064338/models/epoch_30.pth
2024-12-06 07:23:13,585 - INFO - Epoch [31/100], Batch [0/12]
 Dt Loss: 0.0288
 Goal Loss: 25.6923, MIE Loss: 0.0006
 MSE Loss R: 3.2996, BCE Loss G: 22.3921
2024-12-06 07:23:42,571 - INFO - Epoch [31/100], Batch [10/12]
 Dt Loss: 0.0304
 Goal Loss: 21.1595, MIE Loss: 0.0240
 MSE Loss R: 2.0211, BCE Loss G: 19.1144
2024-12-06 07:23:43,966 - INFO - Epoch [31/100] completed. Average Goal Loss: 23.8620
2024-12-06 07:23:43,967 - INFO - Epoch [31/100] completed. Average Action Loss: 0.0294
2024-12-06 07:23:43,967 - INFO - ===================================================================================
2024-12-06 07:23:56,695 - INFO - Epoch [31/100]
Action Validation Loss: 0.0271 
 Goal Validation Loss: 27.9645 
 MIE Validation Loss: 0.0039 
 MSE R Validation Loss: 3.3803 
 BCE G Validation Loss: 24.5803
2024-12-06 07:23:56,696 - INFO - ===================================================================================
2024-12-06 07:23:56,697 - INFO - Completed in 0h 39m
2024-12-06 07:24:01,481 - INFO - Epoch [32/100], Batch [0/12]
 Dt Loss: 0.0302
 Goal Loss: 21.7138, MIE Loss: 0.0012
 MSE Loss R: 2.3204, BCE Loss G: 19.3923
2024-12-06 07:24:30,013 - INFO - Epoch [32/100], Batch [10/12]
 Dt Loss: 0.0289
 Goal Loss: 26.1669, MIE Loss: 0.0013
 MSE Loss R: 4.2360, BCE Loss G: 21.9296
2024-12-06 07:24:31,262 - INFO - Epoch [32/100] completed. Average Goal Loss: 24.0618
2024-12-06 07:24:31,262 - INFO - Epoch [32/100] completed. Average Action Loss: 0.0294
2024-12-06 07:24:31,262 - INFO - ===================================================================================
2024-12-06 07:24:43,961 - INFO - Epoch [32/100]
Action Validation Loss: 0.0258 
 Goal Validation Loss: 28.3126 
 MIE Validation Loss: 0.0007 
 MSE R Validation Loss: 3.7835 
 BCE G Validation Loss: 24.5284
2024-12-06 07:24:43,961 - INFO - ===================================================================================
2024-12-06 07:24:43,962 - INFO - Completed in 0h 40m
2024-12-06 07:25:44,361 - INFO - 32 Test Returns: 0.005
2024-12-06 07:25:44,362 - INFO - Model checkpoint saved at training_output/20241206_064338/models/epoch_32.pth
2024-12-06 07:25:49,553 - INFO - Epoch [33/100], Batch [0/12]
 Dt Loss: 0.0289
 Goal Loss: 21.9330, MIE Loss: 0.0005
 MSE Loss R: 1.6724, BCE Loss G: 20.2601
2024-12-06 07:26:19,467 - INFO - Epoch [33/100], Batch [10/12]
 Dt Loss: 0.0286
 Goal Loss: 22.5999, MIE Loss: 0.0005
 MSE Loss R: 1.4785, BCE Loss G: 21.1208
2024-12-06 07:26:20,706 - INFO - Epoch [33/100] completed. Average Goal Loss: 23.1525
2024-12-06 07:26:20,706 - INFO - Epoch [33/100] completed. Average Action Loss: 0.0289
2024-12-06 07:26:20,706 - INFO - ===================================================================================
2024-12-06 07:26:33,705 - INFO - Epoch [33/100]
Action Validation Loss: 0.0252 
 Goal Validation Loss: 27.6591 
 MIE Validation Loss: 0.0006 
 MSE R Validation Loss: 3.2203 
 BCE G Validation Loss: 24.4381
2024-12-06 07:26:33,706 - INFO - ===================================================================================
2024-12-06 07:26:33,706 - INFO - Completed in 0h 42m
2024-12-06 07:26:38,401 - INFO - Epoch [34/100], Batch [0/12]
 Dt Loss: 0.0285
 Goal Loss: 20.9052, MIE Loss: 0.0005
 MSE Loss R: 1.9514, BCE Loss G: 18.9534
2024-12-06 07:27:06,941 - INFO - Epoch [34/100], Batch [10/12]
 Dt Loss: 0.0294
 Goal Loss: 20.4531, MIE Loss: 0.0002
 MSE Loss R: 1.4178, BCE Loss G: 19.0351
2024-12-06 07:27:08,305 - INFO - Epoch [34/100] completed. Average Goal Loss: 24.5143
2024-12-06 07:27:08,305 - INFO - Epoch [34/100] completed. Average Action Loss: 0.0288
2024-12-06 07:27:08,305 - INFO - ===================================================================================
2024-12-06 07:27:20,859 - INFO - Epoch [34/100]
Action Validation Loss: 0.0254 
 Goal Validation Loss: 28.7561 
 MIE Validation Loss: 0.0020 
 MSE R Validation Loss: 4.3442 
 BCE G Validation Loss: 24.4099
2024-12-06 07:27:20,860 - INFO - ===================================================================================
2024-12-06 07:27:20,860 - INFO - Completed in 0h 43m
2024-12-06 07:28:22,539 - INFO - 34 Test Returns: 0.0
2024-12-06 07:28:22,541 - INFO - Model checkpoint saved at training_output/20241206_064338/models/epoch_34.pth
2024-12-06 07:28:27,761 - INFO - Epoch [35/100], Batch [0/12]
 Dt Loss: 0.0288
 Goal Loss: 23.9434, MIE Loss: 0.0007
 MSE Loss R: 1.6285, BCE Loss G: 22.3142
2024-12-06 07:28:56,128 - INFO - Epoch [35/100], Batch [10/12]
 Dt Loss: 0.0288
 Goal Loss: 22.7752, MIE Loss: 0.0002
 MSE Loss R: 1.4197, BCE Loss G: 21.3552
2024-12-06 07:28:57,403 - INFO - Epoch [35/100] completed. Average Goal Loss: 24.6426
2024-12-06 07:28:57,403 - INFO - Epoch [35/100] completed. Average Action Loss: 0.0290
2024-12-06 07:28:57,403 - INFO - ===================================================================================
2024-12-06 07:29:09,865 - INFO - Epoch [35/100]
Action Validation Loss: 0.0252 
 Goal Validation Loss: 27.6551 
 MIE Validation Loss: 0.0005 
 MSE R Validation Loss: 3.3009 
 BCE G Validation Loss: 24.3537
2024-12-06 07:29:09,866 - INFO - ===================================================================================
2024-12-06 07:29:09,866 - INFO - Completed in 0h 44m
2024-12-06 07:29:14,269 - INFO - Epoch [36/100], Batch [0/12]
 Dt Loss: 0.0282
 Goal Loss: 24.4121, MIE Loss: 0.0002
 MSE Loss R: 1.1913, BCE Loss G: 23.2206
2024-12-06 07:29:45,598 - INFO - Epoch [36/100], Batch [10/12]
 Dt Loss: 0.0282
 Goal Loss: 24.2353, MIE Loss: 0.0005
 MSE Loss R: 2.6818, BCE Loss G: 21.5530
2024-12-06 07:29:46,648 - INFO - Epoch [36/100] completed. Average Goal Loss: 23.8632
2024-12-06 07:29:46,649 - INFO - Epoch [36/100] completed. Average Action Loss: 0.0284
2024-12-06 07:29:46,649 - INFO - ===================================================================================
2024-12-06 07:29:58,876 - INFO - Epoch [36/100]
Action Validation Loss: 0.0247 
 Goal Validation Loss: 28.4859 
 MIE Validation Loss: 0.0028 
 MSE R Validation Loss: 4.1339 
 BCE G Validation Loss: 24.3492
2024-12-06 07:29:58,876 - INFO - ===================================================================================
2024-12-06 07:29:58,877 - INFO - Completed in 0h 45m
2024-12-06 07:31:01,297 - INFO - 36 Test Returns: 0.01
2024-12-06 07:31:01,298 - INFO - Model checkpoint saved at training_output/20241206_064338/models/epoch_36.pth
2024-12-06 07:31:05,984 - INFO - Epoch [37/100], Batch [0/12]
 Dt Loss: 0.0279
 Goal Loss: 24.9576, MIE Loss: 0.0026
 MSE Loss R: 4.4077, BCE Loss G: 20.5473
2024-12-06 07:31:36,075 - INFO - Epoch [37/100], Batch [10/12]
 Dt Loss: 0.0276
 Goal Loss: 27.7743, MIE Loss: 0.0267
 MSE Loss R: 4.9213, BCE Loss G: 22.8262
2024-12-06 07:31:37,371 - INFO - Epoch [37/100] completed. Average Goal Loss: 24.5382
2024-12-06 07:31:37,371 - INFO - Epoch [37/100] completed. Average Action Loss: 0.0280
2024-12-06 07:31:37,371 - INFO - ===================================================================================
2024-12-06 07:31:51,064 - INFO - Epoch [37/100]
Action Validation Loss: 0.0241 
 Goal Validation Loss: 27.7246 
 MIE Validation Loss: 0.0056 
 MSE R Validation Loss: 3.2225 
 BCE G Validation Loss: 24.4965
2024-12-06 07:31:51,064 - INFO - ===================================================================================
2024-12-06 07:31:51,065 - INFO - Completed in 0h 47m
2024-12-06 07:31:55,535 - INFO - Epoch [38/100], Batch [0/12]
 Dt Loss: 0.0277
 Goal Loss: 24.1784, MIE Loss: 0.0030
 MSE Loss R: 3.1051, BCE Loss G: 21.0703
2024-12-06 07:32:23,107 - INFO - Epoch [38/100], Batch [10/12]
 Dt Loss: 0.0271
 Goal Loss: 24.5459, MIE Loss: 0.0003
 MSE Loss R: 2.5376, BCE Loss G: 22.0079
2024-12-06 07:32:24,218 - INFO - Epoch [38/100] completed. Average Goal Loss: 23.2065
2024-12-06 07:32:24,219 - INFO - Epoch [38/100] completed. Average Action Loss: 0.0275
2024-12-06 07:32:24,219 - INFO - ===================================================================================
2024-12-06 07:32:36,741 - INFO - Epoch [38/100]
Action Validation Loss: 0.0237 
 Goal Validation Loss: 27.7402 
 MIE Validation Loss: 0.0005 
 MSE R Validation Loss: 3.4430 
 BCE G Validation Loss: 24.2967
2024-12-06 07:32:36,741 - INFO - ===================================================================================
2024-12-06 07:32:36,742 - INFO - Completed in 0h 48m
2024-12-06 07:33:35,519 - INFO - 38 Test Returns: 0.01
2024-12-06 07:33:35,521 - INFO - Model checkpoint saved at training_output/20241206_064338/models/epoch_38.pth
2024-12-06 07:33:40,993 - INFO - Epoch [39/100], Batch [0/12]
 Dt Loss: 0.0273
 Goal Loss: 21.8727, MIE Loss: 0.0002
 MSE Loss R: 1.3410, BCE Loss G: 20.5316
2024-12-06 07:34:09,175 - INFO - Epoch [39/100], Batch [10/12]
 Dt Loss: 0.0268
 Goal Loss: 20.0252, MIE Loss: 0.0007
 MSE Loss R: 1.5244, BCE Loss G: 18.5000
2024-12-06 07:34:10,493 - INFO - Epoch [39/100] completed. Average Goal Loss: 23.2397
2024-12-06 07:34:10,493 - INFO - Epoch [39/100] completed. Average Action Loss: 0.0272
2024-12-06 07:34:10,493 - INFO - ===================================================================================
2024-12-06 07:34:23,501 - INFO - Epoch [39/100]
Action Validation Loss: 0.0235 
 Goal Validation Loss: 27.9119 
 MIE Validation Loss: 0.0014 
 MSE R Validation Loss: 3.7790 
 BCE G Validation Loss: 24.1315
2024-12-06 07:34:23,501 - INFO - ===================================================================================
2024-12-06 07:34:23,501 - INFO - Completed in 0h 50m
2024-12-06 07:34:27,985 - INFO - Epoch [40/100], Batch [0/12]
 Dt Loss: 0.0272
 Goal Loss: 24.4816, MIE Loss: 0.0008
 MSE Loss R: 2.6470, BCE Loss G: 21.8338
2024-12-06 07:34:57,796 - INFO - Epoch [40/100], Batch [10/12]
 Dt Loss: 0.0267
 Goal Loss: 21.3000, MIE Loss: 0.0002
 MSE Loss R: 2.9359, BCE Loss G: 18.3640
2024-12-06 07:34:59,190 - INFO - Epoch [40/100] completed. Average Goal Loss: 22.6474
2024-12-06 07:34:59,190 - INFO - Epoch [40/100] completed. Average Action Loss: 0.0269
2024-12-06 07:34:59,190 - INFO - ===================================================================================
2024-12-06 07:35:13,714 - INFO - Epoch [40/100]
Action Validation Loss: 0.0235 
 Goal Validation Loss: 27.2644 
 MIE Validation Loss: 0.0005 
 MSE R Validation Loss: 3.2070 
 BCE G Validation Loss: 24.0569
2024-12-06 07:35:13,714 - INFO - ===================================================================================
2024-12-06 07:35:13,714 - INFO - Completed in 0h 50m
2024-12-06 07:36:13,310 - INFO - 40 Test Returns: 0.005
2024-12-06 07:36:13,312 - INFO - Model checkpoint saved at training_output/20241206_064338/models/epoch_40.pth
2024-12-06 07:36:17,572 - INFO - Epoch [41/100], Batch [0/12]
 Dt Loss: 0.0276
 Goal Loss: 20.5783, MIE Loss: 0.0002
 MSE Loss R: 1.9079, BCE Loss G: 18.6701
2024-12-06 07:36:45,981 - INFO - Epoch [41/100], Batch [10/12]
 Dt Loss: 0.0270
 Goal Loss: 22.5046, MIE Loss: 0.0005
 MSE Loss R: 1.2771, BCE Loss G: 21.2270
2024-12-06 07:36:47,144 - INFO - Epoch [41/100] completed. Average Goal Loss: 23.2323
2024-12-06 07:36:47,144 - INFO - Epoch [41/100] completed. Average Action Loss: 0.0272
2024-12-06 07:36:47,144 - INFO - ===================================================================================
2024-12-06 07:36:59,547 - INFO - Epoch [41/100]
Action Validation Loss: 0.0231 
 Goal Validation Loss: 29.3755 
 MIE Validation Loss: 0.0009 
 MSE R Validation Loss: 4.4759 
 BCE G Validation Loss: 24.8987
2024-12-06 07:36:59,547 - INFO - ===================================================================================
2024-12-06 07:36:59,548 - INFO - Completed in 0h 52m
2024-12-06 07:37:03,896 - INFO - Epoch [42/100], Batch [0/12]
 Dt Loss: 0.0268
 Goal Loss: 29.7971, MIE Loss: 0.0004
 MSE Loss R: 5.6282, BCE Loss G: 24.1686
2024-12-06 07:37:31,839 - INFO - Epoch [42/100], Batch [10/12]
 Dt Loss: 0.0272
 Goal Loss: 20.9143, MIE Loss: 0.0002
 MSE Loss R: 1.9293, BCE Loss G: 18.9848
2024-12-06 07:37:32,866 - INFO - Epoch [42/100] completed. Average Goal Loss: 23.0277
2024-12-06 07:37:32,866 - INFO - Epoch [42/100] completed. Average Action Loss: 0.0272
2024-12-06 07:37:32,866 - INFO - ===================================================================================
2024-12-06 07:37:48,809 - INFO - Epoch [42/100]
Action Validation Loss: 0.0240 
 Goal Validation Loss: 27.5255 
 MIE Validation Loss: 0.0005 
 MSE R Validation Loss: 3.2327 
 BCE G Validation Loss: 24.2924
2024-12-06 07:37:48,810 - INFO - ===================================================================================
2024-12-06 07:37:48,810 - INFO - Completed in 0h 53m
2024-12-06 07:38:47,436 - INFO - 42 Test Returns: 0.0
2024-12-06 07:38:47,437 - INFO - Model checkpoint saved at training_output/20241206_064338/models/epoch_42.pth
2024-12-06 07:38:52,515 - INFO - Epoch [43/100], Batch [0/12]
 Dt Loss: 0.0273
 Goal Loss: 20.1249, MIE Loss: 0.0002
 MSE Loss R: 1.5529, BCE Loss G: 18.5718
2024-12-06 07:39:22,548 - INFO - Epoch [43/100], Batch [10/12]
 Dt Loss: 0.0270
 Goal Loss: 23.3537, MIE Loss: 0.0002
 MSE Loss R: 2.3599, BCE Loss G: 20.9936
2024-12-06 07:39:23,951 - INFO - Epoch [43/100] completed. Average Goal Loss: 23.1491
2024-12-06 07:39:23,951 - INFO - Epoch [43/100] completed. Average Action Loss: 0.0271
2024-12-06 07:39:23,951 - INFO - ===================================================================================
2024-12-06 07:39:37,010 - INFO - Epoch [43/100]
Action Validation Loss: 0.0233 
 Goal Validation Loss: 28.4112 
 MIE Validation Loss: 0.0030 
 MSE R Validation Loss: 4.1666 
 BCE G Validation Loss: 24.2416
2024-12-06 07:39:37,010 - INFO - ===================================================================================
2024-12-06 07:39:37,011 - INFO - Completed in 0h 55m
2024-12-06 07:39:42,200 - INFO - Epoch [44/100], Batch [0/12]
 Dt Loss: 0.0274
 Goal Loss: 27.6369, MIE Loss: 0.0010
 MSE Loss R: 5.6012, BCE Loss G: 22.0348
2024-12-06 07:40:12,150 - INFO - Epoch [44/100], Batch [10/12]
 Dt Loss: 0.0264
 Goal Loss: 20.4730, MIE Loss: 0.0003
 MSE Loss R: 2.0719, BCE Loss G: 18.4009
2024-12-06 07:40:13,768 - INFO - Epoch [44/100] completed. Average Goal Loss: 22.7479
2024-12-06 07:40:13,769 - INFO - Epoch [44/100] completed. Average Action Loss: 0.0267
2024-12-06 07:40:13,769 - INFO - ===================================================================================
2024-12-06 07:40:27,030 - INFO - Epoch [44/100]
Action Validation Loss: 0.0224 
 Goal Validation Loss: 28.5582 
 MIE Validation Loss: 0.0003 
 MSE R Validation Loss: 4.4480 
 BCE G Validation Loss: 24.1099
2024-12-06 07:40:27,032 - INFO - ===================================================================================
2024-12-06 07:40:27,033 - INFO - Completed in 0h 56m
2024-12-06 07:41:27,824 - INFO - 44 Test Returns: 0.02
2024-12-06 07:41:27,826 - INFO - Model checkpoint saved at training_output/20241206_064338/models/epoch_44.pth
2024-12-06 07:41:32,766 - INFO - Epoch [45/100], Batch [0/12]
 Dt Loss: 0.0260
 Goal Loss: 27.7074, MIE Loss: 0.0002
 MSE Loss R: 5.6383, BCE Loss G: 22.0688
2024-12-06 07:41:59,956 - INFO - Epoch [45/100], Batch [10/12]
 Dt Loss: 0.0267
 Goal Loss: 22.6190, MIE Loss: 0.0002
 MSE Loss R: 1.6181, BCE Loss G: 21.0007
2024-12-06 07:42:01,213 - INFO - Epoch [45/100] completed. Average Goal Loss: 23.4507
2024-12-06 07:42:01,213 - INFO - Epoch [45/100] completed. Average Action Loss: 0.0261
2024-12-06 07:42:01,213 - INFO - ===================================================================================
2024-12-06 07:42:13,641 - INFO - Epoch [45/100]
Action Validation Loss: 0.0224 
 Goal Validation Loss: 27.5042 
 MIE Validation Loss: 0.0002 
 MSE R Validation Loss: 3.2182 
 BCE G Validation Loss: 24.2858
2024-12-06 07:42:13,642 - INFO - ===================================================================================
2024-12-06 07:42:13,643 - INFO - Completed in 0h 57m
2024-12-06 07:42:18,161 - INFO - Epoch [46/100], Batch [0/12]
 Dt Loss: 0.0263
 Goal Loss: 22.7588, MIE Loss: 0.0003
 MSE Loss R: 1.4753, BCE Loss G: 21.2833
2024-12-06 07:42:47,078 - INFO - Epoch [46/100], Batch [10/12]
 Dt Loss: 0.0260
 Goal Loss: 25.7154, MIE Loss: 0.0014
 MSE Loss R: 5.1740, BCE Loss G: 20.5401
2024-12-06 07:42:48,167 - INFO - Epoch [46/100] completed. Average Goal Loss: 23.2407
2024-12-06 07:42:48,167 - INFO - Epoch [46/100] completed. Average Action Loss: 0.0263
2024-12-06 07:42:48,167 - INFO - ===================================================================================
2024-12-06 07:43:02,270 - INFO - Epoch [46/100]
Action Validation Loss: 0.0221 
 Goal Validation Loss: 27.7409 
 MIE Validation Loss: 0.0003 
 MSE R Validation Loss: 3.5568 
 BCE G Validation Loss: 24.1839
2024-12-06 07:43:02,271 - INFO - ===================================================================================
2024-12-06 07:43:02,271 - INFO - Completed in 0h 58m
2024-12-06 07:44:00,597 - INFO - 46 Test Returns: 0.005
2024-12-06 07:44:00,598 - INFO - Model checkpoint saved at training_output/20241206_064338/models/epoch_46.pth
2024-12-06 07:44:05,340 - INFO - Epoch [47/100], Batch [0/12]
 Dt Loss: 0.0260
 Goal Loss: 23.4356, MIE Loss: 0.0001
 MSE Loss R: 1.3604, BCE Loss G: 22.0750
2024-12-06 07:44:34,034 - INFO - Epoch [47/100], Batch [10/12]
 Dt Loss: 0.0252
 Goal Loss: 20.6251, MIE Loss: 0.0001
 MSE Loss R: 2.0071, BCE Loss G: 18.6179
2024-12-06 07:44:35,192 - INFO - Epoch [47/100] completed. Average Goal Loss: 23.7076
2024-12-06 07:44:35,192 - INFO - Epoch [47/100] completed. Average Action Loss: 0.0255
2024-12-06 07:44:35,193 - INFO - ===================================================================================
2024-12-06 07:44:48,906 - INFO - Epoch [47/100]
Action Validation Loss: 0.0215 
 Goal Validation Loss: 27.6545 
 MIE Validation Loss: 0.0003 
 MSE R Validation Loss: 3.5905 
 BCE G Validation Loss: 24.0637
2024-12-06 07:44:48,906 - INFO - ===================================================================================
2024-12-06 07:44:48,906 - INFO - Completed in 1h 0m
2024-12-06 07:44:53,466 - INFO - Epoch [48/100], Batch [0/12]
 Dt Loss: 0.0254
 Goal Loss: 20.9524, MIE Loss: 0.0001
 MSE Loss R: 1.6259, BCE Loss G: 19.3263
2024-12-06 07:45:21,916 - INFO - Epoch [48/100], Batch [10/12]
 Dt Loss: 0.0256
 Goal Loss: 24.5194, MIE Loss: 0.0002
 MSE Loss R: 2.8311, BCE Loss G: 21.6881
2024-12-06 07:45:23,719 - INFO - Epoch [48/100] completed. Average Goal Loss: 22.6321
2024-12-06 07:45:23,719 - INFO - Epoch [48/100] completed. Average Action Loss: 0.0256
2024-12-06 07:45:23,719 - INFO - ===================================================================================
2024-12-06 07:45:37,939 - INFO - Epoch [48/100]
Action Validation Loss: 0.0228 
 Goal Validation Loss: 28.0423 
 MIE Validation Loss: 0.0010 
 MSE R Validation Loss: 4.0148 
 BCE G Validation Loss: 24.0266
2024-12-06 07:45:37,940 - INFO - ===================================================================================
2024-12-06 07:45:37,941 - INFO - Completed in 1h 1m
2024-12-06 07:46:36,587 - INFO - 48 Test Returns: 0.01
2024-12-06 07:46:36,588 - INFO - Model checkpoint saved at training_output/20241206_064338/models/epoch_48.pth
2024-12-06 07:46:41,046 - INFO - Epoch [49/100], Batch [0/12]
 Dt Loss: 0.0265
 Goal Loss: 23.5737, MIE Loss: 0.0004
 MSE Loss R: 1.6310, BCE Loss G: 21.9422
2024-12-06 07:47:08,235 - INFO - Epoch [49/100], Batch [10/12]
 Dt Loss: 0.0255
 Goal Loss: 26.0786, MIE Loss: 0.0014
 MSE Loss R: 4.5267, BCE Loss G: 21.5505
2024-12-06 07:47:09,481 - INFO - Epoch [49/100] completed. Average Goal Loss: 23.7934
2024-12-06 07:47:09,481 - INFO - Epoch [49/100] completed. Average Action Loss: 0.0258
2024-12-06 07:47:09,481 - INFO - ===================================================================================
2024-12-06 07:47:22,505 - INFO - Epoch [49/100]
Action Validation Loss: 0.0221 
 Goal Validation Loss: 28.6481 
 MIE Validation Loss: 0.0005 
 MSE R Validation Loss: 4.6204 
 BCE G Validation Loss: 24.0272
2024-12-06 07:47:22,506 - INFO - ===================================================================================
2024-12-06 07:47:22,506 - INFO - Completed in 1h 3m
2024-12-06 07:47:28,398 - INFO - Epoch [50/100], Batch [0/12]
 Dt Loss: 0.0262
 Goal Loss: 28.6944, MIE Loss: 0.0005
 MSE Loss R: 6.5302, BCE Loss G: 22.1637
2024-12-06 07:47:57,419 - INFO - Epoch [50/100], Batch [10/12]
 Dt Loss: 0.0259
 Goal Loss: 21.1130, MIE Loss: 0.0002
 MSE Loss R: 1.4120, BCE Loss G: 19.7008
2024-12-06 07:47:58,534 - INFO - Epoch [50/100] completed. Average Goal Loss: 22.8219
2024-12-06 07:47:58,534 - INFO - Epoch [50/100] completed. Average Action Loss: 0.0256
2024-12-06 07:47:58,534 - INFO - ===================================================================================
2024-12-06 07:48:12,407 - INFO - Epoch [50/100]
Action Validation Loss: 0.0220 
 Goal Validation Loss: 27.2811 
 MIE Validation Loss: 0.0005 
 MSE R Validation Loss: 3.2802 
 BCE G Validation Loss: 24.0004
2024-12-06 07:48:12,407 - INFO - ===================================================================================
2024-12-06 07:48:12,408 - INFO - Completed in 1h 3m
2024-12-06 07:49:12,943 - INFO - 50 Test Returns: 0.01
2024-12-06 07:49:12,944 - INFO - Model checkpoint saved at training_output/20241206_064338/models/epoch_50.pth
2024-12-06 07:49:17,813 - INFO - Epoch [51/100], Batch [0/12]
 Dt Loss: 0.0262
 Goal Loss: 20.5724, MIE Loss: 0.0003
 MSE Loss R: 1.9623, BCE Loss G: 18.6098
2024-12-06 07:49:47,521 - INFO - Epoch [51/100], Batch [10/12]
 Dt Loss: 0.0250
 Goal Loss: 21.8937, MIE Loss: 0.0002
 MSE Loss R: 1.4125, BCE Loss G: 20.4810
2024-12-06 07:49:48,713 - INFO - Epoch [51/100] completed. Average Goal Loss: 22.9030
2024-12-06 07:49:48,713 - INFO - Epoch [51/100] completed. Average Action Loss: 0.0255
2024-12-06 07:49:48,714 - INFO - ===================================================================================
2024-12-06 07:50:01,710 - INFO - Epoch [51/100]
Action Validation Loss: 0.0214 
 Goal Validation Loss: 27.4151 
 MIE Validation Loss: 0.0002 
 MSE R Validation Loss: 3.2836 
 BCE G Validation Loss: 24.1314
2024-12-06 07:50:01,711 - INFO - ===================================================================================
2024-12-06 07:50:01,711 - INFO - Completed in 1h 5m
2024-12-06 07:50:06,242 - INFO - Epoch [52/100], Batch [0/12]
 Dt Loss: 0.0253
 Goal Loss: 22.1570, MIE Loss: 0.0001
 MSE Loss R: 2.5101, BCE Loss G: 19.6468
2024-12-06 07:50:35,676 - INFO - Epoch [52/100], Batch [10/12]
 Dt Loss: 0.0263
 Goal Loss: 20.5897, MIE Loss: 0.0001
 MSE Loss R: 1.9587, BCE Loss G: 18.6309
2024-12-06 07:50:37,008 - INFO - Epoch [52/100] completed. Average Goal Loss: 23.0564
2024-12-06 07:50:37,008 - INFO - Epoch [52/100] completed. Average Action Loss: 0.0252
2024-12-06 07:50:37,009 - INFO - ===================================================================================
