2024-11-21 15:27:25,870 - INFO - Starting.
2024-11-21 15:27:25,870 - INFO - Loading Data.
2024-11-21 15:48:17,056 - INFO - Data loaded in 0.0 hours 20.0 minutes.
2024-11-21 15:48:17,179 - INFO - Training Started.
2024-11-21 15:48:30,128 - INFO - Epoch [1/100], Batch [0/52]
 Dt Loss: 0.0864
 
2024-11-21 15:48:42,850 - INFO - Epoch [1/100], Batch [10/52]
 Dt Loss: 0.0858
 
2024-11-21 15:48:55,386 - INFO - Epoch [1/100], Batch [20/52]
 Dt Loss: 0.0848
 
2024-11-21 15:49:07,987 - INFO - Epoch [1/100], Batch [30/52]
 Dt Loss: 0.0838
 
2024-11-21 15:49:20,700 - INFO - Epoch [1/100], Batch [40/52]
 Dt Loss: 0.0830
 
2024-11-21 15:49:32,700 - INFO - Epoch [1/100], Batch [50/52]
 Dt Loss: 0.0820
 
2024-11-21 15:49:35,688 - INFO - Epoch [1/100] completed. Average Action Loss: 0.0842
2024-11-21 15:49:35,688 - INFO - ===================================================================================
2024-11-21 15:50:20,450 - INFO - Epoch [1/100]
 Validation Loss: 0.0817 
 
2024-11-21 15:50:20,450 - INFO - ===================================================================================
2024-11-21 15:50:20,451 - INFO - Completed in 0h 2m
2024-11-21 15:53:37,380 - INFO - 1 Test Returns: 54.4
2024-11-21 15:53:49,320 - INFO - Epoch [2/100], Batch [0/52]
 Dt Loss: 0.0818
 
2024-11-21 15:54:01,471 - INFO - Epoch [2/100], Batch [10/52]
 Dt Loss: 0.0810
 
2024-11-21 15:54:13,326 - INFO - Epoch [2/100], Batch [20/52]
 Dt Loss: 0.0805
 
2024-11-21 15:54:25,442 - INFO - Epoch [2/100], Batch [30/52]
 Dt Loss: 0.0799
 
2024-11-21 15:54:37,600 - INFO - Epoch [2/100], Batch [40/52]
 Dt Loss: 0.0794
 
2024-11-21 15:54:49,243 - INFO - Epoch [2/100], Batch [50/52]
 Dt Loss: 0.0784
 
2024-11-21 15:54:52,669 - INFO - Epoch [2/100] completed. Average Action Loss: 0.0802
2024-11-21 15:54:52,670 - INFO - ===================================================================================
2024-11-21 15:55:37,383 - INFO - Epoch [2/100]
 Validation Loss: 0.0783 
 
2024-11-21 15:55:37,383 - INFO - ===================================================================================
2024-11-21 15:55:37,387 - INFO - Completed in 0h 7m
2024-11-21 15:58:56,652 - INFO - 2 Test Returns: 54.6
2024-11-21 15:59:10,366 - INFO - Epoch [3/100], Batch [0/52]
 Dt Loss: 0.0787
 
2024-11-21 15:59:22,447 - INFO - Epoch [3/100], Batch [10/52]
 Dt Loss: 0.0787
 
2024-11-21 15:59:34,478 - INFO - Epoch [3/100], Batch [20/52]
 Dt Loss: 0.0777
 
2024-11-21 15:59:46,392 - INFO - Epoch [3/100], Batch [30/52]
 Dt Loss: 0.0771
 
2024-11-21 15:59:58,022 - INFO - Epoch [3/100], Batch [40/52]
 Dt Loss: 0.0766
 
2024-11-21 16:00:10,303 - INFO - Epoch [3/100], Batch [50/52]
 Dt Loss: 0.0756
 
2024-11-21 16:00:13,651 - INFO - Epoch [3/100] completed. Average Action Loss: 0.0774
2024-11-21 16:00:13,651 - INFO - ===================================================================================
2024-11-21 16:01:00,636 - INFO - Epoch [3/100]
 Validation Loss: 0.0753 
 
2024-11-21 16:01:00,636 - INFO - ===================================================================================
2024-11-21 16:01:00,636 - INFO - Completed in 0h 12m
2024-11-21 16:01:13,289 - INFO - Epoch [4/100], Batch [0/52]
 Dt Loss: 0.0753
 
2024-11-21 16:01:26,191 - INFO - Epoch [4/100], Batch [10/52]
 Dt Loss: 0.0749
 
2024-11-21 16:01:38,327 - INFO - Epoch [4/100], Batch [20/52]
 Dt Loss: 0.0734
 
2024-11-21 16:01:50,402 - INFO - Epoch [4/100], Batch [30/52]
 Dt Loss: 0.0725
 
2024-11-21 16:02:02,660 - INFO - Epoch [4/100], Batch [40/52]
 Dt Loss: 0.0707
 
2024-11-21 16:02:14,553 - INFO - Epoch [4/100], Batch [50/52]
 Dt Loss: 0.0677
 
2024-11-21 16:02:18,313 - INFO - Epoch [4/100] completed. Average Action Loss: 0.0724
2024-11-21 16:02:18,314 - INFO - ===================================================================================
2024-11-21 16:03:06,633 - INFO - Epoch [4/100]
 Validation Loss: 0.0656 
 
2024-11-21 16:03:06,634 - INFO - ===================================================================================
2024-11-21 16:03:06,634 - INFO - Completed in 0h 14m
2024-11-21 16:06:28,030 - INFO - 4 Test Returns: 52.6
2024-11-21 16:06:41,705 - INFO - Epoch [5/100], Batch [0/52]
 Dt Loss: 0.0673
 
2024-11-21 16:06:53,838 - INFO - Epoch [5/100], Batch [10/52]
 Dt Loss: 0.0646
 
2024-11-21 16:07:05,744 - INFO - Epoch [5/100], Batch [20/52]
 Dt Loss: 0.0621
 
2024-11-21 16:07:18,090 - INFO - Epoch [5/100], Batch [30/52]
 Dt Loss: 0.0600
 
2024-11-21 16:07:30,077 - INFO - Epoch [5/100], Batch [40/52]
 Dt Loss: 0.0574
 
2024-11-21 16:07:41,908 - INFO - Epoch [5/100], Batch [50/52]
 Dt Loss: 0.0557
 
2024-11-21 16:07:45,836 - INFO - Epoch [5/100] completed. Average Action Loss: 0.0611
2024-11-21 16:07:45,836 - INFO - ===================================================================================
2024-11-21 16:08:36,152 - INFO - Epoch [5/100]
 Validation Loss: 0.0535 
 
2024-11-21 16:08:36,152 - INFO - ===================================================================================
2024-11-21 16:08:36,153 - INFO - Completed in 0h 20m
2024-11-21 16:08:50,565 - INFO - Epoch [6/100], Batch [0/52]
 Dt Loss: 0.0563
 
2024-11-21 16:09:03,135 - INFO - Epoch [6/100], Batch [10/52]
 Dt Loss: 0.0548
 
2024-11-21 16:09:15,448 - INFO - Epoch [6/100], Batch [20/52]
 Dt Loss: 0.0537
 
2024-11-21 16:09:27,320 - INFO - Epoch [6/100], Batch [30/52]
 Dt Loss: 0.0531
 
2024-11-21 16:09:39,477 - INFO - Epoch [6/100], Batch [40/52]
 Dt Loss: 0.0522
 
2024-11-21 16:09:51,761 - INFO - Epoch [6/100], Batch [50/52]
 Dt Loss: 0.0513
 
2024-11-21 16:09:55,787 - INFO - Epoch [6/100] completed. Average Action Loss: 0.0535
2024-11-21 16:09:55,787 - INFO - ===================================================================================
2024-11-21 16:10:48,754 - INFO - Epoch [6/100]
 Validation Loss: 0.0496 
 
2024-11-21 16:10:48,755 - INFO - ===================================================================================
2024-11-21 16:10:48,755 - INFO - Completed in 0h 22m
2024-11-21 16:14:10,739 - INFO - 6 Test Returns: 54.6
2024-11-21 16:14:25,616 - INFO - Epoch [7/100], Batch [0/52]
 Dt Loss: 0.0520
 
2024-11-21 16:14:37,783 - INFO - Epoch [7/100], Batch [10/52]
 Dt Loss: 0.0508
 
2024-11-21 16:14:50,127 - INFO - Epoch [7/100], Batch [20/52]
 Dt Loss: 0.0507
 
2024-11-21 16:15:03,215 - INFO - Epoch [7/100], Batch [30/52]
 Dt Loss: 0.0506
 
2024-11-21 16:15:15,744 - INFO - Epoch [7/100], Batch [40/52]
 Dt Loss: 0.0497
 
2024-11-21 16:15:28,568 - INFO - Epoch [7/100], Batch [50/52]
 Dt Loss: 0.0491
 
2024-11-21 16:15:32,394 - INFO - Epoch [7/100] completed. Average Action Loss: 0.0504
2024-11-21 16:15:32,394 - INFO - ===================================================================================
2024-11-21 16:16:22,174 - INFO - Epoch [7/100]
 Validation Loss: 0.0471 
 
2024-11-21 16:16:22,174 - INFO - ===================================================================================
2024-11-21 16:16:22,175 - INFO - Completed in 0h 28m
2024-11-21 16:16:36,864 - INFO - Epoch [8/100], Batch [0/52]
 Dt Loss: 0.0486
 
2024-11-21 16:16:49,277 - INFO - Epoch [8/100], Batch [10/52]
 Dt Loss: 0.0488
 
2024-11-21 16:17:01,334 - INFO - Epoch [8/100], Batch [20/52]
 Dt Loss: 0.0485
 
2024-11-21 16:17:13,149 - INFO - Epoch [8/100], Batch [30/52]
 Dt Loss: 0.0484
 
2024-11-21 16:17:25,181 - INFO - Epoch [8/100], Batch [40/52]
 Dt Loss: 0.0473
 
2024-11-21 16:17:37,254 - INFO - Epoch [8/100], Batch [50/52]
 Dt Loss: 0.0471
 
2024-11-21 16:17:41,430 - INFO - Epoch [8/100] completed. Average Action Loss: 0.0482
2024-11-21 16:17:41,431 - INFO - ===================================================================================
2024-11-21 16:18:33,492 - INFO - Epoch [8/100]
 Validation Loss: 0.0447 
 
2024-11-21 16:18:33,492 - INFO - ===================================================================================
2024-11-21 16:18:33,492 - INFO - Completed in 0h 30m
2024-11-21 16:21:54,037 - INFO - 8 Test Returns: 54.6
2024-11-21 16:22:10,319 - INFO - Epoch [9/100], Batch [0/52]
 Dt Loss: 0.0472
 
2024-11-21 16:22:22,835 - INFO - Epoch [9/100], Batch [10/52]
 Dt Loss: 0.0468
 
2024-11-21 16:22:35,315 - INFO - Epoch [9/100], Batch [20/52]
 Dt Loss: 0.0459
 
2024-11-21 16:22:48,402 - INFO - Epoch [9/100], Batch [30/52]
 Dt Loss: 0.0463
 
2024-11-21 16:23:00,577 - INFO - Epoch [9/100], Batch [40/52]
 Dt Loss: 0.0458
 
2024-11-21 16:23:13,268 - INFO - Epoch [9/100], Batch [50/52]
 Dt Loss: 0.0451
 
2024-11-21 16:23:17,380 - INFO - Epoch [9/100] completed. Average Action Loss: 0.0461
2024-11-21 16:23:17,380 - INFO - ===================================================================================
2024-11-21 16:24:08,430 - INFO - Epoch [9/100]
 Validation Loss: 0.0429 
 
2024-11-21 16:24:08,430 - INFO - ===================================================================================
2024-11-21 16:24:08,431 - INFO - Completed in 0h 35m
2024-11-21 16:24:23,089 - INFO - Epoch [10/100], Batch [0/52]
 Dt Loss: 0.0454
 
2024-11-21 16:24:35,434 - INFO - Epoch [10/100], Batch [10/52]
 Dt Loss: 0.0443
 
2024-11-21 16:24:47,428 - INFO - Epoch [10/100], Batch [20/52]
 Dt Loss: 0.0447
 
2024-11-21 16:24:59,557 - INFO - Epoch [10/100], Batch [30/52]
 Dt Loss: 0.0440
 
2024-11-21 16:25:12,334 - INFO - Epoch [10/100], Batch [40/52]
 Dt Loss: 0.0438
 
2024-11-21 16:25:24,589 - INFO - Epoch [10/100], Batch [50/52]
 Dt Loss: 0.0442
 
2024-11-21 16:25:28,635 - INFO - Epoch [10/100] completed. Average Action Loss: 0.0445
2024-11-21 16:25:28,635 - INFO - ===================================================================================
2024-11-21 16:26:19,577 - INFO - Epoch [10/100]
 Validation Loss: 0.0411 
 
2024-11-21 16:26:19,577 - INFO - ===================================================================================
2024-11-21 16:26:19,578 - INFO - Completed in 0h 38m
2024-11-21 16:29:32,399 - INFO - 10 Test Returns: 53.6
2024-11-21 16:29:47,568 - INFO - Epoch [11/100], Batch [0/52]
 Dt Loss: 0.0439
 
2024-11-21 16:29:59,805 - INFO - Epoch [11/100], Batch [10/52]
 Dt Loss: 0.0441
 
2024-11-21 16:30:11,345 - INFO - Epoch [11/100], Batch [20/52]
 Dt Loss: 0.0436
 
2024-11-21 16:30:22,854 - INFO - Epoch [11/100], Batch [30/52]
 Dt Loss: 0.0430
 
2024-11-21 16:30:34,078 - INFO - Epoch [11/100], Batch [40/52]
 Dt Loss: 0.0426
 
2024-11-21 16:30:45,499 - INFO - Epoch [11/100], Batch [50/52]
 Dt Loss: 0.0425
 
2024-11-21 16:30:49,848 - INFO - Epoch [11/100] completed. Average Action Loss: 0.0431
2024-11-21 16:30:49,849 - INFO - ===================================================================================
2024-11-21 16:31:39,997 - INFO - Epoch [11/100]
 Validation Loss: 0.0395 
 
2024-11-21 16:31:39,998 - INFO - ===================================================================================
2024-11-21 16:31:39,998 - INFO - Completed in 0h 43m
2024-11-21 16:31:55,535 - INFO - Epoch [12/100], Batch [0/52]
 Dt Loss: 0.0425
 
2024-11-21 16:32:07,338 - INFO - Epoch [12/100], Batch [10/52]
 Dt Loss: 0.0426
 
2024-11-21 16:32:18,814 - INFO - Epoch [12/100], Batch [20/52]
 Dt Loss: 0.0412
 
2024-11-21 16:32:30,883 - INFO - Epoch [12/100], Batch [30/52]
 Dt Loss: 0.0416
 
2024-11-21 16:32:42,375 - INFO - Epoch [12/100], Batch [40/52]
 Dt Loss: 0.0412
 
2024-11-21 16:32:53,999 - INFO - Epoch [12/100], Batch [50/52]
 Dt Loss: 0.0423
 
2024-11-21 16:32:57,178 - INFO - Epoch [12/100] completed. Average Action Loss: 0.0418
2024-11-21 16:32:57,178 - INFO - ===================================================================================
2024-11-21 16:33:44,551 - INFO - Epoch [12/100]
 Validation Loss: 0.0382 
 
2024-11-21 16:33:44,552 - INFO - ===================================================================================
2024-11-21 16:33:44,553 - INFO - Completed in 0h 45m
2024-11-21 16:36:53,045 - INFO - 12 Test Returns: 56.0
2024-11-21 16:37:06,517 - INFO - Epoch [13/100], Batch [0/52]
 Dt Loss: 0.0419
 
2024-11-21 16:37:18,288 - INFO - Epoch [13/100], Batch [10/52]
 Dt Loss: 0.0416
 
2024-11-21 16:37:30,331 - INFO - Epoch [13/100], Batch [20/52]
 Dt Loss: 0.0407
 
2024-11-21 16:37:41,972 - INFO - Epoch [13/100], Batch [30/52]
 Dt Loss: 0.0406
 
2024-11-21 16:37:53,953 - INFO - Epoch [13/100], Batch [40/52]
 Dt Loss: 0.0410
 
2024-11-21 16:38:05,459 - INFO - Epoch [13/100], Batch [50/52]
 Dt Loss: 0.0404
 
2024-11-21 16:38:08,717 - INFO - Epoch [13/100] completed. Average Action Loss: 0.0406
2024-11-21 16:38:08,717 - INFO - ===================================================================================
2024-11-21 16:38:56,432 - INFO - Epoch [13/100]
 Validation Loss: 0.0369 
 
2024-11-21 16:38:56,432 - INFO - ===================================================================================
2024-11-21 16:38:56,433 - INFO - Completed in 0h 50m
2024-11-21 16:39:10,259 - INFO - Epoch [14/100], Batch [0/52]
 Dt Loss: 0.0406
 
2024-11-21 16:39:22,226 - INFO - Epoch [14/100], Batch [10/52]
 Dt Loss: 0.0393
 
2024-11-21 16:39:33,204 - INFO - Epoch [14/100], Batch [20/52]
 Dt Loss: 0.0400
 
2024-11-21 16:39:45,148 - INFO - Epoch [14/100], Batch [30/52]
 Dt Loss: 0.0398
 
2024-11-21 16:39:57,167 - INFO - Epoch [14/100], Batch [40/52]
 Dt Loss: 0.0393
 
2024-11-21 16:40:08,600 - INFO - Epoch [14/100], Batch [50/52]
 Dt Loss: 0.0386
 
2024-11-21 16:40:12,261 - INFO - Epoch [14/100] completed. Average Action Loss: 0.0396
2024-11-21 16:40:12,261 - INFO - ===================================================================================
2024-11-21 16:40:59,293 - INFO - Epoch [14/100]
 Validation Loss: 0.0360 
 
2024-11-21 16:40:59,294 - INFO - ===================================================================================
2024-11-21 16:40:59,294 - INFO - Completed in 0h 52m
2024-11-21 16:44:11,584 - INFO - 14 Test Returns: 54.2
2024-11-21 16:44:24,724 - INFO - Epoch [15/100], Batch [0/52]
 Dt Loss: 0.0387
 
2024-11-21 16:44:36,877 - INFO - Epoch [15/100], Batch [10/52]
 Dt Loss: 0.0388
 
2024-11-21 16:44:48,616 - INFO - Epoch [15/100], Batch [20/52]
 Dt Loss: 0.0387
 
2024-11-21 16:45:00,676 - INFO - Epoch [15/100], Batch [30/52]
 Dt Loss: 0.0391
 
2024-11-21 16:45:12,414 - INFO - Epoch [15/100], Batch [40/52]
 Dt Loss: 0.0383
 
2024-11-21 16:45:24,049 - INFO - Epoch [15/100], Batch [50/52]
 Dt Loss: 0.0389
 
2024-11-21 16:45:27,068 - INFO - Epoch [15/100] completed. Average Action Loss: 0.0387
2024-11-21 16:45:27,068 - INFO - ===================================================================================
2024-11-21 16:46:12,879 - INFO - Epoch [15/100]
 Validation Loss: 0.0350 
 
2024-11-21 16:46:12,879 - INFO - ===================================================================================
2024-11-21 16:46:12,880 - INFO - Completed in 0h 57m
2024-11-21 16:46:27,890 - INFO - Epoch [16/100], Batch [0/52]
 Dt Loss: 0.0380
 
2024-11-21 16:46:40,066 - INFO - Epoch [16/100], Batch [10/52]
 Dt Loss: 0.0378
 
2024-11-21 16:46:51,744 - INFO - Epoch [16/100], Batch [20/52]
 Dt Loss: 0.0380
 
2024-11-21 16:47:03,743 - INFO - Epoch [16/100], Batch [30/52]
 Dt Loss: 0.0384
 
2024-11-21 16:47:15,209 - INFO - Epoch [16/100], Batch [40/52]
 Dt Loss: 0.0376
 
2024-11-21 16:47:26,455 - INFO - Epoch [16/100], Batch [50/52]
 Dt Loss: 0.0378
 
2024-11-21 16:47:30,722 - INFO - Epoch [16/100] completed. Average Action Loss: 0.0379
2024-11-21 16:47:30,722 - INFO - ===================================================================================
2024-11-21 16:48:18,104 - INFO - Epoch [16/100]
 Validation Loss: 0.0341 
 
2024-11-21 16:48:18,104 - INFO - ===================================================================================
2024-11-21 16:48:18,105 - INFO - Completed in 1h 0m
2024-11-21 16:51:24,247 - INFO - 16 Test Returns: 55.8
2024-11-21 16:51:37,349 - INFO - Epoch [17/100], Batch [0/52]
 Dt Loss: 0.0372
 
2024-11-21 16:51:48,315 - INFO - Epoch [17/100], Batch [10/52]
 Dt Loss: 0.0373
 
2024-11-21 16:51:59,374 - INFO - Epoch [17/100], Batch [20/52]
 Dt Loss: 0.0370
 
2024-11-21 16:52:10,172 - INFO - Epoch [17/100], Batch [30/52]
 Dt Loss: 0.0370
 
2024-11-21 16:52:21,253 - INFO - Epoch [17/100], Batch [40/52]
 Dt Loss: 0.0368
 
2024-11-21 16:52:32,495 - INFO - Epoch [17/100], Batch [50/52]
 Dt Loss: 0.0362
 
2024-11-21 16:52:36,626 - INFO - Epoch [17/100] completed. Average Action Loss: 0.0371
2024-11-21 16:52:36,626 - INFO - ===================================================================================
2024-11-21 16:53:23,912 - INFO - Epoch [17/100]
 Validation Loss: 0.0337 
 
2024-11-21 16:53:23,913 - INFO - ===================================================================================
2024-11-21 16:53:23,913 - INFO - Completed in 1h 5m
2024-11-21 16:53:36,403 - INFO - Epoch [18/100], Batch [0/52]
 Dt Loss: 0.0368
 
2024-11-21 16:53:47,405 - INFO - Epoch [18/100], Batch [10/52]
 Dt Loss: 0.0369
 
2024-11-21 16:53:58,827 - INFO - Epoch [18/100], Batch [20/52]
 Dt Loss: 0.0368
 
2024-11-21 16:54:09,780 - INFO - Epoch [18/100], Batch [30/52]
 Dt Loss: 0.0365
 
2024-11-21 16:54:20,603 - INFO - Epoch [18/100], Batch [40/52]
 Dt Loss: 0.0363
 
2024-11-21 16:54:31,760 - INFO - Epoch [18/100], Batch [50/52]
 Dt Loss: 0.0363
 
2024-11-21 16:54:35,836 - INFO - Epoch [18/100] completed. Average Action Loss: 0.0367
2024-11-21 16:54:35,837 - INFO - ===================================================================================
2024-11-21 16:55:21,624 - INFO - Epoch [18/100]
 Validation Loss: 0.0330 
 
2024-11-21 16:55:21,624 - INFO - ===================================================================================
2024-11-21 16:55:21,624 - INFO - Completed in 1h 7m
2024-11-21 16:58:08,402 - INFO - 18 Test Returns: 56.2
2024-11-21 16:58:23,002 - INFO - Epoch [19/100], Batch [0/52]
 Dt Loss: 0.0362
 
2024-11-21 16:58:34,080 - INFO - Epoch [19/100], Batch [10/52]
 Dt Loss: 0.0361
 
2024-11-21 16:58:45,437 - INFO - Epoch [19/100], Batch [20/52]
 Dt Loss: 0.0360
 
2024-11-21 16:58:56,506 - INFO - Epoch [19/100], Batch [30/52]
 Dt Loss: 0.0362
 
2024-11-21 16:59:07,261 - INFO - Epoch [19/100], Batch [40/52]
 Dt Loss: 0.0364
 
2024-11-21 16:59:18,380 - INFO - Epoch [19/100], Batch [50/52]
 Dt Loss: 0.0359
 
2024-11-21 16:59:22,530 - INFO - Epoch [19/100] completed. Average Action Loss: 0.0360
2024-11-21 16:59:22,531 - INFO - ===================================================================================
2024-11-21 17:00:07,570 - INFO - Epoch [19/100]
 Validation Loss: 0.0325 
 
2024-11-21 17:00:07,571 - INFO - ===================================================================================
2024-11-21 17:00:07,571 - INFO - Completed in 1h 11m
2024-11-21 17:00:20,669 - INFO - Epoch [20/100], Batch [0/52]
 Dt Loss: 0.0355
 
2024-11-21 17:00:32,262 - INFO - Epoch [20/100], Batch [10/52]
 Dt Loss: 0.0355
 
2024-11-21 17:00:43,573 - INFO - Epoch [20/100], Batch [20/52]
 Dt Loss: 0.0362
 
2024-11-21 17:00:54,371 - INFO - Epoch [20/100], Batch [30/52]
 Dt Loss: 0.0350
 
2024-11-21 17:01:05,382 - INFO - Epoch [20/100], Batch [40/52]
 Dt Loss: 0.0349
 
2024-11-21 17:01:16,033 - INFO - Epoch [20/100], Batch [50/52]
 Dt Loss: 0.0353
 
2024-11-21 17:01:20,109 - INFO - Epoch [20/100] completed. Average Action Loss: 0.0354
2024-11-21 17:01:20,109 - INFO - ===================================================================================
2024-11-21 17:02:04,760 - INFO - Epoch [20/100]
 Validation Loss: 0.0322 
 
2024-11-21 17:02:04,760 - INFO - ===================================================================================
2024-11-21 17:02:04,761 - INFO - Completed in 1h 13m
2024-11-21 17:04:57,617 - INFO - 20 Test Returns: 53.8
2024-11-21 17:05:10,206 - INFO - Epoch [21/100], Batch [0/52]
 Dt Loss: 0.0353
 
2024-11-21 17:05:21,574 - INFO - Epoch [21/100], Batch [10/52]
 Dt Loss: 0.0346
 
2024-11-21 17:05:32,802 - INFO - Epoch [21/100], Batch [20/52]
 Dt Loss: 0.0352
 
2024-11-21 17:05:43,682 - INFO - Epoch [21/100], Batch [30/52]
 Dt Loss: 0.0352
 
2024-11-21 17:05:54,550 - INFO - Epoch [21/100], Batch [40/52]
 Dt Loss: 0.0349
 
2024-11-21 17:06:05,252 - INFO - Epoch [21/100], Batch [50/52]
 Dt Loss: 0.0347
 
2024-11-21 17:06:08,366 - INFO - Epoch [21/100] completed. Average Action Loss: 0.0352
2024-11-21 17:06:08,366 - INFO - ===================================================================================
2024-11-21 17:06:52,572 - INFO - Epoch [21/100]
 Validation Loss: 0.0315 
 
2024-11-21 17:06:52,572 - INFO - ===================================================================================
2024-11-21 17:06:52,577 - INFO - Completed in 1h 18m
2024-11-21 17:07:05,726 - INFO - Epoch [22/100], Batch [0/52]
 Dt Loss: 0.0349
 
2024-11-21 17:07:17,529 - INFO - Epoch [22/100], Batch [10/52]
 Dt Loss: 0.0344
 
2024-11-21 17:07:28,819 - INFO - Epoch [22/100], Batch [20/52]
 Dt Loss: 0.0344
 
2024-11-21 17:07:40,005 - INFO - Epoch [22/100], Batch [30/52]
 Dt Loss: 0.0342
 
2024-11-21 17:07:51,077 - INFO - Epoch [22/100], Batch [40/52]
 Dt Loss: 0.0345
 
2024-11-21 17:08:02,000 - INFO - Epoch [22/100], Batch [50/52]
 Dt Loss: 0.0350
 
2024-11-21 17:08:04,976 - INFO - Epoch [22/100] completed. Average Action Loss: 0.0346
2024-11-21 17:08:04,976 - INFO - ===================================================================================
2024-11-21 17:08:51,883 - INFO - Epoch [22/100]
 Validation Loss: 0.0314 
 
2024-11-21 17:08:51,883 - INFO - ===================================================================================
2024-11-21 17:08:51,884 - INFO - Completed in 1h 20m
2024-11-21 17:11:44,009 - INFO - 22 Test Returns: 54.6
2024-11-21 17:11:56,707 - INFO - Epoch [23/100], Batch [0/52]
 Dt Loss: 0.0344
 
2024-11-21 17:12:08,206 - INFO - Epoch [23/100], Batch [10/52]
 Dt Loss: 0.0347
 
2024-11-21 17:12:19,305 - INFO - Epoch [23/100], Batch [20/52]
 Dt Loss: 0.0345
 
2024-11-21 17:12:30,670 - INFO - Epoch [23/100], Batch [30/52]
 Dt Loss: 0.0348
 
2024-11-21 17:12:41,873 - INFO - Epoch [23/100], Batch [40/52]
 Dt Loss: 0.0339
 
2024-11-21 17:12:52,620 - INFO - Epoch [23/100], Batch [50/52]
 Dt Loss: 0.0338
 
2024-11-21 17:12:56,889 - INFO - Epoch [23/100] completed. Average Action Loss: 0.0342
2024-11-21 17:12:56,890 - INFO - ===================================================================================
2024-11-21 17:13:42,101 - INFO - Epoch [23/100]
 Validation Loss: 0.0310 
 
2024-11-21 17:13:42,102 - INFO - ===================================================================================
2024-11-21 17:13:42,102 - INFO - Completed in 1h 25m
2024-11-21 17:13:54,703 - INFO - Epoch [24/100], Batch [0/52]
 Dt Loss: 0.0339
 
2024-11-21 17:14:05,767 - INFO - Epoch [24/100], Batch [10/52]
 Dt Loss: 0.0341
 
2024-11-21 17:14:17,081 - INFO - Epoch [24/100], Batch [20/52]
 Dt Loss: 0.0338
 
2024-11-21 17:14:28,180 - INFO - Epoch [24/100], Batch [30/52]
 Dt Loss: 0.0341
 
2024-11-21 17:14:39,385 - INFO - Epoch [24/100], Batch [40/52]
 Dt Loss: 0.0341
 
2024-11-21 17:14:50,285 - INFO - Epoch [24/100], Batch [50/52]
 Dt Loss: 0.0345
 
2024-11-21 17:14:53,246 - INFO - Epoch [24/100] completed. Average Action Loss: 0.0340
2024-11-21 17:14:53,246 - INFO - ===================================================================================
2024-11-21 17:15:40,218 - INFO - Epoch [24/100]
 Validation Loss: 0.0309 
 
2024-11-21 17:15:40,218 - INFO - ===================================================================================
2024-11-21 17:15:40,219 - INFO - Completed in 1h 27m
2024-11-21 17:18:27,052 - INFO - 24 Test Returns: 52.6
2024-11-21 17:18:40,666 - INFO - Epoch [25/100], Batch [0/52]
 Dt Loss: 0.0340
 
2024-11-21 17:18:52,368 - INFO - Epoch [25/100], Batch [10/52]
 Dt Loss: 0.0331
 
2024-11-21 17:19:02,907 - INFO - Epoch [25/100], Batch [20/52]
 Dt Loss: 0.0332
 
2024-11-21 17:19:13,353 - INFO - Epoch [25/100], Batch [30/52]
 Dt Loss: 0.0335
 
2024-11-21 17:19:24,264 - INFO - Epoch [25/100], Batch [40/52]
 Dt Loss: 0.0330
 
2024-11-21 17:19:35,511 - INFO - Epoch [25/100], Batch [50/52]
 Dt Loss: 0.0332
 
2024-11-21 17:19:39,711 - INFO - Epoch [25/100] completed. Average Action Loss: 0.0336
2024-11-21 17:19:39,711 - INFO - ===================================================================================
2024-11-21 17:20:26,819 - INFO - Epoch [25/100]
 Validation Loss: 0.0306 
 
2024-11-21 17:20:26,819 - INFO - ===================================================================================
2024-11-21 17:20:26,820 - INFO - Completed in 1h 32m
2024-11-21 17:20:39,733 - INFO - Epoch [26/100], Batch [0/52]
 Dt Loss: 0.0339
 
2024-11-21 17:20:50,367 - INFO - Epoch [26/100], Batch [10/52]
 Dt Loss: 0.0338
 
2024-11-21 17:21:00,929 - INFO - Epoch [26/100], Batch [20/52]
 Dt Loss: 0.0326
 
2024-11-21 17:21:11,603 - INFO - Epoch [26/100], Batch [30/52]
 Dt Loss: 0.0331
 
2024-11-21 17:21:21,960 - INFO - Epoch [26/100], Batch [40/52]
 Dt Loss: 0.0337
 
2024-11-21 17:21:32,256 - INFO - Epoch [26/100], Batch [50/52]
 Dt Loss: 0.0333
 
2024-11-21 17:21:36,475 - INFO - Epoch [26/100] completed. Average Action Loss: 0.0334
2024-11-21 17:21:36,475 - INFO - ===================================================================================
2024-11-21 17:22:23,976 - INFO - Epoch [26/100]
 Validation Loss: 0.0303 
 
2024-11-21 17:22:23,977 - INFO - ===================================================================================
2024-11-21 17:22:23,977 - INFO - Completed in 1h 34m
2024-11-21 17:25:16,113 - INFO - 26 Test Returns: 54.6
2024-11-21 17:25:29,740 - INFO - Epoch [27/100], Batch [0/52]
 Dt Loss: 0.0328
 
2024-11-21 17:25:41,040 - INFO - Epoch [27/100], Batch [10/52]
 Dt Loss: 0.0328
 
2024-11-21 17:25:51,460 - INFO - Epoch [27/100], Batch [20/52]
 Dt Loss: 0.0333
 
2024-11-21 17:26:02,014 - INFO - Epoch [27/100], Batch [30/52]
 Dt Loss: 0.0331
 
2024-11-21 17:26:12,816 - INFO - Epoch [27/100], Batch [40/52]
 Dt Loss: 0.0336
 
2024-11-21 17:26:23,603 - INFO - Epoch [27/100], Batch [50/52]
 Dt Loss: 0.0332
 
2024-11-21 17:26:27,843 - INFO - Epoch [27/100] completed. Average Action Loss: 0.0331
2024-11-21 17:26:27,844 - INFO - ===================================================================================
2024-11-21 17:27:12,838 - INFO - Epoch [27/100]
 Validation Loss: 0.0300 
 
2024-11-21 17:27:12,839 - INFO - ===================================================================================
2024-11-21 17:27:12,849 - INFO - Completed in 1h 38m
2024-11-21 17:27:25,839 - INFO - Epoch [28/100], Batch [0/52]
 Dt Loss: 0.0335
 
2024-11-21 17:27:36,970 - INFO - Epoch [28/100], Batch [10/52]
 Dt Loss: 0.0335
 
2024-11-21 17:27:47,670 - INFO - Epoch [28/100], Batch [20/52]
 Dt Loss: 0.0326
 
2024-11-21 17:27:59,072 - INFO - Epoch [28/100], Batch [30/52]
 Dt Loss: 0.0325
 
2024-11-21 17:28:10,063 - INFO - Epoch [28/100], Batch [40/52]
 Dt Loss: 0.0327
 
2024-11-21 17:28:20,650 - INFO - Epoch [28/100], Batch [50/52]
 Dt Loss: 0.0324
 
2024-11-21 17:28:25,008 - INFO - Epoch [28/100] completed. Average Action Loss: 0.0327
2024-11-21 17:28:25,009 - INFO - ===================================================================================
2024-11-21 17:29:11,266 - INFO - Epoch [28/100]
 Validation Loss: 0.0300 
 
2024-11-21 17:29:11,266 - INFO - ===================================================================================
2024-11-21 17:29:11,266 - INFO - Completed in 1h 40m
2024-11-21 17:31:50,991 - INFO - 28 Test Returns: 56.4
2024-11-21 17:32:04,925 - INFO - Epoch [29/100], Batch [0/52]
 Dt Loss: 0.0328
 
2024-11-21 17:32:15,815 - INFO - Epoch [29/100], Batch [10/52]
 Dt Loss: 0.0328
 
2024-11-21 17:32:26,468 - INFO - Epoch [29/100], Batch [20/52]
 Dt Loss: 0.0323
 
2024-11-21 17:32:37,719 - INFO - Epoch [29/100], Batch [30/52]
 Dt Loss: 0.0325
 
2024-11-21 17:32:48,867 - INFO - Epoch [29/100], Batch [40/52]
 Dt Loss: 0.0328
 
2024-11-21 17:33:00,041 - INFO - Epoch [29/100], Batch [50/52]
 Dt Loss: 0.0325
 
2024-11-21 17:33:04,342 - INFO - Epoch [29/100] completed. Average Action Loss: 0.0326
2024-11-21 17:33:04,343 - INFO - ===================================================================================
2024-11-21 17:33:51,826 - INFO - Epoch [29/100]
 Validation Loss: 0.0298 
 
2024-11-21 17:33:51,827 - INFO - ===================================================================================
2024-11-21 17:33:51,827 - INFO - Completed in 1h 45m
2024-11-21 17:34:06,518 - INFO - Epoch [30/100], Batch [0/52]
 Dt Loss: 0.0330
 
2024-11-21 17:34:17,169 - INFO - Epoch [30/100], Batch [10/52]
 Dt Loss: 0.0326
 
2024-11-21 17:34:27,726 - INFO - Epoch [30/100], Batch [20/52]
 Dt Loss: 0.0318
 
2024-11-21 17:34:38,453 - INFO - Epoch [30/100], Batch [30/52]
 Dt Loss: 0.0326
 
2024-11-21 17:34:49,223 - INFO - Epoch [30/100], Batch [40/52]
 Dt Loss: 0.0323
 
2024-11-21 17:34:59,764 - INFO - Epoch [30/100], Batch [50/52]
 Dt Loss: 0.0320
 
2024-11-21 17:35:03,975 - INFO - Epoch [30/100] completed. Average Action Loss: 0.0324
2024-11-21 17:35:03,975 - INFO - ===================================================================================
2024-11-21 17:35:50,823 - INFO - Epoch [30/100]
 Validation Loss: 0.0296 
 
2024-11-21 17:35:50,823 - INFO - ===================================================================================
2024-11-21 17:35:50,824 - INFO - Completed in 1h 47m
2024-11-21 17:38:39,896 - INFO - 30 Test Returns: 55.2
2024-11-21 17:38:52,734 - INFO - Epoch [31/100], Batch [0/52]
 Dt Loss: 0.0326
 
2024-11-21 17:39:04,263 - INFO - Epoch [31/100], Batch [10/52]
 Dt Loss: 0.0316
 
2024-11-21 17:39:15,487 - INFO - Epoch [31/100], Batch [20/52]
 Dt Loss: 0.0328
 
2024-11-21 17:39:26,517 - INFO - Epoch [31/100], Batch [30/52]
 Dt Loss: 0.0323
 
2024-11-21 17:39:38,335 - INFO - Epoch [31/100], Batch [40/52]
 Dt Loss: 0.0321
 
2024-11-21 17:39:48,876 - INFO - Epoch [31/100], Batch [50/52]
 Dt Loss: 0.0322
 
2024-11-21 17:39:53,150 - INFO - Epoch [31/100] completed. Average Action Loss: 0.0321
2024-11-21 17:39:53,151 - INFO - ===================================================================================
2024-11-21 17:40:38,827 - INFO - Epoch [31/100]
 Validation Loss: 0.0295 
 
2024-11-21 17:40:38,827 - INFO - ===================================================================================
2024-11-21 17:40:38,827 - INFO - Completed in 1h 52m
2024-11-21 17:40:51,636 - INFO - Epoch [32/100], Batch [0/52]
 Dt Loss: 0.0321
 
2024-11-21 17:41:03,249 - INFO - Epoch [32/100], Batch [10/52]
 Dt Loss: 0.0314
 
2024-11-21 17:41:14,785 - INFO - Epoch [32/100], Batch [20/52]
 Dt Loss: 0.0322
 
2024-11-21 17:41:25,908 - INFO - Epoch [32/100], Batch [30/52]
 Dt Loss: 0.0316
 
2024-11-21 17:41:37,562 - INFO - Epoch [32/100], Batch [40/52]
 Dt Loss: 0.0312
 
2024-11-21 17:41:48,433 - INFO - Epoch [32/100], Batch [50/52]
 Dt Loss: 0.0315
 
2024-11-21 17:41:52,902 - INFO - Epoch [32/100] completed. Average Action Loss: 0.0320
2024-11-21 17:41:52,902 - INFO - ===================================================================================
2024-11-21 17:42:38,350 - INFO - Epoch [32/100]
 Validation Loss: 0.0294 
 
2024-11-21 17:42:38,351 - INFO - ===================================================================================
2024-11-21 17:42:38,359 - INFO - Completed in 1h 54m
2024-11-21 17:45:25,246 - INFO - 32 Test Returns: 57.0
2024-11-21 17:45:37,739 - INFO - Epoch [33/100], Batch [0/52]
 Dt Loss: 0.0322
 
2024-11-21 17:45:48,935 - INFO - Epoch [33/100], Batch [10/52]
 Dt Loss: 0.0317
 
2024-11-21 17:46:00,196 - INFO - Epoch [33/100], Batch [20/52]
 Dt Loss: 0.0315
 
2024-11-21 17:46:11,475 - INFO - Epoch [33/100], Batch [30/52]
 Dt Loss: 0.0318
 
2024-11-21 17:46:22,717 - INFO - Epoch [33/100], Batch [40/52]
 Dt Loss: 0.0316
 
2024-11-21 17:46:33,573 - INFO - Epoch [33/100], Batch [50/52]
 Dt Loss: 0.0318
 
2024-11-21 17:46:36,548 - INFO - Epoch [33/100] completed. Average Action Loss: 0.0318
2024-11-21 17:46:36,548 - INFO - ===================================================================================
2024-11-21 17:47:20,832 - INFO - Epoch [33/100]
 Validation Loss: 0.0289 
 
2024-11-21 17:47:20,832 - INFO - ===================================================================================
2024-11-21 17:47:20,833 - INFO - Completed in 1h 59m
2024-11-21 17:47:33,523 - INFO - Epoch [34/100], Batch [0/52]
 Dt Loss: 0.0316
 
2024-11-21 17:47:45,292 - INFO - Epoch [34/100], Batch [10/52]
 Dt Loss: 0.0318
 
2024-11-21 17:47:56,662 - INFO - Epoch [34/100], Batch [20/52]
 Dt Loss: 0.0322
 
2024-11-21 17:48:07,803 - INFO - Epoch [34/100], Batch [30/52]
 Dt Loss: 0.0314
 
2024-11-21 17:48:19,423 - INFO - Epoch [34/100], Batch [40/52]
 Dt Loss: 0.0311
 
2024-11-21 17:48:30,430 - INFO - Epoch [34/100], Batch [50/52]
 Dt Loss: 0.0316
 
2024-11-21 17:48:33,345 - INFO - Epoch [34/100] completed. Average Action Loss: 0.0316
2024-11-21 17:48:33,346 - INFO - ===================================================================================
2024-11-21 17:49:18,997 - INFO - Epoch [34/100]
 Validation Loss: 0.0289 
 
2024-11-21 17:49:18,997 - INFO - ===================================================================================
2024-11-21 17:49:18,998 - INFO - Completed in 2h 1m
2024-11-21 17:52:13,044 - INFO - 34 Test Returns: 55.6
2024-11-21 17:52:26,776 - INFO - Epoch [35/100], Batch [0/52]
 Dt Loss: 0.0311
 
2024-11-21 17:52:38,110 - INFO - Epoch [35/100], Batch [10/52]
 Dt Loss: 0.0318
 
2024-11-21 17:52:48,693 - INFO - Epoch [35/100], Batch [20/52]
 Dt Loss: 0.0313
 
2024-11-21 17:53:00,173 - INFO - Epoch [35/100], Batch [30/52]
 Dt Loss: 0.0319
 
2024-11-21 17:53:10,936 - INFO - Epoch [35/100], Batch [40/52]
 Dt Loss: 0.0315
 
2024-11-21 17:53:21,786 - INFO - Epoch [35/100], Batch [50/52]
 Dt Loss: 0.0310
 
2024-11-21 17:53:25,996 - INFO - Epoch [35/100] completed. Average Action Loss: 0.0313
2024-11-21 17:53:25,997 - INFO - ===================================================================================
2024-11-21 17:54:11,894 - INFO - Epoch [35/100]
 Validation Loss: 0.0286 
 
2024-11-21 17:54:11,894 - INFO - ===================================================================================
2024-11-21 17:54:11,895 - INFO - Completed in 2h 5m
2024-11-21 17:54:26,192 - INFO - Epoch [36/100], Batch [0/52]
 Dt Loss: 0.0315
 
2024-11-21 17:54:36,793 - INFO - Epoch [36/100], Batch [10/52]
 Dt Loss: 0.0306
 
2024-11-21 17:54:47,142 - INFO - Epoch [36/100], Batch [20/52]
 Dt Loss: 0.0319
 
2024-11-21 17:54:57,668 - INFO - Epoch [36/100], Batch [30/52]
 Dt Loss: 0.0309
 
2024-11-21 17:55:08,079 - INFO - Epoch [36/100], Batch [40/52]
 Dt Loss: 0.0306
 
2024-11-21 17:55:18,740 - INFO - Epoch [36/100], Batch [50/52]
 Dt Loss: 0.0313
 
2024-11-21 17:55:23,121 - INFO - Epoch [36/100] completed. Average Action Loss: 0.0312
2024-11-21 17:55:23,122 - INFO - ===================================================================================
2024-11-21 17:56:10,192 - INFO - Epoch [36/100]
 Validation Loss: 0.0286 
 
2024-11-21 17:56:10,193 - INFO - ===================================================================================
2024-11-21 17:56:10,193 - INFO - Completed in 2h 7m
2024-11-21 17:58:57,642 - INFO - 36 Test Returns: 56.4
2024-11-21 17:59:10,111 - INFO - Epoch [37/100], Batch [0/52]
 Dt Loss: 0.0305
 
2024-11-21 17:59:21,633 - INFO - Epoch [37/100], Batch [10/52]
 Dt Loss: 0.0312
 
2024-11-21 17:59:32,692 - INFO - Epoch [37/100], Batch [20/52]
 Dt Loss: 0.0312
 
2024-11-21 17:59:43,782 - INFO - Epoch [37/100], Batch [30/52]
 Dt Loss: 0.0310
 
2024-11-21 17:59:54,998 - INFO - Epoch [37/100], Batch [40/52]
 Dt Loss: 0.0312
 
2024-11-21 18:00:05,995 - INFO - Epoch [37/100], Batch [50/52]
 Dt Loss: 0.0306
 
2024-11-21 18:00:10,007 - INFO - Epoch [37/100] completed. Average Action Loss: 0.0310
2024-11-21 18:00:10,008 - INFO - ===================================================================================
2024-11-21 18:00:55,548 - INFO - Epoch [37/100]
 Validation Loss: 0.0284 
 
2024-11-21 18:00:55,548 - INFO - ===================================================================================
2024-11-21 18:00:55,548 - INFO - Completed in 2h 12m
2024-11-21 18:01:08,392 - INFO - Epoch [38/100], Batch [0/52]
 Dt Loss: 0.0307
 
2024-11-21 18:01:19,510 - INFO - Epoch [38/100], Batch [10/52]
 Dt Loss: 0.0311
 
2024-11-21 18:01:30,851 - INFO - Epoch [38/100], Batch [20/52]
 Dt Loss: 0.0306
 
2024-11-21 18:01:42,034 - INFO - Epoch [38/100], Batch [30/52]
 Dt Loss: 0.0305
 
2024-11-21 18:01:53,080 - INFO - Epoch [38/100], Batch [40/52]
 Dt Loss: 0.0301
 
2024-11-21 18:02:04,299 - INFO - Epoch [38/100], Batch [50/52]
 Dt Loss: 0.0303
 
2024-11-21 18:02:08,579 - INFO - Epoch [38/100] completed. Average Action Loss: 0.0308
2024-11-21 18:02:08,580 - INFO - ===================================================================================
2024-11-21 18:02:54,390 - INFO - Epoch [38/100]
 Validation Loss: 0.0283 
 
2024-11-21 18:02:54,391 - INFO - ===================================================================================
2024-11-21 18:02:54,391 - INFO - Completed in 2h 14m
2024-11-21 18:05:41,517 - INFO - 38 Test Returns: 58.8
2024-11-21 18:05:54,181 - INFO - Epoch [39/100], Batch [0/52]
 Dt Loss: 0.0305
 
2024-11-21 18:06:05,235 - INFO - Epoch [39/100], Batch [10/52]
 Dt Loss: 0.0303
 
2024-11-21 18:06:16,129 - INFO - Epoch [39/100], Batch [20/52]
 Dt Loss: 0.0305
 
2024-11-21 18:06:27,355 - INFO - Epoch [39/100], Batch [30/52]
 Dt Loss: 0.0302
 
2024-11-21 18:06:38,321 - INFO - Epoch [39/100], Batch [40/52]
 Dt Loss: 0.0304
 
2024-11-21 18:06:49,392 - INFO - Epoch [39/100], Batch [50/52]
 Dt Loss: 0.0304
 
2024-11-21 18:06:53,712 - INFO - Epoch [39/100] completed. Average Action Loss: 0.0306
2024-11-21 18:06:53,712 - INFO - ===================================================================================
2024-11-21 18:07:41,239 - INFO - Epoch [39/100]
 Validation Loss: 0.0280 
 
2024-11-21 18:07:41,240 - INFO - ===================================================================================
2024-11-21 18:07:41,240 - INFO - Completed in 2h 19m
2024-11-21 18:07:54,349 - INFO - Epoch [40/100], Batch [0/52]
 Dt Loss: 0.0305
 
2024-11-21 18:08:05,839 - INFO - Epoch [40/100], Batch [10/52]
 Dt Loss: 0.0311
 
2024-11-21 18:08:17,178 - INFO - Epoch [40/100], Batch [20/52]
 Dt Loss: 0.0305
 
2024-11-21 18:08:27,901 - INFO - Epoch [40/100], Batch [30/52]
 Dt Loss: 0.0307
 
2024-11-21 18:08:39,303 - INFO - Epoch [40/100], Batch [40/52]
 Dt Loss: 0.0300
 
2024-11-21 18:08:50,387 - INFO - Epoch [40/100], Batch [50/52]
 Dt Loss: 0.0298
 
2024-11-21 18:08:54,611 - INFO - Epoch [40/100] completed. Average Action Loss: 0.0304
2024-11-21 18:08:54,611 - INFO - ===================================================================================
2024-11-21 18:09:45,224 - INFO - Epoch [40/100]
 Validation Loss: 0.0282 
 
2024-11-21 18:09:45,224 - INFO - ===================================================================================
2024-11-21 18:09:45,225 - INFO - Completed in 2h 21m
2024-11-21 18:12:22,345 - INFO - 40 Test Returns: 57.6
2024-11-21 18:12:37,954 - INFO - Epoch [41/100], Batch [0/52]
 Dt Loss: 0.0308
 
2024-11-21 18:12:48,122 - INFO - Epoch [41/100], Batch [10/52]
 Dt Loss: 0.0302
 
2024-11-21 18:12:58,259 - INFO - Epoch [41/100], Batch [20/52]
 Dt Loss: 0.0302
 
2024-11-21 18:13:08,951 - INFO - Epoch [41/100], Batch [30/52]
 Dt Loss: 0.0302
 
2024-11-21 18:13:19,632 - INFO - Epoch [41/100], Batch [40/52]
 Dt Loss: 0.0305
 
2024-11-21 18:13:30,027 - INFO - Epoch [41/100], Batch [50/52]
 Dt Loss: 0.0300
 
2024-11-21 18:13:32,957 - INFO - Epoch [41/100] completed. Average Action Loss: 0.0304
2024-11-21 18:13:32,957 - INFO - ===================================================================================
2024-11-21 18:14:16,146 - INFO - Epoch [41/100]
 Validation Loss: 0.0280 
 
2024-11-21 18:14:16,147 - INFO - ===================================================================================
2024-11-21 18:14:16,147 - INFO - Completed in 2h 25m
2024-11-21 18:14:29,067 - INFO - Epoch [42/100], Batch [0/52]
 Dt Loss: 0.0298
 
2024-11-21 18:14:40,553 - INFO - Epoch [42/100], Batch [10/52]
 Dt Loss: 0.0301
 
2024-11-21 18:14:51,365 - INFO - Epoch [42/100], Batch [20/52]
 Dt Loss: 0.0304
 
2024-11-21 18:15:02,036 - INFO - Epoch [42/100], Batch [30/52]
 Dt Loss: 0.0303
 
2024-11-21 18:15:12,572 - INFO - Epoch [42/100], Batch [40/52]
 Dt Loss: 0.0301
 
2024-11-21 18:15:23,353 - INFO - Epoch [42/100], Batch [50/52]
 Dt Loss: 0.0300
 
2024-11-21 18:15:26,451 - INFO - Epoch [42/100] completed. Average Action Loss: 0.0302
2024-11-21 18:15:26,452 - INFO - ===================================================================================
2024-11-21 18:16:11,036 - INFO - Epoch [42/100]
 Validation Loss: 0.0277 
 
2024-11-21 18:16:11,037 - INFO - ===================================================================================
2024-11-21 18:16:11,037 - INFO - Completed in 2h 27m
2024-11-21 18:18:48,634 - INFO - 42 Test Returns: 56.8
2024-11-21 18:19:04,013 - INFO - Epoch [43/100], Batch [0/52]
 Dt Loss: 0.0301
 
2024-11-21 18:19:15,487 - INFO - Epoch [43/100], Batch [10/52]
 Dt Loss: 0.0297
 
2024-11-21 18:19:26,089 - INFO - Epoch [43/100], Batch [20/52]
 Dt Loss: 0.0296
 
2024-11-21 18:19:36,352 - INFO - Epoch [43/100], Batch [30/52]
 Dt Loss: 0.0296
 
2024-11-21 18:19:46,880 - INFO - Epoch [43/100], Batch [40/52]
 Dt Loss: 0.0302
 
2024-11-21 18:19:57,405 - INFO - Epoch [43/100], Batch [50/52]
 Dt Loss: 0.0304
 
2024-11-21 18:20:01,775 - INFO - Epoch [43/100] completed. Average Action Loss: 0.0301
2024-11-21 18:20:01,775 - INFO - ===================================================================================
2024-11-21 18:20:52,894 - INFO - Epoch [43/100]
 Validation Loss: 0.0278 
 
2024-11-21 18:20:52,895 - INFO - ===================================================================================
2024-11-21 18:20:52,895 - INFO - Completed in 2h 32m
2024-11-21 18:21:07,734 - INFO - Epoch [44/100], Batch [0/52]
 Dt Loss: 0.0303
 
2024-11-21 18:21:18,313 - INFO - Epoch [44/100], Batch [10/52]
 Dt Loss: 0.0292
 
2024-11-21 18:21:28,791 - INFO - Epoch [44/100], Batch [20/52]
 Dt Loss: 0.0297
 
2024-11-21 18:21:39,513 - INFO - Epoch [44/100], Batch [30/52]
 Dt Loss: 0.0299
 
2024-11-21 18:21:50,306 - INFO - Epoch [44/100], Batch [40/52]
 Dt Loss: 0.0299
 
2024-11-21 18:22:00,639 - INFO - Epoch [44/100], Batch [50/52]
 Dt Loss: 0.0296
 
2024-11-21 18:22:04,667 - INFO - Epoch [44/100] completed. Average Action Loss: 0.0298
2024-11-21 18:22:04,667 - INFO - ===================================================================================
2024-11-21 18:22:55,266 - INFO - Epoch [44/100]
 Validation Loss: 0.0275 
 
2024-11-21 18:22:55,266 - INFO - ===================================================================================
2024-11-21 18:22:55,267 - INFO - Completed in 2h 34m
2024-11-21 18:25:36,489 - INFO - 44 Test Returns: 55.4
2024-11-21 18:25:48,652 - INFO - Epoch [45/100], Batch [0/52]
 Dt Loss: 0.0298
 
2024-11-21 18:25:59,725 - INFO - Epoch [45/100], Batch [10/52]
 Dt Loss: 0.0299
 
2024-11-21 18:26:10,662 - INFO - Epoch [45/100], Batch [20/52]
 Dt Loss: 0.0300
 
2024-11-21 18:26:21,971 - INFO - Epoch [45/100], Batch [30/52]
 Dt Loss: 0.0295
 
2024-11-21 18:26:33,156 - INFO - Epoch [45/100], Batch [40/52]
 Dt Loss: 0.0301
 
2024-11-21 18:26:43,776 - INFO - Epoch [45/100], Batch [50/52]
 Dt Loss: 0.0297
 
2024-11-21 18:26:46,693 - INFO - Epoch [45/100] completed. Average Action Loss: 0.0298
2024-11-21 18:26:46,693 - INFO - ===================================================================================
2024-11-21 18:27:31,483 - INFO - Epoch [45/100]
 Validation Loss: 0.0274 
 
2024-11-21 18:27:31,483 - INFO - ===================================================================================
2024-11-21 18:27:31,484 - INFO - Completed in 2h 39m
2024-11-21 18:27:43,394 - INFO - Epoch [46/100], Batch [0/52]
 Dt Loss: 0.0299
 
2024-11-21 18:27:54,473 - INFO - Epoch [46/100], Batch [10/52]
 Dt Loss: 0.0299
 
2024-11-21 18:28:05,292 - INFO - Epoch [46/100], Batch [20/52]
 Dt Loss: 0.0294
 
2024-11-21 18:28:16,005 - INFO - Epoch [46/100], Batch [30/52]
 Dt Loss: 0.0296
 
2024-11-21 18:28:26,729 - INFO - Epoch [46/100], Batch [40/52]
 Dt Loss: 0.0298
 
2024-11-21 18:28:37,644 - INFO - Epoch [46/100], Batch [50/52]
 Dt Loss: 0.0293
 
2024-11-21 18:28:40,934 - INFO - Epoch [46/100] completed. Average Action Loss: 0.0296
2024-11-21 18:28:40,934 - INFO - ===================================================================================
2024-11-21 18:29:25,115 - INFO - Epoch [46/100]
 Validation Loss: 0.0272 
 
2024-11-21 18:29:25,115 - INFO - ===================================================================================
2024-11-21 18:29:25,115 - INFO - Completed in 2h 41m
2024-11-21 18:32:01,405 - INFO - 46 Test Returns: 54.6
2024-11-21 18:32:14,063 - INFO - Epoch [47/100], Batch [0/52]
 Dt Loss: 0.0292
 
2024-11-21 18:32:25,221 - INFO - Epoch [47/100], Batch [10/52]
 Dt Loss: 0.0299
 
2024-11-21 18:32:36,217 - INFO - Epoch [47/100], Batch [20/52]
 Dt Loss: 0.0299
 
2024-11-21 18:32:46,801 - INFO - Epoch [47/100], Batch [30/52]
 Dt Loss: 0.0299
 
2024-11-21 18:32:57,645 - INFO - Epoch [47/100], Batch [40/52]
 Dt Loss: 0.0300
 
2024-11-21 18:33:08,987 - INFO - Epoch [47/100], Batch [50/52]
 Dt Loss: 0.0294
 
2024-11-21 18:33:12,534 - INFO - Epoch [47/100] completed. Average Action Loss: 0.0295
2024-11-21 18:33:12,535 - INFO - ===================================================================================
2024-11-21 18:33:57,819 - INFO - Epoch [47/100]
 Validation Loss: 0.0273 
 
2024-11-21 18:33:57,820 - INFO - ===================================================================================
2024-11-21 18:33:57,820 - INFO - Completed in 2h 45m
2024-11-21 18:34:13,413 - INFO - Epoch [48/100], Batch [0/52]
 Dt Loss: 0.0295
 
2024-11-21 18:34:24,176 - INFO - Epoch [48/100], Batch [10/52]
 Dt Loss: 0.0302
 
2024-11-21 18:34:34,740 - INFO - Epoch [48/100], Batch [20/52]
 Dt Loss: 0.0295
 
2024-11-21 18:34:45,335 - INFO - Epoch [48/100], Batch [30/52]
 Dt Loss: 0.0295
 
2024-11-21 18:34:56,043 - INFO - Epoch [48/100], Batch [40/52]
 Dt Loss: 0.0303
 
2024-11-21 18:35:06,366 - INFO - Epoch [48/100], Batch [50/52]
 Dt Loss: 0.0291
 
2024-11-21 18:35:09,282 - INFO - Epoch [48/100] completed. Average Action Loss: 0.0293
2024-11-21 18:35:09,283 - INFO - ===================================================================================
2024-11-21 18:35:53,445 - INFO - Epoch [48/100]
 Validation Loss: 0.0271 
 
2024-11-21 18:35:53,446 - INFO - ===================================================================================
2024-11-21 18:35:53,446 - INFO - Completed in 2h 47m
2024-11-21 18:38:41,065 - INFO - 48 Test Returns: 58.8
2024-11-21 18:38:56,964 - INFO - Epoch [49/100], Batch [0/52]
 Dt Loss: 0.0300
 
2024-11-21 18:39:07,724 - INFO - Epoch [49/100], Batch [10/52]
 Dt Loss: 0.0296
 
2024-11-21 18:39:18,401 - INFO - Epoch [49/100], Batch [20/52]
 Dt Loss: 0.0294
 
2024-11-21 18:39:28,976 - INFO - Epoch [49/100], Batch [30/52]
 Dt Loss: 0.0285
 
2024-11-21 18:39:39,424 - INFO - Epoch [49/100], Batch [40/52]
 Dt Loss: 0.0289
 
2024-11-21 18:39:50,173 - INFO - Epoch [49/100], Batch [50/52]
 Dt Loss: 0.0289
 
2024-11-21 18:39:54,642 - INFO - Epoch [49/100] completed. Average Action Loss: 0.0292
2024-11-21 18:39:54,642 - INFO - ===================================================================================
2024-11-21 18:40:38,616 - INFO - Epoch [49/100]
 Validation Loss: 0.0269 
 
2024-11-21 18:40:38,616 - INFO - ===================================================================================
2024-11-21 18:40:38,617 - INFO - Completed in 2h 52m
2024-11-21 18:40:51,308 - INFO - Epoch [50/100], Batch [0/52]
 Dt Loss: 0.0291
 
2024-11-21 18:41:02,140 - INFO - Epoch [50/100], Batch [10/52]
 Dt Loss: 0.0290
 
2024-11-21 18:41:12,714 - INFO - Epoch [50/100], Batch [20/52]
 Dt Loss: 0.0292
 
2024-11-21 18:41:23,606 - INFO - Epoch [50/100], Batch [30/52]
 Dt Loss: 0.0293
 
2024-11-21 18:41:34,650 - INFO - Epoch [50/100], Batch [40/52]
 Dt Loss: 0.0290
 
2024-11-21 18:41:45,623 - INFO - Epoch [50/100], Batch [50/52]
 Dt Loss: 0.0289
 
2024-11-21 18:41:50,022 - INFO - Epoch [50/100] completed. Average Action Loss: 0.0291
2024-11-21 18:41:50,022 - INFO - ===================================================================================
2024-11-21 18:42:36,622 - INFO - Epoch [50/100]
 Validation Loss: 0.0266 
 
2024-11-21 18:42:36,623 - INFO - ===================================================================================
2024-11-21 18:42:36,623 - INFO - Completed in 2h 54m
2024-11-21 18:45:17,425 - INFO - 50 Test Returns: 55.0
2024-11-21 18:45:29,443 - INFO - Epoch [51/100], Batch [0/52]
 Dt Loss: 0.0292
 
2024-11-21 18:45:39,949 - INFO - Epoch [51/100], Batch [10/52]
 Dt Loss: 0.0289
 
2024-11-21 18:45:51,158 - INFO - Epoch [51/100], Batch [20/52]
 Dt Loss: 0.0291
 
2024-11-21 18:46:02,106 - INFO - Epoch [51/100], Batch [30/52]
 Dt Loss: 0.0298
 
2024-11-21 18:46:12,877 - INFO - Epoch [51/100], Batch [40/52]
 Dt Loss: 0.0288
 
2024-11-21 18:46:23,159 - INFO - Epoch [51/100], Batch [50/52]
 Dt Loss: 0.0290
 
2024-11-21 18:46:26,078 - INFO - Epoch [51/100] completed. Average Action Loss: 0.0289
2024-11-21 18:46:26,078 - INFO - ===================================================================================
2024-11-21 18:47:09,660 - INFO - Epoch [51/100]
 Validation Loss: 0.0266 
 
2024-11-21 18:47:09,660 - INFO - ===================================================================================
2024-11-21 18:47:09,661 - INFO - Completed in 2h 58m
2024-11-21 18:47:22,257 - INFO - Epoch [52/100], Batch [0/52]
 Dt Loss: 0.0288
 
2024-11-21 18:47:33,178 - INFO - Epoch [52/100], Batch [10/52]
 Dt Loss: 0.0288
 
2024-11-21 18:47:43,685 - INFO - Epoch [52/100], Batch [20/52]
 Dt Loss: 0.0288
 
2024-11-21 18:47:54,406 - INFO - Epoch [52/100], Batch [30/52]
 Dt Loss: 0.0295
 
2024-11-21 18:48:05,158 - INFO - Epoch [52/100], Batch [40/52]
 Dt Loss: 0.0287
 
2024-11-21 18:48:15,616 - INFO - Epoch [52/100], Batch [50/52]
 Dt Loss: 0.0292
 
2024-11-21 18:48:20,011 - INFO - Epoch [52/100] completed. Average Action Loss: 0.0288
2024-11-21 18:48:20,011 - INFO - ===================================================================================
2024-11-21 18:49:05,549 - INFO - Epoch [52/100]
 Validation Loss: 0.0266 
 
2024-11-21 18:49:05,549 - INFO - ===================================================================================
2024-11-21 18:49:05,550 - INFO - Completed in 3h 0m
2024-11-21 18:51:41,976 - INFO - 52 Test Returns: 56.4
2024-11-21 18:51:54,711 - INFO - Epoch [53/100], Batch [0/52]
 Dt Loss: 0.0292
 
2024-11-21 18:52:06,437 - INFO - Epoch [53/100], Batch [10/52]
 Dt Loss: 0.0281
 
2024-11-21 18:52:18,228 - INFO - Epoch [53/100], Batch [20/52]
 Dt Loss: 0.0287
 
2024-11-21 18:52:29,049 - INFO - Epoch [53/100], Batch [30/52]
 Dt Loss: 0.0285
 
2024-11-21 18:52:39,829 - INFO - Epoch [53/100], Batch [40/52]
 Dt Loss: 0.0284
 
2024-11-21 18:52:50,536 - INFO - Epoch [53/100], Batch [50/52]
 Dt Loss: 0.0296
 
2024-11-21 18:52:54,646 - INFO - Epoch [53/100] completed. Average Action Loss: 0.0288
2024-11-21 18:52:54,647 - INFO - ===================================================================================
2024-11-21 18:53:39,113 - INFO - Epoch [53/100]
 Validation Loss: 0.0264 
 
2024-11-21 18:53:39,113 - INFO - ===================================================================================
2024-11-21 18:53:39,114 - INFO - Completed in 3h 5m
2024-11-21 18:53:52,110 - INFO - Epoch [54/100], Batch [0/52]
 Dt Loss: 0.0291
 
2024-11-21 18:54:03,065 - INFO - Epoch [54/100], Batch [10/52]
 Dt Loss: 0.0280
 
2024-11-21 18:54:14,197 - INFO - Epoch [54/100], Batch [20/52]
 Dt Loss: 0.0289
 
2024-11-21 18:54:24,864 - INFO - Epoch [54/100], Batch [30/52]
 Dt Loss: 0.0283
 
2024-11-21 18:54:35,601 - INFO - Epoch [54/100], Batch [40/52]
 Dt Loss: 0.0294
 
2024-11-21 18:54:46,434 - INFO - Epoch [54/100], Batch [50/52]
 Dt Loss: 0.0282
 
2024-11-21 18:54:49,386 - INFO - Epoch [54/100] completed. Average Action Loss: 0.0287
2024-11-21 18:54:49,387 - INFO - ===================================================================================
2024-11-21 18:55:31,966 - INFO - Epoch [54/100]
 Validation Loss: 0.0263 
 
2024-11-21 18:55:31,967 - INFO - ===================================================================================
2024-11-21 18:55:31,967 - INFO - Completed in 3h 7m
2024-11-21 18:58:12,581 - INFO - 54 Test Returns: 57.0
2024-11-21 18:58:27,692 - INFO - Epoch [55/100], Batch [0/52]
 Dt Loss: 0.0287
 
2024-11-21 18:58:38,216 - INFO - Epoch [55/100], Batch [10/52]
 Dt Loss: 0.0286
 
2024-11-21 18:58:49,440 - INFO - Epoch [55/100], Batch [20/52]
 Dt Loss: 0.0281
 
2024-11-21 18:59:00,238 - INFO - Epoch [55/100], Batch [30/52]
 Dt Loss: 0.0291
 
2024-11-21 18:59:11,232 - INFO - Epoch [55/100], Batch [40/52]
 Dt Loss: 0.0283
 
2024-11-21 18:59:21,954 - INFO - Epoch [55/100], Batch [50/52]
 Dt Loss: 0.0288
 
2024-11-21 18:59:26,328 - INFO - Epoch [55/100] completed. Average Action Loss: 0.0285
2024-11-21 18:59:26,329 - INFO - ===================================================================================
2024-11-21 19:00:10,425 - INFO - Epoch [55/100]
 Validation Loss: 0.0263 
 
2024-11-21 19:00:10,426 - INFO - ===================================================================================
2024-11-21 19:00:10,426 - INFO - Completed in 3h 11m
2024-11-21 19:00:24,431 - INFO - Epoch [56/100], Batch [0/52]
 Dt Loss: 0.0284
 
2024-11-21 19:00:35,807 - INFO - Epoch [56/100], Batch [10/52]
 Dt Loss: 0.0283
 
2024-11-21 19:00:46,367 - INFO - Epoch [56/100], Batch [20/52]
 Dt Loss: 0.0282
 
2024-11-21 19:00:57,322 - INFO - Epoch [56/100], Batch [30/52]
 Dt Loss: 0.0289
 
2024-11-21 19:01:07,965 - INFO - Epoch [56/100], Batch [40/52]
 Dt Loss: 0.0286
 
2024-11-21 19:01:18,797 - INFO - Epoch [56/100], Batch [50/52]
 Dt Loss: 0.0283
 
2024-11-21 19:01:22,929 - INFO - Epoch [56/100] completed. Average Action Loss: 0.0284
2024-11-21 19:01:22,929 - INFO - ===================================================================================
2024-11-21 19:02:05,945 - INFO - Epoch [56/100]
 Validation Loss: 0.0263 
 
2024-11-21 19:02:05,946 - INFO - ===================================================================================
2024-11-21 19:02:05,952 - INFO - Completed in 3h 13m
2024-11-21 19:04:44,712 - INFO - 56 Test Returns: 57.8
2024-11-21 19:04:57,089 - INFO - Epoch [57/100], Batch [0/52]
 Dt Loss: 0.0280
 
2024-11-21 19:05:07,986 - INFO - Epoch [57/100], Batch [10/52]
 Dt Loss: 0.0281
 
2024-11-21 19:05:18,906 - INFO - Epoch [57/100], Batch [20/52]
 Dt Loss: 0.0279
 
2024-11-21 19:05:29,781 - INFO - Epoch [57/100], Batch [30/52]
 Dt Loss: 0.0282
 
2024-11-21 19:05:40,520 - INFO - Epoch [57/100], Batch [40/52]
 Dt Loss: 0.0282
 
2024-11-21 19:05:51,148 - INFO - Epoch [57/100], Batch [50/52]
 Dt Loss: 0.0287
 
2024-11-21 19:05:55,546 - INFO - Epoch [57/100] completed. Average Action Loss: 0.0283
2024-11-21 19:05:55,547 - INFO - ===================================================================================
2024-11-21 19:06:38,697 - INFO - Epoch [57/100]
 Validation Loss: 0.0262 
 
2024-11-21 19:06:38,698 - INFO - ===================================================================================
2024-11-21 19:06:38,698 - INFO - Completed in 3h 18m
2024-11-21 19:06:51,131 - INFO - Epoch [58/100], Batch [0/52]
 Dt Loss: 0.0277
 
2024-11-21 19:07:02,360 - INFO - Epoch [58/100], Batch [10/52]
 Dt Loss: 0.0282
 
2024-11-21 19:07:13,183 - INFO - Epoch [58/100], Batch [20/52]
 Dt Loss: 0.0280
 
2024-11-21 19:07:24,123 - INFO - Epoch [58/100], Batch [30/52]
 Dt Loss: 0.0283
 
2024-11-21 19:07:34,773 - INFO - Epoch [58/100], Batch [40/52]
 Dt Loss: 0.0287
 
2024-11-21 19:07:45,666 - INFO - Epoch [58/100], Batch [50/52]
 Dt Loss: 0.0285
 
2024-11-21 19:07:48,592 - INFO - Epoch [58/100] completed. Average Action Loss: 0.0282
2024-11-21 19:07:48,592 - INFO - ===================================================================================
2024-11-21 19:08:33,113 - INFO - Epoch [58/100]
 Validation Loss: 0.0258 
 
2024-11-21 19:08:33,113 - INFO - ===================================================================================
2024-11-21 19:08:33,114 - INFO - Completed in 3h 20m
2024-11-21 19:11:15,793 - INFO - 58 Test Returns: 55.0
2024-11-21 19:11:28,361 - INFO - Epoch [59/100], Batch [0/52]
 Dt Loss: 0.0282
 
2024-11-21 19:11:39,558 - INFO - Epoch [59/100], Batch [10/52]
 Dt Loss: 0.0282
 
2024-11-21 19:11:50,265 - INFO - Epoch [59/100], Batch [20/52]
 Dt Loss: 0.0279
 
2024-11-21 19:12:00,934 - INFO - Epoch [59/100], Batch [30/52]
 Dt Loss: 0.0283
 
2024-11-21 19:12:11,897 - INFO - Epoch [59/100], Batch [40/52]
 Dt Loss: 0.0276
 
2024-11-21 19:12:22,433 - INFO - Epoch [59/100], Batch [50/52]
 Dt Loss: 0.0283
 
2024-11-21 19:12:25,367 - INFO - Epoch [59/100] completed. Average Action Loss: 0.0280
2024-11-21 19:12:25,367 - INFO - ===================================================================================
2024-11-21 19:13:08,716 - INFO - Epoch [59/100]
 Validation Loss: 0.0258 
 
2024-11-21 19:13:08,717 - INFO - ===================================================================================
2024-11-21 19:13:08,717 - INFO - Completed in 3h 24m
2024-11-21 19:13:20,879 - INFO - Epoch [60/100], Batch [0/52]
 Dt Loss: 0.0273
 
2024-11-21 19:13:32,029 - INFO - Epoch [60/100], Batch [10/52]
 Dt Loss: 0.0276
 
2024-11-21 19:13:43,105 - INFO - Epoch [60/100], Batch [20/52]
 Dt Loss: 0.0278
 
2024-11-21 19:13:54,594 - INFO - Epoch [60/100], Batch [30/52]
 Dt Loss: 0.0285
 
2024-11-21 19:14:05,441 - INFO - Epoch [60/100], Batch [40/52]
 Dt Loss: 0.0283
 
2024-11-21 19:14:15,748 - INFO - Epoch [60/100], Batch [50/52]
 Dt Loss: 0.0281
 
2024-11-21 19:14:20,153 - INFO - Epoch [60/100] completed. Average Action Loss: 0.0279
2024-11-21 19:14:20,153 - INFO - ===================================================================================
2024-11-21 19:15:04,520 - INFO - Epoch [60/100]
 Validation Loss: 0.0257 
 
2024-11-21 19:15:04,521 - INFO - ===================================================================================
2024-11-21 19:15:04,521 - INFO - Completed in 3h 26m
2024-11-21 19:17:43,983 - INFO - 60 Test Returns: 58.2
2024-11-21 19:17:56,625 - INFO - Epoch [61/100], Batch [0/52]
 Dt Loss: 0.0276
 
2024-11-21 19:18:07,760 - INFO - Epoch [61/100], Batch [10/52]
 Dt Loss: 0.0280
 
2024-11-21 19:18:18,833 - INFO - Epoch [61/100], Batch [20/52]
 Dt Loss: 0.0275
 
2024-11-21 19:18:29,597 - INFO - Epoch [61/100], Batch [30/52]
 Dt Loss: 0.0275
 
2024-11-21 19:18:41,193 - INFO - Epoch [61/100], Batch [40/52]
 Dt Loss: 0.0291
 
2024-11-21 19:18:51,692 - INFO - Epoch [61/100], Batch [50/52]
 Dt Loss: 0.0280
 
2024-11-21 19:18:55,945 - INFO - Epoch [61/100] completed. Average Action Loss: 0.0278
2024-11-21 19:18:55,945 - INFO - ===================================================================================
2024-11-21 19:19:40,262 - INFO - Epoch [61/100]
 Validation Loss: 0.0256 
 
2024-11-21 19:19:40,263 - INFO - ===================================================================================
2024-11-21 19:19:40,263 - INFO - Completed in 3h 31m
2024-11-21 19:19:52,344 - INFO - Epoch [62/100], Batch [0/52]
 Dt Loss: 0.0275
 
2024-11-21 19:20:03,866 - INFO - Epoch [62/100], Batch [10/52]
 Dt Loss: 0.0277
 
2024-11-21 19:20:14,699 - INFO - Epoch [62/100], Batch [20/52]
 Dt Loss: 0.0279
 
2024-11-21 19:20:26,154 - INFO - Epoch [62/100], Batch [30/52]
 Dt Loss: 0.0275
 
2024-11-21 19:20:37,109 - INFO - Epoch [62/100], Batch [40/52]
 Dt Loss: 0.0278
 
2024-11-21 19:20:47,664 - INFO - Epoch [62/100], Batch [50/52]
 Dt Loss: 0.0275
 
2024-11-21 19:20:50,596 - INFO - Epoch [62/100] completed. Average Action Loss: 0.0277
2024-11-21 19:20:50,597 - INFO - ===================================================================================
2024-11-21 19:21:35,710 - INFO - Epoch [62/100]
 Validation Loss: 0.0254 
 
2024-11-21 19:21:35,711 - INFO - ===================================================================================
2024-11-21 19:21:35,711 - INFO - Completed in 3h 33m
2024-11-21 19:24:15,515 - INFO - 62 Test Returns: 54.8
2024-11-21 19:24:27,520 - INFO - Epoch [63/100], Batch [0/52]
 Dt Loss: 0.0274
 
2024-11-21 19:24:38,823 - INFO - Epoch [63/100], Batch [10/52]
 Dt Loss: 0.0274
 
2024-11-21 19:24:49,773 - INFO - Epoch [63/100], Batch [20/52]
 Dt Loss: 0.0276
 
2024-11-21 19:25:00,890 - INFO - Epoch [63/100], Batch [30/52]
 Dt Loss: 0.0275
 
2024-11-21 19:25:11,618 - INFO - Epoch [63/100], Batch [40/52]
 Dt Loss: 0.0271
 
2024-11-21 19:25:22,256 - INFO - Epoch [63/100], Batch [50/52]
 Dt Loss: 0.0276
 
2024-11-21 19:25:25,140 - INFO - Epoch [63/100] completed. Average Action Loss: 0.0276
2024-11-21 19:25:25,140 - INFO - ===================================================================================
2024-11-21 19:26:10,591 - INFO - Epoch [63/100]
 Validation Loss: 0.0254 
 
2024-11-21 19:26:10,592 - INFO - ===================================================================================
2024-11-21 19:26:10,592 - INFO - Completed in 3h 37m
2024-11-21 19:26:23,468 - INFO - Epoch [64/100], Batch [0/52]
 Dt Loss: 0.0277
 
2024-11-21 19:26:34,329 - INFO - Epoch [64/100], Batch [10/52]
 Dt Loss: 0.0279
 
2024-11-21 19:26:45,089 - INFO - Epoch [64/100], Batch [20/52]
 Dt Loss: 0.0278
 
2024-11-21 19:26:56,077 - INFO - Epoch [64/100], Batch [30/52]
 Dt Loss: 0.0275
 
2024-11-21 19:27:07,156 - INFO - Epoch [64/100], Batch [40/52]
 Dt Loss: 0.0274
 
2024-11-21 19:27:17,891 - INFO - Epoch [64/100], Batch [50/52]
 Dt Loss: 0.0277
 
2024-11-21 19:27:21,520 - INFO - Epoch [64/100] completed. Average Action Loss: 0.0276
2024-11-21 19:27:21,520 - INFO - ===================================================================================
2024-11-21 19:28:05,364 - INFO - Epoch [64/100]
 Validation Loss: 0.0254 
 
2024-11-21 19:28:05,364 - INFO - ===================================================================================
2024-11-21 19:28:05,364 - INFO - Completed in 3h 39m
2024-11-21 19:30:38,194 - INFO - 64 Test Returns: 61.6
2024-11-21 19:30:50,257 - INFO - Epoch [65/100], Batch [0/52]
 Dt Loss: 0.0277
 
2024-11-21 19:31:01,239 - INFO - Epoch [65/100], Batch [10/52]
 Dt Loss: 0.0269
 
2024-11-21 19:31:12,346 - INFO - Epoch [65/100], Batch [20/52]
 Dt Loss: 0.0275
 
2024-11-21 19:31:23,356 - INFO - Epoch [65/100], Batch [30/52]
 Dt Loss: 0.0273
 
2024-11-21 19:31:34,315 - INFO - Epoch [65/100], Batch [40/52]
 Dt Loss: 0.0272
 
2024-11-21 19:31:45,276 - INFO - Epoch [65/100], Batch [50/52]
 Dt Loss: 0.0273
 
2024-11-21 19:31:48,178 - INFO - Epoch [65/100] completed. Average Action Loss: 0.0274
2024-11-21 19:31:48,179 - INFO - ===================================================================================
2024-11-21 19:32:31,940 - INFO - Epoch [65/100]
 Validation Loss: 0.0252 
 
2024-11-21 19:32:31,941 - INFO - ===================================================================================
2024-11-21 19:32:31,941 - INFO - Completed in 3h 44m
2024-11-21 19:32:44,308 - INFO - Epoch [66/100], Batch [0/52]
 Dt Loss: 0.0273
 
2024-11-21 19:32:55,666 - INFO - Epoch [66/100], Batch [10/52]
 Dt Loss: 0.0272
 
2024-11-21 19:33:06,797 - INFO - Epoch [66/100], Batch [20/52]
 Dt Loss: 0.0266
 
2024-11-21 19:33:18,488 - INFO - Epoch [66/100], Batch [30/52]
 Dt Loss: 0.0273
 
2024-11-21 19:33:29,340 - INFO - Epoch [66/100], Batch [40/52]
 Dt Loss: 0.0272
 
2024-11-21 19:33:39,853 - INFO - Epoch [66/100], Batch [50/52]
 Dt Loss: 0.0273
 
2024-11-21 19:33:44,425 - INFO - Epoch [66/100] completed. Average Action Loss: 0.0272
2024-11-21 19:33:44,425 - INFO - ===================================================================================
2024-11-21 19:34:28,916 - INFO - Epoch [66/100]
 Validation Loss: 0.0251 
 
2024-11-21 19:34:28,916 - INFO - ===================================================================================
2024-11-21 19:34:28,916 - INFO - Completed in 3h 46m
2024-11-21 19:37:09,510 - INFO - 66 Test Returns: 54.0
2024-11-21 19:37:22,943 - INFO - Epoch [67/100], Batch [0/52]
 Dt Loss: 0.0270
 
2024-11-21 19:37:33,818 - INFO - Epoch [67/100], Batch [10/52]
 Dt Loss: 0.0276
 
2024-11-21 19:37:45,515 - INFO - Epoch [67/100], Batch [20/52]
 Dt Loss: 0.0271
 
2024-11-21 19:37:56,636 - INFO - Epoch [67/100], Batch [30/52]
 Dt Loss: 0.0269
 
2024-11-21 19:38:07,726 - INFO - Epoch [67/100], Batch [40/52]
 Dt Loss: 0.0271
 
2024-11-21 19:38:18,132 - INFO - Epoch [67/100], Batch [50/52]
 Dt Loss: 0.0276
 
2024-11-21 19:38:22,373 - INFO - Epoch [67/100] completed. Average Action Loss: 0.0272
2024-11-21 19:38:22,373 - INFO - ===================================================================================
2024-11-21 19:39:11,910 - INFO - Epoch [67/100]
 Validation Loss: 0.0250 
 
2024-11-21 19:39:11,910 - INFO - ===================================================================================
2024-11-21 19:39:11,911 - INFO - Completed in 3h 50m
2024-11-21 19:39:24,868 - INFO - Epoch [68/100], Batch [0/52]
 Dt Loss: 0.0269
 
2024-11-21 19:39:36,035 - INFO - Epoch [68/100], Batch [10/52]
 Dt Loss: 0.0272
 
2024-11-21 19:39:47,586 - INFO - Epoch [68/100], Batch [20/52]
 Dt Loss: 0.0271
 
2024-11-21 19:39:58,241 - INFO - Epoch [68/100], Batch [30/52]
 Dt Loss: 0.0264
 
2024-11-21 19:40:09,682 - INFO - Epoch [68/100], Batch [40/52]
 Dt Loss: 0.0270
 
2024-11-21 19:40:20,187 - INFO - Epoch [68/100], Batch [50/52]
 Dt Loss: 0.0267
 
2024-11-21 19:40:24,328 - INFO - Epoch [68/100] completed. Average Action Loss: 0.0270
2024-11-21 19:40:24,329 - INFO - ===================================================================================
2024-11-21 19:41:09,761 - INFO - Epoch [68/100]
 Validation Loss: 0.0249 
 
2024-11-21 19:41:09,761 - INFO - ===================================================================================
2024-11-21 19:41:09,762 - INFO - Completed in 3h 52m
2024-11-21 19:43:50,373 - INFO - 68 Test Returns: 56.2
2024-11-21 19:44:02,895 - INFO - Epoch [69/100], Batch [0/52]
 Dt Loss: 0.0270
 
2024-11-21 19:44:13,871 - INFO - Epoch [69/100], Batch [10/52]
 Dt Loss: 0.0271
 
2024-11-21 19:44:24,797 - INFO - Epoch [69/100], Batch [20/52]
 Dt Loss: 0.0263
 
2024-11-21 19:44:35,646 - INFO - Epoch [69/100], Batch [30/52]
 Dt Loss: 0.0266
 
2024-11-21 19:44:46,226 - INFO - Epoch [69/100], Batch [40/52]
 Dt Loss: 0.0267
 
2024-11-21 19:44:56,749 - INFO - Epoch [69/100], Batch [50/52]
 Dt Loss: 0.0267
 
2024-11-21 19:45:01,291 - INFO - Epoch [69/100] completed. Average Action Loss: 0.0269
2024-11-21 19:45:01,291 - INFO - ===================================================================================
2024-11-21 19:45:44,921 - INFO - Epoch [69/100]
 Validation Loss: 0.0248 
 
2024-11-21 19:45:44,921 - INFO - ===================================================================================
2024-11-21 19:45:44,922 - INFO - Completed in 3h 57m
2024-11-21 19:45:57,042 - INFO - Epoch [70/100], Batch [0/52]
 Dt Loss: 0.0274
 
2024-11-21 19:46:08,216 - INFO - Epoch [70/100], Batch [10/52]
 Dt Loss: 0.0275
 
2024-11-21 19:46:19,136 - INFO - Epoch [70/100], Batch [20/52]
 Dt Loss: 0.0269
 
2024-11-21 19:46:29,817 - INFO - Epoch [70/100], Batch [30/52]
 Dt Loss: 0.0264
 
2024-11-21 19:46:40,583 - INFO - Epoch [70/100], Batch [40/52]
 Dt Loss: 0.0271
 
2024-11-21 19:46:51,251 - INFO - Epoch [70/100], Batch [50/52]
 Dt Loss: 0.0266
 
2024-11-21 19:46:55,370 - INFO - Epoch [70/100] completed. Average Action Loss: 0.0269
2024-11-21 19:46:55,370 - INFO - ===================================================================================
2024-11-21 19:47:40,676 - INFO - Epoch [70/100]
 Validation Loss: 0.0248 
 
2024-11-21 19:47:40,676 - INFO - ===================================================================================
2024-11-21 19:47:40,682 - INFO - Completed in 3h 59m
2024-11-21 19:50:21,774 - INFO - 70 Test Returns: 54.4
2024-11-21 19:50:37,082 - INFO - Epoch [71/100], Batch [0/52]
 Dt Loss: 0.0264
 
2024-11-21 19:50:47,847 - INFO - Epoch [71/100], Batch [10/52]
 Dt Loss: 0.0269
 
2024-11-21 19:50:58,615 - INFO - Epoch [71/100], Batch [20/52]
 Dt Loss: 0.0271
 
2024-11-21 19:51:09,470 - INFO - Epoch [71/100], Batch [30/52]
 Dt Loss: 0.0272
 
2024-11-21 19:51:20,441 - INFO - Epoch [71/100], Batch [40/52]
 Dt Loss: 0.0268
 
2024-11-21 19:51:31,255 - INFO - Epoch [71/100], Batch [50/52]
 Dt Loss: 0.0269
 
2024-11-21 19:51:34,208 - INFO - Epoch [71/100] completed. Average Action Loss: 0.0268
2024-11-21 19:51:34,209 - INFO - ===================================================================================
2024-11-21 19:52:18,328 - INFO - Epoch [71/100]
 Validation Loss: 0.0245 
 
2024-11-21 19:52:18,329 - INFO - ===================================================================================
2024-11-21 19:52:18,329 - INFO - Completed in 4h 4m
2024-11-21 19:52:30,879 - INFO - Epoch [72/100], Batch [0/52]
 Dt Loss: 0.0266
 
2024-11-21 19:52:42,318 - INFO - Epoch [72/100], Batch [10/52]
 Dt Loss: 0.0264
 
2024-11-21 19:52:53,516 - INFO - Epoch [72/100], Batch [20/52]
 Dt Loss: 0.0268
 
2024-11-21 19:53:04,334 - INFO - Epoch [72/100], Batch [30/52]
 Dt Loss: 0.0264
 
2024-11-21 19:53:15,081 - INFO - Epoch [72/100], Batch [40/52]
 Dt Loss: 0.0260
 
2024-11-21 19:53:25,673 - INFO - Epoch [72/100], Batch [50/52]
 Dt Loss: 0.0263
 
2024-11-21 19:53:30,081 - INFO - Epoch [72/100] completed. Average Action Loss: 0.0266
2024-11-21 19:53:30,082 - INFO - ===================================================================================
2024-11-21 19:54:13,174 - INFO - Epoch [72/100]
 Validation Loss: 0.0246 
 
2024-11-21 19:54:13,175 - INFO - ===================================================================================
2024-11-21 19:54:13,175 - INFO - Completed in 4h 5m
2024-11-21 19:56:53,923 - INFO - 72 Test Returns: 54.2
2024-11-21 19:57:05,888 - INFO - Epoch [73/100], Batch [0/52]
 Dt Loss: 0.0264
 
2024-11-21 19:57:16,996 - INFO - Epoch [73/100], Batch [10/52]
 Dt Loss: 0.0261
 
2024-11-21 19:57:27,541 - INFO - Epoch [73/100], Batch [20/52]
 Dt Loss: 0.0272
 
2024-11-21 19:57:38,280 - INFO - Epoch [73/100], Batch [30/52]
 Dt Loss: 0.0267
 
2024-11-21 19:57:49,057 - INFO - Epoch [73/100], Batch [40/52]
 Dt Loss: 0.0266
 
2024-11-21 19:57:59,650 - INFO - Epoch [73/100], Batch [50/52]
 Dt Loss: 0.0267
 
2024-11-21 19:58:02,577 - INFO - Epoch [73/100] completed. Average Action Loss: 0.0266
2024-11-21 19:58:02,577 - INFO - ===================================================================================
2024-11-21 19:58:44,868 - INFO - Epoch [73/100]
 Validation Loss: 0.0245 
 
2024-11-21 19:58:44,869 - INFO - ===================================================================================
2024-11-21 19:58:44,869 - INFO - Completed in 4h 10m
2024-11-21 19:58:56,944 - INFO - Epoch [74/100], Batch [0/52]
 Dt Loss: 0.0264
 
2024-11-21 19:59:08,793 - INFO - Epoch [74/100], Batch [10/52]
 Dt Loss: 0.0259
 
2024-11-21 19:59:19,985 - INFO - Epoch [74/100], Batch [20/52]
 Dt Loss: 0.0261
 
2024-11-21 19:59:31,313 - INFO - Epoch [74/100], Batch [30/52]
 Dt Loss: 0.0262
 
2024-11-21 19:59:42,273 - INFO - Epoch [74/100], Batch [40/52]
 Dt Loss: 0.0265
 
2024-11-21 19:59:52,726 - INFO - Epoch [74/100], Batch [50/52]
 Dt Loss: 0.0261
 
2024-11-21 19:59:55,605 - INFO - Epoch [74/100] completed. Average Action Loss: 0.0265
2024-11-21 19:59:55,605 - INFO - ===================================================================================
2024-11-21 20:00:40,438 - INFO - Epoch [74/100]
 Validation Loss: 0.0244 
 
2024-11-21 20:00:40,439 - INFO - ===================================================================================
2024-11-21 20:00:40,439 - INFO - Completed in 4h 12m
2024-11-21 20:03:17,035 - INFO - 74 Test Returns: 58.0
2024-11-21 20:03:29,466 - INFO - Epoch [75/100], Batch [0/52]
 Dt Loss: 0.0262
 
2024-11-21 20:03:40,272 - INFO - Epoch [75/100], Batch [10/52]
 Dt Loss: 0.0265
 
2024-11-21 20:03:51,212 - INFO - Epoch [75/100], Batch [20/52]
 Dt Loss: 0.0258
 
2024-11-21 20:04:02,349 - INFO - Epoch [75/100], Batch [30/52]
 Dt Loss: 0.0265
 
2024-11-21 20:04:13,222 - INFO - Epoch [75/100], Batch [40/52]
 Dt Loss: 0.0269
 
2024-11-21 20:04:23,906 - INFO - Epoch [75/100], Batch [50/52]
 Dt Loss: 0.0270
 
2024-11-21 20:04:28,273 - INFO - Epoch [75/100] completed. Average Action Loss: 0.0264
2024-11-21 20:04:28,273 - INFO - ===================================================================================
2024-11-21 20:05:13,219 - INFO - Epoch [75/100]
 Validation Loss: 0.0242 
 
2024-11-21 20:05:13,220 - INFO - ===================================================================================
2024-11-21 20:05:13,220 - INFO - Completed in 4h 16m
2024-11-21 20:05:25,507 - INFO - Epoch [76/100], Batch [0/52]
 Dt Loss: 0.0257
 
2024-11-21 20:05:37,079 - INFO - Epoch [76/100], Batch [10/52]
 Dt Loss: 0.0263
 
2024-11-21 20:05:48,263 - INFO - Epoch [76/100], Batch [20/52]
 Dt Loss: 0.0262
 
2024-11-21 20:05:59,301 - INFO - Epoch [76/100], Batch [30/52]
 Dt Loss: 0.0262
 
2024-11-21 20:06:10,372 - INFO - Epoch [76/100], Batch [40/52]
 Dt Loss: 0.0268
 
2024-11-21 20:06:21,075 - INFO - Epoch [76/100], Batch [50/52]
 Dt Loss: 0.0257
 
2024-11-21 20:06:25,347 - INFO - Epoch [76/100] completed. Average Action Loss: 0.0263
2024-11-21 20:06:25,347 - INFO - ===================================================================================
2024-11-21 20:07:10,167 - INFO - Epoch [76/100]
 Validation Loss: 0.0241 
 
2024-11-21 20:07:10,167 - INFO - ===================================================================================
2024-11-21 20:07:10,168 - INFO - Completed in 4h 18m
2024-11-21 20:09:53,062 - INFO - 76 Test Returns: 59.4
2024-11-21 20:10:05,287 - INFO - Epoch [77/100], Batch [0/52]
 Dt Loss: 0.0264
 
2024-11-21 20:10:16,583 - INFO - Epoch [77/100], Batch [10/52]
 Dt Loss: 0.0260
 
2024-11-21 20:10:28,269 - INFO - Epoch [77/100], Batch [20/52]
 Dt Loss: 0.0264
 
2024-11-21 20:10:39,338 - INFO - Epoch [77/100], Batch [30/52]
 Dt Loss: 0.0261
 
2024-11-21 20:10:50,308 - INFO - Epoch [77/100], Batch [40/52]
 Dt Loss: 0.0260
 
2024-11-21 20:11:01,447 - INFO - Epoch [77/100], Batch [50/52]
 Dt Loss: 0.0264
 
2024-11-21 20:11:04,346 - INFO - Epoch [77/100] completed. Average Action Loss: 0.0262
2024-11-21 20:11:04,347 - INFO - ===================================================================================
2024-11-21 20:11:46,959 - INFO - Epoch [77/100]
 Validation Loss: 0.0240 
 
2024-11-21 20:11:46,960 - INFO - ===================================================================================
2024-11-21 20:11:46,960 - INFO - Completed in 4h 23m
2024-11-21 20:11:58,855 - INFO - Epoch [78/100], Batch [0/52]
 Dt Loss: 0.0268
 
2024-11-21 20:12:10,310 - INFO - Epoch [78/100], Batch [10/52]
 Dt Loss: 0.0267
 
2024-11-21 20:12:21,199 - INFO - Epoch [78/100], Batch [20/52]
 Dt Loss: 0.0260
 
2024-11-21 20:12:32,416 - INFO - Epoch [78/100], Batch [30/52]
 Dt Loss: 0.0258
 
2024-11-21 20:12:43,714 - INFO - Epoch [78/100], Batch [40/52]
 Dt Loss: 0.0264
 
2024-11-21 20:12:54,335 - INFO - Epoch [78/100], Batch [50/52]
 Dt Loss: 0.0258
 
2024-11-21 20:12:58,271 - INFO - Epoch [78/100] completed. Average Action Loss: 0.0261
2024-11-21 20:12:58,272 - INFO - ===================================================================================
2024-11-21 20:13:41,840 - INFO - Epoch [78/100]
 Validation Loss: 0.0240 
 
2024-11-21 20:13:41,841 - INFO - ===================================================================================
2024-11-21 20:13:41,841 - INFO - Completed in 4h 25m
2024-11-21 20:16:21,977 - INFO - 78 Test Returns: 57.8
2024-11-21 20:16:34,488 - INFO - Epoch [79/100], Batch [0/52]
 Dt Loss: 0.0259
 
2024-11-21 20:16:45,439 - INFO - Epoch [79/100], Batch [10/52]
 Dt Loss: 0.0259
 
2024-11-21 20:16:56,243 - INFO - Epoch [79/100], Batch [20/52]
 Dt Loss: 0.0269
 
2024-11-21 20:17:06,910 - INFO - Epoch [79/100], Batch [30/52]
 Dt Loss: 0.0260
 
2024-11-21 20:17:18,373 - INFO - Epoch [79/100], Batch [40/52]
 Dt Loss: 0.0266
 
2024-11-21 20:17:28,840 - INFO - Epoch [79/100], Batch [50/52]
 Dt Loss: 0.0258
 
2024-11-21 20:17:31,694 - INFO - Epoch [79/100] completed. Average Action Loss: 0.0260
2024-11-21 20:17:31,694 - INFO - ===================================================================================
2024-11-21 20:18:14,240 - INFO - Epoch [79/100]
 Validation Loss: 0.0240 
 
2024-11-21 20:18:14,240 - INFO - ===================================================================================
2024-11-21 20:18:14,240 - INFO - Completed in 4h 29m
2024-11-21 20:18:28,941 - INFO - Epoch [80/100], Batch [0/52]
 Dt Loss: 0.0259
 
2024-11-21 20:18:39,735 - INFO - Epoch [80/100], Batch [10/52]
 Dt Loss: 0.0256
 
2024-11-21 20:18:50,542 - INFO - Epoch [80/100], Batch [20/52]
 Dt Loss: 0.0261
 
2024-11-21 20:19:01,651 - INFO - Epoch [80/100], Batch [30/52]
 Dt Loss: 0.0262
 
2024-11-21 20:19:12,539 - INFO - Epoch [80/100], Batch [40/52]
 Dt Loss: 0.0256
 
2024-11-21 20:19:23,105 - INFO - Epoch [80/100], Batch [50/52]
 Dt Loss: 0.0255
 
2024-11-21 20:19:27,538 - INFO - Epoch [80/100] completed. Average Action Loss: 0.0260
2024-11-21 20:19:27,538 - INFO - ===================================================================================
2024-11-21 20:20:10,947 - INFO - Epoch [80/100]
 Validation Loss: 0.0239 
 
2024-11-21 20:20:10,947 - INFO - ===================================================================================
2024-11-21 20:20:10,948 - INFO - Completed in 4h 31m
2024-11-21 20:22:50,748 - INFO - 80 Test Returns: 58.4
2024-11-21 20:23:02,886 - INFO - Epoch [81/100], Batch [0/52]
 Dt Loss: 0.0264
 
2024-11-21 20:23:14,276 - INFO - Epoch [81/100], Batch [10/52]
 Dt Loss: 0.0260
 
2024-11-21 20:23:25,097 - INFO - Epoch [81/100], Batch [20/52]
 Dt Loss: 0.0254
 
2024-11-21 20:23:36,258 - INFO - Epoch [81/100], Batch [30/52]
 Dt Loss: 0.0260
 
2024-11-21 20:23:47,120 - INFO - Epoch [81/100], Batch [40/52]
 Dt Loss: 0.0256
 
2024-11-21 20:23:57,665 - INFO - Epoch [81/100], Batch [50/52]
 Dt Loss: 0.0262
 
2024-11-21 20:24:01,718 - INFO - Epoch [81/100] completed. Average Action Loss: 0.0258
2024-11-21 20:24:01,719 - INFO - ===================================================================================
2024-11-21 20:24:44,983 - INFO - Epoch [81/100]
 Validation Loss: 0.0238 
 
2024-11-21 20:24:44,984 - INFO - ===================================================================================
2024-11-21 20:24:44,984 - INFO - Completed in 4h 36m
2024-11-21 20:24:56,964 - INFO - Epoch [82/100], Batch [0/52]
 Dt Loss: 0.0252
 
2024-11-21 20:25:08,378 - INFO - Epoch [82/100], Batch [10/52]
 Dt Loss: 0.0260
 
2024-11-21 20:25:19,169 - INFO - Epoch [82/100], Batch [20/52]
 Dt Loss: 0.0248
 
2024-11-21 20:25:30,475 - INFO - Epoch [82/100], Batch [30/52]
 Dt Loss: 0.0254
 
2024-11-21 20:25:41,425 - INFO - Epoch [82/100], Batch [40/52]
 Dt Loss: 0.0256
 
2024-11-21 20:25:51,989 - INFO - Epoch [82/100], Batch [50/52]
 Dt Loss: 0.0256
 
2024-11-21 20:25:54,908 - INFO - Epoch [82/100] completed. Average Action Loss: 0.0257
2024-11-21 20:25:54,908 - INFO - ===================================================================================
2024-11-21 20:26:38,511 - INFO - Epoch [82/100]
 Validation Loss: 0.0237 
 
2024-11-21 20:26:38,512 - INFO - ===================================================================================
2024-11-21 20:26:38,512 - INFO - Completed in 4h 38m
2024-11-21 20:29:06,841 - INFO - 82 Test Returns: 60.4
2024-11-21 20:29:19,829 - INFO - Epoch [83/100], Batch [0/52]
 Dt Loss: 0.0259
 
2024-11-21 20:29:31,157 - INFO - Epoch [83/100], Batch [10/52]
 Dt Loss: 0.0254
 
2024-11-21 20:29:42,287 - INFO - Epoch [83/100], Batch [20/52]
 Dt Loss: 0.0253
 
2024-11-21 20:29:52,977 - INFO - Epoch [83/100], Batch [30/52]
 Dt Loss: 0.0255
 
2024-11-21 20:30:03,674 - INFO - Epoch [83/100], Batch [40/52]
 Dt Loss: 0.0254
 
2024-11-21 20:30:14,083 - INFO - Epoch [83/100], Batch [50/52]
 Dt Loss: 0.0253
 
2024-11-21 20:30:17,487 - INFO - Epoch [83/100] completed. Average Action Loss: 0.0257
2024-11-21 20:30:17,487 - INFO - ===================================================================================
2024-11-21 20:31:00,250 - INFO - Epoch [83/100]
 Validation Loss: 0.0236 
 
2024-11-21 20:31:00,250 - INFO - ===================================================================================
2024-11-21 20:31:00,251 - INFO - Completed in 4h 42m
2024-11-21 20:31:12,241 - INFO - Epoch [84/100], Batch [0/52]
 Dt Loss: 0.0250
 
2024-11-21 20:31:23,489 - INFO - Epoch [84/100], Batch [10/52]
 Dt Loss: 0.0259
 
2024-11-21 20:31:34,638 - INFO - Epoch [84/100], Batch [20/52]
 Dt Loss: 0.0252
 
2024-11-21 20:31:45,458 - INFO - Epoch [84/100], Batch [30/52]
 Dt Loss: 0.0262
 
2024-11-21 20:31:56,397 - INFO - Epoch [84/100], Batch [40/52]
 Dt Loss: 0.0258
 
2024-11-21 20:32:06,899 - INFO - Epoch [84/100], Batch [50/52]
 Dt Loss: 0.0260
 
2024-11-21 20:32:11,348 - INFO - Epoch [84/100] completed. Average Action Loss: 0.0256
2024-11-21 20:32:11,348 - INFO - ===================================================================================
2024-11-21 20:32:56,031 - INFO - Epoch [84/100]
 Validation Loss: 0.0235 
 
2024-11-21 20:32:56,031 - INFO - ===================================================================================
2024-11-21 20:32:56,032 - INFO - Completed in 4h 44m
2024-11-21 20:35:33,168 - INFO - 84 Test Returns: 57.0
2024-11-21 20:35:45,764 - INFO - Epoch [85/100], Batch [0/52]
 Dt Loss: 0.0257
 
2024-11-21 20:35:56,844 - INFO - Epoch [85/100], Batch [10/52]
 Dt Loss: 0.0250
 
2024-11-21 20:36:07,877 - INFO - Epoch [85/100], Batch [20/52]
 Dt Loss: 0.0251
 
2024-11-21 20:36:18,900 - INFO - Epoch [85/100], Batch [30/52]
 Dt Loss: 0.0248
 
2024-11-21 20:36:29,932 - INFO - Epoch [85/100], Batch [40/52]
 Dt Loss: 0.0257
 
2024-11-21 20:36:40,425 - INFO - Epoch [85/100], Batch [50/52]
 Dt Loss: 0.0254
 
2024-11-21 20:36:43,285 - INFO - Epoch [85/100] completed. Average Action Loss: 0.0254
2024-11-21 20:36:43,285 - INFO - ===================================================================================
2024-11-21 20:37:26,695 - INFO - Epoch [85/100]
 Validation Loss: 0.0235 
 
2024-11-21 20:37:26,696 - INFO - ===================================================================================
2024-11-21 20:37:26,696 - INFO - Completed in 4h 49m
2024-11-21 20:37:38,897 - INFO - Epoch [86/100], Batch [0/52]
 Dt Loss: 0.0253
 
2024-11-21 20:37:49,796 - INFO - Epoch [86/100], Batch [10/52]
 Dt Loss: 0.0254
 
2024-11-21 20:38:00,538 - INFO - Epoch [86/100], Batch [20/52]
 Dt Loss: 0.0249
 
2024-11-21 20:38:11,113 - INFO - Epoch [86/100], Batch [30/52]
 Dt Loss: 0.0256
 
2024-11-21 20:38:21,867 - INFO - Epoch [86/100], Batch [40/52]
 Dt Loss: 0.0256
 
2024-11-21 20:38:32,379 - INFO - Epoch [86/100], Batch [50/52]
 Dt Loss: 0.0253
 
2024-11-21 20:38:35,310 - INFO - Epoch [86/100] completed. Average Action Loss: 0.0254
2024-11-21 20:38:35,310 - INFO - ===================================================================================
2024-11-21 20:39:18,342 - INFO - Epoch [86/100]
 Validation Loss: 0.0235 
 
2024-11-21 20:39:18,343 - INFO - ===================================================================================
2024-11-21 20:39:18,343 - INFO - Completed in 4h 51m
2024-11-21 20:41:50,834 - INFO - 86 Test Returns: 60.8
2024-11-21 20:42:02,882 - INFO - Epoch [87/100], Batch [0/52]
 Dt Loss: 0.0249
 
2024-11-21 20:42:14,012 - INFO - Epoch [87/100], Batch [10/52]
 Dt Loss: 0.0249
 
2024-11-21 20:42:24,723 - INFO - Epoch [87/100], Batch [20/52]
 Dt Loss: 0.0254
 
2024-11-21 20:42:35,497 - INFO - Epoch [87/100], Batch [30/52]
 Dt Loss: 0.0256
 
2024-11-21 20:42:46,363 - INFO - Epoch [87/100], Batch [40/52]
 Dt Loss: 0.0256
 
2024-11-21 20:42:56,607 - INFO - Epoch [87/100], Batch [50/52]
 Dt Loss: 0.0253
 
2024-11-21 20:42:59,479 - INFO - Epoch [87/100] completed. Average Action Loss: 0.0253
2024-11-21 20:42:59,479 - INFO - ===================================================================================
2024-11-21 20:43:48,744 - INFO - Epoch [87/100]
 Validation Loss: 0.0233 
 
2024-11-21 20:43:48,744 - INFO - ===================================================================================
2024-11-21 20:43:48,744 - INFO - Completed in 4h 55m
2024-11-21 20:44:01,791 - INFO - Epoch [88/100], Batch [0/52]
 Dt Loss: 0.0252
 
2024-11-21 20:44:12,901 - INFO - Epoch [88/100], Batch [10/52]
 Dt Loss: 0.0249
 
2024-11-21 20:44:23,767 - INFO - Epoch [88/100], Batch [20/52]
 Dt Loss: 0.0257
 
2024-11-21 20:44:35,033 - INFO - Epoch [88/100], Batch [30/52]
 Dt Loss: 0.0257
 
2024-11-21 20:44:45,657 - INFO - Epoch [88/100], Batch [40/52]
 Dt Loss: 0.0252
 
2024-11-21 20:44:56,079 - INFO - Epoch [88/100], Batch [50/52]
 Dt Loss: 0.0251
 
2024-11-21 20:44:59,872 - INFO - Epoch [88/100] completed. Average Action Loss: 0.0252
2024-11-21 20:44:59,873 - INFO - ===================================================================================
2024-11-21 20:45:50,638 - INFO - Epoch [88/100]
 Validation Loss: 0.0232 
 
2024-11-21 20:45:50,638 - INFO - ===================================================================================
2024-11-21 20:45:50,639 - INFO - Completed in 4h 57m
2024-11-21 20:48:35,080 - INFO - 88 Test Returns: 56.8
2024-11-21 20:48:51,145 - INFO - Epoch [89/100], Batch [0/52]
 Dt Loss: 0.0249
 
2024-11-21 20:49:02,284 - INFO - Epoch [89/100], Batch [10/52]
 Dt Loss: 0.0255
 
2024-11-21 20:49:12,848 - INFO - Epoch [89/100], Batch [20/52]
 Dt Loss: 0.0252
 
2024-11-21 20:49:23,341 - INFO - Epoch [89/100], Batch [30/52]
 Dt Loss: 0.0248
 
2024-11-21 20:49:33,672 - INFO - Epoch [89/100], Batch [40/52]
 Dt Loss: 0.0253
 
2024-11-21 20:49:43,657 - INFO - Epoch [89/100], Batch [50/52]
 Dt Loss: 0.0253
 
2024-11-21 20:49:47,723 - INFO - Epoch [89/100] completed. Average Action Loss: 0.0252
2024-11-21 20:49:47,723 - INFO - ===================================================================================
2024-11-21 20:50:39,028 - INFO - Epoch [89/100]
 Validation Loss: 0.0232 
 
2024-11-21 20:50:39,029 - INFO - ===================================================================================
2024-11-21 20:50:39,029 - INFO - Completed in 5h 2m
2024-11-21 20:50:54,454 - INFO - Epoch [90/100], Batch [0/52]
 Dt Loss: 0.0249
 
2024-11-21 20:51:04,928 - INFO - Epoch [90/100], Batch [10/52]
 Dt Loss: 0.0251
 
2024-11-21 20:51:16,327 - INFO - Epoch [90/100], Batch [20/52]
 Dt Loss: 0.0253
 
2024-11-21 20:51:26,337 - INFO - Epoch [90/100], Batch [30/52]
 Dt Loss: 0.0255
 
2024-11-21 20:51:36,353 - INFO - Epoch [90/100], Batch [40/52]
 Dt Loss: 0.0247
 
2024-11-21 20:51:46,259 - INFO - Epoch [90/100], Batch [50/52]
 Dt Loss: 0.0258
 
2024-11-21 20:51:50,385 - INFO - Epoch [90/100] completed. Average Action Loss: 0.0251
2024-11-21 20:51:50,386 - INFO - ===================================================================================
2024-11-21 20:52:42,132 - INFO - Epoch [90/100]
 Validation Loss: 0.0231 
 
2024-11-21 20:52:42,132 - INFO - ===================================================================================
2024-11-21 20:52:42,136 - INFO - Completed in 5h 4m
2024-11-21 20:55:21,099 - INFO - 90 Test Returns: 57.4
2024-11-21 20:55:36,989 - INFO - Epoch [91/100], Batch [0/52]
 Dt Loss: 0.0247
 
2024-11-21 20:55:47,119 - INFO - Epoch [91/100], Batch [10/52]
 Dt Loss: 0.0243
 
2024-11-21 20:55:57,605 - INFO - Epoch [91/100], Batch [20/52]
 Dt Loss: 0.0245
 
2024-11-21 20:56:07,615 - INFO - Epoch [91/100], Batch [30/52]
 Dt Loss: 0.0252
 
2024-11-21 20:56:17,825 - INFO - Epoch [91/100], Batch [40/52]
 Dt Loss: 0.0253
 
2024-11-21 20:56:27,688 - INFO - Epoch [91/100], Batch [50/52]
 Dt Loss: 0.0242
 
2024-11-21 20:56:32,063 - INFO - Epoch [91/100] completed. Average Action Loss: 0.0249
2024-11-21 20:56:32,063 - INFO - ===================================================================================
2024-11-21 20:57:22,177 - INFO - Epoch [91/100]
 Validation Loss: 0.0229 
 
2024-11-21 20:57:22,177 - INFO - ===================================================================================
2024-11-21 20:57:22,178 - INFO - Completed in 5h 9m
2024-11-21 20:57:37,739 - INFO - Epoch [92/100], Batch [0/52]
 Dt Loss: 0.0251
 
2024-11-21 20:57:48,570 - INFO - Epoch [92/100], Batch [10/52]
 Dt Loss: 0.0245
 
2024-11-21 20:57:59,563 - INFO - Epoch [92/100], Batch [20/52]
 Dt Loss: 0.0256
 
2024-11-21 20:58:09,924 - INFO - Epoch [92/100], Batch [30/52]
 Dt Loss: 0.0250
 
2024-11-21 20:58:20,352 - INFO - Epoch [92/100], Batch [40/52]
 Dt Loss: 0.0253
 
2024-11-21 20:58:31,077 - INFO - Epoch [92/100], Batch [50/52]
 Dt Loss: 0.0249
 
2024-11-21 20:58:34,324 - INFO - Epoch [92/100] completed. Average Action Loss: 0.0250
2024-11-21 20:58:34,324 - INFO - ===================================================================================
2024-11-21 20:59:24,618 - INFO - Epoch [92/100]
 Validation Loss: 0.0229 
 
2024-11-21 20:59:24,618 - INFO - ===================================================================================
2024-11-21 20:59:24,619 - INFO - Completed in 5h 11m
2024-11-21 21:01:56,977 - INFO - 92 Test Returns: 56.4
2024-11-21 21:02:12,834 - INFO - Epoch [93/100], Batch [0/52]
 Dt Loss: 0.0253
 
2024-11-21 21:02:23,187 - INFO - Epoch [93/100], Batch [10/52]
 Dt Loss: 0.0244
 
2024-11-21 21:02:33,630 - INFO - Epoch [93/100], Batch [20/52]
 Dt Loss: 0.0245
 
2024-11-21 21:02:44,155 - INFO - Epoch [93/100], Batch [30/52]
 Dt Loss: 0.0243
 
2024-11-21 21:02:54,448 - INFO - Epoch [93/100], Batch [40/52]
 Dt Loss: 0.0248
 
2024-11-21 21:03:04,876 - INFO - Epoch [93/100], Batch [50/52]
 Dt Loss: 0.0245
 
2024-11-21 21:03:08,067 - INFO - Epoch [93/100] completed. Average Action Loss: 0.0249
2024-11-21 21:03:08,067 - INFO - ===================================================================================
2024-11-21 21:04:00,722 - INFO - Epoch [93/100]
 Validation Loss: 0.0228 
 
2024-11-21 21:04:00,722 - INFO - ===================================================================================
2024-11-21 21:04:00,723 - INFO - Completed in 5h 15m
2024-11-21 21:04:16,158 - INFO - Epoch [94/100], Batch [0/52]
 Dt Loss: 0.0256
 
2024-11-21 21:04:27,557 - INFO - Epoch [94/100], Batch [10/52]
 Dt Loss: 0.0248
 
2024-11-21 21:04:37,945 - INFO - Epoch [94/100], Batch [20/52]
 Dt Loss: 0.0248
 
2024-11-21 21:04:48,176 - INFO - Epoch [94/100], Batch [30/52]
 Dt Loss: 0.0245
 
2024-11-21 21:04:58,377 - INFO - Epoch [94/100], Batch [40/52]
 Dt Loss: 0.0245
 
2024-11-21 21:05:08,230 - INFO - Epoch [94/100], Batch [50/52]
 Dt Loss: 0.0249
 
2024-11-21 21:05:12,574 - INFO - Epoch [94/100] completed. Average Action Loss: 0.0248
2024-11-21 21:05:12,574 - INFO - ===================================================================================
2024-11-21 21:06:02,274 - INFO - Epoch [94/100]
 Validation Loss: 0.0228 
 
2024-11-21 21:06:02,275 - INFO - ===================================================================================
2024-11-21 21:06:02,275 - INFO - Completed in 5h 17m
2024-11-21 21:08:40,324 - INFO - 94 Test Returns: 54.6
2024-11-21 21:08:56,217 - INFO - Epoch [95/100], Batch [0/52]
 Dt Loss: 0.0246
 
2024-11-21 21:09:07,220 - INFO - Epoch [95/100], Batch [10/52]
 Dt Loss: 0.0247
 
2024-11-21 21:09:17,518 - INFO - Epoch [95/100], Batch [20/52]
 Dt Loss: 0.0243
 
2024-11-21 21:09:27,563 - INFO - Epoch [95/100], Batch [30/52]
 Dt Loss: 0.0249
 
2024-11-21 21:09:37,645 - INFO - Epoch [95/100], Batch [40/52]
 Dt Loss: 0.0245
 
2024-11-21 21:09:47,555 - INFO - Epoch [95/100], Batch [50/52]
 Dt Loss: 0.0244
 
2024-11-21 21:09:51,328 - INFO - Epoch [95/100] completed. Average Action Loss: 0.0247
2024-11-21 21:09:51,328 - INFO - ===================================================================================
2024-11-21 21:10:41,988 - INFO - Epoch [95/100]
 Validation Loss: 0.0228 
 
2024-11-21 21:10:41,988 - INFO - ===================================================================================
2024-11-21 21:10:41,989 - INFO - Completed in 5h 22m
2024-11-21 21:10:57,555 - INFO - Epoch [96/100], Batch [0/52]
 Dt Loss: 0.0244
 
2024-11-21 21:11:07,859 - INFO - Epoch [96/100], Batch [10/52]
 Dt Loss: 0.0244
 
2024-11-21 21:11:18,072 - INFO - Epoch [96/100], Batch [20/52]
 Dt Loss: 0.0250
 
2024-11-21 21:11:28,265 - INFO - Epoch [96/100], Batch [30/52]
 Dt Loss: 0.0255
 
2024-11-21 21:11:38,358 - INFO - Epoch [96/100], Batch [40/52]
 Dt Loss: 0.0253
 
2024-11-21 21:11:49,062 - INFO - Epoch [96/100], Batch [50/52]
 Dt Loss: 0.0244
 
2024-11-21 21:11:52,676 - INFO - Epoch [96/100] completed. Average Action Loss: 0.0246
2024-11-21 21:11:52,677 - INFO - ===================================================================================
2024-11-21 21:12:44,942 - INFO - Epoch [96/100]
 Validation Loss: 0.0227 
 
2024-11-21 21:12:44,942 - INFO - ===================================================================================
2024-11-21 21:12:44,943 - INFO - Completed in 5h 24m
2024-11-21 21:15:37,007 - INFO - 96 Test Returns: 58.2
2024-11-21 21:15:52,672 - INFO - Epoch [97/100], Batch [0/52]
 Dt Loss: 0.0248
 
2024-11-21 21:16:02,914 - INFO - Epoch [97/100], Batch [10/52]
 Dt Loss: 0.0246
 
2024-11-21 21:16:13,018 - INFO - Epoch [97/100], Batch [20/52]
 Dt Loss: 0.0248
 
2024-11-21 21:16:23,150 - INFO - Epoch [97/100], Batch [30/52]
 Dt Loss: 0.0250
 
2024-11-21 21:16:33,192 - INFO - Epoch [97/100], Batch [40/52]
 Dt Loss: 0.0246
 
2024-11-21 21:16:43,157 - INFO - Epoch [97/100], Batch [50/52]
 Dt Loss: 0.0253
 
2024-11-21 21:16:46,854 - INFO - Epoch [97/100] completed. Average Action Loss: 0.0246
2024-11-21 21:16:46,854 - INFO - ===================================================================================
2024-11-21 21:17:39,042 - INFO - Epoch [97/100]
 Validation Loss: 0.0224 
 
2024-11-21 21:17:39,042 - INFO - ===================================================================================
2024-11-21 21:17:39,042 - INFO - Completed in 5h 29m
2024-11-21 21:17:54,782 - INFO - Epoch [98/100], Batch [0/52]
 Dt Loss: 0.0247
 
2024-11-21 21:18:06,554 - INFO - Epoch [98/100], Batch [10/52]
 Dt Loss: 0.0246
 
2024-11-21 21:18:17,494 - INFO - Epoch [98/100], Batch [20/52]
 Dt Loss: 0.0242
 
2024-11-21 21:18:28,570 - INFO - Epoch [98/100], Batch [30/52]
 Dt Loss: 0.0244
 
2024-11-21 21:18:40,158 - INFO - Epoch [98/100], Batch [40/52]
 Dt Loss: 0.0243
 
2024-11-21 21:18:50,126 - INFO - Epoch [98/100], Batch [50/52]
 Dt Loss: 0.0238
 
2024-11-21 21:18:54,552 - INFO - Epoch [98/100] completed. Average Action Loss: 0.0245
2024-11-21 21:18:54,552 - INFO - ===================================================================================
2024-11-21 21:19:47,064 - INFO - Epoch [98/100]
 Validation Loss: 0.0224 
 
2024-11-21 21:19:47,064 - INFO - ===================================================================================
2024-11-21 21:19:47,065 - INFO - Completed in 5h 31m
2024-11-21 21:22:28,862 - INFO - 98 Test Returns: 58.4
2024-11-21 21:22:44,619 - INFO - Epoch [99/100], Batch [0/52]
 Dt Loss: 0.0244
 
2024-11-21 21:22:54,960 - INFO - Epoch [99/100], Batch [10/52]
 Dt Loss: 0.0245
 
2024-11-21 21:23:05,578 - INFO - Epoch [99/100], Batch [20/52]
 Dt Loss: 0.0244
 
2024-11-21 21:23:16,283 - INFO - Epoch [99/100], Batch [30/52]
 Dt Loss: 0.0244
 
2024-11-21 21:23:26,605 - INFO - Epoch [99/100], Batch [40/52]
 Dt Loss: 0.0243
 
2024-11-21 21:23:37,206 - INFO - Epoch [99/100], Batch [50/52]
 Dt Loss: 0.0249
 
2024-11-21 21:23:40,287 - INFO - Epoch [99/100] completed. Average Action Loss: 0.0244
2024-11-21 21:23:40,287 - INFO - ===================================================================================
2024-11-21 21:24:26,447 - INFO - Epoch [99/100]
 Validation Loss: 0.0224 
 
2024-11-21 21:24:26,447 - INFO - ===================================================================================
2024-11-21 21:24:26,447 - INFO - Completed in 5h 36m
2024-11-21 21:24:42,183 - INFO - Epoch [100/100], Batch [0/52]
 Dt Loss: 0.0242
 
2024-11-21 21:24:53,647 - INFO - Epoch [100/100], Batch [10/52]
 Dt Loss: 0.0243
 
2024-11-21 21:25:03,885 - INFO - Epoch [100/100], Batch [20/52]
 Dt Loss: 0.0243
 
2024-11-21 21:25:14,633 - INFO - Epoch [100/100], Batch [30/52]
 Dt Loss: 0.0250
 
2024-11-21 21:25:25,524 - INFO - Epoch [100/100], Batch [40/52]
 Dt Loss: 0.0244
 
2024-11-21 21:25:36,006 - INFO - Epoch [100/100], Batch [50/52]
 Dt Loss: 0.0246
 
2024-11-21 21:25:40,262 - INFO - Epoch [100/100] completed. Average Action Loss: 0.0244
2024-11-21 21:25:40,262 - INFO - ===================================================================================
2024-11-21 21:26:27,388 - INFO - Epoch [100/100]
 Validation Loss: 0.0222 
 
2024-11-21 21:26:27,389 - INFO - ===================================================================================
2024-11-21 21:26:27,389 - INFO - Completed in 5h 38m
2024-11-21 21:29:09,366 - INFO - 100 Test Returns: 57.8
2024-11-21 21:29:09,517 - INFO - Training completed.
