2024-11-22 03:22:32,062 - INFO - Starting.
2024-11-22 03:22:32,063 - INFO - Loading Data.
2024-11-22 03:49:17,011 - INFO - Data loaded in 0.0 hours 26.0 minutes.
2024-11-22 03:49:17,195 - INFO - Training Started.
2024-11-22 03:50:14,652 - INFO - Epoch [1/100], Batch [0/13]
 Dt Loss: 0.0864
 Goal Loss: 41.9086, MIE Loss: 41.1322
 MSE Loss R: 0.0467, BCE Loss G: 0.7297
2024-11-22 03:51:35,876 - INFO - Epoch [1/100], Batch [10/13]
 Dt Loss: 0.0683
 Goal Loss: 0.1509, MIE Loss: 0.0133
 MSE Loss R: 0.0162, BCE Loss G: 0.1214
2024-11-22 03:51:49,459 - INFO - Epoch [1/100] completed. Average Goal Loss: 5.0396
2024-11-22 03:51:49,459 - INFO - Epoch [1/100] completed. Average Action Loss: 0.0749
2024-11-22 03:51:49,459 - INFO - ===================================================================================
2024-11-22 03:53:31,992 - INFO - Epoch [1/100]
Action Validation Loss: 0.0579 
 Goal Validation Loss: 0.1754 
 MIE Validation Loss: 0.0102 
 MSE R Validation Loss: 0.0468 
 BCE G Validation Loss: 0.1184
2024-11-22 03:53:31,993 - INFO - ===================================================================================
2024-11-22 03:53:32,264 - INFO - Completed in 0h 4m
2024-11-22 03:56:44,422 - INFO - 1 Test Returns: 55.8
2024-11-22 03:56:44,532 - INFO - Model checkpoint saved at training_output/20241122_032216/models/epoch_1.pth
2024-11-22 03:57:12,220 - INFO - Epoch [2/100], Batch [0/13]
 Dt Loss: 0.0590
 Goal Loss: 0.1520, MIE Loss: 0.0140
 MSE Loss R: 0.0212, BCE Loss G: 0.1168
2024-11-22 03:58:43,953 - INFO - Epoch [2/100], Batch [10/13]
 Dt Loss: 0.0485
 Goal Loss: 0.1251, MIE Loss: 0.0046
 MSE Loss R: 0.0132, BCE Loss G: 0.1073
2024-11-22 03:58:58,328 - INFO - Epoch [2/100] completed. Average Goal Loss: 0.1456
2024-11-22 03:58:58,328 - INFO - Epoch [2/100] completed. Average Action Loss: 0.0514
2024-11-22 03:58:58,328 - INFO - ===================================================================================
2024-11-22 04:00:42,448 - INFO - Epoch [2/100]
Action Validation Loss: 0.0476 
 Goal Validation Loss: 0.1643 
 MIE Validation Loss: 0.0029 
 MSE R Validation Loss: 0.0485 
 BCE G Validation Loss: 0.1129
2024-11-22 04:00:42,449 - INFO - ===================================================================================
2024-11-22 04:00:42,486 - INFO - Completed in 0h 11m
2024-11-22 04:03:51,852 - INFO - 2 Test Returns: 55.2
2024-11-22 04:03:51,919 - INFO - Model checkpoint saved at training_output/20241122_032216/models/epoch_2.pth
2024-11-22 04:04:20,202 - INFO - Epoch [3/100], Batch [0/13]
 Dt Loss: 0.0496
 Goal Loss: 0.1203, MIE Loss: 0.0067
 MSE Loss R: 0.0098, BCE Loss G: 0.1037
2024-11-22 04:05:33,757 - INFO - Epoch [3/100], Batch [10/13]
 Dt Loss: 0.0471
 Goal Loss: 0.1107, MIE Loss: 0.0026
 MSE Loss R: 0.0087, BCE Loss G: 0.0994
2024-11-22 04:05:47,685 - INFO - Epoch [3/100] completed. Average Goal Loss: 0.1391
2024-11-22 04:05:47,686 - INFO - Epoch [3/100] completed. Average Action Loss: 0.0479
2024-11-22 04:05:47,686 - INFO - ===================================================================================
2024-11-22 04:07:28,937 - INFO - Epoch [3/100]
Action Validation Loss: 0.0464 
 Goal Validation Loss: 0.1594 
 MIE Validation Loss: 0.0018 
 MSE R Validation Loss: 0.0457 
 BCE G Validation Loss: 0.1119
2024-11-22 04:07:28,938 - INFO - ===================================================================================
2024-11-22 04:07:28,938 - INFO - Completed in 0h 18m
2024-11-22 04:07:54,293 - INFO - Epoch [4/100], Batch [0/13]
 Dt Loss: 0.0471
 Goal Loss: 0.1844, MIE Loss: 0.0058
 MSE Loss R: 0.0550, BCE Loss G: 0.1236
2024-11-22 04:08:56,831 - INFO - Epoch [4/100], Batch [10/13]
 Dt Loss: 0.0477
 Goal Loss: 0.1241, MIE Loss: 0.0079
 MSE Loss R: 0.0198, BCE Loss G: 0.0964
2024-11-22 04:09:11,219 - INFO - Epoch [4/100] completed. Average Goal Loss: 0.1643
2024-11-22 04:09:11,220 - INFO - Epoch [4/100] completed. Average Action Loss: 0.0472
2024-11-22 04:09:11,220 - INFO - ===================================================================================
2024-11-22 04:10:59,011 - INFO - Epoch [4/100]
Action Validation Loss: 0.0465 
 Goal Validation Loss: 0.1565 
 MIE Validation Loss: 0.0011 
 MSE R Validation Loss: 0.0442 
 BCE G Validation Loss: 0.1112
2024-11-22 04:10:59,011 - INFO - ===================================================================================
2024-11-22 04:10:59,011 - INFO - Completed in 0h 21m
2024-11-22 04:14:08,558 - INFO - 4 Test Returns: 53.2
2024-11-22 04:14:08,587 - INFO - Model checkpoint saved at training_output/20241122_032216/models/epoch_4.pth
2024-11-22 04:14:50,183 - INFO - Epoch [5/100], Batch [0/13]
 Dt Loss: 0.0471
 Goal Loss: 0.1344, MIE Loss: 0.0041
 MSE Loss R: 0.0195, BCE Loss G: 0.1108
2024-11-22 04:16:09,513 - INFO - Epoch [5/100], Batch [10/13]
 Dt Loss: 0.0482
 Goal Loss: 0.1153, MIE Loss: 0.0008
 MSE Loss R: 0.0108, BCE Loss G: 0.1038
2024-11-22 04:16:25,258 - INFO - Epoch [5/100] completed. Average Goal Loss: 0.1267
2024-11-22 04:16:25,258 - INFO - Epoch [5/100] completed. Average Action Loss: 0.0472
2024-11-22 04:16:25,258 - INFO - ===================================================================================
2024-11-22 04:18:22,163 - INFO - Epoch [5/100]
Action Validation Loss: 0.0475 
 Goal Validation Loss: 0.1671 
 MIE Validation Loss: 0.0030 
 MSE R Validation Loss: 0.0519 
 BCE G Validation Loss: 0.1121
2024-11-22 04:18:22,164 - INFO - ===================================================================================
2024-11-22 04:18:22,164 - INFO - Completed in 0h 29m
2024-11-22 04:19:08,376 - INFO - Epoch [6/100], Batch [0/13]
 Dt Loss: 0.0475
 Goal Loss: 0.1043, MIE Loss: 0.0020
 MSE Loss R: 0.0061, BCE Loss G: 0.0962
2024-11-22 04:20:15,415 - INFO - Epoch [6/100], Batch [10/13]
 Dt Loss: 0.0464
 Goal Loss: 0.1265, MIE Loss: 0.0005
 MSE Loss R: 0.0165, BCE Loss G: 0.1095
2024-11-22 04:20:30,047 - INFO - Epoch [6/100] completed. Average Goal Loss: 0.1418
2024-11-22 04:20:30,048 - INFO - Epoch [6/100] completed. Average Action Loss: 0.0467
2024-11-22 04:20:30,048 - INFO - ===================================================================================
2024-11-22 04:22:20,712 - INFO - Epoch [6/100]
Action Validation Loss: 0.0464 
 Goal Validation Loss: 0.1665 
 MIE Validation Loss: 0.0049 
 MSE R Validation Loss: 0.0494 
 BCE G Validation Loss: 0.1122
2024-11-22 04:22:20,713 - INFO - ===================================================================================
2024-11-22 04:22:20,713 - INFO - Completed in 0h 33m
2024-11-22 04:25:27,148 - INFO - 6 Test Returns: 53.8
2024-11-22 04:25:27,177 - INFO - Model checkpoint saved at training_output/20241122_032216/models/epoch_6.pth
2024-11-22 04:26:02,822 - INFO - Epoch [7/100], Batch [0/13]
 Dt Loss: 0.0461
 Goal Loss: 0.1345, MIE Loss: 0.0014
 MSE Loss R: 0.0260, BCE Loss G: 0.1071
2024-11-22 04:27:18,173 - INFO - Epoch [7/100], Batch [10/13]
 Dt Loss: 0.0461
 Goal Loss: 0.1220, MIE Loss: 0.0043
 MSE Loss R: 0.0123, BCE Loss G: 0.1054
2024-11-22 04:27:32,497 - INFO - Epoch [7/100] completed. Average Goal Loss: 0.1557
2024-11-22 04:27:32,498 - INFO - Epoch [7/100] completed. Average Action Loss: 0.0462
2024-11-22 04:27:32,498 - INFO - ===================================================================================
2024-11-22 04:29:24,804 - INFO - Epoch [7/100]
Action Validation Loss: 0.0463 
 Goal Validation Loss: 0.1606 
 MIE Validation Loss: 0.0035 
 MSE R Validation Loss: 0.0442 
 BCE G Validation Loss: 0.1129
2024-11-22 04:29:24,805 - INFO - ===================================================================================
2024-11-22 04:29:24,805 - INFO - Completed in 0h 40m
2024-11-22 04:29:53,223 - INFO - Epoch [8/100], Batch [0/13]
 Dt Loss: 0.0460
 Goal Loss: 0.1269, MIE Loss: 0.0020
 MSE Loss R: 0.0174, BCE Loss G: 0.1075
2024-11-22 04:30:53,201 - INFO - Epoch [8/100], Batch [10/13]
 Dt Loss: 0.0451
 Goal Loss: 0.2233, MIE Loss: 0.0005
 MSE Loss R: 0.1107, BCE Loss G: 0.1120
2024-11-22 04:31:08,863 - INFO - Epoch [8/100] completed. Average Goal Loss: 0.1822
2024-11-22 04:31:08,867 - INFO - Epoch [8/100] completed. Average Action Loss: 0.0453
2024-11-22 04:31:08,867 - INFO - ===================================================================================
2024-11-22 04:33:01,104 - INFO - Epoch [8/100]
Action Validation Loss: 0.0449 
 Goal Validation Loss: 0.1666 
 MIE Validation Loss: 0.0011 
 MSE R Validation Loss: 0.0542 
 BCE G Validation Loss: 0.1114
2024-11-22 04:33:01,104 - INFO - ===================================================================================
2024-11-22 04:33:01,104 - INFO - Completed in 0h 43m
2024-11-22 04:36:12,785 - INFO - 8 Test Returns: 55.8
2024-11-22 04:36:12,814 - INFO - Model checkpoint saved at training_output/20241122_032216/models/epoch_8.pth
2024-11-22 04:36:42,701 - INFO - Epoch [9/100], Batch [0/13]
 Dt Loss: 0.0449
 Goal Loss: 0.1541, MIE Loss: 0.0029
 MSE Loss R: 0.0526, BCE Loss G: 0.0987
2024-11-22 04:37:43,904 - INFO - Epoch [9/100], Batch [10/13]
 Dt Loss: 0.0442
 Goal Loss: 0.1196, MIE Loss: 0.0010
 MSE Loss R: 0.0125, BCE Loss G: 0.1061
2024-11-22 04:37:58,926 - INFO - Epoch [9/100] completed. Average Goal Loss: 0.1332
2024-11-22 04:37:58,926 - INFO - Epoch [9/100] completed. Average Action Loss: 0.0444
2024-11-22 04:37:58,926 - INFO - ===================================================================================
2024-11-22 04:39:52,528 - INFO - Epoch [9/100]
Action Validation Loss: 0.0445 
 Goal Validation Loss: 0.1646 
 MIE Validation Loss: 0.0033 
 MSE R Validation Loss: 0.0494 
 BCE G Validation Loss: 0.1118
2024-11-22 04:39:52,529 - INFO - ===================================================================================
2024-11-22 04:39:52,529 - INFO - Completed in 0h 50m
2024-11-22 04:40:20,970 - INFO - Epoch [10/100], Batch [0/13]
 Dt Loss: 0.0442
 Goal Loss: 0.2365, MIE Loss: 0.0020
 MSE Loss R: 0.1014, BCE Loss G: 0.1331
2024-11-22 04:41:21,682 - INFO - Epoch [10/100], Batch [10/13]
 Dt Loss: 0.0445
 Goal Loss: 0.1230, MIE Loss: 0.0010
 MSE Loss R: 0.0151, BCE Loss G: 0.1068
2024-11-22 04:41:37,672 - INFO - Epoch [10/100] completed. Average Goal Loss: 0.1376
2024-11-22 04:41:37,672 - INFO - Epoch [10/100] completed. Average Action Loss: 0.0445
2024-11-22 04:41:37,672 - INFO - ===================================================================================
2024-11-22 04:43:31,338 - INFO - Epoch [10/100]
Action Validation Loss: 0.0462 
 Goal Validation Loss: 0.1589 
 MIE Validation Loss: 0.0003 
 MSE R Validation Loss: 0.0475 
 BCE G Validation Loss: 0.1111
2024-11-22 04:43:31,339 - INFO - ===================================================================================
2024-11-22 04:43:31,339 - INFO - Completed in 0h 54m
2024-11-22 04:46:42,949 - INFO - 10 Test Returns: 52.6
2024-11-22 04:46:42,982 - INFO - Model checkpoint saved at training_output/20241122_032216/models/epoch_10.pth
2024-11-22 04:47:13,094 - INFO - Epoch [11/100], Batch [0/13]
 Dt Loss: 0.0456
 Goal Loss: 0.1092, MIE Loss: 0.0011
 MSE Loss R: 0.0126, BCE Loss G: 0.0955
2024-11-22 04:48:12,964 - INFO - Epoch [11/100], Batch [10/13]
 Dt Loss: 0.0451
 Goal Loss: 0.1333, MIE Loss: 0.0021
 MSE Loss R: 0.0301, BCE Loss G: 0.1011
2024-11-22 04:48:28,261 - INFO - Epoch [11/100] completed. Average Goal Loss: 0.1500
2024-11-22 04:48:28,262 - INFO - Epoch [11/100] completed. Average Action Loss: 0.0456
2024-11-22 04:48:28,262 - INFO - ===================================================================================
2024-11-22 04:50:22,621 - INFO - Epoch [11/100]
Action Validation Loss: 0.0449 
 Goal Validation Loss: 0.1592 
 MIE Validation Loss: 0.0019 
 MSE R Validation Loss: 0.0458 
 BCE G Validation Loss: 0.1115
2024-11-22 04:50:22,622 - INFO - ===================================================================================
2024-11-22 04:50:22,622 - INFO - Completed in 1h 1m
2024-11-22 04:50:50,147 - INFO - Epoch [12/100], Batch [0/13]
 Dt Loss: 0.0445
 Goal Loss: 0.1349, MIE Loss: 0.0014
 MSE Loss R: 0.0221, BCE Loss G: 0.1114
2024-11-22 04:51:51,611 - INFO - Epoch [12/100], Batch [10/13]
 Dt Loss: 0.0430
 Goal Loss: 0.1207, MIE Loss: 0.0005
 MSE Loss R: 0.0225, BCE Loss G: 0.0977
2024-11-22 04:52:06,336 - INFO - Epoch [12/100] completed. Average Goal Loss: 0.1471
2024-11-22 04:52:06,337 - INFO - Epoch [12/100] completed. Average Action Loss: 0.0434
2024-11-22 04:52:06,337 - INFO - ===================================================================================
2024-11-22 04:54:08,044 - INFO - Epoch [12/100]
Action Validation Loss: 0.0427 
 Goal Validation Loss: 0.1642 
 MIE Validation Loss: 0.0016 
 MSE R Validation Loss: 0.0496 
 BCE G Validation Loss: 0.1129
2024-11-22 04:54:08,044 - INFO - ===================================================================================
2024-11-22 04:54:08,045 - INFO - Completed in 1h 4m
2024-11-22 05:19:52,345 - INFO - 12 Test Returns: 55.0
2024-11-22 05:19:52,375 - INFO - Model checkpoint saved at training_output/20241122_032216/models/epoch_12.pth
2024-11-22 05:20:44,565 - INFO - Epoch [13/100], Batch [0/13]
 Dt Loss: 0.0432
 Goal Loss: 0.2113, MIE Loss: 0.0023
 MSE Loss R: 0.0803, BCE Loss G: 0.1287
2024-11-22 05:21:57,255 - INFO - Epoch [13/100], Batch [10/13]
 Dt Loss: 0.0429
 Goal Loss: 0.2886, MIE Loss: 0.0021
 MSE Loss R: 0.1443, BCE Loss G: 0.1422
2024-11-22 05:22:14,578 - INFO - Epoch [13/100] completed. Average Goal Loss: 0.1594
2024-11-22 05:22:14,578 - INFO - Epoch [13/100] completed. Average Action Loss: 0.0426
2024-11-22 05:22:14,578 - INFO - ===================================================================================
2024-11-22 05:24:33,016 - INFO - Epoch [13/100]
Action Validation Loss: 0.0422 
 Goal Validation Loss: 0.1556 
 MIE Validation Loss: 0.0006 
 MSE R Validation Loss: 0.0437 
 BCE G Validation Loss: 0.1112
2024-11-22 05:24:33,016 - INFO - ===================================================================================
2024-11-22 05:24:33,016 - INFO - Completed in 1h 35m
2024-11-22 05:25:05,711 - INFO - Epoch [14/100], Batch [0/13]
 Dt Loss: 0.0424
 Goal Loss: 0.1258, MIE Loss: 0.0029
 MSE Loss R: 0.0262, BCE Loss G: 0.0966
2024-11-22 05:26:18,871 - INFO - Epoch [14/100], Batch [10/13]
 Dt Loss: 0.0420
 Goal Loss: 0.1802, MIE Loss: 0.0013
 MSE Loss R: 0.0554, BCE Loss G: 0.1234
2024-11-22 05:26:36,553 - INFO - Epoch [14/100] completed. Average Goal Loss: 0.1344
2024-11-22 05:26:36,553 - INFO - Epoch [14/100] completed. Average Action Loss: 0.0426
2024-11-22 05:26:36,553 - INFO - ===================================================================================
2024-11-22 05:28:55,001 - INFO - Epoch [14/100]
Action Validation Loss: 0.0418 
 Goal Validation Loss: 0.1578 
 MIE Validation Loss: 0.0001 
 MSE R Validation Loss: 0.0460 
 BCE G Validation Loss: 0.1117
2024-11-22 05:28:55,001 - INFO - ===================================================================================
2024-11-22 05:28:55,001 - INFO - Completed in 1h 39m
2024-11-22 05:55:23,595 - INFO - 14 Test Returns: 51.8
2024-11-22 05:55:23,623 - INFO - Model checkpoint saved at training_output/20241122_032216/models/epoch_14.pth
2024-11-22 05:56:05,330 - INFO - Epoch [15/100], Batch [0/13]
 Dt Loss: 0.0413
 Goal Loss: 0.1144, MIE Loss: 0.0001
 MSE Loss R: 0.0110, BCE Loss G: 0.1033
2024-11-22 05:57:25,842 - INFO - Epoch [15/100], Batch [10/13]
 Dt Loss: 0.0382
 Goal Loss: 0.1701, MIE Loss: 0.0002
 MSE Loss R: 0.0665, BCE Loss G: 0.1035
2024-11-22 05:57:43,585 - INFO - Epoch [15/100] completed. Average Goal Loss: 0.1671
2024-11-22 05:57:43,585 - INFO - Epoch [15/100] completed. Average Action Loss: 0.0398
2024-11-22 05:57:43,586 - INFO - ===================================================================================
2024-11-22 06:00:05,913 - INFO - Epoch [15/100]
Action Validation Loss: 0.0376 
 Goal Validation Loss: 0.1554 
 MIE Validation Loss: 0.0001 
 MSE R Validation Loss: 0.0437 
 BCE G Validation Loss: 0.1117
2024-11-22 06:00:05,913 - INFO - ===================================================================================
2024-11-22 06:00:05,914 - INFO - Completed in 2h 10m
2024-11-22 06:00:58,467 - INFO - Epoch [16/100], Batch [0/13]
 Dt Loss: 0.0374
 Goal Loss: 0.1429, MIE Loss: 0.0002
 MSE Loss R: 0.0268, BCE Loss G: 0.1159
2024-11-22 06:02:16,273 - INFO - Epoch [16/100], Batch [10/13]
 Dt Loss: 0.0342
 Goal Loss: 0.1143, MIE Loss: 0.0000
 MSE Loss R: 0.0105, BCE Loss G: 0.1038
2024-11-22 06:02:34,864 - INFO - Epoch [16/100] completed. Average Goal Loss: 0.1355
2024-11-22 06:02:34,865 - INFO - Epoch [16/100] completed. Average Action Loss: 0.0358
2024-11-22 06:02:34,865 - INFO - ===================================================================================
2024-11-22 06:04:51,249 - INFO - Epoch [16/100]
Action Validation Loss: 0.0328 
 Goal Validation Loss: 0.1641 
 MIE Validation Loss: 0.0018 
 MSE R Validation Loss: 0.0505 
 BCE G Validation Loss: 0.1118
2024-11-22 06:04:51,249 - INFO - ===================================================================================
2024-11-22 06:04:51,249 - INFO - Completed in 2h 15m
2024-11-22 06:30:32,791 - INFO - 16 Test Returns: 53.2
2024-11-22 06:30:32,822 - INFO - Model checkpoint saved at training_output/20241122_032216/models/epoch_16.pth
2024-11-22 06:31:18,628 - INFO - Epoch [17/100], Batch [0/13]
 Dt Loss: 0.0334
 Goal Loss: 0.3039, MIE Loss: 0.0017
 MSE Loss R: 0.1612, BCE Loss G: 0.1409
2024-11-22 06:32:44,899 - INFO - Epoch [17/100], Batch [10/13]
 Dt Loss: 0.0325
 Goal Loss: 0.1376, MIE Loss: 0.0005
 MSE Loss R: 0.0278, BCE Loss G: 0.1093
2024-11-22 06:33:02,554 - INFO - Epoch [17/100] completed. Average Goal Loss: 0.1690
2024-11-22 06:33:02,554 - INFO - Epoch [17/100] completed. Average Action Loss: 0.0333
2024-11-22 06:33:02,554 - INFO - ===================================================================================
2024-11-22 06:35:28,217 - INFO - Epoch [17/100]
Action Validation Loss: 0.0315 
 Goal Validation Loss: 0.1562 
 MIE Validation Loss: 0.0007 
 MSE R Validation Loss: 0.0436 
 BCE G Validation Loss: 0.1119
2024-11-22 06:35:28,218 - INFO - ===================================================================================
2024-11-22 06:35:28,218 - INFO - Completed in 2h 46m
2024-11-22 06:36:10,900 - INFO - Epoch [18/100], Batch [0/13]
 Dt Loss: 0.0324
 Goal Loss: 0.1214, MIE Loss: 0.0009
 MSE Loss R: 0.0141, BCE Loss G: 0.1064
2024-11-22 06:37:35,480 - INFO - Epoch [18/100], Batch [10/13]
 Dt Loss: 0.0301
 Goal Loss: 0.1419, MIE Loss: 0.0010
 MSE Loss R: 0.0270, BCE Loss G: 0.1139
2024-11-22 06:37:53,127 - INFO - Epoch [18/100] completed. Average Goal Loss: 0.1254
2024-11-22 06:37:53,128 - INFO - Epoch [18/100] completed. Average Action Loss: 0.0309
2024-11-22 06:37:53,128 - INFO - ===================================================================================
2024-11-22 06:40:18,365 - INFO - Epoch [18/100]
Action Validation Loss: 0.0285 
 Goal Validation Loss: 0.1588 
 MIE Validation Loss: 0.0006 
 MSE R Validation Loss: 0.0467 
 BCE G Validation Loss: 0.1115
2024-11-22 06:40:18,366 - INFO - ===================================================================================
2024-11-22 06:40:18,366 - INFO - Completed in 2h 51m
