2024-11-22 14:51:55,513 - INFO - Starting.
2024-11-22 14:51:55,513 - INFO - Loading Data.
2024-11-22 15:03:15,802 - INFO - Data loaded in 0.0 hours 11.0 minutes.
2024-11-22 15:03:15,843 - INFO - Training Started.
2024-11-22 15:03:49,815 - INFO - Epoch [1/100], Batch [0/7]
 Dt Loss: 0.0867
 
2024-11-22 15:04:17,476 - INFO - Epoch [1/100] completed. Average Action Loss: 0.0868
2024-11-22 15:04:17,477 - INFO - ===================================================================================
2024-11-22 15:04:58,522 - INFO - Epoch [1/100]
 Validation Loss: 0.0868 
 
2024-11-22 15:04:58,522 - INFO - ===================================================================================
2024-11-22 15:04:58,523 - INFO - Completed in 0h 1m
2024-11-22 15:07:38,718 - INFO - 1 Test Returns: 55.6
2024-11-22 15:07:59,483 - INFO - Epoch [2/100], Batch [0/7]
 Dt Loss: 0.0867
 
2024-11-22 15:08:27,582 - INFO - Epoch [2/100] completed. Average Action Loss: 0.0867
2024-11-22 15:08:27,582 - INFO - ===================================================================================
2024-11-22 15:09:14,074 - INFO - Epoch [2/100]
 Validation Loss: 0.0867 
 
2024-11-22 15:09:14,075 - INFO - ===================================================================================
2024-11-22 15:09:14,075 - INFO - Completed in 0h 5m
2024-11-22 15:11:52,136 - INFO - 2 Test Returns: 53.2
2024-11-22 15:12:14,397 - INFO - Epoch [3/100], Batch [0/7]
 Dt Loss: 0.0866
 
2024-11-22 15:12:41,989 - INFO - Epoch [3/100] completed. Average Action Loss: 0.0865
2024-11-22 15:12:41,989 - INFO - ===================================================================================
2024-11-22 15:13:26,982 - INFO - Epoch [3/100]
 Validation Loss: 0.0863 
 
2024-11-22 15:13:26,983 - INFO - ===================================================================================
2024-11-22 15:13:26,983 - INFO - Completed in 0h 10m
2024-11-22 15:13:49,997 - INFO - Epoch [4/100], Batch [0/7]
 Dt Loss: 0.0863
 
2024-11-22 15:14:17,335 - INFO - Epoch [4/100] completed. Average Action Loss: 0.0863
2024-11-22 15:14:17,336 - INFO - ===================================================================================
2024-11-22 15:15:03,430 - INFO - Epoch [4/100]
 Validation Loss: 0.0860 
 
2024-11-22 15:15:03,430 - INFO - ===================================================================================
2024-11-22 15:15:03,431 - INFO - Completed in 0h 11m
2024-11-22 15:17:55,583 - INFO - 4 Test Returns: 51.8
2024-11-22 15:18:25,662 - INFO - Epoch [5/100], Batch [0/7]
 Dt Loss: 0.0861
 
2024-11-22 15:18:53,204 - INFO - Epoch [5/100] completed. Average Action Loss: 0.0860
2024-11-22 15:18:53,205 - INFO - ===================================================================================
2024-11-22 15:19:42,140 - INFO - Epoch [5/100]
 Validation Loss: 0.0856 
 
2024-11-22 15:19:42,140 - INFO - ===================================================================================
2024-11-22 15:19:42,140 - INFO - Completed in 0h 16m
2024-11-22 15:20:04,278 - INFO - Epoch [6/100], Batch [0/7]
 Dt Loss: 0.0857
 
2024-11-22 15:20:31,473 - INFO - Epoch [6/100] completed. Average Action Loss: 0.0856
2024-11-22 15:20:31,473 - INFO - ===================================================================================
2024-11-22 15:21:21,969 - INFO - Epoch [6/100]
 Validation Loss: 0.0852 
 
2024-11-22 15:21:21,969 - INFO - ===================================================================================
2024-11-22 15:21:21,969 - INFO - Completed in 0h 18m
2024-11-22 15:24:07,283 - INFO - 6 Test Returns: 54.4
2024-11-22 15:24:29,717 - INFO - Epoch [7/100], Batch [0/7]
 Dt Loss: 0.0854
 
2024-11-22 15:24:58,062 - INFO - Epoch [7/100] completed. Average Action Loss: 0.0852
2024-11-22 15:24:58,062 - INFO - ===================================================================================
2024-11-22 15:25:43,005 - INFO - Epoch [7/100]
 Validation Loss: 0.0848 
 
2024-11-22 15:25:43,006 - INFO - ===================================================================================
2024-11-22 15:25:43,006 - INFO - Completed in 0h 22m
2024-11-22 15:26:05,735 - INFO - Epoch [8/100], Batch [0/7]
 Dt Loss: 0.0851
 
2024-11-22 15:26:34,031 - INFO - Epoch [8/100] completed. Average Action Loss: 0.0849
2024-11-22 15:26:34,031 - INFO - ===================================================================================
2024-11-22 15:27:17,107 - INFO - Epoch [8/100]
 Validation Loss: 0.0844 
 
2024-11-22 15:27:17,107 - INFO - ===================================================================================
2024-11-22 15:27:17,108 - INFO - Completed in 0h 24m
2024-11-22 15:30:02,066 - INFO - 8 Test Returns: 51.0
2024-11-22 15:30:24,506 - INFO - Epoch [9/100], Batch [0/7]
 Dt Loss: 0.0846
 
2024-11-22 15:30:53,027 - INFO - Epoch [9/100] completed. Average Action Loss: 0.0845
2024-11-22 15:30:53,027 - INFO - ===================================================================================
2024-11-22 15:31:38,815 - INFO - Epoch [9/100]
 Validation Loss: 0.0840 
 
2024-11-22 15:31:38,815 - INFO - ===================================================================================
2024-11-22 15:31:38,815 - INFO - Completed in 0h 28m
2024-11-22 15:32:01,591 - INFO - Epoch [10/100], Batch [0/7]
 Dt Loss: 0.0843
 
2024-11-22 15:32:29,974 - INFO - Epoch [10/100] completed. Average Action Loss: 0.0842
2024-11-22 15:32:29,974 - INFO - ===================================================================================
2024-11-22 15:33:15,357 - INFO - Epoch [10/100]
 Validation Loss: 0.0837 
 
2024-11-22 15:33:15,357 - INFO - ===================================================================================
2024-11-22 15:33:15,357 - INFO - Completed in 0h 29m
2024-11-22 15:36:02,456 - INFO - 10 Test Returns: 49.0
2024-11-22 15:36:24,966 - INFO - Epoch [11/100], Batch [0/7]
 Dt Loss: 0.0840
 
2024-11-22 15:36:53,552 - INFO - Epoch [11/100] completed. Average Action Loss: 0.0839
2024-11-22 15:36:53,552 - INFO - ===================================================================================
2024-11-22 15:37:39,256 - INFO - Epoch [11/100]
 Validation Loss: 0.0833 
 
2024-11-22 15:37:39,256 - INFO - ===================================================================================
2024-11-22 15:37:39,257 - INFO - Completed in 0h 34m
2024-11-22 15:38:01,806 - INFO - Epoch [12/100], Batch [0/7]
 Dt Loss: 0.0837
 
2024-11-22 15:38:30,522 - INFO - Epoch [12/100] completed. Average Action Loss: 0.0835
2024-11-22 15:38:30,523 - INFO - ===================================================================================
2024-11-22 15:39:16,930 - INFO - Epoch [12/100]
 Validation Loss: 0.0829 
 
2024-11-22 15:39:16,931 - INFO - ===================================================================================
2024-11-22 15:39:16,931 - INFO - Completed in 0h 36m
2024-11-22 15:42:00,008 - INFO - 12 Test Returns: 53.4
2024-11-22 15:42:23,062 - INFO - Epoch [13/100], Batch [0/7]
 Dt Loss: 0.0834
 
2024-11-22 15:42:51,870 - INFO - Epoch [13/100] completed. Average Action Loss: 0.0832
2024-11-22 15:42:51,870 - INFO - ===================================================================================
2024-11-22 15:43:36,642 - INFO - Epoch [13/100]
 Validation Loss: 0.0826 
 
2024-11-22 15:43:36,642 - INFO - ===================================================================================
2024-11-22 15:43:36,643 - INFO - Completed in 0h 40m
2024-11-22 15:43:59,831 - INFO - Epoch [14/100], Batch [0/7]
 Dt Loss: 0.0830
 
2024-11-22 15:44:29,084 - INFO - Epoch [14/100] completed. Average Action Loss: 0.0830
2024-11-22 15:44:29,085 - INFO - ===================================================================================
2024-11-22 15:45:15,128 - INFO - Epoch [14/100]
 Validation Loss: 0.0823 
 
2024-11-22 15:45:15,128 - INFO - ===================================================================================
2024-11-22 15:45:15,128 - INFO - Completed in 0h 41m
2024-11-22 15:48:01,338 - INFO - 14 Test Returns: 48.2
2024-11-22 15:48:23,782 - INFO - Epoch [15/100], Batch [0/7]
 Dt Loss: 0.0828
 
2024-11-22 15:48:52,982 - INFO - Epoch [15/100] completed. Average Action Loss: 0.0826
2024-11-22 15:48:52,983 - INFO - ===================================================================================
2024-11-22 15:49:42,602 - INFO - Epoch [15/100]
 Validation Loss: 0.0819 
 
2024-11-22 15:49:42,603 - INFO - ===================================================================================
2024-11-22 15:49:42,603 - INFO - Completed in 0h 46m
2024-11-22 15:50:05,400 - INFO - Epoch [16/100], Batch [0/7]
 Dt Loss: 0.0825
 
2024-11-22 15:50:34,285 - INFO - Epoch [16/100] completed. Average Action Loss: 0.0824
2024-11-22 15:50:34,285 - INFO - ===================================================================================
2024-11-22 15:51:22,713 - INFO - Epoch [16/100]
 Validation Loss: 0.0817 
 
2024-11-22 15:51:22,713 - INFO - ===================================================================================
2024-11-22 15:51:22,713 - INFO - Completed in 0h 48m
2024-11-22 15:54:06,266 - INFO - 16 Test Returns: 52.2
2024-11-22 15:54:28,920 - INFO - Epoch [17/100], Batch [0/7]
 Dt Loss: 0.0823
 
2024-11-22 15:54:57,592 - INFO - Epoch [17/100] completed. Average Action Loss: 0.0821
2024-11-22 15:54:57,592 - INFO - ===================================================================================
2024-11-22 15:55:43,382 - INFO - Epoch [17/100]
 Validation Loss: 0.0814 
 
2024-11-22 15:55:43,382 - INFO - ===================================================================================
2024-11-22 15:55:43,382 - INFO - Completed in 0h 52m
2024-11-22 15:56:05,247 - INFO - Epoch [18/100], Batch [0/7]
 Dt Loss: 0.0819
 
2024-11-22 15:56:34,071 - INFO - Epoch [18/100] completed. Average Action Loss: 0.0818
2024-11-22 15:56:34,071 - INFO - ===================================================================================
2024-11-22 15:57:21,106 - INFO - Epoch [18/100]
 Validation Loss: 0.0810 
 
2024-11-22 15:57:21,107 - INFO - ===================================================================================
2024-11-22 15:57:21,107 - INFO - Completed in 0h 54m
2024-11-22 16:00:06,588 - INFO - 18 Test Returns: 50.0
2024-11-22 16:00:28,645 - INFO - Epoch [19/100], Batch [0/7]
 Dt Loss: 0.0817
 
2024-11-22 16:00:56,788 - INFO - Epoch [19/100] completed. Average Action Loss: 0.0816
2024-11-22 16:00:56,788 - INFO - ===================================================================================
2024-11-22 16:01:42,180 - INFO - Epoch [19/100]
 Validation Loss: 0.0808 
 
2024-11-22 16:01:42,181 - INFO - ===================================================================================
2024-11-22 16:01:42,181 - INFO - Completed in 0h 58m
2024-11-22 16:02:05,322 - INFO - Epoch [20/100], Batch [0/7]
 Dt Loss: 0.0816
 
2024-11-22 16:02:34,217 - INFO - Epoch [20/100] completed. Average Action Loss: 0.0813
2024-11-22 16:02:34,218 - INFO - ===================================================================================
2024-11-22 16:03:18,953 - INFO - Epoch [20/100]
 Validation Loss: 0.0806 
 
2024-11-22 16:03:18,953 - INFO - ===================================================================================
2024-11-22 16:03:18,953 - INFO - Completed in 1h 0m
2024-11-22 16:06:04,521 - INFO - 20 Test Returns: 49.4
2024-11-22 16:06:28,869 - INFO - Epoch [21/100], Batch [0/7]
 Dt Loss: 0.0812
 
2024-11-22 16:06:57,837 - INFO - Epoch [21/100] completed. Average Action Loss: 0.0811
2024-11-22 16:06:57,838 - INFO - ===================================================================================
2024-11-22 16:07:45,361 - INFO - Epoch [21/100]
 Validation Loss: 0.0803 
 
2024-11-22 16:07:45,361 - INFO - ===================================================================================
2024-11-22 16:07:45,362 - INFO - Completed in 1h 4m
2024-11-22 16:08:08,658 - INFO - Epoch [22/100], Batch [0/7]
 Dt Loss: 0.0809
 
2024-11-22 16:08:36,400 - INFO - Epoch [22/100] completed. Average Action Loss: 0.0808
2024-11-22 16:08:36,400 - INFO - ===================================================================================
2024-11-22 16:09:21,860 - INFO - Epoch [22/100]
 Validation Loss: 0.0801 
 
2024-11-22 16:09:21,860 - INFO - ===================================================================================
2024-11-22 16:09:21,860 - INFO - Completed in 1h 6m
2024-11-22 16:12:17,173 - INFO - 22 Test Returns: 52.6
2024-11-22 16:12:39,751 - INFO - Epoch [23/100], Batch [0/7]
 Dt Loss: 0.0807
 
2024-11-22 16:13:10,041 - INFO - Epoch [23/100] completed. Average Action Loss: 0.0806
2024-11-22 16:13:10,041 - INFO - ===================================================================================
2024-11-22 16:13:52,465 - INFO - Epoch [23/100]
 Validation Loss: 0.0798 
 
2024-11-22 16:13:52,465 - INFO - ===================================================================================
2024-11-22 16:13:52,465 - INFO - Completed in 1h 10m
2024-11-22 16:14:13,975 - INFO - Epoch [24/100], Batch [0/7]
 Dt Loss: 0.0806
 
2024-11-22 16:14:41,722 - INFO - Epoch [24/100] completed. Average Action Loss: 0.0804
2024-11-22 16:14:41,723 - INFO - ===================================================================================
2024-11-22 16:15:23,204 - INFO - Epoch [24/100]
 Validation Loss: 0.0795 
 
2024-11-22 16:15:23,204 - INFO - ===================================================================================
2024-11-22 16:15:23,204 - INFO - Completed in 1h 12m
2024-11-22 16:18:10,058 - INFO - 24 Test Returns: 50.4
2024-11-22 16:18:37,002 - INFO - Epoch [25/100], Batch [0/7]
 Dt Loss: 0.0803
 
2024-11-22 16:19:06,733 - INFO - Epoch [25/100] completed. Average Action Loss: 0.0801
2024-11-22 16:19:06,733 - INFO - ===================================================================================
2024-11-22 16:19:49,467 - INFO - Epoch [25/100]
 Validation Loss: 0.0792 
 
2024-11-22 16:19:49,467 - INFO - ===================================================================================
2024-11-22 16:19:49,467 - INFO - Completed in 1h 16m
2024-11-22 16:20:11,824 - INFO - Epoch [26/100], Batch [0/7]
 Dt Loss: 0.0801
 
2024-11-22 16:20:42,522 - INFO - Epoch [26/100] completed. Average Action Loss: 0.0800
2024-11-22 16:20:42,523 - INFO - ===================================================================================
2024-11-22 16:21:24,190 - INFO - Epoch [26/100]
 Validation Loss: 0.0791 
 
2024-11-22 16:21:24,190 - INFO - ===================================================================================
2024-11-22 16:21:24,191 - INFO - Completed in 1h 18m
2024-11-22 16:24:29,313 - INFO - 26 Test Returns: 50.2
2024-11-22 16:24:51,465 - INFO - Epoch [27/100], Batch [0/7]
 Dt Loss: 0.0798
 
2024-11-22 16:25:18,820 - INFO - Epoch [27/100] completed. Average Action Loss: 0.0797
2024-11-22 16:25:18,821 - INFO - ===================================================================================
2024-11-22 16:26:05,055 - INFO - Epoch [27/100]
 Validation Loss: 0.0789 
 
2024-11-22 16:26:05,056 - INFO - ===================================================================================
2024-11-22 16:26:05,056 - INFO - Completed in 1h 22m
2024-11-22 16:26:28,289 - INFO - Epoch [28/100], Batch [0/7]
 Dt Loss: 0.0796
 
2024-11-22 16:26:55,937 - INFO - Epoch [28/100] completed. Average Action Loss: 0.0795
2024-11-22 16:26:55,938 - INFO - ===================================================================================
2024-11-22 16:27:39,805 - INFO - Epoch [28/100]
 Validation Loss: 0.0786 
 
2024-11-22 16:27:39,805 - INFO - ===================================================================================
2024-11-22 16:27:39,805 - INFO - Completed in 1h 24m
2024-11-22 16:30:22,509 - INFO - 28 Test Returns: 55.0
2024-11-22 16:30:43,875 - INFO - Epoch [29/100], Batch [0/7]
 Dt Loss: 0.0794
 
2024-11-22 16:31:11,472 - INFO - Epoch [29/100] completed. Average Action Loss: 0.0793
2024-11-22 16:31:11,472 - INFO - ===================================================================================
2024-11-22 16:31:58,635 - INFO - Epoch [29/100]
 Validation Loss: 0.0785 
 
2024-11-22 16:31:58,635 - INFO - ===================================================================================
2024-11-22 16:31:58,635 - INFO - Completed in 1h 28m
2024-11-22 16:32:22,230 - INFO - Epoch [30/100], Batch [0/7]
 Dt Loss: 0.0792
 
2024-11-22 16:32:50,365 - INFO - Epoch [30/100] completed. Average Action Loss: 0.0790
2024-11-22 16:32:50,365 - INFO - ===================================================================================
2024-11-22 16:33:34,790 - INFO - Epoch [30/100]
 Validation Loss: 0.0781 
 
2024-11-22 16:33:34,790 - INFO - ===================================================================================
2024-11-22 16:33:34,790 - INFO - Completed in 1h 30m
2024-11-22 16:36:36,170 - INFO - 30 Test Returns: 48.8
2024-11-22 16:36:58,765 - INFO - Epoch [31/100], Batch [0/7]
 Dt Loss: 0.0790
 
2024-11-22 16:37:26,606 - INFO - Epoch [31/100] completed. Average Action Loss: 0.0789
2024-11-22 16:37:26,606 - INFO - ===================================================================================
2024-11-22 16:38:12,430 - INFO - Epoch [31/100]
 Validation Loss: 0.0780 
 
2024-11-22 16:38:12,430 - INFO - ===================================================================================
2024-11-22 16:38:12,431 - INFO - Completed in 1h 34m
2024-11-22 16:38:35,200 - INFO - Epoch [32/100], Batch [0/7]
 Dt Loss: 0.0788
 
2024-11-22 16:39:04,161 - INFO - Epoch [32/100] completed. Average Action Loss: 0.0786
2024-11-22 16:39:04,162 - INFO - ===================================================================================
2024-11-22 16:39:50,511 - INFO - Epoch [32/100]
 Validation Loss: 0.0777 
 
2024-11-22 16:39:50,511 - INFO - ===================================================================================
2024-11-22 16:39:50,511 - INFO - Completed in 1h 36m
2024-11-22 16:42:38,084 - INFO - 32 Test Returns: 51.6
2024-11-22 16:43:00,033 - INFO - Epoch [33/100], Batch [0/7]
 Dt Loss: 0.0785
 
2024-11-22 16:43:27,514 - INFO - Epoch [33/100] completed. Average Action Loss: 0.0785
2024-11-22 16:43:27,514 - INFO - ===================================================================================
2024-11-22 16:44:09,400 - INFO - Epoch [33/100]
 Validation Loss: 0.0775 
 
2024-11-22 16:44:09,400 - INFO - ===================================================================================
2024-11-22 16:44:09,400 - INFO - Completed in 1h 40m
2024-11-22 16:44:33,332 - INFO - Epoch [34/100], Batch [0/7]
 Dt Loss: 0.0784
 
2024-11-22 16:45:01,345 - INFO - Epoch [34/100] completed. Average Action Loss: 0.0782
2024-11-22 16:45:01,345 - INFO - ===================================================================================
2024-11-22 16:45:49,281 - INFO - Epoch [34/100]
 Validation Loss: 0.0773 
 
2024-11-22 16:45:49,281 - INFO - ===================================================================================
2024-11-22 16:45:49,282 - INFO - Completed in 1h 42m
2024-11-22 16:48:32,330 - INFO - 34 Test Returns: 52.4
2024-11-22 16:48:54,402 - INFO - Epoch [35/100], Batch [0/7]
 Dt Loss: 0.0782
 
2024-11-22 16:49:22,897 - INFO - Epoch [35/100] completed. Average Action Loss: 0.0781
2024-11-22 16:49:22,897 - INFO - ===================================================================================
2024-11-22 16:50:09,932 - INFO - Epoch [35/100]
 Validation Loss: 0.0770 
 
2024-11-22 16:50:09,932 - INFO - ===================================================================================
2024-11-22 16:50:09,932 - INFO - Completed in 1h 46m
2024-11-22 16:50:32,599 - INFO - Epoch [36/100], Batch [0/7]
 Dt Loss: 0.0779
 
2024-11-22 16:51:00,849 - INFO - Epoch [36/100] completed. Average Action Loss: 0.0779
2024-11-22 16:51:00,849 - INFO - ===================================================================================
2024-11-22 16:51:45,808 - INFO - Epoch [36/100]
 Validation Loss: 0.0769 
 
2024-11-22 16:51:45,808 - INFO - ===================================================================================
2024-11-22 16:51:45,808 - INFO - Completed in 1h 48m
2024-11-22 16:54:34,253 - INFO - 36 Test Returns: 52.4
2024-11-22 16:54:57,273 - INFO - Epoch [37/100], Batch [0/7]
 Dt Loss: 0.0777
 
2024-11-22 16:55:25,063 - INFO - Epoch [37/100] completed. Average Action Loss: 0.0777
2024-11-22 16:55:25,064 - INFO - ===================================================================================
2024-11-22 16:56:11,488 - INFO - Epoch [37/100]
 Validation Loss: 0.0767 
 
2024-11-22 16:56:11,489 - INFO - ===================================================================================
2024-11-22 16:56:11,489 - INFO - Completed in 1h 52m
2024-11-22 16:56:34,337 - INFO - Epoch [38/100], Batch [0/7]
 Dt Loss: 0.0774
 
2024-11-22 16:57:02,886 - INFO - Epoch [38/100] completed. Average Action Loss: 0.0775
2024-11-22 16:57:02,887 - INFO - ===================================================================================
2024-11-22 16:57:50,195 - INFO - Epoch [38/100]
 Validation Loss: 0.0764 
 
2024-11-22 16:57:50,195 - INFO - ===================================================================================
2024-11-22 16:57:50,196 - INFO - Completed in 1h 54m
2024-11-22 17:00:31,741 - INFO - 38 Test Returns: 55.6
2024-11-22 17:00:54,394 - INFO - Epoch [39/100], Batch [0/7]
 Dt Loss: 0.0775
 
2024-11-22 17:01:21,910 - INFO - Epoch [39/100] completed. Average Action Loss: 0.0773
2024-11-22 17:01:21,911 - INFO - ===================================================================================
2024-11-22 17:02:05,904 - INFO - Epoch [39/100]
 Validation Loss: 0.0761 
 
2024-11-22 17:02:05,904 - INFO - ===================================================================================
2024-11-22 17:02:05,904 - INFO - Completed in 1h 58m
2024-11-22 17:02:28,929 - INFO - Epoch [40/100], Batch [0/7]
 Dt Loss: 0.0770
 
2024-11-22 17:02:57,161 - INFO - Epoch [40/100] completed. Average Action Loss: 0.0770
2024-11-22 17:02:57,161 - INFO - ===================================================================================
2024-11-22 17:03:40,583 - INFO - Epoch [40/100]
 Validation Loss: 0.0758 
 
2024-11-22 17:03:40,583 - INFO - ===================================================================================
2024-11-22 17:03:40,583 - INFO - Completed in 2h 0m
2024-11-22 17:06:22,720 - INFO - 40 Test Returns: 56.0
2024-11-22 17:06:44,689 - INFO - Epoch [41/100], Batch [0/7]
 Dt Loss: 0.0768
 
2024-11-22 17:07:12,525 - INFO - Epoch [41/100] completed. Average Action Loss: 0.0769
2024-11-22 17:07:12,526 - INFO - ===================================================================================
2024-11-22 17:08:02,213 - INFO - Epoch [41/100]
 Validation Loss: 0.0757 
 
2024-11-22 17:08:02,213 - INFO - ===================================================================================
2024-11-22 17:08:02,214 - INFO - Completed in 2h 4m
2024-11-22 17:08:25,218 - INFO - Epoch [42/100], Batch [0/7]
 Dt Loss: 0.0767
 
2024-11-22 17:08:53,341 - INFO - Epoch [42/100] completed. Average Action Loss: 0.0766
2024-11-22 17:08:53,341 - INFO - ===================================================================================
2024-11-22 17:09:40,865 - INFO - Epoch [42/100]
 Validation Loss: 0.0754 
 
2024-11-22 17:09:40,865 - INFO - ===================================================================================
2024-11-22 17:09:40,865 - INFO - Completed in 2h 6m
2024-11-22 17:12:27,499 - INFO - 42 Test Returns: 50.2
2024-11-22 17:12:50,648 - INFO - Epoch [43/100], Batch [0/7]
 Dt Loss: 0.0764
 
2024-11-22 17:13:18,547 - INFO - Epoch [43/100] completed. Average Action Loss: 0.0763
2024-11-22 17:13:18,548 - INFO - ===================================================================================
2024-11-22 17:14:06,440 - INFO - Epoch [43/100]
 Validation Loss: 0.0753 
 
2024-11-22 17:14:06,440 - INFO - ===================================================================================
2024-11-22 17:14:06,440 - INFO - Completed in 2h 10m
2024-11-22 17:14:29,645 - INFO - Epoch [44/100], Batch [0/7]
 Dt Loss: 0.0762
 
2024-11-22 17:14:58,081 - INFO - Epoch [44/100] completed. Average Action Loss: 0.0762
2024-11-22 17:14:58,081 - INFO - ===================================================================================
2024-11-22 17:15:44,761 - INFO - Epoch [44/100]
 Validation Loss: 0.0751 
 
2024-11-22 17:15:44,762 - INFO - ===================================================================================
2024-11-22 17:15:44,762 - INFO - Completed in 2h 12m
2024-11-22 17:18:29,029 - INFO - 44 Test Returns: 51.2
2024-11-22 17:18:52,765 - INFO - Epoch [45/100], Batch [0/7]
 Dt Loss: 0.0762
 
2024-11-22 17:19:21,559 - INFO - Epoch [45/100] completed. Average Action Loss: 0.0760
2024-11-22 17:19:21,560 - INFO - ===================================================================================
2024-11-22 17:20:09,607 - INFO - Epoch [45/100]
 Validation Loss: 0.0747 
 
2024-11-22 17:20:09,607 - INFO - ===================================================================================
2024-11-22 17:20:09,608 - INFO - Completed in 2h 16m
2024-11-22 17:20:32,632 - INFO - Epoch [46/100], Batch [0/7]
 Dt Loss: 0.0760
 
2024-11-22 17:21:01,275 - INFO - Epoch [46/100] completed. Average Action Loss: 0.0758
2024-11-22 17:21:01,275 - INFO - ===================================================================================
2024-11-22 17:21:50,691 - INFO - Epoch [46/100]
 Validation Loss: 0.0745 
 
2024-11-22 17:21:50,691 - INFO - ===================================================================================
2024-11-22 17:21:50,692 - INFO - Completed in 2h 18m
2024-11-22 17:24:44,276 - INFO - 46 Test Returns: 52.2
2024-11-22 17:25:06,006 - INFO - Epoch [47/100], Batch [0/7]
 Dt Loss: 0.0755
 
2024-11-22 17:25:33,112 - INFO - Epoch [47/100] completed. Average Action Loss: 0.0755
2024-11-22 17:25:33,112 - INFO - ===================================================================================
2024-11-22 17:26:16,135 - INFO - Epoch [47/100]
 Validation Loss: 0.0743 
 
2024-11-22 17:26:16,135 - INFO - ===================================================================================
2024-11-22 17:26:16,136 - INFO - Completed in 2h 23m
2024-11-22 17:26:36,479 - INFO - Epoch [48/100], Batch [0/7]
 Dt Loss: 0.0754
 
2024-11-22 17:27:03,128 - INFO - Epoch [48/100] completed. Average Action Loss: 0.0753
2024-11-22 17:27:03,128 - INFO - ===================================================================================
2024-11-22 17:27:53,290 - INFO - Epoch [48/100]
 Validation Loss: 0.0740 
 
2024-11-22 17:27:53,290 - INFO - ===================================================================================
2024-11-22 17:27:53,291 - INFO - Completed in 2h 24m
2024-11-22 17:30:48,802 - INFO - 48 Test Returns: 54.6
2024-11-22 17:31:10,441 - INFO - Epoch [49/100], Batch [0/7]
 Dt Loss: 0.0752
 
2024-11-22 17:31:37,627 - INFO - Epoch [49/100] completed. Average Action Loss: 0.0750
2024-11-22 17:31:37,628 - INFO - ===================================================================================
2024-11-22 17:32:21,215 - INFO - Epoch [49/100]
 Validation Loss: 0.0738 
 
2024-11-22 17:32:21,215 - INFO - ===================================================================================
2024-11-22 17:32:21,215 - INFO - Completed in 2h 29m
2024-11-22 17:32:43,156 - INFO - Epoch [50/100], Batch [0/7]
 Dt Loss: 0.0749
 
2024-11-22 17:33:14,578 - INFO - Epoch [50/100] completed. Average Action Loss: 0.0748
2024-11-22 17:33:14,578 - INFO - ===================================================================================
2024-11-22 17:33:59,832 - INFO - Epoch [50/100]
 Validation Loss: 0.0735 
 
2024-11-22 17:33:59,832 - INFO - ===================================================================================
2024-11-22 17:33:59,833 - INFO - Completed in 2h 30m
2024-11-22 17:36:54,111 - INFO - 50 Test Returns: 51.8
2024-11-22 17:37:16,929 - INFO - Epoch [51/100], Batch [0/7]
 Dt Loss: 0.0747
 
2024-11-22 17:37:45,937 - INFO - Epoch [51/100] completed. Average Action Loss: 0.0746
2024-11-22 17:37:45,938 - INFO - ===================================================================================
2024-11-22 17:38:29,465 - INFO - Epoch [51/100]
 Validation Loss: 0.0732 
 
2024-11-22 17:38:29,465 - INFO - ===================================================================================
2024-11-22 17:38:29,466 - INFO - Completed in 2h 35m
2024-11-22 17:38:50,115 - INFO - Epoch [52/100], Batch [0/7]
 Dt Loss: 0.0745
 
2024-11-22 17:39:18,974 - INFO - Epoch [52/100] completed. Average Action Loss: 0.0743
2024-11-22 17:39:18,974 - INFO - ===================================================================================
2024-11-22 17:40:00,353 - INFO - Epoch [52/100]
 Validation Loss: 0.0729 
 
2024-11-22 17:40:00,353 - INFO - ===================================================================================
2024-11-22 17:40:00,354 - INFO - Completed in 2h 36m
2024-11-22 17:42:43,022 - INFO - 52 Test Returns: 52.4
2024-11-22 17:43:03,435 - INFO - Epoch [53/100], Batch [0/7]
 Dt Loss: 0.0741
 
2024-11-22 17:43:29,862 - INFO - Epoch [53/100] completed. Average Action Loss: 0.0740
2024-11-22 17:43:29,862 - INFO - ===================================================================================
2024-11-22 17:44:12,973 - INFO - Epoch [53/100]
 Validation Loss: 0.0726 
 
2024-11-22 17:44:12,973 - INFO - ===================================================================================
2024-11-22 17:44:12,973 - INFO - Completed in 2h 40m
2024-11-22 17:44:33,078 - INFO - Epoch [54/100], Batch [0/7]
 Dt Loss: 0.0738
 
2024-11-22 17:45:00,482 - INFO - Epoch [54/100] completed. Average Action Loss: 0.0738
2024-11-22 17:45:00,482 - INFO - ===================================================================================
2024-11-22 17:45:44,123 - INFO - Epoch [54/100]
 Validation Loss: 0.0723 
 
2024-11-22 17:45:44,123 - INFO - ===================================================================================
2024-11-22 17:45:44,123 - INFO - Completed in 2h 42m
2024-11-22 17:48:24,536 - INFO - 54 Test Returns: 52.6
2024-11-22 17:48:45,773 - INFO - Epoch [55/100], Batch [0/7]
 Dt Loss: 0.0735
 
2024-11-22 17:49:12,549 - INFO - Epoch [55/100] completed. Average Action Loss: 0.0734
2024-11-22 17:49:12,549 - INFO - ===================================================================================
2024-11-22 17:49:57,026 - INFO - Epoch [55/100]
 Validation Loss: 0.0718 
 
2024-11-22 17:49:57,027 - INFO - ===================================================================================
2024-11-22 17:49:57,027 - INFO - Completed in 2h 46m
2024-11-22 17:50:16,962 - INFO - Epoch [56/100], Batch [0/7]
 Dt Loss: 0.0732
 
2024-11-22 17:50:46,218 - INFO - Epoch [56/100] completed. Average Action Loss: 0.0732
2024-11-22 17:50:46,219 - INFO - ===================================================================================
2024-11-22 17:51:31,518 - INFO - Epoch [56/100]
 Validation Loss: 0.0714 
 
2024-11-22 17:51:31,518 - INFO - ===================================================================================
2024-11-22 17:51:31,519 - INFO - Completed in 2h 48m
2024-11-22 17:54:15,266 - INFO - 56 Test Returns: 52.2
2024-11-22 17:54:38,783 - INFO - Epoch [57/100], Batch [0/7]
 Dt Loss: 0.0730
 
2024-11-22 17:55:06,915 - INFO - Epoch [57/100] completed. Average Action Loss: 0.0729
2024-11-22 17:55:06,915 - INFO - ===================================================================================
2024-11-22 17:55:53,583 - INFO - Epoch [57/100]
 Validation Loss: 0.0712 
 
2024-11-22 17:55:53,583 - INFO - ===================================================================================
2024-11-22 17:55:53,583 - INFO - Completed in 2h 52m
2024-11-22 17:56:16,233 - INFO - Epoch [58/100], Batch [0/7]
 Dt Loss: 0.0728
 
2024-11-22 17:56:45,384 - INFO - Epoch [58/100] completed. Average Action Loss: 0.0725
2024-11-22 17:56:45,385 - INFO - ===================================================================================
2024-11-22 17:57:33,315 - INFO - Epoch [58/100]
 Validation Loss: 0.0707 
 
2024-11-22 17:57:33,316 - INFO - ===================================================================================
2024-11-22 17:57:33,316 - INFO - Completed in 2h 54m
2024-11-22 18:00:30,756 - INFO - 58 Test Returns: 50.8
2024-11-22 18:00:52,124 - INFO - Epoch [59/100], Batch [0/7]
 Dt Loss: 0.0722
 
2024-11-22 18:01:19,886 - INFO - Epoch [59/100] completed. Average Action Loss: 0.0723
2024-11-22 18:01:19,886 - INFO - ===================================================================================
2024-11-22 18:02:06,630 - INFO - Epoch [59/100]
 Validation Loss: 0.0704 
 
2024-11-22 18:02:06,630 - INFO - ===================================================================================
2024-11-22 18:02:06,631 - INFO - Completed in 2h 58m
2024-11-22 18:02:27,309 - INFO - Epoch [60/100], Batch [0/7]
 Dt Loss: 0.0720
 
2024-11-22 18:02:55,519 - INFO - Epoch [60/100] completed. Average Action Loss: 0.0718
2024-11-22 18:02:55,519 - INFO - ===================================================================================
2024-11-22 18:03:41,790 - INFO - Epoch [60/100]
 Validation Loss: 0.0700 
 
2024-11-22 18:03:41,790 - INFO - ===================================================================================
2024-11-22 18:03:41,790 - INFO - Completed in 3h 0m
2024-11-22 18:06:23,611 - INFO - 60 Test Returns: 54.4
2024-11-22 18:06:46,477 - INFO - Epoch [61/100], Batch [0/7]
 Dt Loss: 0.0715
 
2024-11-22 18:07:14,524 - INFO - Epoch [61/100] completed. Average Action Loss: 0.0715
2024-11-22 18:07:14,524 - INFO - ===================================================================================
2024-11-22 18:08:01,440 - INFO - Epoch [61/100]
 Validation Loss: 0.0696 
 
2024-11-22 18:08:01,440 - INFO - ===================================================================================
2024-11-22 18:08:01,441 - INFO - Completed in 3h 4m
2024-11-22 18:08:25,201 - INFO - Epoch [62/100], Batch [0/7]
 Dt Loss: 0.0711
 
2024-11-22 18:08:52,839 - INFO - Epoch [62/100] completed. Average Action Loss: 0.0710
2024-11-22 18:08:52,839 - INFO - ===================================================================================
2024-11-22 18:09:37,680 - INFO - Epoch [62/100]
 Validation Loss: 0.0692 
 
2024-11-22 18:09:37,680 - INFO - ===================================================================================
2024-11-22 18:09:37,680 - INFO - Completed in 3h 6m
2024-11-22 18:12:15,735 - INFO - 62 Test Returns: 52.0
2024-11-22 18:12:39,343 - INFO - Epoch [63/100], Batch [0/7]
 Dt Loss: 0.0709
 
2024-11-22 18:13:06,926 - INFO - Epoch [63/100] completed. Average Action Loss: 0.0706
2024-11-22 18:13:06,926 - INFO - ===================================================================================
2024-11-22 18:13:53,372 - INFO - Epoch [63/100]
 Validation Loss: 0.0686 
 
2024-11-22 18:13:53,372 - INFO - ===================================================================================
2024-11-22 18:13:53,373 - INFO - Completed in 3h 10m
2024-11-22 18:14:15,248 - INFO - Epoch [64/100], Batch [0/7]
 Dt Loss: 0.0704
 
2024-11-22 18:14:42,599 - INFO - Epoch [64/100] completed. Average Action Loss: 0.0702
2024-11-22 18:14:42,600 - INFO - ===================================================================================
2024-11-22 18:15:24,813 - INFO - Epoch [64/100]
 Validation Loss: 0.0681 
 
2024-11-22 18:15:24,813 - INFO - ===================================================================================
2024-11-22 18:15:24,813 - INFO - Completed in 3h 12m
2024-11-22 18:18:33,642 - INFO - 64 Test Returns: 54.6
2024-11-22 18:18:53,082 - INFO - Epoch [65/100], Batch [0/7]
 Dt Loss: 0.0700
 
2024-11-22 18:19:19,584 - INFO - Epoch [65/100] completed. Average Action Loss: 0.0697
2024-11-22 18:19:19,584 - INFO - ===================================================================================
2024-11-22 18:19:59,972 - INFO - Epoch [65/100]
 Validation Loss: 0.0676 
 
2024-11-22 18:19:59,972 - INFO - ===================================================================================
2024-11-22 18:19:59,973 - INFO - Completed in 3h 16m
2024-11-22 18:20:19,672 - INFO - Epoch [66/100], Batch [0/7]
 Dt Loss: 0.0695
 
2024-11-22 18:20:46,897 - INFO - Epoch [66/100] completed. Average Action Loss: 0.0692
2024-11-22 18:20:46,897 - INFO - ===================================================================================
2024-11-22 18:21:30,126 - INFO - Epoch [66/100]
 Validation Loss: 0.0669 
 
2024-11-22 18:21:30,126 - INFO - ===================================================================================
2024-11-22 18:21:30,127 - INFO - Completed in 3h 18m
2024-11-22 18:24:13,150 - INFO - 66 Test Returns: 53.0
2024-11-22 18:24:33,571 - INFO - Epoch [67/100], Batch [0/7]
 Dt Loss: 0.0689
 
2024-11-22 18:25:01,202 - INFO - Epoch [67/100] completed. Average Action Loss: 0.0687
2024-11-22 18:25:01,202 - INFO - ===================================================================================
2024-11-22 18:25:47,145 - INFO - Epoch [67/100]
 Validation Loss: 0.0663 
 
2024-11-22 18:25:47,145 - INFO - ===================================================================================
2024-11-22 18:25:47,145 - INFO - Completed in 3h 22m
2024-11-22 18:26:08,155 - INFO - Epoch [68/100], Batch [0/7]
 Dt Loss: 0.0684
 
2024-11-22 18:26:35,462 - INFO - Epoch [68/100] completed. Average Action Loss: 0.0681
2024-11-22 18:26:35,463 - INFO - ===================================================================================
2024-11-22 18:27:20,233 - INFO - Epoch [68/100]
 Validation Loss: 0.0656 
 
2024-11-22 18:27:20,234 - INFO - ===================================================================================
2024-11-22 18:27:20,234 - INFO - Completed in 3h 24m
2024-11-22 18:30:03,707 - INFO - 68 Test Returns: 54.0
2024-11-22 18:30:26,714 - INFO - Epoch [69/100], Batch [0/7]
 Dt Loss: 0.0678
 
2024-11-22 18:30:54,391 - INFO - Epoch [69/100] completed. Average Action Loss: 0.0676
2024-11-22 18:30:54,391 - INFO - ===================================================================================
2024-11-22 18:31:40,291 - INFO - Epoch [69/100]
 Validation Loss: 0.0651 
 
2024-11-22 18:31:40,292 - INFO - ===================================================================================
2024-11-22 18:31:40,292 - INFO - Completed in 3h 28m
2024-11-22 18:32:02,215 - INFO - Epoch [70/100], Batch [0/7]
 Dt Loss: 0.0670
 
2024-11-22 18:32:29,534 - INFO - Epoch [70/100] completed. Average Action Loss: 0.0669
2024-11-22 18:32:29,534 - INFO - ===================================================================================
2024-11-22 18:33:14,106 - INFO - Epoch [70/100]
 Validation Loss: 0.0643 
 
2024-11-22 18:33:14,106 - INFO - ===================================================================================
2024-11-22 18:33:14,107 - INFO - Completed in 3h 29m
2024-11-22 18:36:03,827 - INFO - 70 Test Returns: 55.6
2024-11-22 18:36:24,680 - INFO - Epoch [71/100], Batch [0/7]
 Dt Loss: 0.0667
 
2024-11-22 18:36:52,623 - INFO - Epoch [71/100] completed. Average Action Loss: 0.0664
2024-11-22 18:36:52,623 - INFO - ===================================================================================
2024-11-22 18:37:38,249 - INFO - Epoch [71/100]
 Validation Loss: 0.0637 
 
2024-11-22 18:37:38,250 - INFO - ===================================================================================
2024-11-22 18:37:38,250 - INFO - Completed in 3h 34m
2024-11-22 18:38:01,501 - INFO - Epoch [72/100], Batch [0/7]
 Dt Loss: 0.0660
 
2024-11-22 18:38:29,431 - INFO - Epoch [72/100] completed. Average Action Loss: 0.0657
2024-11-22 18:38:29,432 - INFO - ===================================================================================
2024-11-22 18:39:13,759 - INFO - Epoch [72/100]
 Validation Loss: 0.0630 
 
2024-11-22 18:39:13,760 - INFO - ===================================================================================
2024-11-22 18:39:13,760 - INFO - Completed in 3h 35m
2024-11-22 18:41:56,321 - INFO - 72 Test Returns: 53.8
2024-11-22 18:42:19,927 - INFO - Epoch [73/100], Batch [0/7]
 Dt Loss: 0.0653
 
2024-11-22 18:42:49,550 - INFO - Epoch [73/100] completed. Average Action Loss: 0.0651
2024-11-22 18:42:49,550 - INFO - ===================================================================================
2024-11-22 18:43:39,242 - INFO - Epoch [73/100]
 Validation Loss: 0.0622 
 
2024-11-22 18:43:39,242 - INFO - ===================================================================================
2024-11-22 18:43:39,243 - INFO - Completed in 3h 40m
2024-11-22 18:44:02,740 - INFO - Epoch [74/100], Batch [0/7]
 Dt Loss: 0.0649
 
2024-11-22 18:44:31,959 - INFO - Epoch [74/100] completed. Average Action Loss: 0.0644
2024-11-22 18:44:31,959 - INFO - ===================================================================================
2024-11-22 18:45:18,215 - INFO - Epoch [74/100]
 Validation Loss: 0.0616 
 
2024-11-22 18:45:18,215 - INFO - ===================================================================================
2024-11-22 18:45:18,216 - INFO - Completed in 3h 42m
2024-11-22 18:48:01,050 - INFO - 74 Test Returns: 51.2
2024-11-22 18:48:24,777 - INFO - Epoch [75/100], Batch [0/7]
 Dt Loss: 0.0643
 
2024-11-22 18:48:52,614 - INFO - Epoch [75/100] completed. Average Action Loss: 0.0638
2024-11-22 18:48:52,615 - INFO - ===================================================================================
2024-11-22 18:49:39,928 - INFO - Epoch [75/100]
 Validation Loss: 0.0605 
 
2024-11-22 18:49:39,928 - INFO - ===================================================================================
2024-11-22 18:49:39,929 - INFO - Completed in 3h 46m
2024-11-22 18:50:03,144 - INFO - Epoch [76/100], Batch [0/7]
 Dt Loss: 0.0635
 
2024-11-22 18:50:33,374 - INFO - Epoch [76/100] completed. Average Action Loss: 0.0631
2024-11-22 18:50:33,374 - INFO - ===================================================================================
2024-11-22 18:51:18,095 - INFO - Epoch [76/100]
 Validation Loss: 0.0600 
 
2024-11-22 18:51:18,095 - INFO - ===================================================================================
2024-11-22 18:51:18,096 - INFO - Completed in 3h 48m
2024-11-22 18:54:02,137 - INFO - 76 Test Returns: 51.6
2024-11-22 18:54:24,384 - INFO - Epoch [77/100], Batch [0/7]
 Dt Loss: 0.0625
 
2024-11-22 18:54:51,216 - INFO - Epoch [77/100] completed. Average Action Loss: 0.0624
2024-11-22 18:54:51,217 - INFO - ===================================================================================
2024-11-22 18:55:36,260 - INFO - Epoch [77/100]
 Validation Loss: 0.0593 
 
2024-11-22 18:55:36,261 - INFO - ===================================================================================
2024-11-22 18:55:36,261 - INFO - Completed in 3h 52m
2024-11-22 18:56:00,075 - INFO - Epoch [78/100], Batch [0/7]
 Dt Loss: 0.0620
 
2024-11-22 18:56:27,415 - INFO - Epoch [78/100] completed. Average Action Loss: 0.0617
2024-11-22 18:56:27,416 - INFO - ===================================================================================
2024-11-22 18:57:11,950 - INFO - Epoch [78/100]
 Validation Loss: 0.0583 
 
2024-11-22 18:57:11,950 - INFO - ===================================================================================
2024-11-22 18:57:11,950 - INFO - Completed in 3h 53m
2024-11-22 19:00:20,825 - INFO - 78 Test Returns: 55.6
2024-11-22 19:00:41,329 - INFO - Epoch [79/100], Batch [0/7]
 Dt Loss: 0.0613
 
2024-11-22 19:01:09,004 - INFO - Epoch [79/100] completed. Average Action Loss: 0.0610
2024-11-22 19:01:09,004 - INFO - ===================================================================================
2024-11-22 19:01:56,392 - INFO - Epoch [79/100]
 Validation Loss: 0.0577 
 
2024-11-22 19:01:56,393 - INFO - ===================================================================================
2024-11-22 19:01:56,393 - INFO - Completed in 3h 58m
2024-11-22 19:02:18,344 - INFO - Epoch [80/100], Batch [0/7]
 Dt Loss: 0.0603
 
2024-11-22 19:02:46,247 - INFO - Epoch [80/100] completed. Average Action Loss: 0.0603
2024-11-22 19:02:46,247 - INFO - ===================================================================================
2024-11-22 19:03:33,709 - INFO - Epoch [80/100]
 Validation Loss: 0.0571 
 
2024-11-22 19:03:33,710 - INFO - ===================================================================================
2024-11-22 19:03:33,710 - INFO - Completed in 4h 0m
2024-11-22 19:06:24,169 - INFO - 80 Test Returns: 53.4
2024-11-22 19:06:46,991 - INFO - Epoch [81/100], Batch [0/7]
 Dt Loss: 0.0599
 
2024-11-22 19:07:14,705 - INFO - Epoch [81/100] completed. Average Action Loss: 0.0596
2024-11-22 19:07:14,706 - INFO - ===================================================================================
2024-11-22 19:08:01,800 - INFO - Epoch [81/100]
 Validation Loss: 0.0561 
 
2024-11-22 19:08:01,800 - INFO - ===================================================================================
2024-11-22 19:08:01,800 - INFO - Completed in 4h 4m
2024-11-22 19:08:24,921 - INFO - Epoch [82/100], Batch [0/7]
 Dt Loss: 0.0591
 
2024-11-22 19:08:52,584 - INFO - Epoch [82/100] completed. Average Action Loss: 0.0587
2024-11-22 19:08:52,584 - INFO - ===================================================================================
2024-11-22 19:09:39,776 - INFO - Epoch [82/100]
 Validation Loss: 0.0553 
 
2024-11-22 19:09:39,776 - INFO - ===================================================================================
2024-11-22 19:09:39,776 - INFO - Completed in 4h 6m
2024-11-22 19:12:21,576 - INFO - 82 Test Returns: 52.2
2024-11-22 19:12:44,241 - INFO - Epoch [83/100], Batch [0/7]
 Dt Loss: 0.0582
 
2024-11-22 19:13:11,938 - INFO - Epoch [83/100] completed. Average Action Loss: 0.0581
2024-11-22 19:13:11,938 - INFO - ===================================================================================
2024-11-22 19:13:59,714 - INFO - Epoch [83/100]
 Validation Loss: 0.0545 
 
2024-11-22 19:13:59,715 - INFO - ===================================================================================
2024-11-22 19:13:59,715 - INFO - Completed in 4h 10m
2024-11-22 19:14:22,414 - INFO - Epoch [84/100], Batch [0/7]
 Dt Loss: 0.0578
 
2024-11-22 19:14:52,011 - INFO - Epoch [84/100] completed. Average Action Loss: 0.0574
2024-11-22 19:14:52,011 - INFO - ===================================================================================
2024-11-22 19:15:37,220 - INFO - Epoch [84/100]
 Validation Loss: 0.0540 
 
2024-11-22 19:15:37,220 - INFO - ===================================================================================
2024-11-22 19:15:37,221 - INFO - Completed in 4h 12m
2024-11-22 19:18:37,352 - INFO - 84 Test Returns: 54.4
2024-11-22 19:18:59,670 - INFO - Epoch [85/100], Batch [0/7]
 Dt Loss: 0.0567
 
2024-11-22 19:19:27,727 - INFO - Epoch [85/100] completed. Average Action Loss: 0.0566
2024-11-22 19:19:27,727 - INFO - ===================================================================================
2024-11-22 19:20:13,816 - INFO - Epoch [85/100]
 Validation Loss: 0.0534 
 
2024-11-22 19:20:13,817 - INFO - ===================================================================================
2024-11-22 19:20:13,817 - INFO - Completed in 4h 16m
2024-11-22 19:20:36,468 - INFO - Epoch [86/100], Batch [0/7]
 Dt Loss: 0.0563
 
2024-11-22 19:21:04,394 - INFO - Epoch [86/100] completed. Average Action Loss: 0.0560
2024-11-22 19:21:04,395 - INFO - ===================================================================================
2024-11-22 19:21:50,144 - INFO - Epoch [86/100]
 Validation Loss: 0.0526 
 
2024-11-22 19:21:50,144 - INFO - ===================================================================================
2024-11-22 19:21:50,144 - INFO - Completed in 4h 18m
2024-11-22 19:24:31,905 - INFO - 86 Test Returns: 51.6
2024-11-22 19:24:55,263 - INFO - Epoch [87/100], Batch [0/7]
 Dt Loss: 0.0559
 
2024-11-22 19:25:24,202 - INFO - Epoch [87/100] completed. Average Action Loss: 0.0552
2024-11-22 19:25:24,203 - INFO - ===================================================================================
2024-11-22 19:26:10,988 - INFO - Epoch [87/100]
 Validation Loss: 0.0520 
 
2024-11-22 19:26:10,989 - INFO - ===================================================================================
2024-11-22 19:26:10,989 - INFO - Completed in 4h 22m
2024-11-22 19:26:34,061 - INFO - Epoch [88/100], Batch [0/7]
 Dt Loss: 0.0546
 
2024-11-22 19:27:02,265 - INFO - Epoch [88/100] completed. Average Action Loss: 0.0545
2024-11-22 19:27:02,265 - INFO - ===================================================================================
2024-11-22 19:27:48,802 - INFO - Epoch [88/100]
 Validation Loss: 0.0512 
 
2024-11-22 19:27:48,803 - INFO - ===================================================================================
2024-11-22 19:27:48,803 - INFO - Completed in 4h 24m
2024-11-22 19:30:33,323 - INFO - 88 Test Returns: 50.2
2024-11-22 19:30:58,411 - INFO - Epoch [89/100], Batch [0/7]
 Dt Loss: 0.0540
 
2024-11-22 19:31:25,984 - INFO - Epoch [89/100] completed. Average Action Loss: 0.0538
2024-11-22 19:31:25,984 - INFO - ===================================================================================
2024-11-22 19:32:12,833 - INFO - Epoch [89/100]
 Validation Loss: 0.0508 
 
2024-11-22 19:32:12,834 - INFO - ===================================================================================
2024-11-22 19:32:12,834 - INFO - Completed in 4h 28m
2024-11-22 19:32:36,458 - INFO - Epoch [90/100], Batch [0/7]
 Dt Loss: 0.0535
 
2024-11-22 19:33:03,696 - INFO - Epoch [90/100] completed. Average Action Loss: 0.0532
2024-11-22 19:33:03,697 - INFO - ===================================================================================
2024-11-22 19:33:48,556 - INFO - Epoch [90/100]
 Validation Loss: 0.0504 
 
2024-11-22 19:33:48,556 - INFO - ===================================================================================
2024-11-22 19:33:48,556 - INFO - Completed in 4h 30m
2024-11-22 19:36:27,190 - INFO - 90 Test Returns: 54.2
2024-11-22 19:36:50,057 - INFO - Epoch [91/100], Batch [0/7]
 Dt Loss: 0.0531
 
2024-11-22 19:37:16,876 - INFO - Epoch [91/100] completed. Average Action Loss: 0.0527
2024-11-22 19:37:16,877 - INFO - ===================================================================================
2024-11-22 19:37:58,844 - INFO - Epoch [91/100]
 Validation Loss: 0.0497 
 
2024-11-22 19:37:58,845 - INFO - ===================================================================================
2024-11-22 19:37:58,845 - INFO - Completed in 4h 34m
2024-11-22 19:38:18,546 - INFO - Epoch [92/100], Batch [0/7]
 Dt Loss: 0.0523
 
2024-11-22 19:38:46,348 - INFO - Epoch [92/100] completed. Average Action Loss: 0.0520
2024-11-22 19:38:46,349 - INFO - ===================================================================================
2024-11-22 19:39:32,341 - INFO - Epoch [92/100]
 Validation Loss: 0.0496 
 
2024-11-22 19:39:32,341 - INFO - ===================================================================================
2024-11-22 19:39:32,341 - INFO - Completed in 4h 36m
2024-11-22 19:42:14,768 - INFO - 92 Test Returns: 51.6
2024-11-22 19:42:34,650 - INFO - Epoch [93/100], Batch [0/7]
 Dt Loss: 0.0517
 
2024-11-22 19:43:04,034 - INFO - Epoch [93/100] completed. Average Action Loss: 0.0516
2024-11-22 19:43:04,035 - INFO - ===================================================================================
2024-11-22 19:43:44,088 - INFO - Epoch [93/100]
 Validation Loss: 0.0490 
 
2024-11-22 19:43:44,089 - INFO - ===================================================================================
2024-11-22 19:43:44,089 - INFO - Completed in 4h 40m
2024-11-22 19:44:03,469 - INFO - Epoch [94/100], Batch [0/7]
 Dt Loss: 0.0515
 
2024-11-22 19:44:30,783 - INFO - Epoch [94/100] completed. Average Action Loss: 0.0510
2024-11-22 19:44:30,783 - INFO - ===================================================================================
2024-11-22 19:45:12,458 - INFO - Epoch [94/100]
 Validation Loss: 0.0483 
 
2024-11-22 19:45:12,458 - INFO - ===================================================================================
2024-11-22 19:45:12,459 - INFO - Completed in 4h 41m
2024-11-22 19:47:49,388 - INFO - 94 Test Returns: 54.2
2024-11-22 19:48:12,226 - INFO - Epoch [95/100], Batch [0/7]
 Dt Loss: 0.0508
 
2024-11-22 19:48:39,441 - INFO - Epoch [95/100] completed. Average Action Loss: 0.0505
2024-11-22 19:48:39,442 - INFO - ===================================================================================
2024-11-22 19:49:21,469 - INFO - Epoch [95/100]
 Validation Loss: 0.0481 
 
2024-11-22 19:49:21,470 - INFO - ===================================================================================
2024-11-22 19:49:21,470 - INFO - Completed in 4h 46m
2024-11-22 19:49:42,430 - INFO - Epoch [96/100], Batch [0/7]
 Dt Loss: 0.0501
 
2024-11-22 19:50:10,340 - INFO - Epoch [96/100] completed. Average Action Loss: 0.0500
2024-11-22 19:50:10,340 - INFO - ===================================================================================
2024-11-22 19:50:58,229 - INFO - Epoch [96/100]
 Validation Loss: 0.0478 
 
2024-11-22 19:50:58,229 - INFO - ===================================================================================
2024-11-22 19:50:58,229 - INFO - Completed in 4h 47m
2024-11-22 19:53:45,327 - INFO - 96 Test Returns: 49.6
2024-11-22 19:54:09,066 - INFO - Epoch [97/100], Batch [0/7]
 Dt Loss: 0.0500
 
2024-11-22 19:54:37,174 - INFO - Epoch [97/100] completed. Average Action Loss: 0.0495
2024-11-22 19:54:37,174 - INFO - ===================================================================================
2024-11-22 19:55:22,648 - INFO - Epoch [97/100]
 Validation Loss: 0.0473 
 
2024-11-22 19:55:22,649 - INFO - ===================================================================================
2024-11-22 19:55:22,649 - INFO - Completed in 4h 52m
2024-11-22 19:55:45,787 - INFO - Epoch [98/100], Batch [0/7]
 Dt Loss: 0.0493
 
2024-11-22 19:56:13,945 - INFO - Epoch [98/100] completed. Average Action Loss: 0.0493
2024-11-22 19:56:13,945 - INFO - ===================================================================================
2024-11-22 19:56:59,206 - INFO - Epoch [98/100]
 Validation Loss: 0.0473 
 
2024-11-22 19:56:59,206 - INFO - ===================================================================================
2024-11-22 19:56:59,207 - INFO - Completed in 4h 53m
2024-11-22 19:59:41,133 - INFO - 98 Test Returns: 51.2
2024-11-22 20:00:03,041 - INFO - Epoch [99/100], Batch [0/7]
 Dt Loss: 0.0490
 
2024-11-22 20:00:30,934 - INFO - Epoch [99/100] completed. Average Action Loss: 0.0488
2024-11-22 20:00:30,934 - INFO - ===================================================================================
2024-11-22 20:01:18,694 - INFO - Epoch [99/100]
 Validation Loss: 0.0470 
 
2024-11-22 20:01:18,695 - INFO - ===================================================================================
2024-11-22 20:01:18,695 - INFO - Completed in 4h 58m
2024-11-22 20:01:42,685 - INFO - Epoch [100/100], Batch [0/7]
 Dt Loss: 0.0487
 
2024-11-22 20:02:09,773 - INFO - Epoch [100/100] completed. Average Action Loss: 0.0486
2024-11-22 20:02:09,773 - INFO - ===================================================================================
2024-11-22 20:02:56,854 - INFO - Epoch [100/100]
 Validation Loss: 0.0468 
 
2024-11-22 20:02:56,854 - INFO - ===================================================================================
2024-11-22 20:02:56,854 - INFO - Completed in 4h 59m
2024-11-22 20:05:37,749 - INFO - 100 Test Returns: 50.2
2024-11-22 20:05:38,258 - INFO - Training completed.
