2024-11-21 13:03:03,176 - INFO - Starting.
2024-11-21 13:03:03,176 - INFO - Loading Data.
2024-11-21 13:03:14,248 - INFO - Data loaded in 0.0 hours 0.0 minutes.
2024-11-21 13:03:14,256 - INFO - Training Started.
2024-11-21 13:03:19,207 - INFO - Epoch [1/100], Batch [0/4]
 Dt Loss: 0.0869
 
2024-11-21 13:03:22,850 - INFO - Epoch [1/100] completed. Average Action Loss: 0.0860
2024-11-21 13:03:22,850 - INFO - ===================================================================================
2024-11-21 13:03:30,531 - INFO - Epoch [1/100]
 Validation Loss: 0.0836 
 
2024-11-21 13:03:30,531 - INFO - ===================================================================================
2024-11-21 13:03:30,532 - INFO - Completed in 0h 0m
2024-11-21 13:06:59,734 - INFO - 1 Test Returns: 53.2
2024-11-21 13:07:04,290 - INFO - Epoch [2/100], Batch [0/4]
 Dt Loss: 0.0841
 
2024-11-21 13:07:07,806 - INFO - Epoch [2/100] completed. Average Action Loss: 0.0826
2024-11-21 13:07:07,807 - INFO - ===================================================================================
2024-11-21 13:07:16,035 - INFO - Epoch [2/100]
 Validation Loss: 0.0791 
 
2024-11-21 13:07:16,035 - INFO - ===================================================================================
2024-11-21 13:07:16,036 - INFO - Completed in 0h 4m
2024-11-21 13:10:46,471 - INFO - 2 Test Returns: 53.8
2024-11-21 13:10:51,534 - INFO - Epoch [3/100], Batch [0/4]
 Dt Loss: 0.0800
 
2024-11-21 13:10:55,301 - INFO - Epoch [3/100] completed. Average Action Loss: 0.0783
2024-11-21 13:10:55,301 - INFO - ===================================================================================
2024-11-21 13:11:03,821 - INFO - Epoch [3/100]
 Validation Loss: 0.0754 
 
2024-11-21 13:11:03,821 - INFO - ===================================================================================
2024-11-21 13:11:03,826 - INFO - Completed in 0h 7m
2024-11-21 13:11:08,661 - INFO - Epoch [4/100], Batch [0/4]
 Dt Loss: 0.0762
 
2024-11-21 13:11:12,861 - INFO - Epoch [4/100] completed. Average Action Loss: 0.0750
2024-11-21 13:11:12,862 - INFO - ===================================================================================
2024-11-21 13:11:22,229 - INFO - Epoch [4/100]
 Validation Loss: 0.0704 
 
2024-11-21 13:11:22,230 - INFO - ===================================================================================
2024-11-21 13:11:22,230 - INFO - Completed in 0h 8m
2024-11-21 13:14:52,583 - INFO - 4 Test Returns: 54.0
2024-11-21 13:14:57,600 - INFO - Epoch [5/100], Batch [0/4]
 Dt Loss: 0.0715
 
2024-11-21 13:15:01,566 - INFO - Epoch [5/100] completed. Average Action Loss: 0.0665
2024-11-21 13:15:01,566 - INFO - ===================================================================================
2024-11-21 13:15:10,520 - INFO - Epoch [5/100]
 Validation Loss: 0.0574 
 
2024-11-21 13:15:10,520 - INFO - ===================================================================================
2024-11-21 13:15:10,521 - INFO - Completed in 0h 11m
2024-11-21 13:15:15,771 - INFO - Epoch [6/100], Batch [0/4]
 Dt Loss: 0.0577
 
2024-11-21 13:15:19,453 - INFO - Epoch [6/100] completed. Average Action Loss: 0.0547
2024-11-21 13:15:19,453 - INFO - ===================================================================================
2024-11-21 13:15:28,737 - INFO - Epoch [6/100]
 Validation Loss: 0.0498 
 
2024-11-21 13:15:28,737 - INFO - ===================================================================================
2024-11-21 13:15:28,738 - INFO - Completed in 0h 12m
2024-11-21 13:19:00,954 - INFO - 6 Test Returns: 50.6
2024-11-21 13:19:06,263 - INFO - Epoch [7/100], Batch [0/4]
 Dt Loss: 0.0500
 
2024-11-21 13:19:10,029 - INFO - Epoch [7/100] completed. Average Action Loss: 0.0487
2024-11-21 13:19:10,030 - INFO - ===================================================================================
2024-11-21 13:19:18,988 - INFO - Epoch [7/100]
 Validation Loss: 0.0452 
 
2024-11-21 13:19:18,989 - INFO - ===================================================================================
2024-11-21 13:19:18,989 - INFO - Completed in 0h 16m
2024-11-21 13:19:24,597 - INFO - Epoch [8/100], Batch [0/4]
 Dt Loss: 0.0465
 
2024-11-21 13:19:28,150 - INFO - Epoch [8/100] completed. Average Action Loss: 0.0453
2024-11-21 13:19:28,151 - INFO - ===================================================================================
2024-11-21 13:19:37,016 - INFO - Epoch [8/100]
 Validation Loss: 0.0420 
 
2024-11-21 13:19:37,016 - INFO - ===================================================================================
2024-11-21 13:19:37,016 - INFO - Completed in 0h 16m
2024-11-21 13:23:13,866 - INFO - 8 Test Returns: 54.4
2024-11-21 13:23:18,894 - INFO - Epoch [9/100], Batch [0/4]
 Dt Loss: 0.0431
 
2024-11-21 13:23:22,639 - INFO - Epoch [9/100] completed. Average Action Loss: 0.0422
2024-11-21 13:23:22,642 - INFO - ===================================================================================
2024-11-21 13:23:31,695 - INFO - Epoch [9/100]
 Validation Loss: 0.0402 
 
2024-11-21 13:23:31,696 - INFO - ===================================================================================
2024-11-21 13:23:31,697 - INFO - Completed in 0h 20m
2024-11-21 13:23:37,149 - INFO - Epoch [10/100], Batch [0/4]
 Dt Loss: 0.0411
 
2024-11-21 13:23:40,822 - INFO - Epoch [10/100] completed. Average Action Loss: 0.0397
2024-11-21 13:23:40,822 - INFO - ===================================================================================
2024-11-21 13:23:49,271 - INFO - Epoch [10/100]
 Validation Loss: 0.0365 
 
2024-11-21 13:23:49,272 - INFO - ===================================================================================
2024-11-21 13:23:49,272 - INFO - Completed in 0h 20m
2024-11-21 13:27:15,174 - INFO - 10 Test Returns: 54.8
2024-11-21 13:27:19,863 - INFO - Epoch [11/100], Batch [0/4]
 Dt Loss: 0.0380
 
2024-11-21 13:27:23,687 - INFO - Epoch [11/100] completed. Average Action Loss: 0.0378
2024-11-21 13:27:23,687 - INFO - ===================================================================================
2024-11-21 13:27:32,162 - INFO - Epoch [11/100]
 Validation Loss: 0.0353 
 
2024-11-21 13:27:32,162 - INFO - ===================================================================================
2024-11-21 13:27:32,163 - INFO - Completed in 0h 24m
2024-11-21 13:27:37,467 - INFO - Epoch [12/100], Batch [0/4]
 Dt Loss: 0.0372
 
2024-11-21 13:27:41,296 - INFO - Epoch [12/100] completed. Average Action Loss: 0.0364
2024-11-21 13:27:41,296 - INFO - ===================================================================================
2024-11-21 13:27:50,911 - INFO - Epoch [12/100]
 Validation Loss: 0.0338 
 
2024-11-21 13:27:50,912 - INFO - ===================================================================================
2024-11-21 13:27:50,913 - INFO - Completed in 0h 24m
2024-11-21 13:31:22,626 - INFO - 12 Test Returns: 55.8
2024-11-21 13:31:28,739 - INFO - Epoch [13/100], Batch [0/4]
 Dt Loss: 0.0356
 
2024-11-21 13:31:32,307 - INFO - Epoch [13/100] completed. Average Action Loss: 0.0350
2024-11-21 13:31:32,307 - INFO - ===================================================================================
2024-11-21 13:31:42,275 - INFO - Epoch [13/100]
 Validation Loss: 0.0320 
 
2024-11-21 13:31:42,276 - INFO - ===================================================================================
2024-11-21 13:31:42,279 - INFO - Completed in 0h 28m
2024-11-21 13:31:46,922 - INFO - Epoch [14/100], Batch [0/4]
 Dt Loss: 0.0333
 
2024-11-21 13:31:50,776 - INFO - Epoch [14/100] completed. Average Action Loss: 0.0334
2024-11-21 13:31:50,777 - INFO - ===================================================================================
2024-11-21 13:31:59,408 - INFO - Epoch [14/100]
 Validation Loss: 0.0308 
 
2024-11-21 13:31:59,409 - INFO - ===================================================================================
2024-11-21 13:31:59,409 - INFO - Completed in 0h 28m
2024-11-21 13:35:31,055 - INFO - 14 Test Returns: 54.4
2024-11-21 13:35:36,236 - INFO - Epoch [15/100], Batch [0/4]
 Dt Loss: 0.0325
 
2024-11-21 13:35:39,991 - INFO - Epoch [15/100] completed. Average Action Loss: 0.0324
2024-11-21 13:35:39,991 - INFO - ===================================================================================
2024-11-21 13:35:49,158 - INFO - Epoch [15/100]
 Validation Loss: 0.0303 
 
2024-11-21 13:35:49,158 - INFO - ===================================================================================
2024-11-21 13:35:49,159 - INFO - Completed in 0h 32m
2024-11-21 13:35:53,845 - INFO - Epoch [16/100], Batch [0/4]
 Dt Loss: 0.0316
 
2024-11-21 13:35:57,461 - INFO - Epoch [16/100] completed. Average Action Loss: 0.0314
2024-11-21 13:35:57,461 - INFO - ===================================================================================
2024-11-21 13:36:05,025 - INFO - Epoch [16/100]
 Validation Loss: 0.0299 
 
2024-11-21 13:36:05,025 - INFO - ===================================================================================
2024-11-21 13:36:05,025 - INFO - Completed in 0h 32m
2024-11-21 13:39:32,607 - INFO - 16 Test Returns: 58.2
2024-11-21 13:39:37,563 - INFO - Epoch [17/100], Batch [0/4]
 Dt Loss: 0.0311
 
2024-11-21 13:39:41,523 - INFO - Epoch [17/100] completed. Average Action Loss: 0.0307
2024-11-21 13:39:41,523 - INFO - ===================================================================================
2024-11-21 13:39:50,305 - INFO - Epoch [17/100]
 Validation Loss: 0.0295 
 
2024-11-21 13:39:50,306 - INFO - ===================================================================================
2024-11-21 13:39:50,306 - INFO - Completed in 0h 36m
2024-11-21 13:39:55,683 - INFO - Epoch [18/100], Batch [0/4]
 Dt Loss: 0.0308
 
2024-11-21 13:39:59,599 - INFO - Epoch [18/100] completed. Average Action Loss: 0.0303
2024-11-21 13:39:59,600 - INFO - ===================================================================================
2024-11-21 13:40:08,365 - INFO - Epoch [18/100]
 Validation Loss: 0.0290 
 
2024-11-21 13:40:08,366 - INFO - ===================================================================================
2024-11-21 13:40:08,369 - INFO - Completed in 0h 36m
2024-11-21 13:43:33,618 - INFO - 18 Test Returns: 58.8
2024-11-21 13:43:38,368 - INFO - Epoch [19/100], Batch [0/4]
 Dt Loss: 0.0294
 
2024-11-21 13:43:41,959 - INFO - Epoch [19/100] completed. Average Action Loss: 0.0294
2024-11-21 13:43:41,959 - INFO - ===================================================================================
2024-11-21 13:43:49,952 - INFO - Epoch [19/100]
 Validation Loss: 0.0279 
 
2024-11-21 13:43:49,952 - INFO - ===================================================================================
2024-11-21 13:43:49,952 - INFO - Completed in 0h 40m
2024-11-21 13:43:54,543 - INFO - Epoch [20/100], Batch [0/4]
 Dt Loss: 0.0294
 
2024-11-21 13:43:58,268 - INFO - Epoch [20/100] completed. Average Action Loss: 0.0290
2024-11-21 13:43:58,268 - INFO - ===================================================================================
2024-11-21 13:44:06,569 - INFO - Epoch [20/100]
 Validation Loss: 0.0277 
 
2024-11-21 13:44:06,570 - INFO - ===================================================================================
2024-11-21 13:44:06,571 - INFO - Completed in 0h 40m
2024-11-21 13:47:37,134 - INFO - 20 Test Returns: 51.6
2024-11-21 13:47:41,704 - INFO - Epoch [21/100], Batch [0/4]
 Dt Loss: 0.0285
 
2024-11-21 13:47:45,345 - INFO - Epoch [21/100] completed. Average Action Loss: 0.0283
2024-11-21 13:47:45,346 - INFO - ===================================================================================
2024-11-21 13:47:53,596 - INFO - Epoch [21/100]
 Validation Loss: 0.0271 
 
2024-11-21 13:47:53,597 - INFO - ===================================================================================
2024-11-21 13:47:53,597 - INFO - Completed in 0h 44m
2024-11-21 13:47:58,394 - INFO - Epoch [22/100], Batch [0/4]
 Dt Loss: 0.0287
 
2024-11-21 13:48:01,982 - INFO - Epoch [22/100] completed. Average Action Loss: 0.0281
2024-11-21 13:48:01,982 - INFO - ===================================================================================
2024-11-21 13:48:10,505 - INFO - Epoch [22/100]
 Validation Loss: 0.0264 
 
2024-11-21 13:48:10,506 - INFO - ===================================================================================
2024-11-21 13:48:10,507 - INFO - Completed in 0h 44m
2024-11-21 13:51:43,303 - INFO - 22 Test Returns: 55.2
2024-11-21 13:51:48,180 - INFO - Epoch [23/100], Batch [0/4]
 Dt Loss: 0.0274
 
2024-11-21 13:51:51,993 - INFO - Epoch [23/100] completed. Average Action Loss: 0.0273
2024-11-21 13:51:51,994 - INFO - ===================================================================================
2024-11-21 13:52:01,342 - INFO - Epoch [23/100]
 Validation Loss: 0.0258 
 
2024-11-21 13:52:01,343 - INFO - ===================================================================================
2024-11-21 13:52:01,343 - INFO - Completed in 0h 48m
2024-11-21 13:52:07,469 - INFO - Epoch [24/100], Batch [0/4]
 Dt Loss: 0.0270
 
2024-11-21 13:52:11,284 - INFO - Epoch [24/100] completed. Average Action Loss: 0.0268
2024-11-21 13:52:11,284 - INFO - ===================================================================================
2024-11-21 13:52:20,861 - INFO - Epoch [24/100]
 Validation Loss: 0.0256 
 
2024-11-21 13:52:20,862 - INFO - ===================================================================================
2024-11-21 13:52:20,862 - INFO - Completed in 0h 49m
2024-11-21 13:55:53,761 - INFO - 24 Test Returns: 56.6
2024-11-21 13:55:58,296 - INFO - Epoch [25/100], Batch [0/4]
 Dt Loss: 0.0269
 
2024-11-21 13:56:01,668 - INFO - Epoch [25/100] completed. Average Action Loss: 0.0271
2024-11-21 13:56:01,668 - INFO - ===================================================================================
2024-11-21 13:56:10,315 - INFO - Epoch [25/100]
 Validation Loss: 0.0257 
 
2024-11-21 13:56:10,315 - INFO - ===================================================================================
2024-11-21 13:56:10,316 - INFO - Completed in 0h 52m
2024-11-21 13:56:15,659 - INFO - Epoch [26/100], Batch [0/4]
 Dt Loss: 0.0266
 
2024-11-21 13:56:19,677 - INFO - Epoch [26/100] completed. Average Action Loss: 0.0265
2024-11-21 13:56:19,677 - INFO - ===================================================================================
2024-11-21 13:56:27,897 - INFO - Epoch [26/100]
 Validation Loss: 0.0253 
 
2024-11-21 13:56:27,897 - INFO - ===================================================================================
2024-11-21 13:56:27,902 - INFO - Completed in 0h 53m
2024-11-21 13:59:58,957 - INFO - 26 Test Returns: 55.8
2024-11-21 14:00:03,617 - INFO - Epoch [27/100], Batch [0/4]
 Dt Loss: 0.0269
 
2024-11-21 14:00:07,255 - INFO - Epoch [27/100] completed. Average Action Loss: 0.0263
2024-11-21 14:00:07,259 - INFO - ===================================================================================
2024-11-21 14:00:16,060 - INFO - Epoch [27/100]
 Validation Loss: 0.0247 
 
2024-11-21 14:00:16,061 - INFO - ===================================================================================
2024-11-21 14:00:16,061 - INFO - Completed in 0h 57m
2024-11-21 14:00:21,720 - INFO - Epoch [28/100], Batch [0/4]
 Dt Loss: 0.0252
 
2024-11-21 14:00:25,304 - INFO - Epoch [28/100] completed. Average Action Loss: 0.0257
2024-11-21 14:00:25,304 - INFO - ===================================================================================
2024-11-21 14:00:35,561 - INFO - Epoch [28/100]
 Validation Loss: 0.0248 
 
2024-11-21 14:00:35,562 - INFO - ===================================================================================
2024-11-21 14:00:35,562 - INFO - Completed in 0h 57m
2024-11-21 14:03:59,077 - INFO - 28 Test Returns: 55.6
2024-11-21 14:04:03,909 - INFO - Epoch [29/100], Batch [0/4]
 Dt Loss: 0.0253
 
2024-11-21 14:04:08,003 - INFO - Epoch [29/100] completed. Average Action Loss: 0.0258
2024-11-21 14:04:08,004 - INFO - ===================================================================================
2024-11-21 14:04:16,942 - INFO - Epoch [29/100]
 Validation Loss: 0.0242 
 
2024-11-21 14:04:16,942 - INFO - ===================================================================================
2024-11-21 14:04:16,943 - INFO - Completed in 1h 1m
2024-11-21 14:04:22,718 - INFO - Epoch [30/100], Batch [0/4]
 Dt Loss: 0.0255
 
2024-11-21 14:04:26,215 - INFO - Epoch [30/100] completed. Average Action Loss: 0.0255
2024-11-21 14:04:26,215 - INFO - ===================================================================================
2024-11-21 14:04:35,473 - INFO - Epoch [30/100]
 Validation Loss: 0.0244 
 
2024-11-21 14:04:35,474 - INFO - ===================================================================================
2024-11-21 14:04:35,474 - INFO - Completed in 1h 1m
2024-11-21 14:08:02,275 - INFO - 30 Test Returns: 60.4
2024-11-21 14:08:07,140 - INFO - Epoch [31/100], Batch [0/4]
 Dt Loss: 0.0254
 
2024-11-21 14:08:10,722 - INFO - Epoch [31/100] completed. Average Action Loss: 0.0252
2024-11-21 14:08:10,723 - INFO - ===================================================================================
2024-11-21 14:08:18,443 - INFO - Epoch [31/100]
 Validation Loss: 0.0233 
 
2024-11-21 14:08:18,444 - INFO - ===================================================================================
2024-11-21 14:08:18,444 - INFO - Completed in 1h 5m
2024-11-21 14:08:23,230 - INFO - Epoch [32/100], Batch [0/4]
 Dt Loss: 0.0254
 
2024-11-21 14:08:27,092 - INFO - Epoch [32/100] completed. Average Action Loss: 0.0252
2024-11-21 14:08:27,092 - INFO - ===================================================================================
2024-11-21 14:08:34,725 - INFO - Epoch [32/100]
 Validation Loss: 0.0237 
 
2024-11-21 14:08:34,726 - INFO - ===================================================================================
2024-11-21 14:08:34,726 - INFO - Completed in 1h 5m
2024-11-21 14:12:08,407 - INFO - 32 Test Returns: 59.6
2024-11-21 14:12:12,745 - INFO - Epoch [33/100], Batch [0/4]
 Dt Loss: 0.0247
 
2024-11-21 14:12:16,262 - INFO - Epoch [33/100] completed. Average Action Loss: 0.0247
2024-11-21 14:12:16,263 - INFO - ===================================================================================
2024-11-21 14:12:25,372 - INFO - Epoch [33/100]
 Validation Loss: 0.0239 
 
2024-11-21 14:12:25,373 - INFO - ===================================================================================
2024-11-21 14:12:25,373 - INFO - Completed in 1h 9m
2024-11-21 14:12:30,093 - INFO - Epoch [34/100], Batch [0/4]
 Dt Loss: 0.0248
 
2024-11-21 14:12:33,725 - INFO - Epoch [34/100] completed. Average Action Loss: 0.0245
2024-11-21 14:12:33,725 - INFO - ===================================================================================
2024-11-21 14:12:43,392 - INFO - Epoch [34/100]
 Validation Loss: 0.0239 
 
2024-11-21 14:12:43,392 - INFO - ===================================================================================
2024-11-21 14:12:43,393 - INFO - Completed in 1h 9m
2024-11-21 14:16:14,611 - INFO - 34 Test Returns: 57.8
2024-11-21 14:16:20,181 - INFO - Epoch [35/100], Batch [0/4]
 Dt Loss: 0.0241
 
2024-11-21 14:16:23,853 - INFO - Epoch [35/100] completed. Average Action Loss: 0.0244
2024-11-21 14:16:23,853 - INFO - ===================================================================================
2024-11-21 14:16:32,698 - INFO - Epoch [35/100]
 Validation Loss: 0.0231 
 
2024-11-21 14:16:32,699 - INFO - ===================================================================================
2024-11-21 14:16:32,699 - INFO - Completed in 1h 13m
2024-11-21 14:16:38,120 - INFO - Epoch [36/100], Batch [0/4]
 Dt Loss: 0.0241
 
2024-11-21 14:16:42,006 - INFO - Epoch [36/100] completed. Average Action Loss: 0.0243
2024-11-21 14:16:42,007 - INFO - ===================================================================================
2024-11-21 14:16:50,779 - INFO - Epoch [36/100]
 Validation Loss: 0.0229 
 
2024-11-21 14:16:50,779 - INFO - ===================================================================================
2024-11-21 14:16:50,780 - INFO - Completed in 1h 13m
2024-11-21 14:20:18,108 - INFO - 36 Test Returns: 60.6
2024-11-21 14:20:23,331 - INFO - Epoch [37/100], Batch [0/4]
 Dt Loss: 0.0238
 
2024-11-21 14:20:26,787 - INFO - Epoch [37/100] completed. Average Action Loss: 0.0239
2024-11-21 14:20:26,788 - INFO - ===================================================================================
2024-11-21 14:20:35,688 - INFO - Epoch [37/100]
 Validation Loss: 0.0229 
 
2024-11-21 14:20:35,688 - INFO - ===================================================================================
2024-11-21 14:20:35,693 - INFO - Completed in 1h 17m
2024-11-21 14:20:41,070 - INFO - Epoch [38/100], Batch [0/4]
 Dt Loss: 0.0240
 
2024-11-21 14:20:44,834 - INFO - Epoch [38/100] completed. Average Action Loss: 0.0237
2024-11-21 14:20:44,834 - INFO - ===================================================================================
2024-11-21 14:20:52,910 - INFO - Epoch [38/100]
 Validation Loss: 0.0228 
 
2024-11-21 14:20:52,911 - INFO - ===================================================================================
2024-11-21 14:20:52,911 - INFO - Completed in 1h 17m
2024-11-21 14:24:22,800 - INFO - 38 Test Returns: 58.4
2024-11-21 14:24:27,651 - INFO - Epoch [39/100], Batch [0/4]
 Dt Loss: 0.0242
 
2024-11-21 14:24:31,220 - INFO - Epoch [39/100] completed. Average Action Loss: 0.0239
2024-11-21 14:24:31,220 - INFO - ===================================================================================
2024-11-21 14:24:39,064 - INFO - Epoch [39/100]
 Validation Loss: 0.0221 
 
2024-11-21 14:24:39,064 - INFO - ===================================================================================
2024-11-21 14:24:39,072 - INFO - Completed in 1h 21m
2024-11-21 14:24:43,294 - INFO - Epoch [40/100], Batch [0/4]
 Dt Loss: 0.0235
 
2024-11-21 14:24:46,865 - INFO - Epoch [40/100] completed. Average Action Loss: 0.0235
2024-11-21 14:24:46,865 - INFO - ===================================================================================
2024-11-21 14:24:54,802 - INFO - Epoch [40/100]
 Validation Loss: 0.0224 
 
2024-11-21 14:24:54,802 - INFO - ===================================================================================
2024-11-21 14:24:54,802 - INFO - Completed in 1h 21m
2024-11-21 14:28:24,069 - INFO - 40 Test Returns: 57.6
2024-11-21 14:28:28,647 - INFO - Epoch [41/100], Batch [0/4]
 Dt Loss: 0.0238
 
2024-11-21 14:28:32,425 - INFO - Epoch [41/100] completed. Average Action Loss: 0.0237
2024-11-21 14:28:32,425 - INFO - ===================================================================================
2024-11-21 14:28:40,344 - INFO - Epoch [41/100]
 Validation Loss: 0.0220 
 
2024-11-21 14:28:40,344 - INFO - ===================================================================================
2024-11-21 14:28:40,344 - INFO - Completed in 1h 25m
2024-11-21 14:28:44,751 - INFO - Epoch [42/100], Batch [0/4]
 Dt Loss: 0.0226
 
2024-11-21 14:28:48,467 - INFO - Epoch [42/100] completed. Average Action Loss: 0.0232
2024-11-21 14:28:48,467 - INFO - ===================================================================================
2024-11-21 14:28:56,290 - INFO - Epoch [42/100]
 Validation Loss: 0.0218 
 
2024-11-21 14:28:56,290 - INFO - ===================================================================================
2024-11-21 14:28:56,291 - INFO - Completed in 1h 25m
2024-11-21 14:32:32,013 - INFO - 42 Test Returns: 55.8
2024-11-21 14:32:36,176 - INFO - Epoch [43/100], Batch [0/4]
 Dt Loss: 0.0226
 
2024-11-21 14:32:39,582 - INFO - Epoch [43/100] completed. Average Action Loss: 0.0229
2024-11-21 14:32:39,582 - INFO - ===================================================================================
2024-11-21 14:32:47,514 - INFO - Epoch [43/100]
 Validation Loss: 0.0218 
 
2024-11-21 14:32:47,514 - INFO - ===================================================================================
2024-11-21 14:32:47,515 - INFO - Completed in 1h 29m
2024-11-21 14:32:51,649 - INFO - Epoch [44/100], Batch [0/4]
 Dt Loss: 0.0234
 
2024-11-21 14:32:55,313 - INFO - Epoch [44/100] completed. Average Action Loss: 0.0230
2024-11-21 14:32:55,313 - INFO - ===================================================================================
2024-11-21 14:33:03,439 - INFO - Epoch [44/100]
 Validation Loss: 0.0210 
 
2024-11-21 14:33:03,439 - INFO - ===================================================================================
2024-11-21 14:33:03,440 - INFO - Completed in 1h 29m
2024-11-21 14:36:39,460 - INFO - 44 Test Returns: 55.0
2024-11-21 14:36:43,935 - INFO - Epoch [45/100], Batch [0/4]
 Dt Loss: 0.0224
 
2024-11-21 14:36:47,670 - INFO - Epoch [45/100] completed. Average Action Loss: 0.0224
2024-11-21 14:36:47,670 - INFO - ===================================================================================
2024-11-21 14:36:55,472 - INFO - Epoch [45/100]
 Validation Loss: 0.0216 
 
2024-11-21 14:36:55,472 - INFO - ===================================================================================
2024-11-21 14:36:55,473 - INFO - Completed in 1h 33m
2024-11-21 14:36:59,776 - INFO - Epoch [46/100], Batch [0/4]
 Dt Loss: 0.0225
 
2024-11-21 14:37:03,669 - INFO - Epoch [46/100] completed. Average Action Loss: 0.0224
2024-11-21 14:37:03,669 - INFO - ===================================================================================
2024-11-21 14:37:11,720 - INFO - Epoch [46/100]
 Validation Loss: 0.0211 
 
2024-11-21 14:37:11,720 - INFO - ===================================================================================
2024-11-21 14:37:11,725 - INFO - Completed in 1h 33m
2024-11-21 14:40:43,813 - INFO - 46 Test Returns: 57.0
2024-11-21 14:40:48,498 - INFO - Epoch [47/100], Batch [0/4]
 Dt Loss: 0.0221
 
2024-11-21 14:40:52,598 - INFO - Epoch [47/100] completed. Average Action Loss: 0.0224
2024-11-21 14:40:52,599 - INFO - ===================================================================================
2024-11-21 14:41:00,510 - INFO - Epoch [47/100]
 Validation Loss: 0.0207 
 
2024-11-21 14:41:00,510 - INFO - ===================================================================================
2024-11-21 14:41:00,510 - INFO - Completed in 1h 37m
2024-11-21 14:41:04,711 - INFO - Epoch [48/100], Batch [0/4]
 Dt Loss: 0.0223
 
2024-11-21 14:41:08,325 - INFO - Epoch [48/100] completed. Average Action Loss: 0.0220
2024-11-21 14:41:08,325 - INFO - ===================================================================================
2024-11-21 14:41:16,211 - INFO - Epoch [48/100]
 Validation Loss: 0.0207 
 
2024-11-21 14:41:16,212 - INFO - ===================================================================================
2024-11-21 14:41:16,212 - INFO - Completed in 1h 38m
2024-11-21 14:44:50,837 - INFO - 48 Test Returns: 60.8
2024-11-21 14:44:55,286 - INFO - Epoch [49/100], Batch [0/4]
 Dt Loss: 0.0215
 
2024-11-21 14:44:58,846 - INFO - Epoch [49/100] completed. Average Action Loss: 0.0223
2024-11-21 14:44:58,846 - INFO - ===================================================================================
2024-11-21 14:45:06,603 - INFO - Epoch [49/100]
 Validation Loss: 0.0210 
 
2024-11-21 14:45:06,603 - INFO - ===================================================================================
2024-11-21 14:45:06,604 - INFO - Completed in 1h 41m
2024-11-21 14:45:11,144 - INFO - Epoch [50/100], Batch [0/4]
 Dt Loss: 0.0224
 
2024-11-21 14:45:14,954 - INFO - Epoch [50/100] completed. Average Action Loss: 0.0222
2024-11-21 14:45:14,954 - INFO - ===================================================================================
2024-11-21 14:45:23,036 - INFO - Epoch [50/100]
 Validation Loss: 0.0209 
 
2024-11-21 14:45:23,036 - INFO - ===================================================================================
2024-11-21 14:45:23,037 - INFO - Completed in 1h 42m
2024-11-21 14:49:02,558 - INFO - 50 Test Returns: 54.0
2024-11-21 14:49:06,892 - INFO - Epoch [51/100], Batch [0/4]
 Dt Loss: 0.0224
 
2024-11-21 14:49:10,496 - INFO - Epoch [51/100] completed. Average Action Loss: 0.0219
2024-11-21 14:49:10,497 - INFO - ===================================================================================
2024-11-21 14:49:18,459 - INFO - Epoch [51/100]
 Validation Loss: 0.0201 
 
2024-11-21 14:49:18,459 - INFO - ===================================================================================
2024-11-21 14:49:18,460 - INFO - Completed in 1h 46m
2024-11-21 14:49:23,874 - INFO - Epoch [52/100], Batch [0/4]
 Dt Loss: 0.0220
 
2024-11-21 14:49:27,864 - INFO - Epoch [52/100] completed. Average Action Loss: 0.0217
2024-11-21 14:49:27,864 - INFO - ===================================================================================
2024-11-21 14:49:36,847 - INFO - Epoch [52/100]
 Validation Loss: 0.0205 
 
2024-11-21 14:49:36,847 - INFO - ===================================================================================
2024-11-21 14:49:36,847 - INFO - Completed in 1h 46m
2024-11-21 14:53:11,300 - INFO - 52 Test Returns: 56.0
2024-11-21 14:53:16,425 - INFO - Epoch [53/100], Batch [0/4]
 Dt Loss: 0.0212
 
2024-11-21 14:53:20,386 - INFO - Epoch [53/100] completed. Average Action Loss: 0.0217
2024-11-21 14:53:20,386 - INFO - ===================================================================================
2024-11-21 14:53:28,981 - INFO - Epoch [53/100]
 Validation Loss: 0.0203 
 
2024-11-21 14:53:28,981 - INFO - ===================================================================================
2024-11-21 14:53:28,982 - INFO - Completed in 1h 50m
2024-11-21 14:53:34,080 - INFO - Epoch [54/100], Batch [0/4]
 Dt Loss: 0.0214
 
2024-11-21 14:53:38,207 - INFO - Epoch [54/100] completed. Average Action Loss: 0.0211
2024-11-21 14:53:38,207 - INFO - ===================================================================================
2024-11-21 14:53:47,561 - INFO - Epoch [54/100]
 Validation Loss: 0.0199 
 
2024-11-21 14:53:47,561 - INFO - ===================================================================================
2024-11-21 14:53:47,562 - INFO - Completed in 1h 50m
2024-11-21 14:57:25,776 - INFO - 54 Test Returns: 58.6
2024-11-21 14:57:31,117 - INFO - Epoch [55/100], Batch [0/4]
 Dt Loss: 0.0216
 
2024-11-21 14:57:35,001 - INFO - Epoch [55/100] completed. Average Action Loss: 0.0212
2024-11-21 14:57:35,001 - INFO - ===================================================================================
2024-11-21 14:57:43,356 - INFO - Epoch [55/100]
 Validation Loss: 0.0197 
 
2024-11-21 14:57:43,357 - INFO - ===================================================================================
2024-11-21 14:57:43,357 - INFO - Completed in 1h 54m
2024-11-21 14:57:48,061 - INFO - Epoch [56/100], Batch [0/4]
 Dt Loss: 0.0208
 
2024-11-21 14:57:52,078 - INFO - Epoch [56/100] completed. Average Action Loss: 0.0211
2024-11-21 14:57:52,079 - INFO - ===================================================================================
2024-11-21 14:58:00,517 - INFO - Epoch [56/100]
 Validation Loss: 0.0199 
 
2024-11-21 14:58:00,518 - INFO - ===================================================================================
2024-11-21 14:58:00,518 - INFO - Completed in 1h 54m
2024-11-21 15:01:30,145 - INFO - 56 Test Returns: 59.8
2024-11-21 15:01:34,876 - INFO - Epoch [57/100], Batch [0/4]
 Dt Loss: 0.0214
 
2024-11-21 15:01:38,989 - INFO - Epoch [57/100] completed. Average Action Loss: 0.0209
2024-11-21 15:01:38,990 - INFO - ===================================================================================
2024-11-21 15:01:49,389 - INFO - Epoch [57/100]
 Validation Loss: 0.0195 
 
2024-11-21 15:01:49,389 - INFO - ===================================================================================
2024-11-21 15:01:49,390 - INFO - Completed in 1h 58m
2024-11-21 15:01:54,280 - INFO - Epoch [58/100], Batch [0/4]
 Dt Loss: 0.0207
 
2024-11-21 15:01:58,210 - INFO - Epoch [58/100] completed. Average Action Loss: 0.0208
2024-11-21 15:01:58,211 - INFO - ===================================================================================
2024-11-21 15:02:07,394 - INFO - Epoch [58/100]
 Validation Loss: 0.0195 
 
2024-11-21 15:02:07,395 - INFO - ===================================================================================
2024-11-21 15:02:07,395 - INFO - Completed in 1h 58m
2024-11-21 15:05:41,344 - INFO - 58 Test Returns: 59.0
2024-11-21 15:05:46,622 - INFO - Epoch [59/100], Batch [0/4]
 Dt Loss: 0.0202
 
2024-11-21 15:05:50,825 - INFO - Epoch [59/100] completed. Average Action Loss: 0.0202
2024-11-21 15:05:50,826 - INFO - ===================================================================================
2024-11-21 15:06:00,623 - INFO - Epoch [59/100]
 Validation Loss: 0.0191 
 
2024-11-21 15:06:00,623 - INFO - ===================================================================================
2024-11-21 15:06:00,624 - INFO - Completed in 2h 2m
2024-11-21 15:06:05,533 - INFO - Epoch [60/100], Batch [0/4]
 Dt Loss: 0.0207
 
2024-11-21 15:06:09,325 - INFO - Epoch [60/100] completed. Average Action Loss: 0.0204
2024-11-21 15:06:09,325 - INFO - ===================================================================================
2024-11-21 15:06:17,432 - INFO - Epoch [60/100]
 Validation Loss: 0.0191 
 
2024-11-21 15:06:17,433 - INFO - ===================================================================================
2024-11-21 15:06:17,433 - INFO - Completed in 2h 3m
2024-11-21 15:09:47,562 - INFO - 60 Test Returns: 58.6
2024-11-21 15:09:52,334 - INFO - Epoch [61/100], Batch [0/4]
 Dt Loss: 0.0206
 
2024-11-21 15:09:56,206 - INFO - Epoch [61/100] completed. Average Action Loss: 0.0205
2024-11-21 15:09:56,206 - INFO - ===================================================================================
2024-11-21 15:10:04,865 - INFO - Epoch [61/100]
 Validation Loss: 0.0190 
 
2024-11-21 15:10:04,865 - INFO - ===================================================================================
2024-11-21 15:10:04,866 - INFO - Completed in 2h 6m
2024-11-21 15:10:10,478 - INFO - Epoch [62/100], Batch [0/4]
 Dt Loss: 0.0199
 
2024-11-21 15:10:14,723 - INFO - Epoch [62/100] completed. Average Action Loss: 0.0202
2024-11-21 15:10:14,723 - INFO - ===================================================================================
2024-11-21 15:10:23,529 - INFO - Epoch [62/100]
 Validation Loss: 0.0191 
 
2024-11-21 15:10:23,530 - INFO - ===================================================================================
2024-11-21 15:10:23,530 - INFO - Completed in 2h 7m
2024-11-21 15:14:00,503 - INFO - 62 Test Returns: 54.4
2024-11-21 15:14:05,227 - INFO - Epoch [63/100], Batch [0/4]
 Dt Loss: 0.0202
 
2024-11-21 15:14:09,004 - INFO - Epoch [63/100] completed. Average Action Loss: 0.0199
2024-11-21 15:14:09,004 - INFO - ===================================================================================
2024-11-21 15:14:17,804 - INFO - Epoch [63/100]
 Validation Loss: 0.0191 
 
2024-11-21 15:14:17,804 - INFO - ===================================================================================
2024-11-21 15:14:17,804 - INFO - Completed in 2h 11m
2024-11-21 15:14:23,160 - INFO - Epoch [64/100], Batch [0/4]
 Dt Loss: 0.0203
 
2024-11-21 15:14:27,083 - INFO - Epoch [64/100] completed. Average Action Loss: 0.0199
2024-11-21 15:14:27,084 - INFO - ===================================================================================
2024-11-21 15:14:36,503 - INFO - Epoch [64/100]
 Validation Loss: 0.0189 
 
2024-11-21 15:14:36,503 - INFO - ===================================================================================
2024-11-21 15:14:36,503 - INFO - Completed in 2h 11m
2024-11-21 15:18:17,627 - INFO - 64 Test Returns: 55.4
2024-11-21 15:18:22,489 - INFO - Epoch [65/100], Batch [0/4]
 Dt Loss: 0.0202
 
2024-11-21 15:18:26,282 - INFO - Epoch [65/100] completed. Average Action Loss: 0.0198
2024-11-21 15:18:26,282 - INFO - ===================================================================================
2024-11-21 15:18:34,871 - INFO - Epoch [65/100]
 Validation Loss: 0.0186 
 
2024-11-21 15:18:34,872 - INFO - ===================================================================================
2024-11-21 15:18:34,872 - INFO - Completed in 2h 15m
2024-11-21 15:18:39,627 - INFO - Epoch [66/100], Batch [0/4]
 Dt Loss: 0.0197
 
2024-11-21 15:18:43,541 - INFO - Epoch [66/100] completed. Average Action Loss: 0.0197
2024-11-21 15:18:43,541 - INFO - ===================================================================================
2024-11-21 15:18:52,157 - INFO - Epoch [66/100]
 Validation Loss: 0.0183 
 
2024-11-21 15:18:52,157 - INFO - ===================================================================================
2024-11-21 15:18:52,158 - INFO - Completed in 2h 15m
2024-11-21 15:22:29,668 - INFO - 66 Test Returns: 56.8
2024-11-21 15:22:35,290 - INFO - Epoch [67/100], Batch [0/4]
 Dt Loss: 0.0196
 
2024-11-21 15:22:39,211 - INFO - Epoch [67/100] completed. Average Action Loss: 0.0194
2024-11-21 15:22:39,211 - INFO - ===================================================================================
2024-11-21 15:22:48,780 - INFO - Epoch [67/100]
 Validation Loss: 0.0184 
 
2024-11-21 15:22:48,781 - INFO - ===================================================================================
2024-11-21 15:22:48,781 - INFO - Completed in 2h 19m
2024-11-21 15:22:53,776 - INFO - Epoch [68/100], Batch [0/4]
 Dt Loss: 0.0201
 
2024-11-21 15:22:57,629 - INFO - Epoch [68/100] completed. Average Action Loss: 0.0197
2024-11-21 15:22:57,629 - INFO - ===================================================================================
2024-11-21 15:23:06,288 - INFO - Epoch [68/100]
 Validation Loss: 0.0184 
 
2024-11-21 15:23:06,288 - INFO - ===================================================================================
2024-11-21 15:23:06,289 - INFO - Completed in 2h 19m
2024-11-21 15:26:30,661 - INFO - 68 Test Returns: 58.6
2024-11-21 15:26:35,314 - INFO - Epoch [69/100], Batch [0/4]
 Dt Loss: 0.0197
 
2024-11-21 15:26:38,864 - INFO - Epoch [69/100] completed. Average Action Loss: 0.0194
2024-11-21 15:26:38,864 - INFO - ===================================================================================
2024-11-21 15:26:46,920 - INFO - Epoch [69/100]
 Validation Loss: 0.0181 
 
2024-11-21 15:26:46,921 - INFO - ===================================================================================
2024-11-21 15:26:46,921 - INFO - Completed in 2h 23m
2024-11-21 15:26:51,461 - INFO - Epoch [70/100], Batch [0/4]
 Dt Loss: 0.0192
 
2024-11-21 15:26:55,128 - INFO - Epoch [70/100] completed. Average Action Loss: 0.0193
2024-11-21 15:26:55,129 - INFO - ===================================================================================
2024-11-21 15:27:03,212 - INFO - Epoch [70/100]
 Validation Loss: 0.0175 
 
2024-11-21 15:27:03,212 - INFO - ===================================================================================
2024-11-21 15:27:03,213 - INFO - Completed in 2h 23m
2024-11-21 15:30:25,302 - INFO - 70 Test Returns: 60.0
2024-11-21 15:30:29,699 - INFO - Epoch [71/100], Batch [0/4]
 Dt Loss: 0.0194
 
2024-11-21 15:30:33,114 - INFO - Epoch [71/100] completed. Average Action Loss: 0.0193
2024-11-21 15:30:33,115 - INFO - ===================================================================================
2024-11-21 15:30:40,986 - INFO - Epoch [71/100]
 Validation Loss: 0.0184 
 
2024-11-21 15:30:40,986 - INFO - ===================================================================================
2024-11-21 15:30:40,986 - INFO - Completed in 2h 27m
2024-11-21 15:30:45,404 - INFO - Epoch [72/100], Batch [0/4]
 Dt Loss: 0.0189
 
2024-11-21 15:30:49,353 - INFO - Epoch [72/100] completed. Average Action Loss: 0.0192
2024-11-21 15:30:49,354 - INFO - ===================================================================================
2024-11-21 15:30:56,803 - INFO - Epoch [72/100]
 Validation Loss: 0.0180 
 
2024-11-21 15:30:56,803 - INFO - ===================================================================================
2024-11-21 15:30:56,803 - INFO - Completed in 2h 27m
2024-11-21 15:34:18,773 - INFO - 72 Test Returns: 57.8
2024-11-21 15:34:23,135 - INFO - Epoch [73/100], Batch [0/4]
 Dt Loss: 0.0189
 
2024-11-21 15:34:26,667 - INFO - Epoch [73/100] completed. Average Action Loss: 0.0189
2024-11-21 15:34:26,667 - INFO - ===================================================================================
2024-11-21 15:34:34,372 - INFO - Epoch [73/100]
 Validation Loss: 0.0176 
 
2024-11-21 15:34:34,372 - INFO - ===================================================================================
2024-11-21 15:34:34,373 - INFO - Completed in 2h 31m
2024-11-21 15:34:38,707 - INFO - Epoch [74/100], Batch [0/4]
 Dt Loss: 0.0195
 
2024-11-21 15:34:42,426 - INFO - Epoch [74/100] completed. Average Action Loss: 0.0189
2024-11-21 15:34:42,427 - INFO - ===================================================================================
2024-11-21 15:34:50,504 - INFO - Epoch [74/100]
 Validation Loss: 0.0181 
 
2024-11-21 15:34:50,504 - INFO - ===================================================================================
2024-11-21 15:34:50,504 - INFO - Completed in 2h 31m
2024-11-21 15:38:02,129 - INFO - 74 Test Returns: 58.8
2024-11-21 15:38:06,480 - INFO - Epoch [75/100], Batch [0/4]
 Dt Loss: 0.0185
 
2024-11-21 15:38:09,863 - INFO - Epoch [75/100] completed. Average Action Loss: 0.0188
2024-11-21 15:38:09,863 - INFO - ===================================================================================
2024-11-21 15:38:17,694 - INFO - Epoch [75/100]
 Validation Loss: 0.0181 
 
2024-11-21 15:38:17,694 - INFO - ===================================================================================
2024-11-21 15:38:17,695 - INFO - Completed in 2h 35m
2024-11-21 15:38:22,000 - INFO - Epoch [76/100], Batch [0/4]
 Dt Loss: 0.0194
 
2024-11-21 15:38:25,357 - INFO - Epoch [76/100] completed. Average Action Loss: 0.0191
2024-11-21 15:38:25,357 - INFO - ===================================================================================
2024-11-21 15:38:33,052 - INFO - Epoch [76/100]
 Validation Loss: 0.0176 
 
2024-11-21 15:38:33,052 - INFO - ===================================================================================
2024-11-21 15:38:33,053 - INFO - Completed in 2h 35m
2024-11-21 15:41:45,067 - INFO - 76 Test Returns: 59.4
2024-11-21 15:41:49,389 - INFO - Epoch [77/100], Batch [0/4]
 Dt Loss: 0.0191
 
2024-11-21 15:41:53,032 - INFO - Epoch [77/100] completed. Average Action Loss: 0.0190
2024-11-21 15:41:53,033 - INFO - ===================================================================================
2024-11-21 15:42:00,738 - INFO - Epoch [77/100]
 Validation Loss: 0.0168 
 
2024-11-21 15:42:00,739 - INFO - ===================================================================================
2024-11-21 15:42:00,739 - INFO - Completed in 2h 38m
2024-11-21 15:42:05,337 - INFO - Epoch [78/100], Batch [0/4]
 Dt Loss: 0.0190
 
2024-11-21 15:42:09,014 - INFO - Epoch [78/100] completed. Average Action Loss: 0.0186
2024-11-21 15:42:09,014 - INFO - ===================================================================================
2024-11-21 15:42:17,006 - INFO - Epoch [78/100]
 Validation Loss: 0.0172 
 
2024-11-21 15:42:17,007 - INFO - ===================================================================================
2024-11-21 15:42:17,008 - INFO - Completed in 2h 39m
2024-11-21 15:45:19,955 - INFO - 78 Test Returns: 59.8
2024-11-21 15:45:24,440 - INFO - Epoch [79/100], Batch [0/4]
 Dt Loss: 0.0184
 
2024-11-21 15:45:27,944 - INFO - Epoch [79/100] completed. Average Action Loss: 0.0184
2024-11-21 15:45:27,944 - INFO - ===================================================================================
2024-11-21 15:45:36,100 - INFO - Epoch [79/100]
 Validation Loss: 0.0174 
 
2024-11-21 15:45:36,100 - INFO - ===================================================================================
2024-11-21 15:45:36,101 - INFO - Completed in 2h 42m
2024-11-21 15:45:40,170 - INFO - Epoch [80/100], Batch [0/4]
 Dt Loss: 0.0187
 
2024-11-21 15:45:43,324 - INFO - Epoch [80/100] completed. Average Action Loss: 0.0185
2024-11-21 15:45:43,325 - INFO - ===================================================================================
2024-11-21 15:45:51,356 - INFO - Epoch [80/100]
 Validation Loss: 0.0171 
 
2024-11-21 15:45:51,357 - INFO - ===================================================================================
2024-11-21 15:45:51,357 - INFO - Completed in 2h 42m
2024-11-21 15:49:00,568 - INFO - 80 Test Returns: 59.0
2024-11-21 15:49:05,060 - INFO - Epoch [81/100], Batch [0/4]
 Dt Loss: 0.0184
 
2024-11-21 15:49:08,668 - INFO - Epoch [81/100] completed. Average Action Loss: 0.0183
2024-11-21 15:49:08,668 - INFO - ===================================================================================
2024-11-21 15:49:18,517 - INFO - Epoch [81/100]
 Validation Loss: 0.0170 
 
2024-11-21 15:49:18,518 - INFO - ===================================================================================
2024-11-21 15:49:18,518 - INFO - Completed in 2h 46m
2024-11-21 15:49:23,312 - INFO - Epoch [82/100], Batch [0/4]
 Dt Loss: 0.0181
 
2024-11-21 15:49:27,237 - INFO - Epoch [82/100] completed. Average Action Loss: 0.0183
2024-11-21 15:49:27,237 - INFO - ===================================================================================
2024-11-21 15:49:36,773 - INFO - Epoch [82/100]
 Validation Loss: 0.0174 
 
2024-11-21 15:49:36,773 - INFO - ===================================================================================
2024-11-21 15:49:36,773 - INFO - Completed in 2h 46m
2024-11-21 15:52:57,441 - INFO - 82 Test Returns: 56.6
2024-11-21 15:53:02,901 - INFO - Epoch [83/100], Batch [0/4]
 Dt Loss: 0.0186
 
2024-11-21 15:53:06,733 - INFO - Epoch [83/100] completed. Average Action Loss: 0.0183
2024-11-21 15:53:06,733 - INFO - ===================================================================================
2024-11-21 15:53:16,125 - INFO - Epoch [83/100]
 Validation Loss: 0.0171 
 
2024-11-21 15:53:16,125 - INFO - ===================================================================================
2024-11-21 15:53:16,126 - INFO - Completed in 2h 50m
2024-11-21 15:53:21,131 - INFO - Epoch [84/100], Batch [0/4]
 Dt Loss: 0.0186
 
2024-11-21 15:53:24,907 - INFO - Epoch [84/100] completed. Average Action Loss: 0.0181
2024-11-21 15:53:24,907 - INFO - ===================================================================================
2024-11-21 15:53:34,579 - INFO - Epoch [84/100]
 Validation Loss: 0.0172 
 
2024-11-21 15:53:34,579 - INFO - ===================================================================================
2024-11-21 15:53:34,580 - INFO - Completed in 2h 50m
2024-11-21 15:56:47,027 - INFO - 84 Test Returns: 57.4
2024-11-21 15:56:51,772 - INFO - Epoch [85/100], Batch [0/4]
 Dt Loss: 0.0184
 
2024-11-21 15:56:55,737 - INFO - Epoch [85/100] completed. Average Action Loss: 0.0181
2024-11-21 15:56:55,737 - INFO - ===================================================================================
2024-11-21 15:57:04,700 - INFO - Epoch [85/100]
 Validation Loss: 0.0162 
 
2024-11-21 15:57:04,700 - INFO - ===================================================================================
2024-11-21 15:57:04,701 - INFO - Completed in 2h 53m
2024-11-21 15:57:09,536 - INFO - Epoch [86/100], Batch [0/4]
 Dt Loss: 0.0189
 
2024-11-21 15:57:13,380 - INFO - Epoch [86/100] completed. Average Action Loss: 0.0181
2024-11-21 15:57:13,380 - INFO - ===================================================================================
2024-11-21 15:57:22,709 - INFO - Epoch [86/100]
 Validation Loss: 0.0169 
 
2024-11-21 15:57:22,710 - INFO - ===================================================================================
2024-11-21 15:57:22,710 - INFO - Completed in 2h 54m
2024-11-21 16:00:31,878 - INFO - 86 Test Returns: 58.2
2024-11-21 16:00:36,761 - INFO - Epoch [87/100], Batch [0/4]
 Dt Loss: 0.0180
 
2024-11-21 16:00:40,671 - INFO - Epoch [87/100] completed. Average Action Loss: 0.0180
2024-11-21 16:00:40,672 - INFO - ===================================================================================
2024-11-21 16:00:49,862 - INFO - Epoch [87/100]
 Validation Loss: 0.0165 
 
2024-11-21 16:00:49,862 - INFO - ===================================================================================
2024-11-21 16:00:49,863 - INFO - Completed in 2h 57m
2024-11-21 16:00:54,888 - INFO - Epoch [88/100], Batch [0/4]
 Dt Loss: 0.0182
 
2024-11-21 16:00:58,522 - INFO - Epoch [88/100] completed. Average Action Loss: 0.0178
2024-11-21 16:00:58,523 - INFO - ===================================================================================
2024-11-21 16:01:07,836 - INFO - Epoch [88/100]
 Validation Loss: 0.0166 
 
2024-11-21 16:01:07,836 - INFO - ===================================================================================
2024-11-21 16:01:07,837 - INFO - Completed in 2h 57m
2024-11-21 16:04:24,438 - INFO - 88 Test Returns: 58.8
2024-11-21 16:04:29,455 - INFO - Epoch [89/100], Batch [0/4]
 Dt Loss: 0.0176
 
2024-11-21 16:04:33,405 - INFO - Epoch [89/100] completed. Average Action Loss: 0.0178
2024-11-21 16:04:33,406 - INFO - ===================================================================================
2024-11-21 16:04:42,294 - INFO - Epoch [89/100]
 Validation Loss: 0.0161 
 
2024-11-21 16:04:42,294 - INFO - ===================================================================================
2024-11-21 16:04:42,298 - INFO - Completed in 3h 1m
2024-11-21 16:04:47,329 - INFO - Epoch [90/100], Batch [0/4]
 Dt Loss: 0.0178
 
2024-11-21 16:04:51,173 - INFO - Epoch [90/100] completed. Average Action Loss: 0.0177
2024-11-21 16:04:51,174 - INFO - ===================================================================================
2024-11-21 16:05:00,329 - INFO - Epoch [90/100]
 Validation Loss: 0.0161 
 
2024-11-21 16:05:00,330 - INFO - ===================================================================================
2024-11-21 16:05:00,336 - INFO - Completed in 3h 1m
2024-11-21 16:08:12,782 - INFO - 90 Test Returns: 59.6
2024-11-21 16:08:17,998 - INFO - Epoch [91/100], Batch [0/4]
 Dt Loss: 0.0174
 
2024-11-21 16:08:21,586 - INFO - Epoch [91/100] completed. Average Action Loss: 0.0177
2024-11-21 16:08:21,586 - INFO - ===================================================================================
2024-11-21 16:08:30,595 - INFO - Epoch [91/100]
 Validation Loss: 0.0166 
 
2024-11-21 16:08:30,596 - INFO - ===================================================================================
2024-11-21 16:08:30,596 - INFO - Completed in 3h 5m
2024-11-21 16:08:35,565 - INFO - Epoch [92/100], Batch [0/4]
 Dt Loss: 0.0177
 
2024-11-21 16:08:39,154 - INFO - Epoch [92/100] completed. Average Action Loss: 0.0176
2024-11-21 16:08:39,155 - INFO - ===================================================================================
2024-11-21 16:08:47,377 - INFO - Epoch [92/100]
 Validation Loss: 0.0162 
 
2024-11-21 16:08:47,378 - INFO - ===================================================================================
2024-11-21 16:08:47,378 - INFO - Completed in 3h 5m
2024-11-21 16:11:59,645 - INFO - 92 Test Returns: 60.4
2024-11-21 16:12:05,233 - INFO - Epoch [93/100], Batch [0/4]
 Dt Loss: 0.0179
 
2024-11-21 16:12:09,159 - INFO - Epoch [93/100] completed. Average Action Loss: 0.0174
2024-11-21 16:12:09,160 - INFO - ===================================================================================
2024-11-21 16:12:17,891 - INFO - Epoch [93/100]
 Validation Loss: 0.0163 
 
2024-11-21 16:12:17,891 - INFO - ===================================================================================
2024-11-21 16:12:17,892 - INFO - Completed in 3h 9m
2024-11-21 16:12:22,447 - INFO - Epoch [94/100], Batch [0/4]
 Dt Loss: 0.0175
 
2024-11-21 16:12:26,291 - INFO - Epoch [94/100] completed. Average Action Loss: 0.0176
2024-11-21 16:12:26,291 - INFO - ===================================================================================
2024-11-21 16:12:34,727 - INFO - Epoch [94/100]
 Validation Loss: 0.0158 
 
2024-11-21 16:12:34,728 - INFO - ===================================================================================
2024-11-21 16:12:34,729 - INFO - Completed in 3h 9m
2024-11-21 16:15:48,550 - INFO - 94 Test Returns: 61.6
2024-11-21 16:15:53,639 - INFO - Epoch [95/100], Batch [0/4]
 Dt Loss: 0.0175
 
2024-11-21 16:15:57,218 - INFO - Epoch [95/100] completed. Average Action Loss: 0.0175
2024-11-21 16:15:57,218 - INFO - ===================================================================================
2024-11-21 16:16:05,641 - INFO - Epoch [95/100]
 Validation Loss: 0.0159 
 
2024-11-21 16:16:05,642 - INFO - ===================================================================================
2024-11-21 16:16:05,642 - INFO - Completed in 3h 12m
2024-11-21 16:16:10,394 - INFO - Epoch [96/100], Batch [0/4]
 Dt Loss: 0.0174
 
2024-11-21 16:16:14,267 - INFO - Epoch [96/100] completed. Average Action Loss: 0.0174
2024-11-21 16:16:14,268 - INFO - ===================================================================================
2024-11-21 16:16:22,651 - INFO - Epoch [96/100]
 Validation Loss: 0.0163 
 
2024-11-21 16:16:22,651 - INFO - ===================================================================================
2024-11-21 16:16:22,651 - INFO - Completed in 3h 13m
2024-11-21 16:19:30,516 - INFO - 96 Test Returns: 61.2
2024-11-21 16:19:35,641 - INFO - Epoch [97/100], Batch [0/4]
 Dt Loss: 0.0179
 
2024-11-21 16:19:39,586 - INFO - Epoch [97/100] completed. Average Action Loss: 0.0174
2024-11-21 16:19:39,586 - INFO - ===================================================================================
2024-11-21 16:19:48,477 - INFO - Epoch [97/100]
 Validation Loss: 0.0159 
 
2024-11-21 16:19:48,477 - INFO - ===================================================================================
2024-11-21 16:19:48,478 - INFO - Completed in 3h 16m
2024-11-21 16:19:53,434 - INFO - Epoch [98/100], Batch [0/4]
 Dt Loss: 0.0172
 
2024-11-21 16:19:57,137 - INFO - Epoch [98/100] completed. Average Action Loss: 0.0171
2024-11-21 16:19:57,137 - INFO - ===================================================================================
2024-11-21 16:20:06,189 - INFO - Epoch [98/100]
 Validation Loss: 0.0159 
 
2024-11-21 16:20:06,190 - INFO - ===================================================================================
2024-11-21 16:20:06,190 - INFO - Completed in 3h 16m
2024-11-21 16:23:26,391 - INFO - 98 Test Returns: 58.0
2024-11-21 16:23:30,917 - INFO - Epoch [99/100], Batch [0/4]
 Dt Loss: 0.0171
 
2024-11-21 16:23:34,728 - INFO - Epoch [99/100] completed. Average Action Loss: 0.0171
2024-11-21 16:23:34,728 - INFO - ===================================================================================
2024-11-21 16:23:42,709 - INFO - Epoch [99/100]
 Validation Loss: 0.0155 
 
2024-11-21 16:23:42,710 - INFO - ===================================================================================
2024-11-21 16:23:42,716 - INFO - Completed in 3h 20m
2024-11-21 16:23:47,007 - INFO - Epoch [100/100], Batch [0/4]
 Dt Loss: 0.0176
 
2024-11-21 16:23:50,787 - INFO - Epoch [100/100] completed. Average Action Loss: 0.0173
2024-11-21 16:23:50,787 - INFO - ===================================================================================
2024-11-21 16:23:59,706 - INFO - Epoch [100/100]
 Validation Loss: 0.0158 
 
2024-11-21 16:23:59,706 - INFO - ===================================================================================
2024-11-21 16:23:59,712 - INFO - Completed in 3h 20m
2024-11-21 16:27:07,443 - INFO - 100 Test Returns: 64.0
2024-11-21 16:27:07,680 - INFO - Training completed.
