2024-11-15 07:42:26,584 - INFO - Starting.
2024-11-15 07:42:26,584 - INFO - Loading Data.
2024-11-15 07:42:34,944 - INFO - Data loaded in 0.0 hours 0.0 minutes.
2024-11-15 07:42:34,950 - INFO - Training Started.
2024-11-15 07:42:53,632 - INFO - Epoch [1/500], Batch [0/4]
 Dt Loss: 0.0577
 Goal Loss: 2.3656, MIE Loss: 2.0059
 MSE Loss R: 0.1724, MSE Loss G: 0.1873
2024-11-15 07:43:34,448 - INFO - Epoch [1/500] completed. Average Goal Loss: 0.7733
2024-11-15 07:43:34,448 - INFO - Epoch [1/500] completed. Average Action Loss: 0.0576
2024-11-15 07:43:34,448 - INFO - ===================================================================================
2024-11-15 07:43:49,463 - INFO - Epoch [1/500]
Action Validation Loss: 0.0573 
 Goal Validation Loss: 0.2649 
 MIE Validation Loss: 0.0007 
 MSE R Validation Loss: 0.1517 
 MSE G Validation Loss: 0.1125
2024-11-15 07:43:49,464 - INFO - ===================================================================================
2024-11-15 07:43:49,464 - INFO - Completed in 0h 1m
2024-11-15 07:44:08,733 - INFO - Epoch [2/500], Batch [0/4]
 Dt Loss: 0.0572
 Goal Loss: 0.1626, MIE Loss: 0.0004
 MSE Loss R: 0.0621, MSE Loss G: 0.1000
2024-11-15 07:44:49,079 - INFO - Epoch [2/500] completed. Average Goal Loss: 0.3203
2024-11-15 07:44:49,079 - INFO - Epoch [2/500] completed. Average Action Loss: 0.0570
2024-11-15 07:44:49,080 - INFO - ===================================================================================
2024-11-15 07:45:03,378 - INFO - Epoch [2/500]
Action Validation Loss: 0.0564 
 Goal Validation Loss: 0.2661 
 MIE Validation Loss: 0.0003 
 MSE R Validation Loss: 0.1517 
 MSE G Validation Loss: 0.1141
2024-11-15 07:45:03,378 - INFO - ===================================================================================
2024-11-15 07:45:03,379 - INFO - Completed in 0h 2m
2024-11-15 07:45:22,235 - INFO - Epoch [3/500], Batch [0/4]
 Dt Loss: 0.0566
 Goal Loss: 0.2769, MIE Loss: 0.0002
 MSE Loss R: 0.1656, MSE Loss G: 0.1111
2024-11-15 07:46:03,450 - INFO - Epoch [3/500] completed. Average Goal Loss: 0.1857
2024-11-15 07:46:03,450 - INFO - Epoch [3/500] completed. Average Action Loss: 0.0562
2024-11-15 07:46:03,451 - INFO - ===================================================================================
2024-11-15 07:46:18,593 - INFO - Epoch [3/500]
Action Validation Loss: 0.0553 
 Goal Validation Loss: 0.2659 
 MIE Validation Loss: 0.0001 
 MSE R Validation Loss: 0.1523 
 MSE G Validation Loss: 0.1135
2024-11-15 07:46:18,594 - INFO - ===================================================================================
2024-11-15 07:46:18,594 - INFO - Completed in 0h 3m
2024-11-15 07:46:37,423 - INFO - Epoch [4/500], Batch [0/4]
 Dt Loss: 0.0556
 Goal Loss: 0.2402, MIE Loss: 0.0001
 MSE Loss R: 0.1307, MSE Loss G: 0.1094
2024-11-15 07:47:17,961 - INFO - Epoch [4/500] completed. Average Goal Loss: 0.2494
2024-11-15 07:47:17,961 - INFO - Epoch [4/500] completed. Average Action Loss: 0.0552
2024-11-15 07:47:17,962 - INFO - ===================================================================================
2024-11-15 07:47:32,732 - INFO - Epoch [4/500]
Action Validation Loss: 0.0542 
 Goal Validation Loss: 0.2725 
 MIE Validation Loss: 0.0045 
 MSE R Validation Loss: 0.1549 
 MSE G Validation Loss: 0.1131
2024-11-15 07:47:32,732 - INFO - ===================================================================================
2024-11-15 07:47:32,732 - INFO - Completed in 0h 4m
2024-11-15 07:47:53,248 - INFO - Epoch [5/500], Batch [0/4]
 Dt Loss: 0.0545
 Goal Loss: 0.1465, MIE Loss: 0.0009
 MSE Loss R: 0.0482, MSE Loss G: 0.0974
2024-11-15 07:48:34,200 - INFO - Epoch [5/500] completed. Average Goal Loss: 0.2417
2024-11-15 07:48:34,201 - INFO - Epoch [5/500] completed. Average Action Loss: 0.0540
2024-11-15 07:48:34,201 - INFO - ===================================================================================
2024-11-15 07:48:51,094 - INFO - Epoch [5/500]
Action Validation Loss: 0.0526 
 Goal Validation Loss: 0.2691 
 MIE Validation Loss: 0.0001 
 MSE R Validation Loss: 0.1549 
 MSE G Validation Loss: 0.1141
2024-11-15 07:48:51,095 - INFO - ===================================================================================
2024-11-15 07:48:51,095 - INFO - Completed in 0h 6m
2024-11-15 07:49:09,688 - INFO - Epoch [6/500], Batch [0/4]
 Dt Loss: 0.0532
 Goal Loss: 0.3446, MIE Loss: 0.0001
 MSE Loss R: 0.2285, MSE Loss G: 0.1160
2024-11-15 07:49:52,840 - INFO - Epoch [6/500] completed. Average Goal Loss: 0.3170
2024-11-15 07:49:52,840 - INFO - Epoch [6/500] completed. Average Action Loss: 0.0525
2024-11-15 07:49:52,841 - INFO - ===================================================================================
2024-11-15 07:50:08,469 - INFO - Epoch [6/500]
Action Validation Loss: 0.0509 
 Goal Validation Loss: 0.2640 
 MIE Validation Loss: 0.0000 
 MSE R Validation Loss: 0.1516 
 MSE G Validation Loss: 0.1124
2024-11-15 07:50:08,469 - INFO - ===================================================================================
2024-11-15 07:50:08,470 - INFO - Completed in 0h 7m
2024-11-15 07:50:27,400 - INFO - Epoch [7/500], Batch [0/4]
 Dt Loss: 0.0515
 Goal Loss: 0.1888, MIE Loss: 0.0000
 MSE Loss R: 0.0847, MSE Loss G: 0.1040
2024-11-15 07:51:10,430 - INFO - Epoch [7/500] completed. Average Goal Loss: 0.2656
2024-11-15 07:51:10,431 - INFO - Epoch [7/500] completed. Average Action Loss: 0.0503
2024-11-15 07:51:10,431 - INFO - ===================================================================================
2024-11-15 07:51:25,301 - INFO - Epoch [7/500]
Action Validation Loss: 0.0474 
 Goal Validation Loss: 0.2638 
 MIE Validation Loss: 0.0000 
 MSE R Validation Loss: 0.1518 
 MSE G Validation Loss: 0.1119
2024-11-15 07:51:25,302 - INFO - ===================================================================================
2024-11-15 07:51:25,302 - INFO - Completed in 0h 8m
2024-11-15 07:51:45,826 - INFO - Epoch [8/500], Batch [0/4]
 Dt Loss: 0.0479
 Goal Loss: 0.1433, MIE Loss: 0.0000
 MSE Loss R: 0.0477, MSE Loss G: 0.0956
2024-11-15 07:52:31,013 - INFO - Epoch [8/500] completed. Average Goal Loss: 0.2544
2024-11-15 07:52:31,014 - INFO - Epoch [8/500] completed. Average Action Loss: 0.0454
2024-11-15 07:52:31,014 - INFO - ===================================================================================
2024-11-15 07:52:46,461 - INFO - Epoch [8/500]
Action Validation Loss: 0.0394 
 Goal Validation Loss: 0.2657 
 MIE Validation Loss: 0.0000 
 MSE R Validation Loss: 0.1515 
 MSE G Validation Loss: 0.1142
2024-11-15 07:52:46,461 - INFO - ===================================================================================
2024-11-15 07:52:46,462 - INFO - Completed in 0h 10m
2024-11-15 07:53:05,519 - INFO - Epoch [9/500], Batch [0/4]
 Dt Loss: 0.0401
 Goal Loss: 0.1405, MIE Loss: 0.0000
 MSE Loss R: 0.0448, MSE Loss G: 0.0957
2024-11-15 07:53:47,139 - INFO - Epoch [9/500] completed. Average Goal Loss: 0.2901
2024-11-15 07:53:47,140 - INFO - Epoch [9/500] completed. Average Action Loss: 0.0365
2024-11-15 07:53:47,140 - INFO - ===================================================================================
2024-11-15 07:54:02,884 - INFO - Epoch [9/500]
Action Validation Loss: 0.0314 
 Goal Validation Loss: 0.2668 
 MIE Validation Loss: 0.0000 
 MSE R Validation Loss: 0.1529 
 MSE G Validation Loss: 0.1139
2024-11-15 07:54:02,884 - INFO - ===================================================================================
2024-11-15 07:54:02,890 - INFO - Completed in 0h 11m
2024-11-15 07:54:20,699 - INFO - Epoch [10/500], Batch [0/4]
 Dt Loss: 0.0322
 Goal Loss: 0.1582, MIE Loss: 0.0000
 MSE Loss R: 0.0590, MSE Loss G: 0.0993
2024-11-15 07:54:59,156 - INFO - Epoch [10/500] completed. Average Goal Loss: 0.1795
2024-11-15 07:54:59,157 - INFO - Epoch [10/500] completed. Average Action Loss: 0.0314
2024-11-15 07:54:59,157 - INFO - ===================================================================================
2024-11-15 07:55:12,739 - INFO - Epoch [10/500]
Action Validation Loss: 0.0302 
 Goal Validation Loss: 0.2660 
 MIE Validation Loss: 0.0000 
 MSE R Validation Loss: 0.1530 
 MSE G Validation Loss: 0.1130
2024-11-15 07:55:12,740 - INFO - ===================================================================================
2024-11-15 07:55:12,740 - INFO - Completed in 0h 12m
2024-11-15 07:55:12,757 - INFO - Model checkpoint saved at training_output/20241115_074225/models/epoch_10.pth
2024-11-15 07:55:31,346 - INFO - Epoch [11/500], Batch [0/4]
 Dt Loss: 0.0303
 Goal Loss: 0.2104, MIE Loss: 0.0000
 MSE Loss R: 0.1048, MSE Loss G: 0.1056
2024-11-15 07:56:11,212 - INFO - Epoch [11/500] completed. Average Goal Loss: 0.2457
2024-11-15 07:56:11,213 - INFO - Epoch [11/500] completed. Average Action Loss: 0.0298
2024-11-15 07:56:11,213 - INFO - ===================================================================================
2024-11-15 07:56:25,380 - INFO - Epoch [11/500]
Action Validation Loss: 0.0287 
 Goal Validation Loss: 0.2645 
 MIE Validation Loss: 0.0000 
 MSE R Validation Loss: 0.1520 
 MSE G Validation Loss: 0.1125
2024-11-15 07:56:25,380 - INFO - ===================================================================================
2024-11-15 07:56:25,380 - INFO - Completed in 0h 13m
2024-11-15 07:56:45,879 - INFO - Epoch [12/500], Batch [0/4]
 Dt Loss: 0.0288
 Goal Loss: 0.1393, MIE Loss: 0.0000
 MSE Loss R: 0.0433, MSE Loss G: 0.0960
2024-11-15 07:57:27,209 - INFO - Epoch [12/500] completed. Average Goal Loss: 0.2247
2024-11-15 07:57:27,209 - INFO - Epoch [12/500] completed. Average Action Loss: 0.0285
2024-11-15 07:57:27,209 - INFO - ===================================================================================
2024-11-15 07:57:42,250 - INFO - Epoch [12/500]
Action Validation Loss: 0.0271 
 Goal Validation Loss: 0.2656 
 MIE Validation Loss: 0.0000 
 MSE R Validation Loss: 0.1518 
 MSE G Validation Loss: 0.1138
2024-11-15 07:57:42,250 - INFO - ===================================================================================
2024-11-15 07:57:42,250 - INFO - Completed in 0h 15m
2024-11-15 07:58:02,532 - INFO - Epoch [13/500], Batch [0/4]
 Dt Loss: 0.0276
 Goal Loss: 0.3733, MIE Loss: 0.0001
 MSE Loss R: 0.2522, MSE Loss G: 0.1210
2024-11-15 07:58:46,508 - INFO - Epoch [13/500] completed. Average Goal Loss: 0.2438
2024-11-15 07:58:46,509 - INFO - Epoch [13/500] completed. Average Action Loss: 0.0274
2024-11-15 07:58:46,509 - INFO - ===================================================================================
2024-11-15 07:59:01,021 - INFO - Epoch [13/500]
Action Validation Loss: 0.0265 
 Goal Validation Loss: 0.2671 
 MIE Validation Loss: 0.0000 
 MSE R Validation Loss: 0.1528 
 MSE G Validation Loss: 0.1143
2024-11-15 07:59:01,022 - INFO - ===================================================================================
2024-11-15 07:59:01,022 - INFO - Completed in 0h 16m
2024-11-15 07:59:20,243 - INFO - Epoch [14/500], Batch [0/4]
 Dt Loss: 0.0271
 Goal Loss: 0.1626, MIE Loss: 0.0000
 MSE Loss R: 0.0628, MSE Loss G: 0.0999
2024-11-15 08:00:00,548 - INFO - Epoch [14/500] completed. Average Goal Loss: 0.1703
2024-11-15 08:00:00,548 - INFO - Epoch [14/500] completed. Average Action Loss: 0.0266
2024-11-15 08:00:00,549 - INFO - ===================================================================================
2024-11-15 08:00:15,721 - INFO - Epoch [14/500]
Action Validation Loss: 0.0249 
 Goal Validation Loss: 0.2639 
 MIE Validation Loss: 0.0000 
 MSE R Validation Loss: 0.1520 
 MSE G Validation Loss: 0.1119
2024-11-15 08:00:15,721 - INFO - ===================================================================================
2024-11-15 08:00:15,722 - INFO - Completed in 0h 17m
2024-11-15 08:00:36,578 - INFO - Epoch [15/500], Batch [0/4]
 Dt Loss: 0.0258
 Goal Loss: 0.2439, MIE Loss: 0.0000
 MSE Loss R: 0.1341, MSE Loss G: 0.1098
2024-11-15 08:01:17,122 - INFO - Epoch [15/500] completed. Average Goal Loss: 0.1838
2024-11-15 08:01:17,123 - INFO - Epoch [15/500] completed. Average Action Loss: 0.0258
2024-11-15 08:01:17,123 - INFO - ===================================================================================
2024-11-15 08:01:32,442 - INFO - Epoch [15/500]
Action Validation Loss: 0.0240 
 Goal Validation Loss: 0.2625 
 MIE Validation Loss: 0.0000 
 MSE R Validation Loss: 0.1508 
 MSE G Validation Loss: 0.1116
2024-11-15 08:01:32,443 - INFO - ===================================================================================
2024-11-15 08:01:32,443 - INFO - Completed in 0h 18m
2024-11-15 08:01:51,378 - INFO - Epoch [16/500], Batch [0/4]
 Dt Loss: 0.0253
 Goal Loss: 0.1613, MIE Loss: 0.0000
 MSE Loss R: 0.0614, MSE Loss G: 0.0999
