2024-11-16 11:38:01,163 - INFO - Starting.
2024-11-16 11:38:01,163 - INFO - Loading Data.
2024-11-16 11:40:47,525 - INFO - Data loaded in 0.0 hours 2.0 minutes.
2024-11-16 11:40:47,616 - INFO - Training Started.
2024-11-16 11:40:59,432 - INFO - Epoch [1/500], Batch [0/52]
 Dt Loss: 0.0863
 Goal Loss: 18.8721, MIE Loss: 18.4586
 MSE Loss R: 0.0650, BCE Loss G: 0.3485
2024-11-16 11:41:23,037 - INFO - Epoch [1/500], Batch [10/52]
 Dt Loss: 0.0863
 Goal Loss: 0.1745, MIE Loss: 0.0004
 MSE Loss R: 0.0631, BCE Loss G: 0.1110
2024-11-16 11:41:42,707 - INFO - Epoch [1/500], Batch [20/52]
 Dt Loss: 0.0861
 Goal Loss: 0.1197, MIE Loss: 0.0004
 MSE Loss R: 0.0204, BCE Loss G: 0.0988
2024-11-16 11:42:02,989 - INFO - Epoch [1/500], Batch [30/52]
 Dt Loss: 0.0862
 Goal Loss: 0.1632, MIE Loss: 0.0001
 MSE Loss R: 0.0539, BCE Loss G: 0.1091
2024-11-16 11:42:23,661 - INFO - Epoch [1/500], Batch [40/52]
 Dt Loss: 0.0858
 Goal Loss: 0.1260, MIE Loss: 0.0000
 MSE Loss R: 0.0247, BCE Loss G: 0.1012
2024-11-16 11:42:43,074 - INFO - Epoch [1/500], Batch [50/52]
 Dt Loss: 0.0856
 Goal Loss: 0.1195, MIE Loss: 0.0000
 MSE Loss R: 0.0211, BCE Loss G: 0.0984
2024-11-16 11:42:47,100 - INFO - Epoch [1/500] completed. Average Goal Loss: 0.5368
2024-11-16 11:42:47,100 - INFO - Epoch [1/500] completed. Average Action Loss: 0.0861
2024-11-16 11:42:47,100 - INFO - ===================================================================================
2024-11-16 11:44:21,883 - INFO - Epoch [1/500]
Action Validation Loss: 0.0085 
 Goal Validation Loss: 0.1712 
 MIE Validation Loss: 0.0002 
 MSE R Validation Loss: 0.0596 
 BCE G Validation Loss: 0.1114
2024-11-16 11:44:21,884 - INFO - ===================================================================================
2024-11-16 11:44:21,884 - INFO - Completed in 0h 3m
2024-11-16 11:44:34,952 - INFO - Epoch [2/500], Batch [0/52]
 Dt Loss: 0.0857
 Goal Loss: 0.1511, MIE Loss: 0.0052
 MSE Loss R: 0.0406, BCE Loss G: 0.1052
2024-11-16 11:44:54,736 - INFO - Epoch [2/500], Batch [10/52]
 Dt Loss: 0.0854
 Goal Loss: 0.1124, MIE Loss: 0.0005
 MSE Loss R: 0.0162, BCE Loss G: 0.0956
2024-11-16 11:45:13,819 - INFO - Epoch [2/500], Batch [20/52]
 Dt Loss: 0.0850
 Goal Loss: 0.1251, MIE Loss: 0.0000
 MSE Loss R: 0.0235, BCE Loss G: 0.1016
2024-11-16 11:45:32,738 - INFO - Epoch [2/500], Batch [30/52]
 Dt Loss: 0.0847
 Goal Loss: 0.2146, MIE Loss: 0.0000
 MSE Loss R: 0.0948, BCE Loss G: 0.1198
2024-11-16 11:45:51,616 - INFO - Epoch [2/500], Batch [40/52]
 Dt Loss: 0.0843
 Goal Loss: 0.2859, MIE Loss: 0.0009
 MSE Loss R: 0.1536, BCE Loss G: 0.1315
2024-11-16 11:46:10,919 - INFO - Epoch [2/500], Batch [50/52]
 Dt Loss: 0.0839
 Goal Loss: 0.1284, MIE Loss: 0.0000
 MSE Loss R: 0.0267, BCE Loss G: 0.1017
2024-11-16 11:46:15,257 - INFO - Epoch [2/500] completed. Average Goal Loss: 0.1610
2024-11-16 11:46:15,257 - INFO - Epoch [2/500] completed. Average Action Loss: 0.0848
2024-11-16 11:46:15,258 - INFO - ===================================================================================
