2024-12-03 11:29:20,786 - INFO - Starting.
2024-12-03 11:29:20,786 - INFO - Loading Data.
2024-12-03 11:40:40,860 - INFO - Data loaded in 0.0 hours 11.0 minutes.
2024-12-03 11:40:40,911 - INFO - Training Started.
2024-12-03 11:41:10,301 - INFO - Epoch [1/100], Batch [0/12]
 Dt Loss: 0.0870
 Goal Loss: 0.7610
 MSE Loss R: 0.0305, BCE Loss G: 0.7305
2024-12-03 11:41:43,681 - INFO - Epoch [1/100], Batch [10/12]
 Dt Loss: 0.0783
 Goal Loss: 0.2903
 MSE Loss R: 0.1598, BCE Loss G: 0.1305
2024-12-03 11:41:47,079 - INFO - Epoch [1/100] completed. Average Goal Loss: 0.7032
2024-12-03 11:41:47,079 - INFO - Epoch [1/100] completed. Average Action Loss: 0.0825
2024-12-03 11:41:47,079 - INFO - ===================================================================================
2024-12-03 11:42:41,348 - INFO - Epoch [1/100]
Action Validation Loss: 0.0750 
 Goal Validation Loss: 0.5582 
 MSE R Validation Loss: 0.4369 
 BCE G Validation Loss: 0.1213
2024-12-03 11:42:41,349 - INFO - ===================================================================================
2024-12-03 11:42:41,349 - INFO - Completed in 0h 2m
2024-12-03 11:45:28,761 - INFO - 1 Test Returns: 56.6
2024-12-03 11:45:28,780 - INFO - Model checkpoint saved at training_output/20241203_112912/models/epoch_1.pth
2024-12-03 11:45:44,695 - INFO - Epoch [2/100], Batch [0/12]
 Dt Loss: 0.0759
 Goal Loss: 0.2549
 MSE Loss R: 0.1488, BCE Loss G: 0.1061
2024-12-03 11:46:17,837 - INFO - Epoch [2/100], Batch [10/12]
 Dt Loss: 0.0550
 Goal Loss: 0.6392
 MSE Loss R: 0.5376, BCE Loss G: 0.1017
2024-12-03 11:46:21,886 - INFO - Epoch [2/100] completed. Average Goal Loss: 0.5671
2024-12-03 11:46:21,887 - INFO - Epoch [2/100] completed. Average Action Loss: 0.0658
2024-12-03 11:46:21,887 - INFO - ===================================================================================
2024-12-03 11:47:13,349 - INFO - Epoch [2/100]
Action Validation Loss: 0.0517 
 Goal Validation Loss: 0.5381 
 MSE R Validation Loss: 0.4272 
 BCE G Validation Loss: 0.1108
2024-12-03 11:47:13,350 - INFO - ===================================================================================
2024-12-03 11:47:13,350 - INFO - Completed in 0h 6m
2024-12-03 11:50:02,975 - INFO - 2 Test Returns: 51.8
2024-12-03 11:50:02,993 - INFO - Model checkpoint saved at training_output/20241203_112912/models/epoch_2.pth
2024-12-03 11:50:18,693 - INFO - Epoch [3/100], Batch [0/12]
 Dt Loss: 0.0522
 Goal Loss: 0.4653
 MSE Loss R: 0.3478, BCE Loss G: 0.1174
2024-12-03 11:50:54,161 - INFO - Epoch [3/100], Batch [10/12]
 Dt Loss: 0.0446
 Goal Loss: 0.2455
 MSE Loss R: 0.1414, BCE Loss G: 0.1041
2024-12-03 11:50:57,928 - INFO - Epoch [3/100] completed. Average Goal Loss: 0.4982
2024-12-03 11:50:57,929 - INFO - Epoch [3/100] completed. Average Action Loss: 0.0478
2024-12-03 11:50:57,929 - INFO - ===================================================================================
2024-12-03 11:51:49,525 - INFO - Epoch [3/100]
Action Validation Loss: 0.0428 
 Goal Validation Loss: 0.5546 
 MSE R Validation Loss: 0.4450 
 BCE G Validation Loss: 0.1096
2024-12-03 11:51:49,525 - INFO - ===================================================================================
2024-12-03 11:51:49,526 - INFO - Completed in 0h 11m
2024-12-03 11:52:04,577 - INFO - Epoch [4/100], Batch [0/12]
 Dt Loss: 0.0438
 Goal Loss: 0.2240
 MSE Loss R: 0.1313, BCE Loss G: 0.0927
2024-12-03 11:52:38,979 - INFO - Epoch [4/100], Batch [10/12]
 Dt Loss: 0.0403
 Goal Loss: 0.1883
 MSE Loss R: 0.0894, BCE Loss G: 0.0990
2024-12-03 11:52:42,481 - INFO - Epoch [4/100] completed. Average Goal Loss: 0.2803
2024-12-03 11:52:42,481 - INFO - Epoch [4/100] completed. Average Action Loss: 0.0418
2024-12-03 11:52:42,481 - INFO - ===================================================================================
2024-12-03 11:53:34,932 - INFO - Epoch [4/100]
Action Validation Loss: 0.0379 
 Goal Validation Loss: 0.5969 
 MSE R Validation Loss: 0.4877 
 BCE G Validation Loss: 0.1092
2024-12-03 11:53:34,932 - INFO - ===================================================================================
2024-12-03 11:53:34,932 - INFO - Completed in 0h 12m
2024-12-03 11:56:27,216 - INFO - 4 Test Returns: 51.2
2024-12-03 11:56:27,238 - INFO - Model checkpoint saved at training_output/20241203_112912/models/epoch_4.pth
2024-12-03 11:56:42,304 - INFO - Epoch [5/100], Batch [0/12]
 Dt Loss: 0.0399
 Goal Loss: 0.1868
 MSE Loss R: 0.0947, BCE Loss G: 0.0921
2024-12-03 11:57:17,678 - INFO - Epoch [5/100], Batch [10/12]
 Dt Loss: 0.0370
 Goal Loss: 0.2829
 MSE Loss R: 0.1909, BCE Loss G: 0.0920
2024-12-03 11:57:21,111 - INFO - Epoch [5/100] completed. Average Goal Loss: 0.5025
2024-12-03 11:57:21,111 - INFO - Epoch [5/100] completed. Average Action Loss: 0.0382
2024-12-03 11:57:21,111 - INFO - ===================================================================================
2024-12-03 11:58:14,459 - INFO - Epoch [5/100]
Action Validation Loss: 0.0345 
 Goal Validation Loss: 0.5887 
 MSE R Validation Loss: 0.4796 
 BCE G Validation Loss: 0.1091
2024-12-03 11:58:14,460 - INFO - ===================================================================================
2024-12-03 11:58:14,460 - INFO - Completed in 0h 17m
2024-12-03 11:58:29,331 - INFO - Epoch [6/100], Batch [0/12]
 Dt Loss: 0.0371
 Goal Loss: 0.1779
 MSE Loss R: 0.0830, BCE Loss G: 0.0949
2024-12-03 11:59:04,495 - INFO - Epoch [6/100], Batch [10/12]
 Dt Loss: 0.0351
 Goal Loss: 0.1581
 MSE Loss R: 0.0622, BCE Loss G: 0.0959
2024-12-03 11:59:08,153 - INFO - Epoch [6/100] completed. Average Goal Loss: 0.2578
2024-12-03 11:59:08,154 - INFO - Epoch [6/100] completed. Average Action Loss: 0.0357
2024-12-03 11:59:08,154 - INFO - ===================================================================================
2024-12-03 12:00:00,495 - INFO - Epoch [6/100]
Action Validation Loss: 0.0322 
 Goal Validation Loss: 0.6808 
 MSE R Validation Loss: 0.5713 
 BCE G Validation Loss: 0.1094
2024-12-03 12:00:00,495 - INFO - ===================================================================================
2024-12-03 12:00:00,495 - INFO - Completed in 0h 19m
2024-12-03 12:02:50,366 - INFO - 6 Test Returns: 50.8
2024-12-03 12:02:50,385 - INFO - Model checkpoint saved at training_output/20241203_112912/models/epoch_6.pth
2024-12-03 12:03:04,844 - INFO - Epoch [7/100], Batch [0/12]
 Dt Loss: 0.0350
 Goal Loss: 0.4531
 MSE Loss R: 0.3426, BCE Loss G: 0.1105
2024-12-03 12:03:40,205 - INFO - Epoch [7/100], Batch [10/12]
 Dt Loss: 0.0332
 Goal Loss: 0.3724
 MSE Loss R: 0.2550, BCE Loss G: 0.1174
2024-12-03 12:03:44,395 - INFO - Epoch [7/100] completed. Average Goal Loss: 0.6999
2024-12-03 12:03:44,395 - INFO - Epoch [7/100] completed. Average Action Loss: 0.0341
2024-12-03 12:03:44,395 - INFO - ===================================================================================
2024-12-03 12:04:40,943 - INFO - Epoch [7/100]
Action Validation Loss: 0.0306 
 Goal Validation Loss: 0.5957 
 MSE R Validation Loss: 0.4872 
 BCE G Validation Loss: 0.1085
2024-12-03 12:04:40,943 - INFO - ===================================================================================
2024-12-03 12:04:40,943 - INFO - Completed in 0h 24m
2024-12-03 12:04:55,880 - INFO - Epoch [8/100], Batch [0/12]
 Dt Loss: 0.0331
 Goal Loss: 0.4494
 MSE Loss R: 0.3527, BCE Loss G: 0.0968
2024-12-03 12:05:31,924 - INFO - Epoch [8/100], Batch [10/12]
 Dt Loss: 0.0324
 Goal Loss: 0.6106
 MSE Loss R: 0.4931, BCE Loss G: 0.1176
2024-12-03 12:05:35,883 - INFO - Epoch [8/100] completed. Average Goal Loss: 0.3989
2024-12-03 12:05:35,883 - INFO - Epoch [8/100] completed. Average Action Loss: 0.0328
2024-12-03 12:05:35,884 - INFO - ===================================================================================
2024-12-03 12:06:33,143 - INFO - Epoch [8/100]
Action Validation Loss: 0.0296 
 Goal Validation Loss: 0.5464 
 MSE R Validation Loss: 0.4351 
 BCE G Validation Loss: 0.1113
2024-12-03 12:06:33,144 - INFO - ===================================================================================
2024-12-03 12:06:33,144 - INFO - Completed in 0h 25m
2024-12-03 12:09:15,836 - INFO - 8 Test Returns: 54.2
2024-12-03 12:09:15,864 - INFO - Model checkpoint saved at training_output/20241203_112912/models/epoch_8.pth
2024-12-03 12:09:31,979 - INFO - Epoch [9/100], Batch [0/12]
 Dt Loss: 0.0320
 Goal Loss: 0.4881
 MSE Loss R: 0.3914, BCE Loss G: 0.0967
2024-12-03 12:10:05,622 - INFO - Epoch [9/100], Batch [10/12]
 Dt Loss: 0.0313
 Goal Loss: 0.3204
 MSE Loss R: 0.2112, BCE Loss G: 0.1092
2024-12-03 12:10:09,446 - INFO - Epoch [9/100] completed. Average Goal Loss: 0.3489
2024-12-03 12:10:09,447 - INFO - Epoch [9/100] completed. Average Action Loss: 0.0316
2024-12-03 12:10:09,447 - INFO - ===================================================================================
2024-12-03 12:11:09,097 - INFO - Epoch [9/100]
Action Validation Loss: 0.0287 
 Goal Validation Loss: 0.5361 
 MSE R Validation Loss: 0.4279 
 BCE G Validation Loss: 0.1082
2024-12-03 12:11:09,097 - INFO - ===================================================================================
2024-12-03 12:11:09,097 - INFO - Completed in 0h 30m
2024-12-03 12:11:26,071 - INFO - Epoch [10/100], Batch [0/12]
 Dt Loss: 0.0311
 Goal Loss: 0.2371
 MSE Loss R: 0.1371, BCE Loss G: 0.1000
2024-12-03 12:12:06,775 - INFO - Epoch [10/100], Batch [10/12]
 Dt Loss: 0.0308
 Goal Loss: 0.3280
 MSE Loss R: 0.2304, BCE Loss G: 0.0976
2024-12-03 12:12:10,797 - INFO - Epoch [10/100] completed. Average Goal Loss: 0.4753
2024-12-03 12:12:10,797 - INFO - Epoch [10/100] completed. Average Action Loss: 0.0308
2024-12-03 12:12:10,797 - INFO - ===================================================================================
2024-12-03 12:13:11,964 - INFO - Epoch [10/100]
Action Validation Loss: 0.0280 
 Goal Validation Loss: 0.5492 
 MSE R Validation Loss: 0.4410 
 BCE G Validation Loss: 0.1082
2024-12-03 12:13:11,964 - INFO - ===================================================================================
2024-12-03 12:13:11,965 - INFO - Completed in 0h 32m
2024-12-03 12:15:49,218 - INFO - 10 Test Returns: 57.8
2024-12-03 12:15:49,237 - INFO - Model checkpoint saved at training_output/20241203_112912/models/epoch_10.pth
2024-12-03 12:16:11,943 - INFO - Epoch [11/100], Batch [0/12]
 Dt Loss: 0.0306
 Goal Loss: 1.4299
 MSE Loss R: 1.2930, BCE Loss G: 0.1369
2024-12-03 12:16:44,950 - INFO - Epoch [11/100], Batch [10/12]
 Dt Loss: 0.0297
 Goal Loss: 0.8213
 MSE Loss R: 0.6977, BCE Loss G: 0.1237
2024-12-03 12:16:49,055 - INFO - Epoch [11/100] completed. Average Goal Loss: 0.4705
2024-12-03 12:16:49,055 - INFO - Epoch [11/100] completed. Average Action Loss: 0.0300
2024-12-03 12:16:49,055 - INFO - ===================================================================================
2024-12-03 12:17:50,693 - INFO - Epoch [11/100]
Action Validation Loss: 0.0273 
 Goal Validation Loss: 0.5405 
 MSE R Validation Loss: 0.4329 
 BCE G Validation Loss: 0.1076
2024-12-03 12:17:50,693 - INFO - ===================================================================================
2024-12-03 12:17:50,694 - INFO - Completed in 0h 37m
2024-12-03 12:18:07,448 - INFO - Epoch [12/100], Batch [0/12]
 Dt Loss: 0.0297
 Goal Loss: 0.9519
 MSE Loss R: 0.8242, BCE Loss G: 0.1277
2024-12-03 12:18:40,918 - INFO - Epoch [12/100], Batch [10/12]
 Dt Loss: 0.0293
 Goal Loss: 1.4513
 MSE Loss R: 1.3113, BCE Loss G: 0.1400
2024-12-03 12:18:45,034 - INFO - Epoch [12/100] completed. Average Goal Loss: 0.7387
2024-12-03 12:18:45,034 - INFO - Epoch [12/100] completed. Average Action Loss: 0.0295
2024-12-03 12:18:45,035 - INFO - ===================================================================================
2024-12-03 12:19:47,261 - INFO - Epoch [12/100]
Action Validation Loss: 0.0269 
 Goal Validation Loss: 0.6800 
 MSE R Validation Loss: 0.5707 
 BCE G Validation Loss: 0.1093
2024-12-03 12:19:47,262 - INFO - ===================================================================================
2024-12-03 12:19:47,262 - INFO - Completed in 0h 39m
2024-12-03 12:22:30,022 - INFO - 12 Test Returns: 52.8
2024-12-03 12:22:30,040 - INFO - Model checkpoint saved at training_output/20241203_112912/models/epoch_12.pth
2024-12-03 12:22:48,151 - INFO - Epoch [13/100], Batch [0/12]
 Dt Loss: 0.0288
 Goal Loss: 0.6794
 MSE Loss R: 0.5812, BCE Loss G: 0.0982
2024-12-03 12:23:21,261 - INFO - Epoch [13/100], Batch [10/12]
 Dt Loss: 0.0286
 Goal Loss: 0.4467
 MSE Loss R: 0.3468, BCE Loss G: 0.0999
2024-12-03 12:23:25,571 - INFO - Epoch [13/100] completed. Average Goal Loss: 0.4373
2024-12-03 12:23:25,571 - INFO - Epoch [13/100] completed. Average Action Loss: 0.0289
2024-12-03 12:23:25,571 - INFO - ===================================================================================
2024-12-03 12:24:27,774 - INFO - Epoch [13/100]
Action Validation Loss: 0.0265 
 Goal Validation Loss: 0.5343 
 MSE R Validation Loss: 0.4267 
 BCE G Validation Loss: 0.1077
2024-12-03 12:24:27,775 - INFO - ===================================================================================
2024-12-03 12:24:27,775 - INFO - Completed in 0h 43m
2024-12-03 12:24:45,073 - INFO - Epoch [14/100], Batch [0/12]
 Dt Loss: 0.0290
 Goal Loss: 0.2661
 MSE Loss R: 0.1684, BCE Loss G: 0.0977
2024-12-03 12:25:18,073 - INFO - Epoch [14/100], Batch [10/12]
 Dt Loss: 0.0284
 Goal Loss: 0.3345
 MSE Loss R: 0.2282, BCE Loss G: 0.1063
2024-12-03 12:25:22,035 - INFO - Epoch [14/100] completed. Average Goal Loss: 0.5669
2024-12-03 12:25:22,035 - INFO - Epoch [14/100] completed. Average Action Loss: 0.0284
2024-12-03 12:25:22,035 - INFO - ===================================================================================
2024-12-03 12:26:25,131 - INFO - Epoch [14/100]
Action Validation Loss: 0.0262 
 Goal Validation Loss: 0.5363 
 MSE R Validation Loss: 0.4284 
 BCE G Validation Loss: 0.1079
2024-12-03 12:26:25,131 - INFO - ===================================================================================
2024-12-03 12:26:25,131 - INFO - Completed in 0h 45m
2024-12-03 12:29:04,119 - INFO - 14 Test Returns: 54.6
2024-12-03 12:29:04,137 - INFO - Model checkpoint saved at training_output/20241203_112912/models/epoch_14.pth
2024-12-03 12:29:22,382 - INFO - Epoch [15/100], Batch [0/12]
 Dt Loss: 0.0282
 Goal Loss: 0.2711
 MSE Loss R: 0.1715, BCE Loss G: 0.0996
2024-12-03 12:29:55,822 - INFO - Epoch [15/100], Batch [10/12]
 Dt Loss: 0.0278
 Goal Loss: 0.9244
 MSE Loss R: 0.7888, BCE Loss G: 0.1355
2024-12-03 12:30:00,275 - INFO - Epoch [15/100] completed. Average Goal Loss: 0.6009
2024-12-03 12:30:00,275 - INFO - Epoch [15/100] completed. Average Action Loss: 0.0281
2024-12-03 12:30:00,275 - INFO - ===================================================================================
2024-12-03 12:31:03,059 - INFO - Epoch [15/100]
Action Validation Loss: 0.0256 
 Goal Validation Loss: 0.7611 
 MSE R Validation Loss: 0.6519 
 BCE G Validation Loss: 0.1092
2024-12-03 12:31:03,060 - INFO - ===================================================================================
2024-12-03 12:31:03,060 - INFO - Completed in 0h 50m
2024-12-03 12:31:21,435 - INFO - Epoch [16/100], Batch [0/12]
 Dt Loss: 0.0278
 Goal Loss: 0.4146
 MSE Loss R: 0.2937, BCE Loss G: 0.1209
2024-12-03 12:31:54,420 - INFO - Epoch [16/100], Batch [10/12]
 Dt Loss: 0.0273
 Goal Loss: 0.7726
 MSE Loss R: 0.6493, BCE Loss G: 0.1233
2024-12-03 12:31:58,822 - INFO - Epoch [16/100] completed. Average Goal Loss: 0.4448
2024-12-03 12:31:58,822 - INFO - Epoch [16/100] completed. Average Action Loss: 0.0277
2024-12-03 12:31:58,822 - INFO - ===================================================================================
2024-12-03 12:33:01,243 - INFO - Epoch [16/100]
Action Validation Loss: 0.0254 
 Goal Validation Loss: 0.5460 
 MSE R Validation Loss: 0.4370 
 BCE G Validation Loss: 0.1090
2024-12-03 12:33:01,244 - INFO - ===================================================================================
2024-12-03 12:33:01,244 - INFO - Completed in 0h 52m
2024-12-03 12:35:41,235 - INFO - 16 Test Returns: 54.4
2024-12-03 12:35:41,254 - INFO - Model checkpoint saved at training_output/20241203_112912/models/epoch_16.pth
2024-12-03 12:35:59,829 - INFO - Epoch [17/100], Batch [0/12]
 Dt Loss: 0.0275
 Goal Loss: 1.4413
 MSE Loss R: 1.3050, BCE Loss G: 0.1363
2024-12-03 12:36:33,756 - INFO - Epoch [17/100], Batch [10/12]
 Dt Loss: 0.0273
 Goal Loss: 0.8223
 MSE Loss R: 0.6926, BCE Loss G: 0.1297
2024-12-03 12:36:37,755 - INFO - Epoch [17/100] completed. Average Goal Loss: 0.6678
2024-12-03 12:36:37,755 - INFO - Epoch [17/100] completed. Average Action Loss: 0.0274
2024-12-03 12:36:37,755 - INFO - ===================================================================================
2024-12-03 12:37:42,871 - INFO - Epoch [17/100]
Action Validation Loss: 0.0251 
 Goal Validation Loss: 0.5657 
 MSE R Validation Loss: 0.4581 
 BCE G Validation Loss: 0.1076
2024-12-03 12:37:42,876 - INFO - ===================================================================================
2024-12-03 12:37:42,876 - INFO - Completed in 0h 57m
2024-12-03 12:38:00,558 - INFO - Epoch [18/100], Batch [0/12]
 Dt Loss: 0.0273
 Goal Loss: 0.2887
 MSE Loss R: 0.1816, BCE Loss G: 0.1071
2024-12-03 12:38:33,433 - INFO - Epoch [18/100], Batch [10/12]
 Dt Loss: 0.0269
 Goal Loss: 1.2671
 MSE Loss R: 1.1297, BCE Loss G: 0.1374
2024-12-03 12:38:37,482 - INFO - Epoch [18/100] completed. Average Goal Loss: 0.5487
2024-12-03 12:38:37,482 - INFO - Epoch [18/100] completed. Average Action Loss: 0.0269
2024-12-03 12:38:37,482 - INFO - ===================================================================================
2024-12-03 12:39:40,736 - INFO - Epoch [18/100]
Action Validation Loss: 0.0246 
 Goal Validation Loss: 0.5610 
 MSE R Validation Loss: 0.4524 
 BCE G Validation Loss: 0.1086
2024-12-03 12:39:40,737 - INFO - ===================================================================================
2024-12-03 12:39:40,737 - INFO - Completed in 0h 58m
2024-12-03 12:42:23,947 - INFO - 18 Test Returns: 52.6
2024-12-03 12:42:23,965 - INFO - Model checkpoint saved at training_output/20241203_112912/models/epoch_18.pth
2024-12-03 12:42:41,778 - INFO - Epoch [19/100], Batch [0/12]
 Dt Loss: 0.0272
 Goal Loss: 1.3510
 MSE Loss R: 1.2143, BCE Loss G: 0.1367
2024-12-03 12:43:15,863 - INFO - Epoch [19/100], Batch [10/12]
 Dt Loss: 0.0270
 Goal Loss: 0.2767
 MSE Loss R: 0.1850, BCE Loss G: 0.0917
2024-12-03 12:43:20,031 - INFO - Epoch [19/100] completed. Average Goal Loss: 0.5276
2024-12-03 12:43:20,032 - INFO - Epoch [19/100] completed. Average Action Loss: 0.0267
2024-12-03 12:43:20,032 - INFO - ===================================================================================
2024-12-03 12:44:24,745 - INFO - Epoch [19/100]
Action Validation Loss: 0.0246 
 Goal Validation Loss: 0.5722 
 MSE R Validation Loss: 0.4636 
 BCE G Validation Loss: 0.1086
2024-12-03 12:44:24,745 - INFO - ===================================================================================
2024-12-03 12:44:24,746 - INFO - Completed in 1h 3m
2024-12-03 12:44:42,324 - INFO - Epoch [20/100], Batch [0/12]
 Dt Loss: 0.0264
 Goal Loss: 0.2280
 MSE Loss R: 0.1251, BCE Loss G: 0.1029
2024-12-03 12:45:14,297 - INFO - Epoch [20/100], Batch [10/12]
 Dt Loss: 0.0263
 Goal Loss: 0.2364
 MSE Loss R: 0.1405, BCE Loss G: 0.0959
2024-12-03 12:45:18,495 - INFO - Epoch [20/100] completed. Average Goal Loss: 0.4202
2024-12-03 12:45:18,495 - INFO - Epoch [20/100] completed. Average Action Loss: 0.0263
2024-12-03 12:45:18,499 - INFO - ===================================================================================
2024-12-03 12:46:20,137 - INFO - Epoch [20/100]
Action Validation Loss: 0.0242 
 Goal Validation Loss: 0.5678 
 MSE R Validation Loss: 0.4593 
 BCE G Validation Loss: 0.1085
2024-12-03 12:46:20,138 - INFO - ===================================================================================
2024-12-03 12:46:20,138 - INFO - Completed in 1h 5m
2024-12-03 12:48:59,628 - INFO - 20 Test Returns: 56.2
2024-12-03 12:48:59,647 - INFO - Model checkpoint saved at training_output/20241203_112912/models/epoch_20.pth
2024-12-03 12:49:17,520 - INFO - Epoch [21/100], Batch [0/12]
 Dt Loss: 0.0260
 Goal Loss: 0.4597
 MSE Loss R: 0.3457, BCE Loss G: 0.1140
2024-12-03 12:49:57,629 - INFO - Epoch [21/100], Batch [10/12]
 Dt Loss: 0.0257
 Goal Loss: 0.2221
 MSE Loss R: 0.1212, BCE Loss G: 0.1009
2024-12-03 12:50:01,610 - INFO - Epoch [21/100] completed. Average Goal Loss: 0.4561
2024-12-03 12:50:01,610 - INFO - Epoch [21/100] completed. Average Action Loss: 0.0260
2024-12-03 12:50:01,610 - INFO - ===================================================================================
2024-12-03 12:51:03,128 - INFO - Epoch [21/100]
Action Validation Loss: 0.0238 
 Goal Validation Loss: 0.5633 
 MSE R Validation Loss: 0.4555 
 BCE G Validation Loss: 0.1078
2024-12-03 12:51:03,128 - INFO - ===================================================================================
2024-12-03 12:51:03,129 - INFO - Completed in 1h 10m
2024-12-03 12:51:21,293 - INFO - Epoch [22/100], Batch [0/12]
 Dt Loss: 0.0264
 Goal Loss: 0.2019
 MSE Loss R: 0.1047, BCE Loss G: 0.0973
2024-12-03 12:51:55,684 - INFO - Epoch [22/100], Batch [10/12]
 Dt Loss: 0.0256
 Goal Loss: 0.2443
 MSE Loss R: 0.1394, BCE Loss G: 0.1049
2024-12-03 12:51:59,898 - INFO - Epoch [22/100] completed. Average Goal Loss: 0.4111
2024-12-03 12:51:59,898 - INFO - Epoch [22/100] completed. Average Action Loss: 0.0258
2024-12-03 12:51:59,898 - INFO - ===================================================================================
2024-12-03 12:53:01,708 - INFO - Epoch [22/100]
Action Validation Loss: 0.0237 
 Goal Validation Loss: 0.5670 
 MSE R Validation Loss: 0.4589 
 BCE G Validation Loss: 0.1081
2024-12-03 12:53:01,708 - INFO - ===================================================================================
2024-12-03 12:53:01,708 - INFO - Completed in 1h 12m
2024-12-03 12:55:44,335 - INFO - 22 Test Returns: 60.4
2024-12-03 12:55:44,384 - INFO - Model checkpoint saved at training_output/20241203_112912/models/epoch_22.pth
2024-12-03 12:56:11,696 - INFO - Epoch [23/100], Batch [0/12]
 Dt Loss: 0.0259
 Goal Loss: 0.6216
 MSE Loss R: 0.5027, BCE Loss G: 0.1189
2024-12-03 12:56:45,175 - INFO - Epoch [23/100], Batch [10/12]
 Dt Loss: 0.0254
 Goal Loss: 0.2427
 MSE Loss R: 0.1410, BCE Loss G: 0.1017
2024-12-03 12:56:49,262 - INFO - Epoch [23/100] completed. Average Goal Loss: 0.5599
2024-12-03 12:56:49,263 - INFO - Epoch [23/100] completed. Average Action Loss: 0.0255
2024-12-03 12:56:49,263 - INFO - ===================================================================================
2024-12-03 12:57:52,099 - INFO - Epoch [23/100]
Action Validation Loss: 0.0232 
 Goal Validation Loss: 0.5395 
 MSE R Validation Loss: 0.4320 
 BCE G Validation Loss: 0.1075
2024-12-03 12:57:52,099 - INFO - ===================================================================================
2024-12-03 12:57:52,099 - INFO - Completed in 1h 17m
2024-12-03 12:58:14,782 - INFO - Epoch [24/100], Batch [0/12]
 Dt Loss: 0.0252
 Goal Loss: 0.2788
 MSE Loss R: 0.1723, BCE Loss G: 0.1065
2024-12-03 12:58:48,606 - INFO - Epoch [24/100], Batch [10/12]
 Dt Loss: 0.0251
 Goal Loss: 0.2749
 MSE Loss R: 0.1719, BCE Loss G: 0.1030
2024-12-03 12:58:53,132 - INFO - Epoch [24/100] completed. Average Goal Loss: 0.4633
2024-12-03 12:58:53,132 - INFO - Epoch [24/100] completed. Average Action Loss: 0.0251
2024-12-03 12:58:53,132 - INFO - ===================================================================================
2024-12-03 12:59:55,450 - INFO - Epoch [24/100]
Action Validation Loss: 0.0229 
 Goal Validation Loss: 0.5371 
 MSE R Validation Loss: 0.4294 
 BCE G Validation Loss: 0.1076
2024-12-03 12:59:55,451 - INFO - ===================================================================================
2024-12-03 12:59:55,451 - INFO - Completed in 1h 19m
2024-12-03 13:02:35,682 - INFO - 24 Test Returns: 54.8
2024-12-03 13:02:35,701 - INFO - Model checkpoint saved at training_output/20241203_112912/models/epoch_24.pth
2024-12-03 13:02:54,409 - INFO - Epoch [25/100], Batch [0/12]
 Dt Loss: 0.0251
 Goal Loss: 0.2815
 MSE Loss R: 0.1740, BCE Loss G: 0.1075
2024-12-03 13:03:27,775 - INFO - Epoch [25/100], Batch [10/12]
 Dt Loss: 0.0249
 Goal Loss: 0.3519
 MSE Loss R: 0.2341, BCE Loss G: 0.1178
2024-12-03 13:03:32,200 - INFO - Epoch [25/100] completed. Average Goal Loss: 0.5719
2024-12-03 13:03:32,200 - INFO - Epoch [25/100] completed. Average Action Loss: 0.0250
2024-12-03 13:03:32,200 - INFO - ===================================================================================
2024-12-03 13:04:33,911 - INFO - Epoch [25/100]
Action Validation Loss: 0.0227 
 Goal Validation Loss: 0.6086 
 MSE R Validation Loss: 0.5002 
 BCE G Validation Loss: 0.1084
2024-12-03 13:04:33,912 - INFO - ===================================================================================
2024-12-03 13:04:33,912 - INFO - Completed in 1h 23m
2024-12-03 13:04:52,150 - INFO - Epoch [26/100], Batch [0/12]
 Dt Loss: 0.0247
 Goal Loss: 0.5833
 MSE Loss R: 0.4572, BCE Loss G: 0.1261
2024-12-03 13:05:38,463 - INFO - Epoch [26/100], Batch [10/12]
 Dt Loss: 0.0246
 Goal Loss: 0.3909
 MSE Loss R: 0.2813, BCE Loss G: 0.1096
2024-12-03 13:05:42,437 - INFO - Epoch [26/100] completed. Average Goal Loss: 0.5971
2024-12-03 13:05:42,437 - INFO - Epoch [26/100] completed. Average Action Loss: 0.0247
2024-12-03 13:05:42,437 - INFO - ===================================================================================
2024-12-03 13:06:45,070 - INFO - Epoch [26/100]
Action Validation Loss: 0.0224 
 Goal Validation Loss: 0.5691 
 MSE R Validation Loss: 0.4608 
 BCE G Validation Loss: 0.1082
2024-12-03 13:06:45,071 - INFO - ===================================================================================
2024-12-03 13:06:45,071 - INFO - Completed in 1h 26m
2024-12-03 13:09:34,206 - INFO - 26 Test Returns: 55.4
2024-12-03 13:09:34,225 - INFO - Model checkpoint saved at training_output/20241203_112912/models/epoch_26.pth
2024-12-03 13:09:52,313 - INFO - Epoch [27/100], Batch [0/12]
 Dt Loss: 0.0247
 Goal Loss: 0.2853
 MSE Loss R: 0.1773, BCE Loss G: 0.1080
2024-12-03 13:10:28,066 - INFO - Epoch [27/100], Batch [10/12]
 Dt Loss: 0.0245
 Goal Loss: 0.2781
 MSE Loss R: 0.1814, BCE Loss G: 0.0966
2024-12-03 13:10:32,364 - INFO - Epoch [27/100] completed. Average Goal Loss: 0.3492
2024-12-03 13:10:32,364 - INFO - Epoch [27/100] completed. Average Action Loss: 0.0244
2024-12-03 13:10:32,364 - INFO - ===================================================================================
2024-12-03 13:11:35,768 - INFO - Epoch [27/100]
Action Validation Loss: 0.0223 
 Goal Validation Loss: 0.5605 
 MSE R Validation Loss: 0.4516 
 BCE G Validation Loss: 0.1089
2024-12-03 13:11:35,768 - INFO - ===================================================================================
2024-12-03 13:11:35,769 - INFO - Completed in 1h 30m
2024-12-03 13:11:54,055 - INFO - Epoch [28/100], Batch [0/12]
 Dt Loss: 0.0244
 Goal Loss: 1.6076
 MSE Loss R: 1.4668, BCE Loss G: 0.1408
2024-12-03 13:12:27,474 - INFO - Epoch [28/100], Batch [10/12]
 Dt Loss: 0.0235
 Goal Loss: 2.5277
 MSE Loss R: 2.3807, BCE Loss G: 0.1470
2024-12-03 13:12:31,646 - INFO - Epoch [28/100] completed. Average Goal Loss: 0.5353
2024-12-03 13:12:31,646 - INFO - Epoch [28/100] completed. Average Action Loss: 0.0240
2024-12-03 13:12:31,647 - INFO - ===================================================================================
2024-12-03 13:13:35,597 - INFO - Epoch [28/100]
Action Validation Loss: 0.0219 
 Goal Validation Loss: 0.5379 
 MSE R Validation Loss: 0.4298 
 BCE G Validation Loss: 0.1081
2024-12-03 13:13:35,597 - INFO - ===================================================================================
2024-12-03 13:13:35,597 - INFO - Completed in 1h 32m
2024-12-03 13:16:18,805 - INFO - 28 Test Returns: 55.6
2024-12-03 13:16:18,822 - INFO - Model checkpoint saved at training_output/20241203_112912/models/epoch_28.pth
2024-12-03 13:16:36,667 - INFO - Epoch [29/100], Batch [0/12]
 Dt Loss: 0.0239
 Goal Loss: 0.2703
 MSE Loss R: 0.1750, BCE Loss G: 0.0953
2024-12-03 13:17:09,924 - INFO - Epoch [29/100], Batch [10/12]
 Dt Loss: 0.0241
 Goal Loss: 0.3272
 MSE Loss R: 0.2135, BCE Loss G: 0.1137
2024-12-03 13:17:14,087 - INFO - Epoch [29/100] completed. Average Goal Loss: 0.4555
2024-12-03 13:17:14,087 - INFO - Epoch [29/100] completed. Average Action Loss: 0.0239
2024-12-03 13:17:14,087 - INFO - ===================================================================================
2024-12-03 13:18:16,645 - INFO - Epoch [29/100]
Action Validation Loss: 0.0217 
 Goal Validation Loss: 0.5816 
 MSE R Validation Loss: 0.4736 
 BCE G Validation Loss: 0.1080
2024-12-03 13:18:16,645 - INFO - ===================================================================================
2024-12-03 13:18:16,645 - INFO - Completed in 1h 37m
2024-12-03 13:18:34,320 - INFO - Epoch [30/100], Batch [0/12]
 Dt Loss: 0.0240
 Goal Loss: 0.5013
 MSE Loss R: 0.4053, BCE Loss G: 0.0961
2024-12-03 13:19:07,284 - INFO - Epoch [30/100], Batch [10/12]
 Dt Loss: 0.0233
 Goal Loss: 0.2612
 MSE Loss R: 0.1567, BCE Loss G: 0.1045
2024-12-03 13:19:11,389 - INFO - Epoch [30/100] completed. Average Goal Loss: 0.3283
2024-12-03 13:19:11,389 - INFO - Epoch [30/100] completed. Average Action Loss: 0.0235
2024-12-03 13:19:11,390 - INFO - ===================================================================================
2024-12-03 13:20:14,441 - INFO - Epoch [30/100]
Action Validation Loss: 0.0214 
 Goal Validation Loss: 0.5816 
 MSE R Validation Loss: 0.4735 
 BCE G Validation Loss: 0.1081
2024-12-03 13:20:14,441 - INFO - ===================================================================================
2024-12-03 13:20:14,441 - INFO - Completed in 1h 39m
2024-12-03 13:23:00,318 - INFO - 30 Test Returns: 55.4
2024-12-03 13:23:00,336 - INFO - Model checkpoint saved at training_output/20241203_112912/models/epoch_30.pth
2024-12-03 13:23:17,834 - INFO - Epoch [31/100], Batch [0/12]
 Dt Loss: 0.0231
 Goal Loss: 0.2063
 MSE Loss R: 0.1060, BCE Loss G: 0.1003
2024-12-03 13:23:52,786 - INFO - Epoch [31/100], Batch [10/12]
 Dt Loss: 0.0235
 Goal Loss: 0.3213
 MSE Loss R: 0.2159, BCE Loss G: 0.1054
2024-12-03 13:23:56,956 - INFO - Epoch [31/100] completed. Average Goal Loss: 0.5957
2024-12-03 13:23:56,956 - INFO - Epoch [31/100] completed. Average Action Loss: 0.0234
2024-12-03 13:23:56,956 - INFO - ===================================================================================
2024-12-03 13:24:59,957 - INFO - Epoch [31/100]
Action Validation Loss: 0.0211 
 Goal Validation Loss: 0.5366 
 MSE R Validation Loss: 0.4290 
 BCE G Validation Loss: 0.1076
2024-12-03 13:24:59,957 - INFO - ===================================================================================
2024-12-03 13:24:59,958 - INFO - Completed in 1h 44m
2024-12-03 13:25:19,905 - INFO - Epoch [32/100], Batch [0/12]
 Dt Loss: 0.0231
 Goal Loss: 0.2659
 MSE Loss R: 0.1604, BCE Loss G: 0.1055
2024-12-03 13:26:20,827 - INFO - Epoch [32/100], Batch [10/12]
 Dt Loss: 0.0231
 Goal Loss: 0.2665
 MSE Loss R: 0.1608, BCE Loss G: 0.1057
2024-12-03 13:26:25,187 - INFO - Epoch [32/100] completed. Average Goal Loss: 0.5148
2024-12-03 13:26:25,187 - INFO - Epoch [32/100] completed. Average Action Loss: 0.0231
2024-12-03 13:26:25,187 - INFO - ===================================================================================
2024-12-03 13:27:31,041 - INFO - Epoch [32/100]
Action Validation Loss: 0.0210 
 Goal Validation Loss: 0.5389 
 MSE R Validation Loss: 0.4312 
 BCE G Validation Loss: 0.1077
2024-12-03 13:27:31,041 - INFO - ===================================================================================
2024-12-03 13:27:31,052 - INFO - Completed in 1h 46m
2024-12-03 13:30:13,993 - INFO - 32 Test Returns: 56.0
2024-12-03 13:30:14,774 - INFO - Model checkpoint saved at training_output/20241203_112912/models/epoch_32.pth
2024-12-03 13:30:43,554 - INFO - Epoch [33/100], Batch [0/12]
 Dt Loss: 0.0229
 Goal Loss: 0.3493
 MSE Loss R: 0.2384, BCE Loss G: 0.1108
2024-12-03 13:31:42,203 - INFO - Epoch [33/100], Batch [10/12]
 Dt Loss: 0.0229
 Goal Loss: 0.2412
 MSE Loss R: 0.1374, BCE Loss G: 0.1038
2024-12-03 13:31:46,745 - INFO - Epoch [33/100] completed. Average Goal Loss: 0.3192
2024-12-03 13:31:46,745 - INFO - Epoch [33/100] completed. Average Action Loss: 0.0228
2024-12-03 13:31:46,745 - INFO - ===================================================================================
2024-12-03 13:32:48,932 - INFO - Epoch [33/100]
Action Validation Loss: 0.0207 
 Goal Validation Loss: 0.5558 
 MSE R Validation Loss: 0.4480 
 BCE G Validation Loss: 0.1078
2024-12-03 13:32:48,932 - INFO - ===================================================================================
2024-12-03 13:32:49,042 - INFO - Completed in 1h 52m
2024-12-03 13:33:13,660 - INFO - Epoch [34/100], Batch [0/12]
 Dt Loss: 0.0231
 Goal Loss: 0.2141
 MSE Loss R: 0.1232, BCE Loss G: 0.0910
2024-12-03 13:34:08,801 - INFO - Epoch [34/100], Batch [10/12]
 Dt Loss: 0.0225
 Goal Loss: 0.2919
 MSE Loss R: 0.1841, BCE Loss G: 0.1078
2024-12-03 13:34:12,960 - INFO - Epoch [34/100] completed. Average Goal Loss: 0.5556
2024-12-03 13:34:12,960 - INFO - Epoch [34/100] completed. Average Action Loss: 0.0225
2024-12-03 13:34:12,960 - INFO - ===================================================================================
2024-12-03 13:35:17,814 - INFO - Epoch [34/100]
Action Validation Loss: 0.0202 
 Goal Validation Loss: 0.5355 
 MSE R Validation Loss: 0.4276 
 BCE G Validation Loss: 0.1079
2024-12-03 13:35:17,814 - INFO - ===================================================================================
2024-12-03 13:35:17,815 - INFO - Completed in 1h 54m
2024-12-03 13:37:59,026 - INFO - 34 Test Returns: 55.0
2024-12-03 13:37:59,066 - INFO - Model checkpoint saved at training_output/20241203_112912/models/epoch_34.pth
2024-12-03 13:38:17,558 - INFO - Epoch [35/100], Batch [0/12]
 Dt Loss: 0.0224
 Goal Loss: 0.2993
 MSE Loss R: 0.1901, BCE Loss G: 0.1092
2024-12-03 13:38:52,612 - INFO - Epoch [35/100], Batch [10/12]
 Dt Loss: 0.0220
 Goal Loss: 0.3357
 MSE Loss R: 0.2262, BCE Loss G: 0.1095
2024-12-03 13:38:56,771 - INFO - Epoch [35/100] completed. Average Goal Loss: 0.3372
2024-12-03 13:38:56,771 - INFO - Epoch [35/100] completed. Average Action Loss: 0.0223
2024-12-03 13:38:56,771 - INFO - ===================================================================================
2024-12-03 13:40:02,298 - INFO - Epoch [35/100]
Action Validation Loss: 0.0201 
 Goal Validation Loss: 0.5411 
 MSE R Validation Loss: 0.4338 
 BCE G Validation Loss: 0.1074
2024-12-03 13:40:02,299 - INFO - ===================================================================================
2024-12-03 13:40:02,299 - INFO - Completed in 1h 59m
2024-12-03 13:40:19,447 - INFO - Epoch [36/100], Batch [0/12]
 Dt Loss: 0.0221
 Goal Loss: 0.5664
 MSE Loss R: 0.4487, BCE Loss G: 0.1176
2024-12-03 13:40:53,954 - INFO - Epoch [36/100], Batch [10/12]
 Dt Loss: 0.0222
 Goal Loss: 0.7240
 MSE Loss R: 0.6031, BCE Loss G: 0.1209
2024-12-03 13:40:57,932 - INFO - Epoch [36/100] completed. Average Goal Loss: 0.4498
2024-12-03 13:40:57,932 - INFO - Epoch [36/100] completed. Average Action Loss: 0.0220
2024-12-03 13:40:57,932 - INFO - ===================================================================================
2024-12-03 13:42:02,447 - INFO - Epoch [36/100]
Action Validation Loss: 0.0198 
 Goal Validation Loss: 0.5433 
 MSE R Validation Loss: 0.4340 
 BCE G Validation Loss: 0.1093
2024-12-03 13:42:02,448 - INFO - ===================================================================================
2024-12-03 13:42:02,448 - INFO - Completed in 2h 1m
2024-12-03 13:44:41,094 - INFO - 36 Test Returns: 57.6
2024-12-03 13:44:41,113 - INFO - Model checkpoint saved at training_output/20241203_112912/models/epoch_36.pth
2024-12-03 13:44:59,470 - INFO - Epoch [37/100], Batch [0/12]
 Dt Loss: 0.0219
 Goal Loss: 0.8323
 MSE Loss R: 0.7083, BCE Loss G: 0.1240
2024-12-03 13:45:39,490 - INFO - Epoch [37/100], Batch [10/12]
 Dt Loss: 0.0214
 Goal Loss: 0.7756
 MSE Loss R: 0.6515, BCE Loss G: 0.1241
2024-12-03 13:45:43,776 - INFO - Epoch [37/100] completed. Average Goal Loss: 0.5414
2024-12-03 13:45:43,777 - INFO - Epoch [37/100] completed. Average Action Loss: 0.0218
2024-12-03 13:45:43,777 - INFO - ===================================================================================
2024-12-03 13:46:47,670 - INFO - Epoch [37/100]
Action Validation Loss: 0.0196 
 Goal Validation Loss: 0.5476 
 MSE R Validation Loss: 0.4401 
 BCE G Validation Loss: 0.1075
2024-12-03 13:46:47,670 - INFO - ===================================================================================
2024-12-03 13:46:47,671 - INFO - Completed in 2h 6m
2024-12-03 13:47:05,828 - INFO - Epoch [38/100], Batch [0/12]
 Dt Loss: 0.0215
 Goal Loss: 0.3067
 MSE Loss R: 0.2069, BCE Loss G: 0.0999
2024-12-03 13:47:42,036 - INFO - Epoch [38/100], Batch [10/12]
 Dt Loss: 0.0213
 Goal Loss: 0.3128
 MSE Loss R: 0.2059, BCE Loss G: 0.1068
2024-12-03 13:47:46,776 - INFO - Epoch [38/100] completed. Average Goal Loss: 0.3117
2024-12-03 13:47:46,776 - INFO - Epoch [38/100] completed. Average Action Loss: 0.0215
2024-12-03 13:47:46,776 - INFO - ===================================================================================
2024-12-03 13:48:51,551 - INFO - Epoch [38/100]
Action Validation Loss: 0.0195 
 Goal Validation Loss: 0.5413 
 MSE R Validation Loss: 0.4331 
 BCE G Validation Loss: 0.1082
2024-12-03 13:48:51,552 - INFO - ===================================================================================
2024-12-03 13:48:51,552 - INFO - Completed in 2h 8m
2024-12-03 13:51:33,609 - INFO - 38 Test Returns: 54.2
2024-12-03 13:51:33,627 - INFO - Model checkpoint saved at training_output/20241203_112912/models/epoch_38.pth
2024-12-03 13:51:52,094 - INFO - Epoch [39/100], Batch [0/12]
 Dt Loss: 0.0216
 Goal Loss: 0.2494
 MSE Loss R: 0.1470, BCE Loss G: 0.1024
2024-12-03 13:52:25,362 - INFO - Epoch [39/100], Batch [10/12]
 Dt Loss: 0.0211
 Goal Loss: 0.2773
 MSE Loss R: 0.1816, BCE Loss G: 0.0956
2024-12-03 13:52:29,724 - INFO - Epoch [39/100] completed. Average Goal Loss: 0.4309
2024-12-03 13:52:29,724 - INFO - Epoch [39/100] completed. Average Action Loss: 0.0213
2024-12-03 13:52:29,724 - INFO - ===================================================================================
2024-12-03 13:53:31,434 - INFO - Epoch [39/100]
Action Validation Loss: 0.0193 
 Goal Validation Loss: 0.5577 
 MSE R Validation Loss: 0.4497 
 BCE G Validation Loss: 0.1079
2024-12-03 13:53:31,435 - INFO - ===================================================================================
2024-12-03 13:53:31,435 - INFO - Completed in 2h 12m
2024-12-03 13:53:49,321 - INFO - Epoch [40/100], Batch [0/12]
 Dt Loss: 0.0215
 Goal Loss: 0.2022
 MSE Loss R: 0.1094, BCE Loss G: 0.0928
2024-12-03 13:54:34,235 - INFO - Epoch [40/100], Batch [10/12]
 Dt Loss: 0.0209
 Goal Loss: 0.7622
 MSE Loss R: 0.6369, BCE Loss G: 0.1253
2024-12-03 13:54:38,578 - INFO - Epoch [40/100] completed. Average Goal Loss: 0.5293
2024-12-03 13:54:38,578 - INFO - Epoch [40/100] completed. Average Action Loss: 0.0211
2024-12-03 13:54:38,579 - INFO - ===================================================================================
2024-12-03 13:55:45,597 - INFO - Epoch [40/100]
Action Validation Loss: 0.0191 
 Goal Validation Loss: 0.5529 
 MSE R Validation Loss: 0.4451 
 BCE G Validation Loss: 0.1078
2024-12-03 13:55:45,597 - INFO - ===================================================================================
2024-12-03 13:55:45,598 - INFO - Completed in 2h 15m
2024-12-03 13:58:24,255 - INFO - 40 Test Returns: 57.6
2024-12-03 13:58:24,282 - INFO - Model checkpoint saved at training_output/20241203_112912/models/epoch_40.pth
2024-12-03 13:58:42,886 - INFO - Epoch [41/100], Batch [0/12]
 Dt Loss: 0.0212
 Goal Loss: 0.2882
 MSE Loss R: 0.1858, BCE Loss G: 0.1023
2024-12-03 13:59:16,505 - INFO - Epoch [41/100], Batch [10/12]
 Dt Loss: 0.0207
 Goal Loss: 0.7202
 MSE Loss R: 0.5988, BCE Loss G: 0.1214
2024-12-03 13:59:20,895 - INFO - Epoch [41/100] completed. Average Goal Loss: 0.4256
2024-12-03 13:59:20,900 - INFO - Epoch [41/100] completed. Average Action Loss: 0.0209
2024-12-03 13:59:20,900 - INFO - ===================================================================================
2024-12-03 14:00:26,500 - INFO - Epoch [41/100]
Action Validation Loss: 0.0189 
 Goal Validation Loss: 0.5467 
 MSE R Validation Loss: 0.4395 
 BCE G Validation Loss: 0.1073
2024-12-03 14:00:26,500 - INFO - ===================================================================================
2024-12-03 14:00:26,501 - INFO - Completed in 2h 19m
2024-12-03 14:00:44,598 - INFO - Epoch [42/100], Batch [0/12]
 Dt Loss: 0.0209
 Goal Loss: 0.2418
 MSE Loss R: 0.1388, BCE Loss G: 0.1030
2024-12-03 14:01:19,359 - INFO - Epoch [42/100], Batch [10/12]
 Dt Loss: 0.0208
 Goal Loss: 0.2419
 MSE Loss R: 0.1388, BCE Loss G: 0.1031
2024-12-03 14:01:23,744 - INFO - Epoch [42/100] completed. Average Goal Loss: 0.3374
2024-12-03 14:01:23,745 - INFO - Epoch [42/100] completed. Average Action Loss: 0.0206
2024-12-03 14:01:23,745 - INFO - ===================================================================================
2024-12-03 14:02:30,486 - INFO - Epoch [42/100]
Action Validation Loss: 0.0186 
 Goal Validation Loss: 0.5445 
 MSE R Validation Loss: 0.4365 
 BCE G Validation Loss: 0.1080
2024-12-03 14:02:30,486 - INFO - ===================================================================================
2024-12-03 14:02:30,487 - INFO - Completed in 2h 21m
2024-12-03 14:05:12,288 - INFO - 42 Test Returns: 52.6
2024-12-03 14:05:12,307 - INFO - Model checkpoint saved at training_output/20241203_112912/models/epoch_42.pth
2024-12-03 14:05:30,733 - INFO - Epoch [43/100], Batch [0/12]
 Dt Loss: 0.0207
 Goal Loss: 0.2592
 MSE Loss R: 0.1598, BCE Loss G: 0.0994
2024-12-03 14:06:03,897 - INFO - Epoch [43/100], Batch [10/12]
 Dt Loss: 0.0204
 Goal Loss: 0.2637
 MSE Loss R: 0.1581, BCE Loss G: 0.1056
2024-12-03 14:06:08,376 - INFO - Epoch [43/100] completed. Average Goal Loss: 0.4372
2024-12-03 14:06:08,376 - INFO - Epoch [43/100] completed. Average Action Loss: 0.0205
2024-12-03 14:06:08,376 - INFO - ===================================================================================
2024-12-03 14:07:12,175 - INFO - Epoch [43/100]
Action Validation Loss: 0.0183 
 Goal Validation Loss: 0.5372 
 MSE R Validation Loss: 0.4298 
 BCE G Validation Loss: 0.1073
2024-12-03 14:07:12,175 - INFO - ===================================================================================
2024-12-03 14:07:12,176 - INFO - Completed in 2h 26m
2024-12-03 14:07:30,840 - INFO - Epoch [44/100], Batch [0/12]
 Dt Loss: 0.0200
 Goal Loss: 0.3069
 MSE Loss R: 0.2150, BCE Loss G: 0.0919
2024-12-03 14:08:10,402 - INFO - Epoch [44/100], Batch [10/12]
 Dt Loss: 0.0200
 Goal Loss: 0.3454
 MSE Loss R: 0.2366, BCE Loss G: 0.1088
2024-12-03 14:08:14,718 - INFO - Epoch [44/100] completed. Average Goal Loss: 0.4065
2024-12-03 14:08:14,718 - INFO - Epoch [44/100] completed. Average Action Loss: 0.0202
2024-12-03 14:08:14,718 - INFO - ===================================================================================
2024-12-03 14:09:21,250 - INFO - Epoch [44/100]
Action Validation Loss: 0.0182 
 Goal Validation Loss: 0.5432 
 MSE R Validation Loss: 0.4358 
 BCE G Validation Loss: 0.1074
2024-12-03 14:09:21,251 - INFO - ===================================================================================
2024-12-03 14:09:21,251 - INFO - Completed in 2h 28m
2024-12-03 14:12:02,250 - INFO - 44 Test Returns: 58.2
2024-12-03 14:12:02,268 - INFO - Model checkpoint saved at training_output/20241203_112912/models/epoch_44.pth
2024-12-03 14:12:20,718 - INFO - Epoch [45/100], Batch [0/12]
 Dt Loss: 0.0202
 Goal Loss: 0.2614
 MSE Loss R: 0.1695, BCE Loss G: 0.0919
2024-12-03 14:12:57,077 - INFO - Epoch [45/100], Batch [10/12]
 Dt Loss: 0.0201
 Goal Loss: 0.2966
 MSE Loss R: 0.1862, BCE Loss G: 0.1104
2024-12-03 14:13:01,623 - INFO - Epoch [45/100] completed. Average Goal Loss: 0.4712
2024-12-03 14:13:01,626 - INFO - Epoch [45/100] completed. Average Action Loss: 0.0201
2024-12-03 14:13:01,626 - INFO - ===================================================================================
2024-12-03 14:14:05,420 - INFO - Epoch [45/100]
Action Validation Loss: 0.0181 
 Goal Validation Loss: 0.5793 
 MSE R Validation Loss: 0.4707 
 BCE G Validation Loss: 0.1086
2024-12-03 14:14:05,420 - INFO - ===================================================================================
2024-12-03 14:14:05,421 - INFO - Completed in 2h 33m
2024-12-03 14:14:22,873 - INFO - Epoch [46/100], Batch [0/12]
 Dt Loss: 0.0200
 Goal Loss: 0.5973
 MSE Loss R: 0.5031, BCE Loss G: 0.0941
2024-12-03 14:14:56,545 - INFO - Epoch [46/100], Batch [10/12]
 Dt Loss: 0.0199
 Goal Loss: 0.2033
 MSE Loss R: 0.1104, BCE Loss G: 0.0928
2024-12-03 14:15:00,836 - INFO - Epoch [46/100] completed. Average Goal Loss: 0.3055
2024-12-03 14:15:00,836 - INFO - Epoch [46/100] completed. Average Action Loss: 0.0199
2024-12-03 14:15:00,836 - INFO - ===================================================================================
2024-12-03 14:16:04,997 - INFO - Epoch [46/100]
Action Validation Loss: 0.0180 
 Goal Validation Loss: 0.5999 
 MSE R Validation Loss: 0.4916 
 BCE G Validation Loss: 0.1083
2024-12-03 14:16:04,997 - INFO - ===================================================================================
2024-12-03 14:16:04,998 - INFO - Completed in 2h 35m
2024-12-03 14:18:43,601 - INFO - 46 Test Returns: 58.0
2024-12-03 14:18:43,620 - INFO - Model checkpoint saved at training_output/20241203_112912/models/epoch_46.pth
2024-12-03 14:19:02,567 - INFO - Epoch [47/100], Batch [0/12]
 Dt Loss: 0.0199
 Goal Loss: 0.4000
 MSE Loss R: 0.2893, BCE Loss G: 0.1107
2024-12-03 14:19:37,727 - INFO - Epoch [47/100], Batch [10/12]
 Dt Loss: 0.0196
 Goal Loss: 1.6244
 MSE Loss R: 1.4884, BCE Loss G: 0.1360
2024-12-03 14:19:41,837 - INFO - Epoch [47/100] completed. Average Goal Loss: 0.6676
2024-12-03 14:19:41,837 - INFO - Epoch [47/100] completed. Average Action Loss: 0.0196
2024-12-03 14:19:41,837 - INFO - ===================================================================================
2024-12-03 14:20:45,921 - INFO - Epoch [47/100]
Action Validation Loss: 0.0176 
 Goal Validation Loss: 0.6240 
 MSE R Validation Loss: 0.5146 
 BCE G Validation Loss: 0.1093
2024-12-03 14:20:45,921 - INFO - ===================================================================================
2024-12-03 14:20:45,922 - INFO - Completed in 2h 40m
2024-12-03 14:21:02,893 - INFO - Epoch [48/100], Batch [0/12]
 Dt Loss: 0.0198
 Goal Loss: 0.3816
 MSE Loss R: 0.2763, BCE Loss G: 0.1052
2024-12-03 14:21:46,606 - INFO - Epoch [48/100], Batch [10/12]
 Dt Loss: 0.0196
 Goal Loss: 0.2351
 MSE Loss R: 0.1391, BCE Loss G: 0.0959
2024-12-03 14:21:50,599 - INFO - Epoch [48/100] completed. Average Goal Loss: 0.3940
2024-12-03 14:21:50,602 - INFO - Epoch [48/100] completed. Average Action Loss: 0.0196
2024-12-03 14:21:50,603 - INFO - ===================================================================================
2024-12-03 14:22:54,364 - INFO - Epoch [48/100]
Action Validation Loss: 0.0175 
 Goal Validation Loss: 0.5656 
 MSE R Validation Loss: 0.4577 
 BCE G Validation Loss: 0.1079
2024-12-03 14:22:54,365 - INFO - ===================================================================================
2024-12-03 14:22:54,365 - INFO - Completed in 2h 42m
2024-12-03 14:25:56,410 - INFO - 48 Test Returns: 60.2
2024-12-03 14:25:56,429 - INFO - Model checkpoint saved at training_output/20241203_112912/models/epoch_48.pth
2024-12-03 14:26:14,843 - INFO - Epoch [49/100], Batch [0/12]
 Dt Loss: 0.0192
 Goal Loss: 0.1962
 MSE Loss R: 0.1008, BCE Loss G: 0.0953
2024-12-03 14:26:56,870 - INFO - Epoch [49/100], Batch [10/12]
 Dt Loss: 0.0190
 Goal Loss: 0.3435
 MSE Loss R: 0.2299, BCE Loss G: 0.1136
2024-12-03 14:27:01,119 - INFO - Epoch [49/100] completed. Average Goal Loss: 0.7912
2024-12-03 14:27:01,119 - INFO - Epoch [49/100] completed. Average Action Loss: 0.0193
2024-12-03 14:27:01,119 - INFO - ===================================================================================
2024-12-03 14:28:04,512 - INFO - Epoch [49/100]
Action Validation Loss: 0.0172 
 Goal Validation Loss: 0.5736 
 MSE R Validation Loss: 0.4659 
 BCE G Validation Loss: 0.1077
2024-12-03 14:28:04,513 - INFO - ===================================================================================
2024-12-03 14:28:04,513 - INFO - Completed in 2h 47m
2024-12-03 14:28:22,793 - INFO - Epoch [50/100], Batch [0/12]
 Dt Loss: 0.0193
 Goal Loss: 0.4446
 MSE Loss R: 0.3257, BCE Loss G: 0.1189
2024-12-03 14:29:02,028 - INFO - Epoch [50/100], Batch [10/12]
 Dt Loss: 0.0191
 Goal Loss: 0.2919
 MSE Loss R: 0.1842, BCE Loss G: 0.1078
2024-12-03 14:29:06,512 - INFO - Epoch [50/100] completed. Average Goal Loss: 0.3750
2024-12-03 14:29:06,513 - INFO - Epoch [50/100] completed. Average Action Loss: 0.0192
2024-12-03 14:29:06,513 - INFO - ===================================================================================
2024-12-03 14:30:10,629 - INFO - Epoch [50/100]
Action Validation Loss: 0.0173 
 Goal Validation Loss: 0.5363 
 MSE R Validation Loss: 0.4290 
 BCE G Validation Loss: 0.1073
2024-12-03 14:30:10,629 - INFO - ===================================================================================
2024-12-03 14:30:10,629 - INFO - Completed in 2h 49m
2024-12-03 14:32:53,227 - INFO - 50 Test Returns: 54.0
2024-12-03 14:32:53,245 - INFO - Model checkpoint saved at training_output/20241203_112912/models/epoch_50.pth
2024-12-03 14:33:11,562 - INFO - Epoch [51/100], Batch [0/12]
 Dt Loss: 0.0191
 Goal Loss: 0.2589
 MSE Loss R: 0.1630, BCE Loss G: 0.0958
2024-12-03 14:33:44,941 - INFO - Epoch [51/100], Batch [10/12]
 Dt Loss: 0.0189
 Goal Loss: 0.3226
 MSE Loss R: 0.2109, BCE Loss G: 0.1117
2024-12-03 14:33:49,009 - INFO - Epoch [51/100] completed. Average Goal Loss: 0.4405
2024-12-03 14:33:49,009 - INFO - Epoch [51/100] completed. Average Action Loss: 0.0191
2024-12-03 14:33:49,009 - INFO - ===================================================================================
2024-12-03 14:34:52,793 - INFO - Epoch [51/100]
Action Validation Loss: 0.0170 
 Goal Validation Loss: 0.5539 
 MSE R Validation Loss: 0.4460 
 BCE G Validation Loss: 0.1079
2024-12-03 14:34:52,793 - INFO - ===================================================================================
2024-12-03 14:34:52,793 - INFO - Completed in 2h 54m
2024-12-03 14:35:10,165 - INFO - Epoch [52/100], Batch [0/12]
 Dt Loss: 0.0192
 Goal Loss: 0.4128
 MSE Loss R: 0.2961, BCE Loss G: 0.1166
2024-12-03 14:35:44,021 - INFO - Epoch [52/100], Batch [10/12]
 Dt Loss: 0.0189
 Goal Loss: 0.4619
 MSE Loss R: 0.3503, BCE Loss G: 0.1116
2024-12-03 14:35:48,783 - INFO - Epoch [52/100] completed. Average Goal Loss: 0.2686
2024-12-03 14:35:48,783 - INFO - Epoch [52/100] completed. Average Action Loss: 0.0188
2024-12-03 14:35:48,783 - INFO - ===================================================================================
2024-12-03 14:36:52,463 - INFO - Epoch [52/100]
Action Validation Loss: 0.0171 
 Goal Validation Loss: 0.6138 
 MSE R Validation Loss: 0.5066 
 BCE G Validation Loss: 0.1072
2024-12-03 14:36:52,463 - INFO - ===================================================================================
2024-12-03 14:36:52,464 - INFO - Completed in 2h 56m
2024-12-03 14:39:43,858 - INFO - 52 Test Returns: 57.6
2024-12-03 14:39:43,877 - INFO - Model checkpoint saved at training_output/20241203_112912/models/epoch_52.pth
2024-12-03 14:40:01,618 - INFO - Epoch [53/100], Batch [0/12]
 Dt Loss: 0.0192
 Goal Loss: 0.2657
 MSE Loss R: 0.1619, BCE Loss G: 0.1038
2024-12-03 14:40:36,808 - INFO - Epoch [53/100], Batch [10/12]
 Dt Loss: 0.0188
 Goal Loss: 0.4025
 MSE Loss R: 0.2923, BCE Loss G: 0.1102
2024-12-03 14:40:41,378 - INFO - Epoch [53/100] completed. Average Goal Loss: 0.4002
2024-12-03 14:40:41,379 - INFO - Epoch [53/100] completed. Average Action Loss: 0.0187
2024-12-03 14:40:41,379 - INFO - ===================================================================================
2024-12-03 14:41:43,756 - INFO - Epoch [53/100]
Action Validation Loss: 0.0167 
 Goal Validation Loss: 0.5526 
 MSE R Validation Loss: 0.4453 
 BCE G Validation Loss: 0.1073
2024-12-03 14:41:43,756 - INFO - ===================================================================================
2024-12-03 14:41:43,757 - INFO - Completed in 3h 1m
2024-12-03 14:42:01,121 - INFO - Epoch [54/100], Batch [0/12]
 Dt Loss: 0.0189
 Goal Loss: 0.2392
 MSE Loss R: 0.1497, BCE Loss G: 0.0895
2024-12-03 14:42:35,229 - INFO - Epoch [54/100], Batch [10/12]
 Dt Loss: 0.0184
 Goal Loss: 0.2574
 MSE Loss R: 0.1538, BCE Loss G: 0.1036
2024-12-03 14:42:39,901 - INFO - Epoch [54/100] completed. Average Goal Loss: 0.4158
2024-12-03 14:42:39,902 - INFO - Epoch [54/100] completed. Average Action Loss: 0.0186
2024-12-03 14:42:39,902 - INFO - ===================================================================================
2024-12-03 14:43:43,102 - INFO - Epoch [54/100]
Action Validation Loss: 0.0166 
 Goal Validation Loss: 0.5388 
 MSE R Validation Loss: 0.4312 
 BCE G Validation Loss: 0.1076
2024-12-03 14:43:43,103 - INFO - ===================================================================================
2024-12-03 14:43:43,103 - INFO - Completed in 3h 3m
2024-12-03 14:46:19,653 - INFO - 54 Test Returns: 62.4
2024-12-03 14:46:19,701 - INFO - Model checkpoint saved at training_output/20241203_112912/models/epoch_54.pth
2024-12-03 14:46:37,889 - INFO - Epoch [55/100], Batch [0/12]
 Dt Loss: 0.0182
 Goal Loss: 0.2648
 MSE Loss R: 0.1754, BCE Loss G: 0.0893
2024-12-03 14:47:12,889 - INFO - Epoch [55/100], Batch [10/12]
 Dt Loss: 0.0184
 Goal Loss: 1.8066
 MSE Loss R: 1.6671, BCE Loss G: 0.1395
2024-12-03 14:47:17,196 - INFO - Epoch [55/100] completed. Average Goal Loss: 0.4848
2024-12-03 14:47:17,196 - INFO - Epoch [55/100] completed. Average Action Loss: 0.0184
2024-12-03 14:47:17,196 - INFO - ===================================================================================
2024-12-03 14:48:20,064 - INFO - Epoch [55/100]
Action Validation Loss: 0.0165 
 Goal Validation Loss: 0.5460 
 MSE R Validation Loss: 0.4324 
 BCE G Validation Loss: 0.1136
2024-12-03 14:48:20,065 - INFO - ===================================================================================
2024-12-03 14:48:20,065 - INFO - Completed in 3h 7m
2024-12-03 14:48:37,910 - INFO - Epoch [56/100], Batch [0/12]
 Dt Loss: 0.0183
 Goal Loss: 0.4406
 MSE Loss R: 0.3419, BCE Loss G: 0.0987
2024-12-03 14:49:12,276 - INFO - Epoch [56/100], Batch [10/12]
 Dt Loss: 0.0181
 Goal Loss: 0.2477
 MSE Loss R: 0.1481, BCE Loss G: 0.0995
2024-12-03 14:49:16,954 - INFO - Epoch [56/100] completed. Average Goal Loss: 0.4462
2024-12-03 14:49:16,954 - INFO - Epoch [56/100] completed. Average Action Loss: 0.0183
2024-12-03 14:49:16,955 - INFO - ===================================================================================
2024-12-03 14:50:22,542 - INFO - Epoch [56/100]
Action Validation Loss: 0.0163 
 Goal Validation Loss: 0.5386 
 MSE R Validation Loss: 0.4313 
 BCE G Validation Loss: 0.1073
2024-12-03 14:50:22,542 - INFO - ===================================================================================
2024-12-03 14:50:22,542 - INFO - Completed in 3h 9m
2024-12-03 14:53:00,051 - INFO - 56 Test Returns: 61.0
2024-12-03 14:53:00,069 - INFO - Model checkpoint saved at training_output/20241203_112912/models/epoch_56.pth
2024-12-03 14:53:17,588 - INFO - Epoch [57/100], Batch [0/12]
 Dt Loss: 0.0181
 Goal Loss: 0.2849
 MSE Loss R: 0.1779, BCE Loss G: 0.1070
2024-12-03 14:53:50,869 - INFO - Epoch [57/100], Batch [10/12]
 Dt Loss: 0.0182
 Goal Loss: 1.5313
 MSE Loss R: 1.3920, BCE Loss G: 0.1393
2024-12-03 14:53:54,915 - INFO - Epoch [57/100] completed. Average Goal Loss: 0.5096
2024-12-03 14:53:54,915 - INFO - Epoch [57/100] completed. Average Action Loss: 0.0182
2024-12-03 14:53:54,915 - INFO - ===================================================================================
2024-12-03 14:54:59,435 - INFO - Epoch [57/100]
Action Validation Loss: 0.0163 
 Goal Validation Loss: 0.5774 
 MSE R Validation Loss: 0.4686 
 BCE G Validation Loss: 0.1088
2024-12-03 14:54:59,436 - INFO - ===================================================================================
2024-12-03 14:54:59,436 - INFO - Completed in 3h 14m
2024-12-03 14:55:17,332 - INFO - Epoch [58/100], Batch [0/12]
 Dt Loss: 0.0181
 Goal Loss: 1.3406
 MSE Loss R: 1.2014, BCE Loss G: 0.1392
2024-12-03 14:55:52,591 - INFO - Epoch [58/100], Batch [10/12]
 Dt Loss: 0.0181
 Goal Loss: 0.2447
 MSE Loss R: 0.1545, BCE Loss G: 0.0902
2024-12-03 14:55:57,094 - INFO - Epoch [58/100] completed. Average Goal Loss: 0.5772
2024-12-03 14:55:57,095 - INFO - Epoch [58/100] completed. Average Action Loss: 0.0180
2024-12-03 14:55:57,095 - INFO - ===================================================================================
2024-12-03 14:57:01,672 - INFO - Epoch [58/100]
Action Validation Loss: 0.0161 
 Goal Validation Loss: 0.5701 
 MSE R Validation Loss: 0.4624 
 BCE G Validation Loss: 0.1077
2024-12-03 14:57:01,672 - INFO - ===================================================================================
2024-12-03 14:57:01,672 - INFO - Completed in 3h 16m
2024-12-03 14:59:37,322 - INFO - 58 Test Returns: 59.8
2024-12-03 14:59:37,366 - INFO - Model checkpoint saved at training_output/20241203_112912/models/epoch_58.pth
2024-12-03 14:59:55,533 - INFO - Epoch [59/100], Batch [0/12]
 Dt Loss: 0.0181
 Goal Loss: 0.2034
 MSE Loss R: 0.1130, BCE Loss G: 0.0904
2024-12-03 15:00:30,556 - INFO - Epoch [59/100], Batch [10/12]
 Dt Loss: 0.0180
 Goal Loss: 0.3238
 MSE Loss R: 0.2289, BCE Loss G: 0.0949
2024-12-03 15:00:34,762 - INFO - Epoch [59/100] completed. Average Goal Loss: 0.6062
2024-12-03 15:00:34,763 - INFO - Epoch [59/100] completed. Average Action Loss: 0.0180
2024-12-03 15:00:34,763 - INFO - ===================================================================================
2024-12-03 15:01:40,255 - INFO - Epoch [59/100]
Action Validation Loss: 0.0160 
 Goal Validation Loss: 0.5430 
 MSE R Validation Loss: 0.4356 
 BCE G Validation Loss: 0.1074
2024-12-03 15:01:40,255 - INFO - ===================================================================================
2024-12-03 15:01:40,255 - INFO - Completed in 3h 20m
2024-12-03 15:01:58,631 - INFO - Epoch [60/100], Batch [0/12]
 Dt Loss: 0.0180
 Goal Loss: 0.2489
 MSE Loss R: 0.1441, BCE Loss G: 0.1048
2024-12-03 15:02:32,429 - INFO - Epoch [60/100], Batch [10/12]
 Dt Loss: 0.0178
 Goal Loss: 0.2720
 MSE Loss R: 0.1767, BCE Loss G: 0.0954
2024-12-03 15:02:36,951 - INFO - Epoch [60/100] completed. Average Goal Loss: 0.4399
2024-12-03 15:02:36,952 - INFO - Epoch [60/100] completed. Average Action Loss: 0.0178
2024-12-03 15:02:36,952 - INFO - ===================================================================================
2024-12-03 15:03:42,797 - INFO - Epoch [60/100]
Action Validation Loss: 0.0159 
 Goal Validation Loss: 0.5464 
 MSE R Validation Loss: 0.4391 
 BCE G Validation Loss: 0.1073
2024-12-03 15:03:42,797 - INFO - ===================================================================================
2024-12-03 15:03:42,798 - INFO - Completed in 3h 23m
2024-12-03 15:06:28,992 - INFO - 60 Test Returns: 57.8
2024-12-03 15:06:29,011 - INFO - Model checkpoint saved at training_output/20241203_112912/models/epoch_60.pth
2024-12-03 15:06:47,267 - INFO - Epoch [61/100], Batch [0/12]
 Dt Loss: 0.0177
 Goal Loss: 0.2331
 MSE Loss R: 0.1310, BCE Loss G: 0.1021
2024-12-03 15:07:23,626 - INFO - Epoch [61/100], Batch [10/12]
 Dt Loss: 0.0175
 Goal Loss: 0.2468
 MSE Loss R: 0.1435, BCE Loss G: 0.1033
2024-12-03 15:07:28,099 - INFO - Epoch [61/100] completed. Average Goal Loss: 0.4048
2024-12-03 15:07:28,099 - INFO - Epoch [61/100] completed. Average Action Loss: 0.0176
2024-12-03 15:07:28,103 - INFO - ===================================================================================
2024-12-03 15:08:32,991 - INFO - Epoch [61/100]
Action Validation Loss: 0.0157 
 Goal Validation Loss: 0.5425 
 MSE R Validation Loss: 0.4352 
 BCE G Validation Loss: 0.1073
2024-12-03 15:08:32,991 - INFO - ===================================================================================
2024-12-03 15:08:32,991 - INFO - Completed in 3h 27m
2024-12-03 15:08:50,949 - INFO - Epoch [62/100], Batch [0/12]
 Dt Loss: 0.0174
 Goal Loss: 0.2335
 MSE Loss R: 0.1408, BCE Loss G: 0.0928
2024-12-03 15:09:24,616 - INFO - Epoch [62/100], Batch [10/12]
 Dt Loss: 0.0172
 Goal Loss: 0.3230
 MSE Loss R: 0.2144, BCE Loss G: 0.1086
2024-12-03 15:09:28,824 - INFO - Epoch [62/100] completed. Average Goal Loss: 0.3314
2024-12-03 15:09:28,824 - INFO - Epoch [62/100] completed. Average Action Loss: 0.0176
2024-12-03 15:09:28,824 - INFO - ===================================================================================
2024-12-03 15:10:34,540 - INFO - Epoch [62/100]
Action Validation Loss: 0.0157 
 Goal Validation Loss: 0.5392 
 MSE R Validation Loss: 0.4319 
 BCE G Validation Loss: 0.1073
2024-12-03 15:10:34,540 - INFO - ===================================================================================
2024-12-03 15:10:34,541 - INFO - Completed in 3h 29m
2024-12-03 15:13:26,816 - INFO - 62 Test Returns: 57.2
2024-12-03 15:13:26,833 - INFO - Model checkpoint saved at training_output/20241203_112912/models/epoch_62.pth
2024-12-03 15:13:47,244 - INFO - Epoch [63/100], Batch [0/12]
 Dt Loss: 0.0176
 Goal Loss: 0.2593
 MSE Loss R: 0.1677, BCE Loss G: 0.0916
2024-12-03 15:14:20,896 - INFO - Epoch [63/100], Batch [10/12]
 Dt Loss: 0.0175
 Goal Loss: 0.3136
 MSE Loss R: 0.2062, BCE Loss G: 0.1074
2024-12-03 15:14:24,658 - INFO - Epoch [63/100] completed. Average Goal Loss: 0.5877
2024-12-03 15:14:24,658 - INFO - Epoch [63/100] completed. Average Action Loss: 0.0175
2024-12-03 15:14:24,659 - INFO - ===================================================================================
2024-12-03 15:15:20,936 - INFO - Epoch [63/100]
Action Validation Loss: 0.0155 
 Goal Validation Loss: 0.5657 
 MSE R Validation Loss: 0.4575 
 BCE G Validation Loss: 0.1082
2024-12-03 15:15:20,936 - INFO - ===================================================================================
2024-12-03 15:15:20,937 - INFO - Completed in 3h 34m
2024-12-03 15:15:39,805 - INFO - Epoch [64/100], Batch [0/12]
 Dt Loss: 0.0172
 Goal Loss: 0.4562
 MSE Loss R: 0.3577, BCE Loss G: 0.0985
2024-12-03 15:16:14,613 - INFO - Epoch [64/100], Batch [10/12]
 Dt Loss: 0.0174
 Goal Loss: 0.3302
 MSE Loss R: 0.2339, BCE Loss G: 0.0963
2024-12-03 15:16:18,369 - INFO - Epoch [64/100] completed. Average Goal Loss: 0.5866
2024-12-03 15:16:18,369 - INFO - Epoch [64/100] completed. Average Action Loss: 0.0173
2024-12-03 15:16:18,369 - INFO - ===================================================================================
2024-12-03 15:17:13,790 - INFO - Epoch [64/100]
Action Validation Loss: 0.0155 
 Goal Validation Loss: 0.5381 
 MSE R Validation Loss: 0.4306 
 BCE G Validation Loss: 0.1075
2024-12-03 15:17:13,790 - INFO - ===================================================================================
2024-12-03 15:17:13,791 - INFO - Completed in 3h 36m
2024-12-03 15:19:59,932 - INFO - 64 Test Returns: 59.4
2024-12-03 15:19:59,950 - INFO - Model checkpoint saved at training_output/20241203_112912/models/epoch_64.pth
2024-12-03 15:20:17,346 - INFO - Epoch [65/100], Batch [0/12]
 Dt Loss: 0.0171
 Goal Loss: 0.2293
 MSE Loss R: 0.1297, BCE Loss G: 0.0996
2024-12-03 15:20:54,517 - INFO - Epoch [65/100], Batch [10/12]
 Dt Loss: 0.0172
 Goal Loss: 0.2116
 MSE Loss R: 0.1116, BCE Loss G: 0.1000
2024-12-03 15:20:58,427 - INFO - Epoch [65/100] completed. Average Goal Loss: 0.2174
2024-12-03 15:20:58,427 - INFO - Epoch [65/100] completed. Average Action Loss: 0.0172
2024-12-03 15:20:58,428 - INFO - ===================================================================================
2024-12-03 15:21:53,079 - INFO - Epoch [65/100]
Action Validation Loss: 0.0153 
 Goal Validation Loss: 0.6040 
 MSE R Validation Loss: 0.4965 
 BCE G Validation Loss: 0.1074
2024-12-03 15:21:53,079 - INFO - ===================================================================================
2024-12-03 15:21:53,079 - INFO - Completed in 3h 41m
2024-12-03 15:22:11,211 - INFO - Epoch [66/100], Batch [0/12]
 Dt Loss: 0.0169
 Goal Loss: 2.0117
 MSE Loss R: 1.8695, BCE Loss G: 0.1422
2024-12-03 15:22:46,912 - INFO - Epoch [66/100], Batch [10/12]
 Dt Loss: 0.0174
 Goal Loss: 0.2670
 MSE Loss R: 0.1611, BCE Loss G: 0.1059
2024-12-03 15:22:50,578 - INFO - Epoch [66/100] completed. Average Goal Loss: 0.7527
2024-12-03 15:22:50,579 - INFO - Epoch [66/100] completed. Average Action Loss: 0.0172
2024-12-03 15:22:50,579 - INFO - ===================================================================================
2024-12-03 15:23:45,278 - INFO - Epoch [66/100]
Action Validation Loss: 0.0153 
 Goal Validation Loss: 0.5399 
 MSE R Validation Loss: 0.4313 
 BCE G Validation Loss: 0.1086
2024-12-03 15:23:45,279 - INFO - ===================================================================================
2024-12-03 15:23:45,279 - INFO - Completed in 3h 43m
2024-12-03 15:26:21,926 - INFO - 66 Test Returns: 60.8
2024-12-03 15:26:21,950 - INFO - Model checkpoint saved at training_output/20241203_112912/models/epoch_66.pth
2024-12-03 15:26:37,456 - INFO - Epoch [67/100], Batch [0/12]
 Dt Loss: 0.0169
 Goal Loss: 0.6698
 MSE Loss R: 0.5471, BCE Loss G: 0.1227
2024-12-03 15:27:12,275 - INFO - Epoch [67/100], Batch [10/12]
 Dt Loss: 0.0172
 Goal Loss: 0.2497
 MSE Loss R: 0.1478, BCE Loss G: 0.1019
2024-12-03 15:27:15,884 - INFO - Epoch [67/100] completed. Average Goal Loss: 0.4691
2024-12-03 15:27:15,884 - INFO - Epoch [67/100] completed. Average Action Loss: 0.0170
2024-12-03 15:27:15,884 - INFO - ===================================================================================
2024-12-03 15:28:08,241 - INFO - Epoch [67/100]
Action Validation Loss: 0.0151 
 Goal Validation Loss: 0.5381 
 MSE R Validation Loss: 0.4309 
 BCE G Validation Loss: 0.1072
2024-12-03 15:28:08,241 - INFO - ===================================================================================
2024-12-03 15:28:08,241 - INFO - Completed in 3h 47m
2024-12-03 15:28:23,409 - INFO - Epoch [68/100], Batch [0/12]
 Dt Loss: 0.0168
 Goal Loss: 0.9449
 MSE Loss R: 0.8172, BCE Loss G: 0.1277
2024-12-03 15:28:59,346 - INFO - Epoch [68/100], Batch [10/12]
 Dt Loss: 0.0168
 Goal Loss: 0.3324
 MSE Loss R: 0.2414, BCE Loss G: 0.0910
2024-12-03 15:29:03,174 - INFO - Epoch [68/100] completed. Average Goal Loss: 0.4905
2024-12-03 15:29:03,174 - INFO - Epoch [68/100] completed. Average Action Loss: 0.0169
2024-12-03 15:29:03,174 - INFO - ===================================================================================
2024-12-03 15:29:58,186 - INFO - Epoch [68/100]
Action Validation Loss: 0.0152 
 Goal Validation Loss: 0.5441 
 MSE R Validation Loss: 0.4369 
 BCE G Validation Loss: 0.1072
2024-12-03 15:29:58,187 - INFO - ===================================================================================
2024-12-03 15:29:58,187 - INFO - Completed in 3h 49m
2024-12-03 15:32:51,088 - INFO - 68 Test Returns: 56.0
2024-12-03 15:32:51,106 - INFO - Model checkpoint saved at training_output/20241203_112912/models/epoch_68.pth
2024-12-03 15:33:06,601 - INFO - Epoch [69/100], Batch [0/12]
 Dt Loss: 0.0167
 Goal Loss: 0.9139
 MSE Loss R: 0.7873, BCE Loss G: 0.1265
2024-12-03 15:33:42,841 - INFO - Epoch [69/100], Batch [10/12]
 Dt Loss: 0.0172
 Goal Loss: 0.3147
 MSE Loss R: 0.2052, BCE Loss G: 0.1095
2024-12-03 15:33:47,720 - INFO - Epoch [69/100] completed. Average Goal Loss: 0.4438
2024-12-03 15:33:47,720 - INFO - Epoch [69/100] completed. Average Action Loss: 0.0169
2024-12-03 15:33:47,721 - INFO - ===================================================================================
2024-12-03 15:34:51,467 - INFO - Epoch [69/100]
Action Validation Loss: 0.0150 
 Goal Validation Loss: 0.5333 
 MSE R Validation Loss: 0.4259 
 BCE G Validation Loss: 0.1073
2024-12-03 15:34:51,468 - INFO - ===================================================================================
2024-12-03 15:34:51,468 - INFO - Completed in 3h 54m
2024-12-03 15:35:09,762 - INFO - Epoch [70/100], Batch [0/12]
 Dt Loss: 0.0171
 Goal Loss: 0.3260
 MSE Loss R: 0.2157, BCE Loss G: 0.1103
2024-12-03 15:35:47,493 - INFO - Epoch [70/100], Batch [10/12]
 Dt Loss: 0.0170
 Goal Loss: 0.2808
 MSE Loss R: 0.1747, BCE Loss G: 0.1061
2024-12-03 15:35:52,073 - INFO - Epoch [70/100] completed. Average Goal Loss: 0.5541
2024-12-03 15:35:52,073 - INFO - Epoch [70/100] completed. Average Action Loss: 0.0167
2024-12-03 15:35:52,073 - INFO - ===================================================================================
2024-12-03 15:36:54,741 - INFO - Epoch [70/100]
Action Validation Loss: 0.0149 
 Goal Validation Loss: 0.5493 
 MSE R Validation Loss: 0.4416 
 BCE G Validation Loss: 0.1077
2024-12-03 15:36:54,741 - INFO - ===================================================================================
2024-12-03 15:36:54,742 - INFO - Completed in 3h 56m
2024-12-03 15:39:46,140 - INFO - 70 Test Returns: 60.0
2024-12-03 15:39:46,165 - INFO - Model checkpoint saved at training_output/20241203_112912/models/epoch_70.pth
2024-12-03 15:40:03,214 - INFO - Epoch [71/100], Batch [0/12]
 Dt Loss: 0.0165
 Goal Loss: 0.4351
 MSE Loss R: 0.3387, BCE Loss G: 0.0964
2024-12-03 15:40:51,113 - INFO - Epoch [71/100], Batch [10/12]
 Dt Loss: 0.0168
 Goal Loss: 1.1186
 MSE Loss R: 0.9907, BCE Loss G: 0.1279
2024-12-03 15:40:55,475 - INFO - Epoch [71/100] completed. Average Goal Loss: 0.5190
2024-12-03 15:40:55,475 - INFO - Epoch [71/100] completed. Average Action Loss: 0.0167
2024-12-03 15:40:55,475 - INFO - ===================================================================================
2024-12-03 15:41:58,070 - INFO - Epoch [71/100]
Action Validation Loss: 0.0147 
 Goal Validation Loss: 0.5431 
 MSE R Validation Loss: 0.4325 
 BCE G Validation Loss: 0.1106
2024-12-03 15:41:58,070 - INFO - ===================================================================================
2024-12-03 15:41:58,071 - INFO - Completed in 4h 1m
2024-12-03 15:42:30,576 - INFO - Epoch [72/100], Batch [0/12]
 Dt Loss: 0.0166
 Goal Loss: 0.3979
 MSE Loss R: 0.3029, BCE Loss G: 0.0950
2024-12-03 15:43:06,091 - INFO - Epoch [72/100], Batch [10/12]
 Dt Loss: 0.0166
 Goal Loss: 0.2293
 MSE Loss R: 0.1323, BCE Loss G: 0.0970
2024-12-03 15:43:10,300 - INFO - Epoch [72/100] completed. Average Goal Loss: 0.4392
2024-12-03 15:43:10,300 - INFO - Epoch [72/100] completed. Average Action Loss: 0.0166
2024-12-03 15:43:10,300 - INFO - ===================================================================================
2024-12-03 15:44:16,193 - INFO - Epoch [72/100]
Action Validation Loss: 0.0148 
 Goal Validation Loss: 0.5599 
 MSE R Validation Loss: 0.4524 
 BCE G Validation Loss: 0.1075
2024-12-03 15:44:16,194 - INFO - ===================================================================================
2024-12-03 15:44:16,194 - INFO - Completed in 4h 3m
2024-12-03 15:47:04,731 - INFO - 72 Test Returns: 58.0
2024-12-03 15:47:04,834 - INFO - Model checkpoint saved at training_output/20241203_112912/models/epoch_72.pth
2024-12-03 15:47:22,440 - INFO - Epoch [73/100], Batch [0/12]
 Dt Loss: 0.0166
 Goal Loss: 1.7433
 MSE Loss R: 1.6018, BCE Loss G: 0.1415
2024-12-03 15:47:57,013 - INFO - Epoch [73/100], Batch [10/12]
 Dt Loss: 0.0163
 Goal Loss: 0.2608
 MSE Loss R: 0.1558, BCE Loss G: 0.1051
2024-12-03 15:48:01,222 - INFO - Epoch [73/100] completed. Average Goal Loss: 0.6902
2024-12-03 15:48:01,222 - INFO - Epoch [73/100] completed. Average Action Loss: 0.0165
2024-12-03 15:48:01,223 - INFO - ===================================================================================
2024-12-03 15:49:06,640 - INFO - Epoch [73/100]
Action Validation Loss: 0.0147 
 Goal Validation Loss: 0.5358 
 MSE R Validation Loss: 0.4284 
 BCE G Validation Loss: 0.1074
2024-12-03 15:49:06,641 - INFO - ===================================================================================
2024-12-03 15:49:06,641 - INFO - Completed in 4h 8m
2024-12-03 15:49:24,754 - INFO - Epoch [74/100], Batch [0/12]
 Dt Loss: 0.0163
 Goal Loss: 0.2635
 MSE Loss R: 0.1591, BCE Loss G: 0.1044
2024-12-03 15:49:59,019 - INFO - Epoch [74/100], Batch [10/12]
 Dt Loss: 0.0166
 Goal Loss: 0.2163
 MSE Loss R: 0.1239, BCE Loss G: 0.0923
2024-12-03 15:50:02,961 - INFO - Epoch [74/100] completed. Average Goal Loss: 0.3154
2024-12-03 15:50:02,961 - INFO - Epoch [74/100] completed. Average Action Loss: 0.0164
2024-12-03 15:50:02,961 - INFO - ===================================================================================
2024-12-03 15:51:06,806 - INFO - Epoch [74/100]
Action Validation Loss: 0.0146 
 Goal Validation Loss: 0.5855 
 MSE R Validation Loss: 0.4775 
 BCE G Validation Loss: 0.1080
2024-12-03 15:51:06,807 - INFO - ===================================================================================
2024-12-03 15:51:06,807 - INFO - Completed in 4h 10m
2024-12-03 15:53:46,314 - INFO - 74 Test Returns: 60.0
2024-12-03 15:53:46,334 - INFO - Model checkpoint saved at training_output/20241203_112912/models/epoch_74.pth
2024-12-03 15:54:04,078 - INFO - Epoch [75/100], Batch [0/12]
 Dt Loss: 0.0161
 Goal Loss: 0.3130
 MSE Loss R: 0.2050, BCE Loss G: 0.1080
2024-12-03 15:54:37,178 - INFO - Epoch [75/100], Batch [10/12]
 Dt Loss: 0.0163
 Goal Loss: 0.2732
 MSE Loss R: 0.1720, BCE Loss G: 0.1012
2024-12-03 15:54:41,871 - INFO - Epoch [75/100] completed. Average Goal Loss: 0.5147
2024-12-03 15:54:41,871 - INFO - Epoch [75/100] completed. Average Action Loss: 0.0163
2024-12-03 15:54:41,871 - INFO - ===================================================================================
2024-12-03 15:55:46,795 - INFO - Epoch [75/100]
Action Validation Loss: 0.0146 
 Goal Validation Loss: 0.5349 
 MSE R Validation Loss: 0.4279 
 BCE G Validation Loss: 0.1071
2024-12-03 15:55:46,796 - INFO - ===================================================================================
2024-12-03 15:55:46,796 - INFO - Completed in 4h 15m
2024-12-03 15:56:04,265 - INFO - Epoch [76/100], Batch [0/12]
 Dt Loss: 0.0163
 Goal Loss: 0.2470
 MSE Loss R: 0.1476, BCE Loss G: 0.0994
2024-12-03 15:56:37,914 - INFO - Epoch [76/100], Batch [10/12]
 Dt Loss: 0.0163
 Goal Loss: 1.2955
 MSE Loss R: 1.1667, BCE Loss G: 0.1288
2024-12-03 15:56:42,343 - INFO - Epoch [76/100] completed. Average Goal Loss: 0.5029
2024-12-03 15:56:42,344 - INFO - Epoch [76/100] completed. Average Action Loss: 0.0162
2024-12-03 15:56:42,344 - INFO - ===================================================================================
2024-12-03 15:57:48,635 - INFO - Epoch [76/100]
Action Validation Loss: 0.0146 
 Goal Validation Loss: 0.5345 
 MSE R Validation Loss: 0.4268 
 BCE G Validation Loss: 0.1077
2024-12-03 15:57:48,635 - INFO - ===================================================================================
2024-12-03 15:57:48,635 - INFO - Completed in 4h 17m
2024-12-03 16:00:41,545 - INFO - 76 Test Returns: 56.8
2024-12-03 16:00:41,564 - INFO - Model checkpoint saved at training_output/20241203_112912/models/epoch_76.pth
2024-12-03 16:00:58,760 - INFO - Epoch [77/100], Batch [0/12]
 Dt Loss: 0.0165
 Goal Loss: 0.2831
 MSE Loss R: 0.1753, BCE Loss G: 0.1078
2024-12-03 16:01:35,212 - INFO - Epoch [77/100], Batch [10/12]
 Dt Loss: 0.0161
 Goal Loss: 0.2418
 MSE Loss R: 0.1472, BCE Loss G: 0.0946
2024-12-03 16:01:39,666 - INFO - Epoch [77/100] completed. Average Goal Loss: 0.4511
2024-12-03 16:01:39,666 - INFO - Epoch [77/100] completed. Average Action Loss: 0.0162
2024-12-03 16:01:39,666 - INFO - ===================================================================================
2024-12-03 16:02:43,698 - INFO - Epoch [77/100]
Action Validation Loss: 0.0144 
 Goal Validation Loss: 0.5554 
 MSE R Validation Loss: 0.4480 
 BCE G Validation Loss: 0.1074
2024-12-03 16:02:43,698 - INFO - ===================================================================================
2024-12-03 16:02:43,699 - INFO - Completed in 4h 22m
2024-12-03 16:03:02,776 - INFO - Epoch [78/100], Batch [0/12]
 Dt Loss: 0.0161
 Goal Loss: 0.2783
 MSE Loss R: 0.1724, BCE Loss G: 0.1059
2024-12-03 16:03:37,927 - INFO - Epoch [78/100], Batch [10/12]
 Dt Loss: 0.0161
 Goal Loss: 0.2782
 MSE Loss R: 0.1835, BCE Loss G: 0.0947
2024-12-03 16:03:42,102 - INFO - Epoch [78/100] completed. Average Goal Loss: 0.4974
2024-12-03 16:03:42,102 - INFO - Epoch [78/100] completed. Average Action Loss: 0.0161
2024-12-03 16:03:42,102 - INFO - ===================================================================================
2024-12-03 16:04:45,250 - INFO - Epoch [78/100]
Action Validation Loss: 0.0143 
 Goal Validation Loss: 0.5479 
 MSE R Validation Loss: 0.4402 
 BCE G Validation Loss: 0.1078
2024-12-03 16:04:45,251 - INFO - ===================================================================================
2024-12-03 16:04:45,251 - INFO - Completed in 4h 24m
2024-12-03 16:07:32,572 - INFO - 78 Test Returns: 59.6
2024-12-03 16:07:32,598 - INFO - Model checkpoint saved at training_output/20241203_112912/models/epoch_78.pth
2024-12-03 16:07:50,272 - INFO - Epoch [79/100], Batch [0/12]
 Dt Loss: 0.0157
 Goal Loss: 0.2572
 MSE Loss R: 0.1515, BCE Loss G: 0.1057
2024-12-03 16:08:26,819 - INFO - Epoch [79/100], Batch [10/12]
 Dt Loss: 0.0160
 Goal Loss: 0.1796
 MSE Loss R: 0.0864, BCE Loss G: 0.0932
2024-12-03 16:08:31,454 - INFO - Epoch [79/100] completed. Average Goal Loss: 0.2403
2024-12-03 16:08:31,454 - INFO - Epoch [79/100] completed. Average Action Loss: 0.0160
2024-12-03 16:08:31,454 - INFO - ===================================================================================
2024-12-03 16:09:34,537 - INFO - Epoch [79/100]
Action Validation Loss: 0.0143 
 Goal Validation Loss: 0.6064 
 MSE R Validation Loss: 0.4988 
 BCE G Validation Loss: 0.1076
2024-12-03 16:09:34,538 - INFO - ===================================================================================
2024-12-03 16:09:34,538 - INFO - Completed in 4h 28m
2024-12-03 16:09:51,720 - INFO - Epoch [80/100], Batch [0/12]
 Dt Loss: 0.0161
 Goal Loss: 0.2775
 MSE Loss R: 0.1737, BCE Loss G: 0.1038
2024-12-03 16:10:27,522 - INFO - Epoch [80/100], Batch [10/12]
 Dt Loss: 0.0161
 Goal Loss: 0.2713
 MSE Loss R: 0.1771, BCE Loss G: 0.0942
2024-12-03 16:10:31,909 - INFO - Epoch [80/100] completed. Average Goal Loss: 0.4704
2024-12-03 16:10:31,909 - INFO - Epoch [80/100] completed. Average Action Loss: 0.0159
2024-12-03 16:10:31,910 - INFO - ===================================================================================
2024-12-03 16:11:35,402 - INFO - Epoch [80/100]
Action Validation Loss: 0.0141 
 Goal Validation Loss: 0.5401 
 MSE R Validation Loss: 0.4321 
 BCE G Validation Loss: 0.1080
2024-12-03 16:11:35,402 - INFO - ===================================================================================
2024-12-03 16:11:35,403 - INFO - Completed in 4h 30m
2024-12-03 16:14:21,145 - INFO - 80 Test Returns: 58.8
2024-12-03 16:14:21,163 - INFO - Model checkpoint saved at training_output/20241203_112912/models/epoch_80.pth
2024-12-03 16:14:38,748 - INFO - Epoch [81/100], Batch [0/12]
 Dt Loss: 0.0159
 Goal Loss: 0.2842
 MSE Loss R: 0.1768, BCE Loss G: 0.1074
2024-12-03 16:15:14,529 - INFO - Epoch [81/100], Batch [10/12]
 Dt Loss: 0.0162
 Goal Loss: 1.3272
 MSE Loss R: 1.1912, BCE Loss G: 0.1360
2024-12-03 16:15:19,001 - INFO - Epoch [81/100] completed. Average Goal Loss: 0.4415
2024-12-03 16:15:19,002 - INFO - Epoch [81/100] completed. Average Action Loss: 0.0158
2024-12-03 16:15:19,002 - INFO - ===================================================================================
2024-12-03 16:16:24,787 - INFO - Epoch [81/100]
Action Validation Loss: 0.0141 
 Goal Validation Loss: 0.5464 
 MSE R Validation Loss: 0.4383 
 BCE G Validation Loss: 0.1081
2024-12-03 16:16:24,788 - INFO - ===================================================================================
2024-12-03 16:16:24,788 - INFO - Completed in 4h 35m
2024-12-03 16:16:41,974 - INFO - Epoch [82/100], Batch [0/12]
 Dt Loss: 0.0157
 Goal Loss: 0.3178
 MSE Loss R: 0.2062, BCE Loss G: 0.1116
2024-12-03 16:17:15,512 - INFO - Epoch [82/100], Batch [10/12]
 Dt Loss: 0.0155
 Goal Loss: 1.2923
 MSE Loss R: 1.1599, BCE Loss G: 0.1323
2024-12-03 16:17:19,414 - INFO - Epoch [82/100] completed. Average Goal Loss: 0.6818
2024-12-03 16:17:19,414 - INFO - Epoch [82/100] completed. Average Action Loss: 0.0157
2024-12-03 16:17:19,414 - INFO - ===================================================================================
2024-12-03 16:18:22,887 - INFO - Epoch [82/100]
Action Validation Loss: 0.0141 
 Goal Validation Loss: 0.5410 
 MSE R Validation Loss: 0.4335 
 BCE G Validation Loss: 0.1075
2024-12-03 16:18:22,888 - INFO - ===================================================================================
2024-12-03 16:18:22,889 - INFO - Completed in 4h 37m
2024-12-03 16:21:18,179 - INFO - 82 Test Returns: 55.4
2024-12-03 16:21:18,197 - INFO - Model checkpoint saved at training_output/20241203_112912/models/epoch_82.pth
2024-12-03 16:21:35,587 - INFO - Epoch [83/100], Batch [0/12]
 Dt Loss: 0.0156
 Goal Loss: 0.2881
 MSE Loss R: 0.1801, BCE Loss G: 0.1079
2024-12-03 16:22:10,005 - INFO - Epoch [83/100], Batch [10/12]
 Dt Loss: 0.0157
 Goal Loss: 0.2764
 MSE Loss R: 0.1835, BCE Loss G: 0.0929
2024-12-03 16:22:14,539 - INFO - Epoch [83/100] completed. Average Goal Loss: 0.4340
2024-12-03 16:22:14,539 - INFO - Epoch [83/100] completed. Average Action Loss: 0.0157
2024-12-03 16:22:14,539 - INFO - ===================================================================================
2024-12-03 16:23:19,640 - INFO - Epoch [83/100]
Action Validation Loss: 0.0139 
 Goal Validation Loss: 0.5419 
 MSE R Validation Loss: 0.4345 
 BCE G Validation Loss: 0.1075
2024-12-03 16:23:19,641 - INFO - ===================================================================================
2024-12-03 16:23:19,641 - INFO - Completed in 4h 42m
2024-12-03 16:23:36,497 - INFO - Epoch [84/100], Batch [0/12]
 Dt Loss: 0.0160
 Goal Loss: 0.2612
 MSE Loss R: 0.1646, BCE Loss G: 0.0966
2024-12-03 16:24:11,333 - INFO - Epoch [84/100], Batch [10/12]
 Dt Loss: 0.0155
 Goal Loss: 0.3999
 MSE Loss R: 0.2957, BCE Loss G: 0.1043
2024-12-03 16:24:15,477 - INFO - Epoch [84/100] completed. Average Goal Loss: 0.4872
2024-12-03 16:24:15,478 - INFO - Epoch [84/100] completed. Average Action Loss: 0.0156
2024-12-03 16:24:15,478 - INFO - ===================================================================================
2024-12-03 16:25:19,175 - INFO - Epoch [84/100]
Action Validation Loss: 0.0138 
 Goal Validation Loss: 0.5419 
 MSE R Validation Loss: 0.4348 
 BCE G Validation Loss: 0.1071
2024-12-03 16:25:19,176 - INFO - ===================================================================================
2024-12-03 16:25:19,176 - INFO - Completed in 4h 44m
2024-12-03 16:28:10,094 - INFO - 84 Test Returns: 59.6
2024-12-03 16:28:10,113 - INFO - Model checkpoint saved at training_output/20241203_112912/models/epoch_84.pth
2024-12-03 16:28:28,225 - INFO - Epoch [85/100], Batch [0/12]
 Dt Loss: 0.0155
 Goal Loss: 0.3337
 MSE Loss R: 0.2358, BCE Loss G: 0.0979
2024-12-03 16:29:02,841 - INFO - Epoch [85/100], Batch [10/12]
 Dt Loss: 0.0155
 Goal Loss: 0.5204
 MSE Loss R: 0.4051, BCE Loss G: 0.1152
2024-12-03 16:29:07,005 - INFO - Epoch [85/100] completed. Average Goal Loss: 0.3265
2024-12-03 16:29:07,005 - INFO - Epoch [85/100] completed. Average Action Loss: 0.0155
2024-12-03 16:29:07,005 - INFO - ===================================================================================
2024-12-03 16:30:12,215 - INFO - Epoch [85/100]
Action Validation Loss: 0.0137 
 Goal Validation Loss: 0.5546 
 MSE R Validation Loss: 0.4474 
 BCE G Validation Loss: 0.1072
2024-12-03 16:30:12,216 - INFO - ===================================================================================
2024-12-03 16:30:12,216 - INFO - Completed in 4h 49m
2024-12-03 16:30:28,614 - INFO - Epoch [86/100], Batch [0/12]
 Dt Loss: 0.0158
 Goal Loss: 0.2244
 MSE Loss R: 0.1256, BCE Loss G: 0.0989
2024-12-03 16:31:03,845 - INFO - Epoch [86/100], Batch [10/12]
 Dt Loss: 0.0154
 Goal Loss: 0.5257
 MSE Loss R: 0.4116, BCE Loss G: 0.1141
2024-12-03 16:31:08,120 - INFO - Epoch [86/100] completed. Average Goal Loss: 0.2742
2024-12-03 16:31:08,120 - INFO - Epoch [86/100] completed. Average Action Loss: 0.0155
2024-12-03 16:31:08,120 - INFO - ===================================================================================
2024-12-03 16:32:13,104 - INFO - Epoch [86/100]
Action Validation Loss: 0.0138 
 Goal Validation Loss: 0.5545 
 MSE R Validation Loss: 0.4475 
 BCE G Validation Loss: 0.1069
2024-12-03 16:32:13,105 - INFO - ===================================================================================
2024-12-03 16:32:13,105 - INFO - Completed in 4h 51m
2024-12-03 16:35:06,646 - INFO - 86 Test Returns: 59.6
2024-12-03 16:35:06,664 - INFO - Model checkpoint saved at training_output/20241203_112912/models/epoch_86.pth
2024-12-03 16:35:25,277 - INFO - Epoch [87/100], Batch [0/12]
 Dt Loss: 0.0157
 Goal Loss: 0.2102
 MSE Loss R: 0.1133, BCE Loss G: 0.0968
2024-12-03 16:36:00,313 - INFO - Epoch [87/100], Batch [10/12]
 Dt Loss: 0.0151
 Goal Loss: 0.2602
 MSE Loss R: 0.1547, BCE Loss G: 0.1055
2024-12-03 16:36:04,462 - INFO - Epoch [87/100] completed. Average Goal Loss: 0.4061
2024-12-03 16:36:04,463 - INFO - Epoch [87/100] completed. Average Action Loss: 0.0155
2024-12-03 16:36:04,463 - INFO - ===================================================================================
2024-12-03 16:37:08,679 - INFO - Epoch [87/100]
Action Validation Loss: 0.0137 
 Goal Validation Loss: 0.5407 
 MSE R Validation Loss: 0.4337 
 BCE G Validation Loss: 0.1071
2024-12-03 16:37:08,679 - INFO - ===================================================================================
2024-12-03 16:37:08,680 - INFO - Completed in 4h 56m
2024-12-03 16:37:26,961 - INFO - Epoch [88/100], Batch [0/12]
 Dt Loss: 0.0155
 Goal Loss: 0.2578
 MSE Loss R: 0.1663, BCE Loss G: 0.0916
2024-12-03 16:38:02,807 - INFO - Epoch [88/100], Batch [10/12]
 Dt Loss: 0.0154
 Goal Loss: 0.3914
 MSE Loss R: 0.2928, BCE Loss G: 0.0985
2024-12-03 16:38:07,357 - INFO - Epoch [88/100] completed. Average Goal Loss: 0.5036
2024-12-03 16:38:07,357 - INFO - Epoch [88/100] completed. Average Action Loss: 0.0154
2024-12-03 16:38:07,357 - INFO - ===================================================================================
2024-12-03 16:39:10,201 - INFO - Epoch [88/100]
Action Validation Loss: 0.0137 
 Goal Validation Loss: 0.5349 
 MSE R Validation Loss: 0.4278 
 BCE G Validation Loss: 0.1072
2024-12-03 16:39:10,201 - INFO - ===================================================================================
2024-12-03 16:39:10,202 - INFO - Completed in 4h 58m
2024-12-03 16:42:08,128 - INFO - 88 Test Returns: 60.0
2024-12-03 16:42:08,148 - INFO - Model checkpoint saved at training_output/20241203_112912/models/epoch_88.pth
2024-12-03 16:42:41,618 - INFO - Epoch [89/100], Batch [0/12]
 Dt Loss: 0.0153
 Goal Loss: 0.3223
 MSE Loss R: 0.2307, BCE Loss G: 0.0916
2024-12-03 16:43:28,451 - INFO - Epoch [89/100], Batch [10/12]
 Dt Loss: 0.0156
 Goal Loss: 0.4099
 MSE Loss R: 0.2963, BCE Loss G: 0.1136
2024-12-03 16:43:32,504 - INFO - Epoch [89/100] completed. Average Goal Loss: 0.4746
2024-12-03 16:43:32,505 - INFO - Epoch [89/100] completed. Average Action Loss: 0.0153
2024-12-03 16:43:32,505 - INFO - ===================================================================================
2024-12-03 16:44:34,253 - INFO - Epoch [89/100]
Action Validation Loss: 0.0136 
 Goal Validation Loss: 0.5323 
 MSE R Validation Loss: 0.4250 
 BCE G Validation Loss: 0.1073
2024-12-03 16:44:34,253 - INFO - ===================================================================================
2024-12-03 16:44:34,307 - INFO - Completed in 5h 3m
2024-12-03 16:44:50,058 - INFO - Epoch [90/100], Batch [0/12]
 Dt Loss: 0.0152
 Goal Loss: 0.4446
 MSE Loss R: 0.3287, BCE Loss G: 0.1159
2024-12-03 16:45:25,339 - INFO - Epoch [90/100], Batch [10/12]
 Dt Loss: 0.0153
 Goal Loss: 0.5360
 MSE Loss R: 0.4156, BCE Loss G: 0.1204
2024-12-03 16:45:29,758 - INFO - Epoch [90/100] completed. Average Goal Loss: 0.6196
2024-12-03 16:45:29,758 - INFO - Epoch [90/100] completed. Average Action Loss: 0.0154
2024-12-03 16:45:29,758 - INFO - ===================================================================================
2024-12-03 16:46:31,733 - INFO - Epoch [90/100]
Action Validation Loss: 0.0136 
 Goal Validation Loss: 0.5818 
 MSE R Validation Loss: 0.4740 
 BCE G Validation Loss: 0.1078
2024-12-03 16:46:31,734 - INFO - ===================================================================================
2024-12-03 16:46:31,734 - INFO - Completed in 5h 5m
2024-12-03 16:49:26,235 - INFO - 90 Test Returns: 60.2
2024-12-03 16:49:26,282 - INFO - Model checkpoint saved at training_output/20241203_112912/models/epoch_90.pth
2024-12-03 16:49:45,444 - INFO - Epoch [91/100], Batch [0/12]
 Dt Loss: 0.0149
 Goal Loss: 0.3422
 MSE Loss R: 0.2392, BCE Loss G: 0.1030
2024-12-03 16:50:20,047 - INFO - Epoch [91/100], Batch [10/12]
 Dt Loss: 0.0153
 Goal Loss: 0.2107
 MSE Loss R: 0.1160, BCE Loss G: 0.0947
2024-12-03 16:50:23,788 - INFO - Epoch [91/100] completed. Average Goal Loss: 0.3405
2024-12-03 16:50:23,788 - INFO - Epoch [91/100] completed. Average Action Loss: 0.0152
2024-12-03 16:50:23,789 - INFO - ===================================================================================
2024-12-03 16:51:26,858 - INFO - Epoch [91/100]
Action Validation Loss: 0.0136 
 Goal Validation Loss: 0.5654 
 MSE R Validation Loss: 0.4582 
 BCE G Validation Loss: 0.1072
2024-12-03 16:51:26,858 - INFO - ===================================================================================
2024-12-03 16:51:26,859 - INFO - Completed in 5h 10m
2024-12-03 16:51:44,127 - INFO - Epoch [92/100], Batch [0/12]
 Dt Loss: 0.0154
 Goal Loss: 0.4072
 MSE Loss R: 0.2958, BCE Loss G: 0.1114
2024-12-03 16:52:19,655 - INFO - Epoch [92/100], Batch [10/12]
 Dt Loss: 0.0151
 Goal Loss: 0.2801
 MSE Loss R: 0.1861, BCE Loss G: 0.0940
2024-12-03 16:52:23,849 - INFO - Epoch [92/100] completed. Average Goal Loss: 0.4736
2024-12-03 16:52:23,850 - INFO - Epoch [92/100] completed. Average Action Loss: 0.0152
2024-12-03 16:52:23,850 - INFO - ===================================================================================
2024-12-03 16:53:24,608 - INFO - Epoch [92/100]
Action Validation Loss: 0.0135 
 Goal Validation Loss: 0.5495 
 MSE R Validation Loss: 0.4420 
 BCE G Validation Loss: 0.1076
2024-12-03 16:53:24,608 - INFO - ===================================================================================
2024-12-03 16:53:24,608 - INFO - Completed in 5h 12m
2024-12-03 16:56:08,802 - INFO - 92 Test Returns: 61.6
2024-12-03 16:56:08,845 - INFO - Model checkpoint saved at training_output/20241203_112912/models/epoch_92.pth
2024-12-03 16:56:26,214 - INFO - Epoch [93/100], Batch [0/12]
 Dt Loss: 0.0150
 Goal Loss: 0.2147
 MSE Loss R: 0.1216, BCE Loss G: 0.0931
2024-12-03 16:57:01,181 - INFO - Epoch [93/100], Batch [10/12]
 Dt Loss: 0.0152
 Goal Loss: 0.2813
 MSE Loss R: 0.1823, BCE Loss G: 0.0990
2024-12-03 16:57:05,266 - INFO - Epoch [93/100] completed. Average Goal Loss: 0.6093
2024-12-03 16:57:05,266 - INFO - Epoch [93/100] completed. Average Action Loss: 0.0150
2024-12-03 16:57:05,266 - INFO - ===================================================================================
2024-12-03 16:58:04,756 - INFO - Epoch [93/100]
Action Validation Loss: 0.0135 
 Goal Validation Loss: 0.5350 
 MSE R Validation Loss: 0.4279 
 BCE G Validation Loss: 0.1071
2024-12-03 16:58:04,757 - INFO - ===================================================================================
2024-12-03 16:58:04,757 - INFO - Completed in 5h 17m
2024-12-03 16:58:22,928 - INFO - Epoch [94/100], Batch [0/12]
 Dt Loss: 0.0151
 Goal Loss: 0.2416
 MSE Loss R: 0.1403, BCE Loss G: 0.1012
2024-12-03 16:58:56,744 - INFO - Epoch [94/100], Batch [10/12]
 Dt Loss: 0.0150
 Goal Loss: 0.3141
 MSE Loss R: 0.2056, BCE Loss G: 0.1085
2024-12-03 16:59:01,088 - INFO - Epoch [94/100] completed. Average Goal Loss: 0.3010
2024-12-03 16:59:01,088 - INFO - Epoch [94/100] completed. Average Action Loss: 0.0150
2024-12-03 16:59:01,088 - INFO - ===================================================================================
2024-12-03 17:00:01,854 - INFO - Epoch [94/100]
Action Validation Loss: 0.0133 
 Goal Validation Loss: 0.5490 
 MSE R Validation Loss: 0.4419 
 BCE G Validation Loss: 0.1071
2024-12-03 17:00:01,854 - INFO - ===================================================================================
2024-12-03 17:00:01,855 - INFO - Completed in 5h 19m
2024-12-03 17:02:49,608 - INFO - 94 Test Returns: 57.6
2024-12-03 17:02:49,629 - INFO - Model checkpoint saved at training_output/20241203_112912/models/epoch_94.pth
2024-12-03 17:03:07,928 - INFO - Epoch [95/100], Batch [0/12]
 Dt Loss: 0.0150
 Goal Loss: 0.4381
 MSE Loss R: 0.3251, BCE Loss G: 0.1130
2024-12-03 17:03:43,827 - INFO - Epoch [95/100], Batch [10/12]
 Dt Loss: 0.0151
 Goal Loss: 0.2481
 MSE Loss R: 0.1440, BCE Loss G: 0.1041
2024-12-03 17:03:47,690 - INFO - Epoch [95/100] completed. Average Goal Loss: 0.3479
2024-12-03 17:03:47,691 - INFO - Epoch [95/100] completed. Average Action Loss: 0.0150
2024-12-03 17:03:47,691 - INFO - ===================================================================================
2024-12-03 17:04:46,150 - INFO - Epoch [95/100]
Action Validation Loss: 0.0134 
 Goal Validation Loss: 0.5511 
 MSE R Validation Loss: 0.4435 
 BCE G Validation Loss: 0.1075
2024-12-03 17:04:46,150 - INFO - ===================================================================================
2024-12-03 17:04:46,151 - INFO - Completed in 5h 24m
2024-12-03 17:05:06,748 - INFO - Epoch [96/100], Batch [0/12]
 Dt Loss: 0.0151
 Goal Loss: 0.4535
 MSE Loss R: 0.3390, BCE Loss G: 0.1145
2024-12-03 17:05:42,103 - INFO - Epoch [96/100], Batch [10/12]
 Dt Loss: 0.0148
 Goal Loss: 1.0895
 MSE Loss R: 0.9575, BCE Loss G: 0.1321
2024-12-03 17:05:46,399 - INFO - Epoch [96/100] completed. Average Goal Loss: 0.5222
2024-12-03 17:05:46,400 - INFO - Epoch [96/100] completed. Average Action Loss: 0.0149
2024-12-03 17:05:46,400 - INFO - ===================================================================================
2024-12-03 17:06:42,338 - INFO - Epoch [96/100]
Action Validation Loss: 0.0133 
 Goal Validation Loss: 0.5409 
 MSE R Validation Loss: 0.4329 
 BCE G Validation Loss: 0.1081
2024-12-03 17:06:42,339 - INFO - ===================================================================================
2024-12-03 17:06:42,339 - INFO - Completed in 5h 26m
2024-12-03 17:09:40,229 - INFO - 96 Test Returns: 59.2
2024-12-03 17:09:40,248 - INFO - Model checkpoint saved at training_output/20241203_112912/models/epoch_96.pth
2024-12-03 17:09:56,880 - INFO - Epoch [97/100], Batch [0/12]
 Dt Loss: 0.0147
 Goal Loss: 0.7041
 MSE Loss R: 0.5803, BCE Loss G: 0.1238
2024-12-03 17:10:33,047 - INFO - Epoch [97/100], Batch [10/12]
 Dt Loss: 0.0148
 Goal Loss: 0.3009
 MSE Loss R: 0.2109, BCE Loss G: 0.0900
2024-12-03 17:10:37,465 - INFO - Epoch [97/100] completed. Average Goal Loss: 0.3846
2024-12-03 17:10:37,465 - INFO - Epoch [97/100] completed. Average Action Loss: 0.0148
2024-12-03 17:10:37,466 - INFO - ===================================================================================
2024-12-03 17:11:34,215 - INFO - Epoch [97/100]
Action Validation Loss: 0.0132 
 Goal Validation Loss: 0.5534 
 MSE R Validation Loss: 0.4463 
 BCE G Validation Loss: 0.1071
2024-12-03 17:11:34,215 - INFO - ===================================================================================
2024-12-03 17:11:34,216 - INFO - Completed in 5h 30m
2024-12-03 17:11:51,530 - INFO - Epoch [98/100], Batch [0/12]
 Dt Loss: 0.0148
 Goal Loss: 0.2226
 MSE Loss R: 0.1289, BCE Loss G: 0.0937
2024-12-03 17:12:28,740 - INFO - Epoch [98/100], Batch [10/12]
 Dt Loss: 0.0145
 Goal Loss: 0.2574
 MSE Loss R: 0.1601, BCE Loss G: 0.0972
2024-12-03 17:12:32,920 - INFO - Epoch [98/100] completed. Average Goal Loss: 0.4286
2024-12-03 17:12:32,921 - INFO - Epoch [98/100] completed. Average Action Loss: 0.0149
2024-12-03 17:12:32,921 - INFO - ===================================================================================
2024-12-03 17:13:29,394 - INFO - Epoch [98/100]
Action Validation Loss: 0.0130 
 Goal Validation Loss: 0.5472 
 MSE R Validation Loss: 0.4398 
 BCE G Validation Loss: 0.1074
2024-12-03 17:13:29,395 - INFO - ===================================================================================
2024-12-03 17:13:29,395 - INFO - Completed in 5h 32m
2024-12-03 17:16:17,984 - INFO - 98 Test Returns: 58.4
2024-12-03 17:16:18,017 - INFO - Model checkpoint saved at training_output/20241203_112912/models/epoch_98.pth
2024-12-03 17:16:37,215 - INFO - Epoch [99/100], Batch [0/12]
 Dt Loss: 0.0150
 Goal Loss: 0.2302
 MSE Loss R: 0.1280, BCE Loss G: 0.1022
2024-12-03 17:17:18,402 - INFO - Epoch [99/100], Batch [10/12]
 Dt Loss: 0.0149
 Goal Loss: 0.2482
 MSE Loss R: 0.1478, BCE Loss G: 0.1005
2024-12-03 17:17:22,539 - INFO - Epoch [99/100] completed. Average Goal Loss: 0.3480
2024-12-03 17:17:22,540 - INFO - Epoch [99/100] completed. Average Action Loss: 0.0147
2024-12-03 17:17:22,540 - INFO - ===================================================================================
2024-12-03 17:18:19,983 - INFO - Epoch [99/100]
Action Validation Loss: 0.0132 
 Goal Validation Loss: 0.5445 
 MSE R Validation Loss: 0.4371 
 BCE G Validation Loss: 0.1073
2024-12-03 17:18:19,983 - INFO - ===================================================================================
2024-12-03 17:18:19,984 - INFO - Completed in 5h 37m
2024-12-03 17:18:37,155 - INFO - Epoch [100/100], Batch [0/12]
 Dt Loss: 0.0149
 Goal Loss: 0.3991
 MSE Loss R: 0.2860, BCE Loss G: 0.1131
2024-12-03 17:19:14,959 - INFO - Epoch [100/100], Batch [10/12]
 Dt Loss: 0.0147
 Goal Loss: 0.3134
 MSE Loss R: 0.2191, BCE Loss G: 0.0943
2024-12-03 17:19:19,605 - INFO - Epoch [100/100] completed. Average Goal Loss: 0.4765
2024-12-03 17:19:19,605 - INFO - Epoch [100/100] completed. Average Action Loss: 0.0147
2024-12-03 17:19:19,605 - INFO - ===================================================================================
2024-12-03 17:20:19,117 - INFO - Epoch [100/100]
Action Validation Loss: 0.0130 
 Goal Validation Loss: 0.5404 
 MSE R Validation Loss: 0.4304 
 BCE G Validation Loss: 0.1099
2024-12-03 17:20:19,117 - INFO - ===================================================================================
2024-12-03 17:20:19,117 - INFO - Completed in 5h 39m
2024-12-03 17:23:14,110 - INFO - 100 Test Returns: 56.8
2024-12-03 17:23:14,135 - INFO - Model checkpoint saved at training_output/20241203_112912/models/epoch_100.pth
2024-12-03 17:23:14,534 - INFO - Training completed.
