2024-11-22 09:43:00,705 - INFO - Starting.
2024-11-22 09:43:00,705 - INFO - Loading Data.
2024-11-22 09:51:48,767 - INFO - Data loaded in 0.0 hours 8.0 minutes.
2024-11-22 09:51:48,951 - INFO - Training Started.
2024-11-22 09:53:39,820 - INFO - Epoch [1/100], Batch [0/26]
 Dt Loss: 0.0864
 
2024-11-22 09:54:09,981 - INFO - Epoch [1/100], Batch [10/26]
 Dt Loss: 0.0857
 
2024-11-22 09:54:26,686 - INFO - Epoch [1/100], Batch [20/26]
 Dt Loss: 0.0842
 
2024-11-22 09:54:34,805 - INFO - Epoch [1/100] completed. Average Action Loss: 0.0852
2024-11-22 09:54:34,805 - INFO - ===================================================================================
2024-11-22 09:55:06,462 - INFO - Epoch [1/100]
 Validation Loss: 0.0829 
 
2024-11-22 09:55:06,463 - INFO - ===================================================================================
2024-11-22 09:55:06,494 - INFO - Completed in 0h 3m
2024-11-22 09:57:58,468 - INFO - 1 Test Returns: 53.0
2024-11-22 09:58:15,797 - INFO - Epoch [2/100], Batch [0/26]
 Dt Loss: 0.0832
 
2024-11-22 09:58:30,412 - INFO - Epoch [2/100], Batch [10/26]
 Dt Loss: 0.0815
 
2024-11-22 09:58:44,810 - INFO - Epoch [2/100], Batch [20/26]
 Dt Loss: 0.0791
 
2024-11-22 09:58:53,359 - INFO - Epoch [2/100] completed. Average Action Loss: 0.0808
2024-11-22 09:58:53,359 - INFO - ===================================================================================
2024-11-22 09:59:24,370 - INFO - Epoch [2/100]
 Validation Loss: 0.0771 
 
2024-11-22 09:59:24,370 - INFO - ===================================================================================
2024-11-22 09:59:24,371 - INFO - Completed in 0h 7m
2024-11-22 10:02:15,464 - INFO - 2 Test Returns: 54.8
2024-11-22 10:02:25,124 - INFO - Epoch [3/100], Batch [0/26]
 Dt Loss: 0.0780
 
2024-11-22 10:02:39,628 - INFO - Epoch [3/100], Batch [10/26]
 Dt Loss: 0.0757
 
2024-11-22 10:02:53,649 - INFO - Epoch [3/100], Batch [20/26]
 Dt Loss: 0.0728
 
2024-11-22 10:03:03,008 - INFO - Epoch [3/100] completed. Average Action Loss: 0.0749
2024-11-22 10:03:03,008 - INFO - ===================================================================================
2024-11-22 10:03:34,434 - INFO - Epoch [3/100]
 Validation Loss: 0.0695 
 
2024-11-22 10:03:34,434 - INFO - ===================================================================================
2024-11-22 10:03:34,434 - INFO - Completed in 0h 11m
2024-11-22 10:03:43,760 - INFO - Epoch [4/100], Batch [0/26]
 Dt Loss: 0.0712
 
2024-11-22 10:03:58,355 - INFO - Epoch [4/100], Batch [10/26]
 Dt Loss: 0.0652
 
2024-11-22 10:04:12,486 - INFO - Epoch [4/100], Batch [20/26]
 Dt Loss: 0.0576
 
2024-11-22 10:04:20,640 - INFO - Epoch [4/100] completed. Average Action Loss: 0.0632
2024-11-22 10:04:20,640 - INFO - ===================================================================================
2024-11-22 10:04:50,267 - INFO - Epoch [4/100]
 Validation Loss: 0.0514 
 
2024-11-22 10:04:50,268 - INFO - ===================================================================================
2024-11-22 10:04:50,268 - INFO - Completed in 0h 13m
2024-11-22 10:07:45,113 - INFO - 4 Test Returns: 55.8
2024-11-22 10:07:54,553 - INFO - Epoch [5/100], Batch [0/26]
 Dt Loss: 0.0538
 
2024-11-22 10:08:09,449 - INFO - Epoch [5/100], Batch [10/26]
 Dt Loss: 0.0493
 
2024-11-22 10:08:23,959 - INFO - Epoch [5/100], Batch [20/26]
 Dt Loss: 0.0463
 
2024-11-22 10:08:32,497 - INFO - Epoch [5/100] completed. Average Action Loss: 0.0485
2024-11-22 10:08:32,498 - INFO - ===================================================================================
2024-11-22 10:09:02,864 - INFO - Epoch [5/100]
 Validation Loss: 0.0436 
 
2024-11-22 10:09:02,865 - INFO - ===================================================================================
2024-11-22 10:09:02,865 - INFO - Completed in 0h 17m
2024-11-22 10:09:12,613 - INFO - Epoch [6/100], Batch [0/26]
 Dt Loss: 0.0452
 
2024-11-22 10:09:27,720 - INFO - Epoch [6/100], Batch [10/26]
 Dt Loss: 0.0441
 
2024-11-22 10:09:44,821 - INFO - Epoch [6/100], Batch [20/26]
 Dt Loss: 0.0423
 
2024-11-22 10:09:53,187 - INFO - Epoch [6/100] completed. Average Action Loss: 0.0433
2024-11-22 10:09:53,187 - INFO - ===================================================================================
2024-11-22 10:10:23,465 - INFO - Epoch [6/100]
 Validation Loss: 0.0406 
 
2024-11-22 10:10:23,465 - INFO - ===================================================================================
2024-11-22 10:10:23,465 - INFO - Completed in 0h 18m
2024-11-22 10:13:15,891 - INFO - 6 Test Returns: 54.6
2024-11-22 10:13:25,723 - INFO - Epoch [7/100], Batch [0/26]
 Dt Loss: 0.0422
 
2024-11-22 10:13:42,058 - INFO - Epoch [7/100], Batch [10/26]
 Dt Loss: 0.0410
 
2024-11-22 10:13:56,483 - INFO - Epoch [7/100], Batch [20/26]
 Dt Loss: 0.0408
 
2024-11-22 10:14:04,810 - INFO - Epoch [7/100] completed. Average Action Loss: 0.0410
2024-11-22 10:14:04,810 - INFO - ===================================================================================
2024-11-22 10:14:34,956 - INFO - Epoch [7/100]
 Validation Loss: 0.0385 
 
2024-11-22 10:14:34,957 - INFO - ===================================================================================
2024-11-22 10:14:34,957 - INFO - Completed in 0h 22m
2024-11-22 10:14:44,701 - INFO - Epoch [8/100], Batch [0/26]
 Dt Loss: 0.0395
 
2024-11-22 10:14:59,592 - INFO - Epoch [8/100], Batch [10/26]
 Dt Loss: 0.0396
 
2024-11-22 10:15:14,136 - INFO - Epoch [8/100], Batch [20/26]
 Dt Loss: 0.0396
 
2024-11-22 10:15:22,415 - INFO - Epoch [8/100] completed. Average Action Loss: 0.0397
2024-11-22 10:15:22,416 - INFO - ===================================================================================
2024-11-22 10:15:52,974 - INFO - Epoch [8/100]
 Validation Loss: 0.0369 
 
2024-11-22 10:15:52,974 - INFO - ===================================================================================
2024-11-22 10:15:52,974 - INFO - Completed in 0h 24m
2024-11-22 10:18:49,687 - INFO - 8 Test Returns: 52.2
2024-11-22 10:18:59,108 - INFO - Epoch [9/100], Batch [0/26]
 Dt Loss: 0.0389
 
2024-11-22 10:19:13,956 - INFO - Epoch [9/100], Batch [10/26]
 Dt Loss: 0.0386
 
2024-11-22 10:19:28,113 - INFO - Epoch [9/100], Batch [20/26]
 Dt Loss: 0.0383
 
2024-11-22 10:19:36,446 - INFO - Epoch [9/100] completed. Average Action Loss: 0.0385
2024-11-22 10:19:36,446 - INFO - ===================================================================================
2024-11-22 10:20:08,075 - INFO - Epoch [9/100]
 Validation Loss: 0.0352 
 
2024-11-22 10:20:08,075 - INFO - ===================================================================================
2024-11-22 10:20:08,076 - INFO - Completed in 0h 28m
2024-11-22 10:20:17,949 - INFO - Epoch [10/100], Batch [0/26]
 Dt Loss: 0.0379
 
2024-11-22 10:20:32,664 - INFO - Epoch [10/100], Batch [10/26]
 Dt Loss: 0.0376
 
2024-11-22 10:20:46,880 - INFO - Epoch [10/100], Batch [20/26]
 Dt Loss: 0.0376
 
2024-11-22 10:20:55,032 - INFO - Epoch [10/100] completed. Average Action Loss: 0.0376
2024-11-22 10:20:55,032 - INFO - ===================================================================================
2024-11-22 10:21:27,481 - INFO - Epoch [10/100]
 Validation Loss: 0.0341 
 
2024-11-22 10:21:27,481 - INFO - ===================================================================================
2024-11-22 10:21:27,482 - INFO - Completed in 0h 29m
2024-11-22 10:24:21,050 - INFO - 10 Test Returns: 53.2
2024-11-22 10:24:30,860 - INFO - Epoch [11/100], Batch [0/26]
 Dt Loss: 0.0376
 
2024-11-22 10:24:45,838 - INFO - Epoch [11/100], Batch [10/26]
 Dt Loss: 0.0364
 
2024-11-22 10:25:00,880 - INFO - Epoch [11/100], Batch [20/26]
 Dt Loss: 0.0364
 
2024-11-22 10:25:09,314 - INFO - Epoch [11/100] completed. Average Action Loss: 0.0368
2024-11-22 10:25:09,314 - INFO - ===================================================================================
2024-11-22 10:25:38,732 - INFO - Epoch [11/100]
 Validation Loss: 0.0337 
 
2024-11-22 10:25:38,732 - INFO - ===================================================================================
2024-11-22 10:25:38,733 - INFO - Completed in 0h 33m
2024-11-22 10:25:48,015 - INFO - Epoch [12/100], Batch [0/26]
 Dt Loss: 0.0367
 
2024-11-22 10:26:03,017 - INFO - Epoch [12/100], Batch [10/26]
 Dt Loss: 0.0359
 
2024-11-22 10:26:17,656 - INFO - Epoch [12/100], Batch [20/26]
 Dt Loss: 0.0354
 
2024-11-22 10:26:26,076 - INFO - Epoch [12/100] completed. Average Action Loss: 0.0361
2024-11-22 10:26:26,076 - INFO - ===================================================================================
2024-11-22 10:26:59,806 - INFO - Epoch [12/100]
 Validation Loss: 0.0329 
 
2024-11-22 10:26:59,806 - INFO - ===================================================================================
2024-11-22 10:26:59,807 - INFO - Completed in 0h 35m
2024-11-22 10:29:53,008 - INFO - 12 Test Returns: 52.8
2024-11-22 10:30:02,508 - INFO - Epoch [13/100], Batch [0/26]
 Dt Loss: 0.0366
 
2024-11-22 10:30:17,151 - INFO - Epoch [13/100], Batch [10/26]
 Dt Loss: 0.0355
 
2024-11-22 10:30:31,514 - INFO - Epoch [13/100], Batch [20/26]
 Dt Loss: 0.0358
 
2024-11-22 10:30:39,768 - INFO - Epoch [13/100] completed. Average Action Loss: 0.0357
2024-11-22 10:30:39,768 - INFO - ===================================================================================
2024-11-22 10:31:12,729 - INFO - Epoch [13/100]
 Validation Loss: 0.0323 
 
2024-11-22 10:31:12,729 - INFO - ===================================================================================
2024-11-22 10:31:12,729 - INFO - Completed in 0h 39m
2024-11-22 10:31:22,481 - INFO - Epoch [14/100], Batch [0/26]
 Dt Loss: 0.0357
 
2024-11-22 10:31:37,324 - INFO - Epoch [14/100], Batch [10/26]
 Dt Loss: 0.0351
 
2024-11-22 10:31:52,546 - INFO - Epoch [14/100], Batch [20/26]
 Dt Loss: 0.0358
 
2024-11-22 10:32:00,904 - INFO - Epoch [14/100] completed. Average Action Loss: 0.0352
2024-11-22 10:32:00,904 - INFO - ===================================================================================
2024-11-22 10:32:30,630 - INFO - Epoch [14/100]
 Validation Loss: 0.0318 
 
2024-11-22 10:32:30,630 - INFO - ===================================================================================
2024-11-22 10:32:30,631 - INFO - Completed in 0h 40m
2024-11-22 10:35:24,279 - INFO - 14 Test Returns: 56.4
2024-11-22 10:35:33,827 - INFO - Epoch [15/100], Batch [0/26]
 Dt Loss: 0.0343
 
2024-11-22 10:35:50,021 - INFO - Epoch [15/100], Batch [10/26]
 Dt Loss: 0.0346
 
2024-11-22 10:36:04,570 - INFO - Epoch [15/100], Batch [20/26]
 Dt Loss: 0.0342
 
2024-11-22 10:36:12,845 - INFO - Epoch [15/100] completed. Average Action Loss: 0.0347
2024-11-22 10:36:12,846 - INFO - ===================================================================================
2024-11-22 10:36:42,495 - INFO - Epoch [15/100]
 Validation Loss: 0.0315 
 
2024-11-22 10:36:42,495 - INFO - ===================================================================================
2024-11-22 10:36:42,495 - INFO - Completed in 0h 44m
2024-11-22 10:36:51,955 - INFO - Epoch [16/100], Batch [0/26]
 Dt Loss: 0.0347
 
2024-11-22 10:37:06,733 - INFO - Epoch [16/100], Batch [10/26]
 Dt Loss: 0.0345
 
2024-11-22 10:37:21,707 - INFO - Epoch [16/100], Batch [20/26]
 Dt Loss: 0.0338
 
2024-11-22 10:37:30,004 - INFO - Epoch [16/100] completed. Average Action Loss: 0.0342
2024-11-22 10:37:30,004 - INFO - ===================================================================================
2024-11-22 10:37:59,951 - INFO - Epoch [16/100]
 Validation Loss: 0.0313 
 
2024-11-22 10:37:59,951 - INFO - ===================================================================================
2024-11-22 10:37:59,952 - INFO - Completed in 0h 46m
2024-11-22 10:40:53,641 - INFO - 16 Test Returns: 53.8
2024-11-22 10:41:03,171 - INFO - Epoch [17/100], Batch [0/26]
 Dt Loss: 0.0337
 
2024-11-22 10:41:17,935 - INFO - Epoch [17/100], Batch [10/26]
 Dt Loss: 0.0335
 
2024-11-22 10:41:32,854 - INFO - Epoch [17/100], Batch [20/26]
 Dt Loss: 0.0335
 
2024-11-22 10:41:41,090 - INFO - Epoch [17/100] completed. Average Action Loss: 0.0340
2024-11-22 10:41:41,090 - INFO - ===================================================================================
2024-11-22 10:42:13,533 - INFO - Epoch [17/100]
 Validation Loss: 0.0308 
 
2024-11-22 10:42:13,534 - INFO - ===================================================================================
2024-11-22 10:42:13,534 - INFO - Completed in 0h 50m
2024-11-22 10:42:22,913 - INFO - Epoch [18/100], Batch [0/26]
 Dt Loss: 0.0336
 
2024-11-22 10:42:36,814 - INFO - Epoch [18/100], Batch [10/26]
 Dt Loss: 0.0340
 
2024-11-22 10:42:50,675 - INFO - Epoch [18/100], Batch [20/26]
 Dt Loss: 0.0340
 
2024-11-22 10:42:58,808 - INFO - Epoch [18/100] completed. Average Action Loss: 0.0336
2024-11-22 10:42:58,809 - INFO - ===================================================================================
2024-11-22 10:43:30,984 - INFO - Epoch [18/100]
 Validation Loss: 0.0303 
 
2024-11-22 10:43:30,984 - INFO - ===================================================================================
2024-11-22 10:43:30,984 - INFO - Completed in 0h 51m
2024-11-22 10:46:22,905 - INFO - 18 Test Returns: 55.0
2024-11-22 10:46:32,451 - INFO - Epoch [19/100], Batch [0/26]
 Dt Loss: 0.0342
 
2024-11-22 10:46:47,103 - INFO - Epoch [19/100], Batch [10/26]
 Dt Loss: 0.0332
 
2024-11-22 10:47:00,907 - INFO - Epoch [19/100], Batch [20/26]
 Dt Loss: 0.0336
 
2024-11-22 10:47:09,398 - INFO - Epoch [19/100] completed. Average Action Loss: 0.0333
2024-11-22 10:47:09,398 - INFO - ===================================================================================
2024-11-22 10:47:39,785 - INFO - Epoch [19/100]
 Validation Loss: 0.0305 
 
2024-11-22 10:47:39,785 - INFO - ===================================================================================
2024-11-22 10:47:39,786 - INFO - Completed in 0h 55m
2024-11-22 10:47:51,920 - INFO - Epoch [20/100], Batch [0/26]
 Dt Loss: 0.0331
 
2024-11-22 10:48:06,024 - INFO - Epoch [20/100], Batch [10/26]
 Dt Loss: 0.0328
 
2024-11-22 10:48:19,684 - INFO - Epoch [20/100], Batch [20/26]
 Dt Loss: 0.0334
 
2024-11-22 10:48:28,009 - INFO - Epoch [20/100] completed. Average Action Loss: 0.0329
2024-11-22 10:48:28,010 - INFO - ===================================================================================
2024-11-22 10:48:58,090 - INFO - Epoch [20/100]
 Validation Loss: 0.0301 
 
2024-11-22 10:48:58,091 - INFO - ===================================================================================
2024-11-22 10:48:58,091 - INFO - Completed in 0h 57m
2024-11-22 10:51:52,968 - INFO - 20 Test Returns: 54.0
2024-11-22 10:52:02,792 - INFO - Epoch [21/100], Batch [0/26]
 Dt Loss: 0.0328
 
2024-11-22 10:52:16,930 - INFO - Epoch [21/100], Batch [10/26]
 Dt Loss: 0.0332
 
2024-11-22 10:52:30,732 - INFO - Epoch [21/100], Batch [20/26]
 Dt Loss: 0.0324
 
2024-11-22 10:52:39,210 - INFO - Epoch [21/100] completed. Average Action Loss: 0.0326
2024-11-22 10:52:39,210 - INFO - ===================================================================================
2024-11-22 10:53:11,104 - INFO - Epoch [21/100]
 Validation Loss: 0.0298 
 
2024-11-22 10:53:11,104 - INFO - ===================================================================================
2024-11-22 10:53:11,104 - INFO - Completed in 1h 1m
2024-11-22 10:53:22,721 - INFO - Epoch [22/100], Batch [0/26]
 Dt Loss: 0.0324
 
2024-11-22 10:53:37,339 - INFO - Epoch [22/100], Batch [10/26]
 Dt Loss: 0.0322
 
2024-11-22 10:53:51,025 - INFO - Epoch [22/100], Batch [20/26]
 Dt Loss: 0.0318
 
2024-11-22 10:53:59,318 - INFO - Epoch [22/100] completed. Average Action Loss: 0.0322
2024-11-22 10:53:59,318 - INFO - ===================================================================================
2024-11-22 10:54:29,473 - INFO - Epoch [22/100]
 Validation Loss: 0.0292 
 
2024-11-22 10:54:29,474 - INFO - ===================================================================================
2024-11-22 10:54:29,474 - INFO - Completed in 1h 2m
2024-11-22 10:57:26,158 - INFO - 22 Test Returns: 56.2
2024-11-22 10:57:36,521 - INFO - Epoch [23/100], Batch [0/26]
 Dt Loss: 0.0318
 
2024-11-22 10:57:50,493 - INFO - Epoch [23/100], Batch [10/26]
 Dt Loss: 0.0317
 
2024-11-22 10:58:04,456 - INFO - Epoch [23/100], Batch [20/26]
 Dt Loss: 0.0317
 
2024-11-22 10:58:14,190 - INFO - Epoch [23/100] completed. Average Action Loss: 0.0318
2024-11-22 10:58:14,191 - INFO - ===================================================================================
2024-11-22 10:58:44,470 - INFO - Epoch [23/100]
 Validation Loss: 0.0289 
 
2024-11-22 10:58:44,470 - INFO - ===================================================================================
2024-11-22 10:58:44,471 - INFO - Completed in 1h 6m
2024-11-22 10:58:54,100 - INFO - Epoch [24/100], Batch [0/26]
 Dt Loss: 0.0318
 
2024-11-22 10:59:08,256 - INFO - Epoch [24/100], Batch [10/26]
 Dt Loss: 0.0313
 
2024-11-22 10:59:23,992 - INFO - Epoch [24/100], Batch [20/26]
 Dt Loss: 0.0312
 
2024-11-22 10:59:32,843 - INFO - Epoch [24/100] completed. Average Action Loss: 0.0314
2024-11-22 10:59:32,843 - INFO - ===================================================================================
2024-11-22 11:00:03,050 - INFO - Epoch [24/100]
 Validation Loss: 0.0287 
 
2024-11-22 11:00:03,050 - INFO - ===================================================================================
2024-11-22 11:00:03,050 - INFO - Completed in 1h 8m
2024-11-22 11:02:57,271 - INFO - 24 Test Returns: 57.4
2024-11-22 11:03:06,743 - INFO - Epoch [25/100], Batch [0/26]
 Dt Loss: 0.0306
 
2024-11-22 11:03:21,961 - INFO - Epoch [25/100], Batch [10/26]
 Dt Loss: 0.0312
 
2024-11-22 11:03:36,564 - INFO - Epoch [25/100], Batch [20/26]
 Dt Loss: 0.0310
 
2024-11-22 11:03:44,859 - INFO - Epoch [25/100] completed. Average Action Loss: 0.0309
2024-11-22 11:03:44,860 - INFO - ===================================================================================
2024-11-22 11:04:16,164 - INFO - Epoch [25/100]
 Validation Loss: 0.0284 
 
2024-11-22 11:04:16,164 - INFO - ===================================================================================
2024-11-22 11:04:16,165 - INFO - Completed in 1h 12m
2024-11-22 11:04:25,534 - INFO - Epoch [26/100], Batch [0/26]
 Dt Loss: 0.0311
 
2024-11-22 11:04:39,581 - INFO - Epoch [26/100], Batch [10/26]
 Dt Loss: 0.0305
 
2024-11-22 11:04:53,213 - INFO - Epoch [26/100], Batch [20/26]
 Dt Loss: 0.0303
 
2024-11-22 11:05:01,489 - INFO - Epoch [26/100] completed. Average Action Loss: 0.0307
2024-11-22 11:05:01,489 - INFO - ===================================================================================
2024-11-22 11:05:31,763 - INFO - Epoch [26/100]
 Validation Loss: 0.0280 
 
2024-11-22 11:05:31,764 - INFO - ===================================================================================
2024-11-22 11:05:31,765 - INFO - Completed in 1h 13m
2024-11-22 11:08:20,277 - INFO - 26 Test Returns: 56.8
2024-11-22 11:08:30,156 - INFO - Epoch [27/100], Batch [0/26]
 Dt Loss: 0.0309
 
2024-11-22 11:08:45,047 - INFO - Epoch [27/100], Batch [10/26]
 Dt Loss: 0.0301
 
2024-11-22 11:09:01,863 - INFO - Epoch [27/100], Batch [20/26]
 Dt Loss: 0.0303
 
2024-11-22 11:09:10,399 - INFO - Epoch [27/100] completed. Average Action Loss: 0.0304
2024-11-22 11:09:10,399 - INFO - ===================================================================================
2024-11-22 11:09:40,605 - INFO - Epoch [27/100]
 Validation Loss: 0.0279 
 
2024-11-22 11:09:40,605 - INFO - ===================================================================================
2024-11-22 11:09:40,606 - INFO - Completed in 1h 17m
2024-11-22 11:09:50,051 - INFO - Epoch [28/100], Batch [0/26]
 Dt Loss: 0.0304
 
2024-11-22 11:10:04,481 - INFO - Epoch [28/100], Batch [10/26]
 Dt Loss: 0.0299
 
2024-11-22 11:10:18,368 - INFO - Epoch [28/100], Batch [20/26]
 Dt Loss: 0.0296
 
2024-11-22 11:10:26,965 - INFO - Epoch [28/100] completed. Average Action Loss: 0.0302
2024-11-22 11:10:26,965 - INFO - ===================================================================================
2024-11-22 11:10:59,633 - INFO - Epoch [28/100]
 Validation Loss: 0.0275 
 
2024-11-22 11:10:59,633 - INFO - ===================================================================================
2024-11-22 11:10:59,633 - INFO - Completed in 1h 19m
2024-11-22 11:13:52,197 - INFO - 28 Test Returns: 54.8
2024-11-22 11:14:01,870 - INFO - Epoch [29/100], Batch [0/26]
 Dt Loss: 0.0299
 
2024-11-22 11:14:15,861 - INFO - Epoch [29/100], Batch [10/26]
 Dt Loss: 0.0307
 
2024-11-22 11:14:29,756 - INFO - Epoch [29/100], Batch [20/26]
 Dt Loss: 0.0302
 
2024-11-22 11:14:37,973 - INFO - Epoch [29/100] completed. Average Action Loss: 0.0299
2024-11-22 11:14:37,973 - INFO - ===================================================================================
2024-11-22 11:15:07,716 - INFO - Epoch [29/100]
 Validation Loss: 0.0276 
 
2024-11-22 11:15:07,716 - INFO - ===================================================================================
2024-11-22 11:15:07,716 - INFO - Completed in 1h 23m
2024-11-22 11:15:17,325 - INFO - Epoch [30/100], Batch [0/26]
 Dt Loss: 0.0299
 
2024-11-22 11:15:33,763 - INFO - Epoch [30/100], Batch [10/26]
 Dt Loss: 0.0297
 
2024-11-22 11:15:47,821 - INFO - Epoch [30/100], Batch [20/26]
 Dt Loss: 0.0306
 
2024-11-22 11:15:56,538 - INFO - Epoch [30/100] completed. Average Action Loss: 0.0297
2024-11-22 11:15:56,538 - INFO - ===================================================================================
2024-11-22 11:16:27,484 - INFO - Epoch [30/100]
 Validation Loss: 0.0276 
 
2024-11-22 11:16:27,484 - INFO - ===================================================================================
2024-11-22 11:16:27,485 - INFO - Completed in 1h 24m
2024-11-22 11:19:22,709 - INFO - 30 Test Returns: 53.4
2024-11-22 11:19:32,226 - INFO - Epoch [31/100], Batch [0/26]
 Dt Loss: 0.0300
 
2024-11-22 11:19:46,489 - INFO - Epoch [31/100], Batch [10/26]
 Dt Loss: 0.0289
 
2024-11-22 11:20:01,341 - INFO - Epoch [31/100], Batch [20/26]
 Dt Loss: 0.0296
 
2024-11-22 11:20:10,205 - INFO - Epoch [31/100] completed. Average Action Loss: 0.0295
2024-11-22 11:20:10,205 - INFO - ===================================================================================
2024-11-22 11:20:40,058 - INFO - Epoch [31/100]
 Validation Loss: 0.0270 
 
2024-11-22 11:20:40,058 - INFO - ===================================================================================
2024-11-22 11:20:40,067 - INFO - Completed in 1h 28m
2024-11-22 11:20:49,423 - INFO - Epoch [32/100], Batch [0/26]
 Dt Loss: 0.0288
 
2024-11-22 11:21:03,389 - INFO - Epoch [32/100], Batch [10/26]
 Dt Loss: 0.0299
 
2024-11-22 11:21:18,257 - INFO - Epoch [32/100], Batch [20/26]
 Dt Loss: 0.0290
 
2024-11-22 11:21:27,618 - INFO - Epoch [32/100] completed. Average Action Loss: 0.0293
2024-11-22 11:21:27,618 - INFO - ===================================================================================
2024-11-22 11:21:57,810 - INFO - Epoch [32/100]
 Validation Loss: 0.0268 
 
2024-11-22 11:21:57,811 - INFO - ===================================================================================
2024-11-22 11:21:57,811 - INFO - Completed in 1h 30m
2024-11-22 11:24:53,224 - INFO - 32 Test Returns: 55.0
2024-11-22 11:25:03,009 - INFO - Epoch [33/100], Batch [0/26]
 Dt Loss: 0.0294
 
2024-11-22 11:25:17,732 - INFO - Epoch [33/100], Batch [10/26]
 Dt Loss: 0.0288
 
2024-11-22 11:25:33,461 - INFO - Epoch [33/100], Batch [20/26]
 Dt Loss: 0.0292
 
2024-11-22 11:25:42,097 - INFO - Epoch [33/100] completed. Average Action Loss: 0.0291
2024-11-22 11:25:42,097 - INFO - ===================================================================================
2024-11-22 11:26:12,518 - INFO - Epoch [33/100]
 Validation Loss: 0.0266 
 
2024-11-22 11:26:12,518 - INFO - ===================================================================================
2024-11-22 11:26:12,519 - INFO - Completed in 1h 34m
2024-11-22 11:26:22,231 - INFO - Epoch [34/100], Batch [0/26]
 Dt Loss: 0.0291
 
2024-11-22 11:26:37,027 - INFO - Epoch [34/100], Batch [10/26]
 Dt Loss: 0.0291
 
2024-11-22 11:26:51,104 - INFO - Epoch [34/100], Batch [20/26]
 Dt Loss: 0.0292
 
2024-11-22 11:26:59,578 - INFO - Epoch [34/100] completed. Average Action Loss: 0.0289
2024-11-22 11:26:59,578 - INFO - ===================================================================================
2024-11-22 11:27:31,451 - INFO - Epoch [34/100]
 Validation Loss: 0.0266 
 
2024-11-22 11:27:31,452 - INFO - ===================================================================================
2024-11-22 11:27:31,452 - INFO - Completed in 1h 35m
2024-11-22 11:30:28,371 - INFO - 34 Test Returns: 54.4
2024-11-22 11:30:38,065 - INFO - Epoch [35/100], Batch [0/26]
 Dt Loss: 0.0293
 
2024-11-22 11:30:52,516 - INFO - Epoch [35/100], Batch [10/26]
 Dt Loss: 0.0286
 
2024-11-22 11:31:06,299 - INFO - Epoch [35/100], Batch [20/26]
 Dt Loss: 0.0290
 
2024-11-22 11:31:14,685 - INFO - Epoch [35/100] completed. Average Action Loss: 0.0288
2024-11-22 11:31:14,685 - INFO - ===================================================================================
2024-11-22 11:31:44,519 - INFO - Epoch [35/100]
 Validation Loss: 0.0265 
 
2024-11-22 11:31:44,519 - INFO - ===================================================================================
2024-11-22 11:31:44,520 - INFO - Completed in 1h 39m
2024-11-22 11:31:55,885 - INFO - Epoch [36/100], Batch [0/26]
 Dt Loss: 0.0293
 
2024-11-22 11:32:10,791 - INFO - Epoch [36/100], Batch [10/26]
 Dt Loss: 0.0287
 
2024-11-22 11:32:25,181 - INFO - Epoch [36/100], Batch [20/26]
 Dt Loss: 0.0282
 
2024-11-22 11:32:33,557 - INFO - Epoch [36/100] completed. Average Action Loss: 0.0286
2024-11-22 11:32:33,557 - INFO - ===================================================================================
2024-11-22 11:33:06,136 - INFO - Epoch [36/100]
 Validation Loss: 0.0263 
 
2024-11-22 11:33:06,136 - INFO - ===================================================================================
2024-11-22 11:33:06,137 - INFO - Completed in 1h 41m
2024-11-22 11:36:00,306 - INFO - 36 Test Returns: 58.4
2024-11-22 11:36:10,346 - INFO - Epoch [37/100], Batch [0/26]
 Dt Loss: 0.0284
 
2024-11-22 11:36:30,923 - INFO - Epoch [37/100], Batch [10/26]
 Dt Loss: 0.0281
 
2024-11-22 11:36:49,574 - INFO - Epoch [37/100], Batch [20/26]
 Dt Loss: 0.0280
 
2024-11-22 11:37:00,154 - INFO - Epoch [37/100] completed. Average Action Loss: 0.0285
2024-11-22 11:37:00,155 - INFO - ===================================================================================
2024-11-22 11:37:31,175 - INFO - Epoch [37/100]
 Validation Loss: 0.0262 
 
2024-11-22 11:37:31,176 - INFO - ===================================================================================
2024-11-22 11:37:31,202 - INFO - Completed in 1h 45m
2024-11-22 11:37:41,403 - INFO - Epoch [38/100], Batch [0/26]
 Dt Loss: 0.0279
 
2024-11-22 11:37:59,512 - INFO - Epoch [38/100], Batch [10/26]
 Dt Loss: 0.0285
 
2024-11-22 11:38:17,683 - INFO - Epoch [38/100], Batch [20/26]
 Dt Loss: 0.0281
 
2024-11-22 11:38:26,666 - INFO - Epoch [38/100] completed. Average Action Loss: 0.0283
2024-11-22 11:38:26,666 - INFO - ===================================================================================
2024-11-22 11:38:56,859 - INFO - Epoch [38/100]
 Validation Loss: 0.0261 
 
2024-11-22 11:38:56,859 - INFO - ===================================================================================
2024-11-22 11:38:56,860 - INFO - Completed in 1h 47m
2024-11-22 11:41:53,137 - INFO - 38 Test Returns: 56.0
2024-11-22 11:42:05,517 - INFO - Epoch [39/100], Batch [0/26]
 Dt Loss: 0.0274
 
2024-11-22 11:42:19,863 - INFO - Epoch [39/100], Batch [10/26]
 Dt Loss: 0.0281
 
2024-11-22 11:42:35,021 - INFO - Epoch [39/100], Batch [20/26]
 Dt Loss: 0.0288
 
2024-11-22 11:42:43,649 - INFO - Epoch [39/100] completed. Average Action Loss: 0.0282
2024-11-22 11:42:43,649 - INFO - ===================================================================================
2024-11-22 11:43:14,442 - INFO - Epoch [39/100]
 Validation Loss: 0.0258 
 
2024-11-22 11:43:14,442 - INFO - ===================================================================================
2024-11-22 11:43:14,678 - INFO - Completed in 1h 51m
2024-11-22 11:43:24,488 - INFO - Epoch [40/100], Batch [0/26]
 Dt Loss: 0.0284
 
2024-11-22 11:43:41,533 - INFO - Epoch [40/100], Batch [10/26]
 Dt Loss: 0.0284
 
2024-11-22 11:43:56,972 - INFO - Epoch [40/100], Batch [20/26]
 Dt Loss: 0.0275
 
2024-11-22 11:44:08,001 - INFO - Epoch [40/100] completed. Average Action Loss: 0.0280
2024-11-22 11:44:08,001 - INFO - ===================================================================================
2024-11-22 11:44:37,727 - INFO - Epoch [40/100]
 Validation Loss: 0.0256 
 
2024-11-22 11:44:37,728 - INFO - ===================================================================================
2024-11-22 11:44:37,728 - INFO - Completed in 1h 52m
2024-11-22 11:47:42,933 - INFO - 40 Test Returns: 53.8
2024-11-22 11:47:52,497 - INFO - Epoch [41/100], Batch [0/26]
 Dt Loss: 0.0280
 
2024-11-22 11:48:06,998 - INFO - Epoch [41/100], Batch [10/26]
 Dt Loss: 0.0278
 
2024-11-22 11:48:22,384 - INFO - Epoch [41/100], Batch [20/26]
 Dt Loss: 0.0273
 
2024-11-22 11:48:31,005 - INFO - Epoch [41/100] completed. Average Action Loss: 0.0279
2024-11-22 11:48:31,006 - INFO - ===================================================================================
2024-11-22 11:49:01,303 - INFO - Epoch [41/100]
 Validation Loss: 0.0258 
 
2024-11-22 11:49:01,303 - INFO - ===================================================================================
2024-11-22 11:49:01,304 - INFO - Completed in 1h 57m
2024-11-22 11:49:11,116 - INFO - Epoch [42/100], Batch [0/26]
 Dt Loss: 0.0281
 
2024-11-22 11:49:26,344 - INFO - Epoch [42/100], Batch [10/26]
 Dt Loss: 0.0281
 
2024-11-22 11:49:40,861 - INFO - Epoch [42/100], Batch [20/26]
 Dt Loss: 0.0281
 
2024-11-22 11:49:49,220 - INFO - Epoch [42/100] completed. Average Action Loss: 0.0277
2024-11-22 11:49:49,220 - INFO - ===================================================================================
2024-11-22 11:50:19,793 - INFO - Epoch [42/100]
 Validation Loss: 0.0254 
 
2024-11-22 11:50:19,794 - INFO - ===================================================================================
2024-11-22 11:50:19,794 - INFO - Completed in 1h 58m
2024-11-22 11:53:13,112 - INFO - 42 Test Returns: 56.4
2024-11-22 11:53:22,729 - INFO - Epoch [43/100], Batch [0/26]
 Dt Loss: 0.0279
 
2024-11-22 11:53:37,245 - INFO - Epoch [43/100], Batch [10/26]
 Dt Loss: 0.0276
 
2024-11-22 11:53:52,404 - INFO - Epoch [43/100], Batch [20/26]
 Dt Loss: 0.0277
 
2024-11-22 11:54:01,045 - INFO - Epoch [43/100] completed. Average Action Loss: 0.0277
2024-11-22 11:54:01,045 - INFO - ===================================================================================
2024-11-22 11:54:31,140 - INFO - Epoch [43/100]
 Validation Loss: 0.0253 
 
2024-11-22 11:54:31,140 - INFO - ===================================================================================
2024-11-22 11:54:31,141 - INFO - Completed in 2h 2m
2024-11-22 11:54:40,603 - INFO - Epoch [44/100], Batch [0/26]
 Dt Loss: 0.0275
 
2024-11-22 11:54:54,914 - INFO - Epoch [44/100], Batch [10/26]
 Dt Loss: 0.0273
 
2024-11-22 11:55:10,814 - INFO - Epoch [44/100], Batch [20/26]
 Dt Loss: 0.0275
 
2024-11-22 11:55:19,177 - INFO - Epoch [44/100] completed. Average Action Loss: 0.0274
2024-11-22 11:55:19,178 - INFO - ===================================================================================
2024-11-22 11:55:49,499 - INFO - Epoch [44/100]
 Validation Loss: 0.0254 
 
2024-11-22 11:55:49,500 - INFO - ===================================================================================
2024-11-22 11:55:49,500 - INFO - Completed in 2h 4m
2024-11-22 11:58:44,748 - INFO - 44 Test Returns: 53.2
2024-11-22 11:58:54,387 - INFO - Epoch [45/100], Batch [0/26]
 Dt Loss: 0.0274
 
2024-11-22 11:59:08,773 - INFO - Epoch [45/100], Batch [10/26]
 Dt Loss: 0.0272
 
2024-11-22 11:59:22,645 - INFO - Epoch [45/100], Batch [20/26]
 Dt Loss: 0.0277
 
2024-11-22 11:59:30,913 - INFO - Epoch [45/100] completed. Average Action Loss: 0.0274
2024-11-22 11:59:30,913 - INFO - ===================================================================================
2024-11-22 12:00:03,752 - INFO - Epoch [45/100]
 Validation Loss: 0.0250 
 
2024-11-22 12:00:03,752 - INFO - ===================================================================================
2024-11-22 12:00:03,753 - INFO - Completed in 2h 8m
2024-11-22 12:00:13,537 - INFO - Epoch [46/100], Batch [0/26]
 Dt Loss: 0.0279
 
2024-11-22 12:00:27,662 - INFO - Epoch [46/100], Batch [10/26]
 Dt Loss: 0.0276
 
2024-11-22 12:00:41,568 - INFO - Epoch [46/100], Batch [20/26]
 Dt Loss: 0.0276
 
2024-11-22 12:00:50,010 - INFO - Epoch [46/100] completed. Average Action Loss: 0.0273
2024-11-22 12:00:50,010 - INFO - ===================================================================================
2024-11-22 12:01:23,126 - INFO - Epoch [46/100]
 Validation Loss: 0.0248 
 
2024-11-22 12:01:23,126 - INFO - ===================================================================================
2024-11-22 12:01:23,127 - INFO - Completed in 2h 9m
2024-11-22 12:04:19,404 - INFO - 46 Test Returns: 57.4
2024-11-22 12:04:29,121 - INFO - Epoch [47/100], Batch [0/26]
 Dt Loss: 0.0267
 
2024-11-22 12:04:43,064 - INFO - Epoch [47/100], Batch [10/26]
 Dt Loss: 0.0273
 
2024-11-22 12:04:57,669 - INFO - Epoch [47/100], Batch [20/26]
 Dt Loss: 0.0271
 
2024-11-22 12:05:06,237 - INFO - Epoch [47/100] completed. Average Action Loss: 0.0271
2024-11-22 12:05:06,238 - INFO - ===================================================================================
2024-11-22 12:05:36,728 - INFO - Epoch [47/100]
 Validation Loss: 0.0247 
 
2024-11-22 12:05:36,728 - INFO - ===================================================================================
2024-11-22 12:05:36,736 - INFO - Completed in 2h 13m
2024-11-22 12:05:46,481 - INFO - Epoch [48/100], Batch [0/26]
 Dt Loss: 0.0273
 
2024-11-22 12:06:00,333 - INFO - Epoch [48/100], Batch [10/26]
 Dt Loss: 0.0266
 
2024-11-22 12:06:15,504 - INFO - Epoch [48/100], Batch [20/26]
 Dt Loss: 0.0265
 
2024-11-22 12:06:23,795 - INFO - Epoch [48/100] completed. Average Action Loss: 0.0270
2024-11-22 12:06:23,795 - INFO - ===================================================================================
2024-11-22 12:06:55,172 - INFO - Epoch [48/100]
 Validation Loss: 0.0245 
 
2024-11-22 12:06:55,172 - INFO - ===================================================================================
2024-11-22 12:06:55,173 - INFO - Completed in 2h 15m
2024-11-22 12:09:53,263 - INFO - 48 Test Returns: 52.8
2024-11-22 12:10:02,967 - INFO - Epoch [49/100], Batch [0/26]
 Dt Loss: 0.0267
 
2024-11-22 12:10:17,250 - INFO - Epoch [49/100], Batch [10/26]
 Dt Loss: 0.0266
 
2024-11-22 12:10:32,179 - INFO - Epoch [49/100], Batch [20/26]
 Dt Loss: 0.0269
 
2024-11-22 12:10:40,908 - INFO - Epoch [49/100] completed. Average Action Loss: 0.0269
2024-11-22 12:10:40,908 - INFO - ===================================================================================
2024-11-22 12:11:11,964 - INFO - Epoch [49/100]
 Validation Loss: 0.0246 
 
2024-11-22 12:11:11,965 - INFO - ===================================================================================
2024-11-22 12:11:11,965 - INFO - Completed in 2h 19m
2024-11-22 12:11:23,743 - INFO - Epoch [50/100], Batch [0/26]
 Dt Loss: 0.0265
 
2024-11-22 12:11:37,572 - INFO - Epoch [50/100], Batch [10/26]
 Dt Loss: 0.0268
 
2024-11-22 12:11:51,873 - INFO - Epoch [50/100], Batch [20/26]
 Dt Loss: 0.0260
 
2024-11-22 12:12:00,372 - INFO - Epoch [50/100] completed. Average Action Loss: 0.0267
2024-11-22 12:12:00,373 - INFO - ===================================================================================
2024-11-22 12:12:31,850 - INFO - Epoch [50/100]
 Validation Loss: 0.0245 
 
2024-11-22 12:12:31,850 - INFO - ===================================================================================
2024-11-22 12:12:31,851 - INFO - Completed in 2h 20m
2024-11-22 12:15:25,329 - INFO - 50 Test Returns: 55.6
2024-11-22 12:15:35,334 - INFO - Epoch [51/100], Batch [0/26]
 Dt Loss: 0.0262
 
2024-11-22 12:15:49,556 - INFO - Epoch [51/100], Batch [10/26]
 Dt Loss: 0.0267
 
2024-11-22 12:16:03,516 - INFO - Epoch [51/100], Batch [20/26]
 Dt Loss: 0.0264
 
2024-11-22 12:16:11,851 - INFO - Epoch [51/100] completed. Average Action Loss: 0.0266
2024-11-22 12:16:11,852 - INFO - ===================================================================================
2024-11-22 12:16:44,120 - INFO - Epoch [51/100]
 Validation Loss: 0.0242 
 
2024-11-22 12:16:44,121 - INFO - ===================================================================================
2024-11-22 12:16:44,121 - INFO - Completed in 2h 24m
2024-11-22 12:16:53,725 - INFO - Epoch [52/100], Batch [0/26]
 Dt Loss: 0.0267
 
2024-11-22 12:17:08,593 - INFO - Epoch [52/100], Batch [10/26]
 Dt Loss: 0.0262
 
2024-11-22 12:17:22,893 - INFO - Epoch [52/100], Batch [20/26]
 Dt Loss: 0.0267
 
2024-11-22 12:17:31,254 - INFO - Epoch [52/100] completed. Average Action Loss: 0.0265
2024-11-22 12:17:31,254 - INFO - ===================================================================================
2024-11-22 12:18:02,794 - INFO - Epoch [52/100]
 Validation Loss: 0.0243 
 
2024-11-22 12:18:02,794 - INFO - ===================================================================================
2024-11-22 12:18:02,795 - INFO - Completed in 2h 26m
2024-11-22 12:20:57,874 - INFO - 52 Test Returns: 55.8
2024-11-22 12:21:07,503 - INFO - Epoch [53/100], Batch [0/26]
 Dt Loss: 0.0260
 
2024-11-22 12:21:21,255 - INFO - Epoch [53/100], Batch [10/26]
 Dt Loss: 0.0263
 
2024-11-22 12:21:35,832 - INFO - Epoch [53/100], Batch [20/26]
 Dt Loss: 0.0262
 
2024-11-22 12:21:44,161 - INFO - Epoch [53/100] completed. Average Action Loss: 0.0263
2024-11-22 12:21:44,161 - INFO - ===================================================================================
2024-11-22 12:22:15,608 - INFO - Epoch [53/100]
 Validation Loss: 0.0243 
 
2024-11-22 12:22:15,609 - INFO - ===================================================================================
2024-11-22 12:22:15,609 - INFO - Completed in 2h 30m
2024-11-22 12:22:25,620 - INFO - Epoch [54/100], Batch [0/26]
 Dt Loss: 0.0267
 
2024-11-22 12:22:39,707 - INFO - Epoch [54/100], Batch [10/26]
 Dt Loss: 0.0259
 
2024-11-22 12:22:53,450 - INFO - Epoch [54/100], Batch [20/26]
 Dt Loss: 0.0258
 
2024-11-22 12:23:03,122 - INFO - Epoch [54/100] completed. Average Action Loss: 0.0262
2024-11-22 12:23:03,122 - INFO - ===================================================================================
2024-11-22 12:23:36,312 - INFO - Epoch [54/100]
 Validation Loss: 0.0241 
 
2024-11-22 12:23:36,312 - INFO - ===================================================================================
2024-11-22 12:23:36,313 - INFO - Completed in 2h 31m
2024-11-22 12:26:31,487 - INFO - 54 Test Returns: 56.0
2024-11-22 12:26:42,827 - INFO - Epoch [55/100], Batch [0/26]
 Dt Loss: 0.0258
 
2024-11-22 12:26:56,736 - INFO - Epoch [55/100], Batch [10/26]
 Dt Loss: 0.0255
 
2024-11-22 12:27:10,222 - INFO - Epoch [55/100], Batch [20/26]
 Dt Loss: 0.0263
 
2024-11-22 12:27:18,521 - INFO - Epoch [55/100] completed. Average Action Loss: 0.0261
2024-11-22 12:27:18,521 - INFO - ===================================================================================
2024-11-22 12:27:52,030 - INFO - Epoch [55/100]
 Validation Loss: 0.0238 
 
2024-11-22 12:27:52,031 - INFO - ===================================================================================
2024-11-22 12:27:52,031 - INFO - Completed in 2h 36m
2024-11-22 12:28:03,175 - INFO - Epoch [56/100], Batch [0/26]
 Dt Loss: 0.0265
 
2024-11-22 12:28:16,783 - INFO - Epoch [56/100], Batch [10/26]
 Dt Loss: 0.0264
 
2024-11-22 12:28:30,146 - INFO - Epoch [56/100], Batch [20/26]
 Dt Loss: 0.0258
 
2024-11-22 12:28:38,332 - INFO - Epoch [56/100] completed. Average Action Loss: 0.0261
2024-11-22 12:28:38,333 - INFO - ===================================================================================
2024-11-22 12:29:11,348 - INFO - Epoch [56/100]
 Validation Loss: 0.0239 
 
2024-11-22 12:29:11,348 - INFO - ===================================================================================
2024-11-22 12:29:11,348 - INFO - Completed in 2h 37m
2024-11-22 12:31:59,697 - INFO - 56 Test Returns: 57.2
2024-11-22 12:32:10,681 - INFO - Epoch [57/100], Batch [0/26]
 Dt Loss: 0.0260
 
2024-11-22 12:32:24,434 - INFO - Epoch [57/100], Batch [10/26]
 Dt Loss: 0.0255
 
2024-11-22 12:32:37,898 - INFO - Epoch [57/100], Batch [20/26]
 Dt Loss: 0.0256
 
2024-11-22 12:32:46,755 - INFO - Epoch [57/100] completed. Average Action Loss: 0.0260
2024-11-22 12:32:46,756 - INFO - ===================================================================================
2024-11-22 12:33:19,902 - INFO - Epoch [57/100]
 Validation Loss: 0.0240 
 
2024-11-22 12:33:19,902 - INFO - ===================================================================================
2024-11-22 12:33:19,903 - INFO - Completed in 2h 41m
2024-11-22 12:33:31,077 - INFO - Epoch [58/100], Batch [0/26]
 Dt Loss: 0.0257
 
2024-11-22 12:33:44,640 - INFO - Epoch [58/100], Batch [10/26]
 Dt Loss: 0.0254
 
2024-11-22 12:33:57,878 - INFO - Epoch [58/100], Batch [20/26]
 Dt Loss: 0.0259
 
2024-11-22 12:34:06,096 - INFO - Epoch [58/100] completed. Average Action Loss: 0.0259
2024-11-22 12:34:06,096 - INFO - ===================================================================================
2024-11-22 12:34:39,767 - INFO - Epoch [58/100]
 Validation Loss: 0.0235 
 
2024-11-22 12:34:39,768 - INFO - ===================================================================================
2024-11-22 12:34:39,768 - INFO - Completed in 2h 42m
2024-11-22 12:37:31,380 - INFO - 58 Test Returns: 54.8
2024-11-22 12:37:42,531 - INFO - Epoch [59/100], Batch [0/26]
 Dt Loss: 0.0257
 
2024-11-22 12:37:56,320 - INFO - Epoch [59/100], Batch [10/26]
 Dt Loss: 0.0257
 
2024-11-22 12:38:09,865 - INFO - Epoch [59/100], Batch [20/26]
 Dt Loss: 0.0252
 
2024-11-22 12:38:17,938 - INFO - Epoch [59/100] completed. Average Action Loss: 0.0256
2024-11-22 12:38:17,938 - INFO - ===================================================================================
2024-11-22 12:38:51,449 - INFO - Epoch [59/100]
 Validation Loss: 0.0236 
 
2024-11-22 12:38:51,450 - INFO - ===================================================================================
2024-11-22 12:38:51,450 - INFO - Completed in 2h 47m
2024-11-22 12:39:02,642 - INFO - Epoch [60/100], Batch [0/26]
 Dt Loss: 0.0256
 
2024-11-22 12:39:16,604 - INFO - Epoch [60/100], Batch [10/26]
 Dt Loss: 0.0254
 
2024-11-22 12:39:30,159 - INFO - Epoch [60/100], Batch [20/26]
 Dt Loss: 0.0252
 
2024-11-22 12:39:38,275 - INFO - Epoch [60/100] completed. Average Action Loss: 0.0257
2024-11-22 12:39:38,276 - INFO - ===================================================================================
2024-11-22 12:40:11,144 - INFO - Epoch [60/100]
 Validation Loss: 0.0234 
 
2024-11-22 12:40:11,144 - INFO - ===================================================================================
2024-11-22 12:40:11,145 - INFO - Completed in 2h 48m
2024-11-22 12:43:00,350 - INFO - 60 Test Returns: 56.8
2024-11-22 12:43:11,905 - INFO - Epoch [61/100], Batch [0/26]
 Dt Loss: 0.0247
 
2024-11-22 12:43:25,790 - INFO - Epoch [61/100], Batch [10/26]
 Dt Loss: 0.0259
 
2024-11-22 12:43:38,991 - INFO - Epoch [61/100], Batch [20/26]
 Dt Loss: 0.0254
 
2024-11-22 12:43:47,183 - INFO - Epoch [61/100] completed. Average Action Loss: 0.0255
2024-11-22 12:43:47,183 - INFO - ===================================================================================
2024-11-22 12:44:20,709 - INFO - Epoch [61/100]
 Validation Loss: 0.0234 
 
2024-11-22 12:44:20,709 - INFO - ===================================================================================
2024-11-22 12:44:20,709 - INFO - Completed in 2h 52m
2024-11-22 12:44:31,892 - INFO - Epoch [62/100], Batch [0/26]
 Dt Loss: 0.0256
 
2024-11-22 12:44:45,403 - INFO - Epoch [62/100], Batch [10/26]
 Dt Loss: 0.0256
 
2024-11-22 12:44:58,778 - INFO - Epoch [62/100], Batch [20/26]
 Dt Loss: 0.0249
 
2024-11-22 12:45:07,101 - INFO - Epoch [62/100] completed. Average Action Loss: 0.0254
2024-11-22 12:45:07,101 - INFO - ===================================================================================
2024-11-22 12:45:40,315 - INFO - Epoch [62/100]
 Validation Loss: 0.0231 
 
2024-11-22 12:45:40,316 - INFO - ===================================================================================
2024-11-22 12:45:40,316 - INFO - Completed in 2h 53m
2024-11-22 12:48:33,137 - INFO - 62 Test Returns: 53.0
2024-11-22 12:48:44,615 - INFO - Epoch [63/100], Batch [0/26]
 Dt Loss: 0.0250
 
2024-11-22 12:48:58,405 - INFO - Epoch [63/100], Batch [10/26]
 Dt Loss: 0.0258
 
2024-11-22 12:49:12,424 - INFO - Epoch [63/100], Batch [20/26]
 Dt Loss: 0.0254
 
2024-11-22 12:49:20,684 - INFO - Epoch [63/100] completed. Average Action Loss: 0.0253
2024-11-22 12:49:20,685 - INFO - ===================================================================================
2024-11-22 12:49:53,957 - INFO - Epoch [63/100]
 Validation Loss: 0.0232 
 
2024-11-22 12:49:53,958 - INFO - ===================================================================================
2024-11-22 12:49:53,958 - INFO - Completed in 2h 58m
2024-11-22 12:50:05,792 - INFO - Epoch [64/100], Batch [0/26]
 Dt Loss: 0.0258
 
2024-11-22 12:50:20,943 - INFO - Epoch [64/100], Batch [10/26]
 Dt Loss: 0.0251
 
2024-11-22 12:50:34,777 - INFO - Epoch [64/100], Batch [20/26]
 Dt Loss: 0.0251
 
2024-11-22 12:50:43,227 - INFO - Epoch [64/100] completed. Average Action Loss: 0.0251
2024-11-22 12:50:43,227 - INFO - ===================================================================================
2024-11-22 12:51:16,685 - INFO - Epoch [64/100]
 Validation Loss: 0.0230 
 
2024-11-22 12:51:16,685 - INFO - ===================================================================================
2024-11-22 12:51:16,686 - INFO - Completed in 2h 59m
2024-11-22 12:54:08,964 - INFO - 64 Test Returns: 52.8
2024-11-22 12:54:20,306 - INFO - Epoch [65/100], Batch [0/26]
 Dt Loss: 0.0252
 
2024-11-22 12:54:33,819 - INFO - Epoch [65/100], Batch [10/26]
 Dt Loss: 0.0247
 
2024-11-22 12:54:47,053 - INFO - Epoch [65/100], Batch [20/26]
 Dt Loss: 0.0250
 
2024-11-22 12:54:55,560 - INFO - Epoch [65/100] completed. Average Action Loss: 0.0252
2024-11-22 12:54:55,560 - INFO - ===================================================================================
2024-11-22 12:55:28,790 - INFO - Epoch [65/100]
 Validation Loss: 0.0226 
 
2024-11-22 12:55:28,791 - INFO - ===================================================================================
2024-11-22 12:55:28,791 - INFO - Completed in 3h 3m
2024-11-22 12:55:39,985 - INFO - Epoch [66/100], Batch [0/26]
 Dt Loss: 0.0250
 
2024-11-22 12:55:53,603 - INFO - Epoch [66/100], Batch [10/26]
 Dt Loss: 0.0254
 
2024-11-22 12:56:06,852 - INFO - Epoch [66/100], Batch [20/26]
 Dt Loss: 0.0250
 
2024-11-22 12:56:15,085 - INFO - Epoch [66/100] completed. Average Action Loss: 0.0250
2024-11-22 12:56:15,085 - INFO - ===================================================================================
2024-11-22 12:56:49,752 - INFO - Epoch [66/100]
 Validation Loss: 0.0228 
 
2024-11-22 12:56:49,752 - INFO - ===================================================================================
2024-11-22 12:56:49,752 - INFO - Completed in 3h 5m
2024-11-22 12:59:43,530 - INFO - 66 Test Returns: 54.2
2024-11-22 12:59:55,477 - INFO - Epoch [67/100], Batch [0/26]
 Dt Loss: 0.0247
 
2024-11-22 13:00:09,379 - INFO - Epoch [67/100], Batch [10/26]
 Dt Loss: 0.0252
 
2024-11-22 13:00:22,697 - INFO - Epoch [67/100], Batch [20/26]
 Dt Loss: 0.0242
 
2024-11-22 13:00:30,963 - INFO - Epoch [67/100] completed. Average Action Loss: 0.0249
2024-11-22 13:00:30,964 - INFO - ===================================================================================
2024-11-22 13:01:04,235 - INFO - Epoch [67/100]
 Validation Loss: 0.0225 
 
2024-11-22 13:01:04,235 - INFO - ===================================================================================
2024-11-22 13:01:04,236 - INFO - Completed in 3h 9m
2024-11-22 13:01:15,841 - INFO - Epoch [68/100], Batch [0/26]
 Dt Loss: 0.0249
 
2024-11-22 13:01:30,021 - INFO - Epoch [68/100], Batch [10/26]
 Dt Loss: 0.0245
 
2024-11-22 13:01:43,224 - INFO - Epoch [68/100], Batch [20/26]
 Dt Loss: 0.0244
 
2024-11-22 13:01:51,596 - INFO - Epoch [68/100] completed. Average Action Loss: 0.0248
2024-11-22 13:01:51,596 - INFO - ===================================================================================
2024-11-22 13:02:25,006 - INFO - Epoch [68/100]
 Validation Loss: 0.0225 
 
2024-11-22 13:02:25,006 - INFO - ===================================================================================
2024-11-22 13:02:25,006 - INFO - Completed in 3h 10m
2024-11-22 13:05:10,947 - INFO - 68 Test Returns: 58.4
2024-11-22 13:05:22,451 - INFO - Epoch [69/100], Batch [0/26]
 Dt Loss: 0.0250
 
2024-11-22 13:05:35,971 - INFO - Epoch [69/100], Batch [10/26]
 Dt Loss: 0.0245
 
2024-11-22 13:05:49,204 - INFO - Epoch [69/100], Batch [20/26]
 Dt Loss: 0.0245
 
2024-11-22 13:05:57,661 - INFO - Epoch [69/100] completed. Average Action Loss: 0.0247
2024-11-22 13:05:57,662 - INFO - ===================================================================================
2024-11-22 13:06:31,775 - INFO - Epoch [69/100]
 Validation Loss: 0.0227 
 
2024-11-22 13:06:31,775 - INFO - ===================================================================================
2024-11-22 13:06:31,776 - INFO - Completed in 3h 14m
2024-11-22 13:06:43,286 - INFO - Epoch [70/100], Batch [0/26]
 Dt Loss: 0.0245
 
2024-11-22 13:06:58,059 - INFO - Epoch [70/100], Batch [10/26]
 Dt Loss: 0.0244
 
2024-11-22 13:07:12,634 - INFO - Epoch [70/100], Batch [20/26]
 Dt Loss: 0.0241
 
2024-11-22 13:07:21,569 - INFO - Epoch [70/100] completed. Average Action Loss: 0.0245
2024-11-22 13:07:21,569 - INFO - ===================================================================================
2024-11-22 13:07:56,377 - INFO - Epoch [70/100]
 Validation Loss: 0.0224 
 
2024-11-22 13:07:56,378 - INFO - ===================================================================================
2024-11-22 13:07:56,378 - INFO - Completed in 3h 16m
2024-11-22 13:10:46,205 - INFO - 70 Test Returns: 54.8
2024-11-22 13:10:57,722 - INFO - Epoch [71/100], Batch [0/26]
 Dt Loss: 0.0247
 
2024-11-22 13:11:11,722 - INFO - Epoch [71/100], Batch [10/26]
 Dt Loss: 0.0250
 
2024-11-22 13:11:25,713 - INFO - Epoch [71/100], Batch [20/26]
 Dt Loss: 0.0246
 
2024-11-22 13:11:34,022 - INFO - Epoch [71/100] completed. Average Action Loss: 0.0245
2024-11-22 13:11:34,022 - INFO - ===================================================================================
2024-11-22 13:12:07,956 - INFO - Epoch [71/100]
 Validation Loss: 0.0224 
 
2024-11-22 13:12:07,956 - INFO - ===================================================================================
2024-11-22 13:12:07,956 - INFO - Completed in 3h 20m
2024-11-22 13:12:19,487 - INFO - Epoch [72/100], Batch [0/26]
 Dt Loss: 0.0243
 
2024-11-22 13:12:33,109 - INFO - Epoch [72/100], Batch [10/26]
 Dt Loss: 0.0246
 
2024-11-22 13:12:46,269 - INFO - Epoch [72/100], Batch [20/26]
 Dt Loss: 0.0239
 
2024-11-22 13:12:54,592 - INFO - Epoch [72/100] completed. Average Action Loss: 0.0243
2024-11-22 13:12:54,593 - INFO - ===================================================================================
2024-11-22 13:13:28,585 - INFO - Epoch [72/100]
 Validation Loss: 0.0223 
 
2024-11-22 13:13:28,586 - INFO - ===================================================================================
2024-11-22 13:13:28,586 - INFO - Completed in 3h 21m
2024-11-22 13:16:21,569 - INFO - 72 Test Returns: 53.6
2024-11-22 13:16:33,518 - INFO - Epoch [73/100], Batch [0/26]
 Dt Loss: 0.0238
 
2024-11-22 13:16:46,994 - INFO - Epoch [73/100], Batch [10/26]
 Dt Loss: 0.0243
 
2024-11-22 13:17:00,319 - INFO - Epoch [73/100], Batch [20/26]
 Dt Loss: 0.0241
 
2024-11-22 13:17:08,631 - INFO - Epoch [73/100] completed. Average Action Loss: 0.0242
2024-11-22 13:17:08,635 - INFO - ===================================================================================
2024-11-22 13:17:41,350 - INFO - Epoch [73/100]
 Validation Loss: 0.0220 
 
2024-11-22 13:17:41,351 - INFO - ===================================================================================
2024-11-22 13:17:41,351 - INFO - Completed in 3h 25m
2024-11-22 13:17:52,863 - INFO - Epoch [74/100], Batch [0/26]
 Dt Loss: 0.0240
 
2024-11-22 13:18:06,525 - INFO - Epoch [74/100], Batch [10/26]
 Dt Loss: 0.0242
 
2024-11-22 13:18:19,923 - INFO - Epoch [74/100], Batch [20/26]
 Dt Loss: 0.0244
 
2024-11-22 13:18:28,248 - INFO - Epoch [74/100] completed. Average Action Loss: 0.0242
2024-11-22 13:18:28,248 - INFO - ===================================================================================
2024-11-22 13:19:02,483 - INFO - Epoch [74/100]
 Validation Loss: 0.0221 
 
2024-11-22 13:19:02,484 - INFO - ===================================================================================
2024-11-22 13:19:02,484 - INFO - Completed in 3h 27m
2024-11-22 13:21:55,616 - INFO - 74 Test Returns: 57.8
2024-11-22 13:22:07,050 - INFO - Epoch [75/100], Batch [0/26]
 Dt Loss: 0.0234
 
2024-11-22 13:22:20,621 - INFO - Epoch [75/100], Batch [10/26]
 Dt Loss: 0.0240
 
2024-11-22 13:22:33,843 - INFO - Epoch [75/100], Batch [20/26]
 Dt Loss: 0.0243
 
2024-11-22 13:22:42,226 - INFO - Epoch [75/100] completed. Average Action Loss: 0.0240
2024-11-22 13:22:42,227 - INFO - ===================================================================================
2024-11-22 13:23:16,199 - INFO - Epoch [75/100]
 Validation Loss: 0.0222 
 
2024-11-22 13:23:16,199 - INFO - ===================================================================================
2024-11-22 13:23:16,200 - INFO - Completed in 3h 31m
2024-11-22 13:23:27,715 - INFO - Epoch [76/100], Batch [0/26]
 Dt Loss: 0.0241
 
2024-11-22 13:23:42,578 - INFO - Epoch [76/100], Batch [10/26]
 Dt Loss: 0.0238
 
2024-11-22 13:23:56,184 - INFO - Epoch [76/100], Batch [20/26]
 Dt Loss: 0.0239
 
2024-11-22 13:24:04,570 - INFO - Epoch [76/100] completed. Average Action Loss: 0.0240
2024-11-22 13:24:04,570 - INFO - ===================================================================================
2024-11-22 13:24:38,474 - INFO - Epoch [76/100]
 Validation Loss: 0.0218 
 
2024-11-22 13:24:38,475 - INFO - ===================================================================================
2024-11-22 13:24:38,475 - INFO - Completed in 3h 32m
2024-11-22 13:27:25,541 - INFO - 76 Test Returns: 57.4
2024-11-22 13:27:37,070 - INFO - Epoch [77/100], Batch [0/26]
 Dt Loss: 0.0237
 
2024-11-22 13:27:50,473 - INFO - Epoch [77/100], Batch [10/26]
 Dt Loss: 0.0242
 
2024-11-22 13:28:03,654 - INFO - Epoch [77/100], Batch [20/26]
 Dt Loss: 0.0240
 
2024-11-22 13:28:11,666 - INFO - Epoch [77/100] completed. Average Action Loss: 0.0239
2024-11-22 13:28:11,666 - INFO - ===================================================================================
2024-11-22 13:28:47,013 - INFO - Epoch [77/100]
 Validation Loss: 0.0220 
 
2024-11-22 13:28:47,014 - INFO - ===================================================================================
2024-11-22 13:28:47,014 - INFO - Completed in 3h 36m
2024-11-22 13:28:58,366 - INFO - Epoch [78/100], Batch [0/26]
 Dt Loss: 0.0245
 
2024-11-22 13:29:11,909 - INFO - Epoch [78/100], Batch [10/26]
 Dt Loss: 0.0236
 
2024-11-22 13:29:25,178 - INFO - Epoch [78/100], Batch [20/26]
 Dt Loss: 0.0235
 
2024-11-22 13:29:33,369 - INFO - Epoch [78/100] completed. Average Action Loss: 0.0237
2024-11-22 13:29:33,369 - INFO - ===================================================================================
2024-11-22 13:30:07,579 - INFO - Epoch [78/100]
 Validation Loss: 0.0218 
 
2024-11-22 13:30:07,580 - INFO - ===================================================================================
2024-11-22 13:30:07,580 - INFO - Completed in 3h 38m
2024-11-22 13:32:56,868 - INFO - 78 Test Returns: 57.6
2024-11-22 13:33:08,490 - INFO - Epoch [79/100], Batch [0/26]
 Dt Loss: 0.0234
 
2024-11-22 13:33:22,036 - INFO - Epoch [79/100], Batch [10/26]
 Dt Loss: 0.0233
 
2024-11-22 13:33:35,823 - INFO - Epoch [79/100], Batch [20/26]
 Dt Loss: 0.0239
 
2024-11-22 13:33:44,183 - INFO - Epoch [79/100] completed. Average Action Loss: 0.0237
2024-11-22 13:33:44,184 - INFO - ===================================================================================
2024-11-22 13:34:17,267 - INFO - Epoch [79/100]
 Validation Loss: 0.0217 
 
2024-11-22 13:34:17,267 - INFO - ===================================================================================
2024-11-22 13:34:17,267 - INFO - Completed in 3h 42m
2024-11-22 13:34:28,364 - INFO - Epoch [80/100], Batch [0/26]
 Dt Loss: 0.0237
 
2024-11-22 13:34:41,899 - INFO - Epoch [80/100], Batch [10/26]
 Dt Loss: 0.0237
 
2024-11-22 13:34:55,084 - INFO - Epoch [80/100], Batch [20/26]
 Dt Loss: 0.0233
 
2024-11-22 13:35:03,387 - INFO - Epoch [80/100] completed. Average Action Loss: 0.0236
2024-11-22 13:35:03,387 - INFO - ===================================================================================
2024-11-22 13:35:37,466 - INFO - Epoch [80/100]
 Validation Loss: 0.0215 
 
2024-11-22 13:35:37,466 - INFO - ===================================================================================
2024-11-22 13:35:37,467 - INFO - Completed in 3h 43m
2024-11-22 13:38:22,984 - INFO - 80 Test Returns: 58.6
2024-11-22 13:38:34,350 - INFO - Epoch [81/100], Batch [0/26]
 Dt Loss: 0.0234
 
2024-11-22 13:38:48,061 - INFO - Epoch [81/100], Batch [10/26]
 Dt Loss: 0.0237
 
2024-11-22 13:39:01,424 - INFO - Epoch [81/100], Batch [20/26]
 Dt Loss: 0.0233
 
2024-11-22 13:39:09,862 - INFO - Epoch [81/100] completed. Average Action Loss: 0.0235
2024-11-22 13:39:09,863 - INFO - ===================================================================================
2024-11-22 13:39:43,150 - INFO - Epoch [81/100]
 Validation Loss: 0.0214 
 
2024-11-22 13:39:43,150 - INFO - ===================================================================================
2024-11-22 13:39:43,151 - INFO - Completed in 3h 47m
2024-11-22 13:39:54,721 - INFO - Epoch [82/100], Batch [0/26]
 Dt Loss: 0.0228
 
2024-11-22 13:40:08,339 - INFO - Epoch [82/100], Batch [10/26]
 Dt Loss: 0.0235
 
2024-11-22 13:40:21,624 - INFO - Epoch [82/100], Batch [20/26]
 Dt Loss: 0.0233
 
2024-11-22 13:40:29,873 - INFO - Epoch [82/100] completed. Average Action Loss: 0.0234
2024-11-22 13:40:29,873 - INFO - ===================================================================================
2024-11-22 13:41:03,711 - INFO - Epoch [82/100]
 Validation Loss: 0.0215 
 
2024-11-22 13:41:03,712 - INFO - ===================================================================================
2024-11-22 13:41:03,713 - INFO - Completed in 3h 49m
2024-11-22 13:43:52,457 - INFO - 82 Test Returns: 58.4
2024-11-22 13:44:04,050 - INFO - Epoch [83/100], Batch [0/26]
 Dt Loss: 0.0227
 
2024-11-22 13:44:17,525 - INFO - Epoch [83/100], Batch [10/26]
 Dt Loss: 0.0237
 
2024-11-22 13:44:30,798 - INFO - Epoch [83/100], Batch [20/26]
 Dt Loss: 0.0239
 
2024-11-22 13:44:38,975 - INFO - Epoch [83/100] completed. Average Action Loss: 0.0233
2024-11-22 13:44:38,975 - INFO - ===================================================================================
2024-11-22 13:45:12,606 - INFO - Epoch [83/100]
 Validation Loss: 0.0213 
 
2024-11-22 13:45:12,606 - INFO - ===================================================================================
2024-11-22 13:45:12,606 - INFO - Completed in 3h 53m
2024-11-22 13:45:24,265 - INFO - Epoch [84/100], Batch [0/26]
 Dt Loss: 0.0230
 
2024-11-22 13:45:37,817 - INFO - Epoch [84/100], Batch [10/26]
 Dt Loss: 0.0237
 
2024-11-22 13:45:51,026 - INFO - Epoch [84/100], Batch [20/26]
 Dt Loss: 0.0232
 
2024-11-22 13:45:59,295 - INFO - Epoch [84/100] completed. Average Action Loss: 0.0232
2024-11-22 13:45:59,295 - INFO - ===================================================================================
2024-11-22 13:46:33,145 - INFO - Epoch [84/100]
 Validation Loss: 0.0215 
 
2024-11-22 13:46:33,146 - INFO - ===================================================================================
2024-11-22 13:46:33,146 - INFO - Completed in 3h 54m
2024-11-22 13:49:27,077 - INFO - 84 Test Returns: 55.0
2024-11-22 13:49:38,477 - INFO - Epoch [85/100], Batch [0/26]
 Dt Loss: 0.0233
 
2024-11-22 13:49:51,952 - INFO - Epoch [85/100], Batch [10/26]
 Dt Loss: 0.0229
 
2024-11-22 13:50:05,043 - INFO - Epoch [85/100], Batch [20/26]
 Dt Loss: 0.0232
 
2024-11-22 13:50:13,212 - INFO - Epoch [85/100] completed. Average Action Loss: 0.0231
2024-11-22 13:50:13,212 - INFO - ===================================================================================
2024-11-22 13:50:47,476 - INFO - Epoch [85/100]
 Validation Loss: 0.0210 
 
2024-11-22 13:50:47,476 - INFO - ===================================================================================
2024-11-22 13:50:47,476 - INFO - Completed in 3h 58m
2024-11-22 13:50:58,981 - INFO - Epoch [86/100], Batch [0/26]
 Dt Loss: 0.0231
 
2024-11-22 13:51:12,420 - INFO - Epoch [86/100], Batch [10/26]
 Dt Loss: 0.0239
 
2024-11-22 13:51:25,476 - INFO - Epoch [86/100], Batch [20/26]
 Dt Loss: 0.0225
 
2024-11-22 13:51:33,673 - INFO - Epoch [86/100] completed. Average Action Loss: 0.0231
2024-11-22 13:51:33,673 - INFO - ===================================================================================
2024-11-22 13:52:07,133 - INFO - Epoch [86/100]
 Validation Loss: 0.0210 
 
2024-11-22 13:52:07,134 - INFO - ===================================================================================
2024-11-22 13:52:07,134 - INFO - Completed in 4h 0m
2024-11-22 13:55:00,119 - INFO - 86 Test Returns: 55.6
2024-11-22 13:55:11,825 - INFO - Epoch [87/100], Batch [0/26]
 Dt Loss: 0.0224
 
2024-11-22 13:55:25,463 - INFO - Epoch [87/100], Batch [10/26]
 Dt Loss: 0.0230
 
2024-11-22 13:55:38,676 - INFO - Epoch [87/100], Batch [20/26]
 Dt Loss: 0.0231
 
2024-11-22 13:55:47,020 - INFO - Epoch [87/100] completed. Average Action Loss: 0.0229
2024-11-22 13:55:47,020 - INFO - ===================================================================================
2024-11-22 13:56:20,531 - INFO - Epoch [87/100]
 Validation Loss: 0.0209 
 
2024-11-22 13:56:20,531 - INFO - ===================================================================================
2024-11-22 13:56:20,532 - INFO - Completed in 4h 4m
2024-11-22 13:56:32,093 - INFO - Epoch [88/100], Batch [0/26]
 Dt Loss: 0.0229
 
2024-11-22 13:56:45,751 - INFO - Epoch [88/100], Batch [10/26]
 Dt Loss: 0.0230
 
2024-11-22 13:56:59,241 - INFO - Epoch [88/100], Batch [20/26]
 Dt Loss: 0.0241
 
2024-11-22 13:57:07,575 - INFO - Epoch [88/100] completed. Average Action Loss: 0.0229
2024-11-22 13:57:07,576 - INFO - ===================================================================================
2024-11-22 13:57:41,143 - INFO - Epoch [88/100]
 Validation Loss: 0.0211 
 
2024-11-22 13:57:41,144 - INFO - ===================================================================================
2024-11-22 13:57:41,144 - INFO - Completed in 4h 5m
2024-11-22 14:00:32,732 - INFO - 88 Test Returns: 58.4
2024-11-22 14:00:44,286 - INFO - Epoch [89/100], Batch [0/26]
 Dt Loss: 0.0228
 
2024-11-22 14:00:57,742 - INFO - Epoch [89/100], Batch [10/26]
 Dt Loss: 0.0231
 
2024-11-22 14:01:10,902 - INFO - Epoch [89/100], Batch [20/26]
 Dt Loss: 0.0232
 
2024-11-22 14:01:19,129 - INFO - Epoch [89/100] completed. Average Action Loss: 0.0228
2024-11-22 14:01:19,129 - INFO - ===================================================================================
2024-11-22 14:01:54,542 - INFO - Epoch [89/100]
 Validation Loss: 0.0206 
 
2024-11-22 14:01:54,543 - INFO - ===================================================================================
2024-11-22 14:01:54,543 - INFO - Completed in 4h 10m
2024-11-22 14:02:05,913 - INFO - Epoch [90/100], Batch [0/26]
 Dt Loss: 0.0230
 
2024-11-22 14:02:19,513 - INFO - Epoch [90/100], Batch [10/26]
 Dt Loss: 0.0226
 
2024-11-22 14:02:32,567 - INFO - Epoch [90/100], Batch [20/26]
 Dt Loss: 0.0225
 
2024-11-22 14:02:40,756 - INFO - Epoch [90/100] completed. Average Action Loss: 0.0227
2024-11-22 14:02:40,756 - INFO - ===================================================================================
2024-11-22 14:03:15,461 - INFO - Epoch [90/100]
 Validation Loss: 0.0207 
 
2024-11-22 14:03:15,462 - INFO - ===================================================================================
2024-11-22 14:03:15,462 - INFO - Completed in 4h 11m
2024-11-22 14:06:03,778 - INFO - 90 Test Returns: 58.2
2024-11-22 14:06:15,238 - INFO - Epoch [91/100], Batch [0/26]
 Dt Loss: 0.0224
 
2024-11-22 14:06:28,744 - INFO - Epoch [91/100], Batch [10/26]
 Dt Loss: 0.0229
 
2024-11-22 14:06:41,874 - INFO - Epoch [91/100], Batch [20/26]
 Dt Loss: 0.0225
 
2024-11-22 14:06:50,020 - INFO - Epoch [91/100] completed. Average Action Loss: 0.0227
2024-11-22 14:06:50,020 - INFO - ===================================================================================
2024-11-22 14:07:24,048 - INFO - Epoch [91/100]
 Validation Loss: 0.0204 
 
2024-11-22 14:07:24,048 - INFO - ===================================================================================
2024-11-22 14:07:24,049 - INFO - Completed in 4h 15m
2024-11-22 14:07:35,342 - INFO - Epoch [92/100], Batch [0/26]
 Dt Loss: 0.0222
 
2024-11-22 14:07:48,839 - INFO - Epoch [92/100], Batch [10/26]
 Dt Loss: 0.0225
 
2024-11-22 14:08:02,135 - INFO - Epoch [92/100], Batch [20/26]
 Dt Loss: 0.0224
 
2024-11-22 14:08:10,584 - INFO - Epoch [92/100] completed. Average Action Loss: 0.0225
2024-11-22 14:08:10,584 - INFO - ===================================================================================
2024-11-22 14:08:44,801 - INFO - Epoch [92/100]
 Validation Loss: 0.0206 
 
2024-11-22 14:08:44,802 - INFO - ===================================================================================
2024-11-22 14:08:44,802 - INFO - Completed in 4h 16m
2024-11-22 14:11:37,184 - INFO - 92 Test Returns: 59.6
2024-11-22 14:11:48,909 - INFO - Epoch [93/100], Batch [0/26]
 Dt Loss: 0.0229
 
2024-11-22 14:12:02,420 - INFO - Epoch [93/100], Batch [10/26]
 Dt Loss: 0.0221
 
2024-11-22 14:12:15,636 - INFO - Epoch [93/100], Batch [20/26]
 Dt Loss: 0.0230
 
2024-11-22 14:12:23,760 - INFO - Epoch [93/100] completed. Average Action Loss: 0.0225
2024-11-22 14:12:23,761 - INFO - ===================================================================================
2024-11-22 14:12:57,360 - INFO - Epoch [93/100]
 Validation Loss: 0.0204 
 
2024-11-22 14:12:57,361 - INFO - ===================================================================================
2024-11-22 14:12:57,361 - INFO - Completed in 4h 21m
2024-11-22 14:13:08,998 - INFO - Epoch [94/100], Batch [0/26]
 Dt Loss: 0.0224
 
2024-11-22 14:13:22,460 - INFO - Epoch [94/100], Batch [10/26]
 Dt Loss: 0.0225
 
2024-11-22 14:13:35,691 - INFO - Epoch [94/100], Batch [20/26]
 Dt Loss: 0.0225
 
2024-11-22 14:13:43,886 - INFO - Epoch [94/100] completed. Average Action Loss: 0.0224
2024-11-22 14:13:43,887 - INFO - ===================================================================================
2024-11-22 14:14:16,907 - INFO - Epoch [94/100]
 Validation Loss: 0.0204 
 
2024-11-22 14:14:16,907 - INFO - ===================================================================================
2024-11-22 14:14:16,907 - INFO - Completed in 4h 22m
2024-11-22 14:17:06,502 - INFO - 94 Test Returns: 58.4
2024-11-22 14:17:18,154 - INFO - Epoch [95/100], Batch [0/26]
 Dt Loss: 0.0221
 
2024-11-22 14:17:31,590 - INFO - Epoch [95/100], Batch [10/26]
 Dt Loss: 0.0221
 
2024-11-22 14:17:44,720 - INFO - Epoch [95/100], Batch [20/26]
 Dt Loss: 0.0214
 
2024-11-22 14:17:52,946 - INFO - Epoch [95/100] completed. Average Action Loss: 0.0222
2024-11-22 14:17:52,947 - INFO - ===================================================================================
2024-11-22 14:18:25,844 - INFO - Epoch [95/100]
 Validation Loss: 0.0202 
 
2024-11-22 14:18:25,844 - INFO - ===================================================================================
2024-11-22 14:18:25,845 - INFO - Completed in 4h 26m
2024-11-22 14:18:37,359 - INFO - Epoch [96/100], Batch [0/26]
 Dt Loss: 0.0223
 
2024-11-22 14:18:51,004 - INFO - Epoch [96/100], Batch [10/26]
 Dt Loss: 0.0222
 
2024-11-22 14:19:04,286 - INFO - Epoch [96/100], Batch [20/26]
 Dt Loss: 0.0220
 
2024-11-22 14:19:12,611 - INFO - Epoch [96/100] completed. Average Action Loss: 0.0223
2024-11-22 14:19:12,611 - INFO - ===================================================================================
2024-11-22 14:19:45,176 - INFO - Epoch [96/100]
 Validation Loss: 0.0202 
 
2024-11-22 14:19:45,176 - INFO - ===================================================================================
2024-11-22 14:19:45,187 - INFO - Completed in 4h 27m
2024-11-22 14:22:40,478 - INFO - 96 Test Returns: 55.6
2024-11-22 14:22:51,979 - INFO - Epoch [97/100], Batch [0/26]
 Dt Loss: 0.0223
 
2024-11-22 14:23:05,636 - INFO - Epoch [97/100], Batch [10/26]
 Dt Loss: 0.0220
 
2024-11-22 14:23:18,763 - INFO - Epoch [97/100], Batch [20/26]
 Dt Loss: 0.0227
 
2024-11-22 14:23:27,211 - INFO - Epoch [97/100] completed. Average Action Loss: 0.0221
2024-11-22 14:23:27,211 - INFO - ===================================================================================
2024-11-22 14:24:00,183 - INFO - Epoch [97/100]
 Validation Loss: 0.0202 
 
2024-11-22 14:24:00,184 - INFO - ===================================================================================
2024-11-22 14:24:00,184 - INFO - Completed in 4h 32m
2024-11-22 14:24:11,676 - INFO - Epoch [98/100], Batch [0/26]
 Dt Loss: 0.0221
 
2024-11-22 14:24:25,333 - INFO - Epoch [98/100], Batch [10/26]
 Dt Loss: 0.0217
 
2024-11-22 14:24:38,503 - INFO - Epoch [98/100], Batch [20/26]
 Dt Loss: 0.0216
 
2024-11-22 14:24:46,772 - INFO - Epoch [98/100] completed. Average Action Loss: 0.0220
2024-11-22 14:24:46,772 - INFO - ===================================================================================
2024-11-22 14:25:20,447 - INFO - Epoch [98/100]
 Validation Loss: 0.0202 
 
2024-11-22 14:25:20,447 - INFO - ===================================================================================
2024-11-22 14:25:20,448 - INFO - Completed in 4h 33m
2024-11-22 14:28:11,873 - INFO - 98 Test Returns: 59.2
2024-11-22 14:28:23,569 - INFO - Epoch [99/100], Batch [0/26]
 Dt Loss: 0.0218
 
2024-11-22 14:28:37,054 - INFO - Epoch [99/100], Batch [10/26]
 Dt Loss: 0.0220
 
2024-11-22 14:28:50,235 - INFO - Epoch [99/100], Batch [20/26]
 Dt Loss: 0.0214
 
2024-11-22 14:28:59,646 - INFO - Epoch [99/100] completed. Average Action Loss: 0.0219
2024-11-22 14:28:59,647 - INFO - ===================================================================================
2024-11-22 14:29:33,719 - INFO - Epoch [99/100]
 Validation Loss: 0.0200 
 
2024-11-22 14:29:33,720 - INFO - ===================================================================================
2024-11-22 14:29:33,720 - INFO - Completed in 4h 37m
2024-11-22 14:29:45,334 - INFO - Epoch [100/100], Batch [0/26]
 Dt Loss: 0.0219
 
2024-11-22 14:29:58,848 - INFO - Epoch [100/100], Batch [10/26]
 Dt Loss: 0.0226
 
2024-11-22 14:30:12,785 - INFO - Epoch [100/100], Batch [20/26]
 Dt Loss: 0.0217
 
2024-11-22 14:30:21,151 - INFO - Epoch [100/100] completed. Average Action Loss: 0.0218
2024-11-22 14:30:21,151 - INFO - ===================================================================================
2024-11-22 14:30:54,966 - INFO - Epoch [100/100]
 Validation Loss: 0.0199 
 
2024-11-22 14:30:54,967 - INFO - ===================================================================================
2024-11-22 14:30:54,967 - INFO - Completed in 4h 39m
2024-11-22 14:33:45,588 - INFO - 100 Test Returns: 55.4
2024-11-22 14:33:45,752 - INFO - Training completed.
